cnumpy.random
__RandomState_ctor
p1
(tRp2
(S'MT19937'
p3
cnumpy.core.multiarray
_reconstruct
p4
(cnumpy
ndarray
p5
(I0
tS'b'
tRp6
(I1
(I624
tcnumpy
dtype
p7
(S'u4'
I0
I1
tRp8
(I3
S'<'
NNNI-1
I-1
I0
tbI00
S'\xc6\xbf\x1c\xe9\x01\x03\xb9\xc4@N\xfa\xc0\xee\xa0\xe25\xb5\x05\xda\xd1\xf6$\x89d\x96\r\x90\x82\x98&\xc6\xb1\x91\x1cx\xdaG\x19\xf1-\xe4\xe9\xdaF\xa6\xe4L\xd9?\'\x9d\xa6\xbf\xb0w\x08\xf8 \x986\x98*U@\x99\xb3\xe1\x92+\xc8f&\xbc\x0b\x11^e\xc1\xa5o2\x84U\xba\xbc\xcb\xa5t\\e\xdf\xcc\xe8\x83\xe9@R-\x95\x12\x04\xb1I\xbemj\xf69\xaf5\xa1\x83{\x13\x80\x11\x16\x02R\x9b\xedOD\xefI\xa2q\xf4\xef\xff6\xbc\n]%\xba"\xf2\xf9\xc2\x92\xefp\x862V\x16\xc5`\xfe\xd3\xa6\xc0\xc6\xa4\xc9eo\xecEC5l\x7f\xf1/\\;i\xca\x7f\x8b\x9f\x08\x81Z\x89i\xbcy\xd3\x12J\xc9\xb0V\x16\xe9\xc1\xff\x93\x98\xa1\xc8T\xeb\x10\x8cL\xfbz\x94\x0f)\x11\x00$;\x99\xfa\xa6\x8a\'+%\xc5\xb3}\xd3\xd1j\xe5"h\xf7\xfc\x0b\x1b\xf0\xbe\x17\xb8\xf8\x0ck$\xe2\xdb\xd6s\x0ez\x18\xdb*U\x03]\x8a$--H\x12\xa6\xef#J|\x9b\xad\xe7\x9dt\xa2\x01\xb9\x8f\xe5\xb0z\x98*\x82.a$\x1fT\xb0\x05\xdbc\xe3\x03q\x91{\x8e\x02(;\x88c\x9c\xe5\xd8\xe2\x05\x8e\xfc\xa4\xca\xda\xb2\x96\xc4\xae\x01</\x12\x03\xe3\xc3!\xb5\xbe\xb0L\xe4\x1e\xb7\xab\x8a 8\x1a\xd2p\xd3\xdc\xe9Nl\xdd\xc6\xf8S\xba\x8c\x95\x84\xa2\xaah9i\x94%\x8c\xe8@,o\xa0\xebS-\xfe\xcd\x01\x1ffPC\x97B\x8a\x8c\x99\xeb\xbd\xaa\x1a4\xe4/ik\x9cc\x82\x11\xfd\xbf\xcc71\x81v&G\xbc\xa8\xab6\xd8;\xc7jN0\x80\x95\xf1v\x02\n\xc0\x97\x10\xf3\xbb\xaf\x95&r\xe87)\x8b\xe0\x8c\x01Z_8\x9c\xf6i\x9dh_\xb0\x92\x05\xe9\x17x\xec\xdc\x92He:M\x01\xc5G\xb3o\x1a\xc4q\x9d\xb6\xed\x1b?\x83*\x19`\xab\xd4\xb5\x94/\xe7\xb52m\x81I;\x01\xb9\x86s\x9ep\x91\xdd\xd7E.\xfcU\xe9R!g\xd9{\x84z\xba\x12,\t\xb8\xa8\xb3\xd5\xee\x8b\xf0\xb8h\x88\x11_\xc7\xdf\xda)\xa1vK\x83\x1d`$\xbe7f\xa6V\xc2\xb3\xa0\x97hN_\xbaGQ\xae\xaa\xdb\xdcQ\xb4\x98\r\xb6;4\xb4_\xcd\xa9\x11\x99\x8c\x7f2SH0\t;>+\xe2c\x05\xd0t`\xbf\xc8K\xdc\x0b\xb2\x85^\xc6#M\n\xa3\xef\x83\x96x\xbb\xe5\x17\xe4\x1bGq\x1c/Rk\xef\x06}+\xd6\xdbVr\xc1\x9ca\xd2\xe3\xc2\x81]\xb5d0\xb5\xdd\x1c\xba\xa6\xab\x170\x9c\xbf\xf4\xb0\x0c\x89\xd4\x94\x1a?Q\xa8F\x1fZ,T:\xf3\x92\x9ca\xfc\xae\xc05\xddbZ\x9d\xf2bC\x19\x99\xd1\x04W\x17\xc1\xa6Q,\x83 \x99@K)\xfb*\r\xd3\xe0\xd0\x82\xdfUR\xc8\x16S\xd7\x83V\n/\x8cM\xca\xdc[\x15\xde\xde\x86\xaa\xb3\x991\x12\xe8\xfc;\xf3\x05\xe5\x88{\x97\xc4\x13\x96\xaa`z\xc55\x17r\xba\x1c\xb9\xde\x87\x9f\x16P\x02\x9b;\xbe;\xdecD6R\xda;\xa3\x82\x19~\xb3\x8d\xd9\x9e?\xd9\x1a\x07\xea\xf9\xa4\xbc\xc8\x98\xe5Y\xe8\x9a)\x8b\xfe(\x8a\xa4\xdb\xa3\x9a\x9d\x98\xc4\x17r\xea\xeeE\xb3\xf3\x13\x91\xeaX\x80\xa8G@\x05\x06\xa0\xc3\x98\xc0\x86\xcc\xe5\x83\x94\xa3)(\x87\x81\xa2l5\x8b\xc9\x18\xeb\xd5\n9\xbe\x8dn\x0f\xb3\xcf\x1d\xd0\x06\xcd\x1d\x1as\xfa\xc6$\x00\'6\xe8\xd7R\xee^\xdeT\r(\xce2\xd5\xc9\x86\xf2\x16\x9c.\x97\xff\x19\x1aW3*sM\x1fp\xb6\xbd\xe6\xea\x18^X!\xbbC\xab\xba\x84Y\xa8\xb8\x12\xe7\xc0b:\xb5\n\xfe\x98x\xcfF\xce\x18O\xbdi\xda\x1d\x96\x9f$\xae\xed\xe3H1S\x87\x1e<\x88\xcb\xb3\x96\x8a\xf1;~\xdbS\xea\xfcg\xbc\xd4\xea\xceH\xf7\xae\xb91\x8eDZ\xc4PQc\xb4\xe4\x8dx;\x0c\xcd\x8dt\xe9\x7f\xef\xe22q4\xce<\r(GF\x7f\xdeb\xaa\xbd\x1f%Zy\x0b\xdb\xcfg\xd7m6\x9e\xe8\xf30T\xfbL\xe7\xde\xf7\x12\xfdw\xbf\xad2C\x1a \x8d\xf0\x94\x88F[\x82+\xcb\x99\xea\xd8m\x8c\x97\xccg\xec\xf1\x17+S\xd6\n\xd6P\x1f\xddhO\xde\x9b\xf55|\x17\xda_\xa6\t\x0e\xaek\xd1<J\x9e\x93\x102\xfc?r\xb05e\x00\xaa\xc5\xd1&v\x1a\xf6h\x1d\x1bg\x84\xb0\x80M\xfb\xb9\x15\xee\xe6dD\x19\xdd\xaf\xf6d\xa3\x89\x05|\xf4XE\x0bj\xe3\xc7\x05\x94d(&{UT\x94\xad&\x85\x82\xa0\xf4P\xeco\xfc\xee\xc4\xa6\x82\xd2\xee\xdbq\x13iOI}\x88z\x98\xe5\xc4n\x87\x02\xe4\x1d\xceOR\xe6\xe0\x96\xb0\x85\xa7\xf3\xcflZ\x0f\x12\x98xR\xc8\xf9\x85\x8ci]K\xc5\xe5@\xc1p\xf0\x7f\x1c\xadp\xdcS\xb7\xfe\xc1\xd9\xe0\xa3\xa3k\xbf\xaf\xd2x\xc4\xf5C\x95\x89\x9a\x07\x1c\xb2\xe2[F\xbbs\xcd\x1b\xf9\xba\xe0\x8d\x902\x9b?T\x15\x10\x9em\x8c@\x17gl\xa54>\x85\xa2`\xe90\xe9j%\xae\xec\\8\xd5\xb7\x96Ic_\x00\xd9(\x14\x12D\xd3\xf3\xe2\x8ag\xd3\xfb\t\x0b\xaa\x8dM\xc8\x9b\'\t\xd3R\xbb\x883N}\xc1\xab\xcbtoK\xc4\xecs\x1d\xb3\xd4)W5\x13\xe7\x99qD\xe1\xaf\x8cv\x8e\xac\xe8\xba\xf0\x1b\'\x90e\xd7 \x9b\xde\xb9\x81\x88\xde}0\xe06\x17\x00U\x80v\x0f\xa6k\x01\xc6J=\xc0\x94\xdc\xf0\r\xd9\x9a,\xac\xe60\x8e@\xf8Z\x91r4\xb8\xc5\xc0\x0b\xf1\xf5-\xd8\x0eX!\xa8\x07T\xa3\x93\x89\xf0\xca`\xd1\xb8)\xfev\xa7\xef\x1c\xedR\xa5\x0f\xed\xb6\xf6\xe4sRV\x1709T\xc5\xa1)<6\xf6?L\x16\x01]\x1cj\xd2\xca\x82\xf3\xda\xd2#\xb4\ty\x86\xb0\'\x03`\xe9\xc45Q\xc6qk]M\xb9J\xdd\x04G\x8fTE_-J\x9a@\x87W\xa4\xbf\xb1\xd0\xdc\xa5\x8ejQQX\x93\xdbZ\xe8v\xee\x88V\xee\x81\x10\xe4\x94\x94uEI\xbdW\x9b[B\x89\xa1hd3\xbfo\xdc\xca\x9e=\xdc\xa3T\x91Uj\xe5\x96\xd3\x8e\x98\xb3\t\xae\xa5\xa3$\xf0\xdd\xa3\x80\xc0\xb0\x8c@=\n\xc8\xa7J\xb0\xfbr\x8e\xad\xf1\xa5\x83\xf0k\xce\x97R\x99\x15\x94\xd9e\xe6\x14\x05@Gi\x06\x15\xfd\xe7k\xf0}\x88\xf1\xa0\xef U\xeb\xe9\xd7\x06a \xeb\xe0\xb11\x88\xb2\xd9F\xae\xd9Y\x15\xaf\xd5\xfd\x85Ta2\x8e\xd0\xc1\x11\xfe\xc1\xa8\xe9(\xaa\xe1\xc9\xd1\x0f\xecr\xeb5\xf4\x17#\x84\xbb`o\xd8\xf6\xe6o\x94t\xc0\x823\x87\x1eD\xf3-\xdd\xe2\x94\x1ex\xebWs;B.\x0eo\xce\xa6iDF<\x9d2\xfblo&\x99T\x13\xed\xd2\xd2QF\xb6\xdc\xb4G\xaa\xd5*1Q\x1fM\x8a.\xd6\xfaB9\xd5\xce,\x1cVP\x11\ns\xe6\x96A\xdb\x92\xa1\'\xe1\xce\x84\xf6\xdbO<\x18\xe0~e5"\x11\x90\x11\xab\x8f\x1a\x1bnW\x9ft\x1c6L\x9eGAWi\x00\xff\xf8K\x94\xec\xe6\x1er\x1fb\xe0\xfee\xb3\x04\xff\xb3\x92/Gd\xbf\xe5\x84\xb4\x92\x9f\xa1\\\x16\xbe)n8_wV\x08t#\xd1\'\xef\x90\xf7!\xa2\xd20\xe3\xfc$\xaa[j)n\x02b\xd5I\xe9\x1apX<[\xd6\xef)\x01\xf5_j\nw\xf3\xa7\xd3Gg\x05\xc1\xf0\xbe\x00 yZ\xd2\xe9\x88fa<g\xed[f\xd8\xcce\xc1\xf8[\xa6\x0f\x93\x92[\xbd\x87\xf8\'\xa2V\x07\x0c\xa9>Q-6\xdd\xb1\xd6Rr\\\xa9\xe4\xa62\xba\xe3\x85\xee\xe3N\x8d\xc8\\\xe18\xa5\n\xb9\xa8k\x9e\xbc=|P=k\x17e\xe7\xc1~<\x87\x124\xb9;y%\x8aM\xe6kC1\xe4{\x04\x88F<\xb3\xc9O\xd5\x93\x85\xde\xfe"\x11\xb5\x90B\xb0\x80\x11\x95fTKN\x13\xc3^\xc7\xa1\x9cjZ"\xa4)\x88\x9a\xf8\xad@\x15N\xed\xafO\x9c\xab!mA\x04\x88e\xa5\x9c\xfe\x1ce\x91\x0f\x15a;lR\xfb\xf4\x80\xf1\xfd\xa3\xe4)\x9a\xca\xd9\xd1\x0bS\xd3kx\xb2\xfb\xebzc\x0c\x07\x97\x94a\x9b#\x08\x97!\xca \xc8\xe0C\xa7\xb6\x0c\xe67\xf7\xaf\xe5\x06\xc55\x14X\xc1^Ln\xca\x14x\xfb"D\x06\x06\x88\x92\xb0\x1b\x9f=\x13!\xbf,\xf24vx\x9b*X\x01\x8b\x8c*\xa2\x8e\xe8\xd5\x147_i\xca\xd51\xf0+\xdd_\x1dU\x87\x92p\xbdc\xfc\xc5,\xdfW\xb6W\xc5\xcc \xd7\xd6\xfeJ?\x91\xa6?\x7f"\xd1M\x05AM\xbdq\xa4\x19\xe7\xce\x93\'(<\r\x0b\xaa\x9a\xb0V\xfb\xa2\xdcO\x0et.\x1bZ\x99,q\xd1\xa3w\x9a?\xf6^*\xd2C\xc7\xd8\x8a\xb0\x16,\x94\x080\xf4I\xf4^Zu\xe2\xdc}b2\xb4\xc8E\xd0\xf6\x9fD\xc9v\x04eL\xa5\x1a\x04#\xd8o\xd1\xb5\xe5\x10\xa7\x89\x0e>\xc6 2F\x15\xd3\xc8X\x14_\xccK\x8b\xcd\xe1\xd3\xb9\xb6r\xd3mx\xeb \xcbF\xef\xd3\x02\xf0\x13l\xa9\xce\xb3\xb1\x9bz\xac{\xf7\t\x02\x93\x91$&1c\x10\xbf\xdf\xfd\xd4[PY;}\xb6\xc8\xd7q\x02k\x86f`\xf2\xbbui\x1bM\xc8\x0b\x8fi\xb9\xf4)u_t\xfb&\xec\x94\xdb\xd51\x84J\xf5!\x9e\xc2h\xd8\xf2\xb5\x90\xa3\x9d%}P\x16\x96\xf2IL4\xbc\xa0\xe4\x01\x93U\x94\n\xd6}\x8b\xa4*\xf7\x81G}\xc8\xefJ`\xa8\x10\xcd:\xe1\x94\xfdEx\xaa$\xc6\x8b]\xfd\xa8\x95\x91\xcf\xef\xeap\x04\xbcG?\xf8\xdf\xb3\xdf[\xfd\x1c\xf90\xfa{\xe7\xef\x16\x8e\x0f\xa6\xcc\xdb_\n\xefK-\x83]\xe8JB\x91}\xa8\xef\xf3\x07\x89\xaeb\xb3\xe9\xea\xcd\xb9\xf1\xd9\x1fD\x85\x15\t\x1c\x83X\xd1\x95`\xa0\xb72!\xb2\x82G\x82\xac\xfa\x7f/\xfd\x96\xebN+\xbbaw-\x97\xe5O\xcd\xd1\xc5\x7f\xd8\xa7JyX\xeb\xc0J]7c\xc1~\xe7\xfd\xd9\xfcE&\x97\x8f(CS\xea\x17p\xa2\x84\x88xy\xf7!\xe6\xac\'\xc2a\xd0\tH\xf3\x0b\x00\x80\x11?\xf3"\xd5\xd8\x1c\xfaD\xf9\x0e\xad\xe7\xabW\xb8\xda\x9c\xed\'\xf3Ji\xb9\x04%q\x81\xa6J\xd4\x1b'
tbI624
I0
F0
tb.