cnumpy.random
__RandomState_ctor
p1
(tRp2
(S'MT19937'
p3
cnumpy.core.multiarray
_reconstruct
p4
(cnumpy
ndarray
p5
(I0
tS'b'
tRp6
(I1
(I624
tcnumpy
dtype
p7
(S'u4'
I0
I1
tRp8
(I3
S'<'
NNNI-1
I-1
I0
tbI00
S'pB_\xd7\x83\x7f+\xd6\xc35u\xb5\x87\xbfr\xfe\xdc#\xb4\xb1\xfa\xa85\xed\xc1)\r4\x04\x86!_}6\xea\xe9r\xd7Z\xc5jZ\x10\x81\xe3E"\x9e\xa0\x005\x9ak\xcd\xdce\x9a\xbf\x17\x06\xd3\x90\xcb\xb4Q{5\xa6\xdcx\x94\xfe3\xa6\x93\x9ce\xc5\xc8\xa9\x15\xccE\x9b-\x01+\xbf\x1b#\x0f\x03\x9bl\x11\xf6\xd3Y\xd9_\x1e7\xfc\x0c+-\xc1[B`h\x93<\x06\xaf\x94\x14\xfc\xc4\x7f\xa7\xe1~\xc3\xe4\x8c\xef\x1aN\x1c\xfe\x9e\x82\xb3\xc1l\x91\xebL\xe1\xa2\xb7l3\xc4\x86l\x06\xbe%`\x88qO\xed~\x83\x17kn\x041\xc0\x9f\xcc\xa1\x84\x0bAB\x10\x9f+\xefU\x84\\\xf6\x95\xd1u\x05\x01]\xc2\x03\x98\r\xd1\xa2n\xb1\xa1\xeb\x88 ~`\xf0\x17\x92\xad\xf7,\xd2$\x01\xff\xd3\xd7\xa8\x05j\x86\xfb\x91\xc7\x1f\x90MO\x81\x02\xfb\xf3\xabh@x/\xfb\xba\x12\xdfR\x05\xc8\xc6\x15\xbc\xe42S%|V\xd4\xe8\x1f\xdc\x9f\x10\x1f\xed\x9f\xfb\xc5\xff\xa9}>r\xa4A\xac\xdd\n\x07\xec\xa6Hs\x96}F\xa1\n\xcf#\x85\xf7c\xe6\x17w\x16\xedb\xea\xdfK8f6N!6\xff}\x8bh1\x96o\xd9\x15\xc0]\xc6i=:\xaf\x1b\xb9\x02\xb2\xfe4\x18z\xa8>\xefe\xefr\xc48)+\x8eA6\xd8\x15\xb5\xa5\xdb\xfa\xd5\xd9\xac\xe1a\x98\xad\xad\x0fgX\xfe2\xff36h\xce\xf9\xa8\xb9\x9a\x82\xa5\x8a\x97\x0b/D\x02pd\x04\xe6\xfc]\x96\xeen\xb5q\x95\xdf\x1bbk`s#\x93*\xed\xc5W/e\x9bv\xe8\x1a\xf8\xe8\x17\'\x12\xe6\ryGpG0\xe9q\x96\x15\xd6\xeb\xe6\x1a\xdd\x1d\xd32\xe0\xfb\xce\x8cv\xc9M;\xfa \x92\xffR\x90\xc5Kh\x1e\x94X7\xe9o\xcf\xbf\x14=/\xd4\x7f-p@\xd1Q\xeax\x05\x0b\xea\x17\x80\x84\x83\xb0\x8b\xd7\xa2>\xe5L\xbc\x81\xa3s\nJ\xc4cF;/K\xd2\x01\xcd\xb8;\x96\xd9\x13\xb6\xe0\x8cT!\x7f6\x9b\xf1>)F\xd7\x18\xf1\xee\x1a_\xe0D\xe8\xd0\x81f)A\xfa@\xcc\x99\x8a\xcb\xa6{`\xfe\x01.n\x1c\xe8\x1b\x99J5\x12;BB\xfe\xa5%N\xcc_\xbd\xc4S\xd4\xe4\x82\t)\xe4\x85M\xbd\x00\xd3\x0bc\x85|\xa4t2/\xd1\x186[iA\xc1Y\x9c\xe1\xa2\x1a\x032@\xfb:\r\x1e\xd4\x87\x89ion1\x0cK\x18/\xd5\xa1\xbe\xfd(\xdc\xed#\x8a\xa2\xcc\x87,\x0f\x0ek\x11\x8dk\xaf\xd0\xf9Ho\xaa\xe9\xd9\xa9\x029\x86!\xedY\x10\x9f7q\x17b\xca\x9d\xeeG\x9f\xcbq\x7f\xd5\xa1]r\x18\xf5\x15\x06\xf4\xf8c\\;\xeb\xd5\x1a\x1e\xa1>\xf2\xa7\xa0\r\x97\xaf\xf42\x901D"\x87\xed\x90\xbet\xc2\xa4\xf2\x06\xdc\xc4~\x14pJ-\xd2=\xd6\xd1\xbd)Z\xbd\x18\xee\x1a\x05,J\xbf\xc5?,\tG\xa5,2\xa8\xb1\xba(Ob\x80"\xf1kU\xa8Eb\x0f?\x7f\x07+!\xce\x04\xf7\xf7-\xa9\xccLNx\xee\x06\xa1\xb5\xcf\x9c\x18\xa6\x02\x17\x0f\xc3\x1e7\x8fg]\xac\xb5\xe3v\xf7\x92\x91\x87\xa5\xda\xfd\x16\xa5i\xbd\x0b\xbb[\x14\xd2\x1e#\x80XEp\x8f4\x1frD\xfb\xd2z\xa1:\x0b\'\xe5\xe7\x88\xa4\xe3a\x1f\xf5g\xb5C\xcf\xb7\x90\xa5\x88)e8X\xa7\xac/\xf0\x97\xef\xccj\xaa\xdd\xde\xdbb\xdbaoQ\xad\xa9\xc8@P\xd3Qc\x80\x0e\xd4Mq\x18\xd9bF\x8d\x1e\xad5\x9b\xf6\\WU\xd3\\\xd9\xd3$&\x89\x9a\x18\xfc#\x8f\x0f\x82+\x90$\xf6\xbag\xb79ZET\xb1t\x9c\xfd\xf3\x07\x93\xd2\x87\n\xff\x8b\x84\xdaoz\xbe\xc1\xa9p_L\x1e\x1f\xc8V\xb8\xc9\x04Kq\xeb ""\x1en\x026\xbavk\x17\x18<\xe2\x84\xa2\xe7N\xc2\x00\xe9\x1ao\xc2\xd1y\xa5\x1eB\x90\xe8C\x14\xdc\xfa?\xa4\xdb7i\x99\x8a\xe0~\x16*\x99u9AX}g\xbe\x12\xdeg\xb1\xebn\x82^\x14\xb5\xcbA\x9c+\x98g0d\xc1~\x1d\xcfm\xd6\xc7\x02\xba\xdfvH\xe2\xeeea\x96\xa7\x0e\xfa\xca\x86\x85\x19\xa1\xd9\x9b\x0b\xf0\xee\x04U\xfe\xbd\x16\xba\x9fI\x07\xf0x\xf6sJ\xb8\xbbL\xa7\xb0gU\x83jE\xb9\xb6\xd4\x08\x10\x07\n"\x97\xe1\x8a\xe4\'\xab\xe5\xf4\\\x0c\xdd%\xe3\xc4J\xfc\x8a\xb2\xcb\xc1\xd6\xf6\xd1o\xff@[c\xe3\xb2\'6tm,d\xd0P8\x91\x0f\xe9h\xd2\xf9\x08Y\x9d\x8a\xef\x1b\xe5\x0fm\x1cHDy\x9cu\x06~\xb1\x1b\xdcI\xbaWx\xdd\r\x1b$\xf0\xe8\xc6\xfa\x98\x95b.R\xd2\xa0#=\x14V"(\x90\xa7\x1b\xa53\x16\xf7\xd1\xe4\x8c\x14\xcf\x02\xeb_\xd7\x13\x82e\x8cmFvS\x84`\xdd\xf73z~G]\xfa7\x0e\xe0\xe8\xa1\x91\xc9\x83-\x01%\xbc\xbf|\xcb\x84^\xe6^Gd\x16\xa1\xac\xe4\x17s\x07U\xc8w\x1e\x83\xfe\x15\x8fM\xfay\x1bW6\x97?U\x83k\xf1\xf9I_6I^\x80\x025nFh\x83\xfe"\x98\x8cwh\xb308u\xb7\xb22)\xaa\x8d\xf0\xbf\x82J\xe3UuL\xc6\xefKz@\x08\xfc\x80\x1e\x12\x15q\x17&\x91\x17\x0b\xacY\x01(\xe2\xa8\xa7u7\xf9\xdfbcl\xb7?5\xb3\x97\x8a\xfe\x01E\x81\x86B\xdap\xfd#\'\x99k\x86\xc7\xc2\xfe\xc9\x04\xf8\x03\xaf\x9eM\x7f$]\x82N\x89\xf9U\xaf\xf3\xc5\x83T\xde\xf1t\xc1\x9c5\xa8\xbag\x85\x91\xd8J\xeb\xe9\xa1\xaf\x00\xf8 P\xdc%C\x18|\xd1\xbb3\xd3mC\xd8\x03\xda\x81Sr\x1ev\xfd<\xa1_\xac\xbd\xe6tS\xd0>\xe1\xc8#!\xf40\xd8v\xfc\x9f%\xaeM\x95\xcb\x80D\x0c-\x9fCT\x175*\xa36\x8f\x9f\x82\xee\xb4[\xd7\xbe\x80oL\xbe(s2\xef\xa5y\xe3\x10\xa1\xd7\xb0S\xd8Y\x8c2\xa7\x97\xac\xb6\x07w\n{\xba/\xb8\xdd5&\xbc\xc6z}fy\x83\x97\xc8\x8b\xe6\xaa\x11\xae\xb2/\xa2^!\xb2\xe1\xda\xbf \xf5\xb6\xbc\x90<\xdc\xca\x99C\xd8\x07\xb2\xb7\x0b\xf9\x96\x93\x83\xe2\x8eg\xabF\xf1\xa5\xae\xe7\xb9\x08\xee\xaa\xb4@\xd7\xcfca{\xb3\xc1\xc9\xc8\xb7\xcdf\x82\xbc\xa1*$\x96\x06)\xf8B\xff\xc8RH*d\xd5`*\x96\x16c\x98\xf4z]\xfb\xe3%\xa4\xad\xc1\xa4WS`w\xcb\xb2\xadt\xb9)\x8c\xd6\x1c\x06\x96\t\xad\x8f\xa7[d\x13"\xd3\xe0\x9e\x94\xf7\x13\x01\x96\xf9\xbc@\xe9)L\xf8\x9c\xa2\x97\x02lt\xfd\xe6h\x99\xe6\xb1\xa7\xd8\xef\x1f\x7f\xaf\x0beO#V\x85\x80<21\xed-\x10\x8a\xcb_\xfc[\x9c\xfbu/\xfc\x0b\xd0\xfd_\x926\xef\xc4\xb4\x94\xf8\t\x1c\xe5n"\x96\xda[\\U7\x06\xe3vr2\x0b\x17G,\xcdR\x8e\x96e=\x8d\xf2\xee\xb2t\xde\x088\x9834\x12/F\xd4<\x006\xaeq\x0f\x05E\xc7h\x08\xa6\xd4\x0b,q{g\x05\xda\x9a$\xc5\xad3i[\x8d1]Si\'\xe8\x13\xb4\x1f97g\xef\xceO\xbf\x0b)4RE][\xd7ad~\xac\x9b\xb8/ W\xe1v^\xcbxK*\xea\x84\xbf6\xa3U\xcb$\xe3\xbe\xe2V5>\xb2D\x88A=k\xbc\x13\xce\x83\nB\xb0\xe8\x12\xb3\xe30\xc8t$\x1a\x80\xc4\x17~\xd2\xb0\xde\xa0\xec\xeb\xd4\x0e<\x99O\x0f\xa3\xd3\x00+H,=\x0fK\xb7|\xe0\xa4\xe6\xba\x9b\xe7\xfb\x9fO\xacW\x84\xaaX\x06\xfe\x1727\xbf\xbe\x11+4<\xd8\x1bk\x1a0\x1a\xc5\xab\xfa\xdf\x9f\x12\xd2e\x8a,\xa0\x8b\x89L+\x86#\x9a\x16\xad6i\xab?>\xea(\xa5\x99[\x13\xaa\xf4\xf7=k\xe2\xd05Z\x9b,\x98\x05\x8fZ1\xfa+\xceo%\xac\xb9\xd5o\x17a\x9c\xfd\xef\x8d\xc8\x94\xa6\xd0L\xd2\xd58\xac\xfc\xfd\x97\x12\x84Wt-V\xc9\xfe\xaaj\xb9-\x8f\xa7\xaf\xc1\x81\xe7\xfe\xd3w\xc4\xeft\x04X\x9d\xb5\t\xa2\xa1\x19x\x1b\xb0v\x13\x9e\x08\xc7\x0c\x0bX2\x85\xe11\xde\xfd\xfcvY]\x01t\xc4R\xc2\xd13\xc7\x1a\xb5Q\xca\xe1\xdf\xd9\n\x81\x81\x01S\x8et\xadQ\xdbj\x83\xee\xde:\x05\x18tT%P\xbc\x1d\x17\x91\x93\x07$\x07\xd2\xb6P\xa4\xfc\xf0\xa1\x1d\x9cz.\x13\xaa\xdbm`\x17Z\xee\xab\x96\x91\xfc\xbb\xbb\xc6\x8fh\xd0\xdb\x06\xdc\x97\x97\x08\x07\xba3\r\xd9d\xc2\x103{\xa1\xfe;\xbb>\x81!\xe7J\xea\xa3/be_\xb3\x949\x07:\xe2/\xb3\xb3\x8bv;\xbd\\\x87\xc6?\x99\x8eeq\x13\xa4\xc3\xaf\xcc\xa5\xdc \xed\t\xa5\xcd9\xaa\xe6x\x9e\xb3"\x11\x8f\xa0b\x18\xef\xa71L\xae\x9e\xcdcTO\xbc\x06\xb9y\x0eN\x9f\xbcB\t\x89\x1f>g\x84\xd5\xce\xb7\x8c/\xca#"R\xb7r*v\xfe\xdc~Xr\xc3\xd2\x9a\x9d\xf1\xcd\xc2{\x1a\xecr\xa3\xa6\xf0p\xf0\xfd\x8a@\x1b5)\xb4U\xfe\x19\x1e `\xbe\xf6\xf0su\x1dh\x98\tm\xce&\'\x86O4\rx%3i\n\x92V\x025;\x8d\xa4\xd6\xd9\x885\xb6\xc2,;g\x9dEc\xa5i\xd8c\xec\xe0\x1e\x1e\xe1x\x00/j\xf0\x9a\xc0\n\xb1\x13\xce\x8f\x18\xd2\x86\xa8\x1a]\xf7\xbe\xd8W\x8b*\x1a\x17\xf9\x17\x17\xeeI\xbd=`\xa2D/\xe1\xce\xda\xc1mW\xe1\x11\xfc\xcc\xeb\xc0\x01@\x0b!V\xa1\x0b.H\xae\x00wX{9=\x99\xb7\x90\xb7\xe1\r\x8fT\xe8L.\xac\x1c\xe3G\xd7\x8f\xf0BG #Z\xd0Rj\xdb\x8c\xde\xf1\xd6\x04\x8b\x88\x13mz\x8d\xf0\xfdH.0\x9d\x19_\xf8\xe6\x9a\xb3K:\xdf\x95\xfe\xef\xfa\xbay\xbfV\xa0g\x7f\xff\x83\x0eU\xbb\xa3\x07\x08\xb8\xfa\xbc\x1fb\x1c\xf3\x92\xd8a\x0c\xdd\xa2\x05\x12\xb7k\x1aY\x02h\xe1s\xeaS\xb6\xc7\x82X\xb9\xb6\x8f\xd73\xab\xb5u9 \xcc\xa9\xad#~J\xc6\xa7\xe45\xbd.\x0c4e\xcf(=\xc2)\xe0^\x05\x86\xc8\xb1y\x9b\xd1\xe6\xe9~:\xa6\x0e\xfb\xef\xed\xec\xa7\xeb\x1b\xce\x94vC\'j$\xad\x1e\x9ap\xe0\x1a\xf5\xb8F.Bx`Q\xcf\x1e'
tbI624
I0
F0
tb.