cnumpy.random
__RandomState_ctor
p1
(tRp2
(S'MT19937'
p3
cnumpy.core.multiarray
_reconstruct
p4
(cnumpy
ndarray
p5
(I0
tS'b'
tRp6
(I1
(I624
tcnumpy
dtype
p7
(S'u4'
I0
I1
tRp8
(I3
S'<'
NNNI-1
I-1
I0
tbI00
S'@\xdf\xe8\xac"\xbd=/)\xf9\xf3\x99|V\x9b\xbb\x01\xd89\x0b\xd0\xe9\x1c\x0c\'>$\x0e\xcf\xca\xca&p\xf9k\x9eN\xab\x8az\x0c\x82 \xef#\xfe\x97\x9a\xdb\xd9 \xe8\xea\x91N\xc7\x07p\x1f\xa5*\x13\x93\x0f\x12joEI\x10V\xb2\xba\xa6\x97\xd3\xfcw\xfa\xe9W\xfb\xcaR2\xb7\xa5\xfd\xe0\xaeF\xe7\x7f\x1c:T\t\xe7\x94\xd9E\xfc\x0fk\xe4\x80\x01\xe5\xa7\x1d\x16\xa2\x8aW\x81\xe8\xd1\xf8hc\xc9\x9f\xee\xedrTXssE\xf5/:\xd8\x87\xe4\xa0\x04I\x13\xffz\x12\x019\x87\x95Z\x02\x0fw$\x8e\xe4\xc9B_k\x13\xc1\xe7Y\xfb2\xf7\x88o!\xbf\x8c\xcf2\xe9t\xff\xc9\x87\x97\xfa\xb9\xc3\xe3\xe5\xf1\xa4\xb9*.\x97ZtGHl\x98\xfc\xbd\x1d~.\'\xbeY\x1f\xe5y\x14+W\x91\xb7\x1e\xba}\xfb?Am\x85\xe4K\xf9Z\xf8\xd3e\x1e\xfa\x1a\xea\x9d\xa5\x89+\xa1\x9e\xe7\x8aCN\xc9%\xfa\xa6\xc5\xc7V\x87\x93X\xe8\x14\x89\x86g\xf2r\xf6\x99\xc3\x88\x99~\x18BR\x17\xa1\x8b\x16|\x18\x88\xd6\x906\x81\xf8\\#\x8c\xed\x16\x1aU\xbf\xdcF\xce&\x84M\xfcP\xc1\xa0\'\xca\xbd\x1e\xf3:{\x1c\x1e5\xae\x03\x7f\xbf)\x9d\x81m\xa3\xb2\xbe0\x02\xcd\xacs\xc0\xf6e\xaa\xf7\x85,\x12g\x0f\xe2\x1b}Y\xf5?X\x01\x18\\M)\xaa\x91\x9e\xd6|\xdc\xf3\x02k+\xcc!\x17\xc6\xed\xe6}\t\xe1\xda\x13\x8b\xe4?\xc8\x1e0\xdf\xeae\x1d} \x03CJA\xa8Q\xc2\xe3\x1d\x1d\xfa\x89\x92b\xd9\xc5\xdcu\x91v\xa4\x1b\x06\x88\x98\x1c\x12\xd0.\xcf\xeb!\x05B\x1c\x95\x17\xb1\x12\xbc\xb9J\xb1\x05\x87\xd78\x9a]\xd9\xd5?n\x13\xc6\xdb\x00 \x0b\x11\xc4\x9a H\xb9[y4\xcf,\xc13\xe3xS\x0f]\xacX\xfa\xbaj\x8bn\xbe\xa4\x8b\x85<\xf0\xe4\xf8l\xc4(\x83{\x12\x13Z*\x0c\x89o\x8b<SF\xb9Q<\xc0&\x86\xe6,\x0f\x8e\xba\xd9^n\xca\\\x80\xefi\x83<LXU3\x02\xf4\xd6\xfa\x9a\xf2\x9b\x91\xa6\xacB\xd1\xb2[\xb6\xb0\xd0J\x12sb\xe2M3\x8f\xf7\xa7\x15\x1e#\x11\xc5\x0b\xd4\x0b\xd6-\x9dXF;\xc4\x82\xcd\xc2\xf454X}\x85\x03\x90G#yL\xbf\xc9\xef\xa4sx\xc55\x8f\xf8\xd1D\x0c\xff\xab\xc6z\xb2"\x1d\xc0a~\t \x96\x158\xc9S\x11W\xa9\xfc_\x98\x83\xa0\x81\xe5\xcf\x1f;]z|n|\x10\x88\x86__\xebrZz\xb1u\x1b\xb6\xf6,{\xc3\xbdt\xc4\xcf\x17\xc0\xb6l%\x97\x8c\xfazqN\x0e\x05\x05o\xf6\xc4\xdd\xed\xe4\xa8\x0f\x18\x97nX\xc7\x1b\xc8;\tfx\x1a]\xe0Od\x8e\xe3\x95\xe72\x17E\x93\\a\xbd\r\xd44\xc6\x90\x82\xcb\x13|w\nqL\xb5\xce{\xdf\xff\xa3\xaf\xc9\xea,\x96\xa8\x03\xbdI\xcfn\x18\x9e\x85\xad2I\x17\xfa \xcfK\x18\xec\xa4\x90\x95\x9a\x88D\x9fx\x82P!z\xffK5\x82\xe62<\xbd\xb9?L\xa3\x11{\x80\xc9\x86\x0e"\x84\x1a\xd4\x076\xb8\x10\xa3mz\x97\xb7\'\xb8\xeeZl\xfd\x02L4\xa5\xfd\x01\xdc\xc0\xb5\xebU\x91v\xe4I\xc1\xe6K\xe4\xe3"\xa2\xdb{\xb1\xf8\x0e;\xe9\xeb\x00\xd9\x1b\xde\xafP\x8dS\x1a\xc1\xaai\xb1o\x12\xaf\xc3\x1d\xa5\xa9\xa5\xea\xba\xc9\xda\x92\x87]\'\xb9\x92\x81yv\x82\x96\xe9\xf6[\x03Kf\x0c\xc3D\x96\xb6]\xb4\xba\xccDf\xf3$)\xf2\x7fJ\x1f\xd1L\x9a\x83\xa2\xde\xed\x16\xf2\x15\xec\xe4B\x99\'\xd3\\\xe6\xa3x\xb4\x88\x9a\xd5N2C\xef\x9f\x89q\\_T|6H\xcb\xb1\xb8\xadF\x19\xad\xc4$\x87\xa6=\x0c\x1b\xe9\x8c\xa8\x00\xab\\\xea^\xe9\xfc\xf1\x15\xd2\xb0l*\xaa\xd5\x0b\xf6\x02\xb6N\xc5\xa1\xe8I\xc3\x9d:\xf7\n\x93\xac\xa7\xe1??\xec\x9e\xc6\x9ci\x1e\xa5\xe5\xa1\xf4\xe2_\xbb\x1c,7\xb8\xcb@\x8al9\xd7\xf7\x9f=\x08\nj\xeb\xa7Z\xe3\rkwB.\xb3\xe3\xec\xeaa%| \x18d\xae\x81\xa2\xb8\x1e>\x1b\xc0$|,\xa0;\x12f|0\xd0\x0b8l\xaa\x96\xcb\xce\x19Y\xce\xfd\x94\xce3\xfe\x83\x1cl\xf3x\xa9\xca7l3#\x91\xab\xd1\xae\xbcd\xb87\xd4O\xc6\xdfG,\x13\x00\xe3\xf7\x9b\xeb\x14\x93B\xff\xd0-|AB_DN\xc0X~L]\x81\xd5\xf5$\xf3\xae\x80\x84yY\x94\xb7\xc0\x86\xb8/\x87h\xd5\xa5\xa34\x1b\xfd)\'MFV\x82\xb2\xd5(6\xdcT]\x80\x08@\xe2\x117t\x99\xeb\xd0q\x99wy\x04\xd8\x0fA9\x99\t\xdbyy\xc8\n\x1e\x05\xb9\x0cP=e\xb2\xdf;\x01\xefj\xb1@\xe9Ll\xe8\xcc7\xd0\xff\xcb\xd2\x10\x7f\xd6\t\x1fOu\xac\xeeG\xeb\x7f\x99i\'\x8b\x94\x1d4O\x90\x1d\x88jf\xbb\x8a\xc4\xb2D\x81@\xfb\x97\xc6\xfc\x19\x0e\x15\xa4cmg#\xb8\x9a\x8c\xddy\xd3bW\xa1e\x1e\x1a\x8a\xdd*\xe1\x88\x1c\x84\x1d\xca\x82a|=\xeb\xde\x9b\x12\x0e\xb3\xb9(\xd9\xdao\xced\xf7\xd8\xedB\xef\x1f\x0e\x14/\x9f\x06\x9c\xf1\xcf\x07/j\xb4\xd2\xdd\xfcK\xb3Y\xa3\xc6l\xc8)\xb6;\xc2\xbd)\xb5uM$v\x9a_\x82\x99Rr\xb1r\xb1\xf2\xacf|e\xd9\x95r\x1d`\xe7]\xd4\xf9\x82\xbc\xa9\xc0W\xeb\xab\x06.#\x93\xd1\x9c\xc8\xaf4DF\xdf\x92\xf1<c\x88O]\xb6s(\x00\xc7\x05\x8erY\x8co\xc9\x13\xf7n\xa6\xdd\x80L\xb9B\x84=\x9fU;d\x013\tMW\x1c\xe3\xaa\x86M\x8b\xd8j\x92<A\x0b\x13bE0\xa7\xdc\x9dM\xf5l\xa0\xbcaM\xdd\x9bCxQ(\xf5yGr\x89ae\xbc\x17\xa4\xb9+\x81+4AC\xc2U\x9d:\xa5G\x19\x8c"p\xf0\xcdN\xac\xcd\x81\xb7\x98\xd8\xf6\t\xd29kHj!\x82\xae\xeet\x03\xc53\xab\xe9\xbd57\x94\xc0\xe6\xf3\xe5\xd7f\xe4\xcc\xac\x8a\x88\xce\x07N\x19\xd1\xf0\x90\xd0U\xe5\xa48\xc1\x8e0O=\xed\x9eYB\xb4\x8f\xd4\x06\xb7>\x97\x06\xa4q\x99\xa39\xa0.\x9a\xd9\x19=\xa7\x0b\xf3q\xfa\xf0\xf3\xef\xd8\x84\t$\xa3\x84\xadf<\xee\x8d\xa5\xeb\xa8i\x17\xbd~\x9ck*JN\x9a\x84\x98\xbe\xff#\xd2\xb3 \xeb/\x18.PJb\xfb\xa5\'\xc0|\x19\xe69\x97\xd9\x0f\xe9F\xac&\x98-\xcbh5\xff\xba\x06\xa2\x80\xea\x1cw\x04>?R\xdeR\xbc@\xc6\x85\xde\x0b\x90\xcc\x1a\x11r\xd8Y\x9b\xf0I\x98\xd7F\xcb\x03\x142\xef\xc3\x1d\xf80&PD`Xl\x8a\xb5\xb4\xb4\xc1\x8cG>\x8e"lw#\xeaB%\xf0\xd8Bi,qO\xd8\xc1F\n\x1cA\xb2\xe3\xf5\xbc\xde\x06\xe3O)JN\xf3R\xfa\xa5\xfb\xa7)Z\'\xd7\x03\x9d\x12\x1c.\xa7\n`(\xc4$\xb5w\xd4\xfb\x90\x8a&G\xb0\xe1_\xac\x15\x1d\xbe1Q\xec\xa9\xfbx\xde:\xf52\x0c\x06\x80\xe8\xb7\'.\x05f\xdf\xa8\xce1\x86l\x9f[\xa4\x98\xc8\tCU;v\xc4fz\x9ckf\xbbh\x97\x13\x10x\xa3\xa5\x97+5\x92\xcd\x8c\x15|\xcfy^P,Y\xf2\x00ok\x1dv\x9dQ&\xf2KX\xe8\xd3\xfe0\xf6m\x88\t\x1c\x0b)HN\xff1\xf0\xa2:\xb6\x9f\x89\xd5hU\x9b\x9eyq\x03\xb6\xed\x057\x94\x95W\xe3\x8d\xb8u\xf3\x0bo\x85y\xbe-lp}~\x08yZ\xa8\x8c\xd7\x84\xd4L9\x1b\xc1\x95\x9b\x16\x88\xd5\xbf\xcb\x00\x95~D\x1cy\xbc\x0fc\x10/\x94X-\xb5\x9e4\x0c\x99\xde\x04)\xe1._\xef\xe6\xae\x02(\x89N\xacd\xf2\r\x01\x11\xe77\xb6\x07\xae\xc6\x8f\xb8\x844\xc1\x89#\x0e\xa8\x86\x17O\xd91\x1d\xf4\xdf\xa0Y\r\xbf[\t\xeb\x9b\xb4%\xcd\x84\x02\\\',\xf0z\x88`O]c\x90\xb8\xc0!\x8a\xf4-o\xa8\x11\xe2\x88t\xea^89\xdb\xef}\xd8h\xbb\xee\x05\xe0\\\xb1\xceh\xe2*h\xd0\xcf\x9b\xc4JRV\xc4BT\xc2u\xc4q\x9a\xd2\n\n\xfa\xf5j\xfe;\x97|{-M\x05\xdcnC\x0e\x12\xb9*e\xa59f\x90+\xa4$\xdc\x06\xcc\x9f\xf7\xdf\xd3\xef\x99\xf4\xb2\xd4\xe1\x11\x91C\xe2\x8b\xf7\xac<\x1f\x8f\xac\x07\xe5\x01!qmT\xce]t\xfct\xbd\xf8\x88\x06\xa4M\x05\xfe-\xe9\x145f\x15\x15\x7f\x9c\xd0\x8f\x81\x8c\xde\xf02\xaa\'\xef\x1a\xd0,\xcb\x13\xd1\xf4\x88\xc7\xfa\xdb\x02\xf0\x13~\xec\xfeX\x1e)\xcf\x15\x91_7U*I\x16\x17\x90\xcb\xff\xe6"\xd8\xa5\xecqH\x0c\xbf\xf4\xfe0\x93\xb3(\x95O@\xf0\x97\x91\xbb\xd4uNx\xac\xec#K5N\x95JA[<\x83\xf2\x86E!\xaf\xc4\x922\xa1 7\x0e\xd6\x86\xef\x19\x14\x10\t\xeaF\xed\x88t\xb8\xc9\xe2O\xbd=5%\x0b\t\x81\x82\xe3\xe6\xf9\xc7\x1b\xeb\x0f\xe51\xca+\x03"\xac\xbd\x8b\xba\xd9C\xa1\x82\xca\xd2z6\xdbT,\n\xd8\xf3\x00%"\x0c\xa2\x13\x1fW\x80\xf7\xc4v\x8c\xba\x02\xb7\xb5\x86\x9fc\x07j\x84\x12\xf4~\xc3\x9c]I`@|\x9dnB\xc6e\x0b\xb8\xfd\x06\xf70\xf0\x91z\xb2\xc81\xa1nX\x85\x85\x0b\xb4\xaah\xbcP\xea\xde\x1cS`\x9bwc\x04\xab\x0e\xc1\xa8?\x00\x80K\x0b\x00\x12\xa0\xccQ\x81\ry\xab\xb1p\xe3A\xad\x1b#\xfeVa\xef\x1c\xcb\x0f\xb2\x01OP\xdf\xef\xad~\t\x9b%\xe9\xf9\x1e\xba\x11\x05b`{\x983\x0e\x12%\x17r<\xd5\xfa\xe3\x13k6oQ\x0f\xb6\x1c<\x85\xa2\xab\x0b\xf4\x1aU\\\xef\xce3\x93\xa8^s\xb2\xc3$\x86\xb4i2\xa9\xa4B\xf8f\x05\xf6!\xfb\'Q\xbd\x9b\xcaQi\xe6\xf1L\xac\xfe\x10F~\xaa\xa5\xcc\xbd\xef\xcf"\x02\xc7\xc0\x88\x7f/\x8bU\xfd\xef\x8a\x92\x19JU\x95\xf88\xac\xa8\xfcKF\xb6\x84o\xfd%\xae\xcb\x9f0%\xda0F\xe4\x86;\x82\\\xe4\t\xfey"G|\xa0\xe0\xe7~\xfb\xe7\x92\x94\xbbV\xfdkY\n\xc4\xac\xee\xe1_\xe8 \xa4?\xd7?\x1e}\x84\xdbY\xe5\x0f\xca\xec\xc4|\xb4!\x03w'
tbI624
I0
F0
tb.