# time 	 divergence 	 # of mutations 	 # IGC chances 	 IGC length 	 # IGC failures 	 Changes due to IGC  	 % change due to IGC 
0.0	0.0122699386503	0	0	0	0	0	0.0
0.000108050992354	0.0122699386503	0	1	3	0	0	0.0
0.000203773195516	0.0122699386503	0	2	3	0	0	0.0
0.000646384713059	0.0122699386503	0	3	3	0	0	0.0
0.000855121191499	0.0122699386503	0	4	3	0	0	0.0
0.000888151650071	0.0122699386503	0	5	3	0	0	0.0
0.00103897881598	0.0122699386503	0	6	3	0	0	0.0
0.00208993286781	0.0122699386503	0	7	3	0	0	0.0
0.00237479531712	0.0122699386503	0	8	3	0	0	0.0
0.00244597005586	0.0122699386503	0	9	3	0	0	0.0
0.0028699915881	0.0122699386503	0	10	3	0	0	0.0
0.00319088218383	0.0122699386503	0	11	3	0	0	0.0
0.00347537327909	0.0122699386503	0	12	3	0	0	0.0
0.00390667223428	0.0122699386503	0	13	3	0	0	0.0
0.00410958973915	0.0122699386503	0	14	3	0	0	0.0
0.00419638041752	0.0122699386503	0	15	3	0	0	0.0
0.00436773747178	0.0122699386503	0	16	3	0	0	0.0
0.00438057670379	0.0122699386503	0	17	3	0	0	0.0
0.00464351458808	0.0122699386503	0	18	3	0	0	0.0
0.00469152879744	0.0122699386503	0	19	3	0	0	0.0
0.00469359926982	0.0122699386503	0	20	3	0	0	0.0
0.00516761254148	0.0122699386503	0	21	3	0	0	0.0
0.00538342147166	0.0122699386503	0	22	3	0	0	0.0
0.00538369115984	0.0122699386503	0	23	3	0	0	0.0
0.00577769943521	0.0122699386503	0	24	3	0	0	0.0
0.00615691692456	0.0122699386503	0	25	3	0	0	0.0
0.00617668926477	0.0122699386503	0	26	3	0	0	0.0
0.00635287048592	0.0122699386503	0	27	3	0	0	0.0
0.00639893921158	0.0122699386503	0	28	3	0	0	0.0
0.00649378450059	0.0122699386503	0	29	3	0	0	0.0
0.00667033431571	0.0122699386503	0	30	3	0	0	0.0
0.00667309938538	0.0122699386503	0	31	3	0	0	0.0
0.00671352860175	0.0122699386503	0	32	3	0	0	0.0
0.00730722683881	0.0122699386503	0	33	3	0	0	0.0
0.00730773399093	0.0122699386503	0	34	3	0	0	0.0
0.00746942987114	0.0122699386503	0	35	3	0	0	0.0
0.00758706246593	0.0122699386503	0	36	3	0	0	0.0
0.00785153465906	0.0122699386503	0	37	3	0	0	0.0
0.00785206931204	0.0122699386503	0	38	3	0	0	0.0
0.00846255239233	0.0143149284254	1	38	3	0	0	0.0
0.00860747346434	0.0143149284254	1	39	3	0	0	0.0
0.00883270453117	0.0143149284254	1	40	3	0	0	0.0
0.00888562325029	0.0143149284254	1	41	3	0	0	0.0
0.00893424645442	0.0143149284254	1	42	3	0	0	0.0
0.0089563547027	0.0143149284254	1	43	3	0	0	0.0
0.00906724361406	0.0143149284254	1	44	3	0	0	0.0
0.00936124876433	0.0143149284254	1	45	3	0	0	0.0
0.00948372515731	0.0122699386503	1	46	3	0	1	0.5
0.00961159343638	0.0122699386503	1	47	3	0	1	0.5
0.0100331763298	0.0122699386503	1	48	3	0	1	0.5
0.0101563850426	0.0122699386503	1	49	3	0	1	0.5
0.0111916963427	0.0122699386503	1	50	3	0	1	0.5
0.0112024359644	0.0122699386503	1	51	3	0	1	0.5
0.0117462405646	0.0122699386503	1	52	3	0	1	0.5
0.011913097083	0.0122699386503	1	53	3	0	1	0.5
0.0121304706924	0.0122699386503	1	54	3	0	1	0.5
0.0121830375412	0.0122699386503	1	55	3	0	1	0.5
0.0126967931729	0.0122699386503	1	56	3	0	1	0.5
0.0131618144644	0.0122699386503	1	57	3	0	1	0.5
0.0131738192695	0.0122699386503	1	58	3	0	1	0.5
0.0133041175171	0.0122699386503	1	59	3	0	1	0.5
0.0138017669352	0.0122699386503	1	60	3	0	1	0.5
0.0139670488618	0.0122699386503	1	61	3	0	1	0.5
0.0140235110621	0.0122699386503	1	62	3	0	1	0.5
0.0142010599564	0.0122699386503	1	63	3	0	1	0.5
0.014860668334	0.0122699386503	1	64	3	0	1	0.5
0.0148842788736	0.0122699386503	1	65	3	0	1	0.5
0.0152303092293	0.0122699386503	1	66	3	0	1	0.5
0.0153314193195	0.0102249488753	1	67	3	0	2	0.666666666667
0.0154089157604	0.0122699386503	2	67	3	0	2	0.5
0.0157702252977	0.0122699386503	2	68	3	0	2	0.5
0.0159630680413	0.0122699386503	2	69	3	0	2	0.5
0.016049861039	0.0122699386503	2	70	3	0	2	0.5
0.0160706312256	0.0122699386503	2	71	3	0	2	0.5
0.0162789505225	0.0122699386503	2	72	3	0	2	0.5
0.0163636184182	0.0122699386503	2	73	3	0	2	0.5
0.0165890229435	0.0122699386503	2	74	3	0	2	0.5
0.0166305343996	0.0122699386503	2	75	3	0	2	0.5
0.016838630763	0.0122699386503	2	76	3	0	2	0.5
0.0170886921458	0.0122699386503	2	77	3	0	2	0.5
0.0172833929616	0.0122699386503	2	78	3	0	2	0.5
0.0175933347817	0.0122699386503	2	79	3	0	2	0.5
0.0177921002665	0.0122699386503	2	80	3	0	2	0.5
0.0178001748964	0.0122699386503	2	81	3	0	2	0.5
0.017972957708	0.0102249488753	2	82	3	0	3	0.6
0.0179998923162	0.0102249488753	2	83	3	0	3	0.6
0.0185502904514	0.0102249488753	2	84	3	0	3	0.6
0.0186412845685	0.0102249488753	2	85	3	0	3	0.6
0.0188361732459	0.0102249488753	2	86	3	0	3	0.6
0.0188688241749	0.0102249488753	2	87	3	0	3	0.6
0.0190718488456	0.0102249488753	2	88	3	0	3	0.6
0.0191783738862	0.0102249488753	2	89	3	0	3	0.6
0.0195002851107	0.0102249488753	2	90	3	0	3	0.6
0.0196027212543	0.0102249488753	2	91	3	0	3	0.6
0.019687241162	0.0122699386503	3	91	3	0	3	0.5
0.01990229267	0.0122699386503	3	92	3	0	3	0.5
0.0201868756334	0.0122699386503	3	93	3	0	3	0.5
0.020233307036	0.0122699386503	3	94	3	0	3	0.5
0.0202464728071	0.0122699386503	3	95	3	0	3	0.5
0.0205106790526	0.0122699386503	3	96	3	0	3	0.5
0.0206660901495	0.0122699386503	3	97	3	0	3	0.5
0.0206729881324	0.0122699386503	3	98	3	0	3	0.5
0.0207012822116	0.0122699386503	3	99	3	0	3	0.5
0.0207412311073	0.0122699386503	3	100	3	0	3	0.5
0.0208395948391	0.0122699386503	3	101	3	0	3	0.5
0.0217033530883	0.0122699386503	3	102	3	0	3	0.5
0.0217388816002	0.0122699386503	3	103	3	0	3	0.5
0.0221384847579	0.0122699386503	3	104	3	0	3	0.5
0.0222726593843	0.0122699386503	3	105	3	0	3	0.5
0.0222953790619	0.0143149284254	4	105	3	0	3	0.428571428571
0.0222994848525	0.0143149284254	4	106	3	0	3	0.428571428571
0.0223924909849	0.0143149284254	4	107	3	0	3	0.428571428571
0.0225029946763	0.0143149284254	4	108	3	0	3	0.428571428571
0.0227614033338	0.0143149284254	4	109	3	0	3	0.428571428571
0.0227737211569	0.0143149284254	4	110	3	0	3	0.428571428571
0.0231409352407	0.0143149284254	4	111	3	0	3	0.428571428571
0.0234027739191	0.0143149284254	4	112	3	0	3	0.428571428571
0.0234725066192	0.0143149284254	4	113	3	0	3	0.428571428571
0.0234974167838	0.0143149284254	4	114	3	0	3	0.428571428571
0.0239163590556	0.0143149284254	4	115	3	0	3	0.428571428571
0.0241761961465	0.0143149284254	4	116	3	0	3	0.428571428571
0.0250311494069	0.0143149284254	4	117	3	0	3	0.428571428571
0.0250369873161	0.0143149284254	4	118	3	0	3	0.428571428571
0.0252141540937	0.0143149284254	4	119	3	0	3	0.428571428571
0.0254365431295	0.0143149284254	4	120	3	0	3	0.428571428571
0.0255432767489	0.0143149284254	4	121	3	0	3	0.428571428571
0.0257639949573	0.0143149284254	4	122	3	0	3	0.428571428571
0.0259353910287	0.0143149284254	4	123	3	0	3	0.428571428571
0.0259721490898	0.0143149284254	4	124	3	0	3	0.428571428571
0.0260548045835	0.0143149284254	4	125	3	0	3	0.428571428571
0.0261320073934	0.0143149284254	4	126	3	0	3	0.428571428571
0.0263590338302	0.0143149284254	4	127	3	0	3	0.428571428571
0.0264074993481	0.0143149284254	4	128	3	0	3	0.428571428571
0.0264635824964	0.0143149284254	4	129	3	0	3	0.428571428571
0.0264763449715	0.0143149284254	4	130	3	0	3	0.428571428571
