# time 	 divergence 	 # of mutations 	 # IGC chances 	 IGC length 	 # IGC failures 	 Changes due to IGC  	 % change due to IGC 
0.0	0.0081799591002	0	0	0	0	0	0.0
8.52992984935e-05	0.0081799591002	0	1	3	0	0	0.0
0.000122530613884	0.0081799591002	0	2	3	0	0	0.0
0.000148352339427	0.0081799591002	0	3	3	0	0	0.0
0.000257275118261	0.0081799591002	0	4	3	0	0	0.0
0.000517082797075	0.0102249488753	1	4	3	0	0	0.0
0.000562577398793	0.0102249488753	1	5	3	0	0	0.0
0.0006739872377	0.0102249488753	1	6	3	0	0	0.0
0.000857807133684	0.0122699386503	2	6	3	0	0	0.0
0.00141844969184	0.0122699386503	2	7	3	0	0	0.0
0.00175570181577	0.0122699386503	2	8	3	0	0	0.0
0.00181827525861	0.0122699386503	2	9	3	0	0	0.0
0.00195444352647	0.0102249488753	2	10	3	0	1	0.333333333333
0.00198941666917	0.0102249488753	2	11	3	0	1	0.333333333333
0.00221046830352	0.0102249488753	2	12	3	0	1	0.333333333333
0.00256492419474	0.0102249488753	2	13	3	0	1	0.333333333333
0.00270503144612	0.0102249488753	2	14	3	0	1	0.333333333333
0.00274491950139	0.0102249488753	2	15	3	0	1	0.333333333333
0.00311481594471	0.0122699386503	3	15	3	0	1	0.25
0.00312357912413	0.0122699386503	3	16	3	0	1	0.25
0.00334333487814	0.0122699386503	3	17	3	0	1	0.25
0.00346390513384	0.0122699386503	3	18	3	0	1	0.25
0.00358515275861	0.0143149284254	4	18	3	0	1	0.2
0.00367951324929	0.0143149284254	4	19	3	0	1	0.2
0.00370553842755	0.0143149284254	4	20	3	0	1	0.2
0.00384653627291	0.0163599182004	5	20	3	0	1	0.166666666667
0.00396478947324	0.0163599182004	5	21	3	0	1	0.166666666667
0.00401504121065	0.0163599182004	5	22	3	0	1	0.166666666667
0.00405687622904	0.0163599182004	5	23	3	0	1	0.166666666667
0.00419131022534	0.0163599182004	5	24	3	0	1	0.166666666667
0.00420446739056	0.0163599182004	5	25	3	0	1	0.166666666667
0.00445864503359	0.0163599182004	5	26	3	0	1	0.166666666667
0.00494405400548	0.0163599182004	5	27	3	0	1	0.166666666667
0.00577543565067	0.0163599182004	5	28	3	0	1	0.166666666667
0.00582983575788	0.0163599182004	5	29	3	0	1	0.166666666667
0.00585584071443	0.0163599182004	5	30	3	0	1	0.166666666667
0.00587913789221	0.0163599182004	5	31	3	0	1	0.166666666667
0.00594750721859	0.0163599182004	5	32	3	0	1	0.166666666667
0.00604033802264	0.0163599182004	5	33	3	0	1	0.166666666667
0.00658892293634	0.0163599182004	5	34	3	0	1	0.166666666667
0.00662647218466	0.0163599182004	5	35	3	0	1	0.166666666667
0.00663443002452	0.0163599182004	5	36	3	0	1	0.166666666667
0.00664509287519	0.0163599182004	5	37	3	0	1	0.166666666667
0.00676295446226	0.0163599182004	5	38	3	0	1	0.166666666667
0.00688144240839	0.0163599182004	5	39	3	0	1	0.166666666667
0.00691907397511	0.0163599182004	5	40	3	0	1	0.166666666667
0.00703319779469	0.0163599182004	5	41	3	0	1	0.166666666667
0.00704689363765	0.0163599182004	5	42	3	0	1	0.166666666667
0.00717960414234	0.0163599182004	5	43	3	0	1	0.166666666667
0.0072386995346	0.0163599182004	5	44	3	0	1	0.166666666667
0.00755029202248	0.0163599182004	5	45	3	0	1	0.166666666667
0.00759201288403	0.0163599182004	5	46	3	0	1	0.166666666667
0.00779876472682	0.0163599182004	5	47	3	0	1	0.166666666667
0.00827663958732	0.0163599182004	5	48	3	0	1	0.166666666667
0.00865482701469	0.0163599182004	5	49	3	0	1	0.166666666667
0.00880732821426	0.0163599182004	5	50	3	0	1	0.166666666667
0.00917131438515	0.0163599182004	5	51	3	0	1	0.166666666667
0.00934053348282	0.0163599182004	5	52	3	0	1	0.166666666667
0.00944078989161	0.0163599182004	5	53	3	0	1	0.166666666667
0.00978369197607	0.0163599182004	5	54	3	0	1	0.166666666667
0.0098290375139	0.0163599182004	5	55	3	0	1	0.166666666667
0.00991556227592	0.0163599182004	5	56	3	0	1	0.166666666667
0.010146649969	0.0163599182004	5	57	3	0	1	0.166666666667
0.0101851618369	0.0163599182004	5	58	3	0	1	0.166666666667
0.0103848861232	0.0163599182004	5	59	3	0	1	0.166666666667
0.0111699184914	0.0163599182004	5	60	3	0	1	0.166666666667
0.0114719850455	0.0163599182004	5	61	3	0	1	0.166666666667
0.0115974510082	0.0163599182004	5	62	3	0	1	0.166666666667
0.0119632181902	0.0163599182004	5	63	3	0	1	0.166666666667
0.0120071115499	0.0163599182004	5	64	3	0	1	0.166666666667
0.0121336060274	0.0163599182004	5	65	3	0	1	0.166666666667
0.0123689231432	0.0163599182004	5	66	3	0	1	0.166666666667
0.012396365431	0.0163599182004	5	67	3	0	1	0.166666666667
0.0124017391257	0.0163599182004	5	68	3	0	1	0.166666666667
0.0129200988877	0.0163599182004	5	69	3	0	1	0.166666666667
0.0131178290334	0.0163599182004	5	70	3	0	1	0.166666666667
0.0132591762657	0.0184049079755	6	70	3	0	1	0.142857142857
0.0132739719801	0.0184049079755	6	71	3	0	1	0.142857142857
0.0133623216764	0.0184049079755	6	72	3	0	1	0.142857142857
0.0135184989294	0.0184049079755	6	73	3	0	1	0.142857142857
0.0135622234834	0.0184049079755	6	74	3	0	1	0.142857142857
0.0137352577855	0.0184049079755	6	75	3	0	1	0.142857142857
0.013994601041	0.0184049079755	6	76	3	0	1	0.142857142857
0.014594065949	0.0184049079755	6	77	3	0	1	0.142857142857
0.0146559775843	0.0184049079755	6	78	3	0	1	0.142857142857
0.0146595351116	0.0184049079755	6	79	3	0	1	0.142857142857
0.0148438802543	0.0184049079755	6	80	3	0	1	0.142857142857
0.0151166574309	0.0184049079755	6	81	3	0	1	0.142857142857
0.0152982873606	0.0184049079755	6	82	3	0	1	0.142857142857
0.0154872265436	0.0184049079755	6	83	3	0	1	0.142857142857
0.0156327449574	0.0184049079755	6	84	3	0	1	0.142857142857
0.0157368270543	0.0184049079755	6	85	3	0	1	0.142857142857
0.0159062751794	0.0163599182004	6	86	3	0	2	0.25
0.0164910541953	0.0163599182004	6	87	3	0	2	0.25
0.0166515411125	0.0163599182004	6	88	3	0	2	0.25
0.016825683258	0.0163599182004	6	89	3	0	2	0.25
0.0169934628315	0.0163599182004	6	90	3	0	2	0.25
0.0172143778598	0.0163599182004	6	91	3	0	2	0.25
0.017254914768	0.0163599182004	6	92	3	0	2	0.25
0.017333597795	0.0163599182004	6	93	3	0	2	0.25
0.0183371480473	0.0163599182004	6	94	3	0	2	0.25
0.0185028458773	0.0163599182004	6	95	3	0	2	0.25
0.0190606798976	0.0163599182004	6	96	3	0	2	0.25
0.0192487939295	0.0163599182004	6	97	3	0	2	0.25
0.0194121045037	0.0163599182004	6	98	3	0	2	0.25
0.0198729655586	0.0163599182004	6	99	3	0	2	0.25
0.0200456895981	0.0143149284254	6	100	3	0	3	0.333333333333
0.0206497780166	0.0163599182004	7	100	3	0	3	0.3
0.0207933729145	0.0163599182004	7	101	3	0	3	0.3
0.0210132433688	0.0143149284254	7	102	3	0	4	0.363636363636
0.0210483148846	0.0163599182004	8	102	3	0	4	0.333333333333
0.0214045608677	0.0163599182004	8	103	3	0	4	0.333333333333
0.0214167510607	0.0163599182004	8	104	3	0	4	0.333333333333
0.0216254209845	0.0184049079755	9	104	3	0	4	0.307692307692
0.0216572220188	0.0184049079755	9	105	3	0	4	0.307692307692
0.0217087690214	0.0163599182004	9	106	3	0	5	0.357142857143
0.0217914034094	0.0163599182004	9	107	3	0	5	0.357142857143
0.0219565143227	0.0163599182004	9	108	3	0	5	0.357142857143
0.0219583873629	0.0184049079755	10	108	3	0	5	0.333333333333
0.0221502925147	0.0184049079755	10	109	3	0	5	0.333333333333
0.0227040973705	0.0163599182004	10	110	3	0	6	0.375
0.0232345145909	0.0163599182004	10	111	3	0	6	0.375
0.0236336425943	0.0163599182004	10	112	3	0	6	0.375
0.0236859020455	0.0163599182004	10	113	3	0	6	0.375
0.0242290868365	0.0163599182004	10	114	3	0	6	0.375
0.02436579806	0.0163599182004	10	115	3	0	6	0.375
0.024693201878	0.0163599182004	10	116	3	0	6	0.375
0.0248308178705	0.0163599182004	10	117	3	0	6	0.375
0.0249256213243	0.0163599182004	10	118	3	0	6	0.375
0.0251984614236	0.0163599182004	10	119	3	0	6	0.375
0.0252337466539	0.0163599182004	10	120	3	0	6	0.375
0.0253358528136	0.0163599182004	10	121	3	0	6	0.375
0.0253528245883	0.0163599182004	10	122	3	0	6	0.375
0.0256316087374	0.0163599182004	10	123	3	0	6	0.375
0.0257558730952	0.0163599182004	10	124	3	0	6	0.375
0.0258620243215	0.0163599182004	10	125	3	0	6	0.375
0.0260331626172	0.0163599182004	10	126	3	0	6	0.375
0.0262627412567	0.0163599182004	10	127	3	0	6	0.375
0.0267162063326	0.0163599182004	10	128	3	0	6	0.375
0.026932481426	0.0163599182004	10	129	3	0	6	0.375
0.0273577453281	0.0163599182004	10	130	3	0	6	0.375
0.0276961570367	0.0163599182004	10	131	3	0	6	0.375
0.0278722243797	0.0163599182004	10	132	3	0	6	0.375
0.0279316876443	0.0163599182004	10	133	3	0	6	0.375
0.0281397696623	0.0163599182004	10	134	3	0	6	0.375
0.0288324586953	0.0163599182004	10	135	3	0	6	0.375
0.029238640266	0.0163599182004	10	136	3	0	6	0.375
0.0296377787997	0.0163599182004	10	137	3	0	6	0.375
0.0297853951689	0.0163599182004	10	138	3	0	6	0.375
0.0298652014116	0.0163599182004	10	139	3	0	6	0.375
0.0298715493089	0.0163599182004	10	140	3	0	6	0.375
0.0300440716889	0.0163599182004	10	141	3	0	6	0.375
0.0302925070383	0.0163599182004	10	142	3	0	6	0.375
0.0308693716724	0.0163599182004	10	143	3	0	6	0.375
0.0309080794944	0.0184049079755	11	143	3	0	6	0.352941176471
0.0309294399225	0.0184049079755	11	144	3	0	6	0.352941176471
0.0309493122662	0.0184049079755	11	145	3	0	6	0.352941176471
0.0315077800662	0.0184049079755	11	146	3	0	6	0.352941176471
0.0317475643298	0.0184049079755	11	147	3	0	6	0.352941176471
0.0318481717783	0.0184049079755	11	148	3	0	6	0.352941176471
0.0319509583116	0.0184049079755	11	149	3	0	6	0.352941176471
0.0320413501985	0.0184049079755	11	150	3	0	6	0.352941176471
0.0320917442346	0.0184049079755	11	151	3	0	6	0.352941176471
0.0322746388693	0.0184049079755	11	152	3	0	6	0.352941176471
0.0326822447206	0.0184049079755	11	153	3	0	6	0.352941176471
0.0330217034616	0.0184049079755	11	154	3	0	6	0.352941176471
0.0332865875303	0.0184049079755	11	155	3	0	6	0.352941176471
0.0337880496559	0.0204498977505	12	155	3	0	6	0.333333333333
0.0344840446483	0.0204498977505	12	156	3	0	6	0.333333333333
0.0347519499901	0.0204498977505	12	157	3	0	6	0.333333333333
0.0350740680977	0.0204498977505	12	158	3	0	6	0.333333333333
0.035242843256	0.0204498977505	12	159	3	0	6	0.333333333333
0.0354179624806	0.0204498977505	12	160	3	0	6	0.333333333333
0.0358319195695	0.0204498977505	12	161	3	0	6	0.333333333333
0.0363776602044	0.0204498977505	12	162	3	0	6	0.333333333333
0.0365336486414	0.0204498977505	12	163	3	0	6	0.333333333333
0.0365569471975	0.0204498977505	12	164	3	0	6	0.333333333333
0.036594747102	0.0204498977505	12	165	3	0	6	0.333333333333
0.0366540312104	0.0204498977505	12	166	3	0	6	0.333333333333
0.0367593303009	0.0204498977505	12	167	3	0	6	0.333333333333
0.0368458913721	0.0204498977505	12	168	3	0	6	0.333333333333
0.0369634593002	0.0204498977505	12	169	3	0	6	0.333333333333
0.036990176689	0.0204498977505	12	170	3	0	6	0.333333333333
0.0371917286892	0.0204498977505	12	171	3	0	6	0.333333333333
0.0373939564227	0.0204498977505	12	172	3	0	6	0.333333333333
0.0374787564475	0.0204498977505	12	173	3	0	6	0.333333333333
0.03773526093	0.0204498977505	12	174	3	0	6	0.333333333333
0.0377910442002	0.0204498977505	12	175	3	0	6	0.333333333333
0.0378903548591	0.0204498977505	12	176	3	0	6	0.333333333333
0.038305902336	0.0204498977505	12	177	3	0	6	0.333333333333
0.0386779749948	0.0204498977505	12	178	3	0	6	0.333333333333
0.0388700750697	0.0204498977505	12	179	3	0	6	0.333333333333
0.0396675336929	0.0204498977505	12	180	3	0	6	0.333333333333
0.0397620217982	0.0204498977505	12	181	3	0	6	0.333333333333
0.0397972296922	0.0204498977505	12	182	3	0	6	0.333333333333
0.0398842814517	0.0204498977505	12	183	3	0	6	0.333333333333
0.0400326347249	0.0224948875256	13	183	3	0	6	0.315789473684
0.0400359436176	0.0224948875256	13	184	3	0	6	0.315789473684
0.0400470046548	0.0224948875256	13	185	3	0	6	0.315789473684
0.0400692248044	0.0224948875256	13	186	3	0	6	0.315789473684
0.0401514334085	0.0224948875256	13	187	3	0	6	0.315789473684
0.0407359932564	0.0245398773006	14	187	3	0	6	0.3
0.0408764142346	0.0245398773006	14	188	3	0	6	0.3
0.0408824906802	0.0245398773006	14	189	3	0	6	0.3
0.0410776025469	0.0245398773006	14	190	3	0	6	0.3
0.0411174630529	0.0245398773006	14	191	3	0	6	0.3
0.0415362198796	0.0245398773006	14	192	3	0	6	0.3
0.0417038437694	0.0224948875256	14	193	3	0	7	0.333333333333
0.0417784413054	0.0224948875256	14	194	3	0	7	0.333333333333
0.0418008232683	0.0204498977505	14	195	3	0	8	0.363636363636
0.0418311834604	0.0204498977505	14	196	3	0	8	0.363636363636
0.0420850353776	0.0204498977505	14	197	3	0	8	0.363636363636
0.0421316557798	0.0204498977505	14	198	3	0	8	0.363636363636
0.0424694823449	0.0224948875256	15	198	3	0	8	0.347826086957
0.0424968878083	0.0224948875256	15	199	3	0	8	0.347826086957
0.0427729946286	0.0204498977505	15	200	3	0	9	0.375
0.0438380159596	0.0204498977505	15	201	3	0	9	0.375
0.0442048171332	0.0204498977505	15	202	3	0	9	0.375
0.0442400880887	0.0224948875256	16	202	3	0	9	0.36
0.045393017378	0.0224948875256	16	203	3	0	9	0.36
0.045648527619	0.0224948875256	16	204	3	0	9	0.36
0.0458420347348	0.0224948875256	16	205	3	0	9	0.36
0.0466266775234	0.0224948875256	16	206	3	0	9	0.36
0.0467953902905	0.0224948875256	16	207	3	0	9	0.36
0.0468094028659	0.0204498977505	16	208	3	0	10	0.384615384615
0.0468691441002	0.0224948875256	17	208	3	0	10	0.37037037037
0.046873221353	0.0224948875256	17	209	3	0	10	0.37037037037
0.0471582816481	0.0224948875256	17	210	3	0	10	0.37037037037
0.0473706567043	0.0224948875256	17	211	3	0	10	0.37037037037
0.0475384048241	0.0204498977505	17	212	3	0	11	0.392857142857
0.0478134628902	0.0204498977505	17	213	3	0	11	0.392857142857
0.0479999771326	0.0204498977505	17	214	3	0	11	0.392857142857
0.0480894698085	0.0204498977505	17	215	3	0	11	0.392857142857
0.0481169158648	0.0224948875256	18	215	3	0	11	0.379310344828
0.0483553153941	0.0224948875256	18	216	3	0	11	0.379310344828
0.0485742494285	0.0224948875256	18	217	3	0	11	0.379310344828
0.0487009566963	0.0224948875256	18	218	3	0	11	0.379310344828
0.049123353108	0.0224948875256	18	219	3	0	11	0.379310344828
0.0493108189691	0.0224948875256	18	220	3	0	11	0.379310344828
0.0493401285396	0.0224948875256	18	221	3	0	11	0.379310344828
0.0495902821437	0.0224948875256	18	222	3	0	11	0.379310344828
0.0496292448823	0.0224948875256	18	223	3	0	11	0.379310344828
0.0496494533805	0.0224948875256	18	224	3	0	11	0.379310344828
0.0498440691984	0.0224948875256	18	225	3	0	11	0.379310344828
0.0501511897907	0.0224948875256	18	226	3	0	11	0.379310344828
0.0501913394965	0.0224948875256	18	227	3	0	11	0.379310344828
0.0504109082288	0.0224948875256	18	228	3	0	11	0.379310344828
0.0504300147024	0.0224948875256	18	229	3	0	11	0.379310344828
0.0504835069167	0.0224948875256	18	230	3	0	11	0.379310344828
0.0505509738637	0.0224948875256	18	231	3	0	11	0.379310344828
0.0511265172937	0.0224948875256	18	232	3	0	11	0.379310344828
0.0511519993006	0.0204498977505	18	233	3	0	12	0.4
0.0516067256523	0.0204498977505	18	234	3	0	12	0.4
0.051816331421	0.0204498977505	18	235	3	0	12	0.4
0.0518636904073	0.0204498977505	18	236	3	0	12	0.4
0.0519105545644	0.0204498977505	18	237	3	0	12	0.4
0.0522685429193	0.0204498977505	18	238	3	0	12	0.4
0.0525150626607	0.0204498977505	18	239	3	0	12	0.4
0.0526090856411	0.0204498977505	18	240	3	0	12	0.4
0.0526594720164	0.0204498977505	18	241	3	0	12	0.4
0.052995861956	0.0204498977505	18	242	3	0	12	0.4
0.0531052532906	0.0204498977505	18	243	3	0	12	0.4
0.0531411095058	0.0204498977505	18	244	3	0	12	0.4
0.0535548693512	0.0204498977505	18	245	3	0	12	0.4
0.0538360700873	0.0204498977505	18	246	3	0	12	0.4
0.0550352779689	0.0204498977505	18	247	3	0	12	0.4
0.055048524817	0.0204498977505	18	248	3	0	12	0.4
0.0555131743154	0.0204498977505	18	249	3	0	12	0.4
0.0555133100194	0.0204498977505	18	250	3	0	12	0.4
0.0556635631606	0.0204498977505	18	251	3	0	12	0.4
0.0556776886744	0.0204498977505	18	252	3	0	12	0.4
0.0557534578768	0.0224948875256	19	252	3	0	12	0.387096774194
0.0558384114573	0.0204498977505	19	253	3	0	13	0.40625
0.0559793095879	0.0204498977505	19	254	3	0	13	0.40625
0.0562263021425	0.0204498977505	19	255	3	0	13	0.40625
0.0564078671787	0.0204498977505	19	256	3	0	13	0.40625
0.0565691777112	0.0204498977505	19	257	3	0	13	0.40625
0.0574086840646	0.0204498977505	19	258	3	0	13	0.40625
0.0574816871331	0.0204498977505	19	259	3	0	13	0.40625
0.0581386395044	0.0184049079755	19	260	3	0	14	0.424242424242
0.05821635591	0.0184049079755	19	261	3	0	14	0.424242424242
0.0585403990531	0.0184049079755	19	262	3	0	14	0.424242424242
0.0586015019799	0.0184049079755	19	263	3	0	14	0.424242424242
0.0586151668183	0.0184049079755	19	264	3	0	14	0.424242424242
0.0589705724926	0.0184049079755	19	265	3	0	14	0.424242424242
0.0591456856864	0.0184049079755	19	266	3	0	14	0.424242424242
0.0591748021779	0.0184049079755	19	267	3	0	14	0.424242424242
0.0592793961277	0.0184049079755	19	268	3	0	14	0.424242424242
0.0592829629392	0.0184049079755	19	269	3	0	14	0.424242424242
0.0596859712195	0.0184049079755	19	270	3	0	14	0.424242424242
0.060039874726	0.0184049079755	19	271	3	0	14	0.424242424242
0.0601119865434	0.0184049079755	19	272	3	0	14	0.424242424242
0.0601167447581	0.0184049079755	19	273	3	0	14	0.424242424242
0.0601298680924	0.0184049079755	19	274	3	0	14	0.424242424242
0.0607443579958	0.0184049079755	19	275	3	0	14	0.424242424242
0.0607733547881	0.0184049079755	19	276	3	0	14	0.424242424242
0.0609954377917	0.0184049079755	19	277	3	0	14	0.424242424242
0.0614201177398	0.0184049079755	19	278	3	0	14	0.424242424242
0.061517889337	0.0184049079755	19	279	3	0	14	0.424242424242
0.0619306368499	0.0184049079755	19	280	3	0	14	0.424242424242
0.0623978234076	0.0184049079755	19	281	3	0	14	0.424242424242
0.0625401291412	0.0184049079755	19	282	3	0	14	0.424242424242
0.0626362855036	0.0163599182004	19	283	3	0	15	0.441176470588
0.0626584117801	0.0184049079755	20	283	3	0	15	0.428571428571
0.0630725302474	0.0204498977505	21	283	3	0	15	0.416666666667
0.0631286827531	0.0184049079755	21	284	3	0	16	0.432432432432
0.0632897712395	0.0184049079755	21	285	3	0	16	0.432432432432
0.0637035417619	0.0184049079755	21	286	3	0	16	0.432432432432
0.063782824429	0.0184049079755	21	287	3	0	16	0.432432432432
0.0640538462553	0.0184049079755	21	288	3	0	16	0.432432432432
0.0642493676638	0.0184049079755	21	289	3	0	16	0.432432432432
0.0644521594037	0.0184049079755	21	290	3	0	16	0.432432432432
0.0650169120404	0.0184049079755	21	291	3	0	16	0.432432432432
0.0652344952856	0.0184049079755	21	292	3	0	16	0.432432432432
0.0652436499742	0.0184049079755	21	293	3	0	16	0.432432432432
0.0654356931596	0.0184049079755	21	294	3	0	16	0.432432432432
0.0655124918515	0.0184049079755	21	295	3	0	16	0.432432432432
0.0655472550777	0.0184049079755	21	296	3	0	16	0.432432432432
0.0660288435839	0.0184049079755	21	297	3	0	16	0.432432432432
0.0662043164665	0.0184049079755	21	298	3	0	16	0.432432432432
0.06633809548	0.0184049079755	21	299	3	0	16	0.432432432432
0.0665318333422	0.0184049079755	21	300	3	0	16	0.432432432432
0.0667905275991	0.0184049079755	21	301	3	0	16	0.432432432432
0.0667965180878	0.0184049079755	21	302	3	0	16	0.432432432432
0.0668671426612	0.0184049079755	21	303	3	0	16	0.432432432432
0.0670716059691	0.0204498977505	22	303	3	0	16	0.421052631579
0.0672868961298	0.0204498977505	22	304	3	0	16	0.421052631579
0.0674827176829	0.0204498977505	22	305	3	0	16	0.421052631579
0.0680107507531	0.0204498977505	22	306	3	0	16	0.421052631579
0.0681226964255	0.0204498977505	22	307	3	0	16	0.421052631579
0.0683866647616	0.0204498977505	22	308	3	0	16	0.421052631579
0.0683889009986	0.0204498977505	22	309	3	0	16	0.421052631579
0.0685082487728	0.0204498977505	22	310	3	0	16	0.421052631579
0.0685589932934	0.0204498977505	22	311	3	0	16	0.421052631579
0.0690200705742	0.0204498977505	22	312	3	0	16	0.421052631579
0.069119622695	0.0204498977505	22	313	3	0	16	0.421052631579
0.0695578608533	0.0204498977505	22	314	3	0	16	0.421052631579
0.0696639053609	0.0204498977505	22	315	3	0	16	0.421052631579
0.0699318315777	0.0204498977505	22	316	3	0	16	0.421052631579
0.0699402160342	0.0204498977505	22	317	3	0	16	0.421052631579
0.0701698829099	0.0204498977505	22	318	3	0	16	0.421052631579
0.0702325385782	0.0184049079755	22	319	3	0	17	0.435897435897
0.0703016133391	0.0184049079755	22	320	3	0	17	0.435897435897
0.0705732052408	0.0184049079755	22	321	3	0	17	0.435897435897
0.0706513505083	0.0184049079755	22	322	3	0	17	0.435897435897
0.0709890685637	0.0184049079755	22	323	3	0	17	0.435897435897
0.0716662903284	0.0184049079755	22	324	3	0	17	0.435897435897
0.0716724066519	0.0184049079755	22	325	3	0	17	0.435897435897
0.0720602942124	0.0184049079755	22	326	3	0	17	0.435897435897
0.0728445509811	0.0184049079755	22	327	3	0	17	0.435897435897
0.0728843906116	0.0204498977505	23	327	3	0	17	0.425
0.0729942436698	0.0204498977505	23	328	3	0	17	0.425
0.0731345024822	0.0204498977505	23	329	3	0	17	0.425
0.073544541308	0.0204498977505	23	330	3	0	17	0.425
0.073639685001	0.0184049079755	23	331	3	0	18	0.439024390244
0.0740628166777	0.0184049079755	23	332	3	0	18	0.439024390244
0.0740637878925	0.0184049079755	23	333	3	0	18	0.439024390244
0.0742603964389	0.0184049079755	23	334	3	0	18	0.439024390244
0.0743527162529	0.0184049079755	23	335	3	0	18	0.439024390244
0.0745227135302	0.0184049079755	23	336	3	0	18	0.439024390244
0.0745735619899	0.0163599182004	23	337	3	0	19	0.452380952381
0.075005768201	0.0143149284254	23	338	3	0	20	0.46511627907
0.0750889559386	0.0143149284254	23	339	3	0	20	0.46511627907
0.0751251254763	0.0163599182004	24	339	3	0	20	0.454545454545
0.0755044077637	0.0163599182004	24	340	3	0	20	0.454545454545
0.0760268233188	0.0163599182004	24	341	3	0	20	0.454545454545
0.0764596871443	0.0163599182004	24	342	3	0	20	0.454545454545
0.0764797909687	0.0163599182004	24	343	3	0	20	0.454545454545
0.0765623165727	0.0184049079755	25	343	3	0	20	0.444444444444
0.0767553882472	0.0184049079755	25	344	3	0	20	0.444444444444
0.0772081899613	0.0184049079755	25	345	3	0	20	0.444444444444
0.0775787336768	0.0204498977505	26	345	3	0	20	0.434782608696
0.0780122171946	0.0204498977505	26	346	3	0	20	0.434782608696
0.0781006261241	0.0204498977505	26	347	3	0	20	0.434782608696
0.07828640825	0.0204498977505	26	348	3	0	20	0.434782608696
0.078530511112	0.0204498977505	26	349	3	0	20	0.434782608696
0.0786187088114	0.0204498977505	26	350	3	0	20	0.434782608696
0.0786504557685	0.0204498977505	26	351	3	0	20	0.434782608696
0.0786714418289	0.0224948875256	27	351	3	0	20	0.425531914894
0.0788035391161	0.0204498977505	27	352	3	0	21	0.4375
0.078920225344	0.0204498977505	27	353	3	0	21	0.4375
0.0789645945516	0.0204498977505	27	354	3	0	21	0.4375
0.0791340646181	0.0204498977505	27	355	3	0	21	0.4375
0.0794409195223	0.0224948875256	28	355	3	0	21	0.428571428571
0.0794938476922	0.0224948875256	28	356	3	0	21	0.428571428571
0.0798888240191	0.0224948875256	28	357	3	0	21	0.428571428571
0.0801040040393	0.0224948875256	28	358	3	0	21	0.428571428571
0.0806092733726	0.0224948875256	28	359	3	0	21	0.428571428571
0.081139181853	0.0224948875256	28	360	3	0	21	0.428571428571
0.0811840037944	0.0224948875256	28	361	3	0	21	0.428571428571
0.081230078503	0.0224948875256	28	362	3	0	21	0.428571428571
0.0813785541862	0.0224948875256	28	363	3	0	21	0.428571428571
0.0815630675276	0.0224948875256	28	364	3	0	21	0.428571428571
0.0819277921763	0.0224948875256	28	365	3	0	21	0.428571428571
0.082123400407	0.0224948875256	28	366	3	0	21	0.428571428571
0.0821857451163	0.0224948875256	28	367	3	0	21	0.428571428571
0.0824071131927	0.0224948875256	28	368	3	0	21	0.428571428571
0.0829968321063	0.0224948875256	28	369	3	0	21	0.428571428571
0.0832213099323	0.0224948875256	28	370	3	0	21	0.428571428571
0.0832385040198	0.0224948875256	28	371	3	0	21	0.428571428571
0.0834703891292	0.0245398773006	29	371	3	0	21	0.42
0.0839563136938	0.0245398773006	29	372	3	0	21	0.42
0.0840038957224	0.0245398773006	29	373	3	0	21	0.42
0.0843411552795	0.0245398773006	29	374	3	0	21	0.42
0.0844869366242	0.0224948875256	29	375	3	0	22	0.43137254902
0.0846889199084	0.0224948875256	29	376	3	0	22	0.43137254902
0.0852203649402	0.0245398773006	30	376	3	0	22	0.423076923077
0.0854809910176	0.0245398773006	30	377	3	0	22	0.423076923077
0.0854872780166	0.0245398773006	30	378	3	0	22	0.423076923077
0.0856008010319	0.0245398773006	30	379	3	0	22	0.423076923077
0.0857140866895	0.0224948875256	30	380	3	0	23	0.433962264151
0.0860729699804	0.0224948875256	30	381	3	0	23	0.433962264151
0.0860983269029	0.0224948875256	30	382	3	0	23	0.433962264151
0.0861511059416	0.0224948875256	30	383	3	0	23	0.433962264151
0.0866914663139	0.0224948875256	30	384	3	0	23	0.433962264151
0.0873794364343	0.0224948875256	30	385	3	0	23	0.433962264151
0.0874401571625	0.0224948875256	30	386	3	0	23	0.433962264151
0.0877107748052	0.0224948875256	30	387	3	0	23	0.433962264151
0.0877587752622	0.0204498977505	30	388	3	0	24	0.444444444444
0.0878170519848	0.0204498977505	30	389	3	0	24	0.444444444444
0.0879345782862	0.0184049079755	30	390	3	0	25	0.454545454545
0.0879610952656	0.0184049079755	30	391	3	0	25	0.454545454545
0.0880428006138	0.0184049079755	30	392	3	0	25	0.454545454545
0.0881060534617	0.0184049079755	30	393	3	0	25	0.454545454545
0.0881597976645	0.0184049079755	30	394	3	0	25	0.454545454545
0.0881931515655	0.0184049079755	30	395	3	0	25	0.454545454545
0.0885131460745	0.0184049079755	30	396	3	0	25	0.454545454545
0.0885210376486	0.0184049079755	30	397	3	0	25	0.454545454545
0.0886033210666	0.0184049079755	30	398	3	0	25	0.454545454545
0.0888529049714	0.0184049079755	30	399	3	0	25	0.454545454545
0.0889079012962	0.0184049079755	30	400	3	0	25	0.454545454545
0.0889285229978	0.0184049079755	30	401	3	0	25	0.454545454545
0.0889615877174	0.0184049079755	30	402	3	0	25	0.454545454545
0.0890670956421	0.0184049079755	30	403	3	0	25	0.454545454545
0.08913912471	0.0184049079755	30	404	3	0	25	0.454545454545
0.0892112512971	0.0184049079755	30	405	3	0	25	0.454545454545
0.0894084462463	0.0184049079755	30	406	3	0	25	0.454545454545
0.0901714618383	0.0184049079755	30	407	3	0	25	0.454545454545
0.0903775305173	0.0184049079755	30	408	3	0	25	0.454545454545
0.0911301106723	0.0184049079755	30	409	3	0	25	0.454545454545
0.0914028294883	0.0204498977505	31	409	3	0	25	0.446428571429
0.0916057258071	0.0204498977505	31	410	3	0	25	0.446428571429
0.0917981500561	0.0204498977505	31	411	3	0	25	0.446428571429
0.0918466273803	0.0204498977505	31	412	3	0	25	0.446428571429
0.0922193698759	0.0204498977505	31	413	3	0	25	0.446428571429
0.0923744450546	0.0204498977505	31	414	3	0	25	0.446428571429
0.0924168366346	0.0204498977505	31	415	3	0	25	0.446428571429
0.0928919640638	0.0204498977505	31	416	3	0	25	0.446428571429
0.0933432653525	0.0204498977505	31	417	3	0	25	0.446428571429
0.0935686129006	0.0204498977505	31	418	3	0	25	0.446428571429
0.0936213007751	0.0204498977505	31	419	3	0	25	0.446428571429
0.0937183360325	0.0204498977505	31	420	3	0	25	0.446428571429
0.0939226496097	0.0204498977505	31	421	3	0	25	0.446428571429
0.0939854191378	0.0204498977505	31	422	3	0	25	0.446428571429
0.094107876072	0.0204498977505	31	423	3	0	25	0.446428571429
0.0946838256212	0.0204498977505	31	424	3	0	25	0.446428571429
0.0951320613976	0.0184049079755	31	425	3	0	26	0.456140350877
0.0954723044898	0.0184049079755	31	426	3	0	26	0.456140350877
0.0956647368269	0.0184049079755	31	427	3	0	26	0.456140350877
0.0958232148792	0.0184049079755	31	428	3	0	26	0.456140350877
0.0961813132987	0.0184049079755	31	429	3	0	26	0.456140350877
0.0963564805794	0.0204498977505	32	429	3	0	26	0.448275862069
0.0964340457667	0.0204498977505	32	430	3	0	26	0.448275862069
0.0964824991943	0.0204498977505	32	431	3	0	26	0.448275862069
0.0966111551901	0.0204498977505	32	432	3	0	26	0.448275862069
0.0966833672686	0.0204498977505	32	433	3	0	26	0.448275862069
0.0968048705734	0.0204498977505	32	434	3	0	26	0.448275862069
0.0971162961342	0.0204498977505	32	435	3	0	26	0.448275862069
0.0972266332832	0.0204498977505	32	436	3	0	26	0.448275862069
0.0972440555663	0.0204498977505	32	437	3	0	26	0.448275862069
0.0978855599688	0.0204498977505	32	438	3	0	26	0.448275862069
0.0980179698396	0.0204498977505	32	439	3	0	26	0.448275862069
0.0980585733284	0.0204498977505	32	440	3	0	26	0.448275862069
0.0987052985526	0.0204498977505	32	441	3	0	26	0.448275862069
0.099564233446	0.0204498977505	32	442	3	0	26	0.448275862069
0.0996917903149	0.0204498977505	32	443	3	0	26	0.448275862069
0.0999028523558	0.0204498977505	32	444	3	0	26	0.448275862069
0.100045370564	0.0204498977505	32	445	3	0	26	0.448275862069
0.100238977495	0.0204498977505	32	446	3	0	26	0.448275862069
0.100361454084	0.0204498977505	32	447	3	0	26	0.448275862069
0.100554026578	0.0204498977505	32	448	3	0	26	0.448275862069
0.101122821128	0.0204498977505	32	449	3	0	26	0.448275862069
0.101520071553	0.0204498977505	32	450	3	0	26	0.448275862069
0.101582235911	0.0204498977505	32	451	3	0	26	0.448275862069
0.10166372952	0.0204498977505	32	452	3	0	26	0.448275862069
0.101792180191	0.0204498977505	32	453	3	0	26	0.448275862069
0.10193755899	0.0204498977505	32	454	3	0	26	0.448275862069
0.102206939769	0.0204498977505	32	455	3	0	26	0.448275862069
0.102295710462	0.0204498977505	32	456	3	0	26	0.448275862069
0.102305031361	0.0204498977505	32	457	3	0	26	0.448275862069
0.10241151152	0.0204498977505	32	458	3	0	26	0.448275862069
0.102707308248	0.0204498977505	32	459	3	0	26	0.448275862069
0.102763333844	0.0204498977505	32	460	3	0	26	0.448275862069
0.102843301273	0.0204498977505	32	461	3	0	26	0.448275862069
0.103152454692	0.0204498977505	32	462	3	0	26	0.448275862069
0.103360025984	0.0204498977505	32	463	3	0	26	0.448275862069
0.103484644219	0.0204498977505	32	464	3	0	26	0.448275862069
0.103701417725	0.0204498977505	32	465	3	0	26	0.448275862069
0.104212689535	0.0204498977505	32	466	3	0	26	0.448275862069
0.104337773132	0.0184049079755	32	467	3	0	27	0.457627118644
0.104530091952	0.0184049079755	32	468	3	0	27	0.457627118644
0.104719294222	0.0184049079755	32	469	3	0	27	0.457627118644
0.105250392618	0.0184049079755	32	470	3	0	27	0.457627118644
0.105343564112	0.0184049079755	32	471	3	0	27	0.457627118644
0.105438373053	0.0184049079755	32	472	3	0	27	0.457627118644
0.105492726885	0.0184049079755	32	473	3	0	27	0.457627118644
0.105645471047	0.0184049079755	32	474	3	0	27	0.457627118644
0.105694730029	0.0184049079755	32	475	3	0	27	0.457627118644
0.105739648178	0.0184049079755	32	476	3	0	27	0.457627118644
0.10575301847	0.0163599182004	32	477	3	0	28	0.466666666667
0.105789204058	0.0163599182004	32	478	3	0	28	0.466666666667
0.106009721781	0.0163599182004	32	479	3	0	28	0.466666666667
0.106102797069	0.0163599182004	32	480	3	0	28	0.466666666667
0.106346029512	0.0163599182004	32	481	3	0	28	0.466666666667
0.106708512127	0.0163599182004	32	482	3	0	28	0.466666666667
0.106824664269	0.0163599182004	32	483	3	0	28	0.466666666667
0.107022981321	0.0163599182004	32	484	3	0	28	0.466666666667
0.107093522228	0.0184049079755	33	484	3	0	28	0.459016393443
0.107110841255	0.0163599182004	33	485	3	0	29	0.467741935484
0.107220857107	0.0163599182004	33	486	3	0	29	0.467741935484
0.107356031054	0.0143149284254	33	487	3	0	30	0.47619047619
0.107516329797	0.0163599182004	34	487	3	0	30	0.46875
0.107968309326	0.0163599182004	34	488	3	0	30	0.46875
0.108048022836	0.0163599182004	34	489	3	0	30	0.46875
0.108203888645	0.0184049079755	35	489	3	0	30	0.461538461538
0.108667072826	0.0184049079755	35	490	3	0	30	0.461538461538
0.108688225913	0.0184049079755	35	491	3	0	30	0.461538461538
0.108736405227	0.0184049079755	35	492	3	0	30	0.461538461538
0.108811731956	0.0184049079755	35	493	3	0	30	0.461538461538
0.108820134306	0.0184049079755	35	494	3	0	30	0.461538461538
0.108823259051	0.0184049079755	35	495	3	0	30	0.461538461538
0.108857558203	0.0184049079755	35	496	3	0	30	0.461538461538
0.109042172912	0.0184049079755	35	497	3	0	30	0.461538461538
0.110101178141	0.0163599182004	35	498	3	0	31	0.469696969697
0.110174452957	0.0163599182004	35	499	3	0	31	0.469696969697
0.110508530158	0.0163599182004	35	500	3	0	31	0.469696969697
0.110606475573	0.0184049079755	36	500	3	0	31	0.462686567164
0.110693156879	0.0184049079755	36	501	3	0	31	0.462686567164
0.110997731142	0.0184049079755	36	502	3	0	31	0.462686567164
0.111385625175	0.0184049079755	36	503	3	0	31	0.462686567164
0.111489516107	0.0184049079755	36	504	3	0	31	0.462686567164
0.111560521385	0.0204498977505	37	504	3	0	31	0.455882352941
0.112720212919	0.0204498977505	37	505	3	0	31	0.455882352941
0.112875305372	0.0204498977505	37	506	3	0	31	0.455882352941
0.113099314171	0.0204498977505	37	507	3	0	31	0.455882352941
0.113149223183	0.0204498977505	37	508	3	0	31	0.455882352941
0.113570222599	0.0204498977505	37	509	3	0	31	0.455882352941
0.113827890766	0.0204498977505	37	510	3	0	31	0.455882352941
0.113893159795	0.0204498977505	37	511	3	0	31	0.455882352941
0.114313783902	0.0204498977505	37	512	3	0	31	0.455882352941
0.114347834188	0.0204498977505	37	513	3	0	31	0.455882352941
0.11466460138	0.0204498977505	37	514	3	0	31	0.455882352941
0.114736684244	0.0204498977505	37	515	3	0	31	0.455882352941
0.115071845366	0.0204498977505	37	516	3	0	31	0.455882352941
0.115179062254	0.0204498977505	37	517	3	0	31	0.455882352941
0.115210440966	0.0204498977505	37	518	3	0	31	0.455882352941
0.115547915526	0.0184049079755	37	519	3	0	32	0.463768115942
0.115629929362	0.0184049079755	37	520	3	0	32	0.463768115942
0.115651970895	0.0184049079755	37	521	3	0	32	0.463768115942
0.11566800473	0.0184049079755	37	522	3	0	32	0.463768115942
0.115993862429	0.0184049079755	37	523	3	0	32	0.463768115942
0.116446562369	0.0184049079755	37	524	3	0	32	0.463768115942
0.116638067443	0.0184049079755	37	525	3	0	32	0.463768115942
0.116761488643	0.0184049079755	37	526	3	0	32	0.463768115942
0.116817298755	0.0184049079755	37	527	3	0	32	0.463768115942
0.116877845482	0.0204498977505	38	527	3	0	32	0.457142857143
0.117054926778	0.0204498977505	38	528	3	0	32	0.457142857143
0.117247569687	0.0224948875256	39	528	3	0	32	0.450704225352
0.117355108825	0.0224948875256	39	529	3	0	32	0.450704225352
0.117526388675	0.0224948875256	39	530	3	0	32	0.450704225352
0.117741129618	0.0224948875256	39	531	3	0	32	0.450704225352
0.11808442187	0.0224948875256	39	532	3	0	32	0.450704225352
0.118626468484	0.0224948875256	39	533	3	0	32	0.450704225352
0.118883981746	0.0224948875256	39	534	3	0	32	0.450704225352
0.119460833712	0.0224948875256	39	535	3	0	32	0.450704225352
0.119595963681	0.0224948875256	39	536	3	0	32	0.450704225352
0.119760414843	0.0224948875256	39	537	3	0	32	0.450704225352
0.119856207265	0.0224948875256	39	538	3	0	32	0.450704225352
0.119920336078	0.0224948875256	39	539	3	0	32	0.450704225352
0.119997391046	0.0224948875256	39	540	3	0	32	0.450704225352
0.12002279564	0.0224948875256	39	541	3	0	32	0.450704225352
0.120572036736	0.0224948875256	39	542	3	0	32	0.450704225352
0.120743124618	0.0224948875256	39	543	3	0	32	0.450704225352
0.121099278724	0.0224948875256	39	544	3	0	32	0.450704225352
0.121296649454	0.0204498977505	39	545	3	0	33	0.458333333333
0.122010483487	0.0204498977505	39	546	3	0	33	0.458333333333
0.122155196996	0.0204498977505	39	547	3	0	33	0.458333333333
0.122156961319	0.0204498977505	39	548	3	0	33	0.458333333333
0.122414030618	0.0204498977505	39	549	3	0	33	0.458333333333
0.12252084166	0.0204498977505	39	550	3	0	33	0.458333333333
0.122782709722	0.0204498977505	39	551	3	0	33	0.458333333333
0.123115821174	0.0184049079755	39	552	3	0	34	0.465753424658
0.123433179847	0.0184049079755	39	553	3	0	34	0.465753424658
0.123552690734	0.0184049079755	39	554	3	0	34	0.465753424658
0.12376938899	0.0184049079755	39	555	3	0	34	0.465753424658
0.123914093747	0.0184049079755	39	556	3	0	34	0.465753424658
0.124121133254	0.0184049079755	39	557	3	0	34	0.465753424658
0.124186791211	0.0184049079755	39	558	3	0	34	0.465753424658
0.1242376051	0.0163599182004	39	559	3	0	35	0.472972972973
0.124721912403	0.0163599182004	39	560	3	0	35	0.472972972973
0.124810307817	0.0163599182004	39	561	3	0	35	0.472972972973
0.125203430774	0.0163599182004	39	562	3	0	35	0.472972972973
0.125641843247	0.0163599182004	39	563	3	0	35	0.472972972973
0.125820784895	0.0163599182004	39	564	3	0	35	0.472972972973
0.126112931107	0.0163599182004	39	565	3	0	35	0.472972972973
0.126228786921	0.0163599182004	39	566	3	0	35	0.472972972973
0.126899195461	0.0163599182004	39	567	3	0	35	0.472972972973
0.126965723977	0.0163599182004	39	568	3	0	35	0.472972972973
0.127096589777	0.0163599182004	39	569	3	0	35	0.472972972973
0.127366927243	0.0163599182004	39	570	3	0	35	0.472972972973
0.127394190319	0.0163599182004	39	571	3	0	35	0.472972972973
0.127562396184	0.0163599182004	39	572	3	0	35	0.472972972973
0.127582075352	0.0163599182004	39	573	3	0	35	0.472972972973
0.127618889098	0.0163599182004	39	574	3	0	35	0.472972972973
0.127702680083	0.0184049079755	40	574	3	0	35	0.466666666667
0.127980838873	0.0184049079755	40	575	3	0	35	0.466666666667
0.128047559499	0.0184049079755	40	576	3	0	35	0.466666666667
0.12843782778	0.0184049079755	40	577	3	0	35	0.466666666667
0.128532113748	0.0184049079755	40	578	3	0	35	0.466666666667
0.128539394899	0.0184049079755	40	579	3	0	35	0.466666666667
0.128554680283	0.0184049079755	40	580	3	0	35	0.466666666667
0.128827711378	0.0184049079755	40	581	3	0	35	0.466666666667
0.129075933374	0.0184049079755	40	582	3	0	35	0.466666666667
0.129132186298	0.0184049079755	40	583	3	0	35	0.466666666667
0.129258292783	0.0204498977505	41	583	3	0	35	0.460526315789
0.129451493466	0.0224948875256	42	583	3	0	35	0.454545454545
0.130034492142	0.0245398773006	43	583	3	0	35	0.448717948718
0.130435979096	0.0245398773006	43	584	3	0	35	0.448717948718
0.130442543863	0.0245398773006	43	585	3	0	35	0.448717948718
0.130547235738	0.0245398773006	43	586	3	0	35	0.448717948718
0.130957854537	0.0245398773006	43	587	3	0	35	0.448717948718
0.131186341371	0.0245398773006	43	588	3	0	35	0.448717948718
0.131409579065	0.0224948875256	43	589	3	0	36	0.455696202532
0.131462778781	0.0224948875256	43	590	3	0	36	0.455696202532
0.131627389221	0.0224948875256	43	591	3	0	36	0.455696202532
0.131757991785	0.0224948875256	43	592	3	0	36	0.455696202532
0.131785065664	0.0224948875256	43	593	3	0	36	0.455696202532
0.131813193044	0.0224948875256	43	594	3	0	36	0.455696202532
0.132036526383	0.0204498977505	43	595	3	0	37	0.4625
0.132066951087	0.0224948875256	44	595	3	0	37	0.456790123457
0.132115860594	0.0224948875256	44	596	3	0	37	0.456790123457
0.132421610678	0.0224948875256	44	597	3	0	37	0.456790123457
0.132772972535	0.0224948875256	44	598	3	0	37	0.456790123457
0.132888976141	0.0224948875256	44	599	3	0	37	0.456790123457
0.132973794197	0.0224948875256	44	600	3	0	37	0.456790123457
0.133098666323	0.0224948875256	44	601	3	0	37	0.456790123457
0.133137991072	0.0224948875256	44	602	3	0	37	0.456790123457
0.133590506786	0.0224948875256	44	603	3	0	37	0.456790123457
0.133726043263	0.0204498977505	44	604	3	0	38	0.463414634146
0.134099208115	0.0204498977505	44	605	3	0	38	0.463414634146
0.134424297877	0.0204498977505	44	606	3	0	38	0.463414634146
0.134780380805	0.0224948875256	45	606	3	0	38	0.457831325301
0.13492339634	0.0224948875256	45	607	3	0	38	0.457831325301
0.134981572626	0.0204498977505	45	608	3	0	39	0.464285714286
0.135339010339	0.0204498977505	45	609	3	0	39	0.464285714286
0.135477059095	0.0204498977505	45	610	3	0	39	0.464285714286
0.13550905541	0.0204498977505	45	611	3	0	39	0.464285714286
0.135562653659	0.0204498977505	45	612	3	0	39	0.464285714286
0.135725929162	0.0204498977505	45	613	3	0	39	0.464285714286
0.135891667751	0.0204498977505	45	614	3	0	39	0.464285714286
0.135905632269	0.0204498977505	45	615	3	0	39	0.464285714286
0.13594409251	0.0204498977505	45	616	3	0	39	0.464285714286
0.136546484525	0.0204498977505	45	617	3	0	39	0.464285714286
0.136758317207	0.0224948875256	46	617	3	0	39	0.458823529412
0.137475796398	0.0224948875256	46	618	3	0	39	0.458823529412
0.137948363605	0.0224948875256	46	619	3	0	39	0.458823529412
0.138022869251	0.0204498977505	46	620	3	0	40	0.46511627907
0.138596549117	0.0204498977505	46	621	3	0	40	0.46511627907
0.138618761561	0.0204498977505	46	622	3	0	40	0.46511627907
0.139110530745	0.0204498977505	46	623	3	0	40	0.46511627907
0.139535551015	0.0224948875256	47	623	3	0	40	0.459770114943
0.139785527696	0.0224948875256	47	624	3	0	40	0.459770114943
0.139909315216	0.0224948875256	47	625	3	0	40	0.459770114943
0.139962312402	0.0224948875256	47	626	3	0	40	0.459770114943
0.139966577085	0.0224948875256	47	627	3	0	40	0.459770114943
0.140108163525	0.0224948875256	47	628	3	0	40	0.459770114943
0.140129501158	0.0224948875256	47	629	3	0	40	0.459770114943
0.140209270124	0.0224948875256	47	630	3	0	40	0.459770114943
0.140364917709	0.0224948875256	47	631	3	0	40	0.459770114943
0.140654134311	0.0224948875256	47	632	3	0	40	0.459770114943
0.141095916386	0.0224948875256	47	633	3	0	40	0.459770114943
0.141571985626	0.0224948875256	47	634	3	0	40	0.459770114943
0.141586536666	0.0224948875256	47	635	3	0	40	0.459770114943
0.141799016818	0.0224948875256	47	636	3	0	40	0.459770114943
0.141808238014	0.0224948875256	47	637	3	0	40	0.459770114943
0.141968988963	0.0224948875256	47	638	3	0	40	0.459770114943
0.142718673977	0.0224948875256	47	639	3	0	40	0.459770114943
0.142730922911	0.0204498977505	47	640	3	0	41	0.465909090909
0.142762539972	0.0204498977505	47	641	3	0	41	0.465909090909
0.143127107279	0.0204498977505	47	642	3	0	41	0.465909090909
0.143215197091	0.0224948875256	48	642	3	0	41	0.460674157303
0.144025261902	0.0224948875256	48	643	3	0	41	0.460674157303
0.144192477655	0.0204498977505	48	644	3	0	42	0.466666666667
0.144545812501	0.0204498977505	48	645	3	0	42	0.466666666667
0.144867267438	0.0204498977505	48	646	3	0	42	0.466666666667
0.145096631593	0.0224948875256	49	646	3	0	42	0.461538461538
0.145156062258	0.0224948875256	49	647	3	0	42	0.461538461538
0.145196495754	0.0224948875256	49	648	3	0	42	0.461538461538
0.145509956244	0.0224948875256	49	649	3	0	42	0.461538461538
0.145520104922	0.0224948875256	49	650	3	0	42	0.461538461538
0.145604794441	0.0224948875256	49	651	3	0	42	0.461538461538
0.145662863248	0.0224948875256	49	652	3	0	42	0.461538461538
0.146230952033	0.0224948875256	49	653	3	0	42	0.461538461538
0.146374836242	0.0224948875256	49	654	3	0	42	0.461538461538
0.146565558114	0.0224948875256	49	655	3	0	42	0.461538461538
0.146851355156	0.0224948875256	49	656	3	0	42	0.461538461538
0.146992061518	0.0224948875256	49	657	3	0	42	0.461538461538
0.14755660985	0.0224948875256	49	658	3	0	42	0.461538461538
0.14759355505	0.0224948875256	49	659	3	0	42	0.461538461538
0.147744514967	0.0245398773006	50	659	3	0	42	0.45652173913
0.147983489094	0.0245398773006	50	660	3	0	42	0.45652173913
0.148028466342	0.0245398773006	50	661	3	0	42	0.45652173913
0.148140344919	0.0245398773006	50	662	3	0	42	0.45652173913
0.148251944075	0.0265848670757	51	662	3	0	42	0.451612903226
0.148341072456	0.0265848670757	51	663	3	0	42	0.451612903226
0.148478148648	0.0286298568507	52	663	3	0	42	0.446808510638
0.148806453927	0.0265848670757	52	664	3	0	43	0.452631578947
0.148825025862	0.0265848670757	52	665	3	0	43	0.452631578947
0.149455695307	0.0265848670757	52	666	3	0	43	0.452631578947
0.150098309291	0.0265848670757	52	667	3	0	43	0.452631578947
0.150179977474	0.0265848670757	52	668	3	0	43	0.452631578947
0.150183930722	0.0265848670757	52	669	3	0	43	0.452631578947
0.150196029387	0.0265848670757	52	670	3	0	43	0.452631578947
0.151190372171	0.0265848670757	52	671	3	0	43	0.452631578947
0.151434731342	0.0265848670757	52	672	3	0	43	0.452631578947
0.151446119233	0.0265848670757	52	673	3	0	43	0.452631578947
0.151694113184	0.0265848670757	52	674	3	0	43	0.452631578947
0.151734181969	0.0265848670757	52	675	3	0	43	0.452631578947
0.151777651387	0.0265848670757	52	676	3	0	43	0.452631578947
0.151784896047	0.0286298568507	53	676	3	0	43	0.447916666667
0.151956944906	0.0286298568507	53	677	3	0	43	0.447916666667
0.152513059636	0.0286298568507	53	678	3	0	43	0.447916666667
0.152978730724	0.0286298568507	53	679	3	0	43	0.447916666667
0.153261286305	0.0286298568507	53	680	3	0	43	0.447916666667
0.153334028256	0.0286298568507	53	681	3	0	43	0.447916666667
0.153365771409	0.0286298568507	53	682	3	0	43	0.447916666667
0.153396583444	0.0286298568507	53	683	3	0	43	0.447916666667
0.153427551922	0.0286298568507	53	684	3	0	43	0.447916666667
0.153794602024	0.0286298568507	53	685	3	0	43	0.447916666667
0.154213176935	0.0286298568507	53	686	3	0	43	0.447916666667
0.154303805174	0.0286298568507	53	687	3	0	43	0.447916666667
0.154341333901	0.0286298568507	53	688	3	0	43	0.447916666667
0.154342165221	0.0265848670757	53	689	3	0	44	0.453608247423
0.154543100275	0.0265848670757	53	690	3	0	44	0.453608247423
0.154609578779	0.0265848670757	53	691	3	0	44	0.453608247423
0.154808287991	0.0265848670757	53	692	3	0	44	0.453608247423
0.154921511612	0.0265848670757	53	693	3	0	44	0.453608247423
0.154965751962	0.0245398773006	53	694	3	0	45	0.459183673469
0.155218587174	0.0245398773006	53	695	3	0	45	0.459183673469
0.155223522621	0.0245398773006	53	696	3	0	45	0.459183673469
0.155499730671	0.0245398773006	53	697	3	0	45	0.459183673469
0.155671204087	0.0245398773006	53	698	3	0	45	0.459183673469
0.155803560615	0.0224948875256	53	699	3	0	46	0.464646464646
0.155879695736	0.0224948875256	53	700	3	0	46	0.464646464646
0.155942978415	0.0224948875256	53	701	3	0	46	0.464646464646
0.155966019075	0.0245398773006	54	701	3	0	46	0.46
0.15606321468	0.0245398773006	54	702	3	0	46	0.46
0.156076475413	0.0245398773006	54	703	3	0	46	0.46
0.156213306268	0.0245398773006	54	704	3	0	46	0.46
0.156249081058	0.0245398773006	54	705	3	0	46	0.46
0.156323899445	0.0265848670757	55	705	3	0	46	0.455445544554
0.15637880051	0.0265848670757	55	706	3	0	46	0.455445544554
0.156421975388	0.0265848670757	55	707	3	0	46	0.455445544554
0.156941977528	0.0265848670757	55	708	3	0	46	0.455445544554
0.156948235343	0.0265848670757	55	709	3	0	46	0.455445544554
0.157135461022	0.0265848670757	55	710	3	0	46	0.455445544554
0.157145035405	0.0265848670757	55	711	3	0	46	0.455445544554
0.157193029476	0.0265848670757	55	712	3	0	46	0.455445544554
0.157197703562	0.0265848670757	55	713	3	0	46	0.455445544554
0.157354489524	0.0265848670757	55	714	3	0	46	0.455445544554
0.157358896996	0.0265848670757	55	715	3	0	46	0.455445544554
0.157536829127	0.0265848670757	55	716	3	0	46	0.455445544554
0.15790891106	0.0265848670757	55	717	3	0	46	0.455445544554
0.15816236981	0.0265848670757	55	718	3	0	46	0.455445544554
0.158418196007	0.0265848670757	55	719	3	0	46	0.455445544554
0.158717438112	0.0286298568507	56	719	3	0	46	0.450980392157
0.159173004467	0.0286298568507	56	720	3	0	46	0.450980392157
0.159537804145	0.0286298568507	56	721	3	0	46	0.450980392157
0.159612892711	0.0286298568507	56	722	3	0	46	0.450980392157
0.159992588298	0.0306748466258	57	722	3	0	46	0.446601941748
0.160121355496	0.0306748466258	57	723	3	0	46	0.446601941748
0.160184063251	0.0306748466258	57	724	3	0	46	0.446601941748
0.160417407506	0.0306748466258	57	725	3	0	46	0.446601941748
0.160454472363	0.0306748466258	57	726	3	0	46	0.446601941748
0.160518282048	0.0327198364008	58	726	3	0	46	0.442307692308
0.160540066946	0.0327198364008	58	727	3	0	46	0.442307692308
0.160856640047	0.0327198364008	58	728	3	0	46	0.442307692308
0.161074437908	0.0327198364008	58	729	3	0	46	0.442307692308
0.161304087039	0.0327198364008	58	730	3	0	46	0.442307692308
0.161305837885	0.0327198364008	58	731	3	0	46	0.442307692308
0.161550335875	0.0327198364008	58	732	3	0	46	0.442307692308
0.162159307662	0.0327198364008	58	733	3	0	46	0.442307692308
0.162177036341	0.0347648261759	59	733	3	0	46	0.438095238095
0.162254687436	0.0327198364008	59	734	3	0	47	0.443396226415
0.162748255414	0.0347648261759	60	734	3	0	47	0.439252336449
0.16277907092	0.0327198364008	60	735	3	0	48	0.444444444444
0.162859267332	0.0327198364008	60	736	3	0	48	0.444444444444
0.162982024856	0.0327198364008	60	737	3	0	48	0.444444444444
0.163224430453	0.0327198364008	60	738	3	0	48	0.444444444444
0.163302971661	0.0327198364008	60	739	3	0	48	0.444444444444
0.163415012915	0.0327198364008	60	740	3	0	48	0.444444444444
0.163473998918	0.0327198364008	60	741	3	0	48	0.444444444444
0.163839159975	0.0327198364008	60	742	3	0	48	0.444444444444
0.163852011398	0.0327198364008	60	743	3	0	48	0.444444444444
0.16400339248	0.0306748466258	60	744	3	0	49	0.449541284404
0.164062893701	0.0306748466258	60	745	3	0	49	0.449541284404
0.16442067994	0.0306748466258	60	746	3	0	49	0.449541284404
0.164615287962	0.0306748466258	60	747	3	0	49	0.449541284404
0.164945393718	0.0327198364008	61	747	3	0	49	0.445454545455
0.16520049891	0.0327198364008	61	748	3	0	49	0.445454545455
0.165448535369	0.0327198364008	61	749	3	0	49	0.445454545455
0.165697908652	0.0327198364008	61	750	3	0	49	0.445454545455
0.165790968641	0.0327198364008	61	751	3	0	49	0.445454545455
0.166345509116	0.0327198364008	61	752	3	0	49	0.445454545455
0.166503279385	0.0327198364008	61	753	3	0	49	0.445454545455
0.166907195635	0.0347648261759	62	753	3	0	49	0.441441441441
0.167110738945	0.0347648261759	62	754	3	0	49	0.441441441441
0.167432184956	0.0347648261759	62	755	3	0	49	0.441441441441
0.167459920547	0.0347648261759	62	756	3	0	49	0.441441441441
0.16807275979	0.0327198364008	62	757	3	0	50	0.446428571429
0.168562779934	0.0327198364008	62	758	3	0	50	0.446428571429
0.168695256958	0.0327198364008	62	759	3	0	50	0.446428571429
0.168702396617	0.0327198364008	62	760	3	0	50	0.446428571429
0.16889318315	0.0327198364008	62	761	3	0	50	0.446428571429
0.168901381849	0.0327198364008	62	762	3	0	50	0.446428571429
0.168947851129	0.0327198364008	62	763	3	0	50	0.446428571429
0.169120621391	0.0327198364008	62	764	3	0	50	0.446428571429
0.16942840196	0.0327198364008	62	765	3	0	50	0.446428571429
0.169825568517	0.0327198364008	62	766	3	0	50	0.446428571429
0.170051654712	0.0327198364008	62	767	3	0	50	0.446428571429
0.170322956663	0.0327198364008	62	768	3	0	50	0.446428571429
0.170563792557	0.0327198364008	62	769	3	0	50	0.446428571429
0.170575146717	0.0327198364008	62	770	3	0	50	0.446428571429
0.170725982328	0.0327198364008	62	771	3	0	50	0.446428571429
0.170777933455	0.0327198364008	62	772	3	0	50	0.446428571429
0.170953197246	0.0327198364008	62	773	3	0	50	0.446428571429
0.171000028542	0.0327198364008	62	774	3	0	50	0.446428571429
0.171340425306	0.0327198364008	62	775	3	0	50	0.446428571429
0.171355442162	0.0327198364008	62	776	3	0	50	0.446428571429
0.171480395631	0.0327198364008	62	777	3	0	50	0.446428571429
0.17158593145	0.0327198364008	62	778	3	0	50	0.446428571429
0.171817760608	0.0327198364008	62	779	3	0	50	0.446428571429
0.172235128776	0.0306748466258	62	780	3	0	51	0.451327433628
0.172271488636	0.0306748466258	62	781	3	0	51	0.451327433628
0.172295904309	0.0286298568507	62	782	3	0	52	0.456140350877
0.172610906637	0.0286298568507	62	783	3	0	52	0.456140350877
0.173113539129	0.0265848670757	62	784	3	0	53	0.460869565217
0.173479184022	0.0265848670757	62	785	3	0	53	0.460869565217
0.174149697175	0.0265848670757	62	786	3	0	53	0.460869565217
0.174232657639	0.0265848670757	62	787	3	0	53	0.460869565217
0.174286552447	0.0224948875256	62	788	3	0	55	0.470085470085
0.174482787634	0.0224948875256	62	789	3	0	55	0.470085470085
0.174501951485	0.0224948875256	62	790	3	0	55	0.470085470085
0.1746713784	0.0224948875256	62	791	3	0	55	0.470085470085
0.174710007571	0.0224948875256	62	792	3	0	55	0.470085470085
0.174712349413	0.0224948875256	62	793	3	0	55	0.470085470085
0.174851512222	0.0224948875256	62	794	3	0	55	0.470085470085
0.174855045574	0.0224948875256	62	795	3	0	55	0.470085470085
0.174920962311	0.0224948875256	62	796	3	0	55	0.470085470085
0.175141455613	0.0224948875256	62	797	3	0	55	0.470085470085
0.175231269255	0.0224948875256	62	798	3	0	55	0.470085470085
0.175488251028	0.0224948875256	62	799	3	0	55	0.470085470085
0.175593829149	0.0224948875256	62	800	3	0	55	0.470085470085
0.175830773445	0.0245398773006	63	800	3	0	55	0.466101694915
0.17618406421	0.0245398773006	63	801	3	0	55	0.466101694915
0.176199709621	0.0245398773006	63	802	3	0	55	0.466101694915
0.176731126983	0.0245398773006	63	803	3	0	55	0.466101694915
0.176901400474	0.0245398773006	63	804	3	0	55	0.466101694915
0.176913419774	0.0245398773006	63	805	3	0	55	0.466101694915
0.177051313022	0.0245398773006	63	806	3	0	55	0.466101694915
0.177294871712	0.0245398773006	63	807	3	0	55	0.466101694915
0.177764402074	0.0245398773006	63	808	3	0	55	0.466101694915
0.178005421745	0.0245398773006	63	809	3	0	55	0.466101694915
0.178215391992	0.0245398773006	63	810	3	0	55	0.466101694915
0.178326647072	0.0245398773006	63	811	3	0	55	0.466101694915
0.178355743645	0.0245398773006	63	812	3	0	55	0.466101694915
0.178362046094	0.0245398773006	63	813	3	0	55	0.466101694915
0.178566409827	0.0245398773006	63	814	3	0	55	0.466101694915
0.178831688557	0.0245398773006	63	815	3	0	55	0.466101694915
0.178860311442	0.0245398773006	63	816	3	0	55	0.466101694915
0.178911457972	0.0265848670757	64	816	3	0	55	0.46218487395
0.179135163683	0.0265848670757	64	817	3	0	55	0.46218487395
0.17918841811	0.0265848670757	64	818	3	0	55	0.46218487395
0.179655661616	0.0265848670757	64	819	3	0	55	0.46218487395
0.179727371413	0.0265848670757	64	820	3	0	55	0.46218487395
0.179828539196	0.0265848670757	64	821	3	0	55	0.46218487395
0.180405837569	0.0265848670757	64	822	3	0	55	0.46218487395
0.180418765461	0.0245398773006	64	823	3	0	56	0.466666666667
0.180926329189	0.0245398773006	64	824	3	0	56	0.466666666667
0.181750296353	0.0245398773006	64	825	3	0	56	0.466666666667
0.181932839644	0.0245398773006	64	826	3	0	56	0.466666666667
0.182365724125	0.0245398773006	64	827	3	0	56	0.466666666667
0.182763534561	0.0245398773006	64	828	3	0	56	0.466666666667
0.182805891513	0.0245398773006	64	829	3	0	56	0.466666666667
0.182938671189	0.0245398773006	64	830	3	0	56	0.466666666667
0.183038674541	0.0245398773006	64	831	3	0	56	0.466666666667
0.183738552697	0.0245398773006	64	832	3	0	56	0.466666666667
0.183784370707	0.0224948875256	64	833	3	0	57	0.471074380165
0.184168095191	0.0224948875256	64	834	3	0	57	0.471074380165
0.184664190735	0.0224948875256	64	835	3	0	57	0.471074380165
0.184721638559	0.0224948875256	64	836	3	0	57	0.471074380165
0.184789313158	0.0224948875256	64	837	3	0	57	0.471074380165
0.184845093408	0.0224948875256	64	838	3	0	57	0.471074380165
0.185186757766	0.0224948875256	64	839	3	0	57	0.471074380165
0.1855936195	0.0224948875256	64	840	3	0	57	0.471074380165
0.18572988162	0.0224948875256	64	841	3	0	57	0.471074380165
0.185850664044	0.0224948875256	64	842	3	0	57	0.471074380165
0.185949652181	0.0224948875256	64	843	3	0	57	0.471074380165
0.186059383328	0.0224948875256	64	844	3	0	57	0.471074380165
0.186535736671	0.0224948875256	64	845	3	0	57	0.471074380165
0.186740466672	0.0224948875256	64	846	3	0	57	0.471074380165
0.186807291443	0.0224948875256	64	847	3	0	57	0.471074380165
0.186829587151	0.0224948875256	64	848	3	0	57	0.471074380165
0.187181986929	0.0224948875256	64	849	3	0	57	0.471074380165
0.187638893722	0.0224948875256	64	850	3	0	57	0.471074380165
0.18790514171	0.0224948875256	64	851	3	0	57	0.471074380165
0.188033397779	0.0204498977505	64	852	3	0	58	0.475409836066
0.188290091274	0.0204498977505	64	853	3	0	58	0.475409836066
0.188383629815	0.0204498977505	64	854	3	0	58	0.475409836066
0.188856089093	0.0204498977505	64	855	3	0	58	0.475409836066
0.189030566549	0.0204498977505	64	856	3	0	58	0.475409836066
0.189037136884	0.0204498977505	64	857	3	0	58	0.475409836066
0.189162511729	0.0204498977505	64	858	3	0	58	0.475409836066
0.189658248316	0.0204498977505	64	859	3	0	58	0.475409836066
0.189730268043	0.0224948875256	65	859	3	0	58	0.471544715447
0.190063733518	0.0224948875256	65	860	3	0	58	0.471544715447
0.190298751706	0.0224948875256	65	861	3	0	58	0.471544715447
0.190337980665	0.0204498977505	65	862	3	0	59	0.475806451613
0.190341729096	0.0204498977505	65	863	3	0	59	0.475806451613
0.190535023274	0.0204498977505	65	864	3	0	59	0.475806451613
0.190558293481	0.0204498977505	65	865	3	0	59	0.475806451613
0.190579749597	0.0204498977505	65	866	3	0	59	0.475806451613
0.191011824091	0.0204498977505	65	867	3	0	59	0.475806451613
0.191056800141	0.0204498977505	65	868	3	0	59	0.475806451613
0.191068756831	0.0204498977505	65	869	3	0	59	0.475806451613
0.192267826929	0.0204498977505	65	870	3	0	59	0.475806451613
0.192328801769	0.0204498977505	65	871	3	0	59	0.475806451613
0.192434932068	0.0204498977505	65	872	3	0	59	0.475806451613
0.192576252827	0.0204498977505	65	873	3	0	59	0.475806451613
0.192694377477	0.0204498977505	65	874	3	0	59	0.475806451613
0.192952063707	0.0204498977505	65	875	3	0	59	0.475806451613
0.192962970766	0.0204498977505	65	876	3	0	59	0.475806451613
0.193738561249	0.0184049079755	65	877	3	0	60	0.48
0.193969896931	0.0184049079755	65	878	3	0	60	0.48
0.193975787906	0.0184049079755	65	879	3	0	60	0.48
0.194042226264	0.0184049079755	65	880	3	0	60	0.48
0.194128957612	0.0184049079755	65	881	3	0	60	0.48
0.19443153853	0.0184049079755	65	882	3	0	60	0.48
0.194710130692	0.0184049079755	65	883	3	0	60	0.48
0.194995038776	0.0184049079755	65	884	3	0	60	0.48
0.195166555136	0.0184049079755	65	885	3	0	60	0.48
0.19523736044	0.0184049079755	65	886	3	0	60	0.48
0.195778703105	0.0184049079755	65	887	3	0	60	0.48
0.195783533662	0.0184049079755	65	888	3	0	60	0.48
0.195786579313	0.0184049079755	65	889	3	0	60	0.48
0.196090651094	0.0184049079755	65	890	3	0	60	0.48
0.196388345165	0.0184049079755	65	891	3	0	60	0.48
0.196562977704	0.0184049079755	65	892	3	0	60	0.48
0.196583296013	0.0184049079755	65	893	3	0	60	0.48
0.196670096593	0.0184049079755	65	894	3	0	60	0.48
0.196774605786	0.0184049079755	65	895	3	0	60	0.48
0.19684321341	0.0184049079755	65	896	3	0	60	0.48
0.19696523807	0.0184049079755	65	897	3	0	60	0.48
0.19712114749	0.0184049079755	65	898	3	0	60	0.48
0.197636196865	0.0184049079755	65	899	3	0	60	0.48
0.197714165917	0.0184049079755	65	900	3	0	60	0.48
0.197998426255	0.0184049079755	65	901	3	0	60	0.48
0.198040853739	0.0204498977505	66	901	3	0	60	0.47619047619
0.198384006403	0.0204498977505	66	902	3	0	60	0.47619047619
0.198452858193	0.0204498977505	66	903	3	0	60	0.47619047619
0.19846423596	0.0204498977505	66	904	3	0	60	0.47619047619
0.198850352194	0.0204498977505	66	905	3	0	60	0.47619047619
0.199046445065	0.0204498977505	66	906	3	0	60	0.47619047619
0.199174832749	0.0204498977505	66	907	3	0	60	0.47619047619
0.199241870659	0.0204498977505	66	908	3	0	60	0.47619047619
0.199367239466	0.0184049079755	66	909	3	0	61	0.48031496063
0.199604654094	0.0184049079755	66	910	3	0	61	0.48031496063
0.199679245574	0.0184049079755	66	911	3	0	61	0.48031496063
0.200477572734	0.0184049079755	66	912	3	0	61	0.48031496063
0.200547803371	0.0184049079755	66	913	3	0	61	0.48031496063
0.200860725483	0.0184049079755	66	914	3	0	61	0.48031496063
0.201001347827	0.0184049079755	66	915	3	0	61	0.48031496063
0.201089400338	0.0184049079755	66	916	3	0	61	0.48031496063
0.201265507417	0.0184049079755	66	917	3	0	61	0.48031496063
0.20148398188	0.0184049079755	66	918	3	0	61	0.48031496063
0.201518384626	0.0184049079755	66	919	3	0	61	0.48031496063
0.201731103716	0.0184049079755	66	920	3	0	61	0.48031496063
0.201821736848	0.0184049079755	66	921	3	0	61	0.48031496063
0.201832322587	0.0184049079755	66	922	3	0	61	0.48031496063
0.201967745962	0.0184049079755	66	923	3	0	61	0.48031496063
0.202195520989	0.0184049079755	66	924	3	0	61	0.48031496063
0.202737350105	0.0184049079755	66	925	3	0	61	0.48031496063
0.203024485914	0.0184049079755	66	926	3	0	61	0.48031496063
0.203132907926	0.0184049079755	66	927	3	0	61	0.48031496063
0.203133167089	0.0184049079755	66	928	3	0	61	0.48031496063
0.203143369686	0.0184049079755	66	929	3	0	61	0.48031496063
0.203849536335	0.0184049079755	66	930	3	0	61	0.48031496063
0.203925315868	0.0184049079755	66	931	3	0	61	0.48031496063
0.204088601829	0.0184049079755	66	932	3	0	61	0.48031496063
0.204232678889	0.0184049079755	66	933	3	0	61	0.48031496063
0.204401573538	0.0184049079755	66	934	3	0	61	0.48031496063
0.204693748548	0.0184049079755	66	935	3	0	61	0.48031496063
0.204760007646	0.0184049079755	66	936	3	0	61	0.48031496063
0.204937008195	0.0184049079755	66	937	3	0	61	0.48031496063
0.205629058811	0.0204498977505	67	937	3	0	61	0.4765625
0.205737620551	0.0184049079755	67	938	3	0	62	0.480620155039
0.205786229575	0.0184049079755	67	939	3	0	62	0.480620155039
0.205835416097	0.0143149284254	67	940	3	0	64	0.488549618321
0.205899880496	0.0143149284254	67	941	3	0	64	0.488549618321
0.20594709686	0.0143149284254	67	942	3	0	64	0.488549618321
0.205951234839	0.0143149284254	67	943	3	0	64	0.488549618321
0.206603920828	0.0143149284254	67	944	3	0	64	0.488549618321
0.206687598749	0.0143149284254	67	945	3	0	64	0.488549618321
0.207077162448	0.0143149284254	67	946	3	0	64	0.488549618321
0.207455691767	0.0143149284254	67	947	3	0	64	0.488549618321
0.207493345919	0.0143149284254	67	948	3	0	64	0.488549618321
0.207535967984	0.0143149284254	67	949	3	0	64	0.488549618321
0.207598350773	0.0143149284254	67	950	3	0	64	0.488549618321
0.207664332276	0.0143149284254	67	951	3	0	64	0.488549618321
0.207686492415	0.0143149284254	67	952	3	0	64	0.488549618321
0.208299141106	0.0122699386503	67	953	3	0	65	0.492424242424
0.20842656237	0.0122699386503	67	954	3	0	65	0.492424242424
0.208494489787	0.0122699386503	67	955	3	0	65	0.492424242424
0.208503194139	0.0122699386503	67	956	3	0	65	0.492424242424
0.208524945341	0.0122699386503	67	957	3	0	65	0.492424242424
0.208701910223	0.0122699386503	67	958	3	0	65	0.492424242424
0.208801033921	0.0122699386503	67	959	3	0	65	0.492424242424
0.208845370942	0.0143149284254	68	959	3	0	65	0.488721804511
0.208898174553	0.0143149284254	68	960	3	0	65	0.488721804511
0.209097238181	0.0143149284254	68	961	3	0	65	0.488721804511
0.209132293618	0.0143149284254	68	962	3	0	65	0.488721804511
0.209224458161	0.0143149284254	68	963	3	0	65	0.488721804511
