cnumpy.random
__RandomState_ctor
p1
(tRp2
(S'MT19937'
p3
cnumpy.core.multiarray
_reconstruct
p4
(cnumpy
ndarray
p5
(I0
tS'b'
tRp6
(I1
(I624
tcnumpy
dtype
p7
(S'u4'
I0
I1
tRp8
(I3
S'<'
NNNI-1
I-1
I0
tbI00
S'\xbf\xda\x11\xdaw\xc3\x05\xd6\xdd7\xfbY\xc9\xb0.\xcfTn\xa9?\x17\xe0\x80"\xe5\xc2\xe2X\xbd\xfd\x0c\xb3O\x05\xbb\x1e\x81U1\xb9\x08\x10\xc6[\xc7=\xff t/)\xdc\xa7\xd8\xfb@\xd6\x87\x863l!%l\xc1=\xe9\x85\x160\xef\xbf\xc6\xe8E\xdaW\xca\xe7\x1a\xa7MQ\xfa8\xbf<\x066L\x0b\xc5t\x92\x05\x8c>\xe5\xe5\xe0\x9d\xd3q\x0f\xe84\x0b?,\xc0\xab@+N\x83\x94\xd1/WE\x9eo\xee\xd7\xf7\xc9s.\xdf\x81\xf5\x1a9<U\xf6\xbd\x95S\xa1\xbc\xb0}\xf4{$\xe2W\x90\xd4{c\x08\xa2\x89X[}ep\x9f\xe0L\xa0&W^d\x98\x94\x10zB\x02\xb1\xc8\x12w\xe9_\xa4/\xe6\x02\x8a`\x94g\xce\x8cdX\xc9[\xef\xd6\x02\xbfX\x84\xa0f\xd4\xdb\x08\xa8\x86k\xe5!JT\x12\xf1.\x87\xab\x9aO\x8a\xf7\xe0\x1e\xfc\xedq\x8f\x85\x07\r]\xabkL\x9b%\x1eB/\xb3\xec\x05\xa5l\x9b\rb\x8c\xe2\xc0q\xee\x0f\x1cZ2\xc3\x90\xd4G\x03A\x1d\xadXI.\x14 \xbeK\xa3e/\xbc\xfe\xf5\xcb\x06\xee\x11Q>bpU\xb9\xdd\xb7$\xbfK\xb5\xa2v\xac\xa1\xe8\xc6\xf2K\xe0`V\x19^\xf7\xc9\xe5\x0bly\xf8\xef\xa6\x11\xa1\x83\xc3o\x92\xe3\xd2P7\xb0\x04\x9f\xc2\x95p\xe4\x12\rU\xe9&\xf2C\x9f\x8d\xa7\xa3\xcb>\xf8\xa5D<\xef\x8e$\xd6dzc!\xe1\xad\xd4\xd9\x00{\xb5\x1c\\\xd1\x81r\x89\x03S9\xbbx\xce7\x02\xf9\xd5\x1dI5\x8f\xf8\x90\x94\xb4wb\xe8T\xa2\xdekS\x18\xf1o\xb5\x95\xcc\x0f\xa8\xda>\x1f+)-\x9cG\x80\xb2NX\x1a\x80\xbc\x80y\xa8\xe8\x93PD\xb4A\xb3\xff\xd7\xc07\x089\\\x94\xd7\x1ea\xea\xd4!"\xfc:j\x1c\xd2\xa7\x18{\xb5\x87\xe5sQ\x82\x1e\x80\xcct3\\QjH\x81\x07\x9a\xb9dWOV\xbb\x93\xed7\xd3\x88\xf6\xacI\'\x0c\n]\xaa\x86D%\xf5.\x1d\xe6^l8\x9bCMc\xd7\xc0\n\xf6]\xd5\x12U\xa0\x11\x11\xc7\x1e\x0e\x87X\xb6C75MQ\xd66\xaa\x12f1\xdf[\xfbW\xfay\x98\x8e\x1c\xde=E\x7f\xa4:\x1b\x0c\xde>\x06/6\x02\xb9\x1e}\xf4\xf6\xeb+}\xe6f\xaa\x8eW\x8d#\xf7\x0c\xfa\x13b\x0e\x93\x02N5\x17\x0fhn\x1e\xcb\xd1<\xe3\x16\xect\xa2\x99\xabJ\x7f\xd7\xeb\xf8\xfa.:9\\\x06\xb9|\x8b\xbe5\xc7|[$\x8b\\\xdc\x1d4\xcb&\xb0L+\x86\xadqw\xdfb\xadB\xd2\xd7U\xc6\xefx\x05\xdd\xc3\xea-\x07\x97\xea\xd3\xe3\x94\xf2Jo\xd0\xc9\xad\xd2\xb1\xb3\x81)\xaa\xda\xdf\x0cy \x17G\xd8\xd8M\n\xbeO\x957 .)C.\xc9a\xed\xce8\x9bN\x81\xd8\xf9\x92I\xd1i\x1b\xf47jtJ\xdbD?\xab\xb9\x1e96\x9c\x84L/\x91\x13\xf5\xe0\xa5\x88\x1aX\xc3\xae"\xb1=\x80\x02?\xc7Pz\x85\x97\x99\x86\x8a\xa1\x82(\x07vje\xd2ct{o\xfe\xe9\xfa\xe7aVm-I\x81\'\xe3\x08\x9cB\x87\x80\xfd\t\xafGP\xe32\xaft\xc0Z6a\x12\\\x06\x12Q5\x87@\xc9&{\x84\xed\x1b\x01\x13\xa0nr\xd3{Cha2\xddgA\xc9\xbe*\xb0\xd1\xe80}\x188\xd7\xb8\x92\xe5\x93\x05x\xd8\xe0\xb7\x85y\tw\xd9\xa9\xbf@k\xc7\x08\x0c/6\xe4\xf4\xbb\xb4s\xe0Y\xc3\xdfn\xbe*\x1f\xf4\xf3iX\xed\xb1\xbaX\x89[\xc4\x99,r\xa4d\xf1B\xd6\xfb\x82\x13J\x11\xb0\xcd\x94\xf5\x05\n\xdc\xdc\xb7{\x17\xeb\xaa\xe5\xc3Z\xb6\x1d\xcf!j\xde\xf49*\x9b\xe1\x1e?9\xe22W\x16\x91u]R\xde\xee\xbcN\xe1S\x94\x1c3\xcb\xccV\xfcv\x19\xfa\xdd\x16\xb9\xa7B\xccT\xc8\xe4\x18\x8dj\xc0\x01\xefi\xd2\xa9L\x84h \x84\xed\xab\x94<9\xc0Z\xd7\x0c\x1d\xe8\x11\xf5\xda\xd0-\xc1J\xe5\x04\x19j\rJ\x1a\x0f%5\x86#\xa5`\x80}\x170\x9b\xac\xc4>\x1bY\n\xe1\x853\x83\x8f\xa4\xee\x1av\xca6\xb6r\x84\xd4\x8bL,E\x18\x8a\xe9\x16o\xcceP\x17\xa6\x0b\xd4\x17^\xd5\xb6\xe4\r2\xaaI|p\xe9;V\x93~2\xe2\xaa\xf6\x1a\x82U\xf1\xeb\xf7\xacW\xd2\xe8B\x83,j\xc6n,\xed$\xd9*\x0fUQ\xa1\xb6\x98\x7f/\xc5Vyi]\x08\tNT\xc6X\x01\xee w\x9b\xca\xc9\x0e\xa8\xc9h\x8c@+\xb6\xc5iI\x12\xe1\x9f\x84g\xe6\xac\xdc\x18\xbd\x84\x99\xf9\x03\xd3I)\xb7\x99\xad\x8a$\xe3\x93z\xac\x8d\x08_\xbf\x94X\xc1\xc1\xc3;\xff\xcc\x13\xf9&9\xfd8\x1e\xc2`\xc0{\xd9A\xdd\x19e%\x17\x83\xa5 \x07R\xbc,~<\xe7\xf7\x01O\xf4\xe7\x98\xa3WB\x989\xa7\xcb\xfa1\x9e\x8c.q\xbaV\xa3\xe4\x9c8eP\x07\x0c\xf6\xea\xd8d7\x02\x94fiW\xbc\x00C2\x08\xf5\x04A\xb0x\x7f\xc1n\xe0\xd9\xceJ\xd2R\xa4\x9d\x80\xe9qW\x98\x94\xae\xbb\xc4\xeaQ\xb5\x87\xc3w\xe5\xea\xe7\x88\xcf0;.\x8a\x10\xd4\xcd\x8e\x0fs\xd9\xa96\x11\xcflj\x8f\xf2k\xe0\xca\xf2\xa0{Reb\xca\x9a7\xfb1\xad6\xa6\x86NE\xf2\x100\xf0\x95\xc9\x94Ys\x99\xd3z1A\x99\xe8\xb8Cu\xe9"\x04.J)3\xed\xed\xd6V\x91\xbd\xbe\xd9\x1b\x98\xf6x\xde\xf7/\xccLCd\x88Q\xfby\xc2\xce\xd2\xba\xa7\xe6?\x03\x90<\x06\x13\xef~\x9dG\xc4%\x187\x1c[\x98K\xf0\x1dE\x87x|\x83\xddQ\xb1y\xd4\xb6\xd4\xc3\x02w\xef\xe6\'\x00\xd9\xd9=\x17)6\x90\x8ad\x11\xca\x1c\x17\xf1\x87\x9f\xb4\x06\xee\xf2\xa2\xf2\xb4\xbfK\xb9\xdc\x07\xeb\xcci\xddP\xf8\xa7\xe4\xc5\xd1oP\x18\xd8\x9eO^\x05&\xa8z{\x87\x13\x1f\xf7[\xf4\x1e\xc69!L\x99\xc4\xc8\xdce;q\xd3p\x0f?xX\xc9@*\xe2\x07\x97O\xce\x8a\x9e\xd4\xc4<\xdb=\xdb\xa5\xa5\xbf\xd3"Te\xc0\xb2\xc1\x1e\xb9\xc5\xb8\xf0\xb3*\xd9 \x82C\x16qbM\x9eJ\xb5\x82\x0e\x15\xda\xf0\xcar\x16\xa7\x1eA\xca\xcb\xf3\xf0,,\x16\x05\xe5gW\xdf6\xc2"\xea\xbd\xda\x1e\x98\xdb\x94*7$K\xf3\x1c\xdc\xd7\xcay\xbd\x82\r\xd0\xb7<\xe8\xbd\x93\xb0YV\xecsB\xd0^\x7f|\xec\xf2S\x9c\xb9N\x99s\x1eF\x9a/\xd7G\x86\xc1R\x13I\xb0:\xf0\xdb$\x94%%v\x19\x05o\x93\xff\x051\x92>\x02\x0e\xe5%\xcd\x8a\x19?\x1016\xcc\x84Q\xdb\xa1\xeby\xa9\xb4\x1d\x02\x8a\xde\xcb\x1a\xc4\xda\xdb\xfdD,\x08\xd15@r\xbf\x13\xa6\xe4o|\x90B\x11\xdc\xd2n\x14\xa3\xa0"\xb8\xd9\xa2\x7f\x83\xde,>\xfa\x0c\xbd\xa7\xbd\xb1As\xe2\x06F\xdae~X\x937\x14\x90\x1f\xc4x\xbd\xe4\x88\xed3\t\xd6H\x99k\n\xaad\xa0\xd0>E\xcd\xe8\x03\x91\x972\x10\xeb\xe6\t\xc1\xab\x834K_z\xd70\xd6\xfd\xe8\x04/\xfd{Q@_\xfb\x00\xd7\xf7n\xc2v\x96\xa5\xa8W>\x96\xb3\xe1\xc4#d\xbf\x91\r\xa5\xacF\xfe|\x93\xba\x8f\xbe\xe7\xf7\x8c\xa1\x94]E\x93\xf7\xcc\xa8yjsz\xdf\xf2\xf2&\xdf\xb6\xb9\xeatt\xbbN"kX\xc1#\\B\x8e\xda\xcb\xc5\xa65\xf8\x97\x8a\xad\x1a\x04\x97X\xc8\xf1\xb4z\xa9h\x1ce\x1f\xce\x9e\xd1\xe6\xa3K\x11\x8e\xd7\xe2\x7f\x19I$!E\xa6>^\x87\xa7\xc4\xb5\xb8\xf2\xb1.\xe5=\xec\x99\xff\xa1v\x13"\xb6\x04\x9bK\x93\xe6+$\xc5\xe1\x8e\xad\xb0F\xe3\x96\xe2HAPU\xd9\x12\x14\x0b\xe0\xc9\x87~Q\xd2!K\xf6i\tf\xda\x9f\xb8\xa8\x0e$\xe14Kx\x9d\xce\xe7\xc7\xd3\x01jsx5\xad\xa1\xe30]\xbfK\xf8\xae\xf8\x94\xc5\xa5\xd9\x00\xa7\xf6)\xd3I~s\xfd-\xa0\xc7\xae\r\x8f*\x04;\xa2\x1a\xff\xf1V\x97)\x13@\xdc\x9fow\x89\xef\xe8\xb2\xe1\x90\x00\xa2p\x88\xd9[d\xcb\xbf\xc8,\t\x9ec\x93\xa7\xc4$\xd7\xbd\xabc\x91!\xe0\xaek\xec\x86@\xc7,\xc1+8\xc5\xb18\x00\x1fma\xbb\xe5\x16z\x00\xcb\x9e\x9d\xc3\x1f\x1e;+7=(\'\xd4P\xfe]\x12\xa2\xdeRN\x18i\xd9_\xcc\xac\x01J8\xf7\xa4\xbb\xf7\x16l\xfc\x1eg\x01\x81w\x94\xf4\xa1b\xd8\xaf\x1er\x16`\xf9P/\xca;d\x93Y\xa0\x1a\x11;X\xfc\xb4xj\x19\xe7\xb0\x11Et\xfd\xe7\xca\xdaQ>X\\t:\x10T\x16\xd21\x85\xa9q*\x1b\x9e\xc1\x87\x02\x92\xab\xc0\xfd\x8dG t\x9b\xa0\xd4\x80W\xeeZ4\x16\xfcY\x1b\x8b\xe7>\x0f\xc5\xd7\x84\xe7\x037\x02\xd0\x17\x96\xd1#@\x14^4\x07\x86\x0fp&TD\x1fjT>cC\x13\xec\x8d\x11\x81\xc9p\xac\x9e\xcc\xd4\x90\x98\xe7v\xfb\x0fB\x89\xa1\x0c\xfbu\xf4\xc1z\xf4%\x9d4\xdf#\x01\xb1\x8c\r\xccF\n\xe4v\x0e;\xacQ\x0c\xae|\xef\xf0/YYx\x8a\xae\x8c\xf3\x9f$BwL\xf3\x14p\xb5\xfb\x06)W\xafi\xc6!M`\xef\xd4M\x15\xd6\xa5\xa4\xd29?Zg\xcb\x1f\xf5a\x08V\xdf\x1aQF\x04\xddp\xed\xc5\xa0\x81T\x85V\x82\xcf\x19\xca\xa7\xdb0$\x96VjZ\x05\x91y\xd5\xa9\tX\xa1\xe8@\x8aY\x14!\xf7#\xba\x8f\xf0\xe7\x81\x93\xa5 \x1c\x01`\x10\xc4\xcf\xb54P\xce\x8d\xca"tr\x9ei\xces\xf9\xa0\xfe\xfdc\x04\xfbqUz\xf1u\x89`PgK\xc6\xc5\xa8\x97j|\xca^\x00\xd3\xe6\x96M\xde\x80\n=gS\xdf3\xe80\x07\xb4\xc2.\x82>\xadS\x85\x8a\xac<\x12\xc5\x9f%\xdf\xac\x01\xbeg#\xae\x13\xbc_\xc1)\xca;\xdc\xb4\xce?/P\xe4\xfez\xb3,\xcb\xc8,\xafY<\x1d\xe5\xe0mj\xacc\xa0\xde\xd9s\x0c\x86K\'\x07\x01\xa3\xd2\x96$\'\xd9\xacd\x88\xa8\\\x06\xb6B\x8b\x97;\xa6]{\x11E\xcc\x88\xaa\x91\xf6OI\xa2\x03\xe8\xc9\xe6k\x7f>~\xa7\xbe\x08\xb7\x99\xd6\xd9\xeae\n\x8a\xa6+R\xdb\xe7\xa6\n=\xb8\xb1x\x1c\x84\'}Nc'
tbI624
I0
F0
tb.