cnumpy.random
__RandomState_ctor
p1
(tRp2
(S'MT19937'
p3
cnumpy.core.multiarray
_reconstruct
p4
(cnumpy
ndarray
p5
(I0
tS'b'
tRp6
(I1
(I624
tcnumpy
dtype
p7
(S'u4'
I0
I1
tRp8
(I3
S'<'
NNNI-1
I-1
I0
tbI00
S'gO\x8f\xdc\n\x88\xb2\xb6\xd2\xdc\xd4\xb5+\x93\x0b&\xa1o\xce\r\x96\x90a\xb6M\x84L\xdd\xf0\x14\xa5\xf3\x19\xb0dA\xda y\xc2a@\xdb\xe3\xec%\xa5\x89\x10Y\xbb\xe3z\xf2\xa0:#v\x1cD/\xff\x90\x17\xf1.\x18\xa9\xdf\xbc*m\xf3 \xe4\x9f\x7f\xa9T\xba\xf1\x93/\xf3\x84"Y\x12\x0e\x8f\xe1\x05\xf2];\xa96\x90\xf1\xd7\xeaw\x85\xf5\xc4\xba\xb9lR\x16T\xbdq\xc5\xa9\x12\xd8\xcbSm]J\xea\xac\xa9\x89\xd56}\xf7\x81*\x8b\xd0\xea\xef\xf2\x0f\xbf\xc7\'\xec\xaaH^\xf9B$\xc8\x04\xb1\xb7\x8c\xc7\xe9\xeb\xe8\xb4>\xde\xe7={\x94\xcaG\xdaY\xd0<&\x9bgG\x1e\x07pZ\xc8\xef\xe8\x9d\x11\x96G\x97\xe6P\xb9\xa8\xf7.\x9b\xaa\xbc\x14K\xec&\xd4\xc42\xed\x14\xb5\x9cn\t\x82C\xc1Sn\x87x\x8bj\x1e{\xd7t\x14\\\x1d\x05U\xa6\x88b\x98\xc3\xa2\xb8\x08s\xb9\xb6\xc4<\xfe\x08\xea\x91\x1f\x923\xdb9\x1b\xb4\x87\xaaT\x16H\xa4\xdfV\xcc\xcb`\xf0\xd3\xfeT\x08\xad\xd0\xbe\x17\xf5\x98\x07I0n\xf2\xcbZl\xce\xa9L\xf4\x86\xce\xe5.\x124}\xe5\xba\xa7\xb2\xe7+\xb9"\xf1\xe1\x19\xd6"9\xbb\x9a\x15\xd7r\x92\x07\x0c\x07\x1d9\xac\xd0\x148\xec\x93\x8c\x9b\xf1\xb4\x1c\x10;/~\xd0\xdb\xd1jCk\xc0?\xf2\xd6\xd6\xf0\xdfP\xeeFT\xa8\x13\xe3d\tK\xa2Y\xfa2\xae\xff\xa9\xd6M\xd1-/\xe5\x0cU\xfc\xc2;\'\xa3\x08\xa66@M\xb8\xb6J\xc2r\xe0\x00\xf8\x08\x90\\\xaf&n\x065v\x94\xd7\xa5\xdf\xb6\xb2\x99\x15\xd1\xd5\x9a\'}\xaf+\xddc\xa0\x90 \xc0\xbf>(}OP|9k?(\xda\xe6\xdd\x83\x92\xe5\x8aa\xd7g\xe3[#\x86\xc0f\xc7\xa88^\x05\xfd\x15\x16y8\xf3\xc4,\x13\xa3\x0b\x9c\x00Z\x96\x85\xe68\xe7N\xfb\xd4)\x8c\xaar\x0e\x9a\x9d\xbe\xd9\xc3\x8dG\xfc\x99\x94!O\xd3_~\xb8]\xf2w\xb5R\x0b\x84\x9f\xe0\xa2\xe2\x04W\xfc\x96\xd5c>g\xf2$\n\x06L\t\xac\xb0\x1a\xe0\x97\n\rd\x95\x87\xe3\x1b\x1ekq$\x92\xcf\xee`\x8d\xed.\xe1\xb4@N\x11IN\xa7\xf9G\xa6\x90\xfd]\xe71\xa2\x04.\xa8\x81\x0f\xa3\xd2\x8b\xedo\xa7\x8f[\xf9\x9c\x1b\x03\xb1\x9b 5\xbc\x9cl\xf3\x07U\xc9\xe6\x8ei?\xfd~U)\xb2\xf1{\xae c\x19\xd1\xb8\n\xcd\xde\xc5<gau\n\xbb\xce\x1c\xea\x0e\x85\xc6L|\x84\xbf\xca\xfbs\x91_\x14\xa4\xb7\xb4?l\\\xc6\x08\xc4\x0f\x12\\i\xd4\xd3BQ&\xe9\xbf\x9b\x92e3\xe4\\\x98\x17u\r\x9d\x0f\x0c\x9c`\xf7E\x0f\x15\xc2\xaf\xcd\x8c\x00\x08ZZ\xa30\x13\xa1N7\xa1c\xfe_\xafU?\xec\xcc<_vh\xaaZJ\xb5\xd5\xfcc,y\x9f\x98\x80hP\x06\tO1\xe5\xf3X\x1d\x90\xa1\x10\xb3,\xb6xm\xda\xd9\xfd\x8f\xce\x96f\xfa\x90FGh\x15v\xfa\xc5\xd8\x1c\x00(\xb8-\'qT\x10\xc9b[\xc0tP\xc36\xfb\x8c\xa6a\x0f\xb1\x08\xbeD.\x13#O\x9ea~\xe9\x82\xf0*o\xf0\xeb\xba-\xb1"\xc1W\xedSe\xde\xac\xe0\xc8\xf4BE\xb3\xb0\xbe#\x04\xec\x92\xc3)Nr\x0fU\xed\x19W\x82Y\xf9\xfd\xfc\xc0\x05c\'\xae\xe5\x02oN\x8dk}"8\xbc|j\x80\xf1\xa6A\x16Z\x1cWu\xf0X[\xb0\x1bn\x16i\x0b\xc7\xff\xa4u\xa2\xee\xe42\x91P\x8a\xe6\xf8)Rs\xec\x871x\xd5z#w\x0e\xf2\xb89\x95\x8b\x93e\x05_\xb1\x9aE\x81*C\t\x01\\Aljm[=\xd46>\'\xa6\xb5\x8f@2(\xd4\x91 \x8cZ\x10\xa6\x10\xed\xa6\xc8Y\x1c\xa4\x0c\x18CSZ\xa7\xff=\xf2d\x02\x83}\x9c\x18\xd7\x1c\xd9\x105\xa2\xa2\xb0^\xa2?\x9d\xb2\x88\xfaFzJ\xdb8G\x12\xe1\xae\xae\xc3Z1\xc3\'\xd2={\x06\x0eiw\xdd\xa7\x8d\xf6V\xb4\t\x89Ja\xb8C\x02\xb9u\x08\xd7\x97\xd2\xe6R\x11Y\x81\x05\x0c\xba\xa1-\xf8D(o\xa0\x13b\xd1R2\xbf\xde\x15\xdf\xb5+\xe1G+\xc4\x04\x87\xaa\xbeP\x1a\xa2\x15\xda\xe3?\xe7\xc6\x04\xe4X4\xd5<\xbe;\x87\xd39\x8a\x91\xa6$\xff\xde?r0b\xf9y\xce\x87<\x10\xc0\x8d\xf1\xfb\xb9\xbe\x0e?3\x97\xdf4g\x8f\xd6(\x14\x92\xbf\xe7\x93\xbc\xbd\'$H\xa1\xffvu&\x7f\xa0\x81\xf2\xb9D\xf7`\x91\xa2U|\x921\xd8\xd9\xc6\x8f+b\xa7\xac\xf3\x96z\xeb;T\x05y\x8f\x98 \xba\x89c\xef\xde\xc6\x16\x03\xc4\xaa]r\x8c\xc4\x7f\xd3ll\x12\x85F\x9bhy}a\x95\xc7\t\xcf\x9e\xabq^!k~#\x02{\xdcP\xb59\x1bAZ2f\x91\xb04\x1b\xc9n{5pe%>\x0e\xc6\xa5\x9d\xa2\xda\xd8\x12\xf2j\n\x08\x91X\xca\xb7\xf4`\xb5v\x15\xb9\x83%w\x0fm\xcf#\x0b\xf6\xea\xd4\x07M\xcd\xc7YMYF=\x8d\xa4J\xb8\xd7Q\xf6W\xb9\x0e\'J\xf4\xc2O\x0btbl\xa6\x88\x12\xd4!\x1c\x19\xddb\x95\xe1\xff)\x11\x94\x1f\x93\x8e\xd6\xb3~H\xcb\x14\xd0\x8f\x96\xdf\xdb\xb0\xd6\xd1\xe5]\xf1\xcb\x9a\x07\x8c\xa4\xab\\\x15B\x04\xcb\xd9\xf3\xf6\xfa\x12\xe7\xf2\xa9\xb4\xadt3\xa6u@\x04h\xf3F[\xdc\x84\x92\x1fe\xda\xc6\x00\xfeiU\xc5j\x125N\x13\xfe\'\xab\xed\xd0\x8e\xda\x02\'9\xb1Y\xe9!WP\xe8\xfe\xb3\xff=\x07c\xce\t\x87\xa3 \x10.\xf8+\xe0\xba\\\xd9\xa4yK\x13;\xc4)bw\xd9\x8a[S\x1b\xd1\x18\x1e\xd4\xc5\xe3P\x97\xcc\xa9\x1a&e\x9b\xb1\xb8\xc3^\xd6\xd53\xe3<vfu\xd51\xdc\xfc\xa6\x9bl\xadX\xbcT\xec7\xc2*\x1b|\xb6\x1a\x1c\'\xb3\xf3\xbd\xdd\xc3LR]b\xf0Y\xa3/\x1c\xd1QM\x13\x8c\x97\x90\x94\xab\x11\x02\x1e2\xae\xe4\xe6K,\xbd\xff\x9aFMN\xe2r\x95^\x04\x9aD\x0b\x08\xcd@\xb1\x8c`\x17\'P}2\xef,/\x90\x7f\x9f~h\x15\x8b(\xe1N\xa1>gMZQ\x9ed\xe2V\xa7#\x1d\x12+\xe7\xd5R:\xab\x9e\x17\xab{T\x9d\xe6\x16h\x92K}\xcc\x86\xd6\xc4>\xf4\xfeh]\xc9\xdc\xcb\xff\xe1\x8cXA\xbc\x87\xa0i\x80\x00\x90\xc7X\x00\xd3Inz\xa7^\x84"\x07!\xfb\x16uq\x03\x9f;\xea3S\xf4W\r|\xa0B\x0b\xc4\x02C\xc7\x93\tFnB\xe6\xdf\x92\xfe\x8b\xcd\x88\x04\x9f#\xa1Z\xa4y\'!uU\xc2\xa0\xb8\xb7\xfb\x9e\x9b*\x94\xbd\xa0\xb1\xd2\x87V\x8f\x02\xcff\xf4\xcc\x87\x04w\x04d\xd5\xc4(\xa6u\x96\x90\xb8\xe8\r\x85\xd1\xcf\xbdO\x17\xab\x93\xab\nNInYW\x15.\x0c\xba\x10^3(\xbe\x9ctj\xe0\x12n4\xa7\xf4b\t\xa5f1i\xd1\x7f5o\xe3\x14\x9e:\xdeZ\x93\x862\xb1\xc3X8\xf5qI8\xbd5j\\\xa1\xdd\xac3\xba\xb827\x17\x90\xfc\xc65\x0bE\xd8\xfbkN]\xd3q)\xbf\x1f76\xf6\xcd\xf1v\x1a\xb7|k\xd4\xdc5L\xa5w"\x0c\x94NH\xe2t\x81\xa4<\xb4DG\xbd{\x1c\xeb\x08\x89t9\x14\xe5g\xd7\xa1\tQ_\x86j\xd4gsz\xfff2I\xdf\xd5z\xe3@\xd1\x1e^gj\x1e\x9a\xa6\x018d:n\x8dA_\x03\xc2\xce\x8d\x1e\xb9%\xfe\xdb"\xcb\xf4CC\x9c\\\xc4\x0b\x7f\xee\xc1\xba\xe2|\xcb2\xa4\r\x05\xeeN\x04\xda\x1d\xd3pI\xa1d\xcf|\xf5\xc4\x90\xde\xf5#<\xfa\xf8\xb0\x00\xa3yv\x99\xb8*\xf5{\xcb\xd5I\x13\xac\xd4\xe1{\xed\x1fM\xfeP\xde\xf9e\x99kN\xa3AN\xbf\x96q\x17\x9c\x13L\xfd\xdc%\n\xa5xzb\xc8@E\xf0\x1b\xe7X\x80\xfd\xa8\xab\xc9\x13qf\xd3HmN\xc3.M\x17%\xa0\xa1k\xfd\xbe\xed=W\xd5\xcf^\xe7\xa8p\xa5\xc5\xdfz\xcd}x)\xabp\xc3\xe8b\x02\x05\x7f+\xef\xc4\xf3z\x7f]o\xf4\xe6\x8aJ\x86\x00\xed"<\x86h\xd7C\x07\xd9,V4\x8bm\xe1+3\x7fV\xbb\x1e\xd9Q\xd9\xb8\x00\t\x80H\xa2\xf0\x95A\x86\xd8\x9c>(\x15\xc6\x0b\x96~\x9e\xd0DP^\x9cCK\x95R6\xa2u\x84\xbf\xa2\xbc\xbd=\xbb*K8\xcf\xd1\xf9\xba\xdb$\xb1\x87\xae\x9fY\x95\\\x95\x0e\xbb[\x1co\x91q\xde\xb5\xde\xd6\xeb\xb8\xa6 \x1f\xab\x89j\x89\x02\\B\x12\xe3\x83Cp\x7f\x8e\x94\x14\xba\x05/?\xbe\xa1o\xeeQ`a\xe1Xos\xac\x9f\x19\xaa\x10\x1a\x06\xf6&\xa7o9\xd8\xa9vt\x83I\xb0s\\\xc1}\xb7J;a\x8e\x99\xf5(*\xeat\x0c\xc6\x8d\x8a)\x14\xf0=*\xb7\x12\xf2\x7fL\xfe\xfe\xe9\xd9\xbf\xa5\x8c7:\x05\xc4*\r\xbd\xde3\x98\xdc\xfd\x1b\xe3\t$a\xd0Y\xec\xe6{\xd3r\xe3$\x02s3\xf0{\xb8\xaf\xf4t\x88Z\xa8:rPC\x0b\xa3HK_\xdd\x92\xf1\xf4\xee\xb3M\x7fU\x17\xe6\x14\x0cZ\xffW>\xc7\x9c=\x89.\x1f\xf2\xbd\x9e\x0c_\x1f\x96\x0f\x1e\x8e\x91n\xbb\x97"\xa3\x7f\x8bchN\xd3\xe2\x1e\xf4\x9a\'\xedW\x8d8||$1\xefI\x97\x9eJ=I4l\xa5&\xff\xab\x1d\xda,!Q$\xd4A\xfbbx\xd2\xc5\x99\x07\xb7\x1a\x13\xc6\xf3\x92_K\x88\xb6\x8c\x12\xf5\xc5Z\xc8\xd9\x0e\x88eHO!73\t\x01\xea\xe6\x82\x15\x9a,\xbd\xa1\xd82\xcd?Y\x7fphU3\x00\xb9o\x8c_\xb9(Bd\n\xb3;\x016J\x0c\x1f\xc1oh^\xb3\xf1\x83Y>\x1a\xba\xffj\xa3\x82\x8b\xd8\xf1\xe8\x94\xef9\x80\xc78J\xce\xf7E\x147i\xba\xdf\xe2}\x14O\x88e\xd0\r\xe3\xe3\x02\x8d\n\x04\xca&\xa0\xf6\xae\x0f\x02\x88}\xc1\xc43c\xd2\xcf\t\xbf\xc0\xed*%\r\xff0\xf0d\x81\xf2\xc5\xaa\x8b,\xe1\xa3\xb6\x87\xda\xbeO\xbaq\xe8:\x98\x9c\x1f\xa6N\xa0\xa7\xfeW\x87\x0b\xc3\xa7\xe0\xf0Zq\xeea\xbb\xe7\x83\xa8\x93*&\xbe\x03\x83\xba\x94\xc22\xfb\x8f\xb4y\x90&\x17\xcc\xdc\xb4\x02\xa8T'
tbI624
I0
F0
tb.