cnumpy.random
__RandomState_ctor
p1
(tRp2
(S'MT19937'
p3
cnumpy.core.multiarray
_reconstruct
p4
(cnumpy
ndarray
p5
(I0
tS'b'
tRp6
(I1
(I624
tcnumpy
dtype
p7
(S'u4'
I0
I1
tRp8
(I3
S'<'
NNNI-1
I-1
I0
tbI00
S'\xc3)\xe4\xdbz\xff=/V\xe6g\x8e\xb4\xbe\x80Y\xba<j>"\xd8\xe0\xd3\x80\xabO\x8aT\xd7\x17\xb7\x94\xb4\x82\xc9r\xd2\xdd\x12\x12Uv\xf7Nl\xeam\x8c\xc9\xa0\xf2\x82\xe4j\x1a\xa5\x83r\x01vd\x11\x92T\xc9Ee\xac\x91\xf7\x9b:\xe0\xb0\x1a\xf2\xfb\x93\x04\xa88\xce\xd8\xa3\xd3\xad\xd3\xeb\xefu\xc2x\xdf^rS\xa3&\xb2)\xd1y@\xa25\xde\xd0\'8/\x97,\x1a\x00\x0e\xad$\xe6.4\xbf\ni\xdb5\xbe,\xa5_\xder\xd1\xccj\xe0\x05/\xd0\xc9\xf4N\xe5\x96M\xd6\xd5U\x7f\x9a\x8f\xdbm\x01\xf4\xd1\x86\xdd<\xa1\xa4?^\xec\'K\x0f|\x875\xde\x04F\x8e!\x80\xe2n\xc7\x88b\'\xcf\xbf\no\xc5\xf2\x860\xe3W#\x8a\xd5\x92\x03\xc5i_\xe2\x7f\x8e\x88\xf9\x82\x82{\x11\x82Q`\x82\x9c:+\xa5\xe3E\xd79N]G\xb0\xe1\x8dZD\x19if \x02\x8c\xa1S\x10\x9a\xb0,0]\x17~\xd20\rM\xe0\xceVb\xa3\x99=\xcc{\xc4\x80j?\xa4\xa4\x9cD\xd1\xb6\xbb \x10R\xeaG\xe5.!0e\x8f\xc4r\x91@\xfa\x8ank\xa0\x9c\x02\xc3\x1a\xce\xf6%\t\xfb\xbcO\xc4D\xf9>sq\x90\xc8\xfa7#\xeb0bk\xd8\xa3z\x03\xafK\x05\x8c\xa7\x90\x13\xa6\xcd\xbcp\xc3\xd8\x9c\x10\x12\x8a\xbf\xf2-\xb6 \xea\xd6\xf4\x11\xf8\xc0_\xe3\xaeU2\xed\xaa\xef\x1e\xf1\xd9\x1c\x83\x05U\x81\xe6\xe2\xd1\xf4\xff\xd5\xb6\x14G\xce \xdd\xc2\x08\x81\xec2\xea<\xd1\x1b\xd7h\xa8\xfb\x18\x0c\xa1@\x15\xa2\x10[0\x1d\xac\xe7\x86I\xcc\xd3\x08_J\xb6\xfb];\x8f\xb5\\\x80I\x8a@#\x9b\xca\xd0\xa6&\x0fr\xb2\xdd\x0c\xd8_\x1eb\xac\x14(n\xcd0\xeaL\xec\xdd\x1c\to\xeb\x01\x82\xe3\x82\r\xff,<"\x96W\x8cv\xdb\xf7\x99\x87\xf5\x06ZO\x95\x9eo \x13\xc7\xf8}W\xd0l\x9a\xfb\xaf\xa0W\xf11\x192[\xc9]c\x0b\x89\xf1G*F\xad\xf6\x02\x0br\xc9y"j\xcc\xed\xeb\x11\xa3\r\x88\xc6\xe5\x80C\x90)$w\x92\x0f\x9e\x97\xe7@\x14Z\xf6\xeb\xe9\x9e\x1b\xfc\xd2\xd9\xd1\xb8\xac\x14z\xb6\xaa\x03\x04\x027\xbc\xe0>\x03\xa3\xa7.?\x82D\xa8\x9b\xcd\x9c\x89\x1cW\xc2J\xb8\xca\xa5i\xa7\xb9\\\x9aK~q\x93H\x8b\xaf\x06\xad\xd7>,\xe6\x02\xed\xb1\xdb\xcf\xdf\xe5\x12{}\xf4P\xd6\x8b\xf8\xd1Rm\xa9\xc3\xc3\xd8]3\xb2\xf4\xe1S\x8a\r\xe6\xbaO\xfb\xb2\xc2[S\x83\xf0\xac1&\x9d8\x19\xd1\x0c%\x9e\xf7\x8a\xa7\x8f\xc8\x01\x0b\x9e\xa2n\x1b\xe6\x90\xf2\xcd"n\\9\x163\xb92\t4\xe1i\xfc.\xf0\x18\xcdG\xf9a]\xdf-6\x14\xa9\xed\x863\x01\xb6rH<\xd5\xf1\x8c\xd2;\x9a\xe2\xbb\xb0\xec\x12\xaa\x16\xcd\x8f\xaf\x81\xbb\xd8TRDa\xc2\xff\xd7\x81\x01L\xff\x0c\x9a\xe7\xc3\x07\x15\t\xe80\x1a\x13\x9e\xa5\xb4OzKSU\xc2RV\x1b\xf2\x1eq\xe07\x1a\xd3c%\x99I\xa5\x07\\\xa8k\x99o\xb0\xc4\x12\x9cj\xb0\n\x8c\xea\x833\xec\x17\xb5\xc1\x1e\xa0\xd4o\x04:\xac\x11\xec\xedvV\xf3\xb6ne\xfa\xee\x9a=\xd3\xb8\xb9t\xdb*\xb4(\xbb\x1f`b\x8ba\xc0\xe1\xf6\x04\x93\xa6\x98\x87\xf2\x13\xe9[\x8b\x1a\xfe\x10`\xd6"\x14\xcf\xceGPY\xb3\x01<\x0b\xa3\x12\x02^\xabi\xf9\xb1\xa0\xee\x95RC0Md\xbe\xb8\x19\xab\xfa\xcd\xf8\xe2\x8d\xad\x1bdU\xd8\xb9Q\x93\x7f5\xee5\xd8\xc4:\x16\x9c\x93\x18\xb0\x821\x97\x9fp\xfb\xd3?\'\x17[Y\xed(tO\x81*\x18\xf8Y\x17\xb4#\x06\xfa\xea~\x88\x02t\xb4l`8/"\x8dlb\xdf\x86\x98\x90w\x11HI\x07+\xe8\xfc\xd9X\xa8\xbb\xb2~\xc3\x1d\xca$~\xd3\xd6\x05F\xbb\xe0\x17\x02>I9\xcc\xeb\xa3\r*\xc5\x96\xfaSc\xfd\xbc\x0b\xcd\xa2\xa6b\xde\\a YC \xdc!Sfv\xa6\x9eA\x97\x18d\xe7C~\xd6\x9b\x93\xe9\xbdS\x8ausB\xd3c\xc6\x7f\x93C\x92w\x9cb\xee\xfa`,@\xe9\xf2E6\x0b\xf9\xf9\xfd\xc6U\x98\xe2\xbf\x06W\x83\xa6]\xe3S\xa3\x94\x02\xde\xb9H_\xb7\xf1\xd9\xdb\xf6\xeb\x19\xc2\x11(Q\x1e2\xf0_\xf8Br\xcd\xc4\xb9\x17J\xa9iX\xf1\xd57v\xcc\t;\x12:\n\x87(V7A\xd4\x88\xc5DD%\xf8\xd1\xbc\x9f\xb3\xeaIV0\xbc*\xe2\x17f\xaa\xe1\xf1\xe0\x10\xe9\x99\xa0\'\x06rc<\xd7\xff\xab2-\xf6n:\x12\x88"\x92\x15\x02\x04\xda\xb6\xa2\x9f\xde\xb0Y\xe2\rp1\x1dk\xcc]S\xc4\xd3G@z\x80*;GX\x1aQ\xccBK\x06\x00\x19\t\xea(dj\xc7\xf9\xda\x1b\xa2+\'\x1f7\x038E\x1bZ\x80X&n6\x0b\xf4\xb0\x07kY"~\xe3\xe6^\xa6\xd4\xfe\x99\xe3\xadu\xa2\xf6K\xe0E5kd\x9d\x1a\xd4\xc5\xc6\x03\xf1YO%\x0f\x8b=\x00\xcd\xc1O\xf6\xc1\x7f\xfa\x03X\x84\xe5\x8a\xdc\x0c\xffl{-L\x9a\xb9\xfa\xe15\xa3\xadm=\x88\xb9J)\xb0~\x9a,\xb1\xa2\x9av{}\xf6\x92\xd2>\x04\x13\xe0\xa6\\N(8\xa4)\xab\xf7\x06\xd8]\xb3\x08\x98\xd7t\xf5<xFS\xbf\x8c/0I\xccj\x96\x0fz\xd9\x01\x8e\x16\xcbO\x927L\x8bE\xffI\xcaX\x7f\xdf\xdb\xa2\x81\x1e\x8f\xe6s\x940_F\xe1\x85\xeaf\x11H\x851\x93r:\xd4\x8f\xe2\xbb\xe0\x0c7\x0f\xca\xdaE>\xd4\xf1\xdf\x025\x16\x8d9^\xef\xa7\x19\x83\xbb\xa6Q+\xfc\xe4\xa0%y\x94\x9b\xb9\xbdv\xe6\xf1\x95\xee\x8d\xb1\x14\xe7B\xb2ca\x8f\xba\xeaXI\xe2a\xb1\x98\xe1*\x18h?\x00x\x833\x19\xba\xdd\xe8\xf4\x85j\x92y\xd1X:\xa5\xbd\xc92\xb9\xe9x\xa7rm\x9bf\xc2\t\xf4\x0e{\x02ox\\\xab2\xc9\xf5\x86%?\xbe/}\\\x90\x9d\xf0Q\\m\x1d\x81\xa8\xf0\xd3\x0cA3\x9e\xd43\xa0\x80\xad\xb4(\x97\xff@\xe0\xb3\xfa\xcd\xa4\xcd\x837\xc2\xf8J\x03d\xf4,\xd5\x04$0\xccL6\xcc$\xb6\xb7\x1b+\xdf\xeb\x15X\xc5`\xca\xce}\xb9\'d\xb3?\xb9\x96\x01\x08\x03\x1d~\xab\xf5n\xeeK\x0cC\xe1v\x92\xf2R\x96w\xd5h\x7f\xa7\xf5\xe3/n\t\x82\x87\xf76P\x12\x00\xf4\xae\x9d#\xe4\x8d\xbb\xeb\x96B\x10\xc5\xaf\xfd \xe7\xd2\xc1\xb8\xbc\xaawg\xae+\xb7\x17\xe4~\x07\x90\xa5\x9f}3W\xfaM\x11\xeeE\x1d \x05\x16%_\x8d!\xec\xf4\xf7\x8a\x05\x8f_\xcc\xc2\xb5\xea\xa59R\x10\xd4\x88\xde\x1a[c\xebl;\x17@\x1cs#u\xf0\xafk\'Xt>\x1cR;\xa2m\xd6\xf8=stT\xebO4\xefA\xd3\xbc\xd5\xce8\xba\x1e\xe9\x95{\xfa\xb7\xa3f[35N\x1b9\xb18\xe8H0\xa7\x17\xb6\x8dD#\xda\\\xca\xd6i\x11\x9c\x8a\xfa\xa1\xdb\x8a\x9e\x19\x07C\x8c\x1c\xfd\xed\t\xfeD\xac\x96A\x83\x8e74|\x8f9\xac\x8b*A>#\x89\xc5\xdd\x1d\xf4\xa2y\xd6\xfd\'76\xb6\xc6\xd6\x8aE`l\xda6M\xd5aq\xb9B\xbd\xf6XM\x17m\xb2\\T;\xc5j\x94\\]f\xb3\xed\xe4\x0f\xdc\xf9\xfa\xa6^\xe2\x16:lS8\x1b7\x83\x81\x04\xe4\xba\xe7pr9r9\xe6\x030\xf4mk\x94\nm\xb2-^V\xd0\x17\xdbz\xac%k\xa3N\x9d\xb4\xe5|\xeb\xe4\xd1X\xea\xbdo\xf3|\x07lj\xf7$\xb87\xb2u\x07:\xca\xdcz\x88khhN3\x16\xaa\xb0\x98w\x07n|\xf1\xe1\x98\x8b\x8a\x8e?\x7f\x97\x08J\xa1\xcb\x85\xe1\xfe\x7f\x8f\xfa\x00kJ\tx\xa0$\x18K\x8d\xca\xb9e\xbc\x0bF\x7f\x04\x9d\xb2\xb7\x9b_=\xa3\xfbtZ\xf6V\xf7\xd7\x15\x95\xae\\\x1a\xa5\x02\x9aJI\xb2\xce\xd4\xfa\x03\x11\x93\xb5U\x82\xca\xb4\xed\x84H\x0e\xfe\xe9\x92\xa2\x96\xe2Y\xfa\x8c\x05\xbbV\x14\x08H\x1a>\xb0\x0c\x11\x16\xd8\x8be9\xe81DO\xd5\xfem\xc0\xfa=\x08\xf3_\xd9\x16\xce\x06{\x82\x0e\x08~\x8b(\x91\x92\x1e\x1a\x82\xa3L\xad\x04\x8c\xba-\xf4\xa7\x0bQ4Ir\xcb\xf1\t\xf1\xe7\xeaEd;\xa2\x89\x97\xbfu\xcd*M\x1aB\xd4\xd7\x12!\x8f\x95g4\xed\xdb\x13\x06\xfe\xc0\xdf\xc8)\xdce\xcdA\xb3sQ\xdfJ\xde\n\n\xf72i}yu\xb9,<\xf1]O@\xab\x95\xf2E\x11\xbe:\x03z\xcfu\x15\xe0\xed9y\xffF \xd2\xdf\xa9*DB\xf1\xf8\xe2\xcb\x07\xa1\xffS\xff\xe5 \xc0\xcf\x13\x1a\xf3l?\xfc\xe8\x96\x18\x81\x13\x94T\x91\xad)j\x95B\xb3\xf8Jh\xa5c\xb7\xcef\x8av@\xad\xe2MJG\xef/9wh?\xacj\x8c\xee\xee\xaf2\x80\xfd\xca\x91\x8b9\xceP\x9eH\x1cS\xe2\xa6,\xb1\xa0\x91F\x9fb\xee\x0cp=\x94\xc9\n\xa1\x03\x0f2\xdf\x0f\x1d\xac.\x95\xb8\xda?\xfb%Y\x82-k\xf1u\x85L\xf9b\xe2\xd2\x8c\x87\xc6\xe6Ie\x91\xc1V\x17\xa4\xd1\xfe\x15\xb3\x92\xdc\x80\xfe\xd6\xb5\x1e\xcaX\xd8\xf3\xc4\xce\x88\xaa\xb1r\x1b\xc20A\x87;\xa0\xaa\x01\x17\xfe\x82?\x08\xce\xa4\x05\xddCBV\xfe^Gan\x95\xf0\x0e5) \x8d\x80\x8b\xa8"\xcc\xbe\xbc3\xfb\xb8X%\x91=\x14\xbc:\xca\x8c\xd9\x9f0\xa51&\x1f\xe5\xc1\xd1\x94\xd6\xfe2n\x8b\x8b\xd6\xcaV\x13\xbbK\x8dwW\xd0\t\xed\xfc\xbf{\x17\x1cn\x9d\xdd\xeay\xd2\x05\x87\xfca\x14\x0b\xbd\xa9\x16\xf3\xaeo\xba\xdc\xaa\xdd\x1e\xcdo\x8c\xbf\x9d\xcb\xad\xdb\x128\x18\xc5@E\x91+\xe7\x98g\xc4\xe5s\x00\xe1\xdd?\xff\xc1;\x02<\x1f\xfa\xfat\xe3\xdd_\xda{\xb7U\x94\xcc\xc91\xb3v,q\x83\xd0\xf2x)\n\x9b\xdd\x8e\xa9\x0c&\x8a4ZMQC?\xdd \xccy\xacS$\xfc\xf2\xa0\xbe\x9cs\x85\xe1\x81\x05\x8d{\xed\xde\x82_\xd56\'\x03S\x82v\xa3}\xd5\xddk,\xc5\xeedS\xf2\x13\xd2\x87\x02\xd2v\xd5\xe2OC_\x0f\x83\xb0\xda\xef\xcc\xea\xb1`\xd1'
tbI624
I0
F0
tb.