cnumpy.random
__RandomState_ctor
p1
(tRp2
(S'MT19937'
p3
cnumpy.core.multiarray
_reconstruct
p4
(cnumpy
ndarray
p5
(I0
tS'b'
tRp6
(I1
(I624
tcnumpy
dtype
p7
(S'u4'
I0
I1
tRp8
(I3
S'<'
NNNI-1
I-1
I0
tbI00
S'.\xf6\xc9\xbc\x9e\xa2\x9a)B\xcf\x15k]\x9aY\xfe@\xc6z\n\xff\x81IQT\xbc\x8cu\x1a_\xe6\xaa]35\xb5\xb0v\x1b\x9e\xc6\xd0\xe4\xc8;\xea2\x80\xd3\xaf\xba\n%\xaa\x83\x087N\x8fK=\xb02\xfeE\x8b*\xdb\x19\x9c\x103\xc6\xc3\xc2LX\xbd&j\xb0\xf0$g\xc0%\xd1\x90\xd7\xb8p\xc7\xf8:\xab\xa9\xc0\xd5^u\xb6K\xf4i\xea\xaa\x8dj\'\xf4\xf6\xf9w\x84\x8c\x1ae\xaeD5\xce\xdbj\xda\xdb]\x10U\xb9v\x1b\xf0\xf7\xb1?\xc3\xbe\x93\xb8l^\xec\x19\xcd\xd7\xd8k\xe5\xd1l\x99d\x08<\x00\x9c\x9f\xa7{\x89z+\xfa\'\x13\x84\xc8G\xef\x01\xffV\x02Q$\x92-\xf8\r\xfaWAN\xde;i\xb8\xe2ksE{\xb9\x17\xf1\x95>N~\x8e%ue\xb0M\n\t\xcfg\x91\xd4\x9bm\xa5j\x1c\xe0x\xce\x80M\xbaPR\xf4E\x16\x1c\xc0V\xa8\x07\xd8O`{\x1bq\xe4\x8f\x99\x12\xad@z\xba\x14Y\xa2\xe3\xc1(\xfc\xe1\x14\xcc\xc0w\xc5@\xfc)k\xf6@\x13\xc2\xdc\xa0\xb7\x1c\x9deBu\xdc\x92\x10\xe3\xb1\xe1\x83\xcbCz)\x99T\x93\xb9`\xcc\x81^\xd3\xba"\x14{>\xe0\\\xa9\x17=k\xd8\x14\xb7j\x8b\xb1\x18\x87\xfcB\xa3\xecy\xa9\x85\x13\xb4y\xa7l\x98\xf4\xee\xa5\xd3v\xafr\xe2u\xe1}Q\xca%\xb7\xd4\x94e\xde\xff\x06\xa4\xeaK\x81\xb9R\xd4\x1eK\xccTv\xc9q\xecH\xf7Hi\xcb(\xe9n\x9b\x8e\xf8f\xa8\xa6C\xb5A\xa9\xb4\x06\xbaTN\x1ek\x07]\xb4\xb0\x93\xcaf\xad\xda\xb0\x90\x0c\xce\xb7\xc1\xe5;j*\xb6?\x16E\xfd\x1du\xa6\xcb\xa5G\x96\x89\xec\xd1\xc7\x8a\xcd+\xcbqb\xcdb\xb6\xafI4\x8e\x9b\x9f\xaaP\xa9t\xceNc\x0co"\x9be\xd7\xf5\x99\xa1\x9c\xdb\x1a!\xf1\x952?\x15\xc9\x19\xf8\xb1X\xb5\xbf\xd1nq:-\xdd\xf0\xd0\x82\x08s7\x9a\x12f\x9cD\xa2%_\xe0\xa6\x1c\xc8w\x0b\x0eqB\xb1G\xd0\xef\xd3\xe2\x9a\xb5\x0b#\xee\xa0\x94\xb4E\xb5;u\xbcw\x0b\x10I9\x165 \xd2\xd4\xf7\xbe\x9b\x88{\x85\xc2\xe1\xe1S\x10_\xf0\xc9w\xf3s\\5\x9c\xdf\xc2\x9d:T8S\xbe@og\xf4\x7f\xa86\x8e\x95-\xa6q\x1ek\xe2\xd4\x94\x02\xd7\xa4\xa91\xc5\xc2\xbd\xa6QCS\xeep\x17?\xc282T\x06#\xc6\x8d\xccV5\x82uY\x8e\x93|\xd2\x0cb\xa5p[\x08\xacn\xce8\x16EVd\x89\x9e\xea4>\xda\xc1~\xb30X\x8a\xfc$:f\x98\xef4A\x18<J\xce\xfea\x88l\x94\xfa.\x8f\xbc\x9d\xe1\xd8\t\xae1\xccwg\x89\xb1\xe8YQF\xeb\xcdz\x1eA`\x0e\xa7\xe9\x90\xf7\x08x\xa3\xea\x97\xfe<\x8c\x95MX\xb7\x92S\x93\xb9M(\x9d{\x9f\x9b\xada\x87\xd76qP\xb6\xe00\n\x8dH\xbcV\xb4`\xf2[9S@?\xd6\xd9\xdb\xef\x15\x9d\x0c\xeb\x8b^\xd8\x86%\x1f\xae^x\xa2\xff\xa5&y\xb3\xda\x19!kZG}\x03]R\xefH\xaa\xba;\x93\x06\xe4\x90\xc7\xb9TE$\x85\x04 \xc0S\xa1\xcb\xe6\xfd\x07\xff\xa1\xfaj\xf1\xb3\xb1\xe8\xcf\x96\x89\xe0k\x1f\xf5\x86G\x1cLkC\xaa3\xf4\xf7\xe04\xa4\xb6Y\x9c\x8f\xac\x8b\xf0\xb9\xb1\xdcf\xecb\xcb\x08\xdf\x1c\x1eN\x18\xb2\x98Hr\x10\x8b\x8b\xda=\xb5\xc2\xf5\x8bc\x02sF\xac\xb1\xd3\x82\xee-\xb9hY\xd7\xfeX\xefa\xe2k\x98\xa5[\x8f(A\xaa\xeao\t\x1dH1Bl\x16\x13\x16l\x12\xd5\x1e\xbe\x10{\x8e\x9eZ+\x8f{\xb4\xf7\x16\x08N\x90\x16J\xd3G\xc7\x110C\xd0\xc7T\xdb\x93\xfe\xfa\xb9\x1a\xee&\xc4\x98\xf6\x1d\x0f\x0b\xf8.K\x06\x05\x00(\x99\xa51\x80c\x1aX#\x1c!\x1b\xa1Jm\xb5_\x15\xb0\xb5\xd7\xc4Sc\'\x81\xaeX\xe9\x12y\x97}\x98\'\xe2\xc1%=~\x8bp<\xf5\xb8\xfe\x9f\xccY\x8f\x11I\xff\x80w\xabg\xe3q\\\xa8\xd4:\xcey\x8d\xf1~\xd5z\xe9a2X\xfc$\x17\xef\xd4cQ\xe7k\xdeMf\xc86\xc8\x1bS\x9bO&M\xad\xb4F\x11\xc5 ?\x05d\xf8\x14P{\xae\x9c\x14\x8f\xc3\xe9\xca\xbeR\xa4\xd3\xa7U\xf5\xafs\xe9Y1{\xf2\x82\xa9r\xc8\xe7\xfb\xb0j\xfe1\xf7#\x9c\xa5e\xdc\x88\xa7L\x11\xc3\x96\x9c\xf4v\x92+\x98\xf9l\x83\x1f\x17e\xfa\x8b\xc7\x07,>\x87$\xab\xe8\xf1Gv\x98\xcf+\xb4\xb2|D\xa78\x85\x8fV\x1cn\xeb\xe3\xf0\xe9a\xf3\x0cL(YI\xd7Q\x1bZ\xc9\xe1\xa6\xa4\x00^L\xd3\x16\x04E\xea\x9b\xea\xf3\x90\xc14\xb4\xb7\x1fI\xf9\x07vk\x0fXI\xdd\xbc\xab\xc4\xc0\xfd\x93(?8\xf0q\x11z2\x16B\xcc\xb9\x07\xc5s\xc7\x0f\x0e\xd1\xbe\xc2\xaf]SO\xe3\x0b\xf0\xd0\xd92$~W\xc6:\x19o\xc1\x89L\x98\xe0\xaa\xfb_{\xe123[)\xbaw\x93\xe3_\xc0\xb7EU\xd5:\xd8\xf1\x89fo\xfd\xb6\x9e\xcbV\x9a 4\x02\x07\x85q\x1a\x9e\xb6\x88\xff\x9boO\xaa\xf5\x03\x0b:\x1ec\x17`\x96\x1c\x80\x87\x85X\xa69\xafl\xa7\xdc>\xfb\xa1\xb7\xb5C\x14]\xfag\x1c\x01#\x88h\xff\xab\xb0\xf8\xaeX\xb9\xf4\xf2\x17\x13\x82l]\n\xf4K\xe1\xe68\xd5[Z\xfc`I\xea\xe1\x98\x11\xb2\xbf@\xbd\xabvn\x90\xf4.\xe1@J\xa9_\xa64\'\xdf\xd5\xfc\xb6\xc8\xda0\xf3\xfd\xfd\xf6\x9f~\xfb\xdb\xba+\x92\x90\x17N\x81\xa6g{\x91[y\xae\x1e$\xad.\xd2\x01\x10q\x0c\x11\xc5Y\xba\x8cm\xbf\xec\xf3\xbb\xcb-\xf0\x1f)v\xdc\xbd\xa2\r\xd3\xd2AH\xb9\xaa\x19#D%V\xd9\xd9V\xdcN\x7f9\xc5t:\x04"\xf4`\xae\xa1\xd3GQ\xe8\xfb@\x0b\nWo\xacX\xb8\xa6\x973[\xd1)\xcdz\xc6jkZ\x0f\xeel*\xf0\xfa\x07\x1e5\x0bS\n[,\x07\xa9\x9f(\xd3\x87\xc04\x81Y\xeb\xa6Q>\x80\'u\x16\xd9\xcf\x172D\xb2\x860\xe94\x9b\x9eX\x92>\xf3\xda1\xe3t\xdaJ\x04\x886o\xb4\x1d\xc7\x15\xb0g\x94\x9d\xee\r\\\xf7\x83\xb4^\x94\xc5\xe2P\x92\xd6\x0f\xb4\xc1<\xffeR I\xa2\xdb\x86OWt\xb5<wWS\xf3jj\xb1)U\xf8\xf62\xff\x08\xbdX\x84\xa6\rAV\xefN\x8b\x07\xd4W\xd6C{E@\x80O\xb7\xe4\xea\x8cQb\xfd\x82\x7fK \xdc& L\xda\xa5\xaezW\xf6.\xda\xc0\xdc\xb1\x19b\xdaM\x86\xf7\xcd\xac\xc3\x8e\xe2\xc0/\xa3G\x9e\xe8/\n\xfb\xdaIF\x17\x15\x99\xc8\xb3\x99\x0f\xaf=\\\x10|\x9e=4|\t\x97]w8\xe6\xaa\xbd\xc71f\xb2\x8c\r\xac\xac\x94q\x89Kr\x04x\xbc\xe4S\'m\xf3H\x8e#r\x85\xffoR\xd9\x07\xa9?.\x90\xea\xa9C\xd5\xcc\x90\xa6\xe8\x9e#<K\x1b5`\xc9\x9c\xa1\xe9\xf3]A\xc9H\xf2\x12\x02.\x81\xa0B\xa9\x8a\x96\xf1\x05\xf7\x85l<\xbf\xd5\xc9\xd3\xf8\x8a\x89\xccX\xce\x04\x8e#\xc4\xb3\x00\x1f\x81L05\xd9\x08Nf\xdd\x0c\xb1\xd3\x84&\xfc]\xe2j\xa7\xcdDX$"pYd\x16\xd5\x10Mfh,\xa8`\x1fQ\xdb\xb8\x1d\xe5\x857\xc8\xae\xd7{\xab>\xdf\xd1d\x96\xcfw\xdf\xbc\x92Y\xe0\xa0s\xda\xdb;t\x9d2\xa9\xde\\\x86-\xdc\xc3\x8bN.4\xc7\x04\xa3\xa4Wv\x97\xb5)\x83\xc3\xda<\xb6;r\xad:\r\xe0\x9a\xb7<3\xee~\x0ej;\x8d\x1c\x91\xa4?;]5uZ\xb6\x0c\xbd\xb8\xf8\x9d\n\x1d\xcb\xf8\xc0)\xaf\xc5\xa0g\xaa\'\xe1\x84\x17\xdaY\xcb\xc9\x87\x93\xe2\x17\xfd7\xfa\xef^\x83\xac\xd5\xc0\x92\xefw\xa3\xd9\x8a\x11!h3l%\x0e\x1a\xc1l\xe1\xaao\xa9\xa9\xec D\x9f\xdb}W\x81\x15\x16\x87\x1f.^\xa9[yTF\xc25\xcc\xce\xa6\xb3|V\xd1\xa5L\xd5\x0c\xa8\x97iJq\xc8\xbe\xc8\x9b\xc6cB4\xd9\x80\x9cA\xfaS<\xf8\x13Tt\x8f\xdd\xd4\xce\xe4\x08\xe3\xc8\xa5\xd6n\xb01W\x92\x00\xc3\xdb\xbe\x17 \n\xe0\xa6\x7f;6\xf1\xd7\xfb\xce\x0bx6\xd2*\x96\x19\xe9\xabf\x07=\x9bq\x81\x03>#|\xd1\xf08}\xc0\xee\xdf\n\x1bq\xd5J8Ps\x17~o\xf1Bs\xf9BTs\x06\xb6\tJT\xab\xf5\'\x01O\xe8s\xea\xed\x1d\x9f\x92YD\x00\x136"H\x04\xffnS\xa6\x82\x92\xcb\x9c\x85!\x83\xf5\x93\tf\x89\xfc\xe4$\xbf\x89\xbcZ\xdbQ\xe4\x92y3;o;\xd0\x99g\xb1\x81\xf9\xb5\xe1\xf9\xac\xe9pG\xac\xaf{0Z_$x\x15\x06\xd0@T\x02b\xa6\xee6)\xedGN\xff\'\xa4B\xaa\xe7\xa4\xd5\xb4L\xbbl\xb8\xbb^3\x180\x97\xbe\xd7\xe7\t)}\xf6\x9b\x10Z\xf7V\xf4\xf9\x00,\xa0\x08\x99TF\xc5Z\xae\xce\xba~\xa5\\\xf0?\xe4^\x1e\xfe\xb0\xf1Z\xe8\x8bz\xa4\x7fp\xce\xae+\xa0\xae\x99\x7f\x06\xeb\xbb\xe7\xc7\xf8\xab\x00\x1ci~\xb8,\xd3\xe7\xd6<3\xd0\x14<\xa3\xd1\xc7+\xedgd\tj\xa7\x1c\xea\xf4\x92DP\xccL\xfe\x8a\x18\x81K\xbbIP\xec\xe4\x1e\x98\xe9+\x9f\xd1\xa4\x80\xaa\xcds\x81\xd5\xa2\x0e\x16\x93\xd7\x95\xe5\xac\t\x0c\xbe\x1b8O\xcf\xb6\xc8X\xbe\xf8\xd3p\x1b\xa2\xdav\x10l\xe4\x0e\xefj\xd0\x00\x7fA\x8b\xa9^.\xac/\x90h\x16Rh\xa0\x0b\xbe\xd1%!\xfdS\x0b@\xd2\xc97\xfa\xd3;MlVQ\xdc\x15\xcb\x7f3\xf2\xd1\xf3\x0ek\x17\xdc\xa9q\x0b\xf90\xfe\xc1m\x9a\xb9g\x04\xf7\x86|\xfd\x13\x1d\xfc\x99\xe8\xc1\xc9?^\x16\xc9P$\xf3a\x98\xc7\xd9|\x12\x03\xef\xc7\x03\xe4]\x9e\xcc\xef\x0e\x1f\x13\xbfV\xdf<j=\x86\xdc\x86\x96\x93!\xa8\x0f"\x9d\xabf\x04\x19\x92\xf9\x85X\xfe\x16z1\x92\xe7\'\xae\xfc\x9f\xaa\xe66o\xfeiI\xa1\x02\xf9\xb5\x85\xf5\x86\x1a\xe3\xee\xde\xc6\xda\xb7\x1b9\xdc\xa7\xbd\xfdL\xc1\xac\xf5.\xdfB1~\xb5\xc4\xa1f\xc7U\xb5\xcca\xed\xdfIu1s\xe8\xe9'
tbI624
I0
F0
tb.