cnumpy.random
__RandomState_ctor
p1
(tRp2
(S'MT19937'
p3
cnumpy.core.multiarray
_reconstruct
p4
(cnumpy
ndarray
p5
(I0
tS'b'
tRp6
(I1
(I624
tcnumpy
dtype
p7
(S'u4'
I0
I1
tRp8
(I3
S'<'
NNNI-1
I-1
I0
tbI00
S'\xd6\x08\xba\xa8\xcb\x01\xffA,Z70\xfby\xca\x06\x1d\x8d\nH6\xc9\xf5\xd3A\x9a\xd1\xee\xddS\x943\x87 |\xe0uD\xc8\x13Y-\x9a*\xf4\xb0\x17\x03\xcf\x8a.\x8b\xfe\xfa\xf8\x83\xa5Q&\xf3\xa0\xb8\xbdq\xa2%\t\xf1\xc3L\xb0TW\xd5\x14C\xfd\x1a\x19 <\xd6R\x85i\xe8\xeb\t\xab\xdee\xef\xd9\x10q\xdbu(qMR\x8c\'v{4\xb8t}v\xd1N=\xd5!\x9e&\xb2\x07\x8bp8\n\xa9\x9e\x10\xf9\x90\xc1f\xaf\xe7\xe7\xb9\x96\x1d\t\x8f+E\\\xc7\x02@i\xe5^Xo&R\xc5\xb3\xa8\x89:\x12\xa6\x7f\ra\xbaO\xe5\xc7\x1e\x7f\xccC\xc1\x91u9%y\x92\xda\xfa \xf3I\xe6\xb76G.\xa27s\xed\xf5\xb87\x14\xd4\xaf\xd1\x1f\x1cB\xe9\x08\xfb,X\x1cjC\xb2Z\x19\x977Xj\xc9\x93B\xd4\xec%\x89\xa6\x8fl<M\x1a\x8f\xcc\xe8\xc2\x00\xa3HU\x87\x86\xe9\xac\x0e\xdd\xc6<\xb0u\r\xa8.\x11\x1a\xfc\xa3u\xe3)%\xb1\xa7\x0f\xd0\xdc\xcf\xf0F}\xad\x86k\xe2\xb3$Q{)\xba\xeb\xea\x90J\x19\xee\xa3\x17\xe0\xd4\xb4\xf2\xeb\x05\xe9\xf3\xf1\xdd6M\xd1\x02\x96\xb4\xe3\xc9\xc9\\q\xaf|j\x99 b\xcbh\x89\xae\\Bl\xc9J\xba\x9a)T!\xbd#k\x91\xe6\x16+\\\x184/\x93\x1f\xb9.\x99l\x1cM\xd9\xcb}:\xee\xdc\x0bn\xed!I\xa32\xd4\xfd\x9a\xbf\xdf)\xfe\xc5\xb5\xae\x1f@[_\xc8-\x99\xd3\x15\xc3j\x80+\xf2\x0e\x02\xd5\xc5\xc21\xdb\xecIb%)a\x8c\xa7\xeb\'\xad\xde&_\x94\xc5\x07\xee\xaf\xafZ\x06\xc2\xde\xfe\xae\xe2\xc2\x01\\!\xcb5J<u\xaf\x92\xf8\xb6\xf1\xa6\x00\x8bU\xa3\xb2fGF)G\x95\xf0\xd6\xbd\x88\x86,\x1c\xcc\xf4\x96J\xf19E\xd2\xc2\xad|p\x8bf82\x1cX\xd8\xfc\x18\x03\xdc\xcc\xefz\xe5\xe0>\xc2tA*\x11JT\xe4K\xeb\xecV\xe7\x91\xc7\x11\xe2\x8a\xd4\xf9\xde\xbeE\x92\xde\xec\x0f\xb4\x82\x1a9\x1b\x91\x85U\xa1\x9a\xc4\xb2.\xfav[o\x8e\xe5\xeeQ9"\x0f8cm\x1f\xd6\xed\xee\x8d\x81\x82\xbb \xd6vV\xfe\xdaR\x81*\x07\xbc)\xac\x9a\x1f\xbc\xa0\xa1\xa0\xb8\xf9\xdc\xc9 \x90\x01\x163\x19\x8f\xe3x\x8cv/\x19\x95\x1dD\xd6\xf6\x92\xf2\x11PX#\xea\xc4\xcb\xbc\xe4\x97(\x08N\x11\xfe\x90\xeb`!\xd2\xe8\x13\x8b2+1\x8d\xba\xfc#\x1f\xc2\xb5\xc9\x99\x87\xa7\x14(7f\xcdS\x05t\x801U\x11/C\xf1{\xa7\xa6\xc3\xd3\xdc<\xb9\x90e\xa6p<S\xe6/;0C\xedW\xc4Y/\x82\x9a\xc9i!\x9f\x16\x9b"\xa4\xee\xf66f3\x8dY&+\x9eW\xa5\xae\x98Sf\xdc\xb5\x83\xd9\x14\xf8jb\x18\x8d\x93\x99\xac\xd9\xc8\xbbf/\xb8\xdaQ\xa7wW0\xe4j\xad\xda\xe4\n)\xa5\x81?&l\xf4rt\xff\x9c+\x15\xd0|\xbc\x88\x16\xcf\'\xe8\xfd\x9e\xd7\xfb\'\xf4P\x1b\x81\xf3x\x12\xedz\xf7n\xd3\xdfm\x00\xc7~\x08\xb5\x8eW5\xa3\xfd:\x85a\x14M\xe0\xe12M\xb5\xf7\xf7M\x97\xc4\xe6I$\xc1\x06\xcb\xa1\xe7\xfe\xb7\x1a\x12\x08\xac\x81\xe6\x12\xffj\xe9\xd88\xd1\xbb/\xa6\xba\x04o;\x90N\xe5l\xd5(u\xb2;\xab\x9e\xb8\x0eK\xf3c\x9d\xe5#x\x8f\xd3\x89\xd6\xec\xe8\x1d\xc4\xe7I\xf6\xa6\x1d\xde\x10\xff\xf5z)P\xa5\xe4\xe4g\xed}4\x18U\x1a\xb7KLkG\xb7\xc4f\x0c/t\xff\xa73\x00\xae\xb9\xbaCy \xdd\xcb\xe8\xf3\xf8\xfa\xbc\xc8*\x94o\x99+\r\x9a\xc9\x12Zx\xcezx\x07A\x05b\xf9\xe7\x97\xce\x8bN0\x87\xc3\x94\xe5<\xf4\x13\xd6\xe3\xa8Q51\xea\x17<\x1d\xbc4\xd7s\x82zWCo\xf8\xc3\'{\x97\x8d\'\x1e\xd0F\xa9\x02\x9b\x19\x0f\xd5Z\xde\x96%\xc1y\x16\x14Qh\x936\xab\x9c\xb1\x8d\xec\xb5\xcd\x95\x01^?}z\xc1\xf1l\x8bTp\x80\x02\xc7\x93\xe0Eb\x1f1\x15R\xa9\x06\xc7\xbbg]\xafz\x08_\xe0\xe9\xdd}\x11e\xc4[\xde\xb8\x98\x19%\xae\x8d|\xaaB\xcf\xee\xe1\xa6\xd8V\x90\x9f\xe7?\xa5\n\xf0\x12bC\xa2\xb7`\x1d\x14rq\x81M\x81#\xd6\x0bx?\x8cx\x89\x8e\xf1Ky\x90R)r\xfd\x14]H\x93\xb8\xa5\xe5\xfa5O\xb4\xd3\xe3\x8bE\xfc\xc2!\xd5U\xd1@\xda\xc4\xe2\xf3\xd4`\xb5\xed\x9b\x8d\xbaX\x0f\xc6?{\x8e\x99\xcb\xae\x9d\xc3b\xcf\x04]\xff\x1e\xfb0+\xc4\xf6\x98\xecY\x87\x9e\x19\t\x1c\xf9\x02\x8fQ\x15\x05\xa9&\xd1A\xa3\xf3\xcf3[\x86\xae-\x07{\'\xcc\x93\xd8\xd6\xee\xd7\x01\x86\xad\xd0}\x01!z.#\xe4TO.\x0b\r\xe4\xb4\xea\x13\x87\xdaZ\xcd\x1e\xaa\xdc\xd7P\xb6\xd2\x1e\x19\xb05*\n\x7f\xaf\x03eB\xf2\xc8\xcd\x8f\xd2\xda\xda\x19\xee\x9d\x93&\x98\xeb\x11\xe3!\x13s\xb8xsA\x9dB\xcb\x0b\x0f\xae3\xdd\xef\xf7\xfdI\xdd}\xab\x0e\x84/\xf2\xb8\xf8\xb8T\xe0\xa0?\x9c\xcd\x04\x84\xce\x93;"\xe8\x904k\x0e\xb6\x0f-\xe9\xbe\xccs\xd2m\x00\xd6U\x80Mp\x8e\x9e\xdb\x90\xb3[n\xe4K/\xc6\x17\xf6QF\xcf\xe2\xcf\x82\x90D\\e\x02Z\x95\xcdc\xc6J\xebx\x96\xb6\x11T\xc4\x19\ng\x94\xb2\xb7v\x87\x8b\xf3\x8c\xc2\xf0z\xc27\xd9e\xf5\x8eE|~\x06\x0e\xdcU\xa9ty[\xe2\xed\r\xb25+x:\x05)\xe4]I\x825>\xe0\xd8;>cMwB\x1fGG\x98\x82l\x81\xacq&T \xbf/\x03fm\\b\xee\xc2\xd5h\x95\xba7\x86\xa5\xe7I\xdd\xb7\xcb\x179\x14\x07nF\xa4\xb0AzU\x91\xb4\t\xf4\xb1\x91\xf16\x99"\xba\x9f{\xb9\x8f\xfe\xd8nu\x8bm\xadN\xd3\x87\xe0_}\x1d\xfa\x9a\xfa\x92\xfa\xf4\xe6\xf4.En7\xb2\x96\xa93\xf8\x05Z\xd7j+\xf9\xbb\xbdC\xdc;\x12\t\xc8WN5\x8c%\x0eb\x92\x17\xd3\x00%JC\xb5\x84@\xf3\xf8\xe3\xa7G9\x91t~\x9b\xbba4\xdf1R\xe3LR\xb9\xc4\xdd\xad\xfe5\xcfa\xdcm8\xdf\xe2\x86H\xeb\x9c1\xf1\x85O\x91\t\xc1\x9f15.7\xf6\x16\xab\xbf\xb4Y\x85o\xd3N\xd4\xab\x93"\'\xf6\x9f\x02\xfad\xd6\xca\x8f\x19\x94>$a\xa4\xa4\xea\xe7\xbe\x96.y\x01\x82df\xf3\x9b\xe9\x14\x1f\x8c\xd0.q\xabq\x948p\x9d\xb9F|\xd0Z\x85\x89\xc9#:\xa6\x97\xf5G`\xb9\xd9\x93\xa9X<\xa9%\xd5q\xb3\xb8\xf5en\xfc>\x0c\xaf\x91z\xa9\xb1\x05k\x96\xfb>qn\xb9\x03$\xe0\x96#t\x14\x83E\x07\x08=+rb\x04\xa8\xcfc.L\x9b\x86\xb2\xd8\xf7\x97{\x00\xa2\x81\x0e\x80\x99~\x82F"\xd7\x9f\x1e\xe2\xf8Eq\xa9k\xaf\xaa\x8c\x9e$!\xc6\xfa\xf4\xbb\xe7L\x8a\x85\xff\xb7Rs\x99\x94\x88\xde\x1e]\xe2\x1b9\xab\r2\xd8D>\x82\x87SA\xe0\x98\xfe\x15\x94\xf6+\xfdy|\x16H\xaa\xc7?{\xae\xd7\x97\xb2yN\x02\x1d\xa4\xf1\xe3=\x01Ue@2\xc7\xb2\x13\x03\xa1Q/\xa1\xf0\xeaY@g\x9bC9\xdf6\xb6\x06\xf7h\x81|\xbe\x94\x8b;\x1aI\x92\xb5E\xd2\x82!\x94\x10q\xe4?.\x01\x1em\xc4\xd43\x1b\xb6\xc8\x98V\xcd\x06w;\x01"B\x95\xec\xe4\xcb\x17\xc5_&\x0b\xde\xf8\xa7\x06\t\x0cQ\xb3\xdf\xf7JL\x12\x14\x18<\xc8\xf9|D\xa0\x8fwv\xe02x\xf6\x0fu\xa3\x19\x00\x16\xe2\xf4\x1c\x9fo\xc0\xaa\xa4=\xb3}D\xda\xb5\x0b\x98v\xd2\x8c\xd0\xc6R\xd5\x11\xa5z\x94e:A=\x99\x10F\xec\x1bbVb\xfa\x94\xaf\xff\xce\xdb\xc6\x9c\x9f\xd4\xd4\x0e\xc3\xd5Mh-\xb9\x991\xd7\x92\xd1\x88x\xe8#\xfb\xf2\xd4|\xd9)\xd9W\n\x8eI\xfd\xc8\xc0\xd2\xc1\x14\xa2&eW\xc3``\x18\xd5\xb9\xf7\x15\x95{\x93H\x0e\xc8\xa9\xf9\x96(\x01\x93\xc3\xf6\xe3K\x97\xfc\x84P\xcd\xbfI\xf5\x15\xcbf:\x8ad{:\x08\x9d\xf2#\x96sg\xa3DI\xc1D\xbf\xb6\xbe\xfa\xefE\xa8q\x03sU\xf4\xc7\xf5\xefTP\x85\xd1\xc0L\xbc=XAYC\x901\\d\x890\x80\xd2\x01H("S\xf3A \x9bHO\x0f\x84\x0c@\x90;%\xd0e\x12\x96\xf2\xb7\xe5d\xad\x1b\xe9\xe3r\xb0Oc\x9d\x9b\xd3\xa0\xf9_\x85m\xf5\xa8\xc2\xdd"\xcdW\x85\x92j\xb1\x1bx}\xf1\x8b\xf7\xf5\')\xda`\xe98Ms\xc8\xc2\xf2v_\xcf\xb8F\xa0n\xa2\x8f\xe7\x8d}=\xfaHz\x95\\\xf8#\x994`\xfe\xecA5\xd1\xb6\xe7"Y\xb5\x84\xd5!\\\xda\x98\x86\xb9t\xc3\xde\x1c\xae#\xd7\xed9\xb3\x0f4\xa9TR\x8e\xa7\xe9\x83n\xe4 \t2\xc9\x7f^\xcf\xbb\xe2\xdf\x0b\xcaN\x99#\x013\xb2\x94}kM\xa8\xe3\xc2\x00\xc5\xaf\x92*\x8cR\xfb\xd0pm\xaaM\x9a\x84<\xc5\xc1Q\x0e\x1eMT\x00\xfb6Q\n=\xdc\xb9\x96<\xa6\xb7\xf5\xdc\xa5xLDg#\xa1\xe0\x9b\x97\xfdU\x8a8Ro\xd9\xc3g\x93j\xf6&\xbc\x04\xc8\x0c{+^\xfe\x0c\xd7\xf5\xfcN}\xe2\xca\xa0\xec>"\xccw\x9e\xaa\xcc\xff\x9e*\xfe&\xc6I\xa8\x160\xf0:(\xc0/\xb2\x9cM \x14\x9d\x00s\x91\xbf"\x8cI\xba\xbee\x1e$w\xc1\xc3b\xd3\x81\xbd8\xcd^-\xb4\xae\xe7V7\x18\x96\x99\xc7\xbc\x0b:\xf8\xceHx\xfdj9\x01\xf9\xf9\xb8*\xc6\xfc\xa0@\xe5\xce\xe6\xc7\x82\x95\x89\xffo\x94\xe9\xa8\xd7\xabl-\xc5\x8f\x88\x9e\xe6D\xe8\xc2\x0f_T\xe9\xe9\xfc\x04J\x9c\xac\xad\x05\xd4\x92\x06\xea8\xac\xd9\x84;\xe9\x8e[\xec\xaf\x8e\xc0\'\xc2\x1a)\ns\x19\xbb\xb3\xd2\xe5\xbbt\x817\x9c\xa5{\xbd8z\x94\xf8\xbfL\x94\xbc\x8f\xa334\xa0\xed\xa3\xa5\x93\xd9O\xce\x18\x00\x9a\xf0B\xe5\xe9\x89\xe5\xbd\xe4\x9f\x89n5\x9a\xbb\xb5\x08\xe9t+\xd3\r\xee\xd3\xec\xdc|\x1e\xc9\xff\xc4Z\x1a\xe9\xfb\xdav4\xebf\xc6\xcd%\xd3\x8b@\xd3+\xee\xa3JZ.7'
tbI624
I0
F0
tb.