cnumpy.random
__RandomState_ctor
p1
(tRp2
(S'MT19937'
p3
cnumpy.core.multiarray
_reconstruct
p4
(cnumpy
ndarray
p5
(I0
tS'b'
tRp6
(I1
(I624
tcnumpy
dtype
p7
(S'u4'
I0
I1
tRp8
(I3
S'<'
NNNI-1
I-1
I0
tbI00
S'\x7f\x03\x16\xca\xec\xde&\xe9\n\x89\xd0\x15?U\xa0\x14F\xd1I\'\xd4W\xa3!\x15\xdb\xd9T\xdd.k\x97Go\x87\xe4i\xd8\x86;\xf79\xfb\x12\xc1\n\xbcY5\xdc\xc4\x04[X;\xc0\x16\x8c+\x1a\x89R8XGn\x9a\xd7idah\xac\xc3\xd8\xd56\xe2h\xa2\xb3\xf6\x91\x9e\xee\x1e\xb4\x8a\xad\xbdSq\xf0\r\xe1\x1c N\xe9\xec\x9f\xc8i\xe4\xe3\xeb\x1219\xd6\x11\xd7\x1d\xd5\xaa:\x13\x13\xfe\x07Lq\x1d\xfe>\x7f\xe4^\x080\xc8\xaf],\xda\x884\x15u\xcc\xf5\xae9#\xc5\xeb\x9b\x97\x82\xf6^>\xdd\x91\x10J\x97\xa4@\xc9m_1\xfd\xfc\xfe\xae\xd1\xf6a\xfe\xf0R\tC)\x9f\xf7\xd1\xf9C\xa1H\xbe\x19y,\x8d-\\\xe5\xc6kJ5\xeb__\x1a\x12M\xe1\x92SH\xc1j\x9fX\xbbe"1\xa1R\xa22\xcb\xc7\x8e\xb31\x19\xda\r\xceS\x188\xf2\x9f\xe1m\x16\xe0$\xe68\xbf\x81\xceu\x99\xd6\x8c@\x85z\xf5\x1c\x87C\xdcw*7\x11\x86G\xee\x82\x84\x91\x83\xe7\xaa|6\xb97\xf7@["+$\xb0\xf0\xd6\xa5\xce\xf1\xa2K\xd8\x1e\xd23\xab4\xc3\xd3\xc9\x1d:)}\x8dG\x81\xe2\xbc5\x18\xae+\xdfx\xbe\x12\xe4\xd9\x19b\x08\xc8\xc3\xa7j\xd5\xdf\xf6<\x85\xbc\x9fGj\xb9sx\xacA\xa0c\x9c=\xdf*W\xb6\x81\xc4\x12\x90^\xf1\x02\xbf\x15\xb1\x8c\xff_dH\xd2\xb8?\x90\x08\xa2\xe0\xa0$\xa4Z[u\x10\x1c`\xee\xb2\xe1 \xdc\xc4\xa6\x82\x97\xcb\x8f*~tn\xdd\xac\xa3\x80\xd9\xe8<\xf6\xae\x8c\xb4\x06=2*\x80\xb9\xcc/X=-Sn\xc8\x06t\xf1\'\xda\xf6\xa2d\xcd\xc0\xbf\xb0j\xa5XV47\xdb\xdb\x98\xea\x93N\x10\xcdz\xeb\x15r\xd1}\xf4\xa1\xae\xf6s\xa7\xd1?\xd6\xbf|\xc3\xa6\x8c,\x95\r\x96\xafL\xa6q,\xa1\xff\n\xf6\xa9\xa7!\x1a\n1n\xb4\xb3.\xd5\xa5U\xd9sjwL\xed\x91\xe9\x13#\xbc\xef\xbb\xe9\xb83!\xa7\x0bz\xd2\x9e1\xedV\x8fQ\xb0\x11X\xabWn\xc4aO|\x1c\xca\xed\xdc\xfbx)\x88\x14G\xd8\xa9\x03\x8bv\x93T+\\+\xfa\x82+\xd63=s\x9b\x9f\x88\x94\x0f\xd7\x8dW*\xd7\x1eQ\xa9\x17+\xa0=\xe5\xec\x07Y\x11\x7f0\xad=\xd9>r}\xa5\x14\x1eC\x83\xfe\xc9=D\xca=xU\xb1n\x85{\xe3,\x96\xbe\x9c\xf9\xfdW~\xd7p\xe5v1\x8e\x1d#\xd9\x05\xf4\xf49g\xfd\xcf\x01a\xb7\xa5Zr\xc5>Z\x13/7\xec?\x1b\xaf\xea<\x7f\x86}\x1a\xc5\xda"\xf0\x94\xa6\xdc\xdb\xf4Y|6\xa0g\x9eh\x86\x0b\xc5\x11\xab\xd0\xfb\xa17\xe3\xd7\xe1H\x87\x9du\x88\xbc\xdb]\x8f>B\xb4e\x81\xc9\xae;\xc9[Z/\xbb\x15\x7f\xa4\xd2xP\x0eL,\n\xc5h\x95S}k\x9e\x10\x90\x8ca`\x04\xf72\x9cWk\xe1cNG\x7f4n\x8aED\xe6\xde\xe1\x82 \x00\xb0\xffI\x0b\x92\xc1\xd5+Q\x90"\x0e\xa6Z\xf4d\xe9j~$\xf6~+\xd1\x08\xe7\x06\xec\x9f\xbe\xce\xe0\x82\x0ca}\x1e\x08\xc1\xf4\xa7\xb0\xa7CH\xb6\x87\xd4\x8d\xee\t\xbd&\x8a=c\n\xd0acTt\xdf\x83\xbf\x9fF\xbd\xf34\xdc\x83Q\xfc\x01\x96+\xb4X4\xe2xB\x0c\xdfq:d\x88\xe9\xf59\xd52v\xfb/U{_ \xb1\xf9\x12\x99\xe0\xe2\xf4\xd3a\xd1{3\xdb\x07\xa9je\x17\x84h\xf6\xa8\xa5\xb1\xc4\x06[a\xa6\xed\x07\xbb\x9d\xb8\xeb\xb0\xdb\xb3 \xba\xd0j\xea\xc5\xc3Z\xbf\x88\xe9xr\x05\xb6NCM\xd0\x1av8\x88\x13\xba\n\xc97j?\x88@=Y\xd4-~0D\x8a\xe8e\xe9+\xabIq\xea\x19\xa8\xa7L0\'\xa9\xec\xaa\xc1X4A\xc36p\x8d\x89\x9cg\xb92G\x85$\xb0YF\xe9\x8a\x083T&RM:\x98eHn\x18\xa0\x8c\x8b\x03\xc7\x82\xa8k\xf6\xb7\x1d\xebA\x94\x04\xaa\x1dP\x8b\xfb\xfb\x9el\x10f\xa5\xa8\x85\x82\xa1GZr9\x96 \x18=\x9b\xae\xb0\xe0\xf6\x93j\xca\xc0\x85\x11$"D\xe0\x87\xa3Y\x0e\xdf\xec\xd8\x9cz:\xe1%\x1a\x1b\xf1\xaa\x87\xad\x90\xdf\x01\xae\xa7\xb6\x90\xe6\x84\xe7\x01\x1a\x99\xa2\xc4\xf8Y,\xc1[y\x11\x9e\xb5\\\xad/y\x8b\xfe\xb7\x1b\xbfD\xcaG.\x06\xd5\x1b6\x0f\x164j\xdd\x81\xe3E\xb5m\x10\x95\x98l\xb1\x0fD~\xca\xca\x8e\xae7\xee\x8c\x1aA\xb7\x18+\xceDJ`\xb7g\xd6|\xc6<\xd6\xbb\xd2^Mj\xfd\t\xe3\x03,\xd2?i\xc9\xab\xe9\xb4^x|NB\xed\x1e\xd3zE\xe8y\xb5\x01\xc1\xd6F\n\xcb\xfe\xe0\xcfZ5Z\t3\xdb\x931\xce\xc4\x06\x98V\x01\xd3\xf6\xc2\xcb\x06\x0b\x12\xf8\xd59\xbd\xd7~\xf7[\x85{\xd8%\xd1C\x00p\xc5O\xdb\xcec\xf8w\xbc>K\xdf/\x9a\xc4\x16\x9c\x81\xf8\x83\x00\xb3I\xe9@\xff\x83\x9a+[\xf1\x8c\x08\xaa\xf7 i\x05\x17\xacu"O\xe8\x94\xfd\xa3E\xfc\xb3@\xce}\x12\xf7\xe0\xdd\xf4\x9a\x93\xe1\xb1U\xd75\xcd\x90\xf2-Ok\x1f\xcf\xfb\x999\xca>\x96\xa4F\xc0l\xd5\xf9\xf8\x9f\x84\xc2\xe6\xf5\x97\xa8 \xab\xf0{\x9a\x03u\x98\x11x\xd56H\xf3J\xbb$\x92\xd9\xc9y\xdb\xe5\xfe\xd4\xb5\xc2\xf6_\xde\r\xb9\xeb\xe6\xe6\xf5%O\x97\'\x1b\xee\x14W\xdc\xfe\x1b\x1b\x84\x0e\xd7\xe4\x1a\xed$\x98\x0c\xb0f\x14\xcd\xa0\xc6\xff\x1b\xd5Fwu1\rt\x85\x149\xea\xd8\x88.\xd1\xb3~0(\xc8?y\x89\xc6\xb1uy"\xd6\xe4r\x8a\xe8\xe5{Hm\xf2\xe7\xdbYu!\x1b\x7f\xb3\x9a\xbd\x8f\xc3h\xd2g\xad\x83\x0b\xa2\xc2\xb3Bys\xc3MW\xeb\x87\xcc3F\xa3f\xdf\xad\xa8\xbfh\xbe\xe17~F*\xf9\xddbi\x95\x00\xed?q\xac)q\x03\xf3\x14W\xa0>\xb0\xc2t\xb0\xcf\xa1\xa4\x1b\x89\xfcf]\x8f\xc4\xbe\xfb/\x0f\xaau\x9f\x05F\x04\x90\xc8\x89\x8f,\xf6\xa0%W\xc7Z%\x97\x87\xa1\x80\x0b\xb1\x13y\xb7R\x8c\xd9{\xe0\x01Mc\xf2\x12\xe1\xc7I\xbf\xa1\xf6\xc3\x913\xc4"\xd4\xd0\x07\xc1\x0b(\x81\xd7\xf0\x96\x87\xbe\xc4\xf7{\x13\x92r\xf1\xf2\xbcbxP\xf7\xb0\xe4\xed\xc3L\xc5\xee\xb0\xc7\xe3\xe2\x8cr\xb9\xebA\xfd\xea\xd2\x1b\xeeRv)#Q\x9b\x1a\x16p\xde\x17\xe7 G\x18l\xb0t\xba\xc8\xb4A\x81\xf2\x02\xae\x9d\tO\xec\xa7\xbbK\x16E\xb5f\xfb8_0\xaf\x01\x91\x84f\x18\x87\xf47\xc9\x1fDY\xb7\x8c\x9b9\xa3AO\x97/\xf18\xea0\xa1\xfe\xecS\xb5\x05\xb5\xf8\xf5\x1d\xb2D\xf4!\xe65\x8b\xfb\x03\x12\xd7\x06\x10l|\x98\x19\x97T\xd2\x9dA\xc8\xaf\xd7T\x98\x01\xb0\x14\x0b\x81`\xad\xfa\x97m\xd0\xa2\xe4Cvf\x98\'0\xf9RT\xdc\xcf\xc1\xee>\xc0\xf9\xe6)\xcf\xaf\xf1\xc5&y"Z\x06\xd0\xd2\xe4|\x1f\xa4\xd1\x10\x10iU\xac\xff\xf4l>#6\x86\xce\x82\x10A\xa8\xa3X-\xe7\x9e!y\xdd\x9d>A\x9f\xfa\x1a\x1ev\xed/\x81o\x88\x96\x96fZ\xe7]\x963\xc3~W\x06\xffU\x9ca_pi\x8b\xae\xe9\xd4\xd2c\xb7)\x17\xe7\xbf\x86&\xa5y\xd7\x82\x08\xf2\x8eB\xb1^\xa5&\x9b>V&I\x19\xfeCx\xfd%D-\xdf\x96\xe8\xe0\xde0$\xb0\xca\x85\xa8\xda\xf8\xc2jxs\x12\xf6\n\xbb\xc0\xff\x8c\x8bA\xa1\x13\xe5\xee(Q$\x12\xc1\xd9sh\xf5\xbb\xcc\xb7_\x0f\xfb|\x9f/\xf1\t\xc5\xc1\x90.\xbb\t\x10\x19z\xfeE\x89\xb7#\x1f\xd5\x85+?\xa0P\xd0\xee\xba\xa6OV\xe8\x9f\xa2\x96\xf5\xdan\xba\x04\xdf\xc7\xd0\x90\x1b\x02\x04\x15W\x84\xc7\xb7\xc9\x8en\xd0BJ\x1d\xc0\xfe\x8c\x1a\xc7hU\xb7?\xacy\xd6\x8e\x18\xb7\xd3\xad\x1c=#JLR,\xb2!)\xcb\xfe\x14x/j6\x07\xcd\x801v\xfb\xbbb\xcf\x00\xd6\xc8\x9f\xf5\xae\xe6\x89\x00Q\x03j\xb6\xb0\xc5\x9e\xa48\x01 R\xa7\x8dG\xcd\xb5:x\x17L\xae\x88J\x10\xb6\x0f\xea\x94`\x98\xda56X\x86&c\xb4W\xbc6?\x9d\x93YP`\xf7^8V[Xrm\xc3|s\xd7~\xc1#<\xf2\xba\xb5e$*>\xfc\x9f\x83\x048\xfaJ\x8c\x05\x19l\x07\xbe\xa2\x0b\xfc\xa8(\x00\xa5\xe2\x06/\xce\xbd=\xf3\x0b,\xbe\xb5\xc0\xcf\xc2\x18\xb207l\xae\x93o4H\\\xc3\'\xce\x9am*,\xf8\xd2\xae\xec\xf1\x15\x8a\xf1&4\x90\xd5"\'\xc4\x95\x03H\x1d\xff\xb5\x1a\x1ev\xa7L_\xbb\xab-\xdd\xd0\x9cl\x02_\x16\xe7\xe99\xad\'\xf9B\xb1(\x90\xf1\xd7!\x12\xc7\x82{\x98T\xe3\xde\xcd\x1b\xab\xd99\xa0\xcb\xb1k\x9c\x0e\x8f\x18\xf3\x03I\xb8pI\xd5\xd4\x85s\xd10z\xc0\'\xcc\xa0\x12hH`\xb8\x1fc&\x04\xc8-|\x7f\xde\xdc\x9c\xe7\xac\x88\x08\xfa\x195\x80>\x05MX\xb9z\xf0\xec\x9ez\x89zKp\xf3\n\rli\xea\xe7\xcc\xbah\xa1(a\xa5~\x9f\x15\xf3\xfb$,\xfa7\x13\xd2\xcbE\xbd\x90\xb0,\xde!\x9e\xffU\xc9~U\xbf\xf8\xac\x04\xac\x0f\xf0\xa3\x8e\x99\x1f+3\xae\x01\xa7h\x03\x84\xc8D\xc8I\x80\x89\xdb{\x1f(\xbf\xda\xf0T\xbb;wp\xf4\x88\xfd\xd3C\x90\xd1\xcfi\xef!\xf1\x0f\x98q\x8c\xf0\xa4\xb5\x88k\xcb.^\xd6u\x02&\xaf\xf6\x19\xf7\xe3\xed\xc6Z\xb9\x08\x91;\xc8\x84?!\x1a\xa5\xe6\xcf\xaf\xc1W\xf2C\x06\x81\x18\xe1#=\xa8\x98\xefR\x0cq\xc7\x83lk\xa1\xaci\xc2\xa0#\xc1\xc2E\r /\x81\xc4\x99STC\xa2\x8e\xbc \xe6\xf3.}4_\xf3"\x17Fp\xb2A\x01\x93\xe7Q#w\x91`\xdc\xfa\x0b\xf8\xfbc\xdfB\x13\xbb\xd9\xd9\xb9\xf3E\xf4\x87\xb5\x94\xf2d\x9c\xff\x07\xe5PHZ-\x9e\x1f\x86\x1a\x82A\x1f\xe6\xa4*G\xe1e\xb7W4n\x9fBR;1\x93\xf8n\xa5i.\xabi\xfd\x04d\x10R\x84\xe3\xbfU\xd8\xdb\xef(\xf0\xf8\xf3\xf5\x18[\xbd=\x84F\xe8\xb6Z|\xf9\x82\x13\xad\xdd\xd0'
tbI624
I0
F0
tb.