cnumpy.random
__RandomState_ctor
p1
(tRp2
(S'MT19937'
p3
cnumpy.core.multiarray
_reconstruct
p4
(cnumpy
ndarray
p5
(I0
tS'b'
tRp6
(I1
(I624
tcnumpy
dtype
p7
(S'u4'
I0
I1
tRp8
(I3
S'<'
NNNI-1
I-1
I0
tbI00
S'\x95\x86\xd7\xcb\x14i\xb6\xacY%\xa8\x90\xfbE\xd9\xb9\x02D\xdf\xa5b[Gy\xc3\xab9\xea\xc6\xe2\xbeJ\xe0.\x8f\xc2R\xe4RQ\x89\xa4\xf4\xecc\x072\x84g\xab\x05\xe9\n\xe3\x01<\x86Q\x12\x8a(4\xfe\x1e\xeceWu\xa2\\\xf8y5V\x80\xc2h\xdb\x91V\\\x85Q\x97\xdd\x9b\x84\xc0\xfcaTd;\x1d\tT#\xb3\xa4\xed\xfaM\xdf\x141\x19\x9aaA-1G\xad\x92\xb6<\xb2\xe9\xea\x04\xda\x15[$|\x106(\xce\x81\xb3\x0e\x88e\xee\x0e\x06\xf6y\xaf \xe7\xec\xdd\xf9\x14\xef\x04w\xc0\xbf\xc7\xbf\x85j\x94\x0fc\xc4S\xb4\r\xee\xbbZ\x06\xac\x98\x86\x1a\x82\xb8\r(}\xaa.\x88\x89c;\x80\xc3~/\xaf*V\x0c\x8euv\x1d\xd4Q|_\x87\xa3\x95W\xb9\xb3\x82!\xcd\x137\x99\xed\xab\x87I\x99Pb$\xcfm19\x18\x04\x1a\x97\x18-.\n\x19{j\xa3\xefx\xb8\xfbu\xe54\x19\x15\xf5\xde\x80F\xef\xb9d \xbf\x99\xb0\x911%\xe4\xe5\xbf\x85\xef\xfc+@2\xec\x9e\x0cw\x92\xf5\x94N\xf5eY\xae\x05\x02[46\xfb Z\x85\xc4\t\xdd\x87U\xd6\xb1\xf3\x0b\xa9\x1c\x9e\xde7\x04\x05q7\x94\xb7\xee\x8d\xc9h\xb0$>\xfe3\xa1U\xd0zA`=a\x8az\xec\x0f\xee\xcay\xcf\xf8c\xc8\xe5\xa0\xf4\x8cC%m\xc2\nhN\xd4\xc0mP\xe6\x08s3fe|\xeb\xc0z\x985i\xca\x02\x18Mo/\x9d\xdc!E\x9d\x93\t\xd8\x82\xf4\xb1\xb75;\xe5#\xa7uj\xab\x88\xc3CX\xa8\x8fDvF\xb28.\x98\x14\xb7<q\xbei\x16C\xd8bv\xd4#\x00\x1d\xb2\xf9\x12\xd6\x1a\xddy\x00\xde\x81\xab\xd4A\xf5\n\x06\x96\xfa\n\x9a\x8b\x80\x9f\xf4\x90(f\x89q\xe3\r \xa4\x08\x0f\x95\xd4\xc1\xc7E\xd4\xa92\xad\xc8\'\x90!\xac4]t/\x1d\n#\xe1cOP\xe3\xd3\xdc\xbeAO^\x1d\x08\xc9\x82N\xc8\x97\x05\xd7\xfc#\xf5\x1e\xd5\x9a}D\x96\xd4\x1d\xfd\xc0\xf9&\xa6\xf2\xdaf:^/\x9an\'\x0c\xe4\x9a\xf9]\x9b~\x82C\xf6\x88\xd8\xc9W\x17\xbcv\xc3\xbb9\x99@->N\xff\xe7\xf5\xc3hg}\xeanw\xf1\x972\x9a\r\xf9\xfd\xe8\xf8\x1c\xdb\x06S-\x95\x9f\xc9\x8c\xc6\xab\xb6\xddU\xe0\x1d\xf5\xf0\x92^/[K\xd7\xbf\n:\x90p\xf5\t-\x98F\xe7_\x9f\x06\xad\xb9\xf7z\x02\x91d\x1c\xc1\xb7\xb3\xfe\x08\xb8h\xd1\xe5h\x12\x05\x85\xc1\xf8\xca$\xb8\xbe\xf2\xac\xac\x12y\x1b`\xc5\x99(\x05J\xadD\xe0%\x0e\x03T\xac\xbb\x18\xbfM6\xba8f\x03\xcb5\xaf\xab\xda^\xce\x04\\\x7f\xbc4\x80\x13\xe2\xdcIg\xb8v\x85\xb2\xa5^\xdb\xa8\xb8\x1e\x027\x83\xb5CTWx\xc1\x8el\x92?*\r\xc0\x8e\xe5\xaa\x80\xcb5\x04)\x86?w\x10eu\x84*\x95\xf5\x93\x98\xb4\x0e\xb7o%\xd2\x84\x01^\xe4J\x078\x86W\xe4\xcb\x9e\xb4_i6w\x9eM\x86\xed\xf0\xce+_\xd6hPx.\x84\x83\x04lR\x10\xf2\xb2!\xbf\xa3\x08\x88&\xe2U\xfeE\x87\x9cY\xa0\xf3^\xe11\xc7\x0b\x9e\x9c\xe9\x14_\xcd\x8e\xbd\xa0~\xbc\xc8\xa7XX\x07V O\xee\nr;\x99\xba\t\x8c*\xe2!\x8b~JUL\x16\x94\xe9<\xbe:\xb9P\xebet\xdc\x93-0N\xc57b\x13\xe3Up\xccx\xb2;\xf7\xcf\xe4u\n\x9f\xf1\xb4V!\xdf\x8c\xa9\xe3<V\xbbTev#\xcbl\x8at=\x9d\x83\x10\x9a%oR\xd38\xc5\x8e\x1dyQn\xaf(=:$(\x00\x89*$\xc9\xad\xc7\x81\xf4\xc9\xfa>\xefc\xe1\xba\xa5=q[\xcc\xc6\xdc\xab;\x82mh\xa2[{e"\xd1\x85\xca\x81\xd5\xa6\xdcQ\x87\xc8\xfd\'m\xee\xf4\xc1\x1fe\xf0+\xf7\xe8\x9f\x14\x02\\:mQ\xdd\x80h\xa1\x8b\xf7\xa3r\x9bVD\x1ax\xa5-\xe48\xfbwC\xbd\xe0\xaf\xb0(Af\xa2\xf8\x9c\x07\x18\xc0\xf84\xfe,\x17\xd6\xd0\x89gf\xd4\xa11\x1b\x0eO\xae\x89RH\xc8\x0c\xb3\xa0W\xc7\x04Ea\xae\x08\xdcw\xfa\xbdw\xbe90\xae\x9e&\xe1\x18\xba\x02\xe4\xb0J\xf9`\x8e\x83\x02\xf5\xaf\x85\xb2\x10\x84"t\x98\xf0Q\xcbG\x9em\x8e\x93\x1d\xb8\xc3\xad\x7fE\xa2+*\x9eX\xf0H\xce|\xa2\xe4{\xdb\xb4\x99{\xee\xc6\x88\xf8\xfa\xf1\xe7w\xca\xc6:]\x7f\x17\x1e=7 \xa3\xc7\x0fM"\xac\xb3\xe4\xdb\xfe\x92\xbb\xd1?^\\\x00\xf1j\x99qp\x04 A\xc6\x94\xa5[\xe35\xd3\x1e\x9b\xcef\xdf\x9c\xdd\xee\xd7\xbe\x97\xd4\x13\x81r\x08\xa2\x8e\xbaG\x1cE&\x0f\xa75=\xa9\xc4\xd6\xff\x99U:\xea\x9c[\xb5R[B\x03p\xfc\xc8\xcd:Xuh\xc8\xfd[\xdf\x0f\xad\xcb/\'\xeb]\x10\xf8;\x88\xcb6.}.\xbb:\x08\xb3s\x07[\xfa\xdc@\xbb\xc1\xca\xed\x03\xd7\x95g\xebH\x04$\xb9\xe3)\x8ew\xa5p\xa7\x1e\xb9\xdb\x97\xb0\x92W\xc2\xb8\x96V-|\xfc\x8fV\x16)N\x0c\x19s+T\x02\x16\xf2\xfa=\xbe\x8b\xfe1\x14\x90\xbb\x16\x8b\xachR\xceN!+\xc8\xa2\xa2\xea&Dx?;%\xa3\xa5\xbdM\x10\xb8\x95\xc8\x86}\xb6\xf4\xb9ke\x8c\x14\xcb\x95\xe5\x85\xf6>\xb4I4\xd2=?\x8c\xb8\xfeH\xa0P\xe7_\\jI\xc6"-.*\x0e\xb6\x06\x8b\xdfP\x12~\xb0\xab\xdb:\x00\xcf\x8a\xea\x99\x89\x9cU\xab\xe1\xeb\xfbL\x07y\x88\xd5o\x85\x16\xa5h@\xde\xfb\xfd\xf3V\x11(\x02\xa4N\x1c\xe1\xcf\xcc,\x9f7\x04\xa3\x97\xab\xb8\x86\xea5m\x89z\x89\xe3\xf8\xe3\xacXT\x9fmX\x00\xc8\xe5B\xc1J\xdd\x0e\xaa\xe4\xdeF\x9a!\xf8%\xffp\xc6\xbd\x0e\xf8PpN\xd5\x10@\x8e\xa3\xca\xaf\xee\xae\x84EA\x8f<\xdc\xa2\xb4\xf1\xbbx\xa8\xc1[\xc8\r\xd2\xc1\x08\n\x01\xb3!\xf0A\xa5\x02ip\x0e\x13\xe0\xeb\x97\x02x\xab\x82\xdbf\x91g\x9c\xe2e\xd7m\x19e\x9bIR\xe0\xbc\x0c\x1e\'\xad\x0fC\xa1t!B\xc9\xbe\xad\xb4\xca\x11\xd2K\xed\xaf\x83F} \xaaY\xfbD\x9e\x81\xa0\xcd\xf3.-,\x16\xdc\x9aT\xeb\x16\xdb\xe6i\xe9\xc6\x0e\x8br\xc8\x8c-\xf6B\xff^\x8dlWE\xf5\xcbw\xe9\x99\x14A*\x82)\xb6\xca\xde}x\xacZ~r<T\x96w;\xecH\xbd+\xe0\xc7-c\xd8S\x18\xecv\xe0J;\xd9\x1f\x05)0\\\\.\xddi\x10[O\x0cR\x00)\xce\x9f\xfb\x03|\xbc\xf6\x8a\x8d\xd1\x1aV;&-\x89\xaa(\xc5\x1c\x9f\x9f\xfe\xc7\x9bs\xbe\xa0,\xfa\xd5\xa5:\x8f\xcf\xba\x9e\x12\xef\xfb\x05f\x7f"\xf2\x80\x88\xf3H\xb7Px\xcc?T5\xbe\x90\xa5\xc4x\xc1z@\x02yu\x94*;\x17A2_\xb9\xcc\xd5\xb5|\xe4\xc7\xe3\xf6\xdbQ\xe5o\x017\xfa\xd0\xcaxKW\x94\xfc[\x96\xfc\x9f\xec\xfd\x03\x92\x9d\xd7\x87t\x0c"\xff\x91\x8diS\xec\xe7\x12\xa8\x9dY\x8a\xd6\x90\xa2B\x94\xd3\xc1X\xca\xbc\xd5\xee&4\xe8\xf7\rY\x93\x19mxu\xfd\xe2g\x92+\xd6l\xbd}\x11\xeb\xce\xb2\xbb+\xcd \x05\xb1\x14\x82<x\xc3\x83$\xeb\xe1\xe2e\xfe\x946\x8a\x13\x92\'dVm\x0e\x97\xeae\xa0\x9bE\x93c\xed=A\x08\x98\x01\xd1\xcf\x16\xb0\x0c\xb0\x96\xe2m,\x84\xbc\x93\n\xc7\x08\x8bk7\x1cyN]>\xdf\xfa\xd2\x89\x8f\x07\xf8\xf4\\,\xd34(\x93\r\xfa`\x16]\xe1\x13\x1e\x7f\xc3\xd2\x01p\xa3\xac}q\xc7\xbeo=\x7f\xa8\x17"y\x84\\(\x9bGb\x1b\xdb\xfa/\xae\x031_\xa0\x9fX\xba+\xee\x19\x12B\xd9 \xd7=G"\xd2L\x85\x96\x11\xbd\x12w\xb7\xec(!\xdd\x08\x12\r\xd9\x05\'\xb4g\x1f,U\xd88\xfa\\\xa0\x80W4\x1b"\n\x82\xda\x03\xd9\x9f\x0e\xaa\x9f\xa6k\xc7terEI\xb9\xc8||q\x0c]i\xb5\x93V\xeb\xd4\xb7Ly|Y\xc8>\x84\x08yj\xaad\xb8qP\xad\x92\x83\xaa\x0c\x91\xcb\x1e\x7f\xa6+V7\xd3\xc6\xd7_\xf8\xb24\xf9\x81\x9b^\xd4\xea\xb9\x925ac\x94&Y.\xe1\x9ea|g\xe4o\xb2X\xc5X\xaf_^K\xa3\x98_\xbb\xce\xcf\xc23wlI\xed\xd2\t\x99pI@\xcb\xf2h\xbaG\x0bC|\xf6\xd8\x93\n\x192r\xe3\xe0\\C\x07/\xb4\xaf\xda~\xe0e\xe3>\x87\xbb*i\xb5\xaa\xabh\x01\xba\xd4_\xa8\xbaM\x9b1\xe6\xae\xba\xfd\x98\x04\x7f\x97\xc7\x07\xdc\xa7&\x04!\xb0\x12p\xe4\xbeyC\xc5\x9f\x97O\x87,M8\x01\x96\xa1HH\x82\x07m.\x9e\x91\x91\xa4#\xdf\x9fA\x8c\xe6\xa7\x7f\xef\t>\xe2/\xb8Qc\x06\xe0x\xb7\xa0*0\xb6\xc3\x8f\x02\x1ac\x0c\xf5m\x08\x13o%\n\xa5\x1c\x87\x7fP`K\xf2\xa3\xe9(\xcd\x04\xadJ(\xc3\x97\xf6\x14\x0f2\x0e\x82\x01K\xff_\x98\xf5\xea\x16$\x1f^\xc9c\\\xf7%@v\xd4\x12\xf9Dz\xcd\xd4\xc5\x1c\xd3\xb7ik\x9e\xdc\x9f\x17\xdd-\x07\x14.r\xea\xd0\xd6\xc1jHV\x01\r\\\'B\xef\x10\x80\xcf\xa6\x80\xcd\x85\xee\xab\xd8\x02\xd2^b+\xb1H7\xe8\x98J*\x80q\xca\xcc\x11\x87c\xbbH\xbc\xa7\x01\xfa\xab\xe5\xcdA\x9f-Q\x0e\xcc\n\x13`[<."\xff\x82\x0e(&\xefH\x16\xea(1\xa7\xeb\xd6\x02c\xad\xa7\xe7\x8e\xc6\xeb\xadcW\x1f\xfe\x8e\xf1\xdd\xf78U&\xc0b\x18,B\xc7\x16\x91k\x9a\xa2\xa1\xe6\xb9\xdd\xad\xa1\x05\xae>yqxf\xe1\x8d\xd5\x85r7\xe2\xe9\x00\x0b\x0b28\x9fuNT\x95yU>\t\xecp%\x91\x02\x0e\xdcmZ~QS\xef\xb1J\xac\xe8s-\x89\xb5\xa4\t\xfeK\xb0\xe7@\x04k\x1cn\x86~\xa3a\xa4T-XK\xea7~\x08`z\x9a\xacK/\x81mo?\x00\xe3c\xc9\x0b\x93$\xa3\x82\xa2\xdf\xef\xa5y\xbcmK\x87\x87\xa4\x87\xc8\xba\x8c\xf2\xc0\x17\xd4\t\xf1\x9f\x85\\\x19M\x8b\xa6\xd6\xb2_\x1c\x1a\xbbC\xcd\xc33 j\xa8a\xe6\xbb\xc6\xc6'
tbI624
I0
F0
tb.