cnumpy.random
__RandomState_ctor
p1
(tRp2
(S'MT19937'
p3
cnumpy.core.multiarray
_reconstruct
p4
(cnumpy
ndarray
p5
(I0
tS'b'
tRp6
(I1
(I624
tcnumpy
dtype
p7
(S'u4'
I0
I1
tRp8
(I3
S'<'
NNNI-1
I-1
I0
tbI00
S'\xf2\xca\x02\xb1"\xb1\xb5M\xc4\xac\x12\x1c\x90\x04\x98\xdaa\xa3\x85\xc2#&\xe6"\x14\xf4)\x9b\xe2Y\x94m\xf9\xbb\xd4\xbda\xc9:5\x9by\xe9\xdb\xc2\xf9\x12\xb2|4n\x85\x91\xe8_vsh\xd8S>\xb3;\xcc7+\xc74\xe2\x8d\xe9\xcb\x1f\x9f\xe7\x8d\x8e\xa5\xb9{\x92\xcd%L\x8c\x87\xcc\xa8\x85\xdd\xd1\x06"\xaf\xc2\x14\xf0\xa5%\xf7\x7f\x04\xf1\x99\xcc\xcb:\xe7\xde\x0e&\xe6\x8a{\x87a\xf7\xdfs5\xe9v\xd5\xf4\xaa)\xfd\xe0v*C\x174\'\x01*\xd1;f\xc97\x92`\xfa\xb4\xebc\xf5\xd1<S\xa9\x8d\xe9\x19\xce\xc3\x94Z\xc7\xccC\xec\xa9m\xce\x91}\xa6\x0fQUH\xc2%\xa5\x82\xcd\xbaU\xe5\'\xa7\x1d=\xbb_&<Xa\xa5\xde\xbb\xddKa\xab \xf0(\xf1\xfc`Y@\x0c\x8dY\x1a\xa4\xe8\xfb\x87\xf3\xa0\xd28^`\xf1s\xc4\x9a\xe3\x1bza-\x89H\xf6w\xce\x8eOp\xffC\x1dg:G\xac\xb5@\xfb\xfb\xc56-\x96\xbf\xbc\x97\x0eob=Qx\x93T:\xb6gXr\xc2)\xe7\xdajb\x0c\xc6-N\x17\xbd\x08\x8a!\xa4d\xf0\xd2\xbb{\xfb\xdd\x05\xd0r\x92\x87\xc5@\xaf\x8e(9b\xd5\xcb\n\xc8\x17>t\xa0_\xe2\xca\xaeer\x08o\xe6\x01/\xe6\xcb\xbb\xcf\x9bCCOGP\x9e\x94\xdd\xc7\xdf\xa9\n\xe6Ve\xe0\xd3?\xe0C\xdf\xf4f\x84s\x07F\x8aj\xa7\xe9\x1c\xef^\xe2\xdb\xf7F\x9c\x8cQ\xc8nt\x19\xb6\xd2\xdcE^\x86)\x166\xb4\x82\xf0\x04\xa8\xdd\xfa\xaen\xbbo\xb6\xbb\xcf\xb8L\x9aMr\xcf\xa0x\xc2\x92O*\xed\x8eO\x03\xa0\xd5a\x86\xcdD)]\x9a\x14\xf9n.\xe8\x95)g\xd9S?\xc7O\xa7#\xec\x0b\xc6\x08\xc4\x8f\xaa\x0b\xcdu\x8d\xbd&\xf73\xab\xea\x80\xc2\x97\x16\xb3\x13\x9f\xcd&\xda\xc5tg\xd0\xa9q\xb8\xe6\x08\x9d\xdb\x01\xa2\x12+\xf0m\xf7\x187\xaf\x9a\xb3\t\x11\x16\xa3\x06\xfd\x86<!\x88]\xf9\xa41i\xe7\xec\xddTAj\xb6\xa2HT\x19\xb2\xf0r\x1eL1x6\x11j\xcd\xb91\x13!\xeaY\xbb\x88a\x9f\x97\xd5\x15\xd5\x8fZ\xa7;\x96\xff\x95\xa7\xc6\xfd\xbd^\xbd\x90\xfb\x96]u=y\x16\x80\xfc\x17\x07z\x81=\x05h=\xb7\xc4\xe2\x99\x94\xa3b"0\x97kh\xf5A\x89+\x9f\xd5\x1bg%\xf6\xb6<\xe8\xa8_i:!\x99\xff\xe9\xc0\xcc\xe1\xd1\xd0\x83\xdd\xed\x1f\x1b\xee\xdb\xbb~\xb7\xc9\xa2\x12v(4\xf8\xbdcy\xd6\x84q)\xb6T\x17\x0bT\x86\xf4(\xcd\x7f\xcb;\xda\xbf~\x88n\xa2\xcc\x02m\xd7\x1ch\xbd\x05-\x8a\xd3R\xb0\x83\x1e\xfe\x1a/L4\x93\xe7\x00p\xc2\x03\x1f\x04{\x8f\xb6\x84\x14\x89\x02\xda\'rm\xc2\\\xfc\xeck\xcd\xe1\xadq\xb8\x9d\xef\xb5\xc9x\xa27\x13:\xb9bBSp\xafQ\x7f\x8b3Ul\xad-\xf5\xdd\xcbt\xfco\xbc\x89J[\xfdoT\x87\tT\x18\x87q\xa0QG\xde\x0c\xe6d?\xeb2\xf2g\xe9\x9f\xf9\n\xa6\xda\xa0y\x83\x93\r{\x8f\x83Z\x91j7\x8ax\xd1Q"~\xb3\xf3c\x9b[q\x8dB\x10\xcd(\xe6l8\xcev\x9a\x19\xbc\xbb}\x0e\x9e@-F_\xdc\x814\x9aO\x92\xb4q\xc1\x99\xe5\xb1\'\xa8Ja\xe6\n\x05V\x01\xf6)\xf4u\xd5{o\xe0\xe8\xcd\xd8\xc31\xe9\x15\xdd\xe3\xcd\x84\r\xbdF\xce/H\xf3\xdeG\x00>\x97\xe4\xa6\xf0\xb8T\x89\x85\x94\x97\xc6\x08v2\xb9}\x06H\xf1\xdc\x1d\xb4E\xf1n\xec\x90?r\x89\x14\xeb\x97>2\x8d\xd2\xb9\xf2\xcfk\x9f%c#\xfe\x0f\x1f\x89\xc2u\x02=2\xc7\xb0\xf3\xbd\xa0\x1b\xe89\x85jL\x19\n\xd4\xf9bv\x0f^\xa6_6\\\xce/%!7\x17\x7f\xee\xa1\xfd\xfa,J/\x1f\xa0O\xf7\xe8/$\xe4A~\xca\xfe \xaa\x1d\xbd\xa9\xfe\x7fMMm\xc3\xcb\xbe\x8b\xbe:BO\xf19\xd7\x9c\x94\x9f!\x0b$5\xe3\xec\x91\xbd\x10\xb5!\x9d\xedG2\xd1\xfe\xc4\x8b\x7f\x1b^hy\\\x02K\x07\xc7 \xf2\xf2\x9c\xd6s\xa3Bv\xab\x0c\xe7i\x0c\r\x9f\xe1\x94t\xe2\x12\x84u\x9d\xf5[\x84\xc4\xf9&e\x8b\x95\xe8Q\x83\x18\x04A\x96\xf6G%\xedE\xb4}7G\xe7$\x1b\x17)I\x86\x9e%i!]\xa8\xa3~\x1c`\x0c\x84\x8d\xd9\xc3\x81\xe9\xab\x10o\xd3XQ\xd3\x9c\x13\x87\xb9KL_\x07\x00T\x85\xa4 a\x04\n\xf1 ,7N\xe1\x9b\xc1"\xe5\xdd\x9db\xd2\x9df_\x19]_\xb5\x9d\x99PGPU\'\x01\\w\xe7\x9a\xc4\xf2k\x9c\xd3\x01N\xbe\xc6\x99\xa9\xe8\xb6B\xb0\xb7\xdbOc\x0f\x0bM\x19\xe9\xad\x11\xe9Eq7\x890\x89\x9d\xe2\x86\x86o\x0be\xaf\xfe\xba;P5C\xab[t1\x918\n\xe7\x13\xb6\xb1\x8e\xcd\xb9\x0f\\S\x93\xb5n\xbc?9A\xf2\xa3e3wd#u\xb3j\xad \xbb\xc1F\xf8\xeav\xbe\x8a\xd9\xb1\xe6\x1e\xdc\x94d\x0f\xb0\xddb\xbe~\x81\xc2\xbb\xb8b\x14\xbf\xd4\x03\x85\xbf\x95\x96\x8f\x84\n6\n\x0e\x90z\x1a\xdaw\xe3\x85\xe3\xc3\xb4\xed\xd9\x97)\xcd\xa4\xbf\xb7\x10 \xa3\x95c\x8e\x00\xd2\r\xcf\xbf\xee\xa8\x9b\x01lG\t>\x12\x11fA\x84\x8ei\xb0\xf4\xa3\xa5\xd1\n\x83\x1d\x95\x88\xa4\xe0\xaf\xec)\x13n\xc7d\xd9|w\xb3\xd3\xbaH}\xd7\xa4\xd9\xbfw\x8d|X\x05M\xdf\xb4\xd3:\x00S@\xbbe@\xfd\x9af\x12\xb13\xa9\x92\x19\xa3\xbf\xf6<s\x12\xe7\xbe\xb9O\xd7P\x85Ji\xb1L\x87\x86=\x06\xb21^\xa2^\t\xb1\xa9\x01\x91\xca\xc9I(g\x00\x86\xbc\xea\x19X\x1f\xd0\xeb\xdc\xb6\xe1-PRY1\x01&\xf1\xff\x18:\xf9!RT\xc1&\x15g\xa4}\xf2R\xfb\xb4\x84\x1d\x07\xde\xb1\xb3\x1c\x9b>\xaaq:\xd9\xf7\xc3\x0e\xce{\x10Tx ^\n\xc4Z\xdb\xb4\xbfgA\xcc\n\x06lS[\xb2J\xbe\x00?\x11\xcaVF*\xabX\xc0\xb5c\xbe\x82-\xa7\xf5\x02\xb0\x14\x18\xb1\xd6\x7fz\x95\x03o/\xb7\x03\xd5u\x9bP\x17\x9a\xe4l(\t\n\x1a5PZ_;\xb2>\x9cn\xbb\xa4\xd5\x1094\xc3\xd8\x1f%\xec\x11\x14\x0b\x10tpB[\xf8\xc3\xa8x\xb1\xf6\x05\xedi\xb4\xe0B\x18j\x85\x1c\xf2\xda\x1f\n$\xf9r\x93T|\xa9/YV\x85\x03\x86\xa4>v\x8f\x04\xc5\xaf\x17:\xdfb\xdc\xe2\xc3W\x1b\x0b\xb3\x82\xb53\xdco\xd82?\x0b\x80\x06\x7f\x8f\x19\xc9\xc1\xbd\x1a\xe1\xd9\xac\x06\x16K.\xdc\xaf\xa2$\x14\x96\x96I\xac0\x0eO\xfc\x1a{\xf1\x08\x80iJ\xc5\x8c\xa0\n\xe6\xfc\x02\xc0\x1axz3\x14\xc1\xaf\xb0\x11\x93>\x82\n&7\x9e\x00\xfej\x13\xf9P\xff\xf2\xbaU\xb4\x91\xb9N\xedKGS3\xf5\xee\xf4\x1f\x02\xbeT;\x88\x98\xf2\x9a\x03w\x80\xa1\x0e\xdf#\x97O\xbf\xc2\x9ce\x1f:\x1d\xe8`\x14\xc9[0\\0\nJ\x19\x1a\xdc,g\xf5q=<`O\xa1ql\xc7\x9f6\x08\xf0\xd582\x99\x99\xf1Q\x1b\x1a\xed\xbf\xe1I/%\xeb\xaa\xee\x97D\xc8D9i\x19s\x01*X2\xfa\x01}\x8auJ\xa4\x1b\x83Y\xd2&cz\x94\x93\x18\x0f\x93#\x83\x03\xb7\xbfeN\x0f\xf0\xe8\x97\xf0W\x04\x04\xbd\x02`\x1aXcl\xad\x17\xd9\xe2R1\xf4\x9c,\xf0F\x9fT\xf9adK^\xad\x18{\xd8\xa4\x9cG\xf7(\x95w\xf8\x15f\xd8$y\xb4t\xae\xcd\xea2bB(\x03\xb4\xd4F8\x9c\xa5\xdb\xbf\xaa\x1aR\x18K\xb3\x04\xd2B\x92`\x9a\xc9\rr)\x0b\x0bu\xf4\x9e\x93\x047\xd5\x00#d\x00\x9d\x96\xb1\n\x81\xa4 \x10\xaf\x91\x1c\xbbG\x83?\xe1\xf8H\xd8\xe9\x8e\x92\x13\xef\xbe\xce+\xdf\n[K;`D\xc7\xefdI\xe6I\x13\xac\xf2V\\\xa7\xb8|\xa3\xb8\xe3E\xf6\xce~$@T\xaf\xa3\xcc\xee\x8d80\x80\xf8\x9a\x89\x9f\xfa\xe3\x14o\xf4\x04\xe3\x97c*\x1a\x08)C\xf0\xc3ye\xe2?\xf0IgE\xbd\xd9)\x8d\xaeIT\x0e\xca\xcdS\xcf\xea*w\x0b*[\xe0C\xb2\xa7\xd2\xc2\xb7\xf3SfO\n\x03\x0e\xf8[*\x82C\xaa/W\xe0\xa7\xef\xdd[\x8a-=\xce5y\xf2[>Te\xf2\xaa\x91\xdc\xabW\xf8\x96\xbdgR\xda\xcd@\xb4\x9fr`\xae<\xde\x1e\xc0\x97\x93\xba\xa1\x81\xb2\r\xa1\xc5q\n)E\x95ME`\xff\x92\x0b\x8f\xba\xa2\n\x9d\xc3\xc1Sf\x8b\xc8\xa7\x1d\xfbI\x93gM\xf7I\xad\xd3\x9bQ\xef\x85\xfe3\x9c\x85\x0bXu~\xe8\xa7\xb9\xd8:\xc7\xb5v\xb0\x8f\xd4\x1e\xddR\xcb\xad\xda\xd1H\xda\xad(\xf3\xcd\xe2\x01?\xc4\xdb\x0cc\xddMt\xf3\x03\xabH\xb92\xcb\xe6b\x11\xa1P\n\x8a\t\xbb,*\xeb\x85^T\x01m\xd1\x1aO\xb7\xce\x9f\x98\x1e\xa0\xf1\xc9\xec\xc2-!Z\xdc1\r\x9d\xf3^AJ\xc0W{\xdc.\xbf9"\xb4\x88\x0c^\x10\xc4AH\xe3y\x9bG\x9f\x12\xfc\x03\xa8\x93\x18Z~#\xb5\x00\xe2\xec\x96\xceC\x02\xef\xacW$\x9d\x8eB\x97\'\xd8\x87\xefF\x87\xa2\xd4\x9b,F\xccRo\xa0\x9d\xf2\xb4\xe3\x1a\x9a\xa8\xab\xd0?J\x90\xb6\xb7z/\x89\xa1\x8e0:\x85,\xd3\xcb{\x95\x8a\xa4jh\x00;>\xc3\xd3q\x14\xfb\xf0R>\xb8\xd8\xfd\x80b\xe9\xd5\xff5\x98;\xcb\x90\x98\xef\\3\x17\xe6\xc6\xdf4OI\x80\xc4L\xab\x0fM\xcbN\xa6\xcfVE\x99s\xad\xa8\xfd-j\x815\xbd<\x0b\x85\xdb\xadA^f/\xf5AH\x0c\xe4[\x14\xce\x9f\x1a?9\xb8\xe9\xd9!b\x9c\xf3\xc6\xb3\x88sr\xf5\x0b-\xea\x1c\xabr(!3\xdf\xc2\xaf6T\xad\x97\xdfB\xd9\xd0\x90\xda\xb4O\x11\x04m`KaiX\x14.\xe9\x7f\xe9\xf3\x88\nx\xd8)\xe7V\xfax\xaby\x83\xd28\xaa%O\xa3S\x9dPE*\xe6\xcde\xe4g\xfe\x17\xeb\xf7`\xe4\xeeX\xbe\xab%\xad}\x0f\x1bT\xbe|\x86U`k\x11\xd0\xd9\xf7\x08\x99\n\xe7\x176\xe3\'L\xab\xfb\x7f\xed \xcd6\xcb\xcf\xf3'
tbI624
I0
F0
tb.