# time 	 divergence 	 # of mutations 	 # IGC chances 	 IGC length 	 # IGC failures 	 Changes due to IGC  	 % change due to IGC 
0.0	0.0102249488753	0	0	0	0	0	0.0
0.000304330565144	0.0102249488753	0	1	3	0	0	0.0
0.000649187316239	0.0102249488753	0	2	3	0	0	0.0
0.000764904141498	0.0102249488753	0	3	3	0	0	0.0
0.000770084969795	0.0102249488753	0	4	3	0	0	0.0
0.000860959264444	0.0102249488753	0	5	3	0	0	0.0
0.00105113943446	0.0102249488753	0	6	3	0	0	0.0
0.00133348708473	0.0102249488753	0	7	3	0	0	0.0
0.00166829616383	0.0102249488753	0	8	3	0	0	0.0
0.00171386292555	0.0102249488753	0	9	3	0	0	0.0
0.00195430511418	0.0102249488753	0	10	3	0	0	0.0
0.00316023169106	0.0102249488753	0	11	3	0	0	0.0
0.00322214566833	0.0102249488753	0	12	3	0	0	0.0
0.00347599881002	0.0102249488753	0	13	3	0	0	0.0
0.00364869088984	0.0102249488753	0	14	3	0	0	0.0
0.00374462003794	0.0102249488753	0	15	3	0	0	0.0
0.00377428631731	0.0102249488753	0	16	3	0	0	0.0
0.00380064576783	0.0102249488753	0	17	3	0	0	0.0
0.00399300026535	0.0102249488753	0	18	3	0	0	0.0
0.00420258796583	0.0102249488753	0	19	3	0	0	0.0
0.00435965073806	0.0102249488753	0	20	3	0	0	0.0
0.00451204641016	0.0102249488753	0	21	3	0	0	0.0
0.00458152874901	0.0102249488753	0	22	3	0	0	0.0
0.00469660438652	0.0102249488753	0	23	3	0	0	0.0
0.00471318817568	0.0102249488753	0	24	3	0	0	0.0
0.00476955614246	0.0102249488753	0	25	3	0	0	0.0
0.00555573112076	0.0102249488753	0	26	3	0	0	0.0
0.00572031115082	0.0102249488753	0	27	3	0	0	0.0
0.00587265346548	0.0102249488753	0	28	3	0	0	0.0
0.0061540101332	0.0102249488753	0	29	3	0	0	0.0
0.00616974959308	0.0122699386503	1	29	3	0	0	0.0
0.00620418652849	0.0122699386503	1	30	3	0	0	0.0
0.0062224194725	0.0122699386503	1	31	3	0	0	0.0
0.00656893795266	0.0143149284254	2	31	3	0	0	0.0
0.00691562081011	0.0143149284254	2	32	3	0	0	0.0
0.00693221439562	0.0163599182004	3	32	3	0	0	0.0
0.00697920005465	0.0163599182004	3	33	3	0	0	0.0
0.00712988095863	0.0163599182004	3	34	3	0	0	0.0
0.0074360927493	0.0163599182004	3	35	3	0	0	0.0
0.00774692922527	0.0163599182004	3	36	3	0	0	0.0
0.00781110188919	0.0163599182004	3	37	3	0	0	0.0
0.00804975743274	0.0163599182004	3	38	3	0	0	0.0
0.00807771938846	0.0184049079755	4	38	3	0	0	0.0
0.00836712673039	0.0184049079755	4	39	3	0	0	0.0
0.00846730293318	0.0184049079755	4	40	3	0	0	0.0
0.0086593545081	0.0184049079755	4	41	3	0	0	0.0
0.00867445681217	0.0184049079755	4	42	3	0	0	0.0
0.00873741267601	0.0184049079755	4	43	3	0	0	0.0
0.00876960595383	0.0184049079755	4	44	3	0	0	0.0
0.0090659501532	0.0184049079755	4	45	3	0	0	0.0
0.00916482561134	0.0184049079755	4	46	3	0	0	0.0
0.00924749125493	0.0184049079755	4	47	3	0	0	0.0
0.00930416005893	0.0184049079755	4	48	3	0	0	0.0
0.00932057157314	0.0204498977505	5	48	3	0	0	0.0
0.00943318989958	0.0204498977505	5	49	3	0	0	0.0
0.00948446575359	0.0204498977505	5	50	3	0	0	0.0
0.00949864199737	0.0204498977505	5	51	3	0	0	0.0
0.00957724084606	0.0204498977505	5	52	3	0	0	0.0
0.00969052228844	0.0204498977505	5	53	3	0	0	0.0
0.0104427195814	0.0204498977505	5	54	3	0	0	0.0
0.0104748613579	0.0184049079755	5	55	3	0	1	0.166666666667
0.0105451800314	0.0184049079755	5	56	3	0	1	0.166666666667
0.0105931490496	0.0204498977505	6	56	3	0	1	0.142857142857
0.0107075521525	0.0204498977505	6	57	3	0	1	0.142857142857
0.0113665865056	0.0184049079755	6	58	3	0	2	0.25
0.0118494145193	0.0204498977505	7	58	3	0	2	0.222222222222
0.0120152372798	0.0204498977505	7	59	3	0	2	0.222222222222
0.0122310907102	0.0204498977505	7	60	3	0	2	0.222222222222
0.012392032192	0.0204498977505	7	61	3	0	2	0.222222222222
0.0128940438148	0.0204498977505	7	62	3	0	2	0.222222222222
0.0129162118092	0.0204498977505	7	63	3	0	2	0.222222222222
0.0131901215132	0.0184049079755	7	64	3	0	3	0.3
0.0133982373639	0.0184049079755	7	65	3	0	3	0.3
0.0134057336939	0.0184049079755	7	66	3	0	3	0.3
0.0138470363673	0.0204498977505	8	66	3	0	3	0.272727272727
0.0141423739753	0.0204498977505	8	67	3	0	3	0.272727272727
0.0148255122648	0.0204498977505	8	68	3	0	3	0.272727272727
0.0151072391863	0.0204498977505	8	69	3	0	3	0.272727272727
0.0152284951414	0.0204498977505	8	70	3	0	3	0.272727272727
0.0153679161243	0.0204498977505	8	71	3	0	3	0.272727272727
0.0154421712105	0.0204498977505	8	72	3	0	3	0.272727272727
0.0155265745176	0.0204498977505	8	73	3	0	3	0.272727272727
0.0157313179738	0.0204498977505	8	74	3	0	3	0.272727272727
0.0158053611683	0.0204498977505	8	75	3	0	3	0.272727272727
0.0159137322141	0.0204498977505	8	76	3	0	3	0.272727272727
0.0159928781041	0.0204498977505	8	77	3	0	3	0.272727272727
0.0162372783903	0.0204498977505	8	78	3	0	3	0.272727272727
0.0164775424047	0.0204498977505	8	79	3	0	3	0.272727272727
0.0165207292508	0.0204498977505	8	80	3	0	3	0.272727272727
0.0165471311673	0.0184049079755	8	81	3	0	4	0.333333333333
0.0165624944371	0.0184049079755	8	82	3	0	4	0.333333333333
0.016656014741	0.0163599182004	8	83	3	0	5	0.384615384615
0.0167031854611	0.0163599182004	8	84	3	0	5	0.384615384615
0.016888066667	0.0163599182004	8	85	3	0	5	0.384615384615
0.0171334031162	0.0163599182004	8	86	3	0	5	0.384615384615
0.0172073366755	0.0163599182004	8	87	3	0	5	0.384615384615
0.0173762802636	0.0163599182004	8	88	3	0	5	0.384615384615
0.0174205414323	0.0163599182004	8	89	3	0	5	0.384615384615
0.0175554105192	0.0163599182004	8	90	3	0	5	0.384615384615
0.017700458463	0.0163599182004	8	91	3	0	5	0.384615384615
0.0178542300863	0.0163599182004	8	92	3	0	5	0.384615384615
0.0181403338251	0.0163599182004	8	93	3	0	5	0.384615384615
0.0181887100647	0.0163599182004	8	94	3	0	5	0.384615384615
0.0182015215147	0.0163599182004	8	95	3	0	5	0.384615384615
0.0186424962445	0.0184049079755	9	95	3	0	5	0.357142857143
0.0187423620835	0.0184049079755	9	96	3	0	5	0.357142857143
0.0188491655994	0.0204498977505	10	96	3	0	5	0.333333333333
0.0188934129635	0.0204498977505	10	97	3	0	5	0.333333333333
0.0189191084065	0.0204498977505	10	98	3	0	5	0.333333333333
0.0189570370598	0.0204498977505	10	99	3	0	5	0.333333333333
0.019292800485	0.0204498977505	10	100	3	0	5	0.333333333333
0.0194124231407	0.0204498977505	10	101	3	0	5	0.333333333333
0.0199132366498	0.0204498977505	10	102	3	0	5	0.333333333333
0.0208169653772	0.0224948875256	11	102	3	0	5	0.3125
0.0209119475199	0.0224948875256	11	103	3	0	5	0.3125
0.0211883649205	0.0224948875256	11	104	3	0	5	0.3125
0.0211968706865	0.0224948875256	11	105	3	0	5	0.3125
0.0213903740365	0.0224948875256	11	106	3	0	5	0.3125
0.0214509063091	0.0224948875256	11	107	3	0	5	0.3125
0.0216061582072	0.0224948875256	11	108	3	0	5	0.3125
0.0218207754264	0.0224948875256	11	109	3	0	5	0.3125
0.021857038564	0.0224948875256	11	110	3	0	5	0.3125
0.0219981278492	0.0224948875256	11	111	3	0	5	0.3125
0.0221860307968	0.0224948875256	11	112	3	0	5	0.3125
0.0222604305834	0.0224948875256	11	113	3	0	5	0.3125
0.0224055239437	0.0224948875256	11	114	3	0	5	0.3125
0.0225005942298	0.0224948875256	11	115	3	0	5	0.3125
0.0226131214886	0.0224948875256	11	116	3	0	5	0.3125
0.0231285184383	0.0224948875256	11	117	3	0	5	0.3125
0.0234040543856	0.0224948875256	11	118	3	0	5	0.3125
0.023702989081	0.0224948875256	11	119	3	0	5	0.3125
0.0237186867934	0.0224948875256	11	120	3	0	5	0.3125
0.023883900483	0.0204498977505	11	121	3	0	6	0.352941176471
0.024495046587	0.0204498977505	11	122	3	0	6	0.352941176471
0.0245171509136	0.0204498977505	11	123	3	0	6	0.352941176471
0.0247452358085	0.0204498977505	11	124	3	0	6	0.352941176471
0.0249957043625	0.0204498977505	11	125	3	0	6	0.352941176471
0.0254096349787	0.0204498977505	11	126	3	0	6	0.352941176471
0.0254560808186	0.0204498977505	11	127	3	0	6	0.352941176471
0.02563656215	0.0204498977505	11	128	3	0	6	0.352941176471
0.0256929828148	0.0204498977505	11	129	3	0	6	0.352941176471
0.0259490645444	0.0204498977505	11	130	3	0	6	0.352941176471
0.0260040807405	0.0204498977505	11	131	3	0	6	0.352941176471
0.0261985391665	0.0204498977505	11	132	3	0	6	0.352941176471
0.0264270452593	0.0204498977505	11	133	3	0	6	0.352941176471
0.0264983828166	0.0204498977505	11	134	3	0	6	0.352941176471
0.0267670299978	0.0204498977505	11	135	3	0	6	0.352941176471
0.0268368702206	0.0204498977505	11	136	3	0	6	0.352941176471
0.0268611690097	0.0204498977505	11	137	3	0	6	0.352941176471
0.0271860046533	0.0204498977505	11	138	3	0	6	0.352941176471
0.0273438272422	0.0204498977505	11	139	3	0	6	0.352941176471
0.0275757466742	0.0184049079755	11	140	3	0	7	0.388888888889
0.0276265084524	0.0184049079755	11	141	3	0	7	0.388888888889
0.0276320061807	0.0184049079755	11	142	3	0	7	0.388888888889
0.0276493543103	0.0184049079755	11	143	3	0	7	0.388888888889
0.0277483232981	0.0184049079755	11	144	3	0	7	0.388888888889
0.0279091977421	0.0184049079755	11	145	3	0	7	0.388888888889
0.0280122691059	0.0184049079755	11	146	3	0	7	0.388888888889
0.028033440972	0.0184049079755	11	147	3	0	7	0.388888888889
0.0281246193002	0.0184049079755	11	148	3	0	7	0.388888888889
0.0281350188379	0.0184049079755	11	149	3	0	7	0.388888888889
0.0281468315222	0.0184049079755	11	150	3	0	7	0.388888888889
0.0283577586856	0.0184049079755	11	151	3	0	7	0.388888888889
0.0285245953494	0.0184049079755	11	152	3	0	7	0.388888888889
0.0286249261482	0.0184049079755	11	153	3	0	7	0.388888888889
0.0286665952575	0.0163599182004	11	154	3	0	8	0.421052631579
0.0288729547367	0.0163599182004	11	155	3	0	8	0.421052631579
0.0289107815611	0.0163599182004	11	156	3	0	8	0.421052631579
0.0292232125895	0.0163599182004	11	157	3	0	8	0.421052631579
0.0293052052989	0.0163599182004	11	158	3	0	8	0.421052631579
0.0295579338608	0.0163599182004	11	159	3	0	8	0.421052631579
0.0295620873724	0.0163599182004	11	160	3	0	8	0.421052631579
0.0298963118443	0.0163599182004	11	161	3	0	8	0.421052631579
0.029938242645	0.0163599182004	11	162	3	0	8	0.421052631579
0.0300932449177	0.0163599182004	11	163	3	0	8	0.421052631579
0.0304119232799	0.0163599182004	11	164	3	0	8	0.421052631579
0.0305609456595	0.0163599182004	11	165	3	0	8	0.421052631579
0.030804660914	0.0163599182004	11	166	3	0	8	0.421052631579
0.0308272853391	0.0163599182004	11	167	3	0	8	0.421052631579
0.0310775280652	0.0163599182004	11	168	3	0	8	0.421052631579
0.0311411814985	0.0163599182004	11	169	3	0	8	0.421052631579
0.0311575726027	0.0163599182004	11	170	3	0	8	0.421052631579
0.0311588948387	0.0163599182004	11	171	3	0	8	0.421052631579
0.0313712998569	0.0163599182004	11	172	3	0	8	0.421052631579
0.0313809122924	0.0163599182004	11	173	3	0	8	0.421052631579
0.0314036344343	0.0163599182004	11	174	3	0	8	0.421052631579
0.0314144442374	0.0163599182004	11	175	3	0	8	0.421052631579
0.0314632467017	0.0163599182004	11	176	3	0	8	0.421052631579
0.0314871608338	0.0163599182004	11	177	3	0	8	0.421052631579
0.0316945299079	0.0163599182004	11	178	3	0	8	0.421052631579
0.031771994068	0.0163599182004	11	179	3	0	8	0.421052631579
0.0323788260447	0.0163599182004	11	180	3	0	8	0.421052631579
0.032497523601	0.0184049079755	12	180	3	0	8	0.4
0.0328867465543	0.0184049079755	12	181	3	0	8	0.4
0.0334550077584	0.0184049079755	12	182	3	0	8	0.4
0.0335252056835	0.0184049079755	12	183	3	0	8	0.4
0.0335854908698	0.0184049079755	12	184	3	0	8	0.4
0.033683972898	0.0184049079755	12	185	3	0	8	0.4
0.0337198495022	0.0184049079755	12	186	3	0	8	0.4
0.0338608807929	0.0184049079755	12	187	3	0	8	0.4
0.0340353215826	0.0184049079755	12	188	3	0	8	0.4
0.0340951738708	0.0184049079755	12	189	3	0	8	0.4
0.0342058202147	0.0184049079755	12	190	3	0	8	0.4
0.0342742060159	0.0184049079755	12	191	3	0	8	0.4
0.0343257638368	0.0184049079755	12	192	3	0	8	0.4
0.0343915788261	0.0184049079755	12	193	3	0	8	0.4
0.0345996492936	0.0184049079755	12	194	3	0	8	0.4
0.0354062376742	0.0184049079755	12	195	3	0	8	0.4
0.0354624893539	0.0184049079755	12	196	3	0	8	0.4
0.036007759313	0.0184049079755	12	197	3	0	8	0.4
0.0360459094941	0.0184049079755	12	198	3	0	8	0.4
0.0360913064233	0.0184049079755	12	199	3	0	8	0.4
0.0362715230571	0.0184049079755	12	200	3	0	8	0.4
0.0366241865095	0.0184049079755	12	201	3	0	8	0.4
0.0366261902711	0.0184049079755	12	202	3	0	8	0.4
0.0370687339595	0.0204498977505	13	202	3	0	8	0.380952380952
0.0371775890603	0.0204498977505	13	203	3	0	8	0.380952380952
0.0373335747722	0.0204498977505	13	204	3	0	8	0.380952380952
0.0377747558949	0.0204498977505	13	205	3	0	8	0.380952380952
0.0379198417894	0.0204498977505	13	206	3	0	8	0.380952380952
0.0380618353467	0.0204498977505	13	207	3	0	8	0.380952380952
0.0392822177029	0.0204498977505	13	208	3	0	8	0.380952380952
0.0394297093738	0.0204498977505	13	209	3	0	8	0.380952380952
0.04023754038	0.0204498977505	13	210	3	0	8	0.380952380952
0.0404650118669	0.0224948875256	14	210	3	0	8	0.363636363636
0.0406021762901	0.0224948875256	14	211	3	0	8	0.363636363636
0.0408085540679	0.0224948875256	14	212	3	0	8	0.363636363636
0.0409186012841	0.0224948875256	14	213	3	0	8	0.363636363636
0.0409387894099	0.0245398773006	15	213	3	0	8	0.347826086957
0.041006513251	0.0245398773006	15	214	3	0	8	0.347826086957
0.0411141525268	0.0245398773006	15	215	3	0	8	0.347826086957
0.0412061751785	0.0245398773006	15	216	3	0	8	0.347826086957
0.0414628978641	0.0245398773006	15	217	3	0	8	0.347826086957
0.0419162604602	0.0245398773006	15	218	3	0	8	0.347826086957
0.0420021497835	0.0224948875256	15	219	3	0	9	0.375
0.0420235115753	0.0204498977505	15	220	3	0	10	0.4
0.0420691347636	0.0184049079755	15	221	3	0	11	0.423076923077
0.0423403657513	0.0184049079755	15	222	3	0	11	0.423076923077
0.0425452136825	0.0184049079755	15	223	3	0	11	0.423076923077
0.0432038781263	0.0184049079755	15	224	3	0	11	0.423076923077
0.0433755635705	0.0184049079755	15	225	3	0	11	0.423076923077
0.0434444567831	0.0184049079755	15	226	3	0	11	0.423076923077
0.0439978103341	0.0184049079755	15	227	3	0	11	0.423076923077
0.0441733510281	0.0204498977505	16	227	3	0	11	0.407407407407
0.0445248240119	0.0204498977505	16	228	3	0	11	0.407407407407
0.0445851598575	0.0204498977505	16	229	3	0	11	0.407407407407
0.0448043970469	0.0204498977505	16	230	3	0	11	0.407407407407
0.0448658283499	0.0204498977505	16	231	3	0	11	0.407407407407
0.0453183814846	0.0204498977505	16	232	3	0	11	0.407407407407
0.0456210664699	0.0204498977505	16	233	3	0	11	0.407407407407
0.0456434223431	0.0204498977505	16	234	3	0	11	0.407407407407
0.0456436227526	0.0204498977505	16	235	3	0	11	0.407407407407
0.0457506076781	0.0204498977505	16	236	3	0	11	0.407407407407
0.0463676488827	0.0184049079755	16	237	3	0	12	0.428571428571
0.0463995543946	0.0184049079755	16	238	3	0	12	0.428571428571
0.0464753461298	0.0184049079755	16	239	3	0	12	0.428571428571
0.0465138087769	0.0184049079755	16	240	3	0	12	0.428571428571
0.0469764154773	0.0204498977505	17	240	3	0	12	0.413793103448
0.0471096413601	0.0204498977505	17	241	3	0	12	0.413793103448
0.0471860069028	0.0204498977505	17	242	3	0	12	0.413793103448
0.0475161662587	0.0204498977505	17	243	3	0	12	0.413793103448
0.0480026002916	0.0204498977505	17	244	3	0	12	0.413793103448
0.0481401189099	0.0204498977505	17	245	3	0	12	0.413793103448
0.0483382995048	0.0204498977505	17	246	3	0	12	0.413793103448
0.0485529472179	0.0204498977505	17	247	3	0	12	0.413793103448
0.0486940200967	0.0204498977505	17	248	3	0	12	0.413793103448
0.048762114652	0.0204498977505	17	249	3	0	12	0.413793103448
0.0490919962066	0.0224948875256	18	249	3	0	12	0.4
0.0492084486734	0.0224948875256	18	250	3	0	12	0.4
0.0495643740059	0.0224948875256	18	251	3	0	12	0.4
0.049869844369	0.0224948875256	18	252	3	0	12	0.4
0.049955790889	0.0224948875256	18	253	3	0	12	0.4
0.0500384821339	0.0224948875256	18	254	3	0	12	0.4
0.0500951684914	0.0224948875256	18	255	3	0	12	0.4
0.0504194072028	0.0224948875256	18	256	3	0	12	0.4
0.0504717699844	0.0224948875256	18	257	3	0	12	0.4
0.0506104593485	0.0224948875256	18	258	3	0	12	0.4
0.0508438734062	0.0224948875256	18	259	3	0	12	0.4
0.0509116171417	0.0224948875256	18	260	3	0	12	0.4
0.0511261851886	0.0224948875256	18	261	3	0	12	0.4
0.0513398477933	0.0224948875256	18	262	3	0	12	0.4
0.0514676589864	0.0224948875256	18	263	3	0	12	0.4
0.0516046842816	0.0224948875256	18	264	3	0	12	0.4
0.0517266657021	0.0224948875256	18	265	3	0	12	0.4
0.0517461365432	0.0224948875256	18	266	3	0	12	0.4
0.052384389888	0.0224948875256	18	267	3	0	12	0.4
0.0523936050582	0.0224948875256	18	268	3	0	12	0.4
0.0524486399892	0.0224948875256	18	269	3	0	12	0.4
0.0526172063539	0.0224948875256	18	270	3	0	12	0.4
0.0527153014899	0.0224948875256	18	271	3	0	12	0.4
0.0528135711176	0.0245398773006	19	271	3	0	12	0.387096774194
0.0530251415779	0.0265848670757	20	271	3	0	12	0.375
0.0530301222636	0.0265848670757	20	272	3	0	12	0.375
0.0532530055704	0.0265848670757	20	273	3	0	12	0.375
0.05331885073	0.0265848670757	20	274	3	0	12	0.375
0.0535121518456	0.0265848670757	20	275	3	0	12	0.375
0.0535772638467	0.0265848670757	20	276	3	0	12	0.375
0.0539053075826	0.0245398773006	20	277	3	0	13	0.393939393939
0.0539935034953	0.0245398773006	20	278	3	0	13	0.393939393939
0.0540830816192	0.0245398773006	20	279	3	0	13	0.393939393939
0.0542000938628	0.0245398773006	20	280	3	0	13	0.393939393939
0.0542260798847	0.0245398773006	20	281	3	0	13	0.393939393939
0.0542471780513	0.0245398773006	20	282	3	0	13	0.393939393939
0.0542531985762	0.0245398773006	20	283	3	0	13	0.393939393939
0.0545599415899	0.0245398773006	20	284	3	0	13	0.393939393939
0.0548023413188	0.0245398773006	20	285	3	0	13	0.393939393939
0.054960723541	0.0245398773006	20	286	3	0	13	0.393939393939
0.0552368497737	0.0245398773006	20	287	3	0	13	0.393939393939
0.0552650095337	0.0265848670757	21	287	3	0	13	0.382352941176
0.0555848341657	0.0265848670757	21	288	3	0	13	0.382352941176
0.0556766313084	0.0265848670757	21	289	3	0	13	0.382352941176
0.0559240454248	0.0245398773006	21	290	3	0	14	0.4
0.0560116590447	0.0245398773006	21	291	3	0	14	0.4
0.0562369055468	0.0245398773006	21	292	3	0	14	0.4
0.0567816816963	0.0245398773006	21	293	3	0	14	0.4
0.0569249519503	0.0245398773006	21	294	3	0	14	0.4
0.0571032126129	0.0245398773006	21	295	3	0	14	0.4
0.0574671202426	0.0245398773006	21	296	3	0	14	0.4
0.0579879131297	0.0245398773006	21	297	3	0	14	0.4
0.0580888318353	0.0245398773006	21	298	3	0	14	0.4
0.0581050477584	0.0245398773006	21	299	3	0	14	0.4
0.0582010146566	0.0245398773006	21	300	3	0	14	0.4
0.05840009556	0.0245398773006	21	301	3	0	14	0.4
0.0591912015421	0.0245398773006	21	302	3	0	14	0.4
0.0594866729379	0.0245398773006	21	303	3	0	14	0.4
0.0596438948563	0.0245398773006	21	304	3	0	14	0.4
0.0596991075421	0.0245398773006	21	305	3	0	14	0.4
0.0597773288106	0.0245398773006	21	306	3	0	14	0.4
0.0597990338836	0.0245398773006	21	307	3	0	14	0.4
0.0598837101483	0.0245398773006	21	308	3	0	14	0.4
0.0599249803374	0.0245398773006	21	309	3	0	14	0.4
0.0600168130901	0.0245398773006	21	310	3	0	14	0.4
0.060061754829	0.0245398773006	21	311	3	0	14	0.4
0.0603512737758	0.0245398773006	21	312	3	0	14	0.4
0.0606539864533	0.0245398773006	21	313	3	0	14	0.4
0.0608368728985	0.0245398773006	21	314	3	0	14	0.4
0.0609921570609	0.0245398773006	21	315	3	0	14	0.4
0.0614542782516	0.0265848670757	22	315	3	0	14	0.388888888889
0.0615454565835	0.0265848670757	22	316	3	0	14	0.388888888889
0.0615875314161	0.0265848670757	22	317	3	0	14	0.388888888889
0.061736344578	0.0265848670757	22	318	3	0	14	0.388888888889
0.0618610556227	0.0265848670757	22	319	3	0	14	0.388888888889
0.0620107518772	0.0265848670757	22	320	3	0	14	0.388888888889
0.0622294660292	0.0286298568507	23	320	3	0	14	0.378378378378
0.0622499029137	0.0306748466258	24	320	3	0	14	0.368421052632
0.0625206293556	0.0306748466258	24	321	3	0	14	0.368421052632
0.0628929726361	0.0306748466258	24	322	3	0	14	0.368421052632
0.063364430224	0.0306748466258	24	323	3	0	14	0.368421052632
0.0633797695721	0.0306748466258	24	324	3	0	14	0.368421052632
0.0636886287785	0.0306748466258	24	325	3	0	14	0.368421052632
0.0640759620937	0.0306748466258	24	326	3	0	14	0.368421052632
0.0647477929161	0.0306748466258	24	327	3	0	14	0.368421052632
0.0648022829587	0.0306748466258	24	328	3	0	14	0.368421052632
0.0650417129637	0.0327198364008	25	328	3	0	14	0.358974358974
0.0653771389965	0.0327198364008	25	329	3	0	14	0.358974358974
0.0654610530973	0.0327198364008	25	330	3	0	14	0.358974358974
0.066475397142	0.0327198364008	25	331	3	0	14	0.358974358974
0.0667151794552	0.0327198364008	25	332	3	0	14	0.358974358974
0.0671724926664	0.0327198364008	25	333	3	0	14	0.358974358974
0.067444803587	0.0327198364008	25	334	3	0	14	0.358974358974
0.0674803949669	0.0327198364008	25	335	3	0	14	0.358974358974
0.0679526880929	0.0327198364008	25	336	3	0	14	0.358974358974
0.0684790464839	0.0327198364008	25	337	3	0	14	0.358974358974
0.0693645161459	0.0347648261759	26	337	3	0	14	0.35
0.0694611849006	0.0368098159509	27	337	3	0	14	0.341463414634
0.0695447235093	0.0368098159509	27	338	3	0	14	0.341463414634
0.0695977814566	0.0368098159509	27	339	3	0	14	0.341463414634
0.0698322653188	0.0368098159509	27	340	3	0	14	0.341463414634
0.0702596135836	0.0368098159509	27	341	3	0	14	0.341463414634
0.0710185762953	0.0368098159509	27	342	3	0	14	0.341463414634
0.0711892490882	0.038854805726	28	342	3	0	14	0.333333333333
0.0712295494553	0.038854805726	28	343	3	0	14	0.333333333333
0.0712783577547	0.038854805726	28	344	3	0	14	0.333333333333
0.0713866951817	0.038854805726	28	345	3	0	14	0.333333333333
0.0718933153261	0.040899795501	29	345	3	0	14	0.325581395349
0.0718944662693	0.040899795501	29	346	3	0	14	0.325581395349
0.0719760683287	0.040899795501	29	347	3	0	14	0.325581395349
0.0720402548622	0.040899795501	29	348	3	0	14	0.325581395349
0.0721631265448	0.040899795501	29	349	3	0	14	0.325581395349
0.0722195427671	0.040899795501	29	350	3	0	14	0.325581395349
0.0723368640571	0.040899795501	29	351	3	0	14	0.325581395349
0.0724032479404	0.040899795501	29	352	3	0	14	0.325581395349
0.072505862685	0.040899795501	29	353	3	0	14	0.325581395349
0.0726180011944	0.040899795501	29	354	3	0	14	0.325581395349
0.0726841504502	0.040899795501	29	355	3	0	14	0.325581395349
0.0728546928683	0.040899795501	29	356	3	0	14	0.325581395349
0.0730283366102	0.040899795501	29	357	3	0	14	0.325581395349
0.0730414924152	0.040899795501	29	358	3	0	14	0.325581395349
0.0733572174487	0.040899795501	29	359	3	0	14	0.325581395349
0.0733787115498	0.040899795501	29	360	3	0	14	0.325581395349
0.0742088640638	0.040899795501	29	361	3	0	14	0.325581395349
0.0742285300583	0.040899795501	29	362	3	0	14	0.325581395349
0.0742882142872	0.040899795501	29	363	3	0	14	0.325581395349
0.074478809549	0.040899795501	29	364	3	0	14	0.325581395349
0.0745820237452	0.040899795501	29	365	3	0	14	0.325581395349
0.0750192342911	0.040899795501	29	366	3	0	14	0.325581395349
0.0752144823057	0.040899795501	29	367	3	0	14	0.325581395349
0.0753267210123	0.040899795501	29	368	3	0	14	0.325581395349
0.0755212995403	0.040899795501	29	369	3	0	14	0.325581395349
0.0756479933076	0.040899795501	29	370	3	0	14	0.325581395349
0.0757158474221	0.038854805726	29	371	3	0	15	0.340909090909
0.0759566520457	0.038854805726	29	372	3	0	15	0.340909090909
0.0759904405267	0.038854805726	29	373	3	0	15	0.340909090909
0.0768799140385	0.038854805726	29	374	3	0	15	0.340909090909
0.077315461236	0.0368098159509	29	375	3	0	16	0.355555555556
0.07757286303	0.0368098159509	29	376	3	0	16	0.355555555556
0.0778448841257	0.0368098159509	29	377	3	0	16	0.355555555556
0.0784941542287	0.0368098159509	29	378	3	0	16	0.355555555556
0.0787233801197	0.0368098159509	29	379	3	0	16	0.355555555556
0.0788242501388	0.0368098159509	29	380	3	0	16	0.355555555556
0.0792080487396	0.0368098159509	29	381	3	0	16	0.355555555556
0.0793056171025	0.0368098159509	29	382	3	0	16	0.355555555556
0.0794803913701	0.0368098159509	29	383	3	0	16	0.355555555556
0.0798337293621	0.0368098159509	29	384	3	0	16	0.355555555556
0.0799270701432	0.0368098159509	29	385	3	0	16	0.355555555556
0.0799573219219	0.0368098159509	29	386	3	0	16	0.355555555556
0.0799939847192	0.0368098159509	29	387	3	0	16	0.355555555556
0.0803378543663	0.0368098159509	29	388	3	0	16	0.355555555556
0.0805960515831	0.0368098159509	29	389	3	0	16	0.355555555556
0.0812492885189	0.0368098159509	29	390	3	0	16	0.355555555556
0.0813132588025	0.0368098159509	29	391	3	0	16	0.355555555556
0.0814574540185	0.0368098159509	29	392	3	0	16	0.355555555556
0.0816216946387	0.0368098159509	29	393	3	0	16	0.355555555556
0.081646293074	0.0368098159509	29	394	3	0	16	0.355555555556
0.0817846887979	0.0368098159509	29	395	3	0	16	0.355555555556
0.0818557359239	0.0368098159509	29	396	3	0	16	0.355555555556
0.0820673723614	0.0368098159509	29	397	3	0	16	0.355555555556
0.0825524970693	0.0368098159509	29	398	3	0	16	0.355555555556
0.0826623044004	0.038854805726	30	398	3	0	16	0.347826086957
0.0828060510382	0.038854805726	30	399	3	0	16	0.347826086957
0.0830175113642	0.038854805726	30	400	3	0	16	0.347826086957
0.0831892128319	0.038854805726	30	401	3	0	16	0.347826086957
0.0832334371844	0.038854805726	30	402	3	0	16	0.347826086957
0.0832868733367	0.038854805726	30	403	3	0	16	0.347826086957
0.0834130918272	0.038854805726	30	404	3	0	16	0.347826086957
0.0834433508778	0.038854805726	30	405	3	0	16	0.347826086957
0.083544606571	0.038854805726	30	406	3	0	16	0.347826086957
0.0836999840166	0.038854805726	30	407	3	0	16	0.347826086957
0.0839778631404	0.038854805726	30	408	3	0	16	0.347826086957
0.0841102298513	0.038854805726	30	409	3	0	16	0.347826086957
0.0848096789141	0.038854805726	30	410	3	0	16	0.347826086957
0.0850504148923	0.038854805726	30	411	3	0	16	0.347826086957
0.0852900887442	0.038854805726	30	412	3	0	16	0.347826086957
0.0853369024354	0.038854805726	30	413	3	0	16	0.347826086957
0.0854073700291	0.038854805726	30	414	3	0	16	0.347826086957
0.0855549669999	0.040899795501	31	414	3	0	16	0.340425531915
0.0857220069401	0.040899795501	31	415	3	0	16	0.340425531915
0.0859740863302	0.040899795501	31	416	3	0	16	0.340425531915
0.0859833036272	0.040899795501	31	417	3	0	16	0.340425531915
0.085985547691	0.040899795501	31	418	3	0	16	0.340425531915
0.0861324507511	0.040899795501	31	419	3	0	16	0.340425531915
0.0862302654631	0.040899795501	31	420	3	0	16	0.340425531915
0.0864010566532	0.040899795501	31	421	3	0	16	0.340425531915
0.0868975261429	0.040899795501	31	422	3	0	16	0.340425531915
0.0870337236023	0.040899795501	31	423	3	0	16	0.340425531915
0.0872445440074	0.040899795501	31	424	3	0	16	0.340425531915
0.0873059910634	0.040899795501	31	425	3	0	16	0.340425531915
0.0874164325054	0.040899795501	31	426	3	0	16	0.340425531915
0.0874686103383	0.040899795501	31	427	3	0	16	0.340425531915
0.0878340595576	0.040899795501	31	428	3	0	16	0.340425531915
0.0882666642272	0.040899795501	31	429	3	0	16	0.340425531915
0.0885795781151	0.040899795501	31	430	3	0	16	0.340425531915
0.0891407385911	0.0429447852761	32	430	3	0	16	0.333333333333
0.0894135840244	0.0429447852761	32	431	3	0	16	0.333333333333
0.0894334716951	0.0429447852761	32	432	3	0	16	0.333333333333
0.0895119057832	0.040899795501	32	433	3	0	17	0.34693877551
0.0896462630626	0.040899795501	32	434	3	0	17	0.34693877551
0.0897699988647	0.038854805726	32	435	3	0	18	0.36
0.0898787916884	0.038854805726	32	436	3	0	18	0.36
0.0903816052956	0.038854805726	32	437	3	0	18	0.36
0.0905359552724	0.038854805726	32	438	3	0	18	0.36
0.0905812038493	0.038854805726	32	439	3	0	18	0.36
0.0906022805833	0.038854805726	32	440	3	0	18	0.36
0.0909833019139	0.038854805726	32	441	3	0	18	0.36
0.0911119841889	0.040899795501	33	441	3	0	18	0.352941176471
0.0911814586634	0.040899795501	33	442	3	0	18	0.352941176471
0.0912245150462	0.040899795501	33	443	3	0	18	0.352941176471
0.0913564851974	0.040899795501	33	444	3	0	18	0.352941176471
0.0914788245499	0.040899795501	33	445	3	0	18	0.352941176471
0.0916268768223	0.040899795501	33	446	3	0	18	0.352941176471
0.0918243168785	0.038854805726	33	447	3	0	19	0.365384615385
0.0921118191597	0.038854805726	33	448	3	0	19	0.365384615385
0.0923207098359	0.038854805726	33	449	3	0	19	0.365384615385
0.0923378569902	0.038854805726	33	450	3	0	19	0.365384615385
0.092634566494	0.038854805726	33	451	3	0	19	0.365384615385
0.0927974739908	0.038854805726	33	452	3	0	19	0.365384615385
0.0931183196535	0.038854805726	33	453	3	0	19	0.365384615385
0.0932979865496	0.038854805726	33	454	3	0	19	0.365384615385
0.0935722544514	0.038854805726	33	455	3	0	19	0.365384615385
0.0937456809486	0.038854805726	33	456	3	0	19	0.365384615385
0.0942925076213	0.038854805726	33	457	3	0	19	0.365384615385
0.0943448352598	0.038854805726	33	458	3	0	19	0.365384615385
0.094511137346	0.038854805726	33	459	3	0	19	0.365384615385
0.0946751745851	0.038854805726	33	460	3	0	19	0.365384615385
0.0947783367509	0.0368098159509	33	461	3	0	20	0.377358490566
0.0948234268518	0.0368098159509	33	462	3	0	20	0.377358490566
0.0948955526513	0.0368098159509	33	463	3	0	20	0.377358490566
0.0951794024423	0.0368098159509	33	464	3	0	20	0.377358490566
0.0953614361723	0.0347648261759	33	465	3	0	21	0.388888888889
0.0953837966553	0.0347648261759	33	466	3	0	21	0.388888888889
0.0954823859854	0.0327198364008	33	467	3	0	22	0.4
0.0956524555683	0.0327198364008	33	468	3	0	22	0.4
0.0957250312176	0.0327198364008	33	469	3	0	22	0.4
0.095787324154	0.0327198364008	33	470	3	0	22	0.4
0.0960697590027	0.0327198364008	33	471	3	0	22	0.4
0.0961573285899	0.0327198364008	33	472	3	0	22	0.4
0.0964530594288	0.0347648261759	34	472	3	0	22	0.392857142857
0.0967896480229	0.0347648261759	34	473	3	0	22	0.392857142857
0.0972114883595	0.0347648261759	34	474	3	0	22	0.392857142857
0.0974466400867	0.0347648261759	34	475	3	0	22	0.392857142857
0.0977265353359	0.0347648261759	34	476	3	0	22	0.392857142857
0.0980557479497	0.0347648261759	34	477	3	0	22	0.392857142857
0.0982713855428	0.0347648261759	34	478	3	0	22	0.392857142857
0.0987013870643	0.0347648261759	34	479	3	0	22	0.392857142857
0.099264029245	0.0368098159509	35	479	3	0	22	0.385964912281
0.0993439381134	0.0368098159509	35	480	3	0	22	0.385964912281
0.0996308379187	0.0368098159509	35	481	3	0	22	0.385964912281
0.0997525664297	0.038854805726	36	481	3	0	22	0.379310344828
0.0999118378612	0.038854805726	36	482	3	0	22	0.379310344828
0.0999671850566	0.038854805726	36	483	3	0	22	0.379310344828
0.100009245984	0.038854805726	36	484	3	0	22	0.379310344828
0.100220349619	0.038854805726	36	485	3	0	22	0.379310344828
0.100496653845	0.038854805726	36	486	3	0	22	0.379310344828
0.100694274101	0.0368098159509	36	487	3	0	23	0.389830508475
0.100764714491	0.0368098159509	36	488	3	0	23	0.389830508475
0.100927044155	0.0368098159509	36	489	3	0	23	0.389830508475
0.100970253897	0.0368098159509	36	490	3	0	23	0.389830508475
0.101343513414	0.0368098159509	36	491	3	0	23	0.389830508475
0.101584988564	0.038854805726	37	491	3	0	23	0.383333333333
0.101722025757	0.038854805726	37	492	3	0	23	0.383333333333
0.101862835479	0.038854805726	37	493	3	0	23	0.383333333333
0.101902742286	0.038854805726	37	494	3	0	23	0.383333333333
0.102687636882	0.038854805726	37	495	3	0	23	0.383333333333
0.102724167813	0.0368098159509	37	496	3	0	24	0.393442622951
0.102742850709	0.0347648261759	37	497	3	0	25	0.403225806452
0.102787244333	0.0347648261759	37	498	3	0	25	0.403225806452
0.102905168655	0.0347648261759	37	499	3	0	25	0.403225806452
0.103144247244	0.0347648261759	37	500	3	0	25	0.403225806452
0.103706718695	0.0347648261759	37	501	3	0	25	0.403225806452
0.104239044465	0.0347648261759	37	502	3	0	25	0.403225806452
0.104434608275	0.0347648261759	37	503	3	0	25	0.403225806452
0.104619087802	0.0368098159509	38	503	3	0	25	0.396825396825
0.104630210285	0.0368098159509	38	504	3	0	25	0.396825396825
0.105225677852	0.0347648261759	38	505	3	0	26	0.40625
0.10565097159	0.0368098159509	39	505	3	0	26	0.4
0.105844575499	0.0368098159509	39	506	3	0	26	0.4
0.105851019984	0.0368098159509	39	507	3	0	26	0.4
0.105988307359	0.0368098159509	39	508	3	0	26	0.4
0.106265863965	0.0368098159509	39	509	3	0	26	0.4
0.106818078308	0.0368098159509	39	510	3	0	26	0.4
0.107144446254	0.0368098159509	39	511	3	0	26	0.4
0.107152836093	0.0368098159509	39	512	3	0	26	0.4
0.107517922833	0.0368098159509	39	513	3	0	26	0.4
0.107791131443	0.0368098159509	39	514	3	0	26	0.4
0.108217204204	0.0347648261759	39	515	3	0	27	0.409090909091
0.108529458575	0.0368098159509	40	515	3	0	27	0.402985074627
0.10856597039	0.0368098159509	40	516	3	0	27	0.402985074627
0.108566763481	0.0368098159509	40	517	3	0	27	0.402985074627
0.108739777088	0.0347648261759	40	518	3	0	28	0.411764705882
0.108793727732	0.0347648261759	40	519	3	0	28	0.411764705882
0.108817875904	0.0347648261759	40	520	3	0	28	0.411764705882
0.108840104078	0.0347648261759	40	521	3	0	28	0.411764705882
0.10885239104	0.0347648261759	40	522	3	0	28	0.411764705882
0.108909085519	0.0347648261759	40	523	3	0	28	0.411764705882
0.109010319868	0.0347648261759	40	524	3	0	28	0.411764705882
0.109287001136	0.0347648261759	40	525	3	0	28	0.411764705882
0.10930706475	0.0327198364008	40	526	3	0	29	0.420289855072
0.109712611037	0.0327198364008	40	527	3	0	29	0.420289855072
0.109802942846	0.0327198364008	40	528	3	0	29	0.420289855072
0.109867630696	0.0327198364008	40	529	3	0	29	0.420289855072
0.110181016622	0.0327198364008	40	530	3	0	29	0.420289855072
0.110527740033	0.0327198364008	40	531	3	0	29	0.420289855072
0.110963080979	0.0306748466258	40	532	3	0	30	0.428571428571
0.110983513446	0.0306748466258	40	533	3	0	30	0.428571428571
0.110989688946	0.0306748466258	40	534	3	0	30	0.428571428571
0.111542743419	0.0306748466258	40	535	3	0	30	0.428571428571
0.111560806198	0.0306748466258	40	536	3	0	30	0.428571428571
0.111965130558	0.0306748466258	40	537	3	0	30	0.428571428571
0.112201243028	0.0306748466258	40	538	3	0	30	0.428571428571
0.112237930188	0.0306748466258	40	539	3	0	30	0.428571428571
0.112246309943	0.0306748466258	40	540	3	0	30	0.428571428571
0.112495200947	0.0306748466258	40	541	3	0	30	0.428571428571
0.112607113368	0.0306748466258	40	542	3	0	30	0.428571428571
0.112783851027	0.0306748466258	40	543	3	0	30	0.428571428571
0.112786049897	0.0306748466258	40	544	3	0	30	0.428571428571
0.112949334321	0.0306748466258	40	545	3	0	30	0.428571428571
0.112990266859	0.0306748466258	40	546	3	0	30	0.428571428571
0.113167331403	0.0306748466258	40	547	3	0	30	0.428571428571
0.113405212198	0.0306748466258	40	548	3	0	30	0.428571428571
0.113444529093	0.0306748466258	40	549	3	0	30	0.428571428571
0.113792660277	0.0306748466258	40	550	3	0	30	0.428571428571
0.113816582965	0.0306748466258	40	551	3	0	30	0.428571428571
0.113821491444	0.0306748466258	40	552	3	0	30	0.428571428571
0.11383023648	0.0286298568507	40	553	3	0	31	0.43661971831
0.115333663459	0.0286298568507	41	553	3	0	31	0.430555555556
0.115518933805	0.0286298568507	41	554	3	0	31	0.430555555556
0.115903864585	0.0286298568507	41	555	3	0	31	0.430555555556
0.116013076891	0.0286298568507	41	556	3	0	31	0.430555555556
0.117060585322	0.0286298568507	41	557	3	0	31	0.430555555556
0.11729444742	0.0286298568507	41	558	3	0	31	0.430555555556
0.117301544075	0.0286298568507	41	559	3	0	31	0.430555555556
0.117307132648	0.0286298568507	41	560	3	0	31	0.430555555556
0.117545723068	0.0286298568507	41	561	3	0	31	0.430555555556
0.117787393653	0.0286298568507	41	562	3	0	31	0.430555555556
0.117811975397	0.0265848670757	41	563	3	0	32	0.438356164384
0.117833704084	0.0265848670757	41	564	3	0	32	0.438356164384
0.117874379157	0.0265848670757	41	565	3	0	32	0.438356164384
0.117887113695	0.0265848670757	41	566	3	0	32	0.438356164384
0.11807778058	0.0265848670757	41	567	3	0	32	0.438356164384
0.118781725154	0.0265848670757	41	568	3	0	32	0.438356164384
0.118964121546	0.0265848670757	41	569	3	0	32	0.438356164384
0.119129520136	0.0286298568507	42	569	3	0	32	0.432432432432
0.119420856673	0.0286298568507	42	570	3	0	32	0.432432432432
0.119534734982	0.0286298568507	42	571	3	0	32	0.432432432432
0.120108321054	0.0286298568507	42	572	3	0	32	0.432432432432
0.120421698339	0.0286298568507	42	573	3	0	32	0.432432432432
0.120596843878	0.0286298568507	42	574	3	0	32	0.432432432432
0.120599984268	0.0286298568507	42	575	3	0	32	0.432432432432
0.120608795645	0.0286298568507	42	576	3	0	32	0.432432432432
0.1209226639	0.0286298568507	42	577	3	0	32	0.432432432432
0.12119361137	0.0286298568507	42	578	3	0	32	0.432432432432
0.121703437542	0.0286298568507	42	579	3	0	32	0.432432432432
0.12191433718	0.0286298568507	42	580	3	0	32	0.432432432432
0.121975053433	0.0286298568507	42	581	3	0	32	0.432432432432
0.122033454752	0.0286298568507	42	582	3	0	32	0.432432432432
0.122402464815	0.0286298568507	42	583	3	0	32	0.432432432432
0.122479359381	0.0286298568507	42	584	3	0	32	0.432432432432
0.122479950075	0.0286298568507	42	585	3	0	32	0.432432432432
0.122550098957	0.0286298568507	42	586	3	0	32	0.432432432432
0.122720020213	0.0286298568507	42	587	3	0	32	0.432432432432
0.122726650435	0.0286298568507	42	588	3	0	32	0.432432432432
0.122902259275	0.0286298568507	42	589	3	0	32	0.432432432432
0.122933525031	0.0265848670757	42	590	3	0	33	0.44
0.123062862024	0.0265848670757	42	591	3	0	33	0.44
0.123184005466	0.0265848670757	42	592	3	0	33	0.44
0.123275662628	0.0245398773006	42	593	3	0	34	0.447368421053
0.123642878141	0.0245398773006	42	594	3	0	34	0.447368421053
0.123671551534	0.0245398773006	42	595	3	0	34	0.447368421053
0.123876022517	0.0224948875256	42	596	3	0	35	0.454545454545
0.124035060804	0.0224948875256	42	597	3	0	35	0.454545454545
0.124313096454	0.0224948875256	42	598	3	0	35	0.454545454545
0.125129072649	0.0224948875256	42	599	3	0	35	0.454545454545
0.12515926811	0.0224948875256	42	600	3	0	35	0.454545454545
0.125242391261	0.0245398773006	43	600	3	0	35	0.448717948718
0.125376244185	0.0245398773006	43	601	3	0	35	0.448717948718
0.125434717078	0.0245398773006	43	602	3	0	35	0.448717948718
0.125828605559	0.0245398773006	43	603	3	0	35	0.448717948718
0.126270647598	0.0245398773006	43	604	3	0	35	0.448717948718
0.126439084577	0.0245398773006	43	605	3	0	35	0.448717948718
0.126656850125	0.0265848670757	44	605	3	0	35	0.443037974684
0.127313674759	0.0265848670757	44	606	3	0	35	0.443037974684
0.127574629249	0.0265848670757	44	607	3	0	35	0.443037974684
0.127944525965	0.0265848670757	44	608	3	0	35	0.443037974684
0.127987229015	0.0265848670757	44	609	3	0	35	0.443037974684
0.128015832298	0.0265848670757	44	610	3	0	35	0.443037974684
0.128050144613	0.0265848670757	44	611	3	0	35	0.443037974684
0.128094745917	0.0265848670757	44	612	3	0	35	0.443037974684
0.128150098466	0.0245398773006	44	613	3	0	36	0.45
0.128296066552	0.0245398773006	44	614	3	0	36	0.45
0.128500013114	0.0245398773006	44	615	3	0	36	0.45
0.128780808302	0.0245398773006	44	616	3	0	36	0.45
0.12917389275	0.0245398773006	44	617	3	0	36	0.45
0.129189186433	0.0245398773006	44	618	3	0	36	0.45
0.129466444762	0.0265848670757	45	618	3	0	36	0.444444444444
0.129596946742	0.0265848670757	45	619	3	0	36	0.444444444444
0.129838497048	0.0265848670757	45	620	3	0	36	0.444444444444
0.130084570834	0.0265848670757	45	621	3	0	36	0.444444444444
0.130633666379	0.0265848670757	45	622	3	0	36	0.444444444444
0.130847289086	0.0265848670757	45	623	3	0	36	0.444444444444
0.130849307428	0.0245398773006	45	624	3	0	37	0.451219512195
0.131042047927	0.0265848670757	46	624	3	0	37	0.44578313253
0.131248408745	0.0265848670757	46	625	3	0	37	0.44578313253
0.131265159181	0.0265848670757	46	626	3	0	37	0.44578313253
0.131316874351	0.0265848670757	46	627	3	0	37	0.44578313253
0.131445912647	0.0265848670757	46	628	3	0	37	0.44578313253
0.131547656897	0.0265848670757	46	629	3	0	37	0.44578313253
0.13206474248	0.0245398773006	46	630	3	0	38	0.452380952381
0.132287029662	0.0245398773006	46	631	3	0	38	0.452380952381
0.132417433478	0.0245398773006	46	632	3	0	38	0.452380952381
0.132470279171	0.0245398773006	46	633	3	0	38	0.452380952381
0.13321538193	0.0245398773006	46	634	3	0	38	0.452380952381
0.133225589959	0.0245398773006	46	635	3	0	38	0.452380952381
0.133290665149	0.0245398773006	46	636	3	0	38	0.452380952381
0.133345168005	0.0245398773006	46	637	3	0	38	0.452380952381
0.133364211543	0.0245398773006	46	638	3	0	38	0.452380952381
0.133560650287	0.0245398773006	46	639	3	0	38	0.452380952381
0.133875760557	0.0245398773006	46	640	3	0	38	0.452380952381
0.134045705001	0.0245398773006	46	641	3	0	38	0.452380952381
0.134171395272	0.0245398773006	46	642	3	0	38	0.452380952381
0.134316765996	0.0245398773006	46	643	3	0	38	0.452380952381
0.134475465544	0.0245398773006	46	644	3	0	38	0.452380952381
0.134731871679	0.0265848670757	47	644	3	0	38	0.447058823529
0.135386634058	0.0265848670757	47	645	3	0	38	0.447058823529
0.13563373352	0.0265848670757	47	646	3	0	38	0.447058823529
0.135675936362	0.0265848670757	47	647	3	0	38	0.447058823529
0.135693195228	0.0265848670757	47	648	3	0	38	0.447058823529
0.136089336136	0.0265848670757	47	649	3	0	38	0.447058823529
0.13615416249	0.0265848670757	47	650	3	0	38	0.447058823529
0.136246117308	0.0265848670757	47	651	3	0	38	0.447058823529
0.136619921483	0.0265848670757	47	652	3	0	38	0.447058823529
0.136644328721	0.0265848670757	47	653	3	0	38	0.447058823529
0.136831422895	0.0286298568507	48	653	3	0	38	0.441860465116
0.137017211994	0.0286298568507	48	654	3	0	38	0.441860465116
0.137150238388	0.0286298568507	48	655	3	0	38	0.441860465116
0.137392698187	0.0306748466258	49	655	3	0	38	0.436781609195
0.137525411448	0.0306748466258	49	656	3	0	38	0.436781609195
0.138466840603	0.0306748466258	49	657	3	0	38	0.436781609195
0.138563369663	0.0306748466258	49	658	3	0	38	0.436781609195
0.138745499205	0.0306748466258	49	659	3	0	38	0.436781609195
0.139342351431	0.0306748466258	49	660	3	0	38	0.436781609195
0.139386883499	0.0306748466258	49	661	3	0	38	0.436781609195
0.139814770854	0.0306748466258	49	662	3	0	38	0.436781609195
0.140011128807	0.0306748466258	49	663	3	0	38	0.436781609195
0.140177630652	0.0306748466258	49	664	3	0	38	0.436781609195
0.140411261869	0.0306748466258	49	665	3	0	38	0.436781609195
0.140879971201	0.0327198364008	50	665	3	0	38	0.431818181818
0.140956333219	0.0327198364008	50	666	3	0	38	0.431818181818
0.141047577398	0.0327198364008	50	667	3	0	38	0.431818181818
0.141241337271	0.0306748466258	50	668	3	0	39	0.438202247191
0.142011329325	0.0306748466258	50	669	3	0	39	0.438202247191
0.142114130336	0.0306748466258	50	670	3	0	39	0.438202247191
0.142150769628	0.0306748466258	50	671	3	0	39	0.438202247191
0.142451122975	0.0306748466258	50	672	3	0	39	0.438202247191
0.14248927405	0.0306748466258	50	673	3	0	39	0.438202247191
0.142499628786	0.0306748466258	50	674	3	0	39	0.438202247191
0.142571677117	0.0306748466258	50	675	3	0	39	0.438202247191
0.14267422931	0.0306748466258	50	676	3	0	39	0.438202247191
0.142811830563	0.0306748466258	50	677	3	0	39	0.438202247191
0.143050919504	0.0306748466258	50	678	3	0	39	0.438202247191
0.14353642566	0.0306748466258	50	679	3	0	39	0.438202247191
0.143744459445	0.0306748466258	50	680	3	0	39	0.438202247191
0.143843483155	0.0306748466258	50	681	3	0	39	0.438202247191
0.143855258959	0.0306748466258	50	682	3	0	39	0.438202247191
0.144035931705	0.0306748466258	50	683	3	0	39	0.438202247191
0.144101934816	0.0306748466258	50	684	3	0	39	0.438202247191
0.144190051025	0.0286298568507	50	685	3	0	40	0.444444444444
0.144208997892	0.0286298568507	50	686	3	0	40	0.444444444444
0.144283856151	0.0306748466258	51	686	3	0	40	0.43956043956
0.144970892398	0.0306748466258	51	687	3	0	40	0.43956043956
0.145324585859	0.0306748466258	51	688	3	0	40	0.43956043956
0.145513893793	0.0306748466258	51	689	3	0	40	0.43956043956
0.14560661826	0.0306748466258	51	690	3	0	40	0.43956043956
0.145709265829	0.0306748466258	51	691	3	0	40	0.43956043956
0.146346859689	0.0306748466258	51	692	3	0	40	0.43956043956
0.146700515641	0.0306748466258	51	693	3	0	40	0.43956043956
0.146778159968	0.0306748466258	51	694	3	0	40	0.43956043956
0.147095844034	0.0306748466258	51	695	3	0	40	0.43956043956
0.147758472175	0.0306748466258	51	696	3	0	40	0.43956043956
0.14821361721	0.0327198364008	52	696	3	0	40	0.434782608696
0.148454556268	0.0347648261759	53	696	3	0	40	0.430107526882
0.148514831975	0.0306748466258	53	697	3	0	42	0.442105263158
0.148672337055	0.0306748466258	53	698	3	0	42	0.442105263158
0.1489583074	0.0306748466258	53	699	3	0	42	0.442105263158
0.149223772259	0.0306748466258	53	700	3	0	42	0.442105263158
0.149452272163	0.0306748466258	53	701	3	0	42	0.442105263158
0.149491751157	0.0306748466258	53	702	3	0	42	0.442105263158
0.149874855602	0.0306748466258	53	703	3	0	42	0.442105263158
0.149934391031	0.0327198364008	54	703	3	0	42	0.4375
0.150125728278	0.0327198364008	54	704	3	0	42	0.4375
0.150347432344	0.0327198364008	54	705	3	0	42	0.4375
0.150718195826	0.0286298568507	54	706	3	0	44	0.448979591837
0.150762459414	0.0286298568507	54	707	3	0	44	0.448979591837
0.150919864196	0.0306748466258	55	707	3	0	44	0.444444444444
0.151611642469	0.0265848670757	55	708	3	0	46	0.455445544554
0.151689092516	0.0265848670757	55	709	3	0	46	0.455445544554
0.151982469156	0.0265848670757	55	710	3	0	46	0.455445544554
0.152097920885	0.0265848670757	55	711	3	0	46	0.455445544554
0.152316404196	0.0286298568507	56	711	3	0	46	0.450980392157
0.152330684751	0.0286298568507	56	712	3	0	46	0.450980392157
0.152624670768	0.0286298568507	56	713	3	0	46	0.450980392157
0.153019705136	0.0286298568507	56	714	3	0	46	0.450980392157
0.153346229925	0.0286298568507	56	715	3	0	46	0.450980392157
0.153372176094	0.0306748466258	57	715	3	0	46	0.446601941748
0.154163659705	0.0327198364008	58	715	3	0	46	0.442307692308
0.154729458455	0.0327198364008	58	716	3	0	46	0.442307692308
0.155018599883	0.0327198364008	58	717	3	0	46	0.442307692308
0.155161552278	0.0327198364008	58	718	3	0	46	0.442307692308
0.155211552118	0.0327198364008	58	719	3	0	46	0.442307692308
0.155336451983	0.0327198364008	58	720	3	0	46	0.442307692308
0.1553423477	0.0347648261759	59	720	3	0	46	0.438095238095
0.155444746006	0.0347648261759	59	721	3	0	46	0.438095238095
0.155608874874	0.0347648261759	59	722	3	0	46	0.438095238095
0.155726760915	0.0347648261759	59	723	3	0	46	0.438095238095
0.156000699944	0.0347648261759	59	724	3	0	46	0.438095238095
0.156333508933	0.0347648261759	59	725	3	0	46	0.438095238095
0.156850568592	0.0347648261759	59	726	3	0	46	0.438095238095
0.156907830637	0.0347648261759	59	727	3	0	46	0.438095238095
0.156996090629	0.0347648261759	59	728	3	0	46	0.438095238095
0.157219436201	0.0347648261759	59	729	3	0	46	0.438095238095
0.158587312469	0.0347648261759	59	730	3	0	46	0.438095238095
0.159018607804	0.0347648261759	59	731	3	0	46	0.438095238095
0.15946268276	0.0347648261759	59	732	3	0	46	0.438095238095
0.159638684224	0.0327198364008	59	733	3	0	47	0.443396226415
0.159764690491	0.0327198364008	59	734	3	0	47	0.443396226415
0.159768232789	0.0327198364008	59	735	3	0	47	0.443396226415
0.159827912484	0.0327198364008	59	736	3	0	47	0.443396226415
0.160301363388	0.0327198364008	59	737	3	0	47	0.443396226415
0.160409560406	0.0327198364008	59	738	3	0	47	0.443396226415
0.160430993108	0.0327198364008	59	739	3	0	47	0.443396226415
0.160607471502	0.0327198364008	59	740	3	0	47	0.443396226415
0.160788315119	0.0327198364008	59	741	3	0	47	0.443396226415
0.16133672437	0.0306748466258	59	742	3	0	48	0.448598130841
0.161345037768	0.0327198364008	60	742	3	0	48	0.444444444444
0.1615818771	0.0327198364008	60	743	3	0	48	0.444444444444
0.161626757675	0.0327198364008	60	744	3	0	48	0.444444444444
0.161786305094	0.0327198364008	60	745	3	0	48	0.444444444444
0.161981417331	0.0347648261759	61	745	3	0	48	0.440366972477
0.162416676358	0.0347648261759	61	746	3	0	48	0.440366972477
0.162651708242	0.0327198364008	61	747	3	0	49	0.445454545455
0.162764281884	0.0327198364008	61	748	3	0	49	0.445454545455
0.163189426765	0.0327198364008	61	749	3	0	49	0.445454545455
0.163196382859	0.0327198364008	61	750	3	0	49	0.445454545455
0.163864919034	0.0327198364008	61	751	3	0	49	0.445454545455
0.164233005882	0.0327198364008	61	752	3	0	49	0.445454545455
0.164326899794	0.0327198364008	61	753	3	0	49	0.445454545455
0.166145667426	0.0347648261759	62	753	3	0	49	0.441441441441
0.166725521163	0.0347648261759	62	754	3	0	49	0.441441441441
0.166832903801	0.0347648261759	62	755	3	0	49	0.441441441441
0.166855118504	0.0347648261759	62	756	3	0	49	0.441441441441
0.16709866368	0.0347648261759	62	757	3	0	49	0.441441441441
0.167146136242	0.0347648261759	62	758	3	0	49	0.441441441441
0.167260331111	0.0347648261759	62	759	3	0	49	0.441441441441
0.167336527489	0.0347648261759	62	760	3	0	49	0.441441441441
0.167365831514	0.0347648261759	62	761	3	0	49	0.441441441441
0.167376537947	0.0327198364008	62	762	3	0	50	0.446428571429
0.167740963106	0.0306748466258	62	763	3	0	51	0.451327433628
0.167826428237	0.0306748466258	62	764	3	0	51	0.451327433628
0.167853736114	0.0306748466258	62	765	3	0	51	0.451327433628
0.168363490177	0.0306748466258	62	766	3	0	51	0.451327433628
0.16844341021	0.0306748466258	62	767	3	0	51	0.451327433628
0.16860308406	0.0306748466258	62	768	3	0	51	0.451327433628
0.16906488639	0.0306748466258	62	769	3	0	51	0.451327433628
0.169510065369	0.0306748466258	62	770	3	0	51	0.451327433628
0.170190694857	0.0306748466258	62	771	3	0	51	0.451327433628
0.170236892922	0.0306748466258	62	772	3	0	51	0.451327433628
0.170301569657	0.0306748466258	62	773	3	0	51	0.451327433628
0.170341851802	0.0306748466258	62	774	3	0	51	0.451327433628
0.170481647005	0.0306748466258	62	775	3	0	51	0.451327433628
0.170580984561	0.0306748466258	62	776	3	0	51	0.451327433628
0.170656489977	0.0286298568507	62	777	3	0	52	0.456140350877
0.170663463295	0.0286298568507	62	778	3	0	52	0.456140350877
0.170742944321	0.0286298568507	62	779	3	0	52	0.456140350877
0.170755203991	0.0286298568507	62	780	3	0	52	0.456140350877
0.170851630229	0.0265848670757	62	781	3	0	53	0.460869565217
0.170863791026	0.0286298568507	63	781	3	0	53	0.456896551724
0.170894675625	0.0286298568507	63	782	3	0	53	0.456896551724
0.170919716023	0.0286298568507	63	783	3	0	53	0.456896551724
0.170940472863	0.0286298568507	63	784	3	0	53	0.456896551724
0.17096625062	0.0286298568507	63	785	3	0	53	0.456896551724
0.171054066191	0.0286298568507	63	786	3	0	53	0.456896551724
0.171151385468	0.0286298568507	63	787	3	0	53	0.456896551724
0.171424556113	0.0286298568507	63	788	3	0	53	0.456896551724
0.171644715328	0.0286298568507	63	789	3	0	53	0.456896551724
0.171739831849	0.0286298568507	63	790	3	0	53	0.456896551724
0.172170199821	0.0286298568507	63	791	3	0	53	0.456896551724
0.172524885156	0.0286298568507	63	792	3	0	53	0.456896551724
0.172698771998	0.0286298568507	63	793	3	0	53	0.456896551724
0.173242042437	0.0286298568507	63	794	3	0	53	0.456896551724
0.173251396662	0.0286298568507	63	795	3	0	53	0.456896551724
0.173306289563	0.0286298568507	63	796	3	0	53	0.456896551724
0.173317196455	0.0286298568507	63	797	3	0	53	0.456896551724
0.173482952027	0.0286298568507	63	798	3	0	53	0.456896551724
0.173489702555	0.0286298568507	63	799	3	0	53	0.456896551724
0.173503520445	0.0286298568507	63	800	3	0	53	0.456896551724
0.173768224641	0.0286298568507	63	801	3	0	53	0.456896551724
0.173896734792	0.0286298568507	63	802	3	0	53	0.456896551724
0.174061429265	0.0286298568507	63	803	3	0	53	0.456896551724
0.17409562072	0.0286298568507	63	804	3	0	53	0.456896551724
0.174295509974	0.0286298568507	63	805	3	0	53	0.456896551724
0.174346824262	0.0286298568507	63	806	3	0	53	0.456896551724
0.174625052793	0.0286298568507	63	807	3	0	53	0.456896551724
0.174647755175	0.0286298568507	63	808	3	0	53	0.456896551724
0.17492748628	0.0265848670757	63	809	3	0	54	0.461538461538
0.174957074796	0.0245398773006	63	810	3	0	55	0.466101694915
0.175045699016	0.0245398773006	63	811	3	0	55	0.466101694915
0.17504846301	0.0265848670757	64	811	3	0	55	0.46218487395
0.175050022679	0.0265848670757	64	812	3	0	55	0.46218487395
0.175602187334	0.0265848670757	64	813	3	0	55	0.46218487395
0.175942100251	0.0265848670757	64	814	3	0	55	0.46218487395
0.175963016861	0.0265848670757	64	815	3	0	55	0.46218487395
0.176017992063	0.0265848670757	64	816	3	0	55	0.46218487395
0.176622696724	0.0286298568507	65	816	3	0	55	0.458333333333
0.176655687092	0.0286298568507	65	817	3	0	55	0.458333333333
0.176699880956	0.0286298568507	65	818	3	0	55	0.458333333333
0.177206009996	0.0286298568507	65	819	3	0	55	0.458333333333
0.177283573174	0.0286298568507	65	820	3	0	55	0.458333333333
0.177313701682	0.0286298568507	65	821	3	0	55	0.458333333333
0.177595564945	0.0286298568507	65	822	3	0	55	0.458333333333
0.178171654654	0.0265848670757	65	823	3	0	56	0.462809917355
0.178296126245	0.0265848670757	65	824	3	0	56	0.462809917355
0.178705465905	0.0265848670757	65	825	3	0	56	0.462809917355
0.178843933245	0.0265848670757	65	826	3	0	56	0.462809917355
0.178933280152	0.0265848670757	65	827	3	0	56	0.462809917355
0.179026708308	0.0265848670757	65	828	3	0	56	0.462809917355
0.179254305391	0.0265848670757	65	829	3	0	56	0.462809917355
0.179270329014	0.0265848670757	65	830	3	0	56	0.462809917355
0.179277073687	0.0265848670757	65	831	3	0	56	0.462809917355
0.179818783194	0.0265848670757	65	832	3	0	56	0.462809917355
0.179865734837	0.0265848670757	65	833	3	0	56	0.462809917355
0.180788043972	0.0265848670757	65	834	3	0	56	0.462809917355
0.181254132225	0.0265848670757	65	835	3	0	56	0.462809917355
0.181280430031	0.0265848670757	65	836	3	0	56	0.462809917355
0.181372408912	0.0265848670757	65	837	3	0	56	0.462809917355
0.181542499123	0.0265848670757	65	838	3	0	56	0.462809917355
0.181621557615	0.0265848670757	65	839	3	0	56	0.462809917355
0.181701719761	0.0265848670757	65	840	3	0	56	0.462809917355
0.181750316662	0.0265848670757	65	841	3	0	56	0.462809917355
0.181880962314	0.0265848670757	65	842	3	0	56	0.462809917355
0.18199195885	0.0265848670757	65	843	3	0	56	0.462809917355
0.182090663874	0.0265848670757	65	844	3	0	56	0.462809917355
0.182393502977	0.0265848670757	65	845	3	0	56	0.462809917355
0.182761404106	0.0286298568507	66	845	3	0	56	0.459016393443
0.182772145783	0.0286298568507	66	846	3	0	56	0.459016393443
0.183107327648	0.0286298568507	66	847	3	0	56	0.459016393443
0.183224573884	0.0286298568507	66	848	3	0	56	0.459016393443
0.18334580518	0.0286298568507	66	849	3	0	56	0.459016393443
0.183377972787	0.0286298568507	66	850	3	0	56	0.459016393443
0.18349612874	0.0286298568507	66	851	3	0	56	0.459016393443
0.183544407738	0.0286298568507	66	852	3	0	56	0.459016393443
0.183946788521	0.0286298568507	66	853	3	0	56	0.459016393443
0.184415907628	0.0286298568507	66	854	3	0	56	0.459016393443
0.184425479991	0.0286298568507	66	855	3	0	56	0.459016393443
0.184746088169	0.0286298568507	66	856	3	0	56	0.459016393443
0.18487769486	0.0286298568507	66	857	3	0	56	0.459016393443
0.185033143264	0.0286298568507	66	858	3	0	56	0.459016393443
0.185048794931	0.0286298568507	66	859	3	0	56	0.459016393443
0.18531773427	0.0286298568507	66	860	3	0	56	0.459016393443
0.18536969996	0.0286298568507	66	861	3	0	56	0.459016393443
0.185445136842	0.0286298568507	66	862	3	0	56	0.459016393443
0.185555734545	0.0286298568507	66	863	3	0	56	0.459016393443
0.185807408827	0.0306748466258	67	863	3	0	56	0.455284552846
0.186152308437	0.0306748466258	67	864	3	0	56	0.455284552846
0.186362542153	0.0306748466258	67	865	3	0	56	0.455284552846
0.186548705532	0.0306748466258	67	866	3	0	56	0.455284552846
0.186764545397	0.0306748466258	67	867	3	0	56	0.455284552846
0.187048490327	0.0306748466258	67	868	3	0	56	0.455284552846
0.187194515262	0.0306748466258	67	869	3	0	56	0.455284552846
0.187363274855	0.0306748466258	67	870	3	0	56	0.455284552846
0.187511992124	0.0306748466258	67	871	3	0	56	0.455284552846
0.187632692452	0.0306748466258	67	872	3	0	56	0.455284552846
0.187842168783	0.0306748466258	67	873	3	0	56	0.455284552846
0.188218479817	0.0306748466258	67	874	3	0	56	0.455284552846
0.188565900207	0.0306748466258	67	875	3	0	56	0.455284552846
0.18861525033	0.0306748466258	67	876	3	0	56	0.455284552846
0.188719259337	0.0306748466258	67	877	3	0	56	0.455284552846
0.188858017742	0.0306748466258	67	878	3	0	56	0.455284552846
0.189290998978	0.0306748466258	67	879	3	0	56	0.455284552846
0.189320434551	0.0306748466258	67	880	3	0	56	0.455284552846
0.189335748086	0.0306748466258	67	881	3	0	56	0.455284552846
0.189636335053	0.0306748466258	67	882	3	0	56	0.455284552846
0.189734922295	0.0286298568507	67	883	3	0	57	0.459677419355
0.190064626614	0.0286298568507	67	884	3	0	57	0.459677419355
0.190621892974	0.0286298568507	67	885	3	0	57	0.459677419355
0.190966862918	0.0265848670757	67	886	3	0	58	0.464
0.191048504542	0.0265848670757	67	887	3	0	58	0.464
0.191183377972	0.0245398773006	67	888	3	0	59	0.468253968254
0.192013486394	0.0245398773006	67	889	3	0	59	0.468253968254
0.192121425763	0.0245398773006	67	890	3	0	59	0.468253968254
0.192171877734	0.0245398773006	67	891	3	0	59	0.468253968254
0.192542188971	0.0245398773006	67	892	3	0	59	0.468253968254
0.193134307941	0.0245398773006	67	893	3	0	59	0.468253968254
0.193218581805	0.0245398773006	67	894	3	0	59	0.468253968254
0.193425719757	0.0245398773006	67	895	3	0	59	0.468253968254
0.193600630465	0.0245398773006	67	896	3	0	59	0.468253968254
0.193794107076	0.0245398773006	67	897	3	0	59	0.468253968254
0.194012373167	0.0245398773006	67	898	3	0	59	0.468253968254
0.194217068495	0.0245398773006	67	899	3	0	59	0.468253968254
0.194252961319	0.0245398773006	67	900	3	0	59	0.468253968254
0.194927944361	0.0245398773006	67	901	3	0	59	0.468253968254
0.195084187403	0.0245398773006	67	902	3	0	59	0.468253968254
0.195329251699	0.0245398773006	67	903	3	0	59	0.468253968254
0.1958447658	0.0245398773006	67	904	3	0	59	0.468253968254
0.195938843656	0.0245398773006	67	905	3	0	59	0.468253968254
0.196280756304	0.0245398773006	67	906	3	0	59	0.468253968254
0.196321987344	0.0245398773006	67	907	3	0	59	0.468253968254
0.196555472577	0.0245398773006	67	908	3	0	59	0.468253968254
0.198316809185	0.0245398773006	67	909	3	0	59	0.468253968254
0.198388284771	0.0245398773006	67	910	3	0	59	0.468253968254
0.198389043543	0.0224948875256	67	911	3	0	60	0.472440944882
0.198491118704	0.0224948875256	67	912	3	0	60	0.472440944882
0.198675739631	0.0224948875256	67	913	3	0	60	0.472440944882
0.198992608545	0.0224948875256	67	914	3	0	60	0.472440944882
0.199363404637	0.0224948875256	67	915	3	0	60	0.472440944882
0.19959546656	0.0224948875256	67	916	3	0	60	0.472440944882
0.19970476989	0.0224948875256	67	917	3	0	60	0.472440944882
0.199859507277	0.0224948875256	67	918	3	0	60	0.472440944882
0.199887875945	0.0224948875256	67	919	3	0	60	0.472440944882
0.200246430182	0.0224948875256	67	920	3	0	60	0.472440944882
0.200544101455	0.0224948875256	67	921	3	0	60	0.472440944882
0.201495940242	0.0224948875256	67	922	3	0	60	0.472440944882
0.202027281775	0.0245398773006	68	922	3	0	60	0.46875
0.202040348367	0.0245398773006	68	923	3	0	60	0.46875
0.202227329951	0.0245398773006	68	924	3	0	60	0.46875
0.202247373372	0.0245398773006	68	925	3	0	60	0.46875
0.202320737244	0.0245398773006	68	926	3	0	60	0.46875
0.202345211904	0.0245398773006	68	927	3	0	60	0.46875
0.202614552981	0.0245398773006	68	928	3	0	60	0.46875
0.202624792565	0.0245398773006	68	929	3	0	60	0.46875
0.202813614551	0.0245398773006	68	930	3	0	60	0.46875
0.202911176739	0.0245398773006	68	931	3	0	60	0.46875
0.203233073874	0.0245398773006	68	932	3	0	60	0.46875
0.203388557332	0.0245398773006	68	933	3	0	60	0.46875
0.203596040291	0.0245398773006	68	934	3	0	60	0.46875
0.203740029102	0.0245398773006	68	935	3	0	60	0.46875
0.203912436546	0.0224948875256	68	936	3	0	61	0.472868217054
0.204320677664	0.0224948875256	68	937	3	0	61	0.472868217054
0.204354916969	0.0224948875256	68	938	3	0	61	0.472868217054
0.204427139987	0.0224948875256	68	939	3	0	61	0.472868217054
0.204692463322	0.0224948875256	68	940	3	0	61	0.472868217054
0.205221332057	0.0224948875256	68	941	3	0	61	0.472868217054
0.205295766882	0.0224948875256	68	942	3	0	61	0.472868217054
0.205412539988	0.0224948875256	68	943	3	0	61	0.472868217054
0.20555414469	0.0204498977505	68	944	3	0	62	0.476923076923
0.205708940501	0.0204498977505	68	945	3	0	62	0.476923076923
0.205718473716	0.0204498977505	68	946	3	0	62	0.476923076923
0.205799794615	0.0204498977505	68	947	3	0	62	0.476923076923
0.206303657293	0.0204498977505	68	948	3	0	62	0.476923076923
0.206545260922	0.0204498977505	68	949	3	0	62	0.476923076923
0.207090656382	0.0204498977505	68	950	3	0	62	0.476923076923
0.207106626788	0.0204498977505	68	951	3	0	62	0.476923076923
0.20711420182	0.0204498977505	68	952	3	0	62	0.476923076923
0.207497458573	0.0184049079755	68	953	3	0	63	0.480916030534
0.20770458624	0.0184049079755	68	954	3	0	63	0.480916030534
0.207708931567	0.0184049079755	68	955	3	0	63	0.480916030534
0.207976178664	0.0163599182004	68	956	3	0	64	0.484848484848
0.208330347175	0.0163599182004	68	957	3	0	64	0.484848484848
0.208422695366	0.0163599182004	68	958	3	0	64	0.484848484848
0.208680053863	0.0163599182004	68	959	3	0	64	0.484848484848
0.208733565686	0.0163599182004	68	960	3	0	64	0.484848484848
