cnumpy.random
__RandomState_ctor
p1
(tRp2
(S'MT19937'
p3
cnumpy.core.multiarray
_reconstruct
p4
(cnumpy
ndarray
p5
(I0
tS'b'
tRp6
(I1
(I624
tcnumpy
dtype
p7
(S'u4'
I0
I1
tRp8
(I3
S'<'
NNNI-1
I-1
I0
tbI00
S'+\x94\xcf\xec\xc7\x88*P\xae\xcb\x91_\x0eS\x8c\x1b\xa2\xeb\xd2\x01\x0e!\xc7\xf5\xa0\x1a\xacM\xcf q\xdd\x80\xfb\x949\x11\xe4\xe2\t\x1c\xbc\xb1\xbf\xeb\xefC\xa7i7\x88\xd4Q\xb2\x9b\x18x\xffiDO\xe4\x89\xa8\xb2\x94\xdd\xb7.\xa7\x9ayw\r\xf8\x85\xbc\x9b\x0f\x87\xad]\x9f(f\x19\x83\xe6L\xf5\xb9\xf5\xa4\x8e\x89T_K\xb1\xb7\xfe\x9a\xf7k\x1ch\xb5\x07c\x93\xae\x82\x12\xd4\x81\x9fL0\xe3\x07\xe1\xd7^\xc4\xe0"\x17\x0bD\x9f>\x8e\xd7Q\xc2\xd2\xf5\xec\x8a\xb3\x8f\xbf\x9c=~\xe0\xe1\tb$3\xd4\x02U:\xd9\r\xafl\xbf\xde\x96\xe4\xc6\xe4\x99\xc9\xb5\x1a\x81\x89<0\xfb\x861[\xfa\xaeO\x1b\xb1\x87\x97M\x86\x84\xb2\x01\xc9\x17\x97\xbct\xb4\xbe}\x94>^\xcc$\x8b^y\x9e\xcd\x1e\x92w\xddF\xd4\x9f\xf3\xcf\x97\xcb\xe1v\xc4\xf2\xcd\x03\x81\xea\xed\x1a\x89c\xc5\xad\xc41\xea\xdf\'\xf7&2\x19\xddE\x03\xd9\xffb\x04\xef\xcdr\xccp4Y4\x8dL\xe26G\xae\xbd\x10\x18\x81(m\x18\x8b\x05\xe4\x8b\x1c\xa7\xfa\xc9TGY\xc3\xac#@\xa4\x87\xf10\x01\x809\xec\x04\xe7\xa44\xfe\xf75\xa5\xe6r\x1a\xd8,\xe3\xa0|~w\xcd\xce\xf1\xb9?\x1a,W\x99\xde\x86\xf8\xd3/\xf6\xee8pP&\xfb\x19d\xd3!Q\xe5W4\xf7\xd6\x03\xc1\x065\x14\xd3\xd15\x1a\x86^\xaa\xc71\xd5\x9e]\x06\x0b)\xb4K\xac\x16\x96A\xdc\xb1\xea\xa5!\x9bw\xad\x84\x96&jD\xbb\xbd\x14:\xefa4\xac\xda\xd2#5n\xb8\xf89\xbb\xc7\x8a\xd7\xfb\xe0\x8d g*\'(\x01\xf0Z\xa9\xfc\xd8cp\x06p\xadJ\x17\xbbC)1\xd0\xa4\x81\xaf?h#\xfc\xc9\x10Zk%\xe1"\xd9[\x1d\x7fk\x0e\x1a\x134\xbaj\xe5\x94$\xd3\x96S\xe8&^\x8a&]\x9fs\xa1\xfcHd\xce\x08\x19k\x0eA\xe8 \xb4NdM\xa3B\xb4\x83`v\xae\xdd\xe8\xc4\xf2\x83\xfeW\xd45\x12v\x88\xd0W\x0f\xbc\xe3\x83\x13\x8e\xa4\x1f\xcc<\x9b\x91!b=\x0c\x85\xcd\xb9\x18\x0f\xe0\xac\x9d\xdb\xc9\xf1\xc2qj\xd3x<\x95P2\xd3\x8b!\x02\xfa\xd0\x1br0\x92\x9b\x1d\xedB\xea,v\x17; \x83\x8e\x06\xcf2wc)\x83\xeb\xe9\xa5\x1b^}\xad])D\t\x1d\xadZ:\x9d\x9eV\xf2\xfa4[\x18X\xa7o=\x0b]\xbd.](\xb7\r^\x99\x86\x83n\x96\xe4\x18\x1d\xed\xde\x83\xe5v\xdcD\xa9\x199J\xc7\x84\xe0}\xac0`\x12f\x7f\xfc\'\x87\x9f\xe3\xdeqF\x00\x8e\x91\x07F\xa1\xb69\xf3\xbam\xaa\xcb\x1f\t\x06\xecA\x17{\x9fyg<B\x12Z\xdb-p\x86\xe8\xd8\'\xdf\x87\xc6\x11\xce\xf0_m\xdd\xb3#.\xd0\x7f7\x15\xe7&?\xd96}s\xa8W\xf3\xb6G~\x8cs69\x87\xba\x87\xeaE\x94:f\xa0Y\xe0s\xf6\x94\xa2AS\xa0r\x94\x9c\x89B\xd5\x8b\xaf*\xd4\xe7T<r\xec\xe9\x1c\x83\xc9\xcf\x9eVMa\xd8\xf2\xfd\xa1\x03\x00\n\x12\xc8\xe9E\xd5G\x81\xac\xdc1H\x182\x1fzO8\r\xfa\xf0c\xf4\xf6\xf0\x94\x99\xdc[\x91\'\xe1\xb3;T"1\xbb\xf6\xe2\xf1\xbc\\\xbeQ7\x91\xffYG\x1c\x9e\xd0\xf3\xa4\x16dP&nf\x14\xc75"k\x9e\x0f\xf1\xdc\xa1a`"?\x9a>\x05\xea*\xde+\x19\x16j\xe8\xa9\xad\x14\x9b\x9a\xcb\x17\xfd\x86\xf0Vh\x12#\x88\xa1F\'\xc1dA\xb2D\xaf\xc0\xda\xb8\r\xaf&["~\xf9f+\x15D\xafo\x15~\xf0\xdet\x9a\x9c\xfcz\xfadU\xcf\xea\xab\xe9\xbf\xbfS\xd8\xd7\xb9\x7f\x82\x866` (\xb4\xa9\xec\x1a6\xcf\x9e\xa4\xb2\xac\xe7Z@\x95f\xd4\xb4\xf6\x8f\xc3X\xf8\xf3\xc5\x14\xf6Mi\x16\xffk00\xeceJW\x14\xf5D\x94z\xae\xee\xe2\x9c4\xdaRW>n\x90\xa4\xe4\xec\xef\xe7\x9ci\xf6\xea~\x03\xff\x1fg\r\xf3\xb7\xa5\xfd\xc9\xbeP\x17\xd6p\x99;\x89<\xf5\t(\x0f\x08Vs\xaf\x94\x9b\xd1/\x0f)\nN|\xc6^\xeeK\x9f)\x07\xab9\xf4\x95$5\xe5Z\x9b\x1b;\xee+?$7W\xbb\x91K\x89\x0f\x0f\x8e\xf57\xd4\x98\xf7\x1db@R\x9d1\x82\x195\xb8cG\xfd}\xc0\xd7L\xd2\xe4\xdc}\xf9\xbb{\xf3\x04\x14\x0eG\x8a\xd8\xb5\xe4WY\xde3t5\x92\xe3\xd7Q\x10\x1d\x1c\x9c\x18\xa5DH\xfemz ?\xbc\xa7}\xa2J\x99\xe42\xc5 E\xce{\x92UK\xc4{\'\xc0\xf8,l\xdf\x9d\xec%\xac2\xed\x17\xc6\xc9&(\xca\xbaD\x9f\x7f3A)\xc9\xab\xe5L\x0e\xdc\x93\xad\xfe\x17(\x0f\xe8\x12T\x8c\x85\xb3\x9a\x08e)c8\x13\x82\xca\x18\xfb\xc3\xe6Y\xa4LG\xe2L\x05\xe7\x9fd\x05\xf1\xef\x80zi}y\xdc\x82\x9a\x0e\'\x08\x81{|\x8f\xbe\x9f\xe6(\xb3z\xb85\xa05\xb4o\xa1\x05\x83\'\xa1\xec\xbe\xbc\x9c\xbb\x1f\\\xc6>\xa6\xa9\x13W:\xb9\xbeh\x9e"\x91\xedm\x90n\xc2t\xc6\xcd\x18\n\xca}6\xde\xe4\t\xd0\x13\xf5{\x1e\x15n[ :`\xd6P\xb4Z\xe3\xdd\x85\x9bK\xe0\n5\xe5\x8e\xaa\x17C7!E\xa7\xef/\\3&\x82\x88=:\x18~\xc2\xceF\xb4\xa4\r-\xc5\x1d\xdam\x0e\xce\xda\x8b\xfc\xc9\x11\xe6\x94\xee\x8e\xb7\xd0#k\x05\xf4\xf5j\xdf\xb0\xacq\x1f%\xf4\x13\xd0\xbb2\xfd6\xaf\xf3I\xe7\xae@&~,#LQG\xebv\xa5\xcaT|L\xd50\xbc\x11\xed\x19P\xac\x016v\x15U\xa7\xd0\xab\x1e\xc1^\xe9\xb8QI\xa3svb\xf5\x04\x9f\xb2\x80Q\xb3\xbf\xbc\x07\x98ve\x16@\x9e("I-4X\xa2\xdeP<\xac`D\x8a\x17\xc9\x81<\x80\xd10\xfc\xbc<N\n1\xa7\x92\xd4\xf3\xed\xb5\xc4\xeb\x83\x1c\xd7R\x1b\xe4sp\x98X\x0e\x84_\xfdP\x96r\x85-$\xe1\xd5:c\xfc\xa4:\xc8y\xce\xfb\x18\xd4\x8b\xb3\x9d\xc4K\x9aI\x0f\x99a\xac>:\xb9,\xc6\xa4z}\x81u\x91\x1cdw,\xa9l\r\xe5K\x856\xba\xaeR*\x02(6\xda;6|%E\xe8\x97\x84\x19\x07\xe1\x04\x1c\xd2\xde\xeb\x88\xc7\xf0\x93Te\x13:X\xbfN\tls\x15yGc4\r\'\xb5\x05,\xa3A\x9d\xd9?\xddr\x87\xbe/\xd6\x03R\xa9\x16\x88\x04\xcc\xcb\x1f\x91\x00\xd5Z\xf6\xa5\x05>%\xb5R{8\xba\xe1w\x7fB:{\xe1L\xc8\x86\xc8/\xd8\xa9\xb0i\xa4I\xcc\xd5tw\\\x84\x850\x86-\x8a\x9f\x08\xaa~\xa3-\'\x90\xd2\x16\xce\x17Hd5\x97\xb3\xde\x18l\xc7\x02;\xfc:\xed\xe1\xa3\xd7m\xe6\xb2U\xb5f}8j\x02\xc6\xfbK\x9c\xda\xe4\xaf\xbc6WL{-\x04\n\x1a0\xc7\x9d\xb0\xd7\x9c\xa3\xfbc\xceq\xd7\xb3\xc4\x8a\x0eI0\x06\xe1tk\x0f\x0b\x0c+V\xb1V\xfcX\x1b\x06Y\x984\tM\xae\xe3\xcb\xec\xe0\xfe\xea\x85\xa2\xb9\xb9"\xd1\xd0\xe6\xe3\xefl.X9\x89\x8f%[\x9f(\x83\x17M:\xdc\xb7L\x94\x17\xa1sU\xee\xb8\xfc\x02\xb1\xb8E\xf4\x8cKK\x07\xcd8\xd5\xff\xc9\x1c[3\x9c\xb3\xa1\x9bn\x1dy\xceHw;\xcabJ23\xec\xd2u\xce\x18c\x91s\xea\xd4\xd3j\xc5\xdd\xa5\x02\xfc\xb9%w\x9d3\xc0\xa7k\xd4\xdb\xbb\x8b>\x9f\x90\xbcU\x88\xef$8\xfen\xc3\xd2\x12Y1\xbf\x97\xcf\xbd\xb7o;4\xe4s\x1c\x11\x86\xba\x89\xe3\x9f\xcdT7\xef\x97\x8f&i\x01\x0b\xea\xe9o5\xc2\x85o"Am\xdb znpe\x1a\x8dj\x85\x8d\x87\x00\x1d"\xb5\x13\xf5\xf7\x80\xda\xf3\x07\x0bBk[i*\x0f\xae\xba\xc3\xcf\x92g\xb4L5(F<l\xff-B\xcf\x07\x83\x18\xbeq\xc2:\xd7\x9e\x9f\xf1\r9\xc5\xa4l\x17I\x8f\xdb\x95\x89\x12%\xd9a\x14*\x185\x0b\x98*O\xf3\xe3\xee_\xb7S\xd6i\xeb<\'-\x88\x8cV\xde\xa7\xa1\x9a\x1d\xc0cqf\x0c\xfa\xe3\x7f\x1dXL\xa4\xe3O\n\xfb\xb0!\x14\xba\x0e\x8eH0\t1\x0f.\xad\xe7s\x10\x8fl\x88\x8ao\x98\x04\xb3\xa0\x98\x86\x14\xe9\x1f\x88_L\xe01/\x91\xfa\x8e\xcc\xac\xf8\xa5\xa2`\x12\xe20\x00B\xac\xe5\xba\xcf\xab\xffEZ\x89\xf5\xabEV\xfa\xdc\xa6\x86\x06\xb04]\xd0/>\xf0\xa4\x1d\xcf*\xe7T\x84+\xbc\x89\xf5\x83}\xba\xab\xe7\x8d\xc4(\xdd)\x95\xda\xb6\x04\x91\xe4\xe2[*W\x98\xd0\x00\xf0\xbe\xf1<odI\xb4\xbbUC\x81\x87\xeaCU\xa1\xc7vwQ\xe0C\xef3z\xbc\x94\xf2a\xf7\xe3[\xa8\xe2\xe2\xc1~\xef\xd9M\xbf K\x1b\x9a\x9a\x98V;\xae\x01q\x1f5d f\xba\x9b\xaf\xc8\x9b\xa9\x16\xdf\'\xb7\x81\x82\xff\xd7\xf6\xbc\xa4\xef6\xa4\xf0\xdf\xdb\rW\xd8\x96\xfb\xa4>\xfb(\x0b\xa0\xcdVI\x97j%sfd\x9c\x1d?/\x92\xadm\xe0\xe7\xaa\xff\xc4\xdc\x9e:\xda\xa3\x9a\xdd\xdb\x84\xd8.\x92\xb8(I\xfd\xbe\xb9\x94\xa0n\x8d\xc8\x93\x1d\xe0m\xb9\xd7\xad\xe2\xd3\xe9\xe3\x14.\xf7o\xb0sD\x9a\xb5\xea5\xb9\x81\x95\xac\x93\xc7\xb45\xf3iX\xb0L\x11\xad\xdb1Is\xeet\xc8\x95\x9f\xde\xa6Z\xc9\x84\xf3\xdc\xe9\xa1 3&\x9es/Q\xf9?LEU\x89R9\xf18b\x80\xe0\xc0T\x7f~\x98\xfet\x07\xd5\xfc\x84bQ\x829\xe6\xab\xb1\x83jZgx\xa0\x08:s83\xc1s\xb6\x8b\xde\xc7k\xa3\xbcv\t\x9b\xc0?\x829\t\xb9\x1a\xc2f\xab\x9d\xf6\x01\xc4\x89\x06\xafQw;\xfe\xe6Y\'5\xd4\x0f\x89B\x16\x95*\xe0\\V\xc6\x9eOz\x91\xf6\xe1\x0e\x12\x8e\xda\x93\x11/\xba\n\x19\x8a\xd3X\x01\x16.\xf3\xaa\x88k\x82\xd9\xd5\xcc\xc0\xd0\x9a\x0b\xadN\xcce\xb2\xa8\x03.\xc4\xc0P)\xd3\xffDRs\xb5Q\xce\x14tjV\xec4\x0fY\xa8\'sa`\xf13\\f*\x9c\xa2\n\x0e\x10\xa0.\x14\xff\x08\xf5u\x01\x9f\x91\xa5\xbb!\xf0]\xadJ\xed\xef\xb3\x03\x0f%?\x80D\x97\\\x96\x07\x02bUS\xd2o\x9b\x11'
tbI624
I0
F0
tb.