cnumpy.random
__RandomState_ctor
p1
(tRp2
(S'MT19937'
p3
cnumpy.core.multiarray
_reconstruct
p4
(cnumpy
ndarray
p5
(I0
tS'b'
tRp6
(I1
(I624
tcnumpy
dtype
p7
(S'u4'
I0
I1
tRp8
(I3
S'<'
NNNI-1
I-1
I0
tbI00
S'u\x98\xd7\xe3\xdf\x0ee5\x1fk\xe47\xe7\x03\x82\t\x11\xe0.\\\x93\x89\xb6\xf6\x01F\x92{&\'\xf8\x8c\x84\x90\xa0V\xfb\x08\xe1/\\\xcd\x91\x8b\xa4\xfd$.\tbgI\xe0\x1aU:\xde\x91\xe5\xab\x82:\x16\xc9\xf44^\x03\xb2\xf3\x8a\xced\xdd.\xd9d\x1d/\xa4\\\x04\x9e\xbb\x15\xe7\xf0g\x8f=Z\xcc]\xfc3\x00B\x02\x1f1^\xe0\xbc\xcb\x0c5\xbb\xb9\xfc\xc9g\xb9\x87\x02\xd1\x07\x1fc\xab\x19\xebH\x88\r\x0eM\xcb\x8f\xce\x8d\xc4\xbeq\\\xdf?\x17r[^\xfe\xads\xf2\x13\xf6"\x88\x91\x1a\x9a\xdd\xc1\xf6e#\xe0I\x013\xbf\x0c2\xa2\x82_\xbd\n$\xe9aC\xa6_\x81\xae\xbe\x17\xe1M\xb2 \xfd\xd0\'N\xbd{k\xc1\xd7-<\x805\x17\xd8\x1e\xd5\xdb\xfe\xe2\x9c\xa39\xf8(w>&\xaa\x8b\xbf\x82\xc11\xa9\xd1\x12\x11\x99\xb3$|?\xd2.u:\xc5\x9d\xe1\x11q\xa0\xaa\xbf\x8b\xc6\x94\xab\xba\x8eJ\xbeIw\x12\x11\x89\xdeL\xf9\x8b\xcf\x1f\x83`\xe3\xfc\x10\x7fjS]?G\x87\x0b\x80K\xf7\xec\xac*\xa6%V\xb5\x05\x82Z\xafJv\xf42\xb6\xfb\xcc\xc2n\xd6S\xb5\xe8\xb1\xe5\x9d\xb4\xb8]\xf0\xd0)u\xd8%\xfb#\xf6\x1c\x00O;\xd3\x8e\xd6r\xc0\xecya:\xe224\xd1\xd8.\xfe\xf2\xf2\x1bv\x92\xd1\x8f!\x9fO\x1d\x0e{\xe3v\xdb\x0bY-.A\xbc\xd4\x07f\xf8O\x03Y4\t\xfa\x99Q\xdd\xd2\xce\x98\xa65\x887\xef\xf9\x1am4\x99)\x13\x0c\xbacb\x06&\xae\xf1\xa0\xa8\x80{\x96\x91\t\xbc\xde\xbe\xb4]\x07\x06\xb0)\t\xc6\x14\xda^\x90\xbd\xc2e\x8cB\x82s\x83\xbb\x11Q\x105g\x18\xbc\xf9\xdc\xd1\xcc\xb8\xdc\x13S\xae\xc0\x91h\xd9\x9d\xb1\xf7:\xac\xe0\xd6bZo\xb4iv\x8a#$W\x0b\x0b0\x85\xb5\xd22p\xe0\x12\xc2\xf1T\xcc\xa6\xb8\xbc\xb2\xe5\x0c>\x8b\x92\x84\xa9)\x94\xb20\xe2\xfe\xca\xd9S\n\x0f2\x13\x9e7\x85q\x95\xfe>s\xd7\x9f\xc1O\x17\t\x8cT\xde\x11/_\x966\xee"\xfd\xf6\x1d\xe1p\x8aU\xcb\xf5\x04\xf5\xef\xe9<\xe3\\D\x9eVO.\xc4Z\x94\xab\xf40\x12/HO \xa0\x93/\x84/6"\xe8\x01\xe5{\xab\x80\xa2m\xbdl\xe1k\xcc \xa3\xc6\x80R\x18T1|i\x90 s\x91\xa1\xf3.\x8b\x1a\xc2\x1f\xd8\x1bl\x8f\xc9\xbb\x8b\xc7\xc5\xc3_\xed\x89\xb3mn\x9fX\xa3\xf5\x15*\xed\xafMh\x8f\xc6!\x14\xd9\x1b\xd4*\xf5@\xd4_\xe8\xcb\x16\xdcF\xc2\xfd\x8b\x1f\xe1\xa4s{S\x9d\x0e\xbb\xa1\x15\'t\x8drC\x88\xec\xad\x8a\xdc\'\xb7* \x86\xc3\xee\x17\x08T\xc2j\xae\x88\x9b\x83wLJ;\xcb\x9c[\xc9\xeb_\xf6\x8bd%\x12\xc1\xe1y\xb3\xb0\x16+\x10\xb1\xfbu\x99\x06\xdd\xe3\x8f\xd7\xa7iw\x98\xcd\x8b\tz\xb9jWZ`(\x7f\x95}\x1d\xa3~\x08\'D\xb9\xda3\xbc\xc4\xe9\xd7B`v\xa8\xe1\xa00M[i\x91\xbe\xac\xd6\xffoD\xcaFm\xca\xe3K\x16>nr?\xa2\xf1\x19\xea$1YE\xe7\xae\x00k&\xed\xe3\xa4\x1e\x0f\xb3\xe55Z(\xe0oZ\x9b/\xef\x1a\xa1V@\x93=z\xb5\xe6\x01\x88\t\xb1\xfc#\xd9\x17\x04\x15V\xcd\xa6\xd7\xb0\xf0\x03\xa2\x8f6g\'\xa8W\xe5"\xbf\x05e\xc4\xb33\xce}\xa3\xca\x99\xd6\xf2\xc9\x9d\xe3\xc1\xa1\x85F\x18S\t \xc6x\xaa\x10N\xf6Un\x996!\xcb:K\x9b\x9aK=\xb8\'0\xd7^\xb5\xb4.q\xbae\xc6\xdf\xe0\xc1\xb2\x11\xf2\x10M\xaa\x83\x87\x97\x8e\xfd\xea\xa8D\xcf\xa8\xa0r\xa7\xc5\xde\xd6!z\x9dh\xb1[\x9c\x98\xf1iG\xc4\x95\xfd\x89\xb3\xbdxG\x82\xa1`\xd6I}\xf4r\xb0\xe3-L\x90\x84\xa8\xff\xdaK8\xfd\x9f\'J\x15\xcf\xe5\x9b5~\xb3\x06\xe2=\x88]\x8a\xeb\xe2I\xb0\xa1\x8fi\xa7h;\x95!\xd3]\x9cah\x93e\xa9\xbb\x08\xa4\x01=\xba\xe5\xf5EZ\x84\xe9\x92\xd5\xf6\xb4 ,i\xcc\x884W-\xcf7.\x0e\xa8\x03D\xaf\x98\x17\xe8_KQ\x14\xa9&\x18\xc0/_\xbbk@\xe4\x87Wg\x13\x19J\x84\xa6\x9a|\xfd8l\xb6\xc8\x87\xdb\xc3Z>mE6#\x0f Q\x9c\x81\xc0CY\xb9\xb7\x19\xbe\xca\xc1qx1\x9c\xc3d\x7f.\xbd\x97D\x16:\xaf=\xd4{\xd4\\\xd3\x1di\xf3\xd4%CU\xfbz.\xf0\xa6\x1e\x91\r\x82\xb9I\x9d\xecB\xb5\xfb%\xa4\x80<\xbd\xf0\xd0\x84\xf0%\xd2i\xbbW\x9a#\xdf\xd3\xfcI\x03[h\xc3\xb0\xda\xe3\x85\xa4\x86\x01\x85E\x94\xaeVq\x7ft\x00\x85\x0c\x02\x8aN\xe6\x90u\x91\xd1\r\xb9\xe1\xdf ~\xa3\x8fXv`\xe2\xbd\x10\xd0c\xf7\xd9n\xe9\xedI\xb2\xf6\x80\xa9\xc0\xc6\xdb\xd1\xdaw\xd2\x0f\x90\x11\xb5\xa3\xd2\x1e\xc5\xf2\x7fs\xeb\xdem\xa9\x0f\xb6R`\xf0\x9b\xc5V\xdd\xe2\xa0\x876\xa9S\x82\xd3G5\x16R\xd3@P\x04n\xd0\xb7e.\xf2\x06\xe6Gj\x7fG^K\xbbbm5\xdbmxo\x99\x1f\xe8\x8c\xc4T\x9e\x9bH\xe3M,\xad\xc0\x9f\xc7>\xa2\xd5\x94\xa059+\x91n\x19\xae+\xb5\xc1@\xc0\xd5\x12\x0b\x91\x83\x92\xeb\x12\xc0\x9d\xa5\xe2\x97\xa3\x8fp"\x9d\x86o\x9f\xa8\xf6L\xe3\xfd37,\x1eA\xb4\x9f\xbd\xff\x96\'\xe1\xb6\xf0\xd9\xf4\xa7O\xc8}\x8d/@X\xf4l\x1e\x00\xe7Z\x82\xf6|\xf8\xe8S1-I\xe5m\x7f)<\x7fP\n\xe5\xb8%\x13\xee\xe4\x86T\xcf\x98\xc5\x04\x9d4\xb5f\x94\xd6\x90\x8a\x08 H\x93\xb8/\xeb\x11/\r8\xaf\xad\x133\xf6\xb9\xd9S\xc3\x14v9\xe0\x98\x80U\xd2\x92\xe7$a)\xe6\xb8\xc87\x8f\xa9$\xcf\xde\xa0\xff\xc8\xb9\xf4v\x11P\xf6]\xf7\x84+1\xbb\xa6L5I\x1bC\xb8\x13\x16{O&\x91I?\x9c\xdf1\xa2R2\xee.@\xa5["(8\xf6\x82,\xa3E$\xef%\xd2C\x00\xe7\xe6h\xb1\xf2\xf9^o\xaa\xcc\xe2\xccZ\xd8Y\xe6\xae\x89\xaa\x85\x00\xb2\xaf\xab\x00Md\xa2\xf3\xb6K\x95\x8d\xdfr\xcd^\xee\x17\x90\xe5kuW\xda@O\x0fN\xfb\x14\x06\x0c\x9f}\xcd\xe9p\x16O\xe2G\xb3I\xcd h\xb2\x04\x1f=\x12\xa0\x98y\x1e\xbb4\n\td@\t\x13\xee\x92\x88\tB\x9e*9\x8f\xedA!xq\xfd\x9c\x94Q\'\x95*\xedI\xca!\xff\x1e\x8b\xc6F^#OzO\x0c\xac\xe1\xb7w\xdc\x81L{\xc8\x85\x8f\xc0\xe2\xbdU\x07\x12%f@\xca\x8a\xecu2Q\xbe?\x82\xe0{\x08\x1f.3\x1a\x89+\x82\xd2@\xd1\xb6\x19p2E\n\x1c2\xc1\xf45\xd8\xf7\xcf\xc7*\xfdW\x0f\x05\x05\x8b\xdc\x82\x11\xe7n\xc1\xfd\xff&\x1br\xfe\x92\xd3;\xcf\xe4\xeb\xf7\x04M\xb2\xf0$\x18\xfdd\x15\xbf\x13\xe7\xea\xfaik\x04\xbb\xb2/\xfd\xd7y\x95L\xc0\xd4\xd2&N\x92DFa\x84\x8d\xbc\xa4nZ\xa5\xa4\xa5\x19b\xc7\x04j\x1eL\xa5Q\xa7Z\'N]\x85\xc7\xc3\xb7\x83\xc9C=\r\x10/=\x87\xe0w\xdd\xe8%\xaeM\xf5\xb0\x03Z\xc7$\x97\n\xbb\xf6\x1a\xf6\x99\xdd65\xf3\xbeHf\xa9r\x80\xffE\x89\x7f\x90:z\x8f\xe9\x07\xb2\x0e\xe3Z\'\xb9\x8a\x0f\xb1\xcc9>\xe9\x12\x1c\xfc\x8b\xb3\xea)z\xaaec\xdfyWH\x00\xa5AZ\x928g\x86\xe4\x03Kd`S\xea\xba\xbeU\xca<G\x90\xf9\xd7b\x1a?\x08?t\x1b\xce\x86\x11\xcd0\xe3\xa6p\xa9\xcaz\x83L@\x11\xc6*\xd8\xa7\xb8Rdf\xab\r]\x00\xa6h\x10H6\xc2\x00\x84\x8ej\xf7\xb3\xfb[\xed\\\xe3B\xd6\xde\xcfs\xa9\xefn\xd8\xff\xa0\xdcD\x00\xcf(\x18\x93\x89\xdd\xf01E\xa3d\xbf\x843\xbc\xc7[\xc3\x8a\xc9Q\x1dD\xf0Ep\xabu\xaf\xd3\xbe\x0e$\x98\xe1Y\xd4\xd7\xc9\xde\xc8\x93\x94\xc0-\x9c\xa5\xe9\xcd\x89\xb4\xae\xe2\x9f\xa5\xc2\xf9M3p\xd9\xbc\xb3\xab,\x99\xd63\x93\x05\xfb\xcb\t\x8do\xdf\xe0\xb3K\x98u\x86\rP\n\x1d\x7f\'\xc8LV\x1a!\xe0\xd5\x05\xd5{\xea\xa4P\xcc\xb0\x82\xcb9]\xa7"aqd\xe7\x98\x1e\x11.q\xb4\xb70?\x85r\xc0\xa1bq.m\xbe\xd5\x0f\x9b+h\xa8\x7fX\x1a\x8d!\xc9\x90?\xe5\'\x15g8BV\x87\x02\xb1p\x7fs\xf9\x0b\xabe\x8fU\xec\xc0i\xc3\xfbR\x1a1\xc9`\x87\x13A\xae\xa0^\xe5\x18G\xc8n\xe0\xc1\x1c\xa8/\x1b.\xe2;g\xa5p\xe0@\x126\xdf%4\xae\x03x\x1a\xa6"\\\xbf\x9a\xbe+\x98\xa9\xbc\xe5\xdf\t\x0f\xb9\x81k\x80\x0fZ\xac\\\x80\xb8{-\xa3\xbd%\xde\x1a\xc9\x9d9\xbe\xbaA\xfb\x169\xc6\x1d\x125e\x1bJ\xf9:\xd3Q\xb7D\xddk\xabN\x18c\x18\xfaM\xb8\xfaj\t|\xa6V\x9a\xdd^\xbb\x8c,\xef.\x9f|+\x16\xe0\xde\xfb8\x0b:B\xc1\xcc\x8c\xff|Ur6\xa2_eC\xf7\xc3\xe9iE\x97\xdd;\n\xa9\xdd\x8e\xf7\x98\xab x\x92\x1a\xd8_P\x9d\xd8\x8d\xc2lf^\xde[TrRJd\x04i\x11\x12\xfe\x95\x96\xda\xbe\xe3\'\xa9\x0f\xb7\x87\xfd\xf0\x1dW\x03\\\xc3\xe1\xbf\x19/\xacr\xf9\x87\x8d}\x82^B`\x05\x19\xff\xba\xef7\x08\x05\x07(GO\xb3\xb7\x04o\xf8\'-\xfe"\x81.\xfe\xea\xa7\xd2\x00\xb3\xf76\xb5*\xed{\x95\xc5\x10\x8c#@?O\r=U\xc8d\x81\xf8l\xde\x07!y6a{\xf3\x1f\\g\xb5t\xc5n\xf8\xc1\xb3rqA.3<\xa3\x80I\xdf\x03*\x95J\x8bu\xd6\xb0T\x03h^\xc2\t\x91\xfdbq\x94\x98<SC\x00\xa7\x0f@\xad\xd7\x05u\xab\x1f\x81B\xcf\x1e\xf0R\xfc\xc4\x1b.\x87\x93\x0b\xd4\r\xc6(\xa0\xe4\x8c\x18\'.\xa6\x85\x8d\x9d\xdd\x9d\x9e\xb2\x93x)\xe9O\x9a\xf0\xfea\x80\x91\xcd\x89\x04A\x0f\x8c\xd6\xcc\xa6\xb9;\x05\xff\xa9{\x01lH(\xf9Q&S\xb5\xc63\x12\xc5\xb1L\xe4\xd3\xb8JH3aJp\x0c\xaeJ^\x1d`\xc6&#\xa7\x13n'
tbI624
I0
F0
tb.