cnumpy.random
__RandomState_ctor
p1
(tRp2
(S'MT19937'
p3
cnumpy.core.multiarray
_reconstruct
p4
(cnumpy
ndarray
p5
(I0
tS'b'
tRp6
(I1
(I624
tcnumpy
dtype
p7
(S'u4'
I0
I1
tRp8
(I3
S'<'
NNNI-1
I-1
I0
tbI00
S'\x18\x88O\xfe\x8b\x0c\xb4\x1dY\xdfa\xd0\x05\x9bO\x91\x97<\x85\xac\xa3\x9b\xc1&\xb7*\x92Q,\xeb\xb2\x02\xbd\x85u\xe5\xf1\xb4\xd6L_\xce\t\xdf\x9cu\x06\x97\x82\xfd\xe1\xe9\xffYM1\xc6r\xab\xaa\xfd\x05\x88`\xa3\xb1\x01\x99\x82\x17\x89JG\x86\x8e\x9ct\xe8^\xa0\xee\xc3$\x16\xcd\xdfu\xb6\xe5j\x00\xff\x87\xceG\x9d\x8f\x0c\x08\xf7\x8c\x03\xf0\xb0\xd7O\x9b\xc4\x10G\xd5\xa8p\x12\x1a6\xb4\xad\xac\x95\xb7\x18\xae\x1b,A\x15L(\xb1c\x8a\xe2$B\x1b\xa1\xb8\xcej\xad/Z\xe2\x19*\xb4c\xc0C\xc2r%\xc0\xfe\x96\xf16\x87\xd3\x9b\x8d\xd1\xbf\xd12\xdbc\xc8\x82;\xc9\xf2G\x10\xaf\x0c\xf5\x9dU9p%\n\xbc\xcf\xbd}~\xb92;,J\xc8z6\xb8M\x98\xcc\xbb\x95:\x82X\'\xd1B\x10\xd4\xefAI\xb6\xc19\xb2\xc7\x04XR5\x18\xdc5\xd4\xb9R\x8f\xfe\x91j\x1c\xd2`\x94\xbd\x80\xe8\x1b\x94\xed\x02\x02j\xe2>\xa3\xdd8:\xb9\xe4\xf0\x7f\xb1N\x1a\xc3c\xe7n\xcee,\x8dh\x1eu\x05N\x93\xd4\x94\xb4;\x04\xf1>\xc5u\x8fm\xd2\xf0\xe7ia\x86\xb70,\xfc\x14L\xfb\xe7\x04\xbf\xa7\x17:\xc4U\xb6\xf8\x08Vk`e\xb7B\x16\xf7)o@\x03"\xa0n`\x06\xec\xf2t\xe7K\x14\xbc\xc4\xe9x\xef\x1e\x1f\xd3\xc6\xed\xf4\ri\x83\xad\xe7\xdf\n\x06\xde\x0eDk!\xde1R\xc5\xd4\xd09o\x82w\xb3\x9a\xc1;\xf1K\x91\x9av\x8bX\x0e\x03\x18\xaa\xf1XcI\x1f\xfa\xc2\x7f=Q\x11-D\x1a\xba~\x94=\xeb\x12N0ed\x17\x97,\xd2\xc5\xe7j\xaeI\xc2S\xbaq\x99\x0e\xd1\x04\xd9C\xf7\x9e\xc1\x89\xc5\x9f\xbay$\xfdo\xa3\xd8k\xcf\x9c0\xe6\x13`\xbc\xe7\xa4e\xa1xc\xa5\xe4\xf3\xc8l\x80\xa5\xaf\x10\xc81Rt%r\xed\xff\x07\x95\x14\xe1#\xd4\xb6)[\x80\xb0\x9a2\xa0\xbf\xa6B\xccf%\xcf\x1d\xc8?\xfb\xdc\x96\xecWgL\xc2\xfe\'\xe1%\x93\xa3d\x9a\xac\xfem\x9f\xba\xe2_\xd7i\x18`M\xf6F\x91\x8f\xe9[F\x03h\xcb\x86u\x0c\xa7\xa1\x85\xf4\xad)rK\x871\xd4oBx\xd05\xb6\x93\xd8\x19M\xca\xa5LiN\xd1\xfe\xca\xbd\xc5\xa3\x88\x98f\xe5\xb3~\x83\x8e6\xac\xaeb\x15?\xfb\xc3\xb8\x18\xa1<\xc5\rY\xd8\xd5\x17\xe8"\x84\xbeD\xe7\x88\xd6-\xa3\x84a\xa4\xee&\x15g\xfb\x13\xd2\xe8\x04\xd8=/\xa6\x02\xb6L\xf2\xda\xf4\r\'\xd0\x90x\xc1\\c\xe8\xebA\xc3f\x14+2\x92*\xf8\x94#\x89J\x92\x9f\xafFt"\x92\xd1?Fp>;\x81\xc1\xac\xc0\xc0G\xfd)\xbe\x03\xeaV\x1d\x0e\xadc<\x1a\xd5\xfd_\xef\x95\x87\xdf\xe76R>1\x8a,\x9bL\x98\x83\xd1!#T\xb8\xb1\xaf\x195\x9eV\x12\xa3\x08,\x13T1\x7f\tr\xa2\x99\xa4Q\x83A5\xa6\x02\xa4L~\xc3\x94\xd6\xd8\xcd\xa6\xf2\x8f4p\xf2\x82v\x9a;\x1e:\xe1\xffI\xc1\xeb5#\xad;\xe7\x82\xb7\x81\x9eV\x1fg\xf7\x18\xe5:\xaa\xc4\xf5}\xc5\x8d\xbc?_\xed&\'{#y_\xa5\xff\x03\x8e\x0b\x9d\xe1\x04\x8c\x92c\x97\xba\x93\xd9<3*\xd6\'\x11\xf2\xc9\xa6c\xcb\xe5k\xdfa\xc8\xcc\xeaA\xf3\xe8\x95&\xaa\x8eo\xccU\xd1\x91\xe7\x19BS\xf3$j]\x86\x82.\x10Q"oR\x1a\x7fQ\xc1L\x91\xa7\xcb\x98\xb4\xafJ\xfb\xdd\xc6\x1ee\x9c\xab)j^\xd5\xc3\x1f\xb1\xa4\x95A\xc4\x8cy\xc66\x17 \xe9\x1d\x8e\xac\x0fw\xaa\x85\xb2\xf3\x08F\x08E\\\xa0GiT\xa4\xaa\xb0\xd3\xe2V\xc5J\x8a\xc3z\xe2\x97\x9c\xc3;\x18f\x1e\xb7e\xafA|\x7f\xf71X\x08\r\xeeSq\x9a\x89+\x94\xe1Y0\x1ak8\xd8\xe0\xc6\xbe\x05\xd1\x8c\x9ftF\xba\xc6`Z7`NXW-\x12a\x01z\xdc\xbbk\x17\x9da+\xeb\xd6e\x0fT!\xc9\x96\x8fO/=\xda\xa9H \xb9\xce|\xd3\xe5\xe1\r\x9cqk\xd3E\xfb\x95\xf1\x94\x9b\x95\x1e\xd0\xc6\xbdT\x1d;L\xa9\x03\xa8\xbf\xa0\x94:\xb9 \xe1>\xf2#\xfe]\xf085)\xb64\xb7\xc1\x0bGQd\xb8\xc2@\xbe\x02\x91\xa3\x145\xf1\xcd\xf3\xd2\xa0\xecL\xbe\xb2\x17\xdf\r\x0e\xa5\xfe|\xce\xec\xba\n\x7f\x1b\x04\xef\x0b\xfe\x81\xe1\x16\x91\xda\xaf\xa5IZ\x19/\x1f\xbe\xa2\xc2\x16~\x165\xedt\xa2\xe1\xb3}\xe9\xfa,\xed\xfc\xca_J.f\xc0\xf5\xd3\xf4\x81DF\x90?c\na\xb5\x15G\xb6\xd1\xa6"\xc6\x99\x94>g\x1b\xd0\x9bX&\xfdD>/\x053\x84\xb0\xeb\x17!PQ\xe2\x1b\xef\x109\xde\x04\\\x16\xc6=\x12o\x0b\xb9\x18S?\xcd\x12T\xc3\xe6\x9d!\xcd\x8f\xbca\x84\xe1V\xe8\xd8\x10\x12d,s*\xec\x9c\x0cO\xac\xff\xb6F]\xc1\xbb6&\x8e\x85\x10\xa1Lv\xb1O~}p\xcfw\x18v\x04\xd1 A\r\xfb\xf3z\x98\xc1\xd9g]\x897\x90\xd3\xe4;\xfa\xac\x80\x94i-\xb0\xa2\x94\x90\xc3\xa2\x0c\xde\xdb&\xcc>\xd3\xf7\xbf!\x8e\x01\r\x15],\xb9\xd0\x0c\xf4o\x9e\x86\xafx\xf8\xc5\xd8\x1c\x05\xa3\x89PWh1\x197\x9b\xf0\xc1\xb9\xfaCD\x1a\xe1{H\xf5\xdb[\xe3\\)\xdd\xcf\x17\x97\xc6$s\x06\xef\x99\xd1l~\x8eq\x8ds\xeb\xd0\xce\x1dpb\xe5F\xf6\xea\xceS\xe8!\x99\xba\'9 \x8bt(2\xf5\xc0pG\x9c\xa5\xed4\x1f8\xb1\x9a\x1e\xc1\xa5(?\x7fw\xb8\xeac\xc2\xb8Cro\xbb\x10yq\x9f\xbeE\xe4(\x89\xd9\xfb\xf1\x95\x1d@8]NI\xa0\xb3=\x04\xb2\xe4\xc3(\xc3\xe1\x1co\x87\r\x81I\xa9\x05\x88t\xcf\x0e\xf1\x94\x85}2[\xd3\x84!Ob,v\xba\x01,\x8a\xe2\x8e\x96"\x8e\xafy\x16\xea\xea\x18\xf3@\x10\x88\x9c\x8c]\xc4\t\xb1=8\x9b__\xc9\xe0\xe6\t(\x92\x0f5O\x94\xb4$\xf7\x08\xaf\xd5\xdf\xbd-+\x0c\x992i,,\xd15\x8e*\x10\x819\x9cP\x85\xcfKf\xe8/%\x86\xf2\xa0\xfe\xd4\x13"\x1da\xc5\xc3/9\x9a\x0f\xe7\x02$\x13a\xa7Od\xb9\x1c\xd2\\\xa10/\x91\xbdl\x1f\x9f\x1a\xfbT\xdd\x9d\x9b\x01_\x1c ,\xfet\x82\xa5\xa5\xce,J\xcdD\x90\xf5\x8d\xd8br\x98\x05\xd0\x81\xacX\xb0\x8b\xdd\x19\xfeQB\xa6\x1eg\x86\x8a\r_\xa2\xe8\xe5d\xcc;\xea\xdf\x118\x03 \x83\xc1\xd5;\xca\x9d\x8a\xbda\xd2\x9f\xb8\x8e\xa7\xa7\x10\x9f\xac\xa0\xc9\x8f\x91\x89\x99\x10J\xfeZ\xbf\xdf\xeb9|\xa6\xd0\'])\xb9yI\x0e#\xb9\xe2FA[\xa8\xd4@\xc2Y\xe9WB%\xc1\x9c|\x96\xd2\xf6\xeav\xd6\xdf4e\xff\xbe_\xc99\xf7\x9e\x85&\xe7\n\xb6\x05\x08\xc4e\x10\x94\x99\xf2\xa6\x12\xd5\x16\xd4\x9d\x87R\r\xd00\x12\xf7N\xbf\xfd\x07\x02\x02\x98\xaf-"2v,\xf1\xf3\x86\xe8+\x90\xc2\xcdve\x9b\xd1@\xce\xa1Zh\xdb+i\x81\xf4\xb4\xd3\x04\x14\xcam\xb9\xb6\xce\x82\xc1\x1c\xa3q]\xb0I\xca\xc3\x8d<\xb3\x0e.\\K\xa3\xa0$\xae}-\xfb\x9d8\tR\xbaG\x93\\J.}\xd9\xee\xb3\x15\xbb\xcb\xc7\xa3\xb2\xf2X\x93^\xcd\x99dy,\x9c\xb1\r\xb9\xb6\x90FK\x8b\xbd\xfc\xcdX\xc2\xca\xb5\xc9\xcf\x81\xae\xda\x95\xbd\x14\x07\xa5_a\x15\xf6\xfd\x1cBe\t1Y\x86\'\xec7\rZ\xe2\xdc\xf3\xf8\xd7\x85\x96\x99\xa9~\x07\xcez\xa73\xe7A-\xf9\x15\xc2\x03x5f\x1f\xb7o\xd7^\xa9\xf28N\xa1\xc4\xb4\x12\xe8_au\xc8\x89?\xad\xc7$$V\x99\xe6\xbf\x8d\xb8\x85DF\xf4\xec\x94\xae\x92h\x82\xaa\xd0E\xff{\x9f\xe8\xc4\xdd;\x1ey\xb5\x83\xbf\xa7\x95Pt\xa7\x17!\xb8\xb7\x9e\xf2U\t\xfa\x9a\xe2-\xd7\x12rWq\x04\xc5\xfc\x1c-\xd44\x9a\x8b\x86\x80\xe5\x91\xdd\xc5\xd0\xf6zp\xb0\xffc&\x16\xbe\xd1\xf9\xcd\xc9U\x8e\xa3\xc8\x91\x82\x04\x1a3o\x93\xc0\x8c\n\x03W\xca\x94\xf8\xd1\xd0\xfap\xd5\xe7\xdf\xa7\x878\xaf\x04\xe9W\x8fR\xe0\x99\x14\xb6A\x81.\x89\x90\x12\xdf%\xa8\xff,\xae\xb3\x05B\xb2\xba\x8a\xcb\x9a\x15\xda`\xbf\x0b\x8a~c\xf8)D\x156\x89\xcb7\xb1G\xa6\xe4I\xd3\x95\xa6B\xf0\xb4\xd9\xdd~\x9d\x98\x19\xf9e\x17uX\xc9\x12~\xb3\x08{UN}p~\x13l\x13w\x15\x1b\x9b\xc9\xf0qc\xf2\xd1\xd61\'\xe7B\x0fY\xc33\x06x\xd5Yi\xdfyou\x14\xc5\xbd?\xab,/!\xa7\xa7\x8c\xb3\xd8\xe5\xfe(\x12\xe9\x88\x91\xb3\xfcd\x11\x1c\x07\x11m\x88\x17\xc2\xd4oy\xe7\x9d\x8f`\xb8&\x1eI\xee\x9d\x13H\x12\xc4\x92\x7fwCcH\x9f<\x8d\xdd\x89j\xe2\x10\xd2\xdbi\xb0\xb7p\x940\xb3\x0b\xe5:o##\x80=\x9e\xcb\x86\xc9\'\xdf\x87\xca\x96!\x17\xc7]s\xf3\x1f_\x1a0\xce\x82\xb8x\xb6\xcaV\xb6\x89\x7f\xe1\t\x97U\x04a\xfb\x9a:$\xcd\x18\x87\'\xd1w\x9eZ\x1dd\xe1\xa0s\x1fgr\xea\xcc\xa5\x87\x9e\x0e\xf3\xd0\x06|;\x80\x8c\x9c}\x16\xa9\x88Q+\x91!I\xc2\x9bl\xeb\x83\xd1\x8f %uI\xe9@w\xfb\xd74\xbe\xeeY\xb4\xc72hd\xfc\xfc\x8b\x90\x94\xed\x9a\xfa\xa7\xe3x\x87\xc3d \xe3\xb8\xc6\x89\xee\xdc\xe4\t\x1ep\x1d]UM\x1c\xb0F\x92\xdc\xbf\xe9\x06\x1c\x92\x1fkmA\x92\x88:\xcd\xe6\x8a\xe4\x7f\xea\xd5\xb6\xe2\xf2F<\x05D\xa3B\xfc\xcd\x9a\xa4\xd1(LU\xac\xf6\xad\xbd\xb1\xe0d\xca\x8f]$\xfd\xfc\xa4\xad\xdeP\xc6r\xe9\xea\xe9N\xb2\x8b\x11\x92\x95\xf6--\xec\x9f9&/V,\x1a\x0c\xce\xa2]\x16\xf2\xb0\xc9t"\x133\x17_\x9c\xd2BH\xa9\xfdFg\x81\xfe\xe7J\xa6\xcb\xcc\xf5\xe9<\xa1\x1b\xdb?\xa1KY\xd7J\xb5[\xc0i\xaa@\xe1t\x9e\x19C\x13K>,\xde\xcc\\\x18\xd6\x18\x90\x08\xbd\xaeP\xf6A\x89\xc3\xbf\x05\x92\x81\xd8B\x14\xd6I\x12\x1e81,9\\\xe7\x87\x8a\xdc\xe7P<\xd1\xd5\\\xeac'
tbI624
I0
F0
tb.