# time 	 divergence 	 # of mutations 	 # IGC chances 	 IGC length 	 # IGC failures 	 Changes due to IGC  	 % change due to IGC 
0.0	0.0081799591002	0	0	0	0	0	0.0
0.000516179527075	0.0081799591002	0	1	3	0	0	0.0
0.000534275172863	0.0081799591002	0	2	3	0	0	0.0
0.00090755235351	0.0081799591002	0	3	3	0	0	0.0
0.00126198721592	0.0081799591002	0	4	3	0	0	0.0
0.00134681362998	0.0102249488753	1	4	3	0	0	0.0
0.00155946844926	0.0122699386503	2	4	3	0	0	0.0
0.00205592128121	0.0122699386503	2	5	3	0	0	0.0
0.00226175789888	0.0122699386503	2	6	3	0	0	0.0
0.00354160799316	0.0122699386503	2	7	3	0	0	0.0
0.00357653835275	0.0122699386503	2	8	3	0	0	0.0
0.00357954623338	0.0122699386503	2	9	3	0	0	0.0
0.0035842308725	0.0122699386503	2	10	3	0	0	0.0
0.00368940170525	0.0122699386503	2	11	3	0	0	0.0
0.00385472820678	0.0122699386503	2	12	3	0	0	0.0
0.00399399713158	0.0122699386503	2	13	3	0	0	0.0
0.00427516483712	0.0102249488753	2	14	3	0	1	0.333333333333
0.00441710368267	0.0102249488753	2	15	3	0	1	0.333333333333
0.00454956881072	0.0102249488753	2	16	3	0	1	0.333333333333
0.00481127157358	0.0081799591002	2	17	3	0	2	0.5
0.00496314051683	0.0081799591002	2	18	3	0	2	0.5
0.00514599973119	0.0102249488753	3	18	3	0	2	0.4
0.00540533439124	0.0102249488753	3	19	3	0	2	0.4
0.00614693653973	0.0102249488753	3	20	3	0	2	0.4
0.00621774770154	0.0102249488753	3	21	3	0	2	0.4
0.00644932043566	0.0102249488753	3	22	3	0	2	0.4
0.00660286910213	0.0102249488753	3	23	3	0	2	0.4
0.0066305897384	0.0102249488753	3	24	3	0	2	0.4
0.00720188765645	0.0102249488753	3	25	3	0	2	0.4
0.00722084496151	0.0102249488753	3	26	3	0	2	0.4
0.00752176682863	0.0102249488753	3	27	3	0	2	0.4
0.00752463838961	0.0102249488753	3	28	3	0	2	0.4
0.0076525962762	0.0102249488753	3	29	3	0	2	0.4
0.00803435487151	0.0102249488753	3	30	3	0	2	0.4
0.00803538695712	0.0102249488753	3	31	3	0	2	0.4
0.00823179655749	0.0102249488753	3	32	3	0	2	0.4
0.00828440615964	0.0102249488753	3	33	3	0	2	0.4
0.00836403909489	0.0102249488753	3	34	3	0	2	0.4
0.00867954707235	0.0122699386503	4	34	3	0	2	0.333333333333
0.00874556041774	0.0122699386503	4	35	3	0	2	0.333333333333
0.00885420318165	0.0122699386503	4	36	3	0	2	0.333333333333
0.00935395700114	0.0122699386503	4	37	3	0	2	0.333333333333
0.00945647907887	0.0122699386503	4	38	3	0	2	0.333333333333
0.00951738678163	0.0122699386503	4	39	3	0	2	0.333333333333
0.00961954187519	0.0122699386503	4	40	3	0	2	0.333333333333
0.00977780295493	0.0122699386503	4	41	3	0	2	0.333333333333
0.0100306662877	0.0122699386503	4	42	3	0	2	0.333333333333
0.0101119856233	0.0122699386503	4	43	3	0	2	0.333333333333
0.0102179074832	0.0122699386503	4	44	3	0	2	0.333333333333
0.010244089158	0.0122699386503	4	45	3	0	2	0.333333333333
0.0105436545641	0.0122699386503	4	46	3	0	2	0.333333333333
0.0106205748067	0.0122699386503	4	47	3	0	2	0.333333333333
0.0106947167938	0.0122699386503	4	48	3	0	2	0.333333333333
0.0107074053358	0.0122699386503	4	49	3	0	2	0.333333333333
0.0108800377495	0.0102249488753	4	50	3	0	3	0.428571428571
0.0110976818869	0.0102249488753	4	51	3	0	3	0.428571428571
0.0113537357977	0.0102249488753	4	52	3	0	3	0.428571428571
0.0116651222849	0.0102249488753	4	53	3	0	3	0.428571428571
0.0120375025675	0.0102249488753	4	54	3	0	3	0.428571428571
0.0120974035268	0.0122699386503	5	54	3	0	3	0.375
0.0122739553569	0.0143149284254	6	54	3	0	3	0.333333333333
0.0124276667797	0.0143149284254	6	55	3	0	3	0.333333333333
0.0129795256668	0.0143149284254	6	56	3	0	3	0.333333333333
0.0130286418974	0.0143149284254	6	57	3	0	3	0.333333333333
0.0130832546913	0.0143149284254	6	58	3	0	3	0.333333333333
0.013283317255	0.0143149284254	6	59	3	0	3	0.333333333333
0.0134926339573	0.0143149284254	6	60	3	0	3	0.333333333333
0.0136519028485	0.0143149284254	6	61	3	0	3	0.333333333333
0.013685156653	0.0143149284254	6	62	3	0	3	0.333333333333
0.0137894145213	0.0143149284254	6	63	3	0	3	0.333333333333
0.0140051463622	0.0143149284254	6	64	3	0	3	0.333333333333
0.0141611316742	0.0143149284254	6	65	3	0	3	0.333333333333
0.0142405936169	0.0163599182004	7	65	3	0	3	0.3
0.0142602144187	0.0163599182004	7	66	3	0	3	0.3
0.0143345069919	0.0163599182004	7	67	3	0	3	0.3
0.0143853824343	0.0163599182004	7	68	3	0	3	0.3
0.0144500078284	0.0163599182004	7	69	3	0	3	0.3
0.0147154810537	0.0163599182004	7	70	3	0	3	0.3
0.0152468940762	0.0163599182004	7	71	3	0	3	0.3
0.0156057649835	0.0163599182004	7	72	3	0	3	0.3
0.0158097709811	0.0163599182004	7	73	3	0	3	0.3
0.0158467371424	0.0163599182004	7	74	3	0	3	0.3
0.0159729992167	0.0163599182004	7	75	3	0	3	0.3
0.0159760408687	0.0143149284254	7	76	3	0	4	0.363636363636
0.0161893852144	0.0143149284254	7	77	3	0	4	0.363636363636
0.0164842214972	0.0143149284254	7	78	3	0	4	0.363636363636
0.0165600935133	0.0143149284254	7	79	3	0	4	0.363636363636
0.0170141368681	0.0143149284254	7	80	3	0	4	0.363636363636
0.0173217078152	0.0143149284254	7	81	3	0	4	0.363636363636
0.0174022709032	0.0143149284254	7	82	3	0	4	0.363636363636
0.0174229089041	0.0143149284254	7	83	3	0	4	0.363636363636
0.0175523789774	0.0143149284254	7	84	3	0	4	0.363636363636
0.0179521931948	0.0143149284254	7	85	3	0	4	0.363636363636
0.0180573008638	0.0143149284254	7	86	3	0	4	0.363636363636
0.018176086794	0.0143149284254	7	87	3	0	4	0.363636363636
0.0186349722684	0.0143149284254	7	88	3	0	4	0.363636363636
0.0186512370375	0.0143149284254	7	89	3	0	4	0.363636363636
0.0188391485785	0.0143149284254	7	90	3	0	4	0.363636363636
0.0194464248971	0.0163599182004	8	90	3	0	4	0.333333333333
0.0194552830434	0.0143149284254	8	91	3	0	5	0.384615384615
0.0194728848271	0.0143149284254	8	92	3	0	5	0.384615384615
0.0194924950018	0.0143149284254	8	93	3	0	5	0.384615384615
0.0200294216085	0.0143149284254	8	94	3	0	5	0.384615384615
0.0204196112012	0.0143149284254	8	95	3	0	5	0.384615384615
0.0204709175357	0.0143149284254	8	96	3	0	5	0.384615384615
0.0209696096617	0.0143149284254	8	97	3	0	5	0.384615384615
0.0210232919058	0.0143149284254	8	98	3	0	5	0.384615384615
0.0210479100495	0.0143149284254	8	99	3	0	5	0.384615384615
0.0211427268547	0.0143149284254	8	100	3	0	5	0.384615384615
0.0211565167782	0.0143149284254	8	101	3	0	5	0.384615384615
0.0212241790619	0.0143149284254	8	102	3	0	5	0.384615384615
0.0214963660357	0.0122699386503	8	103	3	0	6	0.428571428571
0.0220189905848	0.0122699386503	8	104	3	0	6	0.428571428571
0.0221200030426	0.0122699386503	8	105	3	0	6	0.428571428571
0.0221210244691	0.0122699386503	8	106	3	0	6	0.428571428571
0.0221630146451	0.0122699386503	8	107	3	0	6	0.428571428571
0.0224602148356	0.0122699386503	8	108	3	0	6	0.428571428571
0.0226203578924	0.0122699386503	8	109	3	0	6	0.428571428571
0.0230199269418	0.0122699386503	8	110	3	0	6	0.428571428571
0.0233946235838	0.0122699386503	8	111	3	0	6	0.428571428571
0.0234375958919	0.0143149284254	9	111	3	0	6	0.4
0.0235784320339	0.0143149284254	9	112	3	0	6	0.4
0.0239852437492	0.0143149284254	9	113	3	0	6	0.4
0.0239903804972	0.0143149284254	9	114	3	0	6	0.4
0.0242809772317	0.0143149284254	9	115	3	0	6	0.4
0.0244061245707	0.0143149284254	9	116	3	0	6	0.4
0.0248222721377	0.0143149284254	9	117	3	0	6	0.4
0.0257934791071	0.0143149284254	9	118	3	0	6	0.4
0.0262005884041	0.0143149284254	9	119	3	0	6	0.4
0.0262780524004	0.0143149284254	9	120	3	0	6	0.4
0.0263140640841	0.0143149284254	9	121	3	0	6	0.4
0.0263351350657	0.0143149284254	9	122	3	0	6	0.4
0.0265309535893	0.0143149284254	9	123	3	0	6	0.4
0.0265440069516	0.0143149284254	9	124	3	0	6	0.4
0.0266564004533	0.0143149284254	9	125	3	0	6	0.4
0.0267401610007	0.0143149284254	9	126	3	0	6	0.4
0.0273887680687	0.0143149284254	9	127	3	0	6	0.4
0.0273979979833	0.0143149284254	9	128	3	0	6	0.4
0.0274303222322	0.0143149284254	9	129	3	0	6	0.4
0.0274453297968	0.0122699386503	9	130	3	0	7	0.4375
0.0274715283026	0.0143149284254	10	130	3	0	7	0.411764705882
0.0276368750797	0.0143149284254	10	131	3	0	7	0.411764705882
0.0277578225144	0.0143149284254	10	132	3	0	7	0.411764705882
0.0279083037004	0.0143149284254	10	133	3	0	7	0.411764705882
0.0283389520198	0.0163599182004	11	133	3	0	7	0.388888888889
0.0283735652423	0.0163599182004	11	134	3	0	7	0.388888888889
0.0284454964578	0.0143149284254	11	135	3	0	8	0.421052631579
0.0299751047354	0.0143149284254	11	136	3	0	8	0.421052631579
0.030262195228	0.0143149284254	11	137	3	0	8	0.421052631579
0.0309156004962	0.0143149284254	11	138	3	0	8	0.421052631579
0.0312699346716	0.0143149284254	11	139	3	0	8	0.421052631579
0.0315113269753	0.0143149284254	11	140	3	0	8	0.421052631579
0.0315748602866	0.0122699386503	11	141	3	0	9	0.45
0.0317367077203	0.0122699386503	11	142	3	0	9	0.45
0.0320378215628	0.0143149284254	12	142	3	0	9	0.428571428571
0.0321942618183	0.0143149284254	12	143	3	0	9	0.428571428571
0.0326097682824	0.0143149284254	12	144	3	0	9	0.428571428571
0.0327745931231	0.0143149284254	12	145	3	0	9	0.428571428571
0.0329606180602	0.0143149284254	12	146	3	0	9	0.428571428571
0.0332147288496	0.0143149284254	12	147	3	0	9	0.428571428571
0.0332981145455	0.0143149284254	12	148	3	0	9	0.428571428571
0.0334914750307	0.0143149284254	12	149	3	0	9	0.428571428571
0.033632153691	0.0143149284254	12	150	3	0	9	0.428571428571
0.033636149239	0.0143149284254	12	151	3	0	9	0.428571428571
0.0340112551249	0.0143149284254	12	152	3	0	9	0.428571428571
0.0342417312678	0.0143149284254	12	153	3	0	9	0.428571428571
0.0343274100507	0.0143149284254	12	154	3	0	9	0.428571428571
0.0344759258022	0.0143149284254	12	155	3	0	9	0.428571428571
0.0345953865784	0.0143149284254	12	156	3	0	9	0.428571428571
0.0347943032588	0.0163599182004	13	156	3	0	9	0.409090909091
0.0353258930395	0.0163599182004	13	157	3	0	9	0.409090909091
0.0354685888385	0.0163599182004	13	158	3	0	9	0.409090909091
0.0359690184133	0.0163599182004	13	159	3	0	9	0.409090909091
0.0360822335178	0.0184049079755	14	159	3	0	9	0.391304347826
0.0363042889047	0.0184049079755	14	160	3	0	9	0.391304347826
0.0363694536278	0.0184049079755	14	161	3	0	9	0.391304347826
0.0364229921569	0.0184049079755	14	162	3	0	9	0.391304347826
0.0365627472841	0.0184049079755	14	163	3	0	9	0.391304347826
0.0369354137321	0.0184049079755	14	164	3	0	9	0.391304347826
0.0371417640655	0.0184049079755	14	165	3	0	9	0.391304347826
0.0372205890691	0.0184049079755	14	166	3	0	9	0.391304347826
0.0373261343774	0.0184049079755	14	167	3	0	9	0.391304347826
0.0373391559032	0.0184049079755	14	168	3	0	9	0.391304347826
0.0373393854462	0.0184049079755	14	169	3	0	9	0.391304347826
0.03739962282	0.0184049079755	14	170	3	0	9	0.391304347826
0.0374196992246	0.0184049079755	14	171	3	0	9	0.391304347826
0.0375833620713	0.0184049079755	14	172	3	0	9	0.391304347826
0.0376851695259	0.0184049079755	14	173	3	0	9	0.391304347826
0.038158073556	0.0204498977505	15	173	3	0	9	0.375
0.0382302774722	0.0204498977505	15	174	3	0	9	0.375
0.0384790500127	0.0204498977505	15	175	3	0	9	0.375
0.0384863908536	0.0204498977505	15	176	3	0	9	0.375
0.0385126023708	0.0204498977505	15	177	3	0	9	0.375
0.0385919911003	0.0204498977505	15	178	3	0	9	0.375
0.0387646821905	0.0204498977505	15	179	3	0	9	0.375
0.0388524810859	0.0204498977505	15	180	3	0	9	0.375
0.0390637621611	0.0204498977505	15	181	3	0	9	0.375
0.0392851220299	0.0224948875256	16	181	3	0	9	0.36
0.0393521975867	0.0224948875256	16	182	3	0	9	0.36
0.0394005702489	0.0245398773006	17	182	3	0	9	0.346153846154
0.0394629225746	0.0245398773006	17	183	3	0	9	0.346153846154
0.0395561622793	0.0245398773006	17	184	3	0	9	0.346153846154
0.0396918124124	0.0245398773006	17	185	3	0	9	0.346153846154
0.0400936135589	0.0245398773006	17	186	3	0	9	0.346153846154
0.0404480652469	0.0245398773006	17	187	3	0	9	0.346153846154
0.0405120405225	0.0245398773006	17	188	3	0	9	0.346153846154
0.0405735441744	0.0224948875256	17	189	3	0	10	0.37037037037
0.0406932435247	0.0224948875256	17	190	3	0	10	0.37037037037
0.0408285228863	0.0224948875256	17	191	3	0	10	0.37037037037
0.0409994514699	0.0224948875256	17	192	3	0	10	0.37037037037
0.0410266580664	0.0224948875256	17	193	3	0	10	0.37037037037
0.0414224171417	0.0204498977505	17	194	3	0	11	0.392857142857
0.0414488606567	0.0204498977505	17	195	3	0	11	0.392857142857
0.041755625072	0.0204498977505	17	196	3	0	11	0.392857142857
0.0420116781863	0.0224948875256	18	196	3	0	11	0.379310344828
0.0420366170723	0.0224948875256	18	197	3	0	11	0.379310344828
0.0421281691994	0.0224948875256	18	198	3	0	11	0.379310344828
0.0421362242217	0.0224948875256	18	199	3	0	11	0.379310344828
0.0421390811126	0.0224948875256	18	200	3	0	11	0.379310344828
0.0423783709946	0.0224948875256	18	201	3	0	11	0.379310344828
0.0430845871596	0.0224948875256	18	202	3	0	11	0.379310344828
0.0437227409722	0.0224948875256	18	203	3	0	11	0.379310344828
0.0440191843772	0.0245398773006	19	203	3	0	11	0.366666666667
0.0441247772058	0.0265848670757	20	203	3	0	11	0.354838709677
0.0441321980949	0.0286298568507	21	203	3	0	11	0.34375
0.0442775445133	0.0286298568507	21	204	3	0	11	0.34375
0.0444532602999	0.0286298568507	21	205	3	0	11	0.34375
0.0445373585941	0.0286298568507	21	206	3	0	11	0.34375
0.044695042518	0.0286298568507	21	207	3	0	11	0.34375
0.0451375052436	0.0286298568507	21	208	3	0	11	0.34375
0.0451672531703	0.0286298568507	21	209	3	0	11	0.34375
0.0458773320827	0.0306748466258	22	209	3	0	11	0.333333333333
0.0461607038698	0.0306748466258	22	210	3	0	11	0.333333333333
0.0464798772838	0.0306748466258	22	211	3	0	11	0.333333333333
0.0469668415953	0.0306748466258	22	212	3	0	11	0.333333333333
0.0470112944131	0.0306748466258	22	213	3	0	11	0.333333333333
0.0475139327734	0.0306748466258	22	214	3	0	11	0.333333333333
0.0478467990252	0.0306748466258	22	215	3	0	11	0.333333333333
0.0478811902957	0.0306748466258	22	216	3	0	11	0.333333333333
0.0479878003913	0.0306748466258	22	217	3	0	11	0.333333333333
0.0481654471418	0.0306748466258	22	218	3	0	11	0.333333333333
0.048448013504	0.0306748466258	22	219	3	0	11	0.333333333333
0.0484815576148	0.0306748466258	22	220	3	0	11	0.333333333333
0.0487662165723	0.0306748466258	22	221	3	0	11	0.333333333333
0.0488013203624	0.0327198364008	23	221	3	0	11	0.323529411765
0.0489898765871	0.0327198364008	23	222	3	0	11	0.323529411765
0.0494083667603	0.0347648261759	24	222	3	0	11	0.314285714286
0.049456162416	0.0368098159509	25	222	3	0	11	0.305555555556
0.0495284309702	0.0368098159509	25	223	3	0	11	0.305555555556
0.0495432762036	0.0368098159509	25	224	3	0	11	0.305555555556
0.0497708149769	0.0368098159509	25	225	3	0	11	0.305555555556
0.0499301935745	0.0368098159509	25	226	3	0	11	0.305555555556
0.0501608539969	0.0368098159509	25	227	3	0	11	0.305555555556
0.0503103015059	0.0368098159509	25	228	3	0	11	0.305555555556
0.0503729848365	0.0368098159509	25	229	3	0	11	0.305555555556
0.0504123583773	0.0368098159509	25	230	3	0	11	0.305555555556
0.0506800641959	0.0368098159509	25	231	3	0	11	0.305555555556
0.0510191419761	0.038854805726	26	231	3	0	11	0.297297297297
0.0510447595993	0.038854805726	26	232	3	0	11	0.297297297297
0.0512900309364	0.038854805726	26	233	3	0	11	0.297297297297
0.0516214201752	0.038854805726	26	234	3	0	11	0.297297297297
0.0517524512489	0.0368098159509	26	235	3	0	12	0.315789473684
0.0521282910724	0.0368098159509	26	236	3	0	12	0.315789473684
0.0528322027679	0.0368098159509	26	237	3	0	12	0.315789473684
0.0528889906848	0.0368098159509	26	238	3	0	12	0.315789473684
0.0531055890018	0.0368098159509	26	239	3	0	12	0.315789473684
0.0533720692378	0.0368098159509	26	240	3	0	12	0.315789473684
0.0539231206261	0.0368098159509	26	241	3	0	12	0.315789473684
0.0539767793134	0.0368098159509	26	242	3	0	12	0.315789473684
0.0539906027877	0.0368098159509	26	243	3	0	12	0.315789473684
0.0541874996861	0.0368098159509	26	244	3	0	12	0.315789473684
0.0541943601962	0.0368098159509	26	245	3	0	12	0.315789473684
0.0543450078298	0.0368098159509	26	246	3	0	12	0.315789473684
0.0544560452612	0.0368098159509	26	247	3	0	12	0.315789473684
0.0546705968689	0.0347648261759	26	248	3	0	13	0.333333333333
0.0547621612294	0.0347648261759	26	249	3	0	13	0.333333333333
0.0547857930163	0.0368098159509	27	249	3	0	13	0.325
0.0552659360696	0.0368098159509	27	250	3	0	13	0.325
0.0554317840759	0.0368098159509	27	251	3	0	13	0.325
0.0554607945928	0.0368098159509	27	252	3	0	13	0.325
0.0554995442021	0.0347648261759	27	253	3	0	14	0.341463414634
0.0555650066019	0.0368098159509	28	253	3	0	14	0.333333333333
0.0558514250154	0.0347648261759	28	254	3	0	15	0.348837209302
0.0563898850702	0.0347648261759	28	255	3	0	15	0.348837209302
0.0564225758056	0.0347648261759	28	256	3	0	15	0.348837209302
0.0565329337353	0.0327198364008	28	257	3	0	16	0.363636363636
0.056598308298	0.0327198364008	28	258	3	0	16	0.363636363636
0.0568022861025	0.0327198364008	28	259	3	0	16	0.363636363636
0.0568902701148	0.0327198364008	28	260	3	0	16	0.363636363636
0.0571756637639	0.0327198364008	28	261	3	0	16	0.363636363636
0.057313765179	0.0327198364008	28	262	3	0	16	0.363636363636
0.0574281708258	0.0327198364008	28	263	3	0	16	0.363636363636
0.0575222629707	0.0327198364008	28	264	3	0	16	0.363636363636
0.0575712456267	0.0327198364008	28	265	3	0	16	0.363636363636
0.0578569708095	0.0327198364008	28	266	3	0	16	0.363636363636
0.0580426189413	0.0327198364008	28	267	3	0	16	0.363636363636
0.0581776326573	0.0306748466258	28	268	3	0	17	0.377777777778
0.0582199795126	0.0306748466258	28	269	3	0	17	0.377777777778
0.0586017525065	0.0306748466258	28	270	3	0	17	0.377777777778
0.0588533665119	0.0306748466258	28	271	3	0	17	0.377777777778
0.0590360410448	0.0306748466258	28	272	3	0	17	0.377777777778
0.0591953262058	0.0306748466258	28	273	3	0	17	0.377777777778
0.0594686699322	0.0306748466258	28	274	3	0	17	0.377777777778
0.0595531373199	0.0306748466258	28	275	3	0	17	0.377777777778
0.0595833479291	0.0286298568507	28	276	3	0	18	0.391304347826
0.0597454779036	0.0286298568507	28	277	3	0	18	0.391304347826
0.0598337057182	0.0286298568507	28	278	3	0	18	0.391304347826
0.0601621850291	0.0286298568507	28	279	3	0	18	0.391304347826
0.0602490114367	0.0306748466258	29	279	3	0	18	0.382978723404
0.0603706720163	0.0306748466258	29	280	3	0	18	0.382978723404
0.0609024256437	0.0306748466258	29	281	3	0	18	0.382978723404
0.0609337095366	0.0306748466258	29	282	3	0	18	0.382978723404
0.0612907888217	0.0327198364008	30	282	3	0	18	0.375
0.0616057732131	0.0327198364008	30	283	3	0	18	0.375
0.0616706606726	0.0327198364008	30	284	3	0	18	0.375
0.0618405766979	0.0327198364008	30	285	3	0	18	0.375
0.0620955566569	0.0327198364008	30	286	3	0	18	0.375
0.0623814033257	0.0327198364008	30	287	3	0	18	0.375
0.0623984178334	0.0327198364008	30	288	3	0	18	0.375
0.062592245154	0.0327198364008	30	289	3	0	18	0.375
0.0626502635411	0.0327198364008	30	290	3	0	18	0.375
0.0629348696028	0.0327198364008	30	291	3	0	18	0.375
0.0629468018891	0.0327198364008	30	292	3	0	18	0.375
0.062967222041	0.0347648261759	31	292	3	0	18	0.367346938776
0.0629749290766	0.0347648261759	31	293	3	0	18	0.367346938776
0.0632601526888	0.0347648261759	31	294	3	0	18	0.367346938776
0.0634779945309	0.0347648261759	31	295	3	0	18	0.367346938776
0.0634905032929	0.0347648261759	31	296	3	0	18	0.367346938776
0.0636771429553	0.0347648261759	31	297	3	0	18	0.367346938776
0.0636918278779	0.0347648261759	31	298	3	0	18	0.367346938776
0.0637641056101	0.0347648261759	31	299	3	0	18	0.367346938776
0.0638980855996	0.0347648261759	31	300	3	0	18	0.367346938776
0.0639074009536	0.0347648261759	31	301	3	0	18	0.367346938776
0.064020082548	0.0347648261759	31	302	3	0	18	0.367346938776
0.0640335203487	0.0347648261759	31	303	3	0	18	0.367346938776
0.0646042424615	0.0347648261759	31	304	3	0	18	0.367346938776
0.0646219514078	0.0347648261759	31	305	3	0	18	0.367346938776
0.0647675965302	0.0368098159509	32	305	3	0	18	0.36
0.0648002840572	0.0368098159509	32	306	3	0	18	0.36
0.065113253283	0.0347648261759	32	307	3	0	19	0.372549019608
0.0651405079555	0.0347648261759	32	308	3	0	19	0.372549019608
0.0654545098746	0.0368098159509	33	308	3	0	19	0.365384615385
0.0655327397544	0.0368098159509	33	309	3	0	19	0.365384615385
0.0656282463624	0.0368098159509	33	310	3	0	19	0.365384615385
0.0659883678626	0.0368098159509	33	311	3	0	19	0.365384615385
0.0664286811794	0.0368098159509	33	312	3	0	19	0.365384615385
0.0666213829391	0.0368098159509	33	313	3	0	19	0.365384615385
0.0668743448208	0.0368098159509	33	314	3	0	19	0.365384615385
0.0671194514603	0.038854805726	34	314	3	0	19	0.358490566038
0.0674637018261	0.038854805726	34	315	3	0	19	0.358490566038
0.0674639316923	0.040899795501	35	315	3	0	19	0.351851851852
0.0677823716171	0.040899795501	35	316	3	0	19	0.351851851852
0.0679698155347	0.040899795501	35	317	3	0	19	0.351851851852
0.068361469896	0.040899795501	35	318	3	0	19	0.351851851852
0.0693194298685	0.040899795501	35	319	3	0	19	0.351851851852
0.069339212414	0.040899795501	35	320	3	0	19	0.351851851852
0.0693568338619	0.040899795501	35	321	3	0	19	0.351851851852
0.069561399374	0.040899795501	35	322	3	0	19	0.351851851852
0.069819082077	0.040899795501	35	323	3	0	19	0.351851851852
0.0703494711258	0.040899795501	35	324	3	0	19	0.351851851852
0.0704434374458	0.040899795501	35	325	3	0	19	0.351851851852
0.0705143189492	0.038854805726	35	326	3	0	20	0.363636363636
0.0707172397148	0.038854805726	35	327	3	0	20	0.363636363636
0.0708480731225	0.038854805726	35	328	3	0	20	0.363636363636
0.0709415915401	0.038854805726	35	329	3	0	20	0.363636363636
0.0713361187617	0.0368098159509	35	330	3	0	21	0.375
0.0715070988954	0.0368098159509	35	331	3	0	21	0.375
0.0718961279858	0.0368098159509	35	332	3	0	21	0.375
0.0723065927054	0.0368098159509	35	333	3	0	21	0.375
0.0723839482707	0.0368098159509	35	334	3	0	21	0.375
0.072454990782	0.0368098159509	35	335	3	0	21	0.375
0.0724903425068	0.0368098159509	35	336	3	0	21	0.375
0.0725087867798	0.0368098159509	35	337	3	0	21	0.375
0.0725312013581	0.0368098159509	35	338	3	0	21	0.375
0.0730219744153	0.0368098159509	35	339	3	0	21	0.375
0.0732576492169	0.0368098159509	35	340	3	0	21	0.375
0.0732850262836	0.038854805726	36	340	3	0	21	0.368421052632
0.0736953662223	0.038854805726	36	341	3	0	21	0.368421052632
0.0739017737556	0.038854805726	36	342	3	0	21	0.368421052632
0.0741549173331	0.038854805726	36	343	3	0	21	0.368421052632
0.0741785551225	0.038854805726	36	344	3	0	21	0.368421052632
0.0742116828661	0.038854805726	36	345	3	0	21	0.368421052632
0.0743575721688	0.038854805726	36	346	3	0	21	0.368421052632
0.0743652440512	0.038854805726	36	347	3	0	21	0.368421052632
0.0743699801821	0.038854805726	36	348	3	0	21	0.368421052632
0.0745539501528	0.038854805726	36	349	3	0	21	0.368421052632
0.0747907589345	0.0368098159509	36	350	3	0	22	0.379310344828
0.0750152077726	0.0368098159509	36	351	3	0	22	0.379310344828
0.0752306552414	0.0327198364008	36	352	3	0	24	0.4
0.0752579087856	0.0306748466258	36	353	3	0	25	0.409836065574
0.0755497634225	0.0306748466258	36	354	3	0	25	0.409836065574
0.0757320505959	0.0306748466258	36	355	3	0	25	0.409836065574
0.0757828592682	0.0306748466258	36	356	3	0	25	0.409836065574
0.0758408612677	0.0327198364008	37	356	3	0	25	0.403225806452
0.0763708521907	0.0327198364008	37	357	3	0	25	0.403225806452
0.0764217051723	0.0306748466258	37	358	3	0	26	0.412698412698
0.0764743100193	0.0306748466258	37	359	3	0	26	0.412698412698
0.0768607075682	0.0306748466258	37	360	3	0	26	0.412698412698
0.0771723694033	0.0306748466258	37	361	3	0	26	0.412698412698
0.0772592323722	0.0306748466258	37	362	3	0	26	0.412698412698
0.0773772598201	0.0306748466258	37	363	3	0	26	0.412698412698
0.0775435005251	0.0306748466258	37	364	3	0	26	0.412698412698
0.0776243454524	0.0327198364008	38	364	3	0	26	0.40625
0.077825942022	0.0327198364008	38	365	3	0	26	0.40625
0.0785869625845	0.0327198364008	38	366	3	0	26	0.40625
0.0790329340119	0.0327198364008	38	367	3	0	26	0.40625
0.0792280999715	0.0327198364008	38	368	3	0	26	0.40625
0.079748307206	0.0306748466258	38	369	3	0	27	0.415384615385
0.0797616177463	0.0306748466258	38	370	3	0	27	0.415384615385
0.0799331950951	0.0306748466258	38	371	3	0	27	0.415384615385
0.0800628411062	0.0306748466258	38	372	3	0	27	0.415384615385
0.0800934619848	0.0286298568507	38	373	3	0	28	0.424242424242
0.0805469220725	0.0286298568507	38	374	3	0	28	0.424242424242
0.0810754399975	0.0286298568507	38	375	3	0	28	0.424242424242
0.0811993222239	0.0306748466258	39	375	3	0	28	0.417910447761
0.0813413550891	0.0306748466258	39	376	3	0	28	0.417910447761
0.0813793827624	0.0286298568507	39	377	3	0	29	0.426470588235
0.0814911558613	0.0286298568507	39	378	3	0	29	0.426470588235
0.0815723098082	0.0286298568507	39	379	3	0	29	0.426470588235
0.081641512963	0.0286298568507	39	380	3	0	29	0.426470588235
0.0821912365436	0.0265848670757	39	381	3	0	30	0.434782608696
0.0824803134775	0.0265848670757	39	382	3	0	30	0.434782608696
0.0825496269328	0.0265848670757	39	383	3	0	30	0.434782608696
0.0829253375146	0.0265848670757	39	384	3	0	30	0.434782608696
0.0829517013457	0.0265848670757	39	385	3	0	30	0.434782608696
0.0833494779198	0.0265848670757	39	386	3	0	30	0.434782608696
0.0834159079089	0.0265848670757	39	387	3	0	30	0.434782608696
0.0834847526359	0.0265848670757	39	388	3	0	30	0.434782608696
0.0835264354527	0.0265848670757	39	389	3	0	30	0.434782608696
0.0843963703462	0.0245398773006	39	390	3	0	31	0.442857142857
0.0844166919628	0.0245398773006	39	391	3	0	31	0.442857142857
0.0844408029039	0.0245398773006	39	392	3	0	31	0.442857142857
0.0844682506912	0.0245398773006	39	393	3	0	31	0.442857142857
0.0844711028067	0.0245398773006	39	394	3	0	31	0.442857142857
0.0844900189811	0.0245398773006	39	395	3	0	31	0.442857142857
0.0847424257558	0.0245398773006	39	396	3	0	31	0.442857142857
0.0851428225923	0.0245398773006	39	397	3	0	31	0.442857142857
0.0851915172762	0.0245398773006	39	398	3	0	31	0.442857142857
0.0853079734983	0.0245398773006	39	399	3	0	31	0.442857142857
0.0855353142595	0.0245398773006	39	400	3	0	31	0.442857142857
0.0855873338627	0.0265848670757	40	400	3	0	31	0.43661971831
0.0856952383939	0.0265848670757	40	401	3	0	31	0.43661971831
0.0859957470742	0.0265848670757	40	402	3	0	31	0.43661971831
0.0860473709431	0.0265848670757	40	403	3	0	31	0.43661971831
0.0864196729247	0.0265848670757	40	404	3	0	31	0.43661971831
0.0866599308432	0.0265848670757	40	405	3	0	31	0.43661971831
0.0867579567101	0.0265848670757	40	406	3	0	31	0.43661971831
0.0870651419996	0.0265848670757	40	407	3	0	31	0.43661971831
0.0872265743722	0.0265848670757	40	408	3	0	31	0.43661971831
0.0874244830654	0.0265848670757	40	409	3	0	31	0.43661971831
0.0875173075044	0.0265848670757	40	410	3	0	31	0.43661971831
0.0877308797357	0.0265848670757	40	411	3	0	31	0.43661971831
0.0877751165299	0.0245398773006	40	412	3	0	32	0.444444444444
0.0878956875876	0.0245398773006	40	413	3	0	32	0.444444444444
0.0879529986666	0.0245398773006	40	414	3	0	32	0.444444444444
0.0881584998195	0.0245398773006	40	415	3	0	32	0.444444444444
0.0881932717172	0.0245398773006	40	416	3	0	32	0.444444444444
0.0882629139942	0.0245398773006	40	417	3	0	32	0.444444444444
0.0884727429245	0.0245398773006	40	418	3	0	32	0.444444444444
0.0884944199076	0.0224948875256	40	419	3	0	33	0.452054794521
0.0886886235017	0.0224948875256	40	420	3	0	33	0.452054794521
0.0886938378562	0.0224948875256	40	421	3	0	33	0.452054794521
0.0887130692473	0.0224948875256	40	422	3	0	33	0.452054794521
0.089083593861	0.0204498977505	40	423	3	0	34	0.459459459459
0.0895676356789	0.0204498977505	40	424	3	0	34	0.459459459459
0.0896263514361	0.0204498977505	40	425	3	0	34	0.459459459459
0.090077665615	0.0204498977505	40	426	3	0	34	0.459459459459
0.0903060108768	0.0204498977505	40	427	3	0	34	0.459459459459
0.0903985516471	0.0204498977505	40	428	3	0	34	0.459459459459
0.0904580337956	0.0204498977505	40	429	3	0	34	0.459459459459
0.0904608889936	0.0204498977505	40	430	3	0	34	0.459459459459
0.0907183245057	0.0204498977505	40	431	3	0	34	0.459459459459
0.0913639480817	0.0204498977505	40	432	3	0	34	0.459459459459
0.0913987516606	0.0204498977505	40	433	3	0	34	0.459459459459
0.0914449423288	0.0224948875256	41	433	3	0	34	0.453333333333
0.0916115964098	0.0245398773006	42	433	3	0	34	0.447368421053
0.0920110013177	0.0245398773006	42	434	3	0	34	0.447368421053
0.0928221138484	0.0245398773006	42	435	3	0	34	0.447368421053
0.0930025615802	0.0265848670757	43	435	3	0	34	0.441558441558
0.093073186607	0.0265848670757	43	436	3	0	34	0.441558441558
0.094113342593	0.0265848670757	43	437	3	0	34	0.441558441558
0.0941796966717	0.0245398773006	43	438	3	0	35	0.448717948718
0.0942053186704	0.0245398773006	43	439	3	0	35	0.448717948718
0.0942573723813	0.0245398773006	43	440	3	0	35	0.448717948718
0.0942957362947	0.0224948875256	43	441	3	0	36	0.455696202532
0.094387199442	0.0224948875256	43	442	3	0	36	0.455696202532
0.0944818161206	0.0224948875256	43	443	3	0	36	0.455696202532
0.0946501819321	0.0224948875256	43	444	3	0	36	0.455696202532
0.0949149775347	0.0224948875256	43	445	3	0	36	0.455696202532
0.0957503576284	0.0224948875256	43	446	3	0	36	0.455696202532
0.0958218367075	0.0245398773006	44	446	3	0	36	0.45
0.0958511739526	0.0245398773006	44	447	3	0	36	0.45
0.0958609796392	0.0245398773006	44	448	3	0	36	0.45
0.0959582503942	0.0245398773006	44	449	3	0	36	0.45
0.0960943632774	0.0224948875256	44	450	3	0	37	0.456790123457
0.0962717522054	0.0245398773006	45	450	3	0	37	0.451219512195
0.0965313864974	0.0245398773006	45	451	3	0	37	0.451219512195
0.0968142409743	0.0245398773006	45	452	3	0	37	0.451219512195
0.0970388271789	0.0245398773006	45	453	3	0	37	0.451219512195
0.0975915412105	0.0245398773006	45	454	3	0	37	0.451219512195
0.0976694708397	0.0245398773006	45	455	3	0	37	0.451219512195
0.0981399316159	0.0245398773006	45	456	3	0	37	0.451219512195
0.0982277250151	0.0245398773006	45	457	3	0	37	0.451219512195
0.0982434817089	0.0245398773006	45	458	3	0	37	0.451219512195
0.0984643613584	0.0245398773006	45	459	3	0	37	0.451219512195
0.0986703411675	0.0245398773006	45	460	3	0	37	0.451219512195
0.098720330713	0.0245398773006	45	461	3	0	37	0.451219512195
0.0987261262643	0.0245398773006	45	462	3	0	37	0.451219512195
0.0995085655695	0.0245398773006	45	463	3	0	37	0.451219512195
0.0996966614783	0.0245398773006	45	464	3	0	37	0.451219512195
0.0999128199803	0.0245398773006	45	465	3	0	37	0.451219512195
0.0999985033512	0.0245398773006	45	466	3	0	37	0.451219512195
0.100039850836	0.0245398773006	45	467	3	0	37	0.451219512195
0.1001060769	0.0265848670757	46	467	3	0	37	0.44578313253
0.100479749238	0.0265848670757	46	468	3	0	37	0.44578313253
0.100538421455	0.0265848670757	46	469	3	0	37	0.44578313253
0.101546319771	0.0265848670757	46	470	3	0	37	0.44578313253
0.10198180992	0.0265848670757	46	471	3	0	37	0.44578313253
0.102547574827	0.0265848670757	46	472	3	0	37	0.44578313253
0.10255183431	0.0265848670757	46	473	3	0	37	0.44578313253
0.102559413846	0.0265848670757	46	474	3	0	37	0.44578313253
0.102755192269	0.0265848670757	46	475	3	0	37	0.44578313253
0.102828333618	0.0265848670757	46	476	3	0	37	0.44578313253
0.102894879713	0.0265848670757	46	477	3	0	37	0.44578313253
0.103108643504	0.0265848670757	46	478	3	0	37	0.44578313253
0.103243970221	0.0265848670757	46	479	3	0	37	0.44578313253
0.10325321582	0.0265848670757	46	480	3	0	37	0.44578313253
0.103268816742	0.0265848670757	46	481	3	0	37	0.44578313253
0.103763010544	0.0265848670757	46	482	3	0	37	0.44578313253
0.103819860671	0.0224948875256	46	483	3	0	39	0.458823529412
0.103820758973	0.0224948875256	46	484	3	0	39	0.458823529412
0.104199862119	0.0224948875256	46	485	3	0	39	0.458823529412
0.104280613214	0.0224948875256	46	486	3	0	39	0.458823529412
0.104880439863	0.0224948875256	46	487	3	0	39	0.458823529412
0.104905102426	0.0224948875256	46	488	3	0	39	0.458823529412
0.10529105988	0.0224948875256	46	489	3	0	39	0.458823529412
0.105501690848	0.0224948875256	46	490	3	0	39	0.458823529412
0.1055722535	0.0224948875256	46	491	3	0	39	0.458823529412
0.105653105015	0.0224948875256	46	492	3	0	39	0.458823529412
0.105778868687	0.0224948875256	46	493	3	0	39	0.458823529412
0.106045231009	0.0224948875256	46	494	3	0	39	0.458823529412
0.106085167211	0.0224948875256	46	495	3	0	39	0.458823529412
0.106158939377	0.0224948875256	46	496	3	0	39	0.458823529412
0.106173528855	0.0224948875256	46	497	3	0	39	0.458823529412
0.10639561061	0.0224948875256	46	498	3	0	39	0.458823529412
0.107604149154	0.0204498977505	46	499	3	0	40	0.46511627907
0.107783878105	0.0204498977505	46	500	3	0	40	0.46511627907
0.108363999048	0.0204498977505	46	501	3	0	40	0.46511627907
0.108566521887	0.0204498977505	46	502	3	0	40	0.46511627907
0.108694352305	0.0204498977505	46	503	3	0	40	0.46511627907
0.108737643537	0.0204498977505	46	504	3	0	40	0.46511627907
0.108771230019	0.0204498977505	46	505	3	0	40	0.46511627907
0.109090462734	0.0204498977505	46	506	3	0	40	0.46511627907
0.109265752147	0.0204498977505	46	507	3	0	40	0.46511627907
0.109333030544	0.0204498977505	46	508	3	0	40	0.46511627907
0.109348556819	0.0204498977505	46	509	3	0	40	0.46511627907
0.109657304892	0.0204498977505	46	510	3	0	40	0.46511627907
0.110150024335	0.0204498977505	46	511	3	0	40	0.46511627907
0.110864721968	0.0204498977505	46	512	3	0	40	0.46511627907
0.111234423343	0.0204498977505	46	513	3	0	40	0.46511627907
0.111373319144	0.0204498977505	46	514	3	0	40	0.46511627907
0.111504657892	0.0204498977505	46	515	3	0	40	0.46511627907
0.111537369605	0.0204498977505	46	516	3	0	40	0.46511627907
0.111880598747	0.0204498977505	46	517	3	0	40	0.46511627907
0.11213441902	0.0204498977505	46	518	3	0	40	0.46511627907
0.11257110498	0.0204498977505	46	519	3	0	40	0.46511627907
0.112653555521	0.0204498977505	46	520	3	0	40	0.46511627907
0.112680726422	0.0224948875256	47	520	3	0	40	0.459770114943
0.112767293782	0.0224948875256	47	521	3	0	40	0.459770114943
0.112815779727	0.0224948875256	47	522	3	0	40	0.459770114943
0.11293129859	0.0224948875256	47	523	3	0	40	0.459770114943
0.113670737448	0.0224948875256	47	524	3	0	40	0.459770114943
0.113672124389	0.0224948875256	47	525	3	0	40	0.459770114943
0.113980094343	0.0224948875256	47	526	3	0	40	0.459770114943
0.114022797748	0.0224948875256	47	527	3	0	40	0.459770114943
0.114213668168	0.0224948875256	47	528	3	0	40	0.459770114943
0.114246908658	0.0224948875256	47	529	3	0	40	0.459770114943
0.114402254125	0.0224948875256	47	530	3	0	40	0.459770114943
0.114760391004	0.0224948875256	47	531	3	0	40	0.459770114943
0.114884511049	0.0224948875256	47	532	3	0	40	0.459770114943
0.115041963216	0.0224948875256	47	533	3	0	40	0.459770114943
0.115895072568	0.0224948875256	47	534	3	0	40	0.459770114943
0.115901830688	0.0224948875256	47	535	3	0	40	0.459770114943
0.115934650728	0.0224948875256	47	536	3	0	40	0.459770114943
0.116123029023	0.0224948875256	47	537	3	0	40	0.459770114943
0.116636667766	0.0224948875256	47	538	3	0	40	0.459770114943
0.117178769821	0.0204498977505	47	539	3	0	41	0.465909090909
0.1174104608	0.0204498977505	47	540	3	0	41	0.465909090909
0.117600848876	0.0204498977505	47	541	3	0	41	0.465909090909
0.117744271209	0.0204498977505	47	542	3	0	41	0.465909090909
0.118902391021	0.0204498977505	47	543	3	0	41	0.465909090909
0.118924183735	0.0204498977505	47	544	3	0	41	0.465909090909
0.119015051723	0.0224948875256	48	544	3	0	41	0.460674157303
0.119218657232	0.0224948875256	48	545	3	0	41	0.460674157303
0.119499824487	0.0224948875256	48	546	3	0	41	0.460674157303
0.11975924352	0.0224948875256	48	547	3	0	41	0.460674157303
0.120034735117	0.0224948875256	48	548	3	0	41	0.460674157303
0.120352516811	0.0224948875256	48	549	3	0	41	0.460674157303
0.120434445307	0.0204498977505	48	550	3	0	42	0.466666666667
0.120649867921	0.0204498977505	48	551	3	0	42	0.466666666667
0.120927072716	0.0204498977505	48	552	3	0	42	0.466666666667
0.121419205965	0.0184049079755	48	553	3	0	43	0.472527472527
0.121839842099	0.0184049079755	48	554	3	0	43	0.472527472527
0.121957267771	0.0184049079755	48	555	3	0	43	0.472527472527
0.122176415635	0.0204498977505	49	555	3	0	43	0.467391304348
0.122298342842	0.0204498977505	49	556	3	0	43	0.467391304348
0.12285615282	0.0204498977505	49	557	3	0	43	0.467391304348
0.123020454879	0.0204498977505	49	558	3	0	43	0.467391304348
0.123054782892	0.0204498977505	49	559	3	0	43	0.467391304348
0.123152399541	0.0204498977505	49	560	3	0	43	0.467391304348
0.12317764953	0.0204498977505	49	561	3	0	43	0.467391304348
0.123588370177	0.0224948875256	50	561	3	0	43	0.462365591398
0.123605597453	0.0224948875256	50	562	3	0	43	0.462365591398
0.123630292365	0.0224948875256	50	563	3	0	43	0.462365591398
0.123630372546	0.0224948875256	50	564	3	0	43	0.462365591398
0.123701691508	0.0224948875256	50	565	3	0	43	0.462365591398
0.123778085597	0.0224948875256	50	566	3	0	43	0.462365591398
0.123786862948	0.0224948875256	50	567	3	0	43	0.462365591398
0.124179527055	0.0224948875256	50	568	3	0	43	0.462365591398
0.124744481182	0.0224948875256	50	569	3	0	43	0.462365591398
0.124897963214	0.0224948875256	50	570	3	0	43	0.462365591398
0.124910537594	0.0224948875256	50	571	3	0	43	0.462365591398
0.125338818446	0.0204498977505	50	572	3	0	44	0.468085106383
0.125386985807	0.0204498977505	50	573	3	0	44	0.468085106383
0.125422467111	0.0204498977505	50	574	3	0	44	0.468085106383
0.125510345271	0.0204498977505	50	575	3	0	44	0.468085106383
0.125743929544	0.0224948875256	51	575	3	0	44	0.463157894737
0.126124148558	0.0224948875256	51	576	3	0	44	0.463157894737
0.126148368272	0.0245398773006	52	576	3	0	44	0.458333333333
0.126253946989	0.0245398773006	52	577	3	0	44	0.458333333333
0.126697225783	0.0245398773006	52	578	3	0	44	0.458333333333
0.127071368822	0.0204498977505	52	579	3	0	46	0.469387755102
0.127261188989	0.0204498977505	52	580	3	0	46	0.469387755102
0.127283655556	0.0204498977505	52	581	3	0	46	0.469387755102
0.127475470164	0.0204498977505	52	582	3	0	46	0.469387755102
0.127586155133	0.0204498977505	52	583	3	0	46	0.469387755102
0.127629576396	0.0204498977505	52	584	3	0	46	0.469387755102
0.128149608256	0.0204498977505	52	585	3	0	46	0.469387755102
0.128174088188	0.0204498977505	52	586	3	0	46	0.469387755102
0.128846678444	0.0204498977505	52	587	3	0	46	0.469387755102
0.129016791524	0.0204498977505	52	588	3	0	46	0.469387755102
0.129128809218	0.0204498977505	52	589	3	0	46	0.469387755102
0.129349574039	0.0204498977505	52	590	3	0	46	0.469387755102
0.129397893047	0.0204498977505	52	591	3	0	46	0.469387755102
0.129451725636	0.0204498977505	52	592	3	0	46	0.469387755102
0.129822344213	0.0204498977505	52	593	3	0	46	0.469387755102
0.130024831118	0.0204498977505	52	594	3	0	46	0.469387755102
0.130210950541	0.0204498977505	52	595	3	0	46	0.469387755102
0.130308353956	0.0204498977505	52	596	3	0	46	0.469387755102
0.130366166057	0.0224948875256	53	596	3	0	46	0.464646464646
0.130707119111	0.0224948875256	53	597	3	0	46	0.464646464646
0.13106839919	0.0224948875256	53	598	3	0	46	0.464646464646
0.131257470389	0.0224948875256	53	599	3	0	46	0.464646464646
0.131527899822	0.0224948875256	53	600	3	0	46	0.464646464646
0.131669221189	0.0224948875256	53	601	3	0	46	0.464646464646
0.131881374486	0.0204498977505	53	602	3	0	47	0.47
0.131929817898	0.0204498977505	53	603	3	0	47	0.47
0.132358748679	0.0204498977505	53	604	3	0	47	0.47
0.132552780834	0.0204498977505	53	605	3	0	47	0.47
0.133008475673	0.0204498977505	53	606	3	0	47	0.47
0.133103239462	0.0204498977505	53	607	3	0	47	0.47
0.133346807698	0.0204498977505	53	608	3	0	47	0.47
0.133878577479	0.0204498977505	53	609	3	0	47	0.47
0.133992108693	0.0204498977505	53	610	3	0	47	0.47
0.134114977046	0.0204498977505	53	611	3	0	47	0.47
0.134455144494	0.0204498977505	53	612	3	0	47	0.47
0.134500409524	0.0204498977505	53	613	3	0	47	0.47
0.134560406364	0.0204498977505	53	614	3	0	47	0.47
0.134787405773	0.0204498977505	53	615	3	0	47	0.47
0.134886283906	0.0204498977505	53	616	3	0	47	0.47
0.135204921099	0.0204498977505	53	617	3	0	47	0.47
0.135339220092	0.0204498977505	53	618	3	0	47	0.47
0.135347731901	0.0204498977505	53	619	3	0	47	0.47
0.135400709481	0.0204498977505	53	620	3	0	47	0.47
0.13554809429	0.0184049079755	53	621	3	0	48	0.475247524752
0.135899630966	0.0184049079755	53	622	3	0	48	0.475247524752
0.13605350217	0.0184049079755	53	623	3	0	48	0.475247524752
0.13615767048	0.0184049079755	53	624	3	0	48	0.475247524752
0.136210783131	0.0184049079755	53	625	3	0	48	0.475247524752
0.136309329773	0.0184049079755	53	626	3	0	48	0.475247524752
0.136345210806	0.0184049079755	53	627	3	0	48	0.475247524752
0.136365226717	0.0204498977505	54	627	3	0	48	0.470588235294
0.136792024126	0.0184049079755	54	628	3	0	49	0.47572815534
0.136913412945	0.0163599182004	54	629	3	0	50	0.480769230769
0.136931942418	0.0163599182004	54	630	3	0	50	0.480769230769
0.137231053731	0.0163599182004	54	631	3	0	50	0.480769230769
0.137359953089	0.0163599182004	54	632	3	0	50	0.480769230769
0.137438762902	0.0163599182004	54	633	3	0	50	0.480769230769
0.137488150755	0.0163599182004	54	634	3	0	50	0.480769230769
0.137915890569	0.0163599182004	54	635	3	0	50	0.480769230769
0.138005314795	0.0163599182004	54	636	3	0	50	0.480769230769
0.138323923422	0.0163599182004	54	637	3	0	50	0.480769230769
0.138839076186	0.0163599182004	54	638	3	0	50	0.480769230769
0.13885376781	0.0163599182004	54	639	3	0	50	0.480769230769
0.138950278843	0.0163599182004	54	640	3	0	50	0.480769230769
0.139146197338	0.0163599182004	54	641	3	0	50	0.480769230769
0.13915287396	0.0163599182004	54	642	3	0	50	0.480769230769
0.139231455451	0.0163599182004	54	643	3	0	50	0.480769230769
0.13965799074	0.0163599182004	54	644	3	0	50	0.480769230769
0.139698910859	0.0163599182004	54	645	3	0	50	0.480769230769
0.140141814048	0.0163599182004	54	646	3	0	50	0.480769230769
0.140220721436	0.0163599182004	54	647	3	0	50	0.480769230769
0.140470886022	0.0163599182004	54	648	3	0	50	0.480769230769
0.140505336408	0.0163599182004	54	649	3	0	50	0.480769230769
0.14094821543	0.0163599182004	54	650	3	0	50	0.480769230769
0.1415959032	0.0163599182004	54	651	3	0	50	0.480769230769
0.141831805319	0.0163599182004	54	652	3	0	50	0.480769230769
0.14185653421	0.0184049079755	55	652	3	0	50	0.47619047619
0.14233599183	0.0184049079755	55	653	3	0	50	0.47619047619
0.142424848656	0.0184049079755	55	654	3	0	50	0.47619047619
0.142516922622	0.0184049079755	55	655	3	0	50	0.47619047619
0.142570615204	0.0184049079755	55	656	3	0	50	0.47619047619
0.14286215001	0.0184049079755	55	657	3	0	50	0.47619047619
0.143065297381	0.0184049079755	55	658	3	0	50	0.47619047619
0.14324476758	0.0184049079755	55	659	3	0	50	0.47619047619
0.143252139655	0.0184049079755	55	660	3	0	50	0.47619047619
0.143469290715	0.0184049079755	55	661	3	0	50	0.47619047619
0.143774657622	0.0184049079755	55	662	3	0	50	0.47619047619
0.143884645192	0.0184049079755	55	663	3	0	50	0.47619047619
0.143892599649	0.0184049079755	55	664	3	0	50	0.47619047619
0.144193558906	0.0184049079755	55	665	3	0	50	0.47619047619
0.144344840859	0.0184049079755	55	666	3	0	50	0.47619047619
0.144402115847	0.0184049079755	55	667	3	0	50	0.47619047619
0.144796261386	0.0184049079755	55	668	3	0	50	0.47619047619
0.144940966279	0.0184049079755	55	669	3	0	50	0.47619047619
0.14525461419	0.0163599182004	55	670	3	0	51	0.481132075472
0.145348361441	0.0163599182004	55	671	3	0	51	0.481132075472
0.145731724803	0.0163599182004	55	672	3	0	51	0.481132075472
0.14615902139	0.0163599182004	55	673	3	0	51	0.481132075472
0.146176383931	0.0163599182004	55	674	3	0	51	0.481132075472
0.146181618518	0.0163599182004	55	675	3	0	51	0.481132075472
0.146553177124	0.0163599182004	55	676	3	0	51	0.481132075472
0.146763045214	0.0163599182004	55	677	3	0	51	0.481132075472
0.1469166673	0.0163599182004	55	678	3	0	51	0.481132075472
0.147258817758	0.0163599182004	55	679	3	0	51	0.481132075472
0.14737502172	0.0163599182004	55	680	3	0	51	0.481132075472
0.147677061353	0.0163599182004	55	681	3	0	51	0.481132075472
0.147726535124	0.0163599182004	55	682	3	0	51	0.481132075472
0.148177706891	0.0163599182004	55	683	3	0	51	0.481132075472
0.14837482313	0.0163599182004	55	684	3	0	51	0.481132075472
0.148808214943	0.0163599182004	55	685	3	0	51	0.481132075472
0.148894888416	0.0163599182004	55	686	3	0	51	0.481132075472
0.148914512435	0.0163599182004	55	687	3	0	51	0.481132075472
0.149068859914	0.0163599182004	55	688	3	0	51	0.481132075472
0.149171097965	0.0163599182004	55	689	3	0	51	0.481132075472
0.149279668337	0.0163599182004	55	690	3	0	51	0.481132075472
0.149305659126	0.0143149284254	55	691	3	0	52	0.485981308411
0.149488474024	0.0143149284254	55	692	3	0	52	0.485981308411
0.149624710583	0.0143149284254	55	693	3	0	52	0.485981308411
0.149707590682	0.0143149284254	55	694	3	0	52	0.485981308411
0.149889246714	0.0143149284254	55	695	3	0	52	0.485981308411
0.150006239323	0.0143149284254	55	696	3	0	52	0.485981308411
0.15011906992	0.0143149284254	55	697	3	0	52	0.485981308411
0.150560708531	0.0143149284254	55	698	3	0	52	0.485981308411
0.150806400007	0.0143149284254	55	699	3	0	52	0.485981308411
0.151025383713	0.0143149284254	55	700	3	0	52	0.485981308411
0.151079587433	0.0143149284254	55	701	3	0	52	0.485981308411
0.151639645277	0.0143149284254	55	702	3	0	52	0.485981308411
0.151996262437	0.0143149284254	55	703	3	0	52	0.485981308411
0.152137881827	0.0143149284254	55	704	3	0	52	0.485981308411
0.152659308011	0.0143149284254	55	705	3	0	52	0.485981308411
0.152662124688	0.0143149284254	55	706	3	0	52	0.485981308411
0.153175838483	0.0143149284254	55	707	3	0	52	0.485981308411
0.15376631803	0.0143149284254	55	708	3	0	52	0.485981308411
0.153812288297	0.0122699386503	55	709	3	0	53	0.490740740741
0.153871547768	0.0122699386503	55	710	3	0	53	0.490740740741
0.154457529467	0.0122699386503	55	711	3	0	53	0.490740740741
0.154497602548	0.0122699386503	55	712	3	0	53	0.490740740741
0.154660415589	0.0122699386503	55	713	3	0	53	0.490740740741
0.154862355214	0.0122699386503	55	714	3	0	53	0.490740740741
0.154897622358	0.0122699386503	55	715	3	0	53	0.490740740741
0.154948110148	0.0143149284254	56	715	3	0	53	0.48623853211
0.154996927547	0.0163599182004	57	715	3	0	53	0.481818181818
0.1552791744	0.0163599182004	57	716	3	0	53	0.481818181818
0.155284972369	0.0184049079755	58	716	3	0	53	0.477477477477
0.155309105435	0.0184049079755	58	717	3	0	53	0.477477477477
0.155507516435	0.0204498977505	59	717	3	0	53	0.473214285714
0.155529203244	0.0204498977505	59	718	3	0	53	0.473214285714
0.155714562925	0.0204498977505	59	719	3	0	53	0.473214285714
0.155725636622	0.0204498977505	59	720	3	0	53	0.473214285714
0.156013904306	0.0204498977505	59	721	3	0	53	0.473214285714
0.156050375381	0.0204498977505	59	722	3	0	53	0.473214285714
0.156134473744	0.0224948875256	60	722	3	0	53	0.469026548673
0.156740190824	0.0204498977505	60	723	3	0	54	0.473684210526
0.156886120176	0.0204498977505	60	724	3	0	54	0.473684210526
0.157701614488	0.0224948875256	61	724	3	0	54	0.469565217391
0.157878474034	0.0224948875256	61	725	3	0	54	0.469565217391
0.158014936815	0.0224948875256	61	726	3	0	54	0.469565217391
0.158110794147	0.0224948875256	61	727	3	0	54	0.469565217391
0.158171688941	0.0224948875256	61	728	3	0	54	0.469565217391
0.158207093595	0.0204498977505	61	729	3	0	55	0.474137931034
0.158336047439	0.0204498977505	61	730	3	0	55	0.474137931034
0.158368335003	0.0204498977505	61	731	3	0	55	0.474137931034
0.159468395197	0.0204498977505	61	732	3	0	55	0.474137931034
0.159678765606	0.0204498977505	61	733	3	0	55	0.474137931034
0.159974080188	0.0184049079755	61	734	3	0	56	0.478632478632
0.160125401591	0.0184049079755	61	735	3	0	56	0.478632478632
0.160181872008	0.0184049079755	61	736	3	0	56	0.478632478632
0.160202881552	0.0184049079755	61	737	3	0	56	0.478632478632
0.160396065437	0.0184049079755	61	738	3	0	56	0.478632478632
0.160422237532	0.0204498977505	62	738	3	0	56	0.474576271186
0.160478861799	0.0204498977505	62	739	3	0	56	0.474576271186
0.160665285927	0.0204498977505	62	740	3	0	56	0.474576271186
0.160686775549	0.0204498977505	62	741	3	0	56	0.474576271186
0.160725446558	0.0204498977505	62	742	3	0	56	0.474576271186
0.160936043293	0.0204498977505	62	743	3	0	56	0.474576271186
0.161154237015	0.0184049079755	62	744	3	0	57	0.478991596639
0.161649529458	0.0184049079755	62	745	3	0	57	0.478991596639
0.161655184008	0.0184049079755	62	746	3	0	57	0.478991596639
0.16171062184	0.0184049079755	62	747	3	0	57	0.478991596639
0.161753584563	0.0184049079755	62	748	3	0	57	0.478991596639
0.161798286215	0.0184049079755	62	749	3	0	57	0.478991596639
0.16238405057	0.0184049079755	62	750	3	0	57	0.478991596639
0.162522132324	0.0184049079755	62	751	3	0	57	0.478991596639
0.162715924289	0.0184049079755	62	752	3	0	57	0.478991596639
0.162754375	0.0184049079755	62	753	3	0	57	0.478991596639
0.162910266681	0.0184049079755	62	754	3	0	57	0.478991596639
0.163279975185	0.0184049079755	62	755	3	0	57	0.478991596639
0.163302665767	0.0204498977505	63	755	3	0	57	0.475
0.163433418004	0.0204498977505	63	756	3	0	57	0.475
0.163441238819	0.0204498977505	63	757	3	0	57	0.475
0.163480833222	0.0184049079755	63	758	3	0	58	0.479338842975
0.163585227555	0.0184049079755	63	759	3	0	58	0.479338842975
0.163681521343	0.0184049079755	63	760	3	0	58	0.479338842975
0.16376008318	0.0163599182004	63	761	3	0	59	0.483606557377
0.163854155318	0.0163599182004	63	762	3	0	59	0.483606557377
0.164243386764	0.0163599182004	63	763	3	0	59	0.483606557377
0.164607771411	0.0184049079755	64	763	3	0	59	0.479674796748
0.164798497463	0.0204498977505	65	763	3	0	59	0.475806451613
0.164835306439	0.0204498977505	65	764	3	0	59	0.475806451613
0.1653927202	0.0204498977505	65	765	3	0	59	0.475806451613
0.165407112479	0.0204498977505	65	766	3	0	59	0.475806451613
0.166245715205	0.0204498977505	65	767	3	0	59	0.475806451613
0.166432917729	0.0204498977505	65	768	3	0	59	0.475806451613
0.16659911238	0.0224948875256	66	768	3	0	59	0.472
0.166663716796	0.0204498977505	66	769	3	0	60	0.47619047619
0.16667504709	0.0204498977505	66	770	3	0	60	0.47619047619
0.166998889577	0.0204498977505	66	771	3	0	60	0.47619047619
0.167096250514	0.0204498977505	66	772	3	0	60	0.47619047619
0.167193452843	0.0204498977505	66	773	3	0	60	0.47619047619
0.167635787664	0.0204498977505	66	774	3	0	60	0.47619047619
0.167814652405	0.0204498977505	66	775	3	0	60	0.47619047619
0.167898053169	0.0224948875256	67	775	3	0	60	0.472440944882
0.16870143977	0.0224948875256	67	776	3	0	60	0.472440944882
0.169074747946	0.0224948875256	67	777	3	0	60	0.472440944882
0.169383512538	0.0245398773006	68	777	3	0	60	0.46875
0.169963812185	0.0245398773006	68	778	3	0	60	0.46875
0.170183835478	0.0245398773006	68	779	3	0	60	0.46875
0.170794695961	0.0245398773006	68	780	3	0	60	0.46875
0.170919200559	0.0245398773006	68	781	3	0	60	0.46875
0.17121436604	0.0245398773006	68	782	3	0	60	0.46875
0.171496237986	0.0245398773006	68	783	3	0	60	0.46875
0.171613337901	0.0245398773006	68	784	3	0	60	0.46875
