cnumpy.random
__RandomState_ctor
p1
(tRp2
(S'MT19937'
p3
cnumpy.core.multiarray
_reconstruct
p4
(cnumpy
ndarray
p5
(I0
tS'b'
tRp6
(I1
(I624
tcnumpy
dtype
p7
(S'u4'
I0
I1
tRp8
(I3
S'<'
NNNI-1
I-1
I0
tbI00
S'\xa3\xb8\xb0\xa0H\xcd\xaf\xd9\xf9\xb6\xa7\x1f\x04\x98\xb8\xf2G\xc7\xbcF\xdf\xecnX\x1d>D\x95\xee2\xf8\xc1\x99\xdd\xd1\xd1R$\xd1\x95\xc8\xd6Fo\xf9\xd6\xbc\xa8\x96\xbb\x1f\xaf\xd0\xcc\xafz\r}\\\xcc#Oke\x1c$\x93\xf5\x1cgp\xbc\xa2\xf8\rfV5\xd7;L\x1au\xcd\xa9<q\xe6\xb8\xa0\x1f\x0b\xe9I\xee\xb9Z|\xcds\xf5\x88/\xbd\x92\x07\xa3\xcc?\xa7 \xc2oN\x97\x9f\x00\xee^8|\xb6\x10;\x80\xdd\x0f`\xe9\xe3\xb5T\xa6\xaa\x98x\xd7a\'YP\xefY\xc7\xd3\x18\xcd\xb8vN\nU\xb9 JI\xe0p\xc0\x0c\xff\x8by \x92J\x8c\xa5\x98\xc2s\xc4\x80)lt\xc2\xad\x86\xfa4;\x88[\x11\xe2\x8d\xd3<\x10\xc6"\xbe\xddOP9mv\xe5O\xc8\xd2z\xa9K\xe8\xebIc+#\x96X*G-C\x90\xb1p,\x9d\xd2o\xf5\xfe\xc4\xd91\r_m*x\xefD\xae\x92N\xeb\x9b+\xfe\xdbS\xf7\xc6\xdeU\xb6\xc6\xbfV\xf9\x94\xd1\xae\xfd\xe0\x04\x06\xb2 \x08g\xb1d\xa9\xc3:\xc4\x98\xc0\xe2h\xb5\xc3\xfa\xbbI\x01[\xa6\x80\xadCw\xed_S+<\xbd\xa8\xc9g\x0c\x0b\xa8kX\xe0\xcfq\x9b];\xff\xf7\x01\xe9H\xe7\x93\x7f\xbf\x87\xb2Z\xed\xc5\x032\xc8\xdb\xa0{\x1b\xebt\x1b\xbaU\xcf"\x83\xaf\\:\xee\xc9\xdb\x82\xb5\xcb\xc2\r\x90\xff#L+\xde\xc7\xf4\xfd3U`^@\xce\x91\xd0\x87!\xccd\xb5V\xde\xdd\x03F\xe8\xb6\xfa/\xfc\xd2&\x8dg\x85vJ\xc4b\xc6\x969S\x1a\xaa\x1dj\xb5\xd3B\xb7\xa6\xa6\xfcl>\x91\x12@_\xe5.93M8\xcdq\x9c\xaa/\x9a\x9f\x9a\xe5\xdaE*\xc3\xf3\xe8\xa3au\xc2G\\kdH\xb7Q\xadC\x01~\x87\x8fpO\xbf\xcc\'\xd1e\xeb\xc5\xcb\x96c\xd6i\xb5\xab\xec(O[x\xc0G\xeb\xc2\xc0\x1f\x04\xa4T\xfb0:\x1a\x049q\xa8\xbd\xfd\xb5#z8\x9f\xc9h\x93\xf2\xf7\t(C\x8c95\xa8\xff;\xc6\xac\xc6\xad\x90F\'\xcb\xbd?E\x8cD\xe8\xdc@$\x8b\xceo\x1cR\x86[\xfc\xd1\xe5\x8aLA\x19\xa92"N\x88\x12\xa4\xc5\x13\xe1W\x90\xa6\xfd&\x06s\xc8^\x8e\xc7\xb46\'~\xffv\xcc\x9bMnx\x91N\xff\x8e\x1c\x05\x92\xf0o|P\xd2\xf4\x97`O_\xfe\xa5d1s\x84L/H\x02mI\xf1\xfa\x08-o\xd5\xac%\xf0\xdda\xfe\x9be\x1a\xeb\x07j\xf2\xe0:\x1a\x93\x1f\xd7\x8e\x8eK84=]y\xe3`\xc9\x18\x8dW\xdf\xc4<\xff\xb7c/*\xaf\xe4Ej\xb6\xfd\x10-\t\xd5\xa7\xa4=o]xxm\xd0\x8b\xeb\xad\xb5\xa9\xae)\xb0\x92,\xee\xb2\x9eFFVQ\xca\x18\xf7\xf5\xff-\\b\x0e\x0f\xa2\xc6\x1e\x04\xab\xc43\xfd\x9e@\x06n\xb9\x15\x0ep"\xe7\x98\x0e7\xb7u\xd7\xf2\xf3\xb2U5\x08"\x80\x88\xa6FpN=J0\xd3\xbe\xb7%\xca\xb3u>\x7f5\x16\x882p[7\xfc\x10dp\xf5\xf1\xc6\xe7\x15t\xa3_\x1dfs\xe6\xeb\x1c\r\x8aB\x1a\xf0PL\x1bh\xcb\r\xc7\r\x9c\x05\x12\x8c\t\x80YA2\xaa\x046~\xb9F7\xd8\x03\xd6\xc3\x97%5\x04\xaaM\x87@v\xa7\xec^tz\x16\x98\xc1\xadd\x80\xd2\xfap\xbaQ\x92g\x0b\xf4\x8d4\x97\xd0\xf5[\x93H\x94\x95\x8d\xa5\xe6\x90\x88S4\xd5\x00\x98T)H[\xa7N\xbe\xe6\x82J1\x87 C}l%\x93\xd8\xed\x84\xf4\xef\xa7p\x99\xdfK\xd7~\xcct\x99\x01\xcd\xad\x81\xf3\x98D\xdb\xe1\xf2+\x8eL\x99\x8br\xf0T,\xa4\x03\xefN\x8e\xb9\xcbg\x92\xa8,\x0c\xf2.\x7fR~\xccu\xce\t\xc1\x8a\xb4\xa0\x91\x83\xc1"\\K$\xc3\xa28\xb9IC$\x89OI\xa9\x15\xc8\x93\x8b\x1a:#\x0e\x0c\'\xce\xd7\xdb\x01\x91\x0c\xa1\x92\x12M\xdf)\x99eH\x07Sj\xf4\xcf\xd9]\x12\x19\x88oPn\xb6\xfd\xd2R@T\xdc\x83\xb2\x1e5\x1a.\x95H\x92\xb8\x94B\xbe\xf5p=B\x91\xfeRA\xe3j\xb5A8I\x93\x8ft#\xf2\xa6%\xb0\xf7s\x01\xf6\xd7u\xf0\xfe\xf6\x9d<n\xa2\x95\xc9o]\xc7@\x0e{\xdf\xf7Ec\xcbv\xa0G,]\xcb\xf7\xcb\x9aQ8(\x03\x17u\xfar\xbc\xb8)G\xde\xbf\xce\x00H|bR\xff\x89P\xb3\x1b-\xb1N\x8d\xc1\x18`XE\xe6f\x1e\xca\xd3G\x86\xd8\xcag\x1dI\xf6-\xe5\x93\x1cwp!g&*\x8e2\xd8\xfa\xf0\xb0\x9d\xe3\xbb0\xc1\xe1!E~\xe0\x8e\xc58\x81\xc7\x7f5\x9f(\xdd\xe3p\xb9$\r\xc5TE9K\xc5J\x85\xd1\xe2\xf1E\xc4\xeb\xe4P\x06\x1e\xe1,q\x9d\xcf\x9e\xee\xab\xa9\\C\xb1\xe4_\xd1<\x89\\]\xaa.CrQ\x86R\xfd\x0f_Z\x05\xf9\xca+!`\xc0X@\x93^\xc38\xf3\x8c\xcc\xd1\xd6\x00\x1a<\xd8\xd1\x0f&\xd8\xf8\xdbe\x97e2\xd3\x06\xc3\xeb\xc8#|\xa5\xbe\x04\x1d\x06\xe9LCs\xfcr!\xc4\xb9y\x83\x845\x03m\xff\x83\xe1\xbf\xf8\x7fR\x1e\x1b\xf629\xa1\x86cq\xaa\x8dGI\xf5\xa4\xe4\xbe\x92\x01\xf5\x06\x17\x07\r\xe3)\xf3\xabm\xb4\xa8\xaf;\xefG8\xbf}\xcf\xbbF\x86r\'\x07\xd0\xb3\xe9SpxU\xf5\xc9\x8c\x8c\xee\x92\x80\xd7d\xe5\xa7\xbd\xd1r\xed\xce\x93\xa8\xa4\x18\xddGE~h\xcd\xb8\x85mN\x14\x8b\x0f\x11f\xf8\xb0\xa2\xaf\x9e\xd9uz\x17;\xbb\x9a\x85f6\xd8!6\x92\x1b\xde\x19\x9d\xa8h\x80)2\x003E\xe0\x96g\xf5q\x97PN\x06d\xdb\xf0\xf8\xbcC\xd8\x1b\x00wHj&:(\x88\x8dB7:\xd0c5;\x1b\x1d\xc9i\xe9\xc9J\xbc\xd9\xc1\xd0t\xa5\x0cV\xafd\x03R\x1e\x0b\xd5\xf2\xef\xf7\xb8/V\x08\x8a\x9a\xf8\xeb\x9e\xc5?N6\xbe\xe8\xcfJ\xe7&\xb6\xeeV,C\xf4\xe9\xff\xcbz\'\x9d\x84\xadB\xaf\xe7G\x1d\x02\x19W\xab\x91\xc6c/<\xd5e\x0f\x87H\xc3"\xe4\xe2\xab\x9ae\xb9\x87A_\xf3O|hvf\xb4\x00%\xb8w*\xe1_\xbb\xd9\xa6\x83\r\xdc\x84\xef\x90\x00\xb1\x06\xa7\xc9\xc3\'r\x99\xe7\xfdQ\x10*\']>\xdd\xc7G\xb8\xe6\xc9\x9d\x9d\xaf\xa3(\x81@8^s\x02\x00\xc0\xb8\xc0Q\xf0\xa6v\xd1\xf1\xfe }[\xc4G\xe0\xa7\xe3\xfb\xa5\t\xa7\x95#\xf2\xeb+D%9~\xf1[\xbc\x0c\xda\xbb4\xb34\t+4\xa8:\xda\xe89X\xa5\x91`\xe1 I\xf8\xc7\xabUm[\xf7\xac\xe8L\x85t\xdf\x87oenN\xe2\xb5\xad\\\xc8K\xa4\x87\xe3\xc4\xb9Gw\x98X\xd1B\xf7\x970\xf3a\xd45\xbe\xeb\xbbVHuo\xac\x17\xf7\xb5\x03\xd1\xa2},\xde\xad\x0es=\xc5\xf8\xda\xfd>\x9f\xd76\xb5\xc3F=%Id\xe9\xc6\x03\xa0\x1d\x84\xd0\xc49\xfcF\xbe\x97\xbaG\xd7\x83F\xc6\xfb\x83\xfa\xb2\xc8\x8c\xc9<\x98\xcc1\xe3\xa9&\x87-:\x19.H]SQ\xb3\xf1\x9b%L\xfd\x04\xea\x89L\xdfK\xa3\xb5\xd0\x89x\r\xce\xd1\x89\xa9\xb2u\xbeUEd+\x13\xcc\x8b\xa2\xf86\x81K\xcc\xa5t\xa2\x8cc\x8c\x06;\x89\xec\x82\xe3@Q&\xe8\xd3\xe4\xa8c\xa8\x1eU\xca\xb1\xcfn*(\xee9X\xc8\xfa\xb7^\xd8\xd9\xa4^t\x8f\xd3\xf6$\xfd\x96\xb5\xd2d\x00{o\xa9g\xaf\xd6Ft\xb3\xd6\xc7*\x0b\x96\x9e\x95Y\xcc\xb4*\xee\x9e>\xf2}\xf9j@\x15\x9bt\xc8,q<\xb6U\x89m\x10\x06\x9f\x16\xa6\x93\x17\x8e \x0f\x92\xb0BN\xeb\xae.\xc1N\xd5[=\xd8\x83"B\xf4\xe3\xadiI\xc2\x92\xaf\t\x13\x9d\xdb\xc0\xc8\xf3-d^]o\x04 k\x16\xbe\xc4\xef\xd01;\xf3\xf4\xbf\xd2\x8d\xab\x9b\x93\xe2\xf4\xa1r\x90R\n\xfa\x07\xe8\x9a\x07\xc7}\xa9\x8f\xa0\xd4\x91\xf0\xa8\x89\xf3\xb6\xcf\xef\x90EB\xeb#0\xdbA\xae\xa8\x04[\x89)\x10@\xd3[\xd4\xc6F\x9fhG\x04\xd3\x13\xd9& Hs5\xfe\x94j\xab8O\xc9\xcfAue\xa3\x0e\x10\xde\xf33q\xa3\xa5t\x0c\xd9\x03P\x8c{\xd3\xc2\x97\x05\x96\x12\x96\xcc\xcc]\xd9\x1a\x0cM\x86$\xb0\x8f\x00\xd1\x8f?I\xdd\x18@\xfb\xa8Z\xf3\x86\x1d\x1f$=\x94;f\xfa\xb2\xbc\xc2d\xf6\xbf\x84\xd4s\xd96\xc6\xab\xf3\xc2c/\x05c;{e\xac\x818\xb4\xc9\xd3a\'\xd9&\xbe\\\xf5\xa8\x96\x07\xec-,b\x18\xfe\xce\x19\xe6\x85\xaf\x19\xb2\xe1\xb6\xa0_\xdf|\xc1\xe7|\xee\xcd\xb1\x80\xf6d\xe6?\x82\x18\xd1\x81k\x01\xe7G\xf4\xcc\xdb\x8dK\xc9\x90\xc4\x05\xaa|\xe5\x15\x07[\xa2\x9e\xaf\x08\xd7\x80\xcf\xb0\xb3\xab10\x9c\x80\xe3J\x17|v\x06\'\xc2\xf2\x1bs\xa8;\xdco\x8c\xf6pQ\x8e}+J\xaf\x0f\x94Q\xe84Bf\xf5I0\xedkY\x08!\xd6\xa07\xefx\xb5\x80\x8cw\x94!#\xc4kp\x9a\xbe%a\xb7\xa3\x1f:<\xf9b,\x0e/\xf4*\xcb\x19\xd2\x8c\x8d\xf5fUW\x1c\xfc\xd7\xc8Xm\xba!>\xe0\xb8\x18\x11\xb5*Cqi\x0bE\xd1\xef_\xdd\xae\xb1\x8d\x92\xbe\x8d\xf5c\'j\xccv\xa2t\xd4\xec\x1fK\x1b\x83\x14Rb\x7f\x1b\xd9c\x80\x05\x19\x80\t[\xf7\x05\xbfB\xf3e\xf6\xa2\xfc\x0b\xb6\x13\xf06\x81#,1\xe8Tw\x8c\xb7\xea\xdfV\x1dnV6V\x1f\xcbG\xca\xd7.z0\x95l\xe9$\x12\x15\xcf#f\xa4dr\xdb\xff\x1cC8\xd9c\x83\\ \xf0\x9fp\xcf\xaf;\xa0^\x15\x07\x89 V\xdeG\x04"U\xaa\xe5U\xee\x922\xf9-\xb3#{\xcdDX\xf6&[\x1fJ\x05o\r\xb9\x9e\xf3F\x8b\xb9>=3\xaa\xdf\x00\x94\xaf\x15\xdf\x14\x87;1\xae\x81\xe4\x08\xdc\x88}I\xa3!r\x08\xbd/jk`\x87r\xa5\xf4\x8c\xbc\xf2\x14jm\xf4<\xa5F5\xdc$\xca\x85A\x9e^\xd4%\x08P\xa5\x8f:r\xf8k;\xe9\x01\xbbwB\x8f\xec\xda\xa6\xc2\x9b=\xb2\t\xcf \xf0\x84\x9ce\xd7\xbcY\xc6A\x8fW\xbe\x00O\xd08\xd1\xcb\xba'
tbI624
I0
F0
tb.