cnumpy.random
__RandomState_ctor
p1
(tRp2
(S'MT19937'
p3
cnumpy.core.multiarray
_reconstruct
p4
(cnumpy
ndarray
p5
(I0
tS'b'
tRp6
(I1
(I624
tcnumpy
dtype
p7
(S'u4'
I0
I1
tRp8
(I3
S'<'
NNNI-1
I-1
I0
tbI00
S'7&x\xd5<\xa2\xe3M\x99\x9exS\xc6R\x01\x1f\x86\xfe\xcbre<\xe1L\xdcf\x0b\x1a\xd8\x0c\x11\x93\x89\n?t\xe96`b}\xd2\x91H~\xec\x12-\xee\t\n\x89\x9e\xdf\xf2\x9d\xe3f\x0f\'<{y\xb9\xac\xb5f\xaet\r\xb0D\xa1J\x86\x110\xfcm\xd1\xbb\n\xb3\x0b\xad\xe6\xbb\xf5\x9d\xa3\xdfx\x03,]m\x03\xb6}\xfb\xc3&G-\x8f4\xc6\xcf\x15\xf3\x81\xad\xebR\xde\x06{\x87\xb2\xa8\xf7\'\x13\x86.\xfc\x94\xe6\xe6\x82xj\x08\xdd\x9c\x93hw\xe0`\xf8Z\x96\xf4K\x9d\xf8\x11W\xc8$E;\x0fn\xe2X\xac"\xb0\x81\xd8+\xc1\xf10\xb78\xad\xb4\x87\xdc\xef\x1f\x02\xf9\xb5g7/\xbd\xe0\xbevPhkM\x91d/\xb4\xc9?\x84\xd5\x93\xe1\xf3\xbf\x9c\xed@\xa1\xe9\xf3\x830\x95\xa2\xf3v\x91\xfc\x9c\xc6+mk1\xfb3\x15)4\x10\xbd]G\xed=\xe8z\x92b\x93\xb2\xf8Y\x8f\x00[B\x1e\x1bx\xb5\xf8\xca\x03\x16V\x03\x9b\xbe\x06}\xde\x90\xfc\xefoL\xeeWTz\xcds\xff\xb9\xe1\xddUx9;\xc5\xd7f\xf3\x04IZ\x06b\xe8|G\xba]\x8d\x1c\xac\x86\xd2\xee\x9b\xcf\x06\xeb\x96\xcf\xb9\x87\xa0\xf6\x0c2\xbb\xf5getASsp\\\x05\x99\xf6\'\x05\xd9\xcd\xa0\xca4\x1b\xa6{8=\x9f\x90\'=\x07C\xe7\x83}\x88\xd4>\xd6\xd9\xdf\x87P\x9a\xefF\x12\x9b\x85}!\x80\xb4\xa2\xa6\x08\x9f\xb6<\x04\xb5\x9bC\x1az{\x01B\xcb\x90\x15\xc6\xe6C\xd7U\xd5amcfiU\xd4\xd0\xa9L\xa0Oh\xf2\xb4\xab\xd2KuG\x89V[b\xe7M\xe5\x11Z\xa4\x1ab\xaa\xeb=X\x89\xee\xef\xc7\r|!\nP\xbb\xf8\xff\xe8\xd6\xc01\x1b\xce:B\x7f\x15\xd3\xae\x1d\xd5\xa1\x10\xc9\xd0\x0c\x946\xc7$\xb9\xfa\xaf\xaa\xefo;$!\xdd\r\xb8N\x14\x0eL\xef\xc8v\xd7\x83n\x06-[\x82^VX\xca/L\x10\x94\\\'Y1\xb1\t\x92\xf8{\x1d\xb6DVD\x8c+\x92\x9ck\xce\xce\xa2\x19\xc3\xc1\xf3@\x9d\x97kTOm{\xe7V\xf8$\x10Hd3-\xf0\xd0&\xddt\xda\x80\x90\xda\x8cd\xcd\xa8\xff\x9f\x91\xe2\xb8\xe9\xb4\xa8\x80y\xd0\x89k\xb5\x98\xcb\x00:Il\x96\xffz\xfaAs"w\xf8"\x8f\x8f\xc2l\xf2n\xc1\xbf\xfd\x81\x8a&\xbcA\xe9\xc6\xe6\x03\x12)\xa7\xafE)K\x8f\x8e\x8d\xfc5\xf1\xf1h\xa8`\x1e-\xe3\xd0\x04\xbc\x18!\xb7\x14\x0e\xd0m\x16\x81\xa4\x16%\x0e5\x85G[,"\xb3u!^V\xb3\xb9\xcaV\xafA\x8cxi<!\xc8m`H\x8c\xf8\x0b5\xd0\xd8#`\xcb\x891\xa2\x8cP\xd4\'l\xfd\xd0\xd6P\x88[+b\xa3\xc2\xa9\xf2\xa0P\xc4\xa68{\xd2\xbc\xfc\xa2@\x0e\xf4\x91)i\x05\x1d\xee\xfd\x8f\xbf\xe4\xc7\xea}\x96\x13a\x13\x11\x9a\n\xb5\x07~\x13\xa53\x1f\x8flvn\xb7\xf1\xee\x95\xd5n\xc1\xa1\xb9R\xaf_\xf0w\xdeOq\xf0\xce\xd4)zY\x8f\xcde\'R&8\xe0\r\xb8[s$\xf4V\xf4^\xf1\x1f\xa6\x17\xac\xc5g\xa6\x0b\x193\x0cD;I\xd5\xbb\x0f\x16\xbe\xf1Z}\x83\x9a\xfc\x8f\xc69K\x85\xbe\x04;x-\xc9\xb2\xf0\x00dw\x13$.#\xa8\x97\xd5ps^\xd8\xca\xf1\x1b\'\xa4\xd1\xc8\xefq\x06\xe8\xec\x0f\xbcA \x16~\xc7A\x9b\x9f\xd8\x07=\xaa\xe6\x10\x8e\xaf\xdd\n\x9f\xa0I\x8d\xbc\x8c\x15\x1b\xa5\x0c\x01s:(tmQ5\xdd\xf1\xad\x88z0\xdeK\x97\xd8\xde\t\xa5\x92\x142k\x07\x83[g\xd4s\xfd\xc6\xaf+\xef\xb1\xceM\xc7<\xa0^\x1f\x81\x9e-\xe4\x17\x19\x9a\n\xeb\xea\x06\x8b\xee\x08y\xd8\xbb\x96\xf9^\xe91\xabB\xe9Fyf\\P\x9c\xb8\x8fpY\xa5\xa7L*\xf8og\x94\xc2\x86c\xa0M\xd1hMe|\x95"\x04\x8f\x1d{\xe4\xa6\xa0Yzt\x14&\x91\xd6\x1dDD\x0e\xdf\xc0&sPh\x00\x90e\x98\xfdBr\\\x96HWpn \x03z\x89\x0b\x8a\xde\xc0\xf1\x91E0\x1d@`\xbe]\xeav\xcb\xcd!\xac\rnJ\x81R%\x85\xc2j`n\xe4\xd2a\xd4Vv;9\x14^\xff\x1d<\xce\xe8\xed\x1d;Q\xa9\xb7\x8b\xaf\x08S\x86hlqT\xb3\xad\x85\xf6x\xcec\x05\xca\xf2\xad[W\x88\x1d@\xb4#d\x15\x18\x87;\x9f\x03~!J\xfe\x86\x15\xb0\xbeT\xb5]\xdcXL\\\xba!\xa4\x9f]\xa2\xc5B\xffS\xaeg~\xab9\xe3uJ\x8f\x92\x00\\\x04&\xf7Q^\x88\xbf\xf3Z\x99\xe4\xabu$\xec\x9a\x15\\\xf0\xb6\xf2\x8b\xd0\x93#j\x96\xf5b\xc9\xb2\xa4\x04\x19\xa6\xaa\xb6u\xc0n\r~LY0R;\xb82\xe6\xf7\x19\xc9\x1cD}\x10\x86j\xc3\xa3\x93\xfe\xc5\xf2\x94*U*\xbankJ\x10\xe0r\xef\xea \xacW\x92\x95\x18\xe6\xa3=8\xe3\xab\xa3\xedS\xc0\x8f\xfe\xa6\xfa\x06"z\xf6\x9c<5\xcd|\xbd\xaf(\xfe\xfc\xa2o\xcb\x16\xec\x04\xd5\xc8v\x16\x91I\x02\x97T=\x85\xae\xa4@d\x0b\xd6\x98\xb4\n\x9b\xc7\x07*e\x8b\xe5:K\x84\x88\xf9\xbe,\x06\x7fU\xe8?\x1cB\xe9\x88E\x934\x15\xe0\xfd:\xcc\xdclR\xd7^kL\xe4\x1c3\xa7\x1cd\xf4\x1d\xcc.\xa8R\xfa\xf6N\x8a\x9cr\x93n\xfe\x8f-\xeaQ\x0cs\x12\xfeW\x16\xd1\xaa\x01X[/\x1d\xd0\xe4\xd7q\xdc\x8e[\xd6c\x83j\x02\xa3\xbd}\xfb\xd98"\x97%k\xfdv\xe6 \x18f\xd7l\xcf\x93l\xf98\xde\xf6\xcf\x8ck\xccj\xcd\xe3\xed#\xcb\xc1\x948d\x8d\xf2H\xba\x08O\x90}|\x84\xf3F?U\xffr(\xd1\xf5Q{\t\xe7\xcaf\xfe\x82\xb3\xe5`\xc6\x92t\x95V\xc9\xc7\x05\xcf\xcf\x95\xd8z\x90Sx\xac&\x98\x98\x06\xf6&\x86\x1d\xfc\xdc\xb7E%\xd2\xbe\xb8j\xcfn\x02\x9d\xa8S\xe1W\xbd\xd4W\xad\xfd@\xbfz\x8a{a8\xda\t\xfcW\x88\xc0\xa6\x15E\xd8\xad|\xc7\x15\xf1\xd7j\xdd.\xb9\x03\xe0\x90\xb5\xd1N"\xc2eg\xcb\xaf\xe1T\xab\xe24\xb5^\x99\xdc\\\x04+\x00\x1a\xf00\x04\xe4Y\x95\xc0\xe5\xe5\xabH\xbb\x1b\xde\xe5\x98\x9e\x8a\xa1\'\x88%Nq\xe7\xc6M\x03L\x8eD\xc0\x8d\x8f\xdf^\xa2\xaf\x11\xc3V\xf9\x9e\xc3\xa9\xfe\x0c\x8a\xfb\xe0[\x80j\x902]\xb2\x08-0-\xa8.)?\x800M\x08\x99\x158\xda\xe8_\xe7\xed\xd7\xf3,\x95\xd4\x8b\xe8\xcc\x92\xba\x93\xe5\xca\xde\x87\x7f\x83\x8e\xbaW\xff\xf6\x9bt\x11e\xcaN\xec\xcdZ\x85C\xe5A\x9c\x98\xeb\x11\xc2wB\xe4\xfdr\xe0\xbb\x0e\xb6\xd3t.\xf1~\xdf]\xbe\x19\x92a>5\xb5\x0cJ0/\xb8\xeaK\x93\x8d5o,\xfb\xc3/\xf3K&l\x84B?\xe2wP\x14\xe3\xaf\x12\xca\x01Fm\x86\xc8\x809{\x9d\xcf\xb4\x18U\xb8\x1d\xa8\xf9\xd3{\xd8y]\xc3Kg\xe0\xab\xeab\x8d\xc2s\x15\xcbT\xf1%\xc6\xaeO\xff*\r\xae[\x08\xb3v\x13\xc4\x1a\x98x\xba\xd9\xae\xd0\xebD\x82\x8b\xf9]\xcb\x9c\xce`s\xae- \xf2\xb0q+\x0f\xb3z\xf1b\xdb`N\xf4\xc5\xbf\xd9\xff\xa0\x90\xf6=vR\x0e\x01x\xda\x9d\xd0\x02\xean\x01\x81zw\rv"j&\xab\xbej\xc6\xb0\x97\xde+&\x94W\x8fZ\xaeu,\xc3\x8c\xf1\x98\xdc\xd1I8"\xc1\t\x1e\x0e(\xfb\x86\xfb<\xe9\x9a\xd7u\x88]\xaepg\xcb+/\xee\x16\x8c%\x99\x7f\x0c\xe4gX\xfb\xfd}I\xb8\xbcMcN+94H6\x10\xa6\rG\xb4#\xd9\xaa\x16\xe7\xe0_b\x00\xb86?\xb0K\xe2Lg\x087N\xf5\xbe\x0fn\xe2\xcb\xa0A\x91f*\x9d\x835\x8ew\xe9)\x10G\xc6u\xde\x80\xf6\x96\x03\x9fd\xf7\xcaQ\x9e-\xfex\xd9A\xa9\x15\xf5Rk(#\x05e\x17\x92\xa1\x16\xa5\x8f\xb6\x0e\x8d\x07\xf3 \xce\xd5U\xc9N$\xfc\xf4\xe0\x10\xefdp\x16\x15\xdb%\x149\x88%\xcf\xc4\x7f8\x95\xdbi\xee\x01\xecf\xb8\x85\xbe\xa4\x92\x82\x96\x83\x88\xf5\x99\xf6E\xe7\x9e\xefK\xef\x1e\xc9\xfd\x0f\xc7<k\xb31s\x94\x95\x92O \x07>\xc5\xea\xcc\xaeU\x04Q\xc5\xba\x0f\rljw.\x82\xf1\x8a\xac\xc9\xf2\x7f\xf6\xf5\xe8yCT\x02G\xda>\xa4g8\x98\x9fC\x00\x14\x81Wn\xe2\xb6{U)\x1fN|\'XQ\x9at\x94\x993\xd3\xac\x90\x8e@/\xae*\xbcmMy_\xed:\x9d\x87\xad\xaf\xa9\xd9\xcc\x92\xd3\x04/\xddI\xef\x84\xdd\xfd\xd2f\xe5\xb2PzV\xeb\r\x87\x9d<\xe6L\x8b,\xc6\xc0X\x13w\x08\xf6xn:w\x89\x9d\xb4\xe5\x12\x83\xfb\xe9\xed\xa3\x8b\x8b\x0b\xb6]\xf9\xc6\xb0]F\xb4!\x1d\xcfix$\xfe\xa1r\xa5\x06\xca\x94-w`\xed#A/c\x1d\x8d#\x86\x9d\x1c\xcb\xe8w\xcd\x8d\xb0\x98\xac\xf5p\xd4\xc3L1\xe34mww_\xdc\x1bO+i\xcb\xbc\x8e\x155\x95\xe3\xd4\x04\xc9\xc4\x19\x9c\xbb\xcer\xadbZ;\x9d\xdcru0$\xb7\xf3t\xf8\xd4f\xdbb\xe8yt\xb1\x00n\xa6\xa0\xb3\t\xdau!\x9bW\x0f\xca\x99;\x94Q\xcc\xc0 \x86#=\x9eD\xaa\x1e\xa3\x8c\xd4\xd9\xcc\x93\x86\xc4E\x95\xb4\xc0\xc6\xb1\xbb@\xe8\x91P\x1ewN~?\x15\xc2\xfcnbTR\xc5\xab\xf6Y\xf7\xda2\x80@\xc7m\n).U\xee63\x8cN\xf0\x8bC\x91)\xfb\xa8\xab[\x06p\xc9\x89\xd3\xc6\xcc\x19\x92"\x11\xb8\xe9\x87\xb0^\xd1O\xa1\x86\x8f\xdc\xc1U\x83\x05\xa5\x93\xba\x8bgg@>\xf4\xed\xba\xf6\x8f3}\n\xe8l9\xcb\xc0d\xe0b\xcc?\xea?\xb65r(Ej\x8c\xc4e\xfc\x8aS\xd8c\xafL\xa9\xf2\xac\xaf}]w\xc7\xaa\x89s\x97\x87\xb1\x97Q\xe8\x04\xbe\xff\x83\x1bU^\xb7\x8bK2\xe6\xfb\x08h\x19J\x88KQ\x07Y\xdf\x04\xcf\x10W\xf3\xe6\xf5\x08\xbd\xf1[\xc0\xd8*t\xeb\xff#\x136\x13y\x83\x0c\xab\xf1\x1cL\x8c\x89\xca\xaf\x0c<^O\xe5\x13/i\xb1\x02\x8c_\xfb\x9c'
tbI624
I0
F0
tb.