cnumpy.random
__RandomState_ctor
p1
(tRp2
(S'MT19937'
p3
cnumpy.core.multiarray
_reconstruct
p4
(cnumpy
ndarray
p5
(I0
tS'b'
tRp6
(I1
(I624
tcnumpy
dtype
p7
(S'u4'
I0
I1
tRp8
(I3
S'<'
NNNI-1
I-1
I0
tbI00
S'\xe7\xbet\xa3,b\x1ceY\x8d\xf2\xf0\x06\xe0j\xa3#\x8a\xb1\xa1\xa9\xba\x9a\xef\x8cn\xcb\xef\xfd\x82\x9f\xcew\xb9\x9d\x9b$\xd4\xaf\x89\x95V\x1c{_\x0e\'\xd0\xbe\x98\xa9x\xef\xa8\xde\x8f\x05g\xf9\xae e\x8f\x0f\xf7\xb7W\xab{n\x82|\xe48p$G(\x18[U\xc0\xe9\x07\x0fF\xe1=1j\xe6\x0f\x1b\x10e?\xe6]\x04\xb2\xb6\x95\xa0;\xb9y\xc3m\xe5\x87\x13\x8dI\xae\xbf\x9aY\x12\x8e\x0f\xec\xa2\x83l\xc1%\xf0\xf9u\x02\xf3\xd2\x88\xfa\x83X#\x96\xb0\xf7\xbb\xdd\xb5\x02\x7fK\x14?\xf4\rT\xe9\x9e?\x91\x98\x82\xc2\xf7\xff\x1b*6\xabL\x19\xb5\x82\xf9\xcc4\xfe7\x84\x93\x84{\x06\xd3s\xb4E\xaf\xc9^\x0epR\x8a\xf0)K\x86\xee\x05 \xc9h\xa1\x0fm\xa6_p\x1ep<\xffG\x82\x16\x84\x90"\xaa\x00yMl\xc8\x19\x83\x02\xdb\x9et\xfd\xe5eD.J\x9a\xe7i\xa2O\xfeQw\xdb\xaak\xd8\xfa\x19\x9aC\x9c\x91\x01Pi\nd\xb5\xa9\xcb\xa9a\xe9\x15\xf1|w/\xfe\xb9\xdco\xde\x0c9\x17\xf9kM\xf0D\xae\xa0~\x16;Hp\x86}v3F1cC[q\xb3\xfe\xc3\x06GOrZ%l6\xeb\xc5\xd5\xa8?5G\x85\xfe\x183/\x83u\x9a\x10\xfa\x98n?\xe1\x93\xa1\xb7LC\t\xa4$\xd3t\x19.\x84~Z\xb4\x0b\xf2\xbfu<\xfbq\xc5\xf2\xdc\xbc\xd8\xe7\xe9\x8a2\xf9\x80$?|\xbb\xe2dJ\xb7!&\xdc\x80\xbd\x9363\xd25\xe5\xe52E\xf0\xb1+\xc0\x1b\x0c\xec\xf6y\xae\xe7\xac\xf3\x97\x9c\x8b\x19K\xe6H\x85\x92\xfa\'\x87\x1e\x84\xe4\xc8\x11\x96,QS\x9e\x11F\x1a:\x12\x9a\xb9!\xe2i\xd7(A;Jc]\x9b9\x98j\xf2HG\xbf\xc2\xd4\xac\x03\x17E\xcfk\xbb\xfat\x80\x15\x12\x82\xc2\x0f\xe7\x7fs\xd4h\x92<\xd5\xdcf_\x03\x9b\xb7\x85}\x17\xf2\x05+*z\x03\xee\xef\xae\xa7I\x99\x9f\x11\x107\xfa-\x18\xceA&\xf8\xe8\xd4\xcdz!\\t\x10\xe2\x8e\xa0\xc1\x02XS;\x03\x96\x0b_\x97\xaf\xa4\xb7\x1d\x87\x83[\xb9\x95\x0e\xf7\xff(\xf5\xc5Q\xa0\x0cc\xe9\x96\xd4\xa0\xfe\x82\x89U9\xb1\xed\xaf\xd7\x8f\xf7NH\x93~\x94\x04\x15E4\x89[E\x91}\xbc-:M5\xe2\xffF\xf5(Q\x85T\xc0\x8f[q\x81\x06|L_AL)\xa4|\x08\x884:\xdb\xfb\xa0\xe9&\xbe\x06\xd2B\xa5SFUc\x0e\x88\x84\xf1\x11\x8c\xb6\x80\x1b\xc7\xba<\xce\x184\x05\xe8\xaf/\xec\x96\x98\xec\xc2\'Z\x15\x97\x80\xae\x11\x97\x85\x1dF\xf5bd\xca:\xc2\xc4\x8fV\xec5\x15\xb0u:G\x1bu"\xe1\xe6]\x1f: \x95\xfa\x89q>\xa8:\xd6\x8b\x01\xcf\x03MT\xca\'q\xcfY.\xd8J|\xd0\xb6\xbb`<\xe4\x14\xe0ty\x83p\x06\x85G$\x0e\xbe\xc9\x82\xe6^Sa\xef\xe8\xbeo]\xe6/\x80\xbd\xca\x86\xf0\xcf\xceQT8\xe1\xaeKHck\xe9\x8c\'\x88\xbbJs\x07*\x9a0\xfd\xd6~T\xb6\x84\x9a\x84R\xa7\xad\xfe\x82\xe3\\]HG\xa7\xcc\x9a\x97u6\x9e\xb1g\xfcNW\x7f\x1a\xa7M\xc5Ed\xd2\xc4\x84\xc2\rK:&K.\x88\xc2\x0e=<\xe3\xb3$\xe8\xd8`\xc08Uh\x18\xc1ml\x04\xb3\xf2^\xaf\xc9\xdf\x1e\xc0\xa3\x83\x9f%\xe6X7,\xf6\x99N\xe8\xbdC\xf3\xed\x10`p\x1c\x8c\x9a\xb1\xc9\xc1X}\x99@4\x1f\x88\x19_]\x84\x97\xd7\xfb\x0e\xde\xdb$.\x12\xb6\xb5K\xa4\x8b\x90\xb0\x0b\xa2\xe9g\xf6\x11~V\xccS\xb1\xc3\x8f\xa9\xa7\xc9\x96(\xf9\xc4\xc6y\xa2\xfc\x1d)\n\xffa\xcc=\xe8\x11\xc6\x01\xa2\x92V\xb1\xe3\x05\xa8\xd9\x8e\x19\xd1\x01\x1d\xc3\x9f\x13\x0b\x13Q\x8c\xc1\xcb\xa7\x80G\x02\xa7#\xc41\xcf(\x1e\xe7t<\x14\'qY\t\x84\x8d\x83\xdd\xedLEK8\xdc$j\xbc!\xf76\xf5\xf2\xf9\x08\x9cC|\x1a\xd1:[\x07\xd3\x80\x89#]\xf6\xa0\xa4\xdf\x14ig+/\x87]\x1b\x17\xba:\xb9\xf5\x89\x82\xc2"\xac\xeb\xf6\x1c\x1c\xf5\xa7\xc0\x14\xc9\xc8\x91\xc8\xcf/\xee\x92\x9d7uI\x99x7\xd2cDy\\X\x93\xb6~y\x12\n\x01\x98\xabl\x0cH\x1b\xe2\x98\x8e\x9d\xbb\xfd\xf2V"\x02f\xc2u<\xa24\xca\xff\xcd\xe8^\x1bY\xb5\xd7\xf3/\xf4\xd4 \xba{\xa3*\xecI\x15\xe9\xf4\x8e\xf9\x0b\x19\xecKw\x19\xfa\xa1\x8d\xfa\x0c\xbc\x86\x8d\xc9\xfai-&\xdc\x02y\xc0[IUs>\x12\x85a<\xb7\x19\x83}\x91>o\xacj\xe2R\x0b~<\xd0\xb9\'\xc7i\n"\xbah\x9b\x9a\r\x91n\x9f\xc2\x04]\xffT\xaa\x7f\xbcK\x9b\xc8C\x8f\x86\x0c\x0f$\xd7\xec\xf4|\xd0\x06\x7f\xe2}\xbf9Hr\n\xaa\xf2\x05\x82\xfd\x13.q\xc0\xcf\x1fx\xfen\xeb\x9beS\x92[\x93\xed\xb8\x15\xe2\xa0!\xedC\x89\xec\xe2+\xdf\xc9\x11\xce\xfd\x95`\r:\xa4\xf0\x828\x15\x9f1\xec\xe2\xce\xa2\xe1\xfa\xf9\xff\x01)5\xd6\x01\x8f\xf6`\xac\x111\xe6\x17\xc0\x7f\xd1Rd|rR\x8c\xeab\xd1L\xae\'\x172\x84\xc3\xa3\'\x19\xad\x91,zM\r\x94V\x17)\xd4lK\xd9\xb4Dpfy\xc2\xbbE\x90\xc2\xde\x99\x10\x90Q\xc2\xabr\x92Y\xb9Z\xd9%\x13tJ\x15\\\xd0 \x0c\xe0\x90\xe9\x845FE\\\x93\xc9\xaf\x17sTV\x13A\xe0\x81\xac\xb6+`I\x88\xc5\x9b\xac\xd4#\xd4\x83\xeb=\x80\x857\x84\xa7\xbc\xfd\xc6\xf4\xbbk7(\xb4\x08W\x9f\xd0d\xc5p\x88\x0ei\x9c\xc3\x7f\xc1x%\x9b\xc0\xa9\xa1\xca1\xa9\xb2\xab(z2\x03\x88x\xec\xc2@\xe4`\xfai\xb9\xd1\x1c^\xb7\xba\x89\xca\x03b\x99\x83\x99w2\xb6T\xcbl\x1a\xe5f8\xb8v\xfcq\xefu\x05\xd8\xbcf\xbf\xae\xc6\xd1\x0c\xbf\xed8\t\xdcG\x9e/\xa9\xea\x1d\x15\x01)<\xe7g\xac\xb9`\xf6\xc9\x0b\x91x\xee\xe1K\xdc(\xfd\x97I\x87\\\xf4?\x82\x82\xb5\xa2\\>\xf8G\xcf\xac\xba\x81\r)\x15\xbc\xd1\x1ah\xed\xa6\xf9\xad\xbb\xbc\x17\xecq\x8f\n_\xcb\xad\x85\x05\xfe\xd9\x9a\r\x0b\x90\x8c\xb2\xa6\xdb\x8al\x17\xd2\x9b=\xbe"\xfc\xa8\x9e\x93\x8fUx\xad\xb66\xab\xa1V\xce\x90:\x12\x9ag\xd8a\xd6~3\xa2\x01p\xc0xPC\xf5\xa8\xff\x82\xcf\xa8\xc9\x1d\xa2\x13+\x0cHSs4}\x85\x8bf\t\xff\xf8\x0e*iu%\xdb\x8a\xacL\xb6v\xbcx\xf0L\ne?P\x99\xd5\xb6\xa5\'\xec\xf3\xe1\xad\xecCK}\x85\x1d\x8d\xe9\x05\xb0v\x1e1\x1c@\xf2\xfb]A\n\x82TrW\xad\xcf\xed\xca\xd8\xcb+\xed!\xd3\xae\\\xe5\x93\xa8+\xee\xa3\xe9\xc3\xff\x1cyAqg;\x19\xa0\x10a\x95v\xc1A\xef\xa9\x1c\x9bQ\x98"Y\xaf\xf5\x0e\x0e\xc2XO;\xa0\xd7nP\x0b\xd5\xfc\xbc\x08\xb7\xd1\x84)\x1a\xd0\xe8\x07{%\xce\xe6n\x9f\x0b\xb7<\x11<\xc0\x8c\x90\x90\x8c$d\xec\x86y\xa1E\x962\xc7\xdd\x9e\xf4\xc1\xf1\x90\x8d\xdb\x95\xb1\x06\x03\xc8\x1b\xb8GQb\x16lWK\xa3y\x91\xd2\xc8\xf0\x8b\xb8\xae\x945\xf3\xa5\xcf\xde/\xe2>\xeb\x96\\M\xa8\x14\xee\xa1\xaa\xf3\xb3\x8cXO\xd2{s\xc9\xd5b\x9d7\xad\x9eI\x87\x1d\xb5\xf6\xe6\'\x17*\xf0\xaf\x94\xd2\xe3v\xe5i\x94\xe9S+< \xc8U\xfa\x8f\xc9/\x11\x87\xd16\x8a\xa8\x95\xf7\x971w{\xfb\xee\xcb\x08\x05\xdb\xbbC\xcf\xef\x80\xff3\tL\x11\xc9\xd9\n)\xb5HG\xb7\xe7e\xd3\x92M\xc4\xd9d\x1b+\x1d\xa4\x14W3\tn\xe5\xf2\xc3\x8d\xf5\r\xba\x9f\xdf\xe0\xece\xa2Xg\x06\xd0\x1c\xa4\xfe\x8et\t\x87I\x97\x86\x97g\xa8\'L6I\x0c\x0bK\x9c\x90\x10_\x0f\xd7}r]\xc6\xcd\x0b\x19t\x19B\xb7~\x8dX\xf5}\xbad\x0b\xb5\xb0E&\xb6\xb0\x94\xa3=T\x1dD!g4\x86\xa9\x1d\x96\x1b)7\x1a\xf8\xc5\xa6T\x97=\x03\xb6F\x8b3\xf7\x06\x9e\xe8\xab\xaa\xf6s\xae\xb7pH\x01\x17\x8a\xa4\xbc\xeeY2!\x03B\xc3^E\x19\xd2}\xae\x1c\xd0\xef\xf8\x9a5L\xc7Z\xd4\xb8\xa1G\xeft\x8fO\xd2\xaa:\xf7\xe0r\xe6\xdfS\x11\xb9\xd6\xce\xd3SD\xf5oK\xc5W0z\xc9\x05\x9eSYGo3d\x1eDnc\x7fC\xf7\xd5<\t{\xf7\xcb\x0et[\xfc>\xdf\x8c\x07\xd8s\xcf\x9a\x07\x82p!;\xbf\x0e\xe87\x90\xda\r\xc9f\xef\x99\x15\xde\xff$\xe0V\xc4n\xa0\xaa\xbf]\x05\xdb\'\x1e7;\x9a\xdc)"vb\xd7"\x89w\x82U\xa4\x82\xe4\xaa\x02r\t\xb6\x9a\x88\xdd%VY\xf71O\xf5\nte\xbd\xaa:\xa0\xfcY\xd18\x993\xc6\x14\x8b~\xae\x97\x08\x16,V\xf2\xc2\x9d8a\xabDB"\xafL\xe4\x8a_\xc5\x0e\xef\x88D\xd6\xdd\x15\xcfo\xf3\x9aj\x19\x10\xd6\x0bz\xc9P\x94`\x87\xa4\x9a^8X\xec\xe9v\xe2A\x01\xc7\x9bIn\x99O\x94Ju\x06\xa3\x03\xe5\xc5|V\xf1rM\xbe\xc4*\x82\x02\xebJ\xd8\x9e7\xc5\xa7\x03\x06t\xda\xc8~N\x14N\xa3\xb8\xf9U}\xb0`\x19\xf5\x02\xc9U\xe3+\xac\xab\xfbm\x12\xd6Vf\xcet\xeb9\xf1\xb9\xb5\xb7\xd1\xef\xb5\xeb\xed`\xe0\xbd\xddk\xd9\xe5.\xf1S/l\xff&>\x9e\x14Z\x8a\xc7SG~#\x0f\x01\x9c8\x1d"4\xf0B\x84b\xf07.\xd9c\xc6\x95\x8f\xda\xa11\x87E\xd8\xd7\xbfu\x99i\xd8\x1b\xddng\xba\xd7\x1b\xf2\xd9\xf6\x18w\x16\xac\x9e\xddR\nnk\xc2W\xf0\x89\x93\x19\xb9:G(&\x99W\xda\x97\xa5\xd2\xf1LN\xd6\xb2\xb9\x9e\x93zT\xf4pg8\xf1\xe9\x8fb{d\xf1\xd81&e\xd9\xa1\x9c}\x83\xac\xe7\xd6U\xe5\xc7\x961\xdc-,\xd8\x82&:\xb8\xa2\xbag5\x07\x17\x8a\xf7\x8b\xfe\xed5M\x0b\xce\xa1\xc5\xb9E\xddJ%\x83\x1b\xa0$DZ\xa3K\x9b\xa8\xc3\xef\x0c\x81\xbapIP\xd8\xca z\x16\xc5\x1bt\xf2\xe7\xdd\xc06\xd8\xa7$h\xc4P%\x8f'
tbI624
I0
F0
tb.