cnumpy.random
__RandomState_ctor
p1
(tRp2
(S'MT19937'
p3
cnumpy.core.multiarray
_reconstruct
p4
(cnumpy
ndarray
p5
(I0
tS'b'
tRp6
(I1
(I624
tcnumpy
dtype
p7
(S'u4'
I0
I1
tRp8
(I3
S'<'
NNNI-1
I-1
I0
tbI00
S'\xa6 .\xfc\x8a\xeej\xcd\xdc\xd5\x18HW\x8e\xbe\xca\xdf\xa6\xf7\xce\x00J;3%\xfbR@\x06){\xee\x82\x8a\x94\xeb\xbau\x8e\xfe\x13\x1d1\xd0\x92\x1e \xab\x82x\x0e\xd4Otl\'\xbaH!\xc6\xf9\xb9\xa1\r\xd7/\t\xa2\x87C\xb4\xb4/%e\xf0\xcb\xfa\x87\xd8&\xc4\xf05\xfa\x88\x15\xcb\xe0\xc4\xd7\xbe\x93\x8f\xbbN\xb9\x08v\xdc\xcaJ\xb3\xcf\xec\x95\xdaI\xbd\xca\xc2\x0b\xa6N\xe0\xb4\xbd\x1dk\x0eJ\xc8\xca\xc3\x97S\xd4\xd3\xe0\xe13\x80\xacJ\xbd\x82\xfb\xfd\x0b\xe2\x03\x15VD\x94.!#\xf3\xf0\xe6z\x80\xcf\x88\x9a.6a\xb0}\x18\xc9bflz\'\xfe@\x15\x04\xbe\x98\xd3>\xbd\xf1\x18+(\xca\xa4\xa6A\r!\x03\xaa`\xa4C9\xff<\xc5l\xa4\xa8=\x8bQRv\x03s\xa4y\x82[\xae\xa7k\x94\xec\x851\xb3Ll\xed\x9e\xb7\xeaXTg;\xdf\xc0\xc3PK\x0f8\x88h$a|)\x9dn\xd3\xa0\\}@g\x08)\xb1\x10&\x9cv\xdd\xcb\x97\xc8_\x8b\xb2\xe4~\xbeK\x88\xfd\x9ecq<\xc2;\x19FW\x7f\x9d>\xc1\x03\xcb=zi[\xf1W\xd8\xf0d\xfc(.\xfe\x8c 0\x15\x95NRh|\xc0\x86H\xcc\xff\x988K\xf0tR\xd0\rU\xc2\x87\t\x94\xb57wG\x8dL\xde\xd4ED\xc3\x17\x15\x1b\xe0\xf4\xe5\xc0\x8d\x9c\xa7f\x17\xc4\rq\xcf\xfe\x13\xce\x0f\x18\xee\xc3\xb6\x8b\xd1\xcc4\xd6\xf0usd\x08\x81\xcd\xfa"J9&@\xa8`}F/S\xfb\x99\xdc\x92\tF\x04D\x1b:m\xd9\xdd\xc3\xdb\xdf\xa7!"\x1f\xecLj\x81\xfe\x99\xc5C\x17\x7f\xfe\xb2Q\xb1\xc7\xd6h2\x87\xdd^\xf2`\x1dpG\x18\xd3\xbb\x93q#\xf0\xd8\x85\xc8\xc9\x06\xcc\x001\xb2\xb1j(S\xc7\xf9^\x1a\x89\x01,\\\xbaZ\xb2c\x9c\xc4\x92}\x03\x11`}\xdf\x8b\x82.\xae\xe9X8\xbf\x80\xe4\xa4Byk=\xb6eY\x16\xe2s\x9c\x84\xa7,\xa2\x82\xfe\x9a\xff\xcf\x0c\x98\xd5 B\x1e\x83\n\x82\x8fx\x98\xee\xac`\x102.\xfeT\xda\xd9\xb6\xe1ef\t"\xfdd-?\xb2\x11\xf1*S\x9e(Z\x02\x96\xbaK\x07\x9c}\x82\x89n\x15z\x04\x84c\t\x14-LKU\x0e\x83\xb9\x1e\xf4\xfc)\xb9D\x9f\x17C\xe6R\xa1\xc1\r)\xf1\x85\x9b\xd1\xea\xfb\x15H#\x8c\'\xdc\x91X\x97\xa1(\x19l\x86\x90\x83\x89\xdcV\xf6;\xf3d\xc1\xa2zQ\x94\xf4\xefe\x882\xfej\xedj\xc1I\xf8\xa3m2~+\x84\xac.\xc8\xd8\xc6;\x160\xb3\xc5\x9eB$\xc8\xc3\xa9\xd8x\'\x11\x93; \x15\xc4\xa0\xa7Z\xbcp\xbe\x91\x12=\x02\x0b\xae\xeb\xde\x945\xc6\x0f,\xe0Z\x15\x05R\x9b\xe6l\x84\x9f\xd1]r_\xca\xe3\xd9\xdf#N\xf3Hk\xae\x14j\xaf\x9d\x92\xc6\xe2\x9e\x8a/\x99\xc88\xd0P\xdf\xe55\xf6\xd4\xc9Tl7\xfd\xf5"\xe3\xe3\x0b+gP\xc9.\xde\x19F\xf96I\xcc\x1b\x81\x06\x8f\x9b\xf0D\xb0\xd9\x8e\xb5\x1fz\xfd%\x13\x91\xb2#(\'\x0eH\xe6_}P\x19\x1d\x87f\xd5r\xe1i\xbd\xa0p\x96\xc6\xed\x87\x13\x11y v\x0b\xcc\x12\x98\x02\xda\xde1\x92\x04\xa4\xb4\x07\x9c\xa5\xeb\x83\x02\n\x9d\x85\x88\x87#\xe8v_\xc4\xa9z\x86\x123\x1a[\xa6\xf8\xdbb\xf1\x93E\xa7-\xe9\xef|\x16\xcd\x96+\xd2th\x8f\x8a\x88LP\xa3)\x11w\xf6\t\x196\xea\xc2\x15\xe5\xa9\xdff\x8e8\xc85W\xa3\x89\xb5\r_?U\xfa\xd6\xbb\x05\xba\xe8|\x06\xa4y\xf7@\n\xd8\xe8\xf1\x1b\x85\x0b\x0e7\xb46`\xc5n\xff\x0bk\'\x8e\xba\x90\x9bo`\xf9\xea\xa6\x1f\xf1Z\x02\xc8\x83\x9ao\x08\xe0\x0c\xf2)\xe1\xba\x95\xfa}~\xa6Y\xf8n\x93pwB\xbas<\x80B;\x9d\xb1k\xc0\x94V\x02K\x0e/aN6\x7f\xcb\xff\x1d\xa4\xbe\x87\xa5H\xe1Z\xf7*\xfc\nF\xd5\xe9\xdct&\xa6\xeaN\x92\xf4\xcd\xab\xfb/7`\xa0\x8c0\x8e\xed\x9c\xbe\xc8\xeb\xb4;\xdd\x9ch\x8bD\x83!\x1f\x10\xf5\x8fO\xb6\xa2\xdd6}\xb5\nF\x06\\"C\x9c\xde\xca\xbdtR`\xc1L}\x93b0\xc3-M\xba\xed\x90\x96\xa6\x07B5\xb7\xbb\xf6\x8d\xda{\x90~\x99\xe3l\x19\x81\xe7f\x1aG\xe5\x87\r\x91L\t\x95v\x8f6\xcc})\x07p\t;\x08\x04\xe8\xbf"\x11\xf0\x16\x9b\xc3\x99\x1f\xcexGu\x8eF\xa2uuLO\r\n\x07Q \x01\xbe\r\tt4\x95\x1d\x0e"\xe0\xe2\xb6c\xef\x91\xb4\x10\x81\xef\x17\xe7\xdd\x04\x0b\xcb\xbd\xbfJv`\xef\x9a/6\th}@\x94\\\xff)\xa0\xd1\xd70\xd3U\'\xf4\x1c_\x16q6\x08\xcb3{t\xca\n\xbd\xfc\xf4\xeb\xee\xe3\x0cw\xca\xfe\xb9\x83o:]Q\xbcu\x1f}\x9e\xb4\xf0M\x0c\xc8\xa1\x81\n\xf4GnP\x00e\xb9X\x00Q\xf6\xa8&\xc4\xe7\xf4fgB\xc6\x92\xbdtX"B\x91\xc6\xc06\x12v\xf8=\x1e\x9dp\x06e\xff\x8c$9\xae\x02/?\xedp|\xc4\tU\xa1\\n\x1b\xbb5\xeb\xe2\xd8\xe7\xcd\x8f\xb1\xd1\xcd\xeaO\xfe\x14>s~\xc1\xd0t\xde0\xd7\xa5\xf3~F\x00\xe2\xd0\x9e\x83\x86\x15\xab\xfcV\xe2L\xcd\xf2\xf1\xcd\x17\xc8\xda\x85Z\x93^\xed\x04\xd0\x8c\r\x88\x94\xb2\x0fM\xbfC\xd9\xc4\xebj\xe8Be \xfe4\xff\xfd\x0e\xeb-.fbu\x81\x8fV\xa1\xe6n\xac\xcd\\\x83m\x8d\xb8m\xa2\xf1m8\x14^\x01$60\x8f>C$C\xe8y\xeb\x1d\n\x1c\x97\x98\x02\xe4#:\x8c\x13\xdd\x95G\xec-\xc9A\xdd\xf7\xe2\x97!\x16?\xc6\xb4^\xe1\x13\x94\xb7,\xeb\x12\x17\x88\xf1=f\x87\x7f\xe4\xfcl\xcdB\xb5\xf2\x11P{\xd3\x7fd>\x9b5\x0cM\x92<\xaa\xe1.\xc0\xd2\xe0\x98i\x84&\xff\\\xb3:\xd6jqb\x11\x1d\x9f~d\xcf\xda\xc2#\x1c\xbd\x86\xd3\x96\xdeL\x8e&\x15\xdf\x12<,\xf4\xa0@So\xf2\xe7\x83X\xb4\xe6\xff\xa0xSD\xb6\xae\n\x97\xfe+P\xab\x04(ez\xe7:\x1bR\x041$s"3\r\xb5\xb0Y\xc5\t\x12\x8a\x95\xfd\xc5\xe9\xca\x16\x10\xed\xe5\x06\xabt\x17m\x17\x0f\x80\xc7H}\x83\x18\x96}\x8f;\x13\xa8\xddwT\xcd-KF\x94%Q\xd6\x14\xc3(TsF-,\xc5\x03ep\x10\x02\xb5\xa0\x9eA\x16\x9btG\xbe\'4\x08\xe1T\xec\x97\xea\x04\x91\x9b\xc9\xad\xcf\xd1\x9a\xba\x11\xa2\xc2}\xde0\x17\xe6\x1aA\xf7\xfd\xe5\xea\x85\x1a\x7f\'\xf2\xa3\xfb\x8c\xa1M\xf5\x01\x03}m\xf0\x89^\xc4$P-:\x9d\xc4\xa8\x85use\xde\xc1\x85an\xaf\x1f\xda\x17\xfdar\x01\xdd\xe2\x9c\xbdM\'\xdfNx>\xf6,\x19l\n\x12\xb2r<\x83]\xce\xda\x82SXOa\xec\xd3\xb3\x92\x1aG4E\xbf\xe3\xf1\xa8\x01\xc7\x11\x07\xc1\xfd\xce\x9b_\xfdI\xad\x85^\xaa|2\xf30\r7C\x8a4\x06k\x8a\xb6\xb9\x82\xa1T\xe4q\x9a\xb8\xba_\xb2\x84\x98\x95;j\xe8o\x83PV2\xdf\x98\xd3\xcb]:(\xc7`\x94\x0c\x9b\x82d\x9b\x15\x80I\x07\xf2\x9c|Q\x02i\xa0;G\x8c@\x0c_&\xdb\xa14R\xba\xc3n2\xb5\xc4[=\x99\xeet4{\x8eR\xe8\xdfJ|\xda\x9f=\x84\xb1\xb4\xfc\xda\x94\xb1\xaf\xd5\x90\xe1\x87\x97\xf7\xb2\xb1\xd3\xe7\x8e\x011H]-\xb8,\xbf\x1d\x03_\xfe\xc7\xc5_\xc8\x08\r\xaa\xf1\x1bJ\'ApL\xd66\xe7\xa1\xabF)\x11qm\xa0z\xed\x95\x9f\xc1A\xe7\xa1\x81m\xd2\x1b\xba\xfc.\xf1\xe0Z\xcc\x86$%b8E\xd1T:\xd7\x11C\xc1\xb8\xc0PBA./\x15k\xad\xa7g}2\x0c\xb5\xa2e\xfc\x81\xbb\x8e;\n%\xfc"`\xf94/\x91\xf80\xf3w\xd6\xe5\xb4\x9c<\xff\xd2\xfb\xb5\xc8\x0fC\xdf\xce\xe4Z\xd2\xe2"\xd6q\x1e\x1c\x18Fa(\xb9Q\xa8\x140\xc0H\x1e`\xcb\xee\xe5-\x00d\x9ah];a\xb2W$\xb5n\xc5\xb2\xac:\x06\xfeNeW\x08F7F\xbe\x02\xd0_9\xdd\xf2\xbe\xab\xd3\xe1\xd3\x89\x97\xac[~\x9d\x8b<*_u\xa8\xa5\x1bkG-{\n\xee\x95\xcc\xcfh\x1e\x0bJ\x85e\xf9\xa3@\xdb\x14J\xd0\xeeD\xba\x8e\x1d\xd9\xeb (\xf5\x91\x8e9\x02\x18\x17\x8b\xb0t\xf4W\x1eD\xd9U\xce\xbaGB\xc7\xd8\r3\xc9P\x08h"\x8c\xd0\x84KB\xf7\x8d\xd0\xa9k\x1a]\x12\xba\xe2f,\x12\x1c= T\xbc\\\x12\x1a\xc7*\x00:(}\x1f\xc2\xf8\xa2;\x02h\xf2\xad\xb6\x00\xabuS\xdb\xb6e\x06\xb5\xf2N\xfa-\xf7\n\xc8\xf9{\x19!\xfe\xd1\x1a\x98D\xd1\xac>N\xb8\xe7_\xc8\xafm\xf3-C\x94\xcbU\xa3n\xa6\x91\xc2q\x05Z \xa8y\xe2=.\x93\x13A\x83BPqMq\xf2:U\x86\xab\x90w\xd9\x00N\x0f\xbc\x97%\x90b\xa6x\xa08\xd5\xa0\xd7G}\x8b\x14\xfcjW6*\xbb\xf7G\x1d\xd1\xbd\xa8\xcaZ\xdf_F\r\x0c1\xf6\xa8%\xdb\xb8\xdd\xfe\xbe7\xc2h~\xf7-\xe3=\x03\x98\xfd\xa4\xbb\xdc\xa7\x8d\x01\x10\xfahM;\xd6\x1a\xc8:\x04.{\ny{\x88\x1d\xb6\xa2\xea%\xf8\xc0\xf4\xba\x8b-\xc8\xfbc\xc3\xc9\xfa\xf6\xd5X\xf7P\xcf\x0e\x93@\xe4\x8e\xdd\xa4\xf9\x9drl\x8a\xdb\x93\x9b5\xbd\xe4/\xd8K\xcc\x9c\x9a\x96a\x92R\xc8x\xad\xfbimD\xf3;\xaa\x80\xdd\x90s\xd2\xe7#\x80*o\xb5\x8f!2\x8e\x1f\xb4\xb4(\\}\'\xd0\xbel\x9fi\x91j^\xf7\xda\xf6Z\x1e"\xbd0ZT\xb4\x03\xcdf\x02\xf6\xe5Vq\xb2D\xfc\xca\x0c\x9a\xc3\x1e\x1a\xe3\xb1xV\tin4\xf3t\x173L\xa0-)\xa8\x00\x0fJ\xc5D\xb4\x9e\xaa\xe4\x90)\x9f\xda\xa4\x02kL\x06\xa8s\xb0\xf3\xc9J\xa0^=-\xd8\xbf\xe1}\xaco\x0e\xe9\x95\xfd\x1c\xd97\xf2c\xdd4\x80h\xf9g\x8c\x01"\x1b;\xb0:\x99\xdc\x1c\x9a\xbb\x1f\xe4`D\xfe-5zcY\xb2\x0b\xbc\xd9.CZxFq'
tbI624
I0
F0
tb.