cnumpy.random
__RandomState_ctor
p1
(tRp2
(S'MT19937'
p3
cnumpy.core.multiarray
_reconstruct
p4
(cnumpy
ndarray
p5
(I0
tS'b'
tRp6
(I1
(I624
tcnumpy
dtype
p7
(S'u4'
I0
I1
tRp8
(I3
S'<'
NNNI-1
I-1
I0
tbI00
S'U\xfb8\xc5\xf70|\xa3*\x8e\x8e\x1a\x1c\xc7\xfe+\xa58\xd0\x91\x9b]\x0f\xf5B\xe0\x96V8wR\x83ut\x94l\'\x91\x19\x98\x86\x17\x9f\xa3\xd6\x8e\x18f\xfd\xeb\xaeV\xe5\x06\xf98\x1d\xf2Q\x93\x1b\xad\xf51\xc2}q\x01H\xf5(\x12\xad0n%n\xf0\xa4\x98\x8e\x05Y\xf2\xb3\xbeXB\xac=\x87\xc1Lo\xccW\xe7\xe4\xdaM\xcb\xcdm\xe3V)\xd1\xad\xbf\xfdMp\x93\x99R5S\xfb\xb9\xb4\xf3\x9dZ\xdf>u\xce\x97Uo\x0e\xb4\xb2\xfe\xaeA\x8b\x1a\x1ek\x86\xa4\xed\x9a\x89\x92o\xda\x90\xcc\xf3jQ\xd1.\x19\x06<\x17s\xb6\xcdq&"\x9e\xe7n\xb4z\n:\x1c\xdd\x81P\xcf\xa0\xce\xc4Bbn|\xfe\x82\x850\xbb\xec\x05\x0e\xa5\x00\x18\x85x\x8d\xa4m\x01/\xf9\xb6|)\xfb\x0b\xa2\x87\xfc\xb9"2\'#\xa9\xf8.\x1e\xfa\xcc\xba\x9d<\xc8\x86\xae\xba\x04\xc8\x99-fl]t\x01\x8f\xea\xda\xc6@tR_8\x862\xf8\x88\xce!\xc6\x83\xa8\xa9\xd9)\x91\xa4a\x15nF!E\x94\xd5 \n$\xc3\x1b\x96\xe8k\xfbB\xcf\xeb\x86\x03+\xbc\xd1"X\x80\x0f\x1b&\x92\xfak\x1e#\xfd/^\x9d\x11\xd8B\xbf\xca\x04\xc1\x00W\x16\x99\x1dg\xc3)4\xae\x1f\x8d\xd9b\xa6\xce\xf5\x94\x04\xe1\xc1\x95\xa2\xe9\xe6w1D\xf1\x80\x04\xe3\xac]\xda\xc0\x92\x1c\xf8\xf6\xb5v\xaeg\x9fT\xc0\x13G !\x0e(\x03\x16\x15!j1\xb8\xbf\xa56\xcc\x8bx{\x14\x8c@mmb$\xa4\x04u\xe9\x06\'Y\x99\xd3\xd7\xb5]#\xd7\xaeB\xaf\n\xfdh(\x15\xdd6)\x19J\x1a\x13\t\xd4\xe3\xfa\r\x01\x98\xde\xd0\x86\xb1\xba6\x9dJ\xb4\x12`\xc4]\xc9$\xef{ \xe3\xd7\x96\xb6Js\x02MJ\xba\xca\xf6\xec\x93\t\xa5\xc0S\xa5\x91}\xc9aN<!\xe0)\xebE\x93\xb1PK\xba7\x1f\xcf\x16\x0f\x9f\x9e\x1d\xc5\xb7 \xe9\x05hhjYo5-\xc7\xe8o\xea\xc8=\xceo\x10\xcd\x0b\x9a\xfd"T\x18\xb0\xc1\xfc\xa1\x80\xad\xfcL#T8\xf9\xec\xc1\xff\xde=7\xf4\x11I<\x17\x187-\x92\xd4\xc0\xe7`A\x94\x1b_\x87\xec=Ry\xf9\xd7\xa5:z\x8c\xca\xf0\r0du\xae>\njl\xa61!\x15\x9d`\xf0\xa8@\xe6\xec\x9f\x9c\xaf\xbb \x87\xfc-\xa0\xe3\x01\xdb#zn\xef\x89\xe0\xa3C\x8cs\xea8\xea\xe3 \x8f\x8d\xed\xe8\x96dW\xcb\x1b,\xf7\x19]u@O\xf8+c\r\x94x@fm\xacE\xaa\xbeH\x9b\xb2\x8c\xc5\x85O\x1f+0u\xf6\xf8q\xb67+D\xd8EW\xaf\xf9z\x93:\x1e\x88\x96\xb6\x8f\xa2\x14_=\xe7\xbc\xb9\xffh*\xb8\xea?\xd9\xf5\x1d](\x0c}P&!\x92\xbe\xeb\x9a\x93\x86kaW\xc1\x8ck(\xac#\xaf)\x89\x9e\xd7y\xfb\xf3W\xcd\xde\xae\x86[\x0eu\xd4\xa5\x02\xc6wy\xd8\xad\xe4\xe0\x16n\x17\xdd/*\xb2\xf6\x03O\x93g\xaf\xf5\x1e\x8eG\xce\xa2=\xd3\x08(\x85\xc5v\x08#\xc6\xe4\xc3?\xe8\xbcFU8!_\xc4\xd0i[\xdb\x98ly"t\xa1\xd7\x80\x9a`6\x02\xc2\x9dx\x82A\xd3\ri\xec5\x84x\th\xf9\x86P\xef\xe0\x0c.\x8bI\xf83\xa2&(\xfduN\xc0}u\x1c\xea\x89\xf1I\xb3\x91\x8c\xda\xa8(.\xa2#\xe8\xdd\x9fde\\<\xe4\x1b\x99\xca\xac\xf0\x90\x87\x08{\xc5\x83\xfaC\xf4\xe6\xea\x8b\xc9\x0eZ4\x9c\xc7\xb5O\xees7\xc6\x91\x8b\xdb=\xaf^hD\xb5\x91`#y\x87\x82\xe2&\r\x10\x9ag\x05\x11\xcev.\xae\xd5]\xba\x87\xa5\x972WM62\x017r\x85[\x04#\xdd\xb1\xe1\xf4\xc8$d&0d\xc6:\xb7\xd2\xfb/\x9b\xaa#\x16\x10\x9d\xa1V\xc5\xa4H7\xbe\xf9\xde$E\x17\xec\xb2\xb6\xadZP\xd8\x95\x89\xb6\xba$\xc9<\xecp Z\x81k#\xee\xf8\x90\x10\xec\xf2\x02\x82\'\x0c_\xb47\x1b\x96N>\xde\xde9\xed\x06F\xb2\xe2\xdc\xb8\xc0\xd4\xb9\xc2\xe0^\xdf\xbf\xca\x02y\xf5\xbc +&Rgh\xb9\x06\x1b2{/\xb6\xb2M\xb1x\x19i\x11\xe3\r\xad\xda 8\xca\xe7Ou\xfaj\xc4<D\x13\x03\'\x9b\xd4x\xfa\xd1gC\xe8\xda#\'\xda\x83\x80P%_\xf9?"u\xd8K\xf8\x83h\xc0\xa1,\xc5\x9f\x14\xeb;\x8a\x87\xfd\x80\x0ese\xd2 \xf6\xe4j\xbc\xeb\x91\xe2p4\xfe\r\xbaP\xf7\xdau[DJ\x8d\nk\x9b\xc0]i\xae\x1b\xf4[\xa2\t5,<\xb4t\xa5\xee\xab\xb0"\xd4\xd0\x1a\xff\x98-\xa6;$N\x1fk\xed\xa39\xecT\x12\x9d\xeb^6z}\x94\xbf\xb9\xfa\xcf\x1dV\xde\x0bK\xc7\xc5;\x89\x99\x92@\x8a\'\x07[b\x1bG>\n\x87\x8e\x1en!\x06\x9ds\\4J2iJ\xae\xc8\x9b\x8a\xd4t\\{Y\xf4\x1f\xa9*\x81\x99\xbb\xe2\xbd_\xdc\xae\xba\xad5\x85\xec\x9c\x92J\xad\xbd\x14\xb8\xb87\xec\x82\x80-\xe5\x14\xc2\x15\n\x97\x90+\xe7\xa8wkk\xf8SQ\x13\xbd[6r\\O\x13F.\xdc\x0e\xcc\x89"\x18\xc8V\x17\x15\x15j)r\x99\x84^\x0b\xc9\xedC|\x9c~\xdd\x1f\x0b\xd8\n\xa3\xb9\x18\xf7\xcb\x16\x14\x1d\x00\xe00\xd1$e\xe6\xb2\xf3\xc6\xa9\x85\x97\xce/\xe7\xad.\x85\x87m\xada\x94\x9a5\x11\xc5!\xe1\x08s{\x9fD\x146\xbb\x9d\x85~\x16\xde\xd4\x1d\xa9\x04%J\x8c\xf5\xa4\xa9\xc7\x7f\xf9\x1a\xd5I\xd7&\x97\xd7\x9d\xd2L\xdd\x9f\x14\xc3\xc22`2l*FJ\xa0r\xd9\xf2\xa2\x10\xcd\xde\xc1\x8ai\xdayoF\x9f\xa2\x9d\x06o\xe4\xa8!_8\x05\xad\xae\xa9X\xf6\x00Q\xb3%\xf5S\xe16\xa8o\x81L?\x95\xda\x94S@\x7f\xe1X\x8c8\xbc\xe7B\xa4\x8b\n\xa2\xd3\x7f\xaax\xc6!R\xd7\x94x\x078\xb5 \x98@[\xf1IR+.\xb4\xb9~\xdb\x1c\x0f\xfcs\x8b| V\xa4\x93\xf7?.\x17\x9d4\x07\xc2\xa9\x0cL\xbd\xf3\x84-\xd8\xa1h%!\x0c\xb1\xe1-\xb9\xc9M\xd9\xdb\xb0\x94+\x92\xf9\xba\x17\xd8\xc6kA>:n\xbd\xde\xd1\xf5\x06\xa82\x81\x1a\xect=\xc7R\xca\x8d\xd0\x92\xb8\x92\x10\xc0\t\x8a\x9b\xaa\xa9\xe5\xb5\x03\x1a\x7f_{\xca\xdc\xaa:\xe8\x92X\xaan\xacP\x99WQ\xa9\x88`\xf9Q)\xbb\xe5zp\xfd*C\x9c\x8c\x9d\x91\xc0F\x94\xf7\xfb\x9e\x9f"\xd4N\xc5\xb6\xa5.\xc8\xc5\x85\x1dQ\xcc\x14\xd0K\xcc\xa0\x03(\xf9]\xe6\x0c$\xe8x\xe0\x99\xad\xdbAa*\xd2\xbb>\x8f\x11\xfdC\xa1\xda(N\x88\xe5\x9c\xad\x9eBhz~\x03\xfc/\xe16W\xa2\x15\x10\xfbbq\xdd\x1b\xc3\xb6\r\xab\x07\x98\xfdR\xe2\x109\x9f\xb1\xe8V.\xb1\x1f\xdc\'\x10\x12\xa8\xec\r\xbf\xdfi\xa7\x90\x1d\xed\x83\xd9\xd3\xc6\x9a\\\xcc)\x89\xfa\xd3\x9dpzP\xb0oB\xb7rn\x13?\xf1%\xfc&\xa2\x9d\xcd\\\xe6\xd7_\xb2\x1c$U\xfa\xaa\xe2?Z\x83/\'\xa7G^\xa0\xd8L\x1f\x13\xf3J\xa3\xa7\xfb\x1e\xebP$\xf1@v\xb5\xa5\xcf\xbe\xb5\x16\xf9\xc6\xec8?\xb7\xfa\xefA\xb0\xd9P\x97\rW\x9c\xb9\xcd,\xa6\xbb\x87\x95\x81\xf6sZ\xb7[\nV\xd9\xf5\x14\x98\xa3\x82\x87Zu\xa1\xc3\xea\x17\x9e\xb8-B6zcS\x08r\xee3\xd1\xe4\xa5R\xbc\x989\xd8s\xf8\xee8\x02\x13\x9c\xd7 6\xbe: \x11H\xfaSo$\x11\x1434H\x02i)\xd3}\x95\xe1\x1f\xdb\xcaI8\xae]\xc9\x00\xd3&\xd2\xa73t\xe0\x07}W\xe8g\xf0S\xd0\xfe\x9bPr\x00\xd5\x83\xe0{\x05\xdc*\xdaL\xd6\x91\x03\xf5"?\x97\rc-\x88\xd5D\xdc_\xd9\xaci\xd7s,`A\x83\xf0y\xeb\x02\xc6\xc1NsE\x02\xae\x107\xef\xeb\x8d6y~\xbb\xfeE0<\x89\xf8h\xed\xd8.~\xaeNGk\x9cV\xac\xbe\x06\x08m\x15W\x963\x1a\xb1\xf1x\x93\xeb\xcd\x123\xf2L\x88\xd5DUGu\xe8?\xabw\xdb\x80\xcb\\\x1a\xed9i\xa5\x1a/L\xbf\x0e\xfc\xf9\x03\x95S30it\xab\xf8\xe4\x1bk\x14\xb1\xc9\xcc\x7fD5\xce\xac\xa9\xc5\x13}\x9e\x1a^V\'l\xb7\xde&\x02\xbe\xb7\xacM6\'lz8H\xce[5!\xbd\xa1d*\xa4C\xc6\x11\x8f\xaf\xc2y\x04\\F\xd5\n\x06H\xfdk\t\x07\xd3\x03\x19s;\x0c\xb3\xf9\xb0+\x95f\xb0\xc0!\x83\t\x9e\xd9g\x06\x8d\x10\xc3\xb06\xb3\xf1&\x85>\xcb\x07\xb3\xbc\x98\x9d\x1e\x9a\xb5\x83\x18\xe8\xc52\xd3L\xf4\x87pt;\xe0\xa4TB)\xb0z\xab\xd0,\xe8\xed\x0b\x89U\x9f`T\x86\x87>\xaf\x11;\x98s6o\xa0\xdb\xbc\xc4:~F\x19\x19w\xacF\\.\x0f\xbb=_\\\xf2\xa2`\x8c?@\xbd\xfc\xef\xe4\xb1\x88|\x16\x96$M\xcdY\xdc%\xe1V\x98\xaf\xbf\xd3\xa3)\xccF\xebn*v\xee\x9dQ\x9d\xe5M\\\x03\xa9\xc5\xbd\xf7\xc6K\xc9\xf2&\xe9\x8a-\x18\xdd\xad\xab\xf0\xdb\xb5\x90\xdfk\x83\xa1)\x03\xe31*\xf7X\x8f\xcc\x12\xbf\t3\x8f\xf8\xb9\xa3V/\x1a\x82\x1d;\xf0c*G\xfb\x00E\xd9&\xfeJ8\xa7\x01\xa3\xf2X\x80\x13O\x98\xfa\xc2\x04\x87\xdd\xe2\xa0\xb7\xaf\xb6$Y\xb7(\x8f\xa5R\xf0\xb5\xdb\x03h~\x80G\xc9\xd8\x0e_\xf9\x9f=t\xeb#\x99\xe1?\xd9}?\xaf\xe0\x18\xbf\x0e\x15\x96\xe7P\x91p\x10\xb91\x0f\xd5\xc2\x7f\xc6\xd5h\t\xf5\xe7\xae\xca\x808\x16\xe6\xce\x84\xfej\xd6\x02&\x9d\xec\x86\xb0D\xaa\xef\xb8\xb0\xb5R\xf4\xcc\xd0\x1d\xbc\xd4\x0bYA\xa2e\xb4\xbdJD1i,\xb4\xf7\xedJe\xa6\x84\x03\xe7\xbf\\\xa1f\x93\x0f\x85v\xd4\x99\x1f"hm\xa9b\xea\xe0\xb7\xe4\x8c\xc1\xe9\x1a:\x97\xe8\xb7\xf0\xc5!\xd9\xef\xbf@\xb8\xbc0;\xd5A\x81vR\xd0\x86\x8eSm\'\xe3R\x92\x01c\xe2\n\x8b\xe3\xb8\x90\xe4{n\xbe{@,iE\xe3\xbdv\x8b$3\xda\xd0\xb6\xc9]\xc7C\xb0\x8e\'\x83D\x0b\xb6\xe4\xd7;\x90\xectBQM&'
tbI624
I0
F0
tb.