# time 	 divergence 	 # of mutations 	 # IGC chances 	 IGC length 	 # IGC failures 	 Changes due to IGC  	 % change due to IGC 
0.0	0.0122699386503	0	0	0	0	0	0.0
0.000113643339056	0.0122699386503	0	1	3	0	0	0.0
0.000481967740782	0.0122699386503	0	2	3	0	0	0.0
0.000898532288901	0.0122699386503	0	3	3	0	0	0.0
0.00107862210397	0.0122699386503	0	4	3	0	0	0.0
0.00115048025138	0.0122699386503	0	5	3	0	0	0.0
0.00119415995199	0.0122699386503	0	6	3	0	0	0.0
0.00153217280551	0.0122699386503	0	7	3	0	0	0.0
0.00179375645038	0.0122699386503	0	8	3	0	0	0.0
0.00213165133671	0.0122699386503	0	9	3	0	0	0.0
0.00299701099032	0.0122699386503	0	10	3	0	0	0.0
0.00323135907801	0.0122699386503	0	11	3	0	0	0.0
0.00352988069439	0.0122699386503	0	12	3	0	0	0.0
0.00417682611143	0.0143149284254	1	12	3	0	0	0.0
0.00418418960729	0.0143149284254	1	13	3	0	0	0.0
0.00453107344315	0.0163599182004	2	13	3	0	0	0.0
0.00463512961478	0.0163599182004	2	14	3	0	0	0.0
0.00470336309089	0.0163599182004	2	15	3	0	0	0.0
0.00499817827481	0.0163599182004	2	16	3	0	0	0.0
0.00503131482342	0.0163599182004	2	17	3	0	0	0.0
0.0051002530143	0.0163599182004	2	18	3	0	0	0.0
0.00550663756481	0.0163599182004	2	19	3	0	0	0.0
0.00552474562702	0.0163599182004	2	20	3	0	0	0.0
0.00564649594257	0.0163599182004	2	21	3	0	0	0.0
0.00572682637268	0.0163599182004	2	22	3	0	0	0.0
0.00579648608496	0.0163599182004	2	23	3	0	0	0.0
0.00581417052982	0.0163599182004	2	24	3	0	0	0.0
0.00614086861262	0.0163599182004	2	25	3	0	0	0.0
0.00622086790326	0.0163599182004	2	26	3	0	0	0.0
0.00647565276741	0.0163599182004	2	27	3	0	0	0.0
0.00672809922273	0.0163599182004	2	28	3	0	0	0.0
0.00690884985732	0.0163599182004	2	29	3	0	0	0.0
0.00768939656554	0.0163599182004	2	30	3	0	0	0.0
0.00783042778597	0.0163599182004	2	31	3	0	0	0.0
0.0081928413227	0.0163599182004	2	32	3	0	0	0.0
0.00850634523919	0.0163599182004	2	33	3	0	0	0.0
0.00857424888668	0.0163599182004	2	34	3	0	0	0.0
0.0086524900369	0.0163599182004	2	35	3	0	0	0.0
0.00892647380329	0.0163599182004	2	36	3	0	0	0.0
0.00899297896083	0.0163599182004	2	37	3	0	0	0.0
0.00911649919781	0.0163599182004	2	38	3	0	0	0.0
0.00932642916124	0.0163599182004	2	39	3	0	0	0.0
0.00972229230211	0.0163599182004	2	40	3	0	0	0.0
0.010085745752	0.0163599182004	2	41	3	0	0	0.0
0.0103053422407	0.0163599182004	2	42	3	0	0	0.0
0.0103367628172	0.0163599182004	2	43	3	0	0	0.0
0.0104952424955	0.0163599182004	2	44	3	0	0	0.0
0.0105927681455	0.0163599182004	2	45	3	0	0	0.0
0.0107077291383	0.0163599182004	2	46	3	0	0	0.0
0.0110845657476	0.0163599182004	2	47	3	0	0	0.0
0.0114317379918	0.0163599182004	2	48	3	0	0	0.0
0.0115089047728	0.0163599182004	2	49	3	0	0	0.0
0.011810725863	0.0163599182004	2	50	3	0	0	0.0
0.0121100830132	0.0163599182004	2	51	3	0	0	0.0
0.0122906397818	0.0163599182004	2	52	3	0	0	0.0
0.0124307983609	0.0163599182004	2	53	3	0	0	0.0
0.0124511548219	0.0163599182004	2	54	3	0	0	0.0
0.0126857384676	0.0163599182004	2	55	3	0	0	0.0
0.0126973686342	0.0163599182004	2	56	3	0	0	0.0
0.012953181906	0.0163599182004	2	57	3	0	0	0.0
0.0129751289725	0.0163599182004	2	58	3	0	0	0.0
0.0133007027243	0.0163599182004	2	59	3	0	0	0.0
0.013596991474	0.0163599182004	2	60	3	0	0	0.0
0.0138425757412	0.0163599182004	2	61	3	0	0	0.0
0.0139612020031	0.0163599182004	2	62	3	0	0	0.0
0.0142302300113	0.0163599182004	2	63	3	0	0	0.0
0.014414093765	0.0163599182004	2	64	3	0	0	0.0
0.014593454967	0.0163599182004	2	65	3	0	0	0.0
0.0149523535278	0.0163599182004	2	66	3	0	0	0.0
0.015239716225	0.0163599182004	2	67	3	0	0	0.0
0.015303642734	0.0143149284254	2	68	3	0	1	0.333333333333
0.01546027995	0.0143149284254	2	69	3	0	1	0.333333333333
0.0158195146328	0.0143149284254	2	70	3	0	1	0.333333333333
0.0158255864322	0.0143149284254	2	71	3	0	1	0.333333333333
0.0158981930718	0.0143149284254	2	72	3	0	1	0.333333333333
0.0161070559234	0.0143149284254	2	73	3	0	1	0.333333333333
0.0163621199829	0.0143149284254	2	74	3	0	1	0.333333333333
0.0164704401596	0.0143149284254	2	75	3	0	1	0.333333333333
0.0166219324271	0.0143149284254	2	76	3	0	1	0.333333333333
0.0167503805067	0.0143149284254	2	77	3	0	1	0.333333333333
0.0168282974823	0.0143149284254	2	78	3	0	1	0.333333333333
0.0169757052458	0.0143149284254	2	79	3	0	1	0.333333333333
0.0173978900192	0.0163599182004	3	79	3	0	1	0.25
0.0174824540069	0.0163599182004	3	80	3	0	1	0.25
0.0176903549227	0.0163599182004	3	81	3	0	1	0.25
0.0177327873337	0.0163599182004	3	82	3	0	1	0.25
0.0177764852565	0.0143149284254	3	83	3	0	2	0.4
0.0179296240048	0.0143149284254	3	84	3	0	2	0.4
0.0182328610303	0.0143149284254	3	85	3	0	2	0.4
0.018238482057	0.0143149284254	3	86	3	0	2	0.4
0.0183686420759	0.0143149284254	3	87	3	0	2	0.4
0.0185725091434	0.0143149284254	3	88	3	0	2	0.4
0.0187993119829	0.0143149284254	3	89	3	0	2	0.4
0.0188794613058	0.0143149284254	3	90	3	0	2	0.4
0.0194620345909	0.0163599182004	4	90	3	0	2	0.333333333333
0.0195244858427	0.0163599182004	4	91	3	0	2	0.333333333333
0.0196873945357	0.0163599182004	4	92	3	0	2	0.333333333333
0.0198710327963	0.0163599182004	4	93	3	0	2	0.333333333333
0.0198892395262	0.0163599182004	4	94	3	0	2	0.333333333333
0.0206547006838	0.0163599182004	4	95	3	0	2	0.333333333333
0.0206778736322	0.0163599182004	4	96	3	0	2	0.333333333333
0.0207161829997	0.0163599182004	4	97	3	0	2	0.333333333333
0.0212759187397	0.0163599182004	4	98	3	0	2	0.333333333333
0.0212783468424	0.0184049079755	5	98	3	0	2	0.285714285714
0.0216610255449	0.0184049079755	5	99	3	0	2	0.285714285714
0.0224285296409	0.0184049079755	5	100	3	0	2	0.285714285714
0.0224765635745	0.0184049079755	5	101	3	0	2	0.285714285714
0.0225095829216	0.0184049079755	5	102	3	0	2	0.285714285714
0.0226892294745	0.0184049079755	5	103	3	0	2	0.285714285714
0.0228581842349	0.0184049079755	5	104	3	0	2	0.285714285714
0.0235118122768	0.0184049079755	5	105	3	0	2	0.285714285714
0.0236100067559	0.0184049079755	5	106	3	0	2	0.285714285714
0.0237220135229	0.0184049079755	5	107	3	0	2	0.285714285714
0.0240872909189	0.0184049079755	5	108	3	0	2	0.285714285714
0.0241567761505	0.0184049079755	5	109	3	0	2	0.285714285714
0.0242494512253	0.0184049079755	5	110	3	0	2	0.285714285714
0.0244386323386	0.0184049079755	5	111	3	0	2	0.285714285714
0.0245123337506	0.0184049079755	5	112	3	0	2	0.285714285714
0.0246340670408	0.0184049079755	5	113	3	0	2	0.285714285714
0.024744494549	0.0184049079755	5	114	3	0	2	0.285714285714
0.0252082377914	0.0184049079755	5	115	3	0	2	0.285714285714
0.0253726253386	0.0184049079755	5	116	3	0	2	0.285714285714
0.0255697234747	0.0184049079755	5	117	3	0	2	0.285714285714
0.0257435829196	0.0184049079755	5	118	3	0	2	0.285714285714
0.0259101495018	0.0204498977505	6	118	3	0	2	0.25
0.0263999814186	0.0204498977505	6	119	3	0	2	0.25
0.0267642477693	0.0204498977505	6	120	3	0	2	0.25
0.0271656417892	0.0204498977505	6	121	3	0	2	0.25
0.0274283870631	0.0204498977505	6	122	3	0	2	0.25
0.0274426270604	0.0204498977505	6	123	3	0	2	0.25
0.0276704914316	0.0204498977505	6	124	3	0	2	0.25
0.0277839457229	0.0224948875256	7	124	3	0	2	0.222222222222
0.0279385720315	0.0224948875256	7	125	3	0	2	0.222222222222
0.0279894848371	0.0224948875256	7	126	3	0	2	0.222222222222
0.0279959318379	0.0224948875256	7	127	3	0	2	0.222222222222
0.0280004430302	0.0224948875256	7	128	3	0	2	0.222222222222
0.0282222835242	0.0224948875256	7	129	3	0	2	0.222222222222
0.0283514695101	0.0224948875256	7	130	3	0	2	0.222222222222
0.0287572641729	0.0224948875256	7	131	3	0	2	0.222222222222
0.0288207222761	0.0224948875256	7	132	3	0	2	0.222222222222
0.0288590504171	0.0224948875256	7	133	3	0	2	0.222222222222
0.0290285903345	0.0224948875256	7	134	3	0	2	0.222222222222
0.0290758485972	0.0224948875256	7	135	3	0	2	0.222222222222
0.0291103692014	0.0204498977505	7	136	3	0	3	0.3
0.0291919473384	0.0224948875256	8	136	3	0	3	0.272727272727
0.0298577433063	0.0224948875256	8	137	3	0	3	0.272727272727
0.0300012223582	0.0224948875256	8	138	3	0	3	0.272727272727
0.0307727631936	0.0224948875256	8	139	3	0	3	0.272727272727
0.0308234768153	0.0224948875256	8	140	3	0	3	0.272727272727
0.0309424926273	0.0224948875256	8	141	3	0	3	0.272727272727
0.0314315767021	0.0224948875256	8	142	3	0	3	0.272727272727
0.0317581871937	0.0224948875256	8	143	3	0	3	0.272727272727
0.0321746199612	0.0224948875256	8	144	3	0	3	0.272727272727
0.0322959050576	0.0224948875256	8	145	3	0	3	0.272727272727
0.0323504846166	0.0224948875256	8	146	3	0	3	0.272727272727
0.032504291269	0.0224948875256	8	147	3	0	3	0.272727272727
0.0325104265852	0.0224948875256	8	148	3	0	3	0.272727272727
0.0325147491814	0.0224948875256	8	149	3	0	3	0.272727272727
0.0326828134372	0.0224948875256	8	150	3	0	3	0.272727272727
0.032698170118	0.0224948875256	8	151	3	0	3	0.272727272727
0.0327747586201	0.0224948875256	8	152	3	0	3	0.272727272727
0.0328787573681	0.0224948875256	8	153	3	0	3	0.272727272727
0.0329557283374	0.0224948875256	8	154	3	0	3	0.272727272727
0.033098961048	0.0224948875256	8	155	3	0	3	0.272727272727
0.0331400154913	0.0224948875256	8	156	3	0	3	0.272727272727
0.0333670236334	0.0224948875256	8	157	3	0	3	0.272727272727
0.0334336657167	0.0224948875256	8	158	3	0	3	0.272727272727
0.033534682895	0.0224948875256	8	159	3	0	3	0.272727272727
0.0337501203272	0.0224948875256	8	160	3	0	3	0.272727272727
0.0337753082089	0.0224948875256	8	161	3	0	3	0.272727272727
0.0338268388253	0.0224948875256	8	162	3	0	3	0.272727272727
0.0339645826602	0.0224948875256	8	163	3	0	3	0.272727272727
0.0341766703913	0.0224948875256	8	164	3	0	3	0.272727272727
0.0343665100988	0.0224948875256	8	165	3	0	3	0.272727272727
0.0345464555576	0.0224948875256	8	166	3	0	3	0.272727272727
0.0347699298681	0.0224948875256	8	167	3	0	3	0.272727272727
0.0352684969144	0.0224948875256	8	168	3	0	3	0.272727272727
0.0353725592863	0.0224948875256	8	169	3	0	3	0.272727272727
0.0355731750937	0.0224948875256	8	170	3	0	3	0.272727272727
0.0355880581326	0.0224948875256	8	171	3	0	3	0.272727272727
0.0357341382362	0.0224948875256	8	172	3	0	3	0.272727272727
0.0362948786873	0.0224948875256	8	173	3	0	3	0.272727272727
0.0365735891124	0.0224948875256	8	174	3	0	3	0.272727272727
0.0369682421732	0.0224948875256	8	175	3	0	3	0.272727272727
0.0371478189233	0.0224948875256	8	176	3	0	3	0.272727272727
0.0373625200397	0.0204498977505	8	177	3	0	4	0.333333333333
0.0375223093749	0.0204498977505	8	178	3	0	4	0.333333333333
0.0376930296018	0.0204498977505	8	179	3	0	4	0.333333333333
0.03825856291	0.0204498977505	8	180	3	0	4	0.333333333333
0.0384166618855	0.0204498977505	8	181	3	0	4	0.333333333333
0.0384448089783	0.0204498977505	8	182	3	0	4	0.333333333333
0.0384762583807	0.0204498977505	8	183	3	0	4	0.333333333333
0.0384999732339	0.0204498977505	8	184	3	0	4	0.333333333333
0.0393108464415	0.0204498977505	8	185	3	0	4	0.333333333333
0.0393466410754	0.0204498977505	8	186	3	0	4	0.333333333333
0.0395713168693	0.0204498977505	8	187	3	0	4	0.333333333333
0.0396668928394	0.0204498977505	8	188	3	0	4	0.333333333333
0.0397716665533	0.0204498977505	8	189	3	0	4	0.333333333333
0.0398597090169	0.0204498977505	8	190	3	0	4	0.333333333333
0.0400273836379	0.0204498977505	8	191	3	0	4	0.333333333333
0.0400844585828	0.0204498977505	8	192	3	0	4	0.333333333333
0.0403377741591	0.0204498977505	8	193	3	0	4	0.333333333333
0.0405428754575	0.0204498977505	8	194	3	0	4	0.333333333333
0.040621795605	0.0204498977505	8	195	3	0	4	0.333333333333
0.0410338446654	0.0204498977505	8	196	3	0	4	0.333333333333
0.0411059680869	0.0204498977505	8	197	3	0	4	0.333333333333
0.0412148819442	0.0204498977505	8	198	3	0	4	0.333333333333
0.0422199900281	0.0204498977505	8	199	3	0	4	0.333333333333
0.0424106500952	0.0204498977505	8	200	3	0	4	0.333333333333
0.0425240234874	0.0204498977505	8	201	3	0	4	0.333333333333
0.0425875098256	0.0204498977505	8	202	3	0	4	0.333333333333
0.0426013638634	0.0224948875256	9	202	3	0	4	0.307692307692
0.042658219374	0.0224948875256	9	203	3	0	4	0.307692307692
0.0426944323178	0.0224948875256	9	204	3	0	4	0.307692307692
0.0428003183152	0.0224948875256	9	205	3	0	4	0.307692307692
0.0428770412645	0.0224948875256	9	206	3	0	4	0.307692307692
0.0432363693171	0.0224948875256	9	207	3	0	4	0.307692307692
0.0434350340396	0.0224948875256	9	208	3	0	4	0.307692307692
0.0437507098962	0.0224948875256	9	209	3	0	4	0.307692307692
0.0440275349971	0.0224948875256	9	210	3	0	4	0.307692307692
0.0443217872111	0.0224948875256	9	211	3	0	4	0.307692307692
0.0445770773408	0.0224948875256	9	212	3	0	4	0.307692307692
0.0446135635304	0.0224948875256	9	213	3	0	4	0.307692307692
0.0446722037953	0.0224948875256	9	214	3	0	4	0.307692307692
0.04555827629	0.0224948875256	9	215	3	0	4	0.307692307692
0.0459844188417	0.0224948875256	9	216	3	0	4	0.307692307692
0.04600936023	0.0224948875256	9	217	3	0	4	0.307692307692
0.0460550636708	0.0224948875256	9	218	3	0	4	0.307692307692
0.0460621362677	0.0224948875256	9	219	3	0	4	0.307692307692
0.0467138695584	0.0224948875256	9	220	3	0	4	0.307692307692
0.0468954689074	0.0224948875256	9	221	3	0	4	0.307692307692
0.0469902983027	0.0224948875256	9	222	3	0	4	0.307692307692
0.0470157206606	0.0224948875256	9	223	3	0	4	0.307692307692
0.0470738865138	0.0224948875256	9	224	3	0	4	0.307692307692
0.0472033995997	0.0224948875256	9	225	3	0	4	0.307692307692
0.0473129006721	0.0224948875256	9	226	3	0	4	0.307692307692
0.0473336587033	0.0224948875256	9	227	3	0	4	0.307692307692
0.0474423818145	0.0224948875256	9	228	3	0	4	0.307692307692
0.04754836418	0.0204498977505	9	229	3	0	5	0.357142857143
0.04761383637	0.0204498977505	9	230	3	0	5	0.357142857143
0.0476799127533	0.0204498977505	9	231	3	0	5	0.357142857143
0.0476915965692	0.0204498977505	9	232	3	0	5	0.357142857143
0.0481271406317	0.0204498977505	9	233	3	0	5	0.357142857143
0.0482843102899	0.0184049079755	9	234	3	0	6	0.4
0.0483826327852	0.0204498977505	10	234	3	0	6	0.375
0.0488221236535	0.0204498977505	10	235	3	0	6	0.375
0.0490125795398	0.0204498977505	10	236	3	0	6	0.375
0.0490781947273	0.0204498977505	10	237	3	0	6	0.375
0.0490935697273	0.0204498977505	10	238	3	0	6	0.375
0.0490960775036	0.0184049079755	10	239	3	0	7	0.411764705882
0.0494001375465	0.0184049079755	10	240	3	0	7	0.411764705882
0.0494175100329	0.0184049079755	10	241	3	0	7	0.411764705882
0.0502287515054	0.0184049079755	10	242	3	0	7	0.411764705882
0.0502629881144	0.0184049079755	10	243	3	0	7	0.411764705882
0.0504890246731	0.0204498977505	11	243	3	0	7	0.388888888889
0.0507199454415	0.0184049079755	11	244	3	0	8	0.421052631579
0.0508854778108	0.0184049079755	11	245	3	0	8	0.421052631579
0.050975497094	0.0184049079755	11	246	3	0	8	0.421052631579
0.0510229255651	0.0184049079755	11	247	3	0	8	0.421052631579
0.0514319552481	0.0184049079755	11	248	3	0	8	0.421052631579
0.0517785848563	0.0163599182004	11	249	3	0	9	0.45
0.0519583857967	0.0163599182004	11	250	3	0	9	0.45
0.0521962443103	0.0163599182004	11	251	3	0	9	0.45
0.0526674487011	0.0163599182004	11	252	3	0	9	0.45
0.0532006328882	0.0163599182004	11	253	3	0	9	0.45
0.0543300281285	0.0163599182004	11	254	3	0	9	0.45
0.0548011166911	0.0163599182004	11	255	3	0	9	0.45
0.0550124746273	0.0163599182004	11	256	3	0	9	0.45
0.0550329336342	0.0163599182004	11	257	3	0	9	0.45
0.0551786157644	0.0163599182004	11	258	3	0	9	0.45
0.0554237948496	0.0163599182004	11	259	3	0	9	0.45
0.0555542273431	0.0163599182004	11	260	3	0	9	0.45
0.0556087608568	0.0163599182004	11	261	3	0	9	0.45
0.0557691327459	0.0163599182004	11	262	3	0	9	0.45
0.0559736243308	0.0163599182004	11	263	3	0	9	0.45
0.0560414045378	0.0163599182004	11	264	3	0	9	0.45
0.0561712560258	0.0163599182004	11	265	3	0	9	0.45
0.0563368531089	0.0163599182004	11	266	3	0	9	0.45
0.0563912544734	0.0163599182004	11	267	3	0	9	0.45
0.0564205462275	0.0163599182004	11	268	3	0	9	0.45
0.0564938599844	0.0184049079755	12	268	3	0	9	0.428571428571
0.0567344776956	0.0184049079755	12	269	3	0	9	0.428571428571
0.0569222688833	0.0204498977505	13	269	3	0	9	0.409090909091
0.0569764694707	0.0184049079755	13	270	3	0	10	0.434782608696
0.0570652318913	0.0184049079755	13	271	3	0	10	0.434782608696
0.0574998204348	0.0184049079755	13	272	3	0	10	0.434782608696
0.0577902541657	0.0184049079755	13	273	3	0	10	0.434782608696
0.0578117814164	0.0184049079755	13	274	3	0	10	0.434782608696
0.0582079671182	0.0184049079755	13	275	3	0	10	0.434782608696
0.0582568277417	0.0184049079755	13	276	3	0	10	0.434782608696
0.0586936293122	0.0204498977505	14	276	3	0	10	0.416666666667
0.0590252396265	0.0204498977505	14	277	3	0	10	0.416666666667
0.0591723517285	0.0204498977505	14	278	3	0	10	0.416666666667
0.0593533592348	0.0204498977505	14	279	3	0	10	0.416666666667
0.0594231005103	0.0204498977505	14	280	3	0	10	0.416666666667
0.0601224081064	0.0204498977505	14	281	3	0	10	0.416666666667
0.0602455201376	0.0204498977505	14	282	3	0	10	0.416666666667
0.0602750255298	0.0204498977505	14	283	3	0	10	0.416666666667
0.0606661001425	0.0204498977505	14	284	3	0	10	0.416666666667
0.0607863671173	0.0204498977505	14	285	3	0	10	0.416666666667
0.0608682004399	0.0184049079755	14	286	3	0	11	0.44
0.0615167480709	0.0184049079755	14	287	3	0	11	0.44
0.0616956897461	0.0184049079755	14	288	3	0	11	0.44
0.0617591105477	0.0184049079755	14	289	3	0	11	0.44
0.0618318025836	0.0184049079755	14	290	3	0	11	0.44
0.0618506613691	0.0184049079755	14	291	3	0	11	0.44
0.0621872630835	0.0184049079755	14	292	3	0	11	0.44
0.0621914764466	0.0184049079755	14	293	3	0	11	0.44
0.0625656637498	0.0184049079755	14	294	3	0	11	0.44
0.0626180962918	0.0184049079755	14	295	3	0	11	0.44
0.0626565548422	0.0184049079755	14	296	3	0	11	0.44
0.0626800945382	0.0184049079755	14	297	3	0	11	0.44
0.0628029594885	0.0163599182004	14	298	3	0	12	0.461538461538
0.0628992512448	0.0163599182004	14	299	3	0	12	0.461538461538
0.0629090525462	0.0163599182004	14	300	3	0	12	0.461538461538
0.063001069827	0.0163599182004	14	301	3	0	12	0.461538461538
0.0635419431628	0.0163599182004	14	302	3	0	12	0.461538461538
0.0636001111638	0.0163599182004	14	303	3	0	12	0.461538461538
0.063753353949	0.0163599182004	14	304	3	0	12	0.461538461538
0.0637870048863	0.0163599182004	14	305	3	0	12	0.461538461538
0.0639624081834	0.0163599182004	14	306	3	0	12	0.461538461538
0.0641821053654	0.0163599182004	14	307	3	0	12	0.461538461538
0.0645414905525	0.0163599182004	14	308	3	0	12	0.461538461538
0.064723635585	0.0163599182004	14	309	3	0	12	0.461538461538
0.0648915167639	0.0163599182004	14	310	3	0	12	0.461538461538
0.0652272199111	0.0143149284254	14	311	3	0	13	0.481481481481
0.0652623708143	0.0143149284254	14	312	3	0	13	0.481481481481
0.0653760508825	0.0143149284254	14	313	3	0	13	0.481481481481
0.065391228527	0.0143149284254	14	314	3	0	13	0.481481481481
0.0655829965002	0.0143149284254	14	315	3	0	13	0.481481481481
0.0657263470032	0.0143149284254	14	316	3	0	13	0.481481481481
0.0665120861036	0.0143149284254	14	317	3	0	13	0.481481481481
0.0668491161748	0.0143149284254	14	318	3	0	13	0.481481481481
0.0669950800927	0.0163599182004	15	318	3	0	13	0.464285714286
0.0670102794354	0.0163599182004	15	319	3	0	13	0.464285714286
0.0673350737781	0.0143149284254	15	320	3	0	14	0.48275862069
0.0674409949198	0.0143149284254	15	321	3	0	14	0.48275862069
0.0675651246349	0.0143149284254	15	322	3	0	14	0.48275862069
0.0679317429872	0.0143149284254	15	323	3	0	14	0.48275862069
0.0681656652581	0.0143149284254	15	324	3	0	14	0.48275862069
0.068206626524	0.0143149284254	15	325	3	0	14	0.48275862069
0.0686222206409	0.0163599182004	16	325	3	0	14	0.466666666667
0.0686813685796	0.0163599182004	16	326	3	0	14	0.466666666667
0.068964274586	0.0163599182004	16	327	3	0	14	0.466666666667
0.0694704120414	0.0184049079755	17	327	3	0	14	0.451612903226
0.0694831621938	0.0184049079755	17	328	3	0	14	0.451612903226
0.0697342555513	0.0184049079755	17	329	3	0	14	0.451612903226
0.070193539112	0.0184049079755	17	330	3	0	14	0.451612903226
0.07022541561	0.0184049079755	17	331	3	0	14	0.451612903226
0.0706180240867	0.0184049079755	17	332	3	0	14	0.451612903226
0.0708228013168	0.0184049079755	17	333	3	0	14	0.451612903226
0.0709194542343	0.0184049079755	17	334	3	0	14	0.451612903226
0.0709904385579	0.0184049079755	17	335	3	0	14	0.451612903226
0.0710249406168	0.0184049079755	17	336	3	0	14	0.451612903226
0.0711547874233	0.0184049079755	17	337	3	0	14	0.451612903226
0.0712114747471	0.0184049079755	17	338	3	0	14	0.451612903226
0.0712846600986	0.0184049079755	17	339	3	0	14	0.451612903226
0.0717858194035	0.0184049079755	17	340	3	0	14	0.451612903226
0.0725073979129	0.0184049079755	17	341	3	0	14	0.451612903226
0.0726251801493	0.0184049079755	17	342	3	0	14	0.451612903226
0.0726818035185	0.0184049079755	17	343	3	0	14	0.451612903226
0.0728202810198	0.0184049079755	17	344	3	0	14	0.451612903226
0.0730555437382	0.0163599182004	17	345	3	0	15	0.46875
0.0733154129271	0.0163599182004	17	346	3	0	15	0.46875
0.0734290102042	0.0163599182004	17	347	3	0	15	0.46875
0.0735261946197	0.0163599182004	17	348	3	0	15	0.46875
0.0736698366073	0.0163599182004	17	349	3	0	15	0.46875
0.0740785400016	0.0163599182004	17	350	3	0	15	0.46875
0.074096825965	0.0163599182004	17	351	3	0	15	0.46875
0.0747014153978	0.0163599182004	17	352	3	0	15	0.46875
0.0747715619411	0.0184049079755	18	352	3	0	15	0.454545454545
0.0751736094796	0.0163599182004	18	353	3	0	16	0.470588235294
0.0754466851135	0.0163599182004	18	354	3	0	16	0.470588235294
0.075940265332	0.0163599182004	18	355	3	0	16	0.470588235294
0.0760801175001	0.0163599182004	18	356	3	0	16	0.470588235294
0.0763822769653	0.0163599182004	18	357	3	0	16	0.470588235294
0.0764294589323	0.0163599182004	18	358	3	0	16	0.470588235294
0.0770586116296	0.0163599182004	18	359	3	0	16	0.470588235294
0.0771429441279	0.0163599182004	18	360	3	0	16	0.470588235294
0.0773605365488	0.0163599182004	18	361	3	0	16	0.470588235294
0.0775948971276	0.0163599182004	18	362	3	0	16	0.470588235294
0.0776230136793	0.0163599182004	18	363	3	0	16	0.470588235294
0.0779210598746	0.0163599182004	18	364	3	0	16	0.470588235294
0.0779293082838	0.0163599182004	18	365	3	0	16	0.470588235294
0.0781588566789	0.0163599182004	18	366	3	0	16	0.470588235294
0.0783743503131	0.0163599182004	18	367	3	0	16	0.470588235294
0.0784888065738	0.0163599182004	18	368	3	0	16	0.470588235294
0.0786728363416	0.0163599182004	18	369	3	0	16	0.470588235294
0.0788569778361	0.0184049079755	19	369	3	0	16	0.457142857143
0.0788807048208	0.0184049079755	19	370	3	0	16	0.457142857143
0.0794948255662	0.0184049079755	19	371	3	0	16	0.457142857143
0.0796303064559	0.0184049079755	19	372	3	0	16	0.457142857143
0.0796581570468	0.0184049079755	19	373	3	0	16	0.457142857143
0.0799775848464	0.0184049079755	19	374	3	0	16	0.457142857143
0.0799815208064	0.0184049079755	19	375	3	0	16	0.457142857143
0.0800795033589	0.0163599182004	19	376	3	0	17	0.472222222222
0.0802230763285	0.0163599182004	19	377	3	0	17	0.472222222222
0.080528132849	0.0163599182004	19	378	3	0	17	0.472222222222
0.0809647763266	0.0163599182004	19	379	3	0	17	0.472222222222
0.0811032221652	0.0163599182004	19	380	3	0	17	0.472222222222
0.0813162974824	0.0163599182004	19	381	3	0	17	0.472222222222
0.0814090574438	0.0143149284254	19	382	3	0	18	0.486486486486
0.081651753556	0.0143149284254	19	383	3	0	18	0.486486486486
0.0819194757601	0.0143149284254	19	384	3	0	18	0.486486486486
0.0822787655515	0.0143149284254	19	385	3	0	18	0.486486486486
0.0825291718244	0.0143149284254	19	386	3	0	18	0.486486486486
0.0825828238642	0.0143149284254	19	387	3	0	18	0.486486486486
0.0827594368477	0.0163599182004	20	387	3	0	18	0.473684210526
0.0827955688836	0.0163599182004	20	388	3	0	18	0.473684210526
0.0829878332319	0.0163599182004	20	389	3	0	18	0.473684210526
0.0831905767845	0.0163599182004	20	390	3	0	18	0.473684210526
0.0835517093616	0.0163599182004	20	391	3	0	18	0.473684210526
0.0835571415647	0.0163599182004	20	392	3	0	18	0.473684210526
0.0836433988799	0.0163599182004	20	393	3	0	18	0.473684210526
0.0838336895141	0.0163599182004	20	394	3	0	18	0.473684210526
0.0841670070096	0.0163599182004	20	395	3	0	18	0.473684210526
0.0843475743671	0.0163599182004	20	396	3	0	18	0.473684210526
0.0845918709529	0.0163599182004	20	397	3	0	18	0.473684210526
0.085108108088	0.0163599182004	20	398	3	0	18	0.473684210526
0.0854110201346	0.0163599182004	20	399	3	0	18	0.473684210526
0.0854180372146	0.0163599182004	20	400	3	0	18	0.473684210526
0.0857187917662	0.0163599182004	20	401	3	0	18	0.473684210526
0.085820834269	0.0163599182004	20	402	3	0	18	0.473684210526
0.0858490290015	0.0163599182004	20	403	3	0	18	0.473684210526
0.0859077325086	0.0163599182004	20	404	3	0	18	0.473684210526
0.0861680927848	0.0163599182004	20	405	3	0	18	0.473684210526
0.0863357502798	0.0184049079755	21	405	3	0	18	0.461538461538
0.0866360492348	0.0184049079755	21	406	3	0	18	0.461538461538
0.0870663855118	0.0184049079755	21	407	3	0	18	0.461538461538
0.0871814938747	0.0184049079755	21	408	3	0	18	0.461538461538
0.0873284063378	0.0204498977505	22	408	3	0	18	0.45
0.0875679922398	0.0204498977505	22	409	3	0	18	0.45
0.0876684282862	0.0204498977505	22	410	3	0	18	0.45
0.087674452928	0.0204498977505	22	411	3	0	18	0.45
0.0878605415646	0.0204498977505	22	412	3	0	18	0.45
0.0879224713545	0.0204498977505	22	413	3	0	18	0.45
0.0880005809233	0.0204498977505	22	414	3	0	18	0.45
0.0880413093916	0.0204498977505	22	415	3	0	18	0.45
0.0881425934294	0.0204498977505	22	416	3	0	18	0.45
0.088151429632	0.0204498977505	22	417	3	0	18	0.45
0.0882870567439	0.0204498977505	22	418	3	0	18	0.45
0.0889100279469	0.0204498977505	22	419	3	0	18	0.45
0.0895600287903	0.0204498977505	22	420	3	0	18	0.45
0.090030042929	0.0204498977505	22	421	3	0	18	0.45
0.090280842618	0.0204498977505	22	422	3	0	18	0.45
0.0904287145369	0.0204498977505	22	423	3	0	18	0.45
0.0906062268468	0.0204498977505	22	424	3	0	18	0.45
0.0907139151114	0.0204498977505	22	425	3	0	18	0.45
0.0911770821042	0.0224948875256	23	425	3	0	18	0.439024390244
0.0915350361693	0.0224948875256	23	426	3	0	18	0.439024390244
0.0918255179778	0.0224948875256	23	427	3	0	18	0.439024390244
0.0918540021105	0.0224948875256	23	428	3	0	18	0.439024390244
0.092287612014	0.0224948875256	23	429	3	0	18	0.439024390244
0.0929133400972	0.0224948875256	23	430	3	0	18	0.439024390244
0.0933222997285	0.0204498977505	23	431	3	0	19	0.452380952381
0.093723619119	0.0204498977505	23	432	3	0	19	0.452380952381
0.0939972296324	0.0204498977505	23	433	3	0	19	0.452380952381
0.0945777910161	0.0204498977505	23	434	3	0	19	0.452380952381
0.0950335700632	0.0224948875256	24	434	3	0	19	0.441860465116
0.0950451409722	0.0224948875256	24	435	3	0	19	0.441860465116
0.0951695371576	0.0204498977505	24	436	3	0	20	0.454545454545
0.0951764475477	0.0204498977505	24	437	3	0	20	0.454545454545
0.0952238941131	0.0204498977505	24	438	3	0	20	0.454545454545
0.0952657805827	0.0204498977505	24	439	3	0	20	0.454545454545
0.0953706842005	0.0204498977505	24	440	3	0	20	0.454545454545
0.0959123768398	0.0204498977505	24	441	3	0	20	0.454545454545
0.0964434706883	0.0204498977505	24	442	3	0	20	0.454545454545
0.0965017331645	0.0204498977505	24	443	3	0	20	0.454545454545
0.0970166320704	0.0184049079755	24	444	3	0	21	0.466666666667
0.0971249480589	0.0184049079755	24	445	3	0	21	0.466666666667
0.0971315672017	0.0184049079755	24	446	3	0	21	0.466666666667
0.0978697490628	0.0184049079755	24	447	3	0	21	0.466666666667
0.0980003607538	0.0184049079755	24	448	3	0	21	0.466666666667
0.0980508890099	0.0184049079755	24	449	3	0	21	0.466666666667
0.0984514188078	0.0184049079755	24	450	3	0	21	0.466666666667
0.0990930054305	0.0184049079755	24	451	3	0	21	0.466666666667
0.0991243135506	0.0184049079755	24	452	3	0	21	0.466666666667
0.0999647950439	0.0204498977505	25	452	3	0	21	0.45652173913
0.10014252884	0.0204498977505	25	453	3	0	21	0.45652173913
0.100391682398	0.0204498977505	25	454	3	0	21	0.45652173913
0.100481577629	0.0204498977505	25	455	3	0	21	0.45652173913
0.100517947051	0.0204498977505	25	456	3	0	21	0.45652173913
0.100943987595	0.0204498977505	25	457	3	0	21	0.45652173913
0.101237483628	0.0204498977505	25	458	3	0	21	0.45652173913
0.101361216105	0.0184049079755	25	459	3	0	22	0.468085106383
0.10136899173	0.0184049079755	25	460	3	0	22	0.468085106383
0.101762289989	0.0184049079755	25	461	3	0	22	0.468085106383
0.101843280933	0.0184049079755	25	462	3	0	22	0.468085106383
0.102259884905	0.0184049079755	25	463	3	0	22	0.468085106383
0.102811099673	0.0184049079755	25	464	3	0	22	0.468085106383
0.103072536148	0.0184049079755	25	465	3	0	22	0.468085106383
0.103340192083	0.0184049079755	25	466	3	0	22	0.468085106383
0.103377923091	0.0163599182004	25	467	3	0	23	0.479166666667
0.103386490708	0.0163599182004	25	468	3	0	23	0.479166666667
0.103818838409	0.0163599182004	25	469	3	0	23	0.479166666667
0.103948570235	0.0163599182004	25	470	3	0	23	0.479166666667
0.104040506996	0.0163599182004	25	471	3	0	23	0.479166666667
0.104301022051	0.0163599182004	25	472	3	0	23	0.479166666667
0.104361310058	0.0163599182004	25	473	3	0	23	0.479166666667
0.104624700459	0.0163599182004	25	474	3	0	23	0.479166666667
0.104761811942	0.0163599182004	25	475	3	0	23	0.479166666667
0.104857630337	0.0163599182004	25	476	3	0	23	0.479166666667
0.105240213202	0.0163599182004	25	477	3	0	23	0.479166666667
0.10529777353	0.0163599182004	25	478	3	0	23	0.479166666667
0.105356284837	0.0163599182004	25	479	3	0	23	0.479166666667
0.105724886666	0.0163599182004	25	480	3	0	23	0.479166666667
0.105802686384	0.0163599182004	25	481	3	0	23	0.479166666667
0.105873777805	0.0143149284254	26	481	3	0	23	0.469387755102
0.106146844261	0.0143149284254	26	482	3	0	23	0.469387755102
0.106166934262	0.0143149284254	26	483	3	0	23	0.469387755102
0.106433164409	0.0143149284254	26	484	3	0	23	0.469387755102
0.106619727568	0.0143149284254	26	485	3	0	23	0.469387755102
0.106629108979	0.0143149284254	26	486	3	0	23	0.469387755102
0.107051454883	0.0143149284254	26	487	3	0	23	0.469387755102
0.107082636284	0.0143149284254	26	488	3	0	23	0.469387755102
0.107595693353	0.0143149284254	26	489	3	0	23	0.469387755102
0.108477836846	0.0143149284254	26	490	3	0	23	0.469387755102
0.108483925433	0.0143149284254	26	491	3	0	23	0.469387755102
0.108709693786	0.0143149284254	26	492	3	0	23	0.469387755102
0.108773507806	0.0143149284254	26	493	3	0	23	0.469387755102
0.108793677859	0.0143149284254	26	494	3	0	23	0.469387755102
0.108830579997	0.0122699386503	26	495	3	0	24	0.48
0.108976031198	0.0122699386503	26	496	3	0	24	0.48
0.109052603943	0.0143149284254	27	496	3	0	24	0.470588235294
0.109336290875	0.0143149284254	27	497	3	0	24	0.470588235294
0.10939677787	0.0143149284254	27	498	3	0	24	0.470588235294
0.10943318874	0.0143149284254	27	499	3	0	24	0.470588235294
0.109446378953	0.0143149284254	27	500	3	0	24	0.470588235294
0.109709687288	0.0143149284254	27	501	3	0	24	0.470588235294
0.109857676182	0.0143149284254	27	502	3	0	24	0.470588235294
0.109913442458	0.0163599182004	28	502	3	0	24	0.461538461538
0.10994733795	0.0163599182004	28	503	3	0	24	0.461538461538
0.110117678669	0.0163599182004	28	504	3	0	24	0.461538461538
0.110482649548	0.0163599182004	28	505	3	0	24	0.461538461538
0.110499693243	0.0163599182004	28	506	3	0	24	0.461538461538
0.110670777087	0.0163599182004	28	507	3	0	24	0.461538461538
0.110816417404	0.0184049079755	29	507	3	0	24	0.452830188679
0.110971464282	0.0184049079755	29	508	3	0	24	0.452830188679
0.111666951866	0.0184049079755	29	509	3	0	24	0.452830188679
0.111744907162	0.0184049079755	29	510	3	0	24	0.452830188679
0.112024863692	0.0184049079755	29	511	3	0	24	0.452830188679
0.112615562247	0.0184049079755	29	512	3	0	24	0.452830188679
0.112938990265	0.0184049079755	29	513	3	0	24	0.452830188679
0.113570386611	0.0184049079755	29	514	3	0	24	0.452830188679
0.113657549922	0.0184049079755	29	515	3	0	24	0.452830188679
0.113729554124	0.0184049079755	29	516	3	0	24	0.452830188679
0.113751502149	0.0184049079755	29	517	3	0	24	0.452830188679
0.114001610826	0.0184049079755	29	518	3	0	24	0.452830188679
0.114203931401	0.0184049079755	29	519	3	0	24	0.452830188679
0.114276390006	0.0184049079755	29	520	3	0	24	0.452830188679
0.114339916967	0.0163599182004	29	521	3	0	25	0.462962962963
0.114797927547	0.0163599182004	29	522	3	0	25	0.462962962963
0.114812424704	0.0163599182004	29	523	3	0	25	0.462962962963
0.115125347031	0.0163599182004	29	524	3	0	25	0.462962962963
0.115353222043	0.0163599182004	29	525	3	0	25	0.462962962963
0.115400924324	0.0163599182004	29	526	3	0	25	0.462962962963
0.116164889296	0.0163599182004	29	527	3	0	25	0.462962962963
0.116226242102	0.0163599182004	29	528	3	0	25	0.462962962963
0.116280539177	0.0163599182004	29	529	3	0	25	0.462962962963
0.116355948622	0.0163599182004	29	530	3	0	25	0.462962962963
0.116576332415	0.0163599182004	29	531	3	0	25	0.462962962963
0.116621936492	0.0163599182004	29	532	3	0	25	0.462962962963
0.116810546327	0.0163599182004	29	533	3	0	25	0.462962962963
0.116881540367	0.0163599182004	29	534	3	0	25	0.462962962963
0.116942472594	0.0163599182004	29	535	3	0	25	0.462962962963
0.117094003854	0.0184049079755	30	535	3	0	25	0.454545454545
0.117792283949	0.0184049079755	30	536	3	0	25	0.454545454545
0.118555437918	0.0184049079755	30	537	3	0	25	0.454545454545
0.118861506237	0.0184049079755	30	538	3	0	25	0.454545454545
0.119015157226	0.0184049079755	30	539	3	0	25	0.454545454545
0.119021906597	0.0204498977505	31	539	3	0	25	0.446428571429
0.119079479777	0.0204498977505	31	540	3	0	25	0.446428571429
0.119175018415	0.0204498977505	31	541	3	0	25	0.446428571429
0.11939862553	0.0204498977505	31	542	3	0	25	0.446428571429
0.12023890167	0.0204498977505	31	543	3	0	25	0.446428571429
0.120454824302	0.0204498977505	31	544	3	0	25	0.446428571429
0.120986772359	0.0204498977505	31	545	3	0	25	0.446428571429
0.121031645092	0.0204498977505	31	546	3	0	25	0.446428571429
0.121107876652	0.0204498977505	31	547	3	0	25	0.446428571429
0.121280960271	0.0204498977505	31	548	3	0	25	0.446428571429
0.121398167145	0.0204498977505	31	549	3	0	25	0.446428571429
0.121572135829	0.0204498977505	31	550	3	0	25	0.446428571429
0.121657342931	0.0204498977505	31	551	3	0	25	0.446428571429
0.121678276546	0.0204498977505	31	552	3	0	25	0.446428571429
0.122308466132	0.0204498977505	31	553	3	0	25	0.446428571429
0.122547652287	0.0204498977505	31	554	3	0	25	0.446428571429
0.12259168805	0.0204498977505	31	555	3	0	25	0.446428571429
0.122662748184	0.0204498977505	31	556	3	0	25	0.446428571429
0.122664745724	0.0204498977505	31	557	3	0	25	0.446428571429
0.122945712752	0.0204498977505	31	558	3	0	25	0.446428571429
0.123537222999	0.0204498977505	31	559	3	0	25	0.446428571429
0.123723275862	0.0163599182004	31	560	3	0	27	0.465517241379
0.123820332442	0.0163599182004	31	561	3	0	27	0.465517241379
0.123980185068	0.0163599182004	31	562	3	0	27	0.465517241379
0.124051156112	0.0163599182004	31	563	3	0	27	0.465517241379
0.124118847556	0.0163599182004	31	564	3	0	27	0.465517241379
0.12429121493	0.0163599182004	31	565	3	0	27	0.465517241379
0.124305051986	0.0184049079755	32	565	3	0	27	0.457627118644
0.1245878115	0.0184049079755	32	566	3	0	27	0.457627118644
0.124842823486	0.0184049079755	32	567	3	0	27	0.457627118644
0.124875116235	0.0184049079755	32	568	3	0	27	0.457627118644
0.12487760559	0.0184049079755	32	569	3	0	27	0.457627118644
0.125266239676	0.0184049079755	32	570	3	0	27	0.457627118644
0.125358517879	0.0184049079755	32	571	3	0	27	0.457627118644
0.125481477473	0.0184049079755	32	572	3	0	27	0.457627118644
0.125563088159	0.0184049079755	32	573	3	0	27	0.457627118644
0.125623535384	0.0184049079755	32	574	3	0	27	0.457627118644
0.125897245892	0.0184049079755	32	575	3	0	27	0.457627118644
0.126289536155	0.0184049079755	32	576	3	0	27	0.457627118644
0.126294016398	0.0184049079755	32	577	3	0	27	0.457627118644
0.126306178364	0.0184049079755	32	578	3	0	27	0.457627118644
0.126398537347	0.0184049079755	32	579	3	0	27	0.457627118644
0.126610966758	0.0204498977505	33	579	3	0	27	0.45
0.126658110526	0.0204498977505	33	580	3	0	27	0.45
0.126790469585	0.0224948875256	34	580	3	0	27	0.44262295082
0.127151133279	0.0224948875256	34	581	3	0	27	0.44262295082
0.127176016847	0.0224948875256	34	582	3	0	27	0.44262295082
0.127627012984	0.0224948875256	34	583	3	0	27	0.44262295082
0.127734404459	0.0224948875256	34	584	3	0	27	0.44262295082
0.128099471793	0.0224948875256	34	585	3	0	27	0.44262295082
0.128227311198	0.0224948875256	34	586	3	0	27	0.44262295082
0.128441619273	0.0224948875256	34	587	3	0	27	0.44262295082
0.129006175202	0.0224948875256	34	588	3	0	27	0.44262295082
0.129041587708	0.0224948875256	34	589	3	0	27	0.44262295082
0.129082024258	0.0224948875256	34	590	3	0	27	0.44262295082
0.129327921169	0.0224948875256	34	591	3	0	27	0.44262295082
0.129336254379	0.0224948875256	34	592	3	0	27	0.44262295082
0.129540516978	0.0224948875256	34	593	3	0	27	0.44262295082
0.13020750736	0.0224948875256	34	594	3	0	27	0.44262295082
0.130423235854	0.0224948875256	34	595	3	0	27	0.44262295082
0.130465660606	0.0224948875256	34	596	3	0	27	0.44262295082
0.130527095284	0.0224948875256	34	597	3	0	27	0.44262295082
0.130599647833	0.0245398773006	35	597	3	0	27	0.435483870968
0.130899336686	0.0245398773006	35	598	3	0	27	0.435483870968
0.130914428112	0.0245398773006	35	599	3	0	27	0.435483870968
0.131128527357	0.0245398773006	35	600	3	0	27	0.435483870968
0.131472730884	0.0245398773006	35	601	3	0	27	0.435483870968
0.131724075668	0.0245398773006	35	602	3	0	27	0.435483870968
0.131771317826	0.0224948875256	35	603	3	0	28	0.444444444444
0.131843510964	0.0224948875256	35	604	3	0	28	0.444444444444
0.131941320552	0.0224948875256	35	605	3	0	28	0.444444444444
0.132057230414	0.0224948875256	35	606	3	0	28	0.444444444444
0.132738807933	0.0224948875256	35	607	3	0	28	0.444444444444
0.132770642603	0.0224948875256	35	608	3	0	28	0.444444444444
0.132832438997	0.0224948875256	35	609	3	0	28	0.444444444444
0.132988365517	0.0224948875256	35	610	3	0	28	0.444444444444
0.133216932427	0.0224948875256	35	611	3	0	28	0.444444444444
0.13362985438	0.0224948875256	35	612	3	0	28	0.444444444444
0.134136341279	0.0224948875256	35	613	3	0	28	0.444444444444
0.13420382982	0.0224948875256	35	614	3	0	28	0.444444444444
0.134469229539	0.0224948875256	35	615	3	0	28	0.444444444444
0.134744709732	0.0224948875256	35	616	3	0	28	0.444444444444
0.135120004966	0.0224948875256	35	617	3	0	28	0.444444444444
0.135455910464	0.0224948875256	35	618	3	0	28	0.444444444444
0.135762772462	0.0224948875256	35	619	3	0	28	0.444444444444
0.13577577766	0.0224948875256	35	620	3	0	28	0.444444444444
0.135886798323	0.0224948875256	35	621	3	0	28	0.444444444444
0.136063368836	0.0224948875256	35	622	3	0	28	0.444444444444
0.136223986357	0.0224948875256	35	623	3	0	28	0.444444444444
0.136385899584	0.0245398773006	36	623	3	0	28	0.4375
0.136544650634	0.0245398773006	36	624	3	0	28	0.4375
0.136810800221	0.0245398773006	36	625	3	0	28	0.4375
0.137043441493	0.0245398773006	36	626	3	0	28	0.4375
0.137128798674	0.0245398773006	36	627	3	0	28	0.4375
0.13727845945	0.0224948875256	36	628	3	0	29	0.446153846154
0.137391823911	0.0245398773006	37	628	3	0	29	0.439393939394
0.137552311281	0.0245398773006	37	629	3	0	29	0.439393939394
0.138130807034	0.0224948875256	37	630	3	0	30	0.44776119403
0.138144844103	0.0224948875256	37	631	3	0	30	0.44776119403
0.138214201761	0.0224948875256	37	632	3	0	30	0.44776119403
0.138501794734	0.0224948875256	37	633	3	0	30	0.44776119403
0.138890472948	0.0224948875256	37	634	3	0	30	0.44776119403
0.139010480944	0.0224948875256	37	635	3	0	30	0.44776119403
0.139250002831	0.0204498977505	37	636	3	0	31	0.455882352941
0.139304908066	0.0224948875256	38	636	3	0	31	0.449275362319
0.139459816718	0.0224948875256	38	637	3	0	31	0.449275362319
0.13948299921	0.0224948875256	38	638	3	0	31	0.449275362319
0.139546659976	0.0204498977505	38	639	3	0	32	0.457142857143
0.139570184675	0.0204498977505	38	640	3	0	32	0.457142857143
0.139704614171	0.0204498977505	38	641	3	0	32	0.457142857143
0.139823045816	0.0204498977505	38	642	3	0	32	0.457142857143
0.140068970789	0.0184049079755	38	643	3	0	33	0.464788732394
0.14008979009	0.0204498977505	39	643	3	0	33	0.458333333333
0.140131685557	0.0204498977505	39	644	3	0	33	0.458333333333
0.140195083636	0.0184049079755	39	645	3	0	34	0.465753424658
0.140434035206	0.0184049079755	39	646	3	0	34	0.465753424658
0.140473034471	0.0184049079755	39	647	3	0	34	0.465753424658
0.140553512746	0.0184049079755	39	648	3	0	34	0.465753424658
0.140741067157	0.0184049079755	39	649	3	0	34	0.465753424658
0.14075676328	0.0184049079755	39	650	3	0	34	0.465753424658
0.140778451518	0.0184049079755	39	651	3	0	34	0.465753424658
0.140962707302	0.0184049079755	39	652	3	0	34	0.465753424658
0.141367208782	0.0184049079755	39	653	3	0	34	0.465753424658
0.141507353494	0.0184049079755	39	654	3	0	34	0.465753424658
0.14166876741	0.0184049079755	39	655	3	0	34	0.465753424658
0.141696824341	0.0184049079755	39	656	3	0	34	0.465753424658
0.142033885655	0.0184049079755	39	657	3	0	34	0.465753424658
0.142075478783	0.0184049079755	39	658	3	0	34	0.465753424658
0.142268794641	0.0184049079755	39	659	3	0	34	0.465753424658
0.14283294508	0.0184049079755	39	660	3	0	34	0.465753424658
0.143293067308	0.0184049079755	39	661	3	0	34	0.465753424658
0.143333213441	0.0184049079755	39	662	3	0	34	0.465753424658
0.143698462265	0.0184049079755	39	663	3	0	34	0.465753424658
0.144015461029	0.0184049079755	39	664	3	0	34	0.465753424658
0.144017105598	0.0204498977505	40	664	3	0	34	0.459459459459
0.144147454344	0.0204498977505	40	665	3	0	34	0.459459459459
0.144484453411	0.0204498977505	40	666	3	0	34	0.459459459459
0.144825066723	0.0204498977505	40	667	3	0	34	0.459459459459
0.145067228239	0.0204498977505	40	668	3	0	34	0.459459459459
0.145074833593	0.0204498977505	40	669	3	0	34	0.459459459459
0.145488265382	0.0204498977505	40	670	3	0	34	0.459459459459
0.145607704402	0.0204498977505	40	671	3	0	34	0.459459459459
0.145847416014	0.0204498977505	40	672	3	0	34	0.459459459459
0.145909704348	0.0204498977505	40	673	3	0	34	0.459459459459
0.146034063929	0.0204498977505	40	674	3	0	34	0.459459459459
0.146160385196	0.0204498977505	40	675	3	0	34	0.459459459459
0.146212260578	0.0204498977505	40	676	3	0	34	0.459459459459
0.146586715191	0.0204498977505	40	677	3	0	34	0.459459459459
0.14671200732	0.0204498977505	40	678	3	0	34	0.459459459459
0.146769036522	0.0204498977505	40	679	3	0	34	0.459459459459
0.147011947004	0.0204498977505	40	680	3	0	34	0.459459459459
0.147093025771	0.0224948875256	41	680	3	0	34	0.453333333333
0.147099443301	0.0224948875256	41	681	3	0	34	0.453333333333
0.147209882488	0.0224948875256	41	682	3	0	34	0.453333333333
0.147434262382	0.0224948875256	41	683	3	0	34	0.453333333333
0.147973295124	0.0224948875256	41	684	3	0	34	0.453333333333
0.14802040769	0.0224948875256	41	685	3	0	34	0.453333333333
0.14819927749	0.0204498977505	41	686	3	0	35	0.460526315789
0.148239148486	0.0224948875256	42	686	3	0	35	0.454545454545
0.148262294457	0.0224948875256	42	687	3	0	35	0.454545454545
0.148385577062	0.0224948875256	42	688	3	0	35	0.454545454545
0.148400405572	0.0245398773006	43	688	3	0	35	0.448717948718
0.148480461862	0.0265848670757	44	688	3	0	35	0.443037974684
0.148483790486	0.0265848670757	44	689	3	0	35	0.443037974684
0.148657448773	0.0265848670757	44	690	3	0	35	0.443037974684
0.148658324808	0.0265848670757	44	691	3	0	35	0.443037974684
0.149459627752	0.0265848670757	44	692	3	0	35	0.443037974684
0.149486219525	0.0265848670757	44	693	3	0	35	0.443037974684
0.149895941617	0.0265848670757	44	694	3	0	35	0.443037974684
0.149928042395	0.0265848670757	44	695	3	0	35	0.443037974684
0.149949115729	0.0265848670757	44	696	3	0	35	0.443037974684
0.150272550785	0.0265848670757	44	697	3	0	35	0.443037974684
0.150705963383	0.0265848670757	44	698	3	0	35	0.443037974684
0.150823539702	0.0265848670757	44	699	3	0	35	0.443037974684
0.150838194914	0.0245398773006	44	700	3	0	36	0.45
0.150912082294	0.0245398773006	44	701	3	0	36	0.45
0.151092610285	0.0245398773006	44	702	3	0	36	0.45
0.151342501	0.0245398773006	44	703	3	0	36	0.45
0.151386972856	0.0245398773006	44	704	3	0	36	0.45
0.151490671382	0.0265848670757	45	704	3	0	36	0.444444444444
0.151516691962	0.0265848670757	45	705	3	0	36	0.444444444444
0.151669800365	0.0265848670757	45	706	3	0	36	0.444444444444
0.151834048171	0.0265848670757	45	707	3	0	36	0.444444444444
0.152050649586	0.0265848670757	45	708	3	0	36	0.444444444444
0.152597206471	0.0265848670757	45	709	3	0	36	0.444444444444
0.152701659104	0.0265848670757	45	710	3	0	36	0.444444444444
0.152902608103	0.0265848670757	45	711	3	0	36	0.444444444444
0.152951571919	0.0265848670757	45	712	3	0	36	0.444444444444
0.15305315322	0.0265848670757	45	713	3	0	36	0.444444444444
0.153146559237	0.0265848670757	45	714	3	0	36	0.444444444444
0.153558309501	0.0265848670757	45	715	3	0	36	0.444444444444
0.153978201113	0.0265848670757	45	716	3	0	36	0.444444444444
0.154260023905	0.0265848670757	45	717	3	0	36	0.444444444444
0.154265902192	0.0265848670757	45	718	3	0	36	0.444444444444
0.154475833177	0.0265848670757	45	719	3	0	36	0.444444444444
0.154546619186	0.0286298568507	46	719	3	0	36	0.439024390244
0.154677244549	0.0306748466258	47	719	3	0	36	0.433734939759
0.155252758318	0.0306748466258	47	720	3	0	36	0.433734939759
0.155308847191	0.0306748466258	47	721	3	0	36	0.433734939759
0.155397765725	0.0306748466258	47	722	3	0	36	0.433734939759
0.156535777974	0.0306748466258	47	723	3	0	36	0.433734939759
0.156582133163	0.0306748466258	47	724	3	0	36	0.433734939759
0.15667096694	0.0286298568507	47	725	3	0	37	0.440476190476
0.156856790683	0.0286298568507	47	726	3	0	37	0.440476190476
0.1569102816	0.0286298568507	47	727	3	0	37	0.440476190476
0.156930745395	0.0286298568507	47	728	3	0	37	0.440476190476
0.157261208213	0.0286298568507	47	729	3	0	37	0.440476190476
0.157520383687	0.0265848670757	47	730	3	0	38	0.447058823529
0.157711355429	0.0265848670757	47	731	3	0	38	0.447058823529
0.157885264268	0.0265848670757	47	732	3	0	38	0.447058823529
0.158010791725	0.0224948875256	47	733	3	0	40	0.459770114943
0.158182593105	0.0224948875256	47	734	3	0	40	0.459770114943
0.158721134874	0.0224948875256	47	735	3	0	40	0.459770114943
0.158947068947	0.0224948875256	47	736	3	0	40	0.459770114943
0.159019192612	0.0204498977505	47	737	3	0	41	0.465909090909
0.159139234948	0.0204498977505	47	738	3	0	41	0.465909090909
0.159227063737	0.0204498977505	47	739	3	0	41	0.465909090909
0.159535116995	0.0204498977505	47	740	3	0	41	0.465909090909
0.15955124816	0.0184049079755	47	741	3	0	42	0.47191011236
0.159563827282	0.0184049079755	47	742	3	0	42	0.47191011236
0.160103649376	0.0184049079755	47	743	3	0	42	0.47191011236
0.160580143072	0.0184049079755	47	744	3	0	42	0.47191011236
0.160687778556	0.0184049079755	47	745	3	0	42	0.47191011236
0.160705018447	0.0184049079755	47	746	3	0	42	0.47191011236
0.160741750955	0.0184049079755	47	747	3	0	42	0.47191011236
0.160867811347	0.0184049079755	47	748	3	0	42	0.47191011236
0.160944315677	0.0184049079755	47	749	3	0	42	0.47191011236
0.161110560948	0.0184049079755	47	750	3	0	42	0.47191011236
0.161399275386	0.0184049079755	47	751	3	0	42	0.47191011236
0.161405111638	0.0184049079755	47	752	3	0	42	0.47191011236
0.162008123325	0.0184049079755	47	753	3	0	42	0.47191011236
0.162053593957	0.0184049079755	47	754	3	0	42	0.47191011236
0.162154534227	0.0184049079755	47	755	3	0	42	0.47191011236
0.162443348859	0.0184049079755	47	756	3	0	42	0.47191011236
0.163535164142	0.0184049079755	47	757	3	0	42	0.47191011236
0.163623140325	0.0184049079755	47	758	3	0	42	0.47191011236
0.163830157591	0.0184049079755	47	759	3	0	42	0.47191011236
0.16389763	0.0184049079755	47	760	3	0	42	0.47191011236
0.164177708783	0.0184049079755	47	761	3	0	42	0.47191011236
0.164444160085	0.0184049079755	47	762	3	0	42	0.47191011236
0.164518921352	0.0184049079755	47	763	3	0	42	0.47191011236
0.164776247436	0.0184049079755	47	764	3	0	42	0.47191011236
0.164801170356	0.0184049079755	47	765	3	0	42	0.47191011236
0.164819850892	0.0184049079755	47	766	3	0	42	0.47191011236
0.165364306678	0.0184049079755	47	767	3	0	42	0.47191011236
0.165591508412	0.0184049079755	47	768	3	0	42	0.47191011236
0.165834372652	0.0184049079755	47	769	3	0	42	0.47191011236
0.165957444151	0.0184049079755	47	770	3	0	42	0.47191011236
0.166388045299	0.0184049079755	47	771	3	0	42	0.47191011236
0.166456676716	0.0184049079755	47	772	3	0	42	0.47191011236
0.166626659901	0.0184049079755	47	773	3	0	42	0.47191011236
0.166713796205	0.0184049079755	47	774	3	0	42	0.47191011236
0.167131374697	0.0184049079755	47	775	3	0	42	0.47191011236
0.167135159722	0.0184049079755	47	776	3	0	42	0.47191011236
0.167224000476	0.0184049079755	47	777	3	0	42	0.47191011236
0.167439168729	0.0184049079755	47	778	3	0	42	0.47191011236
0.167492990319	0.0163599182004	47	779	3	0	43	0.477777777778
0.167863050402	0.0163599182004	47	780	3	0	43	0.477777777778
0.168484445384	0.0163599182004	47	781	3	0	43	0.477777777778
0.168876499467	0.0163599182004	47	782	3	0	43	0.477777777778
0.168883941902	0.0163599182004	47	783	3	0	43	0.477777777778
0.168978551348	0.0163599182004	47	784	3	0	43	0.477777777778
0.169020350061	0.0163599182004	47	785	3	0	43	0.477777777778
0.169195198679	0.0163599182004	47	786	3	0	43	0.477777777778
0.169474525122	0.0163599182004	47	787	3	0	43	0.477777777778
0.169845766008	0.0163599182004	47	788	3	0	43	0.477777777778
0.16995196652	0.0163599182004	47	789	3	0	43	0.477777777778
0.170117458512	0.0163599182004	47	790	3	0	43	0.477777777778
0.170195222989	0.0184049079755	48	790	3	0	43	0.472527472527
0.170386627778	0.0184049079755	48	791	3	0	43	0.472527472527
0.1703968932	0.0184049079755	48	792	3	0	43	0.472527472527
0.170684001205	0.0184049079755	48	793	3	0	43	0.472527472527
0.170936840122	0.0184049079755	48	794	3	0	43	0.472527472527
0.171149651118	0.0184049079755	48	795	3	0	43	0.472527472527
0.171301167795	0.0184049079755	48	796	3	0	43	0.472527472527
0.171350055977	0.0184049079755	48	797	3	0	43	0.472527472527
0.17137351992	0.0184049079755	48	798	3	0	43	0.472527472527
0.171383674885	0.0184049079755	48	799	3	0	43	0.472527472527
0.171559648287	0.0163599182004	48	800	3	0	44	0.478260869565
