# time 	 divergence 	 # of mutations 	 # IGC chances 	 IGC length 	 # IGC failures 	 Changes due to IGC  	 % change due to IGC 
0.0	0.0102249488753	0	0	0	0	0	0.0
8.30739395498e-05	0.0102249488753	0	1	3	0	0	0.0
0.000137401981212	0.0102249488753	0	2	3	0	0	0.0
0.000320617103823	0.0102249488753	0	3	3	0	0	0.0
0.000568199548872	0.0102249488753	0	4	3	0	0	0.0
0.000776819409416	0.0102249488753	0	5	3	0	0	0.0
0.000777545954861	0.0102249488753	0	6	3	0	0	0.0
0.000818932063044	0.0102249488753	0	7	3	0	0	0.0
0.00088159568929	0.0102249488753	0	8	3	0	0	0.0
0.00115195784641	0.0102249488753	0	9	3	0	0	0.0
0.00132988559943	0.0102249488753	0	10	3	0	0	0.0
0.00235601105445	0.0102249488753	0	11	3	0	0	0.0
0.0029656982777	0.0102249488753	0	12	3	0	0	0.0
0.00322104779755	0.0102249488753	0	13	3	0	0	0.0
0.00348696603944	0.0102249488753	0	14	3	0	0	0.0
0.00352622158321	0.0102249488753	0	15	3	0	0	0.0
0.00479004554741	0.0102249488753	0	16	3	0	0	0.0
0.00482561921288	0.0102249488753	0	17	3	0	0	0.0
0.00511854377186	0.0102249488753	0	18	3	0	0	0.0
0.00523457674514	0.0102249488753	0	19	3	0	0	0.0
0.00536237113547	0.0102249488753	0	20	3	0	0	0.0
0.00548440060706	0.0102249488753	0	21	3	0	0	0.0
0.00567394648285	0.0102249488753	0	22	3	0	0	0.0
0.00596584592561	0.0102249488753	0	23	3	0	0	0.0
0.00614937740317	0.0102249488753	0	24	3	0	0	0.0
0.00632801772963	0.0102249488753	0	25	3	0	0	0.0
0.00633063859764	0.0102249488753	0	26	3	0	0	0.0
0.00649754891071	0.0102249488753	0	27	3	0	0	0.0
0.00687756981407	0.0102249488753	0	28	3	0	0	0.0
0.00700863455002	0.0102249488753	0	29	3	0	0	0.0
0.00703204368123	0.0102249488753	0	30	3	0	0	0.0
0.00726607768506	0.0102249488753	0	31	3	0	0	0.0
0.00791195425697	0.0102249488753	0	32	3	0	0	0.0
0.0082078278203	0.0102249488753	0	33	3	0	0	0.0
0.00836775068018	0.0102249488753	0	34	3	0	0	0.0
0.00850040113622	0.0102249488753	0	35	3	0	0	0.0
0.00857765177185	0.0102249488753	0	36	3	0	0	0.0
0.00874393413655	0.0102249488753	0	37	3	0	0	0.0
0.00888001406559	0.0102249488753	0	38	3	0	0	0.0
0.00930155890968	0.0102249488753	0	39	3	0	0	0.0
0.00937782289504	0.0102249488753	0	40	3	0	0	0.0
0.0094132130353	0.0102249488753	0	41	3	0	0	0.0
0.00942447474708	0.0102249488753	0	42	3	0	0	0.0
0.00963261790198	0.0102249488753	0	43	3	0	0	0.0
0.00972616996783	0.0102249488753	0	44	3	0	0	0.0
0.00983605698206	0.0102249488753	0	45	3	0	0	0.0
0.0102209230456	0.0122699386503	1	45	3	0	0	0.0
0.0106685380676	0.0143149284254	2	45	3	0	0	0.0
0.0107542070798	0.0143149284254	2	46	3	0	0	0.0
0.0110438021615	0.0143149284254	2	47	3	0	0	0.0
0.0111060123341	0.0143149284254	2	48	3	0	0	0.0
0.0113135602611	0.0143149284254	2	49	3	0	0	0.0
0.0114319727425	0.0143149284254	2	50	3	0	0	0.0
0.0115390819319	0.0143149284254	2	51	3	0	0	0.0
0.0116567958514	0.0143149284254	2	52	3	0	0	0.0
0.0120170753651	0.0143149284254	2	53	3	0	0	0.0
0.0121227635604	0.0143149284254	2	54	3	0	0	0.0
0.0121431212191	0.0143149284254	2	55	3	0	0	0.0
0.0123007619125	0.0163599182004	3	55	3	0	0	0.0
0.0125441610412	0.0163599182004	3	56	3	0	0	0.0
0.0126156305804	0.0163599182004	3	57	3	0	0	0.0
0.0127035373037	0.0163599182004	3	58	3	0	0	0.0
0.0129979827571	0.0163599182004	3	59	3	0	0	0.0
0.0132923086781	0.0163599182004	3	60	3	0	0	0.0
0.0134309634597	0.0163599182004	3	61	3	0	0	0.0
0.0136252345714	0.0163599182004	3	62	3	0	0	0.0
0.0136338842546	0.0163599182004	3	63	3	0	0	0.0
0.0138246209466	0.0163599182004	3	64	3	0	0	0.0
0.0143222141874	0.0163599182004	3	65	3	0	0	0.0
0.0144633850357	0.0163599182004	3	66	3	0	0	0.0
0.0151070331283	0.0163599182004	3	67	3	0	0	0.0
0.0151485682647	0.0163599182004	3	68	3	0	0	0.0
0.0158215622896	0.0163599182004	3	69	3	0	0	0.0
0.0162616795462	0.0163599182004	3	70	3	0	0	0.0
0.0163332194002	0.0163599182004	3	71	3	0	0	0.0
0.0163503021654	0.0163599182004	3	72	3	0	0	0.0
0.0163671228511	0.0163599182004	3	73	3	0	0	0.0
0.0164325382992	0.0163599182004	3	74	3	0	0	0.0
0.0165231319345	0.0163599182004	3	75	3	0	0	0.0
0.0165478487448	0.0163599182004	3	76	3	0	0	0.0
0.0167018946645	0.0163599182004	3	77	3	0	0	0.0
0.0168551079601	0.0163599182004	3	78	3	0	0	0.0
0.0169170827757	0.0163599182004	3	79	3	0	0	0.0
0.016938736397	0.0163599182004	3	80	3	0	0	0.0
0.017034547768	0.0163599182004	3	81	3	0	0	0.0
0.0178275236576	0.0163599182004	3	82	3	0	0	0.0
0.0178371662472	0.0163599182004	3	83	3	0	0	0.0
0.017882320193	0.0163599182004	3	84	3	0	0	0.0
0.0182277888526	0.0163599182004	3	85	3	0	0	0.0
0.0184653048332	0.0163599182004	3	86	3	0	0	0.0
0.0184723278867	0.0163599182004	3	87	3	0	0	0.0
0.0184869374519	0.0184049079755	4	87	3	0	0	0.0
0.0188186553098	0.0184049079755	4	88	3	0	0	0.0
0.0190552736555	0.0184049079755	4	89	3	0	0	0.0
0.0192751632022	0.0184049079755	4	90	3	0	0	0.0
0.0193029915725	0.0184049079755	4	91	3	0	0	0.0
0.0193875264716	0.0184049079755	4	92	3	0	0	0.0
0.0194246628221	0.0184049079755	4	93	3	0	0	0.0
0.0196650904956	0.0184049079755	4	94	3	0	0	0.0
0.020338421243	0.0184049079755	4	95	3	0	0	0.0
0.0207269613044	0.0184049079755	4	96	3	0	0	0.0
0.0210140265066	0.0184049079755	4	97	3	0	0	0.0
0.0210685398042	0.0184049079755	4	98	3	0	0	0.0
0.0214077537529	0.0184049079755	4	99	3	0	0	0.0
0.0215951198379	0.0204498977505	5	99	3	0	0	0.0
0.0217244635509	0.0204498977505	5	100	3	0	0	0.0
0.021818415348	0.0224948875256	6	100	3	0	0	0.0
0.0231200448192	0.0224948875256	6	101	3	0	0	0.0
0.0233165299183	0.0204498977505	6	102	3	0	1	0.142857142857
0.0234484308457	0.0204498977505	6	103	3	0	1	0.142857142857
0.0235206741926	0.0204498977505	6	104	3	0	1	0.142857142857
0.0238970727419	0.0184049079755	6	105	3	0	2	0.25
0.0242631958623	0.0184049079755	6	106	3	0	2	0.25
0.0242679164946	0.0184049079755	6	107	3	0	2	0.25
0.0246541319097	0.0184049079755	6	108	3	0	2	0.25
0.0249793174207	0.0184049079755	6	109	3	0	2	0.25
0.0250466837231	0.0184049079755	6	110	3	0	2	0.25
0.0252326302936	0.0184049079755	6	111	3	0	2	0.25
0.0253936524225	0.0184049079755	6	112	3	0	2	0.25
0.0259173789817	0.0184049079755	6	113	3	0	2	0.25
0.026106597576	0.0184049079755	6	114	3	0	2	0.25
0.0266055528474	0.0184049079755	6	115	3	0	2	0.25
0.0267708613563	0.0184049079755	6	116	3	0	2	0.25
0.0275698699109	0.0184049079755	6	117	3	0	2	0.25
0.0276205077856	0.0184049079755	6	118	3	0	2	0.25
0.0276896614077	0.0204498977505	7	118	3	0	2	0.222222222222
0.0278157723254	0.0204498977505	7	119	3	0	2	0.222222222222
0.0278704212275	0.0204498977505	7	120	3	0	2	0.222222222222
0.0280812356726	0.0204498977505	7	121	3	0	2	0.222222222222
0.0284848044133	0.0224948875256	8	121	3	0	2	0.2
0.0285377481511	0.0224948875256	8	122	3	0	2	0.2
0.0287692322919	0.0224948875256	8	123	3	0	2	0.2
0.0287819154467	0.0224948875256	8	124	3	0	2	0.2
0.0289947022268	0.0224948875256	8	125	3	0	2	0.2
0.0293570754266	0.0224948875256	8	126	3	0	2	0.2
0.0299060819763	0.0224948875256	8	127	3	0	2	0.2
0.0300675884739	0.0224948875256	8	128	3	0	2	0.2
0.0300774628982	0.0204498977505	8	129	3	0	3	0.272727272727
0.0304756071665	0.0204498977505	8	130	3	0	3	0.272727272727
0.030538626118	0.0204498977505	8	131	3	0	3	0.272727272727
0.030703779283	0.0204498977505	8	132	3	0	3	0.272727272727
0.0308996959462	0.0204498977505	8	133	3	0	3	0.272727272727
0.0310403234196	0.0204498977505	8	134	3	0	3	0.272727272727
0.0310524359336	0.0204498977505	8	135	3	0	3	0.272727272727
0.0312561092167	0.0204498977505	8	136	3	0	3	0.272727272727
0.031388523537	0.0204498977505	8	137	3	0	3	0.272727272727
0.0314040941278	0.0204498977505	8	138	3	0	3	0.272727272727
0.0322360805445	0.0224948875256	9	138	3	0	3	0.25
0.0323562743585	0.0224948875256	9	139	3	0	3	0.25
0.0327931020617	0.0224948875256	9	140	3	0	3	0.25
0.0328897227363	0.0224948875256	9	141	3	0	3	0.25
0.0330169049575	0.0224948875256	9	142	3	0	3	0.25
0.0334627417344	0.0224948875256	9	143	3	0	3	0.25
0.0334636384088	0.0224948875256	9	144	3	0	3	0.25
0.0337829480288	0.0224948875256	9	145	3	0	3	0.25
0.0338262661866	0.0224948875256	9	146	3	0	3	0.25
0.033827290952	0.0224948875256	9	147	3	0	3	0.25
0.0340006520148	0.0224948875256	9	148	3	0	3	0.25
0.0344420787569	0.0224948875256	9	149	3	0	3	0.25
0.0346948027418	0.0224948875256	9	150	3	0	3	0.25
0.0348927430995	0.0224948875256	9	151	3	0	3	0.25
0.0349789880296	0.0224948875256	9	152	3	0	3	0.25
0.0352678319601	0.0224948875256	9	153	3	0	3	0.25
0.0354820340315	0.0224948875256	9	154	3	0	3	0.25
0.0356570813617	0.0224948875256	9	155	3	0	3	0.25
0.036039297694	0.0204498977505	9	156	3	0	4	0.307692307692
0.0363452117972	0.0204498977505	9	157	3	0	4	0.307692307692
0.0364409343577	0.0204498977505	9	158	3	0	4	0.307692307692
0.036475752714	0.0224948875256	10	158	3	0	4	0.285714285714
0.0382834082612	0.0204498977505	10	159	3	0	5	0.333333333333
0.0385101623506	0.0204498977505	10	160	3	0	5	0.333333333333
0.0386958209643	0.0204498977505	10	161	3	0	5	0.333333333333
0.0388529423692	0.0224948875256	11	161	3	0	5	0.3125
0.0393427795602	0.0224948875256	11	162	3	0	5	0.3125
0.0396480859031	0.0224948875256	11	163	3	0	5	0.3125
0.0399859119275	0.0224948875256	11	164	3	0	5	0.3125
0.0400758397941	0.0224948875256	11	165	3	0	5	0.3125
0.0401530689918	0.0224948875256	11	166	3	0	5	0.3125
0.0401838131419	0.0224948875256	11	167	3	0	5	0.3125
0.0403579828272	0.0224948875256	11	168	3	0	5	0.3125
0.0406470090034	0.0224948875256	11	169	3	0	5	0.3125
0.0408907657981	0.0224948875256	11	170	3	0	5	0.3125
0.0409659282057	0.0224948875256	11	171	3	0	5	0.3125
0.041170962467	0.0224948875256	11	172	3	0	5	0.3125
0.041248640606	0.0224948875256	11	173	3	0	5	0.3125
0.0412565208913	0.0224948875256	11	174	3	0	5	0.3125
0.0414967213758	0.0224948875256	11	175	3	0	5	0.3125
0.041631876708	0.0224948875256	11	176	3	0	5	0.3125
0.041708316444	0.0224948875256	11	177	3	0	5	0.3125
0.0422394450813	0.0224948875256	11	178	3	0	5	0.3125
0.0424197100245	0.0224948875256	11	179	3	0	5	0.3125
0.0426281753372	0.0245398773006	12	179	3	0	5	0.294117647059
0.0427511276777	0.0224948875256	12	180	3	0	6	0.333333333333
0.0431573707437	0.0224948875256	12	181	3	0	6	0.333333333333
0.0431713876883	0.0224948875256	12	182	3	0	6	0.333333333333
0.0436629817805	0.0245398773006	13	182	3	0	6	0.315789473684
0.0438089833503	0.0245398773006	13	183	3	0	6	0.315789473684
0.0441945279501	0.0245398773006	13	184	3	0	6	0.315789473684
0.0442873318172	0.0245398773006	13	185	3	0	6	0.315789473684
0.0444638690608	0.0224948875256	13	186	3	0	7	0.35
0.0446676168308	0.0204498977505	13	187	3	0	8	0.380952380952
0.0450309377476	0.0204498977505	13	188	3	0	8	0.380952380952
0.0453472160506	0.0204498977505	13	189	3	0	8	0.380952380952
0.0453699122709	0.0204498977505	13	190	3	0	8	0.380952380952
0.045600083463	0.0204498977505	13	191	3	0	8	0.380952380952
0.0457492624506	0.0204498977505	13	192	3	0	8	0.380952380952
0.0461444227198	0.0204498977505	13	193	3	0	8	0.380952380952
0.0462476091403	0.0204498977505	13	194	3	0	8	0.380952380952
0.046362706603	0.0204498977505	13	195	3	0	8	0.380952380952
0.0464305607694	0.0224948875256	14	195	3	0	8	0.363636363636
0.0468383560855	0.0245398773006	15	195	3	0	8	0.347826086957
0.0469207573517	0.0245398773006	15	196	3	0	8	0.347826086957
0.047326084092	0.0245398773006	15	197	3	0	8	0.347826086957
0.0473970349337	0.0245398773006	15	198	3	0	8	0.347826086957
0.0477130576116	0.0245398773006	15	199	3	0	8	0.347826086957
0.0478494356247	0.0245398773006	15	200	3	0	8	0.347826086957
0.0479433670675	0.0245398773006	15	201	3	0	8	0.347826086957
0.0480978188347	0.0245398773006	15	202	3	0	8	0.347826086957
0.0483605132559	0.0245398773006	15	203	3	0	8	0.347826086957
0.0487874827466	0.0245398773006	15	204	3	0	8	0.347826086957
0.0493334716782	0.0245398773006	15	205	3	0	8	0.347826086957
0.0496410983234	0.0245398773006	15	206	3	0	8	0.347826086957
0.049766947962	0.0265848670757	16	206	3	0	8	0.333333333333
0.0497867641375	0.0286298568507	17	206	3	0	8	0.32
0.0500100816909	0.0286298568507	17	207	3	0	8	0.32
0.0503743991497	0.0286298568507	17	208	3	0	8	0.32
0.0506163744927	0.0286298568507	17	209	3	0	8	0.32
0.0510537220842	0.0286298568507	17	210	3	0	8	0.32
0.051060354839	0.0286298568507	17	211	3	0	8	0.32
0.0513073424425	0.0286298568507	17	212	3	0	8	0.32
0.051314986995	0.0265848670757	17	213	3	0	9	0.346153846154
0.0516879079516	0.0265848670757	17	214	3	0	9	0.346153846154
0.0517311307619	0.0265848670757	17	215	3	0	9	0.346153846154
0.051781259436	0.0265848670757	17	216	3	0	9	0.346153846154
0.0524657753845	0.0265848670757	17	217	3	0	9	0.346153846154
0.0524663882036	0.0265848670757	17	218	3	0	9	0.346153846154
0.0524929115676	0.0265848670757	17	219	3	0	9	0.346153846154
0.0525215932395	0.0265848670757	17	220	3	0	9	0.346153846154
0.0525768910458	0.0265848670757	17	221	3	0	9	0.346153846154
0.052678597206	0.0265848670757	17	222	3	0	9	0.346153846154
0.0527850616345	0.0265848670757	17	223	3	0	9	0.346153846154
0.0528335815845	0.0265848670757	17	224	3	0	9	0.346153846154
0.0528933991288	0.0245398773006	17	225	3	0	10	0.37037037037
0.0529253627377	0.0245398773006	17	226	3	0	10	0.37037037037
0.0529912389986	0.0245398773006	17	227	3	0	10	0.37037037037
0.0531004094332	0.0245398773006	17	228	3	0	10	0.37037037037
0.0531235109375	0.0245398773006	17	229	3	0	10	0.37037037037
0.053258466233	0.0245398773006	17	230	3	0	10	0.37037037037
0.0533238235918	0.0245398773006	17	231	3	0	10	0.37037037037
0.05372383861	0.0245398773006	17	232	3	0	10	0.37037037037
0.0539741896527	0.0245398773006	17	233	3	0	10	0.37037037037
0.0541574637167	0.0265848670757	18	233	3	0	10	0.357142857143
0.054166209651	0.0265848670757	18	234	3	0	10	0.357142857143
0.054266160791	0.0265848670757	18	235	3	0	10	0.357142857143
0.0542963002736	0.0265848670757	18	236	3	0	10	0.357142857143
0.054321550922	0.0265848670757	18	237	3	0	10	0.357142857143
0.0546507087967	0.0265848670757	18	238	3	0	10	0.357142857143
0.0547476811442	0.0265848670757	18	239	3	0	10	0.357142857143
0.0549545909907	0.0265848670757	18	240	3	0	10	0.357142857143
0.0550750954955	0.0265848670757	18	241	3	0	10	0.357142857143
0.0551184903582	0.0286298568507	19	241	3	0	10	0.344827586207
0.0551574913133	0.0286298568507	19	242	3	0	10	0.344827586207
0.0552909477629	0.0286298568507	19	243	3	0	10	0.344827586207
0.0555807986773	0.0286298568507	19	244	3	0	10	0.344827586207
0.0557666682247	0.0286298568507	19	245	3	0	10	0.344827586207
0.0557935425452	0.0286298568507	19	246	3	0	10	0.344827586207
0.0558349029531	0.0245398773006	19	247	3	0	12	0.387096774194
0.056236003492	0.0245398773006	19	248	3	0	12	0.387096774194
0.0562447568852	0.0224948875256	19	249	3	0	13	0.40625
0.0570911292339	0.0224948875256	19	250	3	0	13	0.40625
0.057608162826	0.0245398773006	20	250	3	0	13	0.393939393939
0.0576660823232	0.0245398773006	20	251	3	0	13	0.393939393939
0.0579295276237	0.0245398773006	20	252	3	0	13	0.393939393939
0.0581198431844	0.0265848670757	21	252	3	0	13	0.382352941176
0.0583429644757	0.0265848670757	21	253	3	0	13	0.382352941176
0.0586716020464	0.0265848670757	21	254	3	0	13	0.382352941176
0.0587035036763	0.0265848670757	21	255	3	0	13	0.382352941176
0.0587763386203	0.0286298568507	22	255	3	0	13	0.371428571429
0.0588721412968	0.0286298568507	22	256	3	0	13	0.371428571429
0.0591962635378	0.0265848670757	22	257	3	0	14	0.388888888889
0.0593536490167	0.0265848670757	22	258	3	0	14	0.388888888889
0.059386303833	0.0265848670757	22	259	3	0	14	0.388888888889
0.0595009535257	0.0265848670757	22	260	3	0	14	0.388888888889
0.0599680609982	0.0265848670757	22	261	3	0	14	0.388888888889
0.0604526887377	0.0265848670757	22	262	3	0	14	0.388888888889
0.0610607458523	0.0265848670757	22	263	3	0	14	0.388888888889
0.0611927705264	0.0245398773006	22	264	3	0	15	0.405405405405
0.0616353191605	0.0245398773006	22	265	3	0	15	0.405405405405
0.0622334782079	0.0245398773006	22	266	3	0	15	0.405405405405
0.0625382636259	0.0245398773006	22	267	3	0	15	0.405405405405
0.0628195255906	0.0245398773006	22	268	3	0	15	0.405405405405
0.0628233323112	0.0245398773006	22	269	3	0	15	0.405405405405
0.0628297367941	0.0245398773006	22	270	3	0	15	0.405405405405
0.0628432854417	0.0245398773006	22	271	3	0	15	0.405405405405
0.0636414282022	0.0265848670757	23	271	3	0	15	0.394736842105
0.0636589011306	0.0245398773006	23	272	3	0	16	0.410256410256
0.0637359441442	0.0245398773006	23	273	3	0	16	0.410256410256
0.0638704769631	0.0245398773006	23	274	3	0	16	0.410256410256
0.0640301222766	0.0245398773006	23	275	3	0	16	0.410256410256
0.0641700868802	0.0245398773006	23	276	3	0	16	0.410256410256
0.0642285316115	0.0245398773006	23	277	3	0	16	0.410256410256
0.0643698084699	0.0245398773006	23	278	3	0	16	0.410256410256
0.064437168237	0.0245398773006	23	279	3	0	16	0.410256410256
0.0645608892326	0.0245398773006	23	280	3	0	16	0.410256410256
0.0649532425924	0.0245398773006	23	281	3	0	16	0.410256410256
0.0653791863562	0.0245398773006	23	282	3	0	16	0.410256410256
0.0658875635216	0.0245398773006	23	283	3	0	16	0.410256410256
0.0659350282616	0.0224948875256	23	284	3	0	17	0.425
0.0664106792372	0.0224948875256	23	285	3	0	17	0.425
0.0668151619094	0.0224948875256	23	286	3	0	17	0.425
0.0670487943117	0.0224948875256	23	287	3	0	17	0.425
0.067664206234	0.0224948875256	23	288	3	0	17	0.425
0.0679553450774	0.0224948875256	23	289	3	0	17	0.425
0.0679588747798	0.0224948875256	23	290	3	0	17	0.425
0.0680496449637	0.0224948875256	23	291	3	0	17	0.425
0.0683286598626	0.0224948875256	23	292	3	0	17	0.425
0.0686752360136	0.0224948875256	23	293	3	0	17	0.425
0.0687128016356	0.0224948875256	23	294	3	0	17	0.425
0.068994928716	0.0224948875256	23	295	3	0	17	0.425
0.0692564283934	0.0245398773006	24	295	3	0	17	0.414634146341
0.0695055955782	0.0224948875256	24	296	3	0	18	0.428571428571
0.0699895174674	0.0224948875256	24	297	3	0	18	0.428571428571
0.0701318645112	0.0245398773006	25	297	3	0	18	0.418604651163
0.0702901139691	0.0245398773006	25	298	3	0	18	0.418604651163
0.0703782834791	0.0245398773006	25	299	3	0	18	0.418604651163
0.0704152773744	0.0245398773006	25	300	3	0	18	0.418604651163
0.0704767147854	0.0245398773006	25	301	3	0	18	0.418604651163
0.0705697987241	0.0245398773006	25	302	3	0	18	0.418604651163
0.0711243174901	0.0245398773006	25	303	3	0	18	0.418604651163
0.0711713186061	0.0245398773006	25	304	3	0	18	0.418604651163
0.071179010276	0.0245398773006	25	305	3	0	18	0.418604651163
0.0712039668323	0.0245398773006	25	306	3	0	18	0.418604651163
0.0712071912296	0.0245398773006	25	307	3	0	18	0.418604651163
0.0713021390515	0.0265848670757	26	307	3	0	18	0.409090909091
0.0715223151465	0.0265848670757	26	308	3	0	18	0.409090909091
0.071728660258	0.0265848670757	26	309	3	0	18	0.409090909091
0.0723022723716	0.0265848670757	26	310	3	0	18	0.409090909091
0.0724682867578	0.0265848670757	26	311	3	0	18	0.409090909091
0.0725496282909	0.0265848670757	26	312	3	0	18	0.409090909091
0.0726330538543	0.0245398773006	26	313	3	0	19	0.422222222222
0.0728085290911	0.0245398773006	26	314	3	0	19	0.422222222222
0.0728628015607	0.0245398773006	26	315	3	0	19	0.422222222222
0.073579782205	0.0245398773006	26	316	3	0	19	0.422222222222
0.073599473922	0.0224948875256	26	317	3	0	20	0.434782608696
0.0736677618575	0.0245398773006	27	317	3	0	20	0.425531914894
0.0742966717084	0.0245398773006	27	318	3	0	20	0.425531914894
0.0748007510658	0.0245398773006	27	319	3	0	20	0.425531914894
0.0748641932371	0.0245398773006	27	320	3	0	20	0.425531914894
0.0750026911814	0.0245398773006	27	321	3	0	20	0.425531914894
0.0750052247094	0.0245398773006	27	322	3	0	20	0.425531914894
0.0753005920049	0.0245398773006	27	323	3	0	20	0.425531914894
0.0753855612427	0.0245398773006	27	324	3	0	20	0.425531914894
0.0754832094808	0.0245398773006	27	325	3	0	20	0.425531914894
0.0755368090952	0.0245398773006	27	326	3	0	20	0.425531914894
0.0763543824248	0.0245398773006	27	327	3	0	20	0.425531914894
0.0764520942665	0.0245398773006	27	328	3	0	20	0.425531914894
0.076695245864	0.0245398773006	27	329	3	0	20	0.425531914894
0.0767646149376	0.0245398773006	27	330	3	0	20	0.425531914894
0.0768819314341	0.0245398773006	27	331	3	0	20	0.425531914894
0.0776816513347	0.0245398773006	27	332	3	0	20	0.425531914894
0.0777671613075	0.0245398773006	27	333	3	0	20	0.425531914894
0.0778526962349	0.0224948875256	27	334	3	0	21	0.4375
0.0781026610242	0.0224948875256	27	335	3	0	21	0.4375
0.0782267168492	0.0224948875256	27	336	3	0	21	0.4375
0.0784591731968	0.0224948875256	27	337	3	0	21	0.4375
0.0787060534929	0.0224948875256	27	338	3	0	21	0.4375
0.0787504953445	0.0224948875256	27	339	3	0	21	0.4375
0.0788991830743	0.0204498977505	27	340	3	0	22	0.448979591837
0.0793553129477	0.0204498977505	27	341	3	0	22	0.448979591837
0.0793820204759	0.0204498977505	27	342	3	0	22	0.448979591837
0.0795967296294	0.0224948875256	28	342	3	0	22	0.44
0.0799136484224	0.0224948875256	28	343	3	0	22	0.44
0.0799628383686	0.0224948875256	28	344	3	0	22	0.44
0.0802207616046	0.0224948875256	28	345	3	0	22	0.44
0.0804693906111	0.0224948875256	28	346	3	0	22	0.44
0.0808612296768	0.0224948875256	28	347	3	0	22	0.44
0.080948326909	0.0224948875256	28	348	3	0	22	0.44
0.0809591685409	0.0224948875256	28	349	3	0	22	0.44
0.0811829002132	0.0224948875256	28	350	3	0	22	0.44
0.0813732469642	0.0224948875256	28	351	3	0	22	0.44
0.0816426459957	0.0245398773006	29	351	3	0	22	0.43137254902
0.0820504336335	0.0245398773006	29	352	3	0	22	0.43137254902
0.0821169349216	0.0245398773006	29	353	3	0	22	0.43137254902
0.0824050403376	0.0245398773006	29	354	3	0	22	0.43137254902
0.0824727762545	0.0224948875256	29	355	3	0	23	0.442307692308
0.0828617954213	0.0245398773006	30	355	3	0	23	0.433962264151
0.0832148996509	0.0245398773006	30	356	3	0	23	0.433962264151
0.0834310744693	0.0245398773006	30	357	3	0	23	0.433962264151
0.0834386930745	0.0245398773006	30	358	3	0	23	0.433962264151
0.0839928275834	0.0245398773006	30	359	3	0	23	0.433962264151
0.0841001397004	0.0245398773006	30	360	3	0	23	0.433962264151
0.08414363728	0.0245398773006	30	361	3	0	23	0.433962264151
0.0847326897766	0.0245398773006	30	362	3	0	23	0.433962264151
0.0848286287923	0.0245398773006	30	363	3	0	23	0.433962264151
0.0853687525962	0.0245398773006	30	364	3	0	23	0.433962264151
0.0857300231768	0.0245398773006	30	365	3	0	23	0.433962264151
0.0859386431315	0.0245398773006	30	366	3	0	23	0.433962264151
0.0859775312739	0.0245398773006	30	367	3	0	23	0.433962264151
0.0860200443439	0.0245398773006	30	368	3	0	23	0.433962264151
0.0861886839028	0.0245398773006	30	369	3	0	23	0.433962264151
0.086380768424	0.0245398773006	30	370	3	0	23	0.433962264151
0.0863837604082	0.0245398773006	30	371	3	0	23	0.433962264151
0.0866746124089	0.0245398773006	30	372	3	0	23	0.433962264151
0.0868776565666	0.0245398773006	30	373	3	0	23	0.433962264151
0.0869531666586	0.0245398773006	30	374	3	0	23	0.433962264151
0.0869753357724	0.0265848670757	31	374	3	0	23	0.425925925926
0.0870029050687	0.0265848670757	31	375	3	0	23	0.425925925926
0.0872834787883	0.0265848670757	31	376	3	0	23	0.425925925926
0.087291833117	0.0265848670757	31	377	3	0	23	0.425925925926
0.0876595181323	0.0265848670757	31	378	3	0	23	0.425925925926
0.0876914960551	0.0265848670757	31	379	3	0	23	0.425925925926
0.0877900140224	0.0265848670757	31	380	3	0	23	0.425925925926
0.0879833351228	0.0265848670757	31	381	3	0	23	0.425925925926
0.0880437797216	0.0265848670757	31	382	3	0	23	0.425925925926
0.0881394909189	0.0265848670757	31	383	3	0	23	0.425925925926
0.0887767654977	0.0265848670757	31	384	3	0	23	0.425925925926
0.0889549749421	0.0245398773006	31	385	3	0	24	0.436363636364
0.0892499430288	0.0245398773006	31	386	3	0	24	0.436363636364
0.0892622288497	0.0245398773006	31	387	3	0	24	0.436363636364
0.0894744232752	0.0245398773006	31	388	3	0	24	0.436363636364
0.0895679749657	0.0245398773006	31	389	3	0	24	0.436363636364
0.0896466861815	0.0245398773006	31	390	3	0	24	0.436363636364
0.0897722080157	0.0245398773006	31	391	3	0	24	0.436363636364
0.0900172671507	0.0245398773006	31	392	3	0	24	0.436363636364
0.0905996179863	0.0245398773006	31	393	3	0	24	0.436363636364
0.0908434059796	0.0245398773006	31	394	3	0	24	0.436363636364
0.0908558294767	0.0245398773006	31	395	3	0	24	0.436363636364
0.0908895186384	0.0245398773006	31	396	3	0	24	0.436363636364
0.0909852238901	0.0245398773006	31	397	3	0	24	0.436363636364
0.0909924894462	0.0245398773006	31	398	3	0	24	0.436363636364
0.0911223333023	0.0224948875256	31	399	3	0	25	0.446428571429
0.0916360320697	0.0224948875256	31	400	3	0	25	0.446428571429
0.0917534780644	0.0224948875256	31	401	3	0	25	0.446428571429
0.0921837054576	0.0224948875256	31	402	3	0	25	0.446428571429
0.0923466838276	0.0224948875256	31	403	3	0	25	0.446428571429
0.0925066100562	0.0224948875256	31	404	3	0	25	0.446428571429
0.0927517750252	0.0224948875256	31	405	3	0	25	0.446428571429
0.0929438665621	0.0224948875256	31	406	3	0	25	0.446428571429
0.0930556130903	0.0245398773006	32	406	3	0	25	0.438596491228
0.0931538891929	0.0245398773006	32	407	3	0	25	0.438596491228
0.0932990420104	0.0245398773006	32	408	3	0	25	0.438596491228
0.0933017617148	0.0265848670757	33	408	3	0	25	0.431034482759
0.0933819267263	0.0265848670757	33	409	3	0	25	0.431034482759
0.0935105216064	0.0265848670757	33	410	3	0	25	0.431034482759
0.093737163328	0.0265848670757	33	411	3	0	25	0.431034482759
0.0938570461142	0.0265848670757	33	412	3	0	25	0.431034482759
0.0941819239666	0.0265848670757	33	413	3	0	25	0.431034482759
0.0947967119433	0.0265848670757	33	414	3	0	25	0.431034482759
0.0950968433633	0.0265848670757	33	415	3	0	25	0.431034482759
0.0955533654176	0.0265848670757	33	416	3	0	25	0.431034482759
0.0956893001357	0.0265848670757	33	417	3	0	25	0.431034482759
0.0957022177964	0.0265848670757	33	418	3	0	25	0.431034482759
0.0957621741749	0.0265848670757	33	419	3	0	25	0.431034482759
0.0958409634861	0.0265848670757	33	420	3	0	25	0.431034482759
0.0959007555684	0.0286298568507	34	420	3	0	25	0.423728813559
0.0960854714754	0.0286298568507	34	421	3	0	25	0.423728813559
0.0962859594764	0.0286298568507	34	422	3	0	25	0.423728813559
0.0962968681696	0.0286298568507	34	423	3	0	25	0.423728813559
0.0965369639015	0.0286298568507	34	424	3	0	25	0.423728813559
0.0966747643419	0.0286298568507	34	425	3	0	25	0.423728813559
0.0969134308169	0.0286298568507	34	426	3	0	25	0.423728813559
0.0969871437078	0.0286298568507	34	427	3	0	25	0.423728813559
0.0975161269406	0.0286298568507	34	428	3	0	25	0.423728813559
0.0978393295932	0.0286298568507	34	429	3	0	25	0.423728813559
0.0979543731181	0.0286298568507	34	430	3	0	25	0.423728813559
0.0980210246775	0.0306748466258	35	430	3	0	25	0.416666666667
0.0982473699461	0.0286298568507	35	431	3	0	26	0.426229508197
0.098579778911	0.0306748466258	36	431	3	0	26	0.41935483871
0.0988309163403	0.0306748466258	36	432	3	0	26	0.41935483871
0.0989855648222	0.0306748466258	36	433	3	0	26	0.41935483871
0.0990947722224	0.0306748466258	36	434	3	0	26	0.41935483871
0.099221295395	0.0306748466258	36	435	3	0	26	0.41935483871
0.0993986029956	0.0327198364008	37	435	3	0	26	0.412698412698
0.0995965371003	0.0327198364008	37	436	3	0	26	0.412698412698
0.0997616570213	0.0327198364008	37	437	3	0	26	0.412698412698
0.099818900483	0.0327198364008	37	438	3	0	26	0.412698412698
0.0998468986898	0.0327198364008	37	439	3	0	26	0.412698412698
0.0999375609152	0.0327198364008	37	440	3	0	26	0.412698412698
0.100478848057	0.0306748466258	37	441	3	0	27	0.421875
0.100596255788	0.0327198364008	38	441	3	0	27	0.415384615385
0.100677703053	0.0306748466258	38	442	3	0	28	0.424242424242
0.100926899526	0.0306748466258	38	443	3	0	28	0.424242424242
0.101196194796	0.0306748466258	38	444	3	0	28	0.424242424242
0.101325567853	0.0306748466258	38	445	3	0	28	0.424242424242
0.101341124829	0.0306748466258	38	446	3	0	28	0.424242424242
0.101960476776	0.0306748466258	38	447	3	0	28	0.424242424242
0.102041147894	0.0327198364008	39	447	3	0	28	0.417910447761
0.102120830432	0.0327198364008	39	448	3	0	28	0.417910447761
0.102662864552	0.0327198364008	39	449	3	0	28	0.417910447761
0.102747017526	0.0327198364008	39	450	3	0	28	0.417910447761
0.102984300715	0.0327198364008	39	451	3	0	28	0.417910447761
0.10352297919	0.0327198364008	39	452	3	0	28	0.417910447761
0.103575178481	0.0327198364008	39	453	3	0	28	0.417910447761
0.103602959711	0.0327198364008	39	454	3	0	28	0.417910447761
0.10372280967	0.0327198364008	39	455	3	0	28	0.417910447761
0.103733183603	0.0327198364008	39	456	3	0	28	0.417910447761
0.104350354185	0.0327198364008	39	457	3	0	28	0.417910447761
0.104681116948	0.0327198364008	39	458	3	0	28	0.417910447761
0.104792514493	0.0327198364008	39	459	3	0	28	0.417910447761
0.104894954577	0.0327198364008	39	460	3	0	28	0.417910447761
0.105007037492	0.0306748466258	39	461	3	0	29	0.426470588235
0.10588038038	0.0306748466258	39	462	3	0	29	0.426470588235
0.106600099303	0.0306748466258	39	463	3	0	29	0.426470588235
0.106797874682	0.0306748466258	39	464	3	0	29	0.426470588235
0.106903584288	0.0306748466258	39	465	3	0	29	0.426470588235
0.106911982892	0.0306748466258	39	466	3	0	29	0.426470588235
0.106952833176	0.0306748466258	39	467	3	0	29	0.426470588235
0.10729585083	0.0286298568507	39	468	3	0	30	0.434782608696
0.107374423111	0.0286298568507	39	469	3	0	30	0.434782608696
0.107568313736	0.0286298568507	39	470	3	0	30	0.434782608696
0.107581322192	0.0286298568507	39	471	3	0	30	0.434782608696
0.107881332825	0.0286298568507	39	472	3	0	30	0.434782608696
0.107943696928	0.0286298568507	39	473	3	0	30	0.434782608696
0.108040257111	0.0286298568507	39	474	3	0	30	0.434782608696
0.109421239479	0.0286298568507	39	475	3	0	30	0.434782608696
0.109683486127	0.0286298568507	39	476	3	0	30	0.434782608696
0.110016153341	0.0286298568507	39	477	3	0	30	0.434782608696
0.11015605818	0.0286298568507	39	478	3	0	30	0.434782608696
0.110181256734	0.0286298568507	39	479	3	0	30	0.434782608696
0.110632244782	0.0286298568507	39	480	3	0	30	0.434782608696
0.110708767376	0.0286298568507	39	481	3	0	30	0.434782608696
0.110839291621	0.0286298568507	39	482	3	0	30	0.434782608696
0.110992077	0.0286298568507	39	483	3	0	30	0.434782608696
0.111047399858	0.0265848670757	39	484	3	0	31	0.442857142857
0.111168885486	0.0265848670757	39	485	3	0	31	0.442857142857
0.111365889016	0.0265848670757	39	486	3	0	31	0.442857142857
0.111408732952	0.0265848670757	39	487	3	0	31	0.442857142857
0.111675295574	0.0265848670757	39	488	3	0	31	0.442857142857
0.111895585746	0.0265848670757	39	489	3	0	31	0.442857142857
0.112251711005	0.0265848670757	39	490	3	0	31	0.442857142857
0.112410570392	0.0265848670757	39	491	3	0	31	0.442857142857
0.112664916877	0.0265848670757	39	492	3	0	31	0.442857142857
0.112896534004	0.0265848670757	39	493	3	0	31	0.442857142857
0.113005229847	0.0265848670757	39	494	3	0	31	0.442857142857
0.113027700286	0.0265848670757	39	495	3	0	31	0.442857142857
0.113335859855	0.0265848670757	39	496	3	0	31	0.442857142857
0.113339721577	0.0265848670757	39	497	3	0	31	0.442857142857
0.113481169326	0.0265848670757	39	498	3	0	31	0.442857142857
0.113606164966	0.0265848670757	39	499	3	0	31	0.442857142857
0.114198450739	0.0286298568507	40	499	3	0	31	0.43661971831
0.114306721172	0.0286298568507	40	500	3	0	31	0.43661971831
0.114456422625	0.0286298568507	40	501	3	0	31	0.43661971831
0.114706329231	0.0286298568507	40	502	3	0	31	0.43661971831
0.114780026931	0.0265848670757	40	503	3	0	32	0.444444444444
0.115107530699	0.0265848670757	40	504	3	0	32	0.444444444444
0.115226537778	0.0286298568507	41	504	3	0	32	0.438356164384
0.115624276306	0.0286298568507	41	505	3	0	32	0.438356164384
0.115971151103	0.0286298568507	41	506	3	0	32	0.438356164384
0.116548187335	0.0286298568507	41	507	3	0	32	0.438356164384
0.116773921664	0.0286298568507	41	508	3	0	32	0.438356164384
0.117297179407	0.0286298568507	41	509	3	0	32	0.438356164384
0.117301279888	0.0286298568507	41	510	3	0	32	0.438356164384
0.117368643658	0.0286298568507	41	511	3	0	32	0.438356164384
0.117469747165	0.0286298568507	41	512	3	0	32	0.438356164384
0.118198976657	0.0286298568507	41	513	3	0	32	0.438356164384
0.118247667595	0.0286298568507	41	514	3	0	32	0.438356164384
0.118287207583	0.0286298568507	41	515	3	0	32	0.438356164384
0.118348890258	0.0286298568507	41	516	3	0	32	0.438356164384
0.118425813859	0.0286298568507	41	517	3	0	32	0.438356164384
0.11961132843	0.0286298568507	41	518	3	0	32	0.438356164384
0.119727174907	0.0286298568507	41	519	3	0	32	0.438356164384
0.119839840236	0.0286298568507	41	520	3	0	32	0.438356164384
0.119981737527	0.0286298568507	41	521	3	0	32	0.438356164384
0.120013857495	0.0286298568507	41	522	3	0	32	0.438356164384
0.120260621565	0.0265848670757	41	523	3	0	33	0.445945945946
0.120290008139	0.0265848670757	41	524	3	0	33	0.445945945946
0.120683090846	0.0265848670757	41	525	3	0	33	0.445945945946
0.120726392851	0.0245398773006	41	526	3	0	34	0.453333333333
0.120780399281	0.0245398773006	41	527	3	0	34	0.453333333333
0.12097282077	0.0245398773006	41	528	3	0	34	0.453333333333
0.121129150865	0.0245398773006	41	529	3	0	34	0.453333333333
0.121160120476	0.0245398773006	41	530	3	0	34	0.453333333333
0.122249970259	0.0245398773006	41	531	3	0	34	0.453333333333
0.122276723342	0.0224948875256	41	532	3	0	35	0.460526315789
0.122404407295	0.0224948875256	41	533	3	0	35	0.460526315789
0.122644156159	0.0224948875256	41	534	3	0	35	0.460526315789
0.12286128933	0.0224948875256	41	535	3	0	35	0.460526315789
0.122956636034	0.0224948875256	41	536	3	0	35	0.460526315789
0.123180000669	0.0224948875256	41	537	3	0	35	0.460526315789
0.123297661273	0.0224948875256	41	538	3	0	35	0.460526315789
0.123441797962	0.0224948875256	41	539	3	0	35	0.460526315789
0.123504292242	0.0224948875256	41	540	3	0	35	0.460526315789
0.123558287667	0.0224948875256	41	541	3	0	35	0.460526315789
0.123701513771	0.0224948875256	41	542	3	0	35	0.460526315789
0.123717236837	0.0224948875256	41	543	3	0	35	0.460526315789
0.123894582364	0.0224948875256	41	544	3	0	35	0.460526315789
0.123997450858	0.0224948875256	41	545	3	0	35	0.460526315789
0.124398636618	0.0224948875256	41	546	3	0	35	0.460526315789
0.124407093702	0.0224948875256	41	547	3	0	35	0.460526315789
0.124849402097	0.0224948875256	41	548	3	0	35	0.460526315789
0.124885420083	0.0224948875256	41	549	3	0	35	0.460526315789
0.124897661672	0.0224948875256	41	550	3	0	35	0.460526315789
0.125332276288	0.0224948875256	41	551	3	0	35	0.460526315789
0.12535973048	0.0224948875256	41	552	3	0	35	0.460526315789
0.125433337887	0.0224948875256	41	553	3	0	35	0.460526315789
0.125667472344	0.0245398773006	42	553	3	0	35	0.454545454545
0.125965155383	0.0245398773006	42	554	3	0	35	0.454545454545
0.12620427993	0.0245398773006	42	555	3	0	35	0.454545454545
0.126354753167	0.0245398773006	42	556	3	0	35	0.454545454545
0.126368804996	0.0245398773006	42	557	3	0	35	0.454545454545
0.126517965483	0.0245398773006	42	558	3	0	35	0.454545454545
0.126673645896	0.0245398773006	42	559	3	0	35	0.454545454545
0.126691869468	0.0245398773006	42	560	3	0	35	0.454545454545
0.126824647022	0.0245398773006	42	561	3	0	35	0.454545454545
0.127358483841	0.0245398773006	42	562	3	0	35	0.454545454545
0.128153722758	0.0204498977505	42	563	3	0	37	0.46835443038
0.128154050868	0.0204498977505	42	564	3	0	37	0.46835443038
0.12825170141	0.0204498977505	42	565	3	0	37	0.46835443038
0.128334017952	0.0224948875256	43	565	3	0	37	0.4625
0.128458405328	0.0224948875256	43	566	3	0	37	0.4625
0.128621177814	0.0224948875256	43	567	3	0	37	0.4625
0.128815846411	0.0224948875256	43	568	3	0	37	0.4625
0.129131262312	0.0224948875256	43	569	3	0	37	0.4625
0.129258712692	0.0224948875256	43	570	3	0	37	0.4625
0.129443576006	0.0224948875256	43	571	3	0	37	0.4625
0.129780538727	0.0245398773006	44	571	3	0	37	0.456790123457
0.129792853988	0.0245398773006	44	572	3	0	37	0.456790123457
0.12990371651	0.0245398773006	44	573	3	0	37	0.456790123457
0.129941812122	0.0245398773006	44	574	3	0	37	0.456790123457
0.130009903875	0.0245398773006	44	575	3	0	37	0.456790123457
0.130285069009	0.0245398773006	44	576	3	0	37	0.456790123457
0.130348269904	0.0224948875256	44	577	3	0	38	0.463414634146
0.130404565992	0.0224948875256	44	578	3	0	38	0.463414634146
0.130552880455	0.0204498977505	44	579	3	0	39	0.469879518072
0.130642264962	0.0224948875256	45	579	3	0	39	0.464285714286
0.130674770515	0.0204498977505	45	580	3	0	40	0.470588235294
0.130680386758	0.0204498977505	45	581	3	0	40	0.470588235294
0.130794803131	0.0204498977505	45	582	3	0	40	0.470588235294
0.131031598579	0.0204498977505	45	583	3	0	40	0.470588235294
0.131227078078	0.0204498977505	45	584	3	0	40	0.470588235294
0.13139974556	0.0184049079755	45	585	3	0	41	0.476744186047
0.131436415516	0.0184049079755	45	586	3	0	41	0.476744186047
0.131953552105	0.0184049079755	45	587	3	0	41	0.476744186047
0.132162801098	0.0184049079755	45	588	3	0	41	0.476744186047
0.132228606954	0.0184049079755	45	589	3	0	41	0.476744186047
0.132462793501	0.0184049079755	45	590	3	0	41	0.476744186047
0.133083414835	0.0184049079755	45	591	3	0	41	0.476744186047
0.133089899286	0.0184049079755	45	592	3	0	41	0.476744186047
0.133186903033	0.0163599182004	45	593	3	0	42	0.48275862069
0.133416771697	0.0163599182004	45	594	3	0	42	0.48275862069
0.133770096692	0.0163599182004	45	595	3	0	42	0.48275862069
0.134161445871	0.0163599182004	45	596	3	0	42	0.48275862069
0.134255066741	0.0163599182004	45	597	3	0	42	0.48275862069
0.134389224188	0.0163599182004	45	598	3	0	42	0.48275862069
0.134457861182	0.0163599182004	45	599	3	0	42	0.48275862069
0.1345673086	0.0163599182004	45	600	3	0	42	0.48275862069
0.134706413676	0.0163599182004	45	601	3	0	42	0.48275862069
0.134844112533	0.0163599182004	45	602	3	0	42	0.48275862069
0.134856707949	0.0184049079755	46	602	3	0	42	0.477272727273
0.134859952504	0.0184049079755	46	603	3	0	42	0.477272727273
0.135065705305	0.0184049079755	46	604	3	0	42	0.477272727273
0.135225824673	0.0184049079755	46	605	3	0	42	0.477272727273
0.135266502872	0.0184049079755	46	606	3	0	42	0.477272727273
0.135620833422	0.0184049079755	46	607	3	0	42	0.477272727273
0.135638267409	0.0184049079755	46	608	3	0	42	0.477272727273
0.13607220039	0.0184049079755	46	609	3	0	42	0.477272727273
0.136198879136	0.0184049079755	46	610	3	0	42	0.477272727273
0.136536269501	0.0184049079755	46	611	3	0	42	0.477272727273
0.13661907948	0.0184049079755	46	612	3	0	42	0.477272727273
0.136706351981	0.0184049079755	46	613	3	0	42	0.477272727273
0.136856827822	0.0184049079755	46	614	3	0	42	0.477272727273
0.136870690341	0.0184049079755	46	615	3	0	42	0.477272727273
0.136872306171	0.0184049079755	46	616	3	0	42	0.477272727273
0.137324402373	0.0184049079755	46	617	3	0	42	0.477272727273
0.137407256169	0.0184049079755	46	618	3	0	42	0.477272727273
0.137578958199	0.0184049079755	46	619	3	0	42	0.477272727273
0.138122601126	0.0184049079755	46	620	3	0	42	0.477272727273
0.138294589541	0.0184049079755	46	621	3	0	42	0.477272727273
0.138890050681	0.0184049079755	46	622	3	0	42	0.477272727273
0.138963980494	0.0204498977505	47	622	3	0	42	0.47191011236
0.139108526371	0.0204498977505	47	623	3	0	42	0.47191011236
0.139133371309	0.0204498977505	47	624	3	0	42	0.47191011236
0.139135315133	0.0204498977505	47	625	3	0	42	0.47191011236
0.139178474275	0.0204498977505	47	626	3	0	42	0.47191011236
0.139769728825	0.0204498977505	47	627	3	0	42	0.47191011236
0.139912381909	0.0204498977505	47	628	3	0	42	0.47191011236
0.139960391301	0.0204498977505	47	629	3	0	42	0.47191011236
0.140119930107	0.0204498977505	47	630	3	0	42	0.47191011236
0.140270067923	0.0204498977505	47	631	3	0	42	0.47191011236
0.140595066894	0.0204498977505	47	632	3	0	42	0.47191011236
0.140673794234	0.0204498977505	47	633	3	0	42	0.47191011236
0.140754955662	0.0204498977505	47	634	3	0	42	0.47191011236
0.141133042914	0.0204498977505	47	635	3	0	42	0.47191011236
0.141139816692	0.0204498977505	47	636	3	0	42	0.47191011236
0.14115143557	0.0204498977505	47	637	3	0	42	0.47191011236
0.141228879232	0.0204498977505	47	638	3	0	42	0.47191011236
0.141466215016	0.0204498977505	47	639	3	0	42	0.47191011236
0.142302643431	0.0224948875256	48	639	3	0	42	0.466666666667
0.142328923616	0.0224948875256	48	640	3	0	42	0.466666666667
0.142564743223	0.0245398773006	49	640	3	0	42	0.461538461538
0.142601331838	0.0245398773006	49	641	3	0	42	0.461538461538
0.142612321434	0.0245398773006	49	642	3	0	42	0.461538461538
0.142678600695	0.0245398773006	49	643	3	0	42	0.461538461538
0.142744864426	0.0245398773006	49	644	3	0	42	0.461538461538
0.14289887612	0.0224948875256	49	645	3	0	43	0.467391304348
0.143239048854	0.0224948875256	49	646	3	0	43	0.467391304348
0.143273572858	0.0224948875256	49	647	3	0	43	0.467391304348
0.143277017475	0.0224948875256	49	648	3	0	43	0.467391304348
0.143324297106	0.0204498977505	49	649	3	0	44	0.47311827957
0.143520919148	0.0204498977505	49	650	3	0	44	0.47311827957
0.14353779945	0.0224948875256	50	650	3	0	44	0.468085106383
0.143606498441	0.0224948875256	50	651	3	0	44	0.468085106383
0.143776714142	0.0224948875256	50	652	3	0	44	0.468085106383
0.143922032214	0.0224948875256	50	653	3	0	44	0.468085106383
0.143949918125	0.0224948875256	50	654	3	0	44	0.468085106383
0.143950404243	0.0224948875256	50	655	3	0	44	0.468085106383
0.144677887733	0.0224948875256	50	656	3	0	44	0.468085106383
0.144907378187	0.0224948875256	50	657	3	0	44	0.468085106383
0.145192731727	0.0224948875256	50	658	3	0	44	0.468085106383
0.145259532095	0.0224948875256	50	659	3	0	44	0.468085106383
0.145397400139	0.0224948875256	50	660	3	0	44	0.468085106383
0.145461624505	0.0224948875256	50	661	3	0	44	0.468085106383
0.145480139045	0.0245398773006	51	661	3	0	44	0.463157894737
0.145621603319	0.0245398773006	51	662	3	0	44	0.463157894737
0.145688209601	0.0245398773006	51	663	3	0	44	0.463157894737
0.145874327286	0.0265848670757	52	663	3	0	44	0.458333333333
0.145974625741	0.0265848670757	52	664	3	0	44	0.458333333333
0.146064922383	0.0265848670757	52	665	3	0	44	0.458333333333
0.146160705414	0.0265848670757	52	666	3	0	44	0.458333333333
0.14617985931	0.0245398773006	52	667	3	0	45	0.463917525773
0.146570368323	0.0224948875256	52	668	3	0	46	0.469387755102
0.146875748731	0.0224948875256	52	669	3	0	46	0.469387755102
0.146919786716	0.0224948875256	52	670	3	0	46	0.469387755102
0.14708562941	0.0245398773006	53	670	3	0	46	0.464646464646
0.147087620897	0.0245398773006	53	671	3	0	46	0.464646464646
0.147197995445	0.0245398773006	53	672	3	0	46	0.464646464646
0.147364281378	0.0245398773006	53	673	3	0	46	0.464646464646
0.147523899303	0.0245398773006	53	674	3	0	46	0.464646464646
0.148092950854	0.0245398773006	53	675	3	0	46	0.464646464646
0.148164874287	0.0245398773006	53	676	3	0	46	0.464646464646
0.148234808853	0.0265848670757	54	676	3	0	46	0.46
0.148851089197	0.0265848670757	54	677	3	0	46	0.46
0.149874664972	0.0265848670757	54	678	3	0	46	0.46
0.14990376099	0.0265848670757	54	679	3	0	46	0.46
0.150040680954	0.0265848670757	54	680	3	0	46	0.46
0.150041853389	0.0265848670757	54	681	3	0	46	0.46
0.1506987698	0.0265848670757	54	682	3	0	46	0.46
0.150815524571	0.0265848670757	54	683	3	0	46	0.46
0.15110365037	0.0265848670757	54	684	3	0	46	0.46
0.15150323227	0.0265848670757	54	685	3	0	46	0.46
0.151516943935	0.0265848670757	54	686	3	0	46	0.46
0.15163922099	0.0265848670757	54	687	3	0	46	0.46
0.151826642709	0.0265848670757	54	688	3	0	46	0.46
0.15224683928	0.0245398773006	54	689	3	0	47	0.465346534653
0.152919904342	0.0245398773006	54	690	3	0	47	0.465346534653
0.15292033992	0.0245398773006	54	691	3	0	47	0.465346534653
0.153481014322	0.0245398773006	54	692	3	0	47	0.465346534653
0.153532682139	0.0245398773006	54	693	3	0	47	0.465346534653
0.153629392887	0.0245398773006	54	694	3	0	47	0.465346534653
0.153781617281	0.0245398773006	54	695	3	0	47	0.465346534653
0.154124117826	0.0245398773006	54	696	3	0	47	0.465346534653
0.154167329831	0.0245398773006	54	697	3	0	47	0.465346534653
0.154314325637	0.0245398773006	54	698	3	0	47	0.465346534653
0.154329155357	0.0245398773006	54	699	3	0	47	0.465346534653
0.154950769431	0.0245398773006	54	700	3	0	47	0.465346534653
0.155192841494	0.0245398773006	54	701	3	0	47	0.465346534653
0.155262062984	0.0245398773006	54	702	3	0	47	0.465346534653
0.156007191828	0.0245398773006	54	703	3	0	47	0.465346534653
0.156055635419	0.0245398773006	54	704	3	0	47	0.465346534653
0.15621707593	0.0245398773006	54	705	3	0	47	0.465346534653
0.156380739282	0.0224948875256	54	706	3	0	48	0.470588235294
0.156826310244	0.0224948875256	54	707	3	0	48	0.470588235294
0.157353274884	0.0224948875256	54	708	3	0	48	0.470588235294
0.157451790925	0.0245398773006	55	708	3	0	48	0.466019417476
0.157483656116	0.0245398773006	55	709	3	0	48	0.466019417476
0.157551262239	0.0245398773006	55	710	3	0	48	0.466019417476
0.158168842591	0.0245398773006	55	711	3	0	48	0.466019417476
0.158169789673	0.0245398773006	55	712	3	0	48	0.466019417476
0.158170361251	0.0245398773006	55	713	3	0	48	0.466019417476
0.158734242858	0.0245398773006	55	714	3	0	48	0.466019417476
0.158809914346	0.0245398773006	55	715	3	0	48	0.466019417476
0.158851742498	0.0245398773006	55	716	3	0	48	0.466019417476
0.158854906969	0.0265848670757	56	716	3	0	48	0.461538461538
0.158904014509	0.0265848670757	56	717	3	0	48	0.461538461538
0.158990770888	0.0245398773006	56	718	3	0	49	0.466666666667
0.159135844845	0.0245398773006	56	719	3	0	49	0.466666666667
0.159652143067	0.0245398773006	56	720	3	0	49	0.466666666667
0.159897417173	0.0245398773006	56	721	3	0	49	0.466666666667
0.160144145077	0.0245398773006	56	722	3	0	49	0.466666666667
0.160344575302	0.0245398773006	56	723	3	0	49	0.466666666667
0.160402246767	0.0245398773006	56	724	3	0	49	0.466666666667
0.160803227892	0.0245398773006	56	725	3	0	49	0.466666666667
0.160815542087	0.0245398773006	56	726	3	0	49	0.466666666667
0.160975982318	0.0245398773006	56	727	3	0	49	0.466666666667
0.161101246296	0.0245398773006	56	728	3	0	49	0.466666666667
0.161323452923	0.0245398773006	56	729	3	0	49	0.466666666667
0.161365423053	0.0245398773006	56	730	3	0	49	0.466666666667
0.161843031556	0.0245398773006	56	731	3	0	49	0.466666666667
0.161938831775	0.0245398773006	56	732	3	0	49	0.466666666667
0.161952127606	0.0224948875256	56	733	3	0	50	0.471698113208
0.162021963905	0.0224948875256	56	734	3	0	50	0.471698113208
0.162431629274	0.0224948875256	56	735	3	0	50	0.471698113208
0.162445349117	0.0224948875256	56	736	3	0	50	0.471698113208
0.162830622055	0.0224948875256	56	737	3	0	50	0.471698113208
0.16289954073	0.0224948875256	56	738	3	0	50	0.471698113208
0.163560442647	0.0224948875256	56	739	3	0	50	0.471698113208
0.163892072339	0.0224948875256	56	740	3	0	50	0.471698113208
0.163976894871	0.0204498977505	56	741	3	0	51	0.476635514019
0.164003943394	0.0184049079755	56	742	3	0	52	0.481481481481
0.164311413574	0.0184049079755	56	743	3	0	52	0.481481481481
0.164443379459	0.0184049079755	56	744	3	0	52	0.481481481481
0.164677140364	0.0184049079755	56	745	3	0	52	0.481481481481
0.164885713824	0.0184049079755	56	746	3	0	52	0.481481481481
0.165000590422	0.0184049079755	56	747	3	0	52	0.481481481481
0.165030851448	0.0184049079755	56	748	3	0	52	0.481481481481
0.165087039638	0.0184049079755	56	749	3	0	52	0.481481481481
0.165247331064	0.0163599182004	56	750	3	0	53	0.48623853211
0.165260976017	0.0163599182004	56	751	3	0	53	0.48623853211
0.165283123672	0.0163599182004	56	752	3	0	53	0.48623853211
0.165756623497	0.0163599182004	56	753	3	0	53	0.48623853211
0.165822455452	0.0163599182004	56	754	3	0	53	0.48623853211
0.165852821241	0.0184049079755	57	754	3	0	53	0.481818181818
0.165891828705	0.0204498977505	58	754	3	0	53	0.477477477477
0.165987937279	0.0204498977505	58	755	3	0	53	0.477477477477
0.166143161207	0.0204498977505	58	756	3	0	53	0.477477477477
0.166158181174	0.0204498977505	58	757	3	0	53	0.477477477477
0.166329851363	0.0224948875256	59	757	3	0	53	0.473214285714
0.166384699029	0.0224948875256	59	758	3	0	53	0.473214285714
0.166509100446	0.0224948875256	59	759	3	0	53	0.473214285714
0.166725302755	0.0224948875256	59	760	3	0	53	0.473214285714
0.167254127328	0.0224948875256	59	761	3	0	53	0.473214285714
0.16727817919	0.0224948875256	59	762	3	0	53	0.473214285714
0.16739400253	0.0224948875256	59	763	3	0	53	0.473214285714
0.167633623622	0.0224948875256	59	764	3	0	53	0.473214285714
0.168118546749	0.0224948875256	59	765	3	0	53	0.473214285714
0.168520050074	0.0224948875256	59	766	3	0	53	0.473214285714
0.168586813494	0.0224948875256	59	767	3	0	53	0.473214285714
0.168845626222	0.0224948875256	59	768	3	0	53	0.473214285714
0.16917718091	0.0224948875256	59	769	3	0	53	0.473214285714
0.169599805553	0.0224948875256	59	770	3	0	53	0.473214285714
0.170057681465	0.0204498977505	59	771	3	0	54	0.477876106195
0.170097981507	0.0204498977505	59	772	3	0	54	0.477876106195
0.170200205181	0.0204498977505	59	773	3	0	54	0.477876106195
0.170325830305	0.0204498977505	59	774	3	0	54	0.477876106195
0.170948955188	0.0184049079755	59	775	3	0	55	0.482456140351
0.171008634222	0.0184049079755	59	776	3	0	55	0.482456140351
0.171323312041	0.0184049079755	59	777	3	0	55	0.482456140351
