# time 	 divergence 	 # of mutations 	 # IGC chances 	 IGC length 	 # IGC failures 	 Changes due to IGC  	 % change due to IGC 
0.0	0.0081799591002	0	0	0	0	0	0.0
0.000337842913633	0.0081799591002	0	1	3	0	0	0.0
0.000344062305892	0.0081799591002	0	2	3	0	0	0.0
0.000618980848732	0.0081799591002	0	3	3	0	0	0.0
0.00105288751652	0.0081799591002	0	4	3	0	0	0.0
0.00119144918539	0.0081799591002	0	5	3	0	0	0.0
0.00154072591758	0.0081799591002	0	6	3	0	0	0.0
0.00160285853586	0.0081799591002	0	7	3	0	0	0.0
0.00180191482449	0.0081799591002	0	8	3	0	0	0.0
0.00183766467965	0.0081799591002	0	9	3	0	0	0.0
0.0019083590066	0.0081799591002	0	10	3	0	0	0.0
0.00225892478719	0.0102249488753	1	10	3	0	0	0.0
0.00261132700652	0.0102249488753	1	11	3	0	0	0.0
0.00275981053357	0.0102249488753	1	12	3	0	0	0.0
0.00304138202899	0.0102249488753	1	13	3	0	0	0.0
0.00325559421087	0.0081799591002	1	14	3	0	1	0.5
0.00385408449867	0.0081799591002	1	15	3	0	1	0.5
0.00397160252218	0.0081799591002	1	16	3	0	1	0.5
0.00420333938869	0.0081799591002	1	17	3	0	1	0.5
0.00428287932544	0.0081799591002	1	18	3	0	1	0.5
0.00434206166738	0.0081799591002	1	19	3	0	1	0.5
0.00458706259985	0.0081799591002	1	20	3	0	1	0.5
0.00466188936875	0.00613496932515	1	21	3	0	2	0.666666666667
0.00479904537251	0.00613496932515	1	22	3	0	2	0.666666666667
0.0048750552893	0.00613496932515	1	23	3	0	2	0.666666666667
0.00491312013489	0.00613496932515	1	24	3	0	2	0.666666666667
0.0050449107358	0.00613496932515	1	25	3	0	2	0.666666666667
0.00507170519239	0.00613496932515	1	26	3	0	2	0.666666666667
0.00510287263318	0.00613496932515	1	27	3	0	2	0.666666666667
0.00579908455646	0.00613496932515	1	28	3	0	2	0.666666666667
0.00587671053335	0.00613496932515	1	29	3	0	2	0.666666666667
0.00591540716114	0.0081799591002	2	29	3	0	2	0.5
0.00611412971102	0.0081799591002	2	30	3	0	2	0.5
0.00632167177583	0.0081799591002	2	31	3	0	2	0.5
0.00644282767873	0.0081799591002	2	32	3	0	2	0.5
0.00699105321429	0.0081799591002	2	33	3	0	2	0.5
0.00709140962761	0.0081799591002	2	34	3	0	2	0.5
0.00713902734246	0.0081799591002	2	35	3	0	2	0.5
0.00736006446976	0.0081799591002	2	36	3	0	2	0.5
0.00748793310794	0.0081799591002	2	37	3	0	2	0.5
0.00793882932603	0.0081799591002	2	38	3	0	2	0.5
0.00796472440764	0.0081799591002	2	39	3	0	2	0.5
0.00816624460177	0.0081799591002	2	40	3	0	2	0.5
0.0086210651535	0.0081799591002	2	41	3	0	2	0.5
0.0086769568249	0.0081799591002	2	42	3	0	2	0.5
0.00871448398195	0.0081799591002	2	43	3	0	2	0.5
0.00883430677558	0.0102249488753	3	43	3	0	2	0.4
0.00886956087027	0.0102249488753	3	44	3	0	2	0.4
0.00893539440495	0.0102249488753	3	45	3	0	2	0.4
0.00904916226962	0.0102249488753	3	46	3	0	2	0.4
0.00909920379122	0.0102249488753	3	47	3	0	2	0.4
0.00937178813242	0.0122699386503	4	47	3	0	2	0.333333333333
0.00939963379109	0.0122699386503	4	48	3	0	2	0.333333333333
0.00942828250471	0.0122699386503	4	49	3	0	2	0.333333333333
0.00961673367307	0.0122699386503	4	50	3	0	2	0.333333333333
0.00966633290135	0.0102249488753	4	51	3	0	3	0.428571428571
0.00977829738808	0.0102249488753	4	52	3	0	3	0.428571428571
0.00991232643638	0.0102249488753	4	53	3	0	3	0.428571428571
0.0101405761568	0.0102249488753	4	54	3	0	3	0.428571428571
0.0103221972938	0.0102249488753	4	55	3	0	3	0.428571428571
0.0103600519573	0.0102249488753	4	56	3	0	3	0.428571428571
0.010538671106	0.0102249488753	4	57	3	0	3	0.428571428571
0.0107311220998	0.0102249488753	4	58	3	0	3	0.428571428571
0.0109678509371	0.0102249488753	4	59	3	0	3	0.428571428571
0.0112866171106	0.0102249488753	4	60	3	0	3	0.428571428571
0.01147358444	0.0102249488753	4	61	3	0	3	0.428571428571
0.0117355565648	0.0102249488753	4	62	3	0	3	0.428571428571
0.01191456168	0.0102249488753	4	63	3	0	3	0.428571428571
0.0121166003354	0.0102249488753	4	64	3	0	3	0.428571428571
0.0124425699821	0.0102249488753	4	65	3	0	3	0.428571428571
0.0124988550156	0.0102249488753	4	66	3	0	3	0.428571428571
0.0128873113871	0.0122699386503	5	66	3	0	3	0.375
0.0133683691052	0.0122699386503	5	67	3	0	3	0.375
0.0133743748004	0.0122699386503	5	68	3	0	3	0.375
0.0136314511114	0.0122699386503	5	69	3	0	3	0.375
0.0137078329485	0.0122699386503	5	70	3	0	3	0.375
0.0139625508167	0.0122699386503	5	71	3	0	3	0.375
0.0140560829389	0.0122699386503	5	72	3	0	3	0.375
0.0141017861001	0.0122699386503	5	73	3	0	3	0.375
0.0141034405671	0.0143149284254	6	73	3	0	3	0.333333333333
0.0142151311432	0.0143149284254	6	74	3	0	3	0.333333333333
0.0142531155073	0.0143149284254	6	75	3	0	3	0.333333333333
0.0142544732298	0.0143149284254	6	76	3	0	3	0.333333333333
0.0143414564351	0.0143149284254	6	77	3	0	3	0.333333333333
0.0146166029859	0.0143149284254	6	78	3	0	3	0.333333333333
0.014670079158	0.0143149284254	6	79	3	0	3	0.333333333333
0.0147149055397	0.0143149284254	6	80	3	0	3	0.333333333333
0.0148399645263	0.0143149284254	6	81	3	0	3	0.333333333333
0.0151169755907	0.0143149284254	6	82	3	0	3	0.333333333333
0.0155920119508	0.0143149284254	6	83	3	0	3	0.333333333333
0.015881192925	0.0143149284254	6	84	3	0	3	0.333333333333
0.0159794570696	0.0143149284254	6	85	3	0	3	0.333333333333
0.0168649489311	0.0143149284254	6	86	3	0	3	0.333333333333
0.0169280142261	0.0143149284254	6	87	3	0	3	0.333333333333
0.0169563908229	0.0143149284254	6	88	3	0	3	0.333333333333
0.0170938838565	0.0143149284254	6	89	3	0	3	0.333333333333
0.0172078375618	0.0143149284254	6	90	3	0	3	0.333333333333
0.0173743624138	0.0143149284254	6	91	3	0	3	0.333333333333
0.0175090801357	0.0143149284254	6	92	3	0	3	0.333333333333
0.0182129300057	0.0143149284254	6	93	3	0	3	0.333333333333
0.0184489942605	0.0143149284254	6	94	3	0	3	0.333333333333
0.0187161019567	0.0143149284254	6	95	3	0	3	0.333333333333
0.0188859564034	0.0143149284254	6	96	3	0	3	0.333333333333
0.0188921757938	0.0143149284254	6	97	3	0	3	0.333333333333
0.0192027136899	0.0143149284254	6	98	3	0	3	0.333333333333
0.019206593364	0.0163599182004	7	98	3	0	3	0.3
0.0192365887745	0.0163599182004	7	99	3	0	3	0.3
0.0192824126706	0.0163599182004	7	100	3	0	3	0.3
0.0197090818176	0.0163599182004	7	101	3	0	3	0.3
0.0199848688774	0.0163599182004	7	102	3	0	3	0.3
0.0200282417769	0.0163599182004	7	103	3	0	3	0.3
0.0206336507117	0.0163599182004	7	104	3	0	3	0.3
0.0207504130264	0.0163599182004	7	105	3	0	3	0.3
0.0209982259761	0.0163599182004	7	106	3	0	3	0.3
0.0210520223198	0.0163599182004	7	107	3	0	3	0.3
0.021073771801	0.0163599182004	7	108	3	0	3	0.3
0.0215899296774	0.0163599182004	7	109	3	0	3	0.3
0.0218859952817	0.0184049079755	8	109	3	0	3	0.272727272727
0.0225584496312	0.0184049079755	8	110	3	0	3	0.272727272727
0.022645525231	0.0184049079755	8	111	3	0	3	0.272727272727
0.022727554748	0.0184049079755	8	112	3	0	3	0.272727272727
0.023147750811	0.0184049079755	8	113	3	0	3	0.272727272727
0.0231589684554	0.0184049079755	8	114	3	0	3	0.272727272727
0.0232166300065	0.0204498977505	9	114	3	0	3	0.25
0.0235154620486	0.0204498977505	9	115	3	0	3	0.25
0.0237875570013	0.0204498977505	9	116	3	0	3	0.25
0.0241302510152	0.0224948875256	10	116	3	0	3	0.230769230769
0.0242568717433	0.0224948875256	10	117	3	0	3	0.230769230769
0.0245438836339	0.0224948875256	10	118	3	0	3	0.230769230769
0.0245555507054	0.0224948875256	10	119	3	0	3	0.230769230769
0.0245927670661	0.0224948875256	10	120	3	0	3	0.230769230769
0.0246904089131	0.0224948875256	10	121	3	0	3	0.230769230769
0.0249643520046	0.0224948875256	10	122	3	0	3	0.230769230769
0.0253440786635	0.0224948875256	10	123	3	0	3	0.230769230769
0.0255051683179	0.0224948875256	10	124	3	0	3	0.230769230769
0.0255809271027	0.0224948875256	10	125	3	0	3	0.230769230769
0.0259793582527	0.0224948875256	10	126	3	0	3	0.230769230769
0.0263236729679	0.0245398773006	11	126	3	0	3	0.214285714286
0.0263678330168	0.0245398773006	11	127	3	0	3	0.214285714286
0.0265051552728	0.0245398773006	11	128	3	0	3	0.214285714286
0.0265862198664	0.0245398773006	11	129	3	0	3	0.214285714286
0.0266598729401	0.0245398773006	11	130	3	0	3	0.214285714286
0.0270160357625	0.0245398773006	11	131	3	0	3	0.214285714286
0.0273620088902	0.0245398773006	11	132	3	0	3	0.214285714286
0.0278037749477	0.0245398773006	11	133	3	0	3	0.214285714286
0.0278570771643	0.0245398773006	11	134	3	0	3	0.214285714286
0.0279765995681	0.0245398773006	11	135	3	0	3	0.214285714286
0.0283546813242	0.0245398773006	11	136	3	0	3	0.214285714286
0.028580381867	0.0245398773006	11	137	3	0	3	0.214285714286
0.0288018567239	0.0245398773006	11	138	3	0	3	0.214285714286
0.028857941823	0.0245398773006	11	139	3	0	3	0.214285714286
0.029021434441	0.0245398773006	11	140	3	0	3	0.214285714286
0.0290616578978	0.0245398773006	11	141	3	0	3	0.214285714286
0.0290797165788	0.0224948875256	11	142	3	0	4	0.266666666667
0.0291698326248	0.0224948875256	11	143	3	0	4	0.266666666667
0.029643005605	0.0224948875256	11	144	3	0	4	0.266666666667
0.0299496515858	0.0224948875256	11	145	3	0	4	0.266666666667
0.0300198300689	0.0224948875256	11	146	3	0	4	0.266666666667
0.0300853850629	0.0204498977505	11	147	3	0	5	0.3125
0.030910468679	0.0204498977505	11	148	3	0	5	0.3125
0.0310037950683	0.0204498977505	11	149	3	0	5	0.3125
0.0310852521962	0.0204498977505	11	150	3	0	5	0.3125
0.03113970014	0.0204498977505	11	151	3	0	5	0.3125
0.0320061951582	0.0204498977505	11	152	3	0	5	0.3125
0.0320064187187	0.0204498977505	11	153	3	0	5	0.3125
0.0325510933817	0.0204498977505	11	154	3	0	5	0.3125
0.0325896599041	0.0204498977505	11	155	3	0	5	0.3125
0.0328814227882	0.0204498977505	11	156	3	0	5	0.3125
0.032979818099	0.0204498977505	11	157	3	0	5	0.3125
0.0333011375623	0.0204498977505	11	158	3	0	5	0.3125
0.0333670818192	0.0204498977505	11	159	3	0	5	0.3125
0.033603608395	0.0204498977505	11	160	3	0	5	0.3125
0.0336175602573	0.0204498977505	11	161	3	0	5	0.3125
0.0337785662777	0.0204498977505	11	162	3	0	5	0.3125
0.0343818926841	0.0204498977505	11	163	3	0	5	0.3125
0.0345111061017	0.0204498977505	11	164	3	0	5	0.3125
0.0351542977857	0.0204498977505	11	165	3	0	5	0.3125
0.0353204606948	0.0204498977505	11	166	3	0	5	0.3125
0.0359028039454	0.0204498977505	11	167	3	0	5	0.3125
0.0361468326282	0.0204498977505	11	168	3	0	5	0.3125
0.0362612402887	0.0204498977505	11	169	3	0	5	0.3125
0.0364408086203	0.0204498977505	11	170	3	0	5	0.3125
0.0366019899668	0.0204498977505	11	171	3	0	5	0.3125
0.0368969418048	0.0204498977505	11	172	3	0	5	0.3125
0.0368986612733	0.0204498977505	11	173	3	0	5	0.3125
0.0369558254329	0.0204498977505	11	174	3	0	5	0.3125
0.0370819617737	0.0204498977505	11	175	3	0	5	0.3125
0.037337389517	0.0204498977505	11	176	3	0	5	0.3125
0.0373751365295	0.0224948875256	12	176	3	0	5	0.294117647059
0.0383389898729	0.0224948875256	12	177	3	0	5	0.294117647059
0.0384276535444	0.0224948875256	12	178	3	0	5	0.294117647059
0.0386832961097	0.0245398773006	13	178	3	0	5	0.277777777778
0.0387038157964	0.0245398773006	13	179	3	0	5	0.277777777778
0.0387539497892	0.0224948875256	13	180	3	0	6	0.315789473684
0.0389007048964	0.0224948875256	13	181	3	0	6	0.315789473684
0.0392830295093	0.0224948875256	13	182	3	0	6	0.315789473684
0.0393203557912	0.0204498977505	13	183	3	0	7	0.35
0.039649923856	0.0204498977505	13	184	3	0	7	0.35
0.0398551145662	0.0204498977505	13	185	3	0	7	0.35
0.0399261487156	0.0204498977505	13	186	3	0	7	0.35
0.0401021283518	0.0204498977505	13	187	3	0	7	0.35
0.0408996048972	0.0184049079755	13	188	3	0	8	0.380952380952
0.0410319870426	0.0184049079755	13	189	3	0	8	0.380952380952
0.0410427973312	0.0184049079755	13	190	3	0	8	0.380952380952
0.0410645558838	0.0184049079755	13	191	3	0	8	0.380952380952
0.0410936106678	0.0184049079755	13	192	3	0	8	0.380952380952
0.0413499960252	0.0184049079755	13	193	3	0	8	0.380952380952
0.0413982206085	0.0184049079755	13	194	3	0	8	0.380952380952
0.0416399934933	0.0184049079755	13	195	3	0	8	0.380952380952
0.0417125756349	0.0184049079755	13	196	3	0	8	0.380952380952
0.0421307163952	0.0184049079755	13	197	3	0	8	0.380952380952
0.0424947344816	0.0184049079755	13	198	3	0	8	0.380952380952
0.042587636818	0.0184049079755	13	199	3	0	8	0.380952380952
0.0430637176112	0.0184049079755	13	200	3	0	8	0.380952380952
0.0431172417721	0.0184049079755	13	201	3	0	8	0.380952380952
0.0431643728154	0.0184049079755	13	202	3	0	8	0.380952380952
0.0432288573293	0.0184049079755	13	203	3	0	8	0.380952380952
0.0435629024154	0.0204498977505	14	203	3	0	8	0.363636363636
0.0436080293827	0.0204498977505	14	204	3	0	8	0.363636363636
0.0437594978762	0.0204498977505	14	205	3	0	8	0.363636363636
0.0439830132257	0.0204498977505	14	206	3	0	8	0.363636363636
0.0442979262171	0.0204498977505	14	207	3	0	8	0.363636363636
0.0443350213604	0.0204498977505	14	208	3	0	8	0.363636363636
0.0443948788028	0.0204498977505	14	209	3	0	8	0.363636363636
0.0447212380336	0.0224948875256	15	209	3	0	8	0.347826086957
0.0447411995147	0.0224948875256	15	210	3	0	8	0.347826086957
0.0450529155042	0.0224948875256	15	211	3	0	8	0.347826086957
0.0451222010879	0.0224948875256	15	212	3	0	8	0.347826086957
0.0452338994769	0.0224948875256	15	213	3	0	8	0.347826086957
0.045294788553	0.0224948875256	15	214	3	0	8	0.347826086957
0.0453817557264	0.0224948875256	15	215	3	0	8	0.347826086957
0.0454629935437	0.0224948875256	15	216	3	0	8	0.347826086957
0.045672761865	0.0224948875256	15	217	3	0	8	0.347826086957
0.0458108264038	0.0224948875256	15	218	3	0	8	0.347826086957
0.0458267792728	0.0224948875256	15	219	3	0	8	0.347826086957
0.0458356884717	0.0224948875256	15	220	3	0	8	0.347826086957
0.0466285579176	0.0224948875256	15	221	3	0	8	0.347826086957
0.0468985764614	0.0224948875256	15	222	3	0	8	0.347826086957
0.0471717539369	0.0224948875256	15	223	3	0	8	0.347826086957
0.0472425920942	0.0224948875256	15	224	3	0	8	0.347826086957
0.0472824476768	0.0224948875256	15	225	3	0	8	0.347826086957
0.0476042577377	0.0224948875256	15	226	3	0	8	0.347826086957
0.0481593716793	0.0224948875256	15	227	3	0	8	0.347826086957
0.0488997183096	0.0224948875256	15	228	3	0	8	0.347826086957
0.0490256288684	0.0224948875256	15	229	3	0	8	0.347826086957
0.0491108177142	0.0224948875256	15	230	3	0	8	0.347826086957
0.0493386342834	0.0224948875256	15	231	3	0	8	0.347826086957
0.0497780442739	0.0224948875256	15	232	3	0	8	0.347826086957
0.0498751026998	0.0224948875256	15	233	3	0	8	0.347826086957
0.0499739151151	0.0224948875256	15	234	3	0	8	0.347826086957
0.0504351346402	0.0245398773006	16	234	3	0	8	0.333333333333
0.0505075539849	0.0245398773006	16	235	3	0	8	0.333333333333
0.0506288902416	0.0245398773006	16	236	3	0	8	0.333333333333
0.0506822656067	0.0245398773006	16	237	3	0	8	0.333333333333
0.0507882216023	0.0245398773006	16	238	3	0	8	0.333333333333
0.0510032535703	0.0245398773006	16	239	3	0	8	0.333333333333
0.0510114698421	0.0245398773006	16	240	3	0	8	0.333333333333
0.0510348478662	0.0245398773006	16	241	3	0	8	0.333333333333
0.0523850254392	0.0224948875256	16	242	3	0	9	0.36
0.0529930475323	0.0224948875256	16	243	3	0	9	0.36
0.0531523828777	0.0224948875256	16	244	3	0	9	0.36
0.0531552522994	0.0224948875256	16	245	3	0	9	0.36
0.0535009726179	0.0224948875256	16	246	3	0	9	0.36
0.0538943594208	0.0224948875256	16	247	3	0	9	0.36
0.0539189865063	0.0224948875256	16	248	3	0	9	0.36
0.0539686329554	0.0204498977505	16	249	3	0	10	0.384615384615
0.0542894316107	0.0204498977505	16	250	3	0	10	0.384615384615
0.0544850569462	0.0204498977505	16	251	3	0	10	0.384615384615
0.0549325321077	0.0224948875256	17	251	3	0	10	0.37037037037
0.0550581080131	0.0224948875256	17	252	3	0	10	0.37037037037
0.0551750266582	0.0224948875256	17	253	3	0	10	0.37037037037
0.0552305119183	0.0224948875256	17	254	3	0	10	0.37037037037
0.0552544987171	0.0224948875256	17	255	3	0	10	0.37037037037
0.0553301067014	0.0224948875256	17	256	3	0	10	0.37037037037
0.0556006858275	0.0224948875256	17	257	3	0	10	0.37037037037
0.0556555400744	0.0224948875256	17	258	3	0	10	0.37037037037
0.0560642221921	0.0224948875256	17	259	3	0	10	0.37037037037
0.0563263680755	0.0224948875256	17	260	3	0	10	0.37037037037
0.0563652932213	0.0224948875256	17	261	3	0	10	0.37037037037
0.0568143852765	0.0245398773006	18	261	3	0	10	0.357142857143
0.0568881330162	0.0245398773006	18	262	3	0	10	0.357142857143
0.0569388831118	0.0245398773006	18	263	3	0	10	0.357142857143
0.057492561665	0.0245398773006	18	264	3	0	10	0.357142857143
0.0577358798452	0.0245398773006	18	265	3	0	10	0.357142857143
0.0580421003268	0.0245398773006	18	266	3	0	10	0.357142857143
0.058090084114	0.0245398773006	18	267	3	0	10	0.357142857143
0.0583240943624	0.0245398773006	18	268	3	0	10	0.357142857143
0.059171002872	0.0245398773006	18	269	3	0	10	0.357142857143
0.0592969873538	0.0245398773006	18	270	3	0	10	0.357142857143
0.0593867851515	0.0245398773006	18	271	3	0	10	0.357142857143
0.0594850677332	0.0245398773006	18	272	3	0	10	0.357142857143
0.0595648571255	0.0224948875256	18	273	3	0	11	0.379310344828
0.0602400329631	0.0224948875256	18	274	3	0	11	0.379310344828
0.0602828232797	0.0224948875256	18	275	3	0	11	0.379310344828
0.0604876616385	0.0204498977505	18	276	3	0	12	0.4
0.0604904551536	0.0204498977505	18	277	3	0	12	0.4
0.0606668685978	0.0204498977505	18	278	3	0	12	0.4
0.0607234898058	0.0204498977505	18	279	3	0	12	0.4
0.0607510877552	0.0204498977505	18	280	3	0	12	0.4
0.0608248488781	0.0204498977505	18	281	3	0	12	0.4
0.0616594591637	0.0204498977505	18	282	3	0	12	0.4
0.0630787063204	0.0204498977505	18	283	3	0	12	0.4
0.0631919866965	0.0204498977505	18	284	3	0	12	0.4
0.0633395610802	0.0204498977505	18	285	3	0	12	0.4
0.0634447597678	0.0204498977505	18	286	3	0	12	0.4
0.0634517894305	0.0204498977505	18	287	3	0	12	0.4
0.064059334037	0.0204498977505	18	288	3	0	12	0.4
0.0641846827202	0.0204498977505	18	289	3	0	12	0.4
0.0643389550395	0.0204498977505	18	290	3	0	12	0.4
0.0646058149386	0.0204498977505	18	291	3	0	12	0.4
0.0646923215884	0.0204498977505	18	292	3	0	12	0.4
0.0647388902552	0.0204498977505	18	293	3	0	12	0.4
0.0650918144608	0.0204498977505	18	294	3	0	12	0.4
0.0652973807062	0.0204498977505	18	295	3	0	12	0.4
0.0655726078985	0.0184049079755	18	296	3	0	13	0.41935483871
0.0658864576126	0.0184049079755	18	297	3	0	13	0.41935483871
0.0660036794175	0.0184049079755	18	298	3	0	13	0.41935483871
0.0662308569294	0.0184049079755	18	299	3	0	13	0.41935483871
0.0670563647766	0.0163599182004	18	300	3	0	14	0.4375
0.0673924322553	0.0163599182004	18	301	3	0	14	0.4375
0.0674518725264	0.0163599182004	18	302	3	0	14	0.4375
0.0676959788782	0.0163599182004	18	303	3	0	14	0.4375
0.0679412460687	0.0163599182004	18	304	3	0	14	0.4375
0.0681794033498	0.0163599182004	18	305	3	0	14	0.4375
0.0684051585498	0.0163599182004	18	306	3	0	14	0.4375
0.0684440420398	0.0163599182004	18	307	3	0	14	0.4375
0.0687115705625	0.0163599182004	18	308	3	0	14	0.4375
0.0687478902359	0.0163599182004	18	309	3	0	14	0.4375
0.068844174338	0.0163599182004	18	310	3	0	14	0.4375
0.0689740404427	0.0163599182004	18	311	3	0	14	0.4375
0.0691137500344	0.0184049079755	19	311	3	0	14	0.424242424242
0.0692243354368	0.0204498977505	20	311	3	0	14	0.411764705882
0.0697886345256	0.0204498977505	20	312	3	0	14	0.411764705882
0.0698687899636	0.0204498977505	20	313	3	0	14	0.411764705882
0.0699045023311	0.0204498977505	20	314	3	0	14	0.411764705882
0.0701249790934	0.0204498977505	20	315	3	0	14	0.411764705882
0.0702762426833	0.0204498977505	20	316	3	0	14	0.411764705882
0.0703350495971	0.0204498977505	20	317	3	0	14	0.411764705882
0.0703951499554	0.0204498977505	20	318	3	0	14	0.411764705882
0.0704827338138	0.0204498977505	20	319	3	0	14	0.411764705882
0.0704918981467	0.0204498977505	20	320	3	0	14	0.411764705882
0.0705465977824	0.0204498977505	20	321	3	0	14	0.411764705882
0.0706246638625	0.0204498977505	20	322	3	0	14	0.411764705882
0.0715863065477	0.0204498977505	20	323	3	0	14	0.411764705882
0.071624356802	0.0204498977505	20	324	3	0	14	0.411764705882
0.0719386435929	0.0204498977505	20	325	3	0	14	0.411764705882
0.0720050040057	0.0204498977505	20	326	3	0	14	0.411764705882
0.0722232072658	0.0204498977505	20	327	3	0	14	0.411764705882
0.0722800484872	0.0204498977505	20	328	3	0	14	0.411764705882
0.0725276770363	0.0204498977505	20	329	3	0	14	0.411764705882
0.072618066413	0.0204498977505	20	330	3	0	14	0.411764705882
0.0726263121346	0.0184049079755	20	331	3	0	15	0.428571428571
0.0736101484339	0.0184049079755	20	332	3	0	15	0.428571428571
0.0737936628434	0.0184049079755	20	333	3	0	15	0.428571428571
0.0741262180629	0.0184049079755	20	334	3	0	15	0.428571428571
0.0744102362577	0.0184049079755	20	335	3	0	15	0.428571428571
0.0748964244507	0.0184049079755	20	336	3	0	15	0.428571428571
0.0752358567894	0.0184049079755	20	337	3	0	15	0.428571428571
0.0753894025234	0.0184049079755	20	338	3	0	15	0.428571428571
0.0755321567012	0.0184049079755	20	339	3	0	15	0.428571428571
0.0755929818399	0.0184049079755	20	340	3	0	15	0.428571428571
0.0756650849618	0.0184049079755	20	341	3	0	15	0.428571428571
0.0761161007244	0.0184049079755	20	342	3	0	15	0.428571428571
0.0762957142722	0.0184049079755	20	343	3	0	15	0.428571428571
0.0764307758138	0.0184049079755	20	344	3	0	15	0.428571428571
0.076648499642	0.0204498977505	21	344	3	0	15	0.416666666667
0.0766785550939	0.0204498977505	21	345	3	0	15	0.416666666667
0.0767589963518	0.0204498977505	21	346	3	0	15	0.416666666667
0.0770817436554	0.0204498977505	21	347	3	0	15	0.416666666667
0.0773017249839	0.0204498977505	21	348	3	0	15	0.416666666667
0.0773745723425	0.0204498977505	21	349	3	0	15	0.416666666667
0.0774621471611	0.0204498977505	21	350	3	0	15	0.416666666667
0.077482758691	0.0204498977505	21	351	3	0	15	0.416666666667
0.0775832805844	0.0204498977505	21	352	3	0	15	0.416666666667
0.0777527725956	0.0204498977505	21	353	3	0	15	0.416666666667
0.0779728541964	0.0204498977505	21	354	3	0	15	0.416666666667
0.0781505771737	0.0184049079755	21	355	3	0	16	0.432432432432
0.0783774044742	0.0184049079755	21	356	3	0	16	0.432432432432
0.0784857348739	0.0184049079755	21	357	3	0	16	0.432432432432
0.0788363788691	0.0184049079755	21	358	3	0	16	0.432432432432
0.0789022684173	0.0184049079755	21	359	3	0	16	0.432432432432
0.0791948818613	0.0184049079755	21	360	3	0	16	0.432432432432
0.0794367568072	0.0184049079755	21	361	3	0	16	0.432432432432
0.0794988631967	0.0184049079755	21	362	3	0	16	0.432432432432
0.0795107361268	0.0184049079755	21	363	3	0	16	0.432432432432
0.0797421889636	0.0184049079755	21	364	3	0	16	0.432432432432
0.0800880525324	0.0184049079755	21	365	3	0	16	0.432432432432
0.0801690523795	0.0184049079755	21	366	3	0	16	0.432432432432
0.080539696716	0.0184049079755	21	367	3	0	16	0.432432432432
0.0810095023155	0.0184049079755	21	368	3	0	16	0.432432432432
0.0810151199675	0.0184049079755	21	369	3	0	16	0.432432432432
0.0812791595537	0.0184049079755	21	370	3	0	16	0.432432432432
0.0815129768018	0.0184049079755	21	371	3	0	16	0.432432432432
0.0815944743697	0.0184049079755	21	372	3	0	16	0.432432432432
0.0819698014133	0.0184049079755	21	373	3	0	16	0.432432432432
0.0821435667522	0.0184049079755	21	374	3	0	16	0.432432432432
0.0822287401964	0.0184049079755	21	375	3	0	16	0.432432432432
0.0824543075318	0.0204498977505	22	375	3	0	16	0.421052631579
0.0827323982835	0.0204498977505	22	376	3	0	16	0.421052631579
0.082855608289	0.0204498977505	22	377	3	0	16	0.421052631579
0.0831011369855	0.0224948875256	23	377	3	0	16	0.410256410256
0.0832500613782	0.0224948875256	23	378	3	0	16	0.410256410256
0.0834288409285	0.0224948875256	23	379	3	0	16	0.410256410256
0.0837043185442	0.0224948875256	23	380	3	0	16	0.410256410256
0.0838786887344	0.0224948875256	23	381	3	0	16	0.410256410256
0.0847464746589	0.0224948875256	23	382	3	0	16	0.410256410256
0.08495872025	0.0224948875256	23	383	3	0	16	0.410256410256
0.0850077099822	0.0224948875256	23	384	3	0	16	0.410256410256
0.0851595815814	0.0224948875256	23	385	3	0	16	0.410256410256
0.0852947983486	0.0224948875256	23	386	3	0	16	0.410256410256
0.0853902847971	0.0224948875256	23	387	3	0	16	0.410256410256
0.085392672717	0.0224948875256	23	388	3	0	16	0.410256410256
0.0854196090434	0.0224948875256	23	389	3	0	16	0.410256410256
0.0854343071659	0.0224948875256	23	390	3	0	16	0.410256410256
0.0858399132732	0.0224948875256	23	391	3	0	16	0.410256410256
0.0859911752237	0.0224948875256	23	392	3	0	16	0.410256410256
0.0861739727193	0.0224948875256	23	393	3	0	16	0.410256410256
0.0861988580029	0.0224948875256	23	394	3	0	16	0.410256410256
0.086417522727	0.0224948875256	23	395	3	0	16	0.410256410256
0.0866264718089	0.0224948875256	23	396	3	0	16	0.410256410256
0.0869033531143	0.0224948875256	23	397	3	0	16	0.410256410256
0.0869119506189	0.0224948875256	23	398	3	0	16	0.410256410256
0.087359620378	0.0224948875256	23	399	3	0	16	0.410256410256
0.0874726994591	0.0224948875256	23	400	3	0	16	0.410256410256
0.0876340437594	0.0224948875256	23	401	3	0	16	0.410256410256
0.0879279004688	0.0224948875256	23	402	3	0	16	0.410256410256
0.0880591090051	0.0204498977505	23	403	3	0	17	0.425
0.088140825173	0.0204498977505	23	404	3	0	17	0.425
0.0882875885845	0.0204498977505	23	405	3	0	17	0.425
0.0887720789124	0.0204498977505	23	406	3	0	17	0.425
0.0893178936975	0.0204498977505	23	407	3	0	17	0.425
0.0893233398173	0.0204498977505	23	408	3	0	17	0.425
0.0894497676939	0.0204498977505	23	409	3	0	17	0.425
0.0897148574251	0.0204498977505	23	410	3	0	17	0.425
0.089785322201	0.0204498977505	23	411	3	0	17	0.425
0.0898831213319	0.0204498977505	23	412	3	0	17	0.425
0.0905510234748	0.0204498977505	23	413	3	0	17	0.425
0.0906109259606	0.0204498977505	23	414	3	0	17	0.425
0.0909057705759	0.0204498977505	23	415	3	0	17	0.425
0.0909544797384	0.0204498977505	23	416	3	0	17	0.425
0.0913217127248	0.0224948875256	24	416	3	0	17	0.414634146341
0.0913537422448	0.0224948875256	24	417	3	0	17	0.414634146341
0.0914261574535	0.0224948875256	24	418	3	0	17	0.414634146341
0.091562621159	0.0224948875256	24	419	3	0	17	0.414634146341
0.0917221085273	0.0224948875256	24	420	3	0	17	0.414634146341
0.0918226574298	0.0224948875256	24	421	3	0	17	0.414634146341
0.0918968270961	0.0224948875256	24	422	3	0	17	0.414634146341
0.0919645819896	0.0224948875256	24	423	3	0	17	0.414634146341
0.0921373716974	0.0224948875256	24	424	3	0	17	0.414634146341
0.0922848597786	0.0224948875256	24	425	3	0	17	0.414634146341
0.0926337603844	0.0224948875256	24	426	3	0	17	0.414634146341
0.0928618623357	0.0224948875256	24	427	3	0	17	0.414634146341
0.0935249938022	0.0224948875256	24	428	3	0	17	0.414634146341
0.0936919365572	0.0224948875256	24	429	3	0	17	0.414634146341
0.0937203828206	0.0245398773006	25	429	3	0	17	0.404761904762
0.093790234691	0.0245398773006	25	430	3	0	17	0.404761904762
0.0938743439831	0.0245398773006	25	431	3	0	17	0.404761904762
0.0938839460894	0.0245398773006	25	432	3	0	17	0.404761904762
0.0942899608939	0.0245398773006	25	433	3	0	17	0.404761904762
0.0949604591631	0.0245398773006	25	434	3	0	17	0.404761904762
0.0952022541523	0.0245398773006	25	435	3	0	17	0.404761904762
0.095507392923	0.0245398773006	25	436	3	0	17	0.404761904762
0.0955486922916	0.0245398773006	25	437	3	0	17	0.404761904762
0.0956455280859	0.0245398773006	25	438	3	0	17	0.404761904762
0.0960818752835	0.0265848670757	26	438	3	0	17	0.395348837209
0.0969110326915	0.0265848670757	26	439	3	0	17	0.395348837209
0.0969767937273	0.0265848670757	26	440	3	0	17	0.395348837209
0.0969913253816	0.0265848670757	26	441	3	0	17	0.395348837209
0.0971486737708	0.0265848670757	26	442	3	0	17	0.395348837209
0.0976789753679	0.0265848670757	26	443	3	0	17	0.395348837209
0.0980643413389	0.0265848670757	26	444	3	0	17	0.395348837209
0.0982980119697	0.0286298568507	27	444	3	0	17	0.386363636364
0.098377141667	0.0286298568507	27	445	3	0	17	0.386363636364
0.0985665017772	0.0286298568507	27	446	3	0	17	0.386363636364
0.0986098900372	0.0286298568507	27	447	3	0	17	0.386363636364
0.0989234803894	0.0286298568507	27	448	3	0	17	0.386363636364
0.0989626438321	0.0286298568507	27	449	3	0	17	0.386363636364
0.0990197553243	0.0286298568507	27	450	3	0	17	0.386363636364
0.0991417987585	0.0286298568507	27	451	3	0	17	0.386363636364
0.099242624132	0.0265848670757	27	452	3	0	18	0.4
0.0992822644823	0.0265848670757	27	453	3	0	18	0.4
0.100077286928	0.0265848670757	27	454	3	0	18	0.4
0.100155589409	0.0265848670757	27	455	3	0	18	0.4
0.100214104815	0.0286298568507	28	455	3	0	18	0.391304347826
0.100345354543	0.0286298568507	28	456	3	0	18	0.391304347826
0.10069375076	0.0286298568507	28	457	3	0	18	0.391304347826
0.100890696237	0.0286298568507	28	458	3	0	18	0.391304347826
0.100948789631	0.0286298568507	28	459	3	0	18	0.391304347826
0.100992643141	0.0286298568507	28	460	3	0	18	0.391304347826
0.101152730749	0.0286298568507	28	461	3	0	18	0.391304347826
0.101700770762	0.0286298568507	28	462	3	0	18	0.391304347826
0.101728212598	0.0286298568507	28	463	3	0	18	0.391304347826
0.101732236183	0.0286298568507	28	464	3	0	18	0.391304347826
0.101854337538	0.0286298568507	28	465	3	0	18	0.391304347826
0.102201328806	0.0286298568507	28	466	3	0	18	0.391304347826
0.102276896218	0.0286298568507	28	467	3	0	18	0.391304347826
0.102556504348	0.0286298568507	28	468	3	0	18	0.391304347826
0.102719440264	0.0286298568507	28	469	3	0	18	0.391304347826
0.102737377977	0.0265848670757	28	470	3	0	19	0.404255319149
0.102844458761	0.0265848670757	28	471	3	0	19	0.404255319149
0.102997814387	0.0224948875256	28	472	3	0	21	0.428571428571
0.103089361347	0.0204498977505	28	473	3	0	22	0.44
0.103160250252	0.0204498977505	28	474	3	0	22	0.44
0.103258290868	0.0204498977505	28	475	3	0	22	0.44
0.103448536511	0.0204498977505	28	476	3	0	22	0.44
0.103712068445	0.0204498977505	28	477	3	0	22	0.44
0.10375025979	0.0204498977505	28	478	3	0	22	0.44
0.104114987424	0.0204498977505	28	479	3	0	22	0.44
0.10428424354	0.0204498977505	28	480	3	0	22	0.44
0.104364047302	0.0204498977505	28	481	3	0	22	0.44
0.104513455159	0.0204498977505	28	482	3	0	22	0.44
0.104579366034	0.0204498977505	28	483	3	0	22	0.44
0.104701856187	0.0204498977505	28	484	3	0	22	0.44
0.105125686907	0.0204498977505	28	485	3	0	22	0.44
0.105178203151	0.0204498977505	28	486	3	0	22	0.44
0.105313281983	0.0204498977505	28	487	3	0	22	0.44
0.105355772739	0.0204498977505	28	488	3	0	22	0.44
0.105393999349	0.0204498977505	28	489	3	0	22	0.44
0.105523459082	0.0204498977505	28	490	3	0	22	0.44
0.106086196423	0.0204498977505	28	491	3	0	22	0.44
0.10639540054	0.0204498977505	28	492	3	0	22	0.44
0.106634454893	0.0204498977505	28	493	3	0	22	0.44
0.106665460514	0.0204498977505	28	494	3	0	22	0.44
0.106696872399	0.0204498977505	28	495	3	0	22	0.44
0.106730894244	0.0204498977505	28	496	3	0	22	0.44
0.1067310707	0.0204498977505	28	497	3	0	22	0.44
0.107032504943	0.0204498977505	28	498	3	0	22	0.44
0.107033350784	0.0224948875256	29	498	3	0	22	0.43137254902
0.107153479431	0.0224948875256	29	499	3	0	22	0.43137254902
0.107224105127	0.0224948875256	29	500	3	0	22	0.43137254902
0.107298587966	0.0224948875256	29	501	3	0	22	0.43137254902
0.107341706593	0.0224948875256	30	501	3	0	22	0.423076923077
0.107567946545	0.0224948875256	30	502	3	0	22	0.423076923077
0.107638982477	0.0224948875256	30	503	3	0	22	0.423076923077
0.107760552442	0.0224948875256	30	504	3	0	22	0.423076923077
0.108062246016	0.0224948875256	30	505	3	0	22	0.423076923077
0.108228623553	0.0245398773006	31	505	3	0	22	0.415094339623
0.108399155511	0.0245398773006	31	506	3	0	22	0.415094339623
0.108670652553	0.0245398773006	31	507	3	0	22	0.415094339623
0.108749550261	0.0245398773006	31	508	3	0	22	0.415094339623
0.108992097428	0.0245398773006	31	509	3	0	22	0.415094339623
0.109084081978	0.0245398773006	31	510	3	0	22	0.415094339623
0.109437149404	0.0245398773006	31	511	3	0	22	0.415094339623
0.109813967308	0.0245398773006	31	512	3	0	22	0.415094339623
0.109888495302	0.0245398773006	31	513	3	0	22	0.415094339623
0.109954342915	0.0245398773006	31	514	3	0	22	0.415094339623
0.110267410672	0.0245398773006	31	515	3	0	22	0.415094339623
0.110524723871	0.0245398773006	31	516	3	0	22	0.415094339623
0.111432557703	0.0245398773006	31	517	3	0	22	0.415094339623
0.11156049677	0.0265848670757	32	517	3	0	22	0.407407407407
0.11190866585	0.0265848670757	32	518	3	0	22	0.407407407407
0.111926617917	0.0265848670757	32	519	3	0	22	0.407407407407
0.112001541893	0.0265848670757	32	520	3	0	22	0.407407407407
0.112140135424	0.0265848670757	32	521	3	0	22	0.407407407407
0.112310969055	0.0265848670757	32	522	3	0	22	0.407407407407
0.112593373566	0.0286298568507	33	522	3	0	22	0.4
0.112818823373	0.0286298568507	33	523	3	0	22	0.4
0.113438709947	0.0286298568507	33	524	3	0	22	0.4
0.113438767973	0.0286298568507	33	525	3	0	22	0.4
0.113655325705	0.0286298568507	33	526	3	0	22	0.4
0.114376467219	0.0286298568507	33	527	3	0	22	0.4
0.114574268543	0.0286298568507	33	528	3	0	22	0.4
0.114801354108	0.0286298568507	33	529	3	0	22	0.4
0.114801725955	0.0286298568507	33	530	3	0	22	0.4
0.11515290022	0.0286298568507	33	531	3	0	22	0.4
0.115287554615	0.0286298568507	33	532	3	0	22	0.4
0.115410001272	0.0286298568507	33	533	3	0	22	0.4
0.115437744292	0.0286298568507	33	534	3	0	22	0.4
0.115468040346	0.0286298568507	33	535	3	0	22	0.4
0.115487440721	0.0286298568507	33	536	3	0	22	0.4
0.115665135113	0.0306748466258	34	536	3	0	22	0.392857142857
0.116002253197	0.0306748466258	34	537	3	0	22	0.392857142857
0.116070272292	0.0306748466258	34	538	3	0	22	0.392857142857
0.116878170863	0.0306748466258	34	539	3	0	22	0.392857142857
0.117070890185	0.0306748466258	34	540	3	0	22	0.392857142857
0.117230512594	0.0286298568507	34	541	3	0	23	0.40350877193
0.1174308472	0.0306748466258	35	541	3	0	23	0.396551724138
0.117536681154	0.0306748466258	35	542	3	0	23	0.396551724138
0.117796236016	0.0306748466258	35	543	3	0	23	0.396551724138
0.118045242268	0.0306748466258	35	544	3	0	23	0.396551724138
0.118158341929	0.0286298568507	35	545	3	0	24	0.406779661017
0.118365792893	0.0286298568507	35	546	3	0	24	0.406779661017
0.118373001787	0.0286298568507	35	547	3	0	24	0.406779661017
0.118401291898	0.0286298568507	35	548	3	0	24	0.406779661017
0.1185349381	0.0286298568507	35	549	3	0	24	0.406779661017
0.118581950969	0.0306748466258	36	549	3	0	24	0.4
0.118690806024	0.0306748466258	36	550	3	0	24	0.4
0.118705648872	0.0306748466258	36	551	3	0	24	0.4
0.119030089052	0.0306748466258	36	552	3	0	24	0.4
0.119280014619	0.0306748466258	36	553	3	0	24	0.4
0.119765204392	0.0306748466258	36	554	3	0	24	0.4
0.119894342118	0.0306748466258	36	555	3	0	24	0.4
0.119998303865	0.0306748466258	36	556	3	0	24	0.4
0.120040500875	0.0306748466258	36	557	3	0	24	0.4
0.120342088468	0.0327198364008	37	557	3	0	24	0.393442622951
0.120507068383	0.0327198364008	37	558	3	0	24	0.393442622951
0.120813739695	0.0327198364008	37	559	3	0	24	0.393442622951
0.121298851922	0.0327198364008	37	560	3	0	24	0.393442622951
0.121430716212	0.0327198364008	37	561	3	0	24	0.393442622951
0.121674694358	0.0327198364008	37	562	3	0	24	0.393442622951
0.121702044	0.0327198364008	37	563	3	0	24	0.393442622951
0.122167124472	0.0327198364008	37	564	3	0	24	0.393442622951
0.122205021365	0.0327198364008	37	565	3	0	24	0.393442622951
0.122213700763	0.0306748466258	37	566	3	0	25	0.403225806452
0.122285043116	0.0306748466258	37	567	3	0	25	0.403225806452
0.122519081125	0.0306748466258	37	568	3	0	25	0.403225806452
0.1225282475	0.0306748466258	37	569	3	0	25	0.403225806452
0.122727477414	0.0306748466258	37	570	3	0	25	0.403225806452
0.122810686633	0.0286298568507	37	571	3	0	26	0.412698412698
0.123064854617	0.0286298568507	37	572	3	0	26	0.412698412698
0.123083715656	0.0286298568507	37	573	3	0	26	0.412698412698
0.123157355518	0.0306748466258	38	573	3	0	26	0.40625
0.123337091735	0.0306748466258	38	574	3	0	26	0.40625
0.123375917747	0.0306748466258	38	575	3	0	26	0.40625
0.123850164126	0.0306748466258	38	576	3	0	26	0.40625
0.12463898012	0.0306748466258	38	577	3	0	26	0.40625
0.124693411463	0.0306748466258	38	578	3	0	26	0.40625
0.124793996187	0.0327198364008	39	578	3	0	26	0.4
0.125064965591	0.0327198364008	39	579	3	0	26	0.4
0.125083160695	0.0327198364008	39	580	3	0	26	0.4
0.125121406927	0.0327198364008	39	581	3	0	26	0.4
0.125201124649	0.0327198364008	39	582	3	0	26	0.4
0.125406601389	0.0327198364008	39	583	3	0	26	0.4
0.125483163167	0.0306748466258	39	584	3	0	27	0.409090909091
0.12549902356	0.0286298568507	39	585	3	0	28	0.417910447761
0.126020603738	0.0286298568507	39	586	3	0	28	0.417910447761
0.126456642336	0.0286298568507	39	587	3	0	28	0.417910447761
0.126801797882	0.0286298568507	39	588	3	0	28	0.417910447761
0.12756343272	0.0286298568507	39	589	3	0	28	0.417910447761
0.127755311252	0.0286298568507	39	590	3	0	28	0.417910447761
0.127830576961	0.0286298568507	39	591	3	0	28	0.417910447761
0.127919134819	0.0286298568507	39	592	3	0	28	0.417910447761
0.128272221963	0.0286298568507	39	593	3	0	28	0.417910447761
0.128334612132	0.0286298568507	39	594	3	0	28	0.417910447761
0.128717386326	0.0286298568507	39	595	3	0	28	0.417910447761
0.129024186147	0.0286298568507	39	596	3	0	28	0.417910447761
0.129125206782	0.0286298568507	39	597	3	0	28	0.417910447761
0.129150507265	0.0286298568507	39	598	3	0	28	0.417910447761
0.129381915925	0.0286298568507	39	599	3	0	28	0.417910447761
0.129591603107	0.0286298568507	39	600	3	0	28	0.417910447761
0.130280933966	0.0286298568507	39	601	3	0	28	0.417910447761
0.130422014447	0.0286298568507	39	602	3	0	28	0.417910447761
0.130904415987	0.0286298568507	39	603	3	0	28	0.417910447761
0.131252658695	0.0286298568507	39	604	3	0	28	0.417910447761
0.131339012202	0.0286298568507	39	605	3	0	28	0.417910447761
0.131355173493	0.0286298568507	39	606	3	0	28	0.417910447761
0.131612735939	0.0286298568507	39	607	3	0	28	0.417910447761
0.131717872326	0.0286298568507	39	608	3	0	28	0.417910447761
0.131753010816	0.0286298568507	39	609	3	0	28	0.417910447761
0.132125020209	0.0286298568507	39	610	3	0	28	0.417910447761
0.132230496531	0.0286298568507	39	611	3	0	28	0.417910447761
0.132314504391	0.0286298568507	39	612	3	0	28	0.417910447761
0.132593480255	0.0286298568507	39	613	3	0	28	0.417910447761
0.132676025131	0.0286298568507	39	614	3	0	28	0.417910447761
0.132989620602	0.0286298568507	39	615	3	0	28	0.417910447761
0.132991377145	0.0286298568507	39	616	3	0	28	0.417910447761
0.133604536492	0.0286298568507	39	617	3	0	28	0.417910447761
0.133800228208	0.0286298568507	39	618	3	0	28	0.417910447761
0.133922752965	0.0265848670757	39	619	3	0	29	0.426470588235
0.134054934048	0.0265848670757	39	620	3	0	29	0.426470588235
0.134077413156	0.0265848670757	39	621	3	0	29	0.426470588235
0.134543634679	0.0265848670757	39	622	3	0	29	0.426470588235
0.134617380989	0.0265848670757	39	623	3	0	29	0.426470588235
0.134721867897	0.0265848670757	39	624	3	0	29	0.426470588235
0.134849172698	0.0265848670757	39	625	3	0	29	0.426470588235
0.135273391567	0.0265848670757	39	626	3	0	29	0.426470588235
0.135487154942	0.0265848670757	39	627	3	0	29	0.426470588235
0.135830279566	0.0265848670757	39	628	3	0	29	0.426470588235
0.135978496308	0.0265848670757	39	629	3	0	29	0.426470588235
0.136018485486	0.0265848670757	39	630	3	0	29	0.426470588235
0.136065421743	0.0265848670757	39	631	3	0	29	0.426470588235
0.136164032314	0.0265848670757	39	632	3	0	29	0.426470588235
0.136355333705	0.0265848670757	39	633	3	0	29	0.426470588235
0.136396046241	0.0265848670757	39	634	3	0	29	0.426470588235
0.136917608213	0.0265848670757	39	635	3	0	29	0.426470588235
0.137042864145	0.0265848670757	39	636	3	0	29	0.426470588235
0.137695305194	0.0265848670757	39	637	3	0	29	0.426470588235
0.137699826238	0.0265848670757	39	638	3	0	29	0.426470588235
0.137703743071	0.0286298568507	40	638	3	0	29	0.420289855072
0.137906669859	0.0306748466258	41	638	3	0	29	0.414285714286
0.138051899675	0.0306748466258	41	639	3	0	29	0.414285714286
0.138182971053	0.0306748466258	41	640	3	0	29	0.414285714286
0.138398736469	0.0306748466258	41	641	3	0	29	0.414285714286
0.138414110907	0.0286298568507	42	641	3	0	29	0.408450704225
0.138715949803	0.0286298568507	42	642	3	0	29	0.408450704225
0.138738458571	0.0286298568507	42	643	3	0	29	0.408450704225
0.139179135381	0.0286298568507	42	644	3	0	29	0.408450704225
0.139243444894	0.0306748466258	43	644	3	0	29	0.402777777778
0.139437036972	0.0306748466258	43	645	3	0	29	0.402777777778
0.13966498176	0.0306748466258	43	646	3	0	29	0.402777777778
0.139912808692	0.0306748466258	43	647	3	0	29	0.402777777778
0.140489937639	0.0286298568507	43	648	3	0	30	0.41095890411
0.140533698465	0.0286298568507	43	649	3	0	30	0.41095890411
0.140715972075	0.0286298568507	43	650	3	0	30	0.41095890411
0.140850014088	0.0286298568507	43	651	3	0	30	0.41095890411
0.140923588034	0.0286298568507	43	652	3	0	30	0.41095890411
0.140972836878	0.0286298568507	43	653	3	0	30	0.41095890411
0.141068739521	0.0286298568507	43	654	3	0	30	0.41095890411
0.141467959294	0.0306748466258	44	654	3	0	30	0.405405405405
0.141543386164	0.0306748466258	44	655	3	0	30	0.405405405405
0.141563673187	0.0306748466258	44	656	3	0	30	0.405405405405
0.141571874409	0.0306748466258	44	657	3	0	30	0.405405405405
0.141743092307	0.0327198364008	45	657	3	0	30	0.4
0.141793942773	0.0327198364008	45	658	3	0	30	0.4
0.14183362852	0.0327198364008	45	659	3	0	30	0.4
0.142138666059	0.0327198364008	45	660	3	0	30	0.4
0.142194988231	0.0327198364008	45	661	3	0	30	0.4
0.142335855679	0.0327198364008	45	662	3	0	30	0.4
0.142851640776	0.0347648261759	46	662	3	0	30	0.394736842105
0.142859661545	0.0347648261759	46	663	3	0	30	0.394736842105
0.143761835641	0.0347648261759	46	664	3	0	30	0.394736842105
0.143998468223	0.0327198364008	46	665	3	0	31	0.402597402597
0.144287174361	0.0306748466258	47	665	3	0	31	0.397435897436
0.144544620848	0.0306748466258	47	666	3	0	31	0.397435897436
0.144630416832	0.0306748466258	47	667	3	0	31	0.397435897436
0.144822311673	0.0306748466258	47	668	3	0	31	0.397435897436
0.145205986346	0.0286298568507	47	669	3	0	32	0.405063291139
0.145282797657	0.0286298568507	47	670	3	0	32	0.405063291139
0.14560961949	0.0286298568507	47	671	3	0	32	0.405063291139
0.146114254025	0.0286298568507	47	672	3	0	32	0.405063291139
0.146361371809	0.0286298568507	47	673	3	0	32	0.405063291139
0.146530079654	0.0286298568507	47	674	3	0	32	0.405063291139
0.146851750471	0.0286298568507	47	675	3	0	32	0.405063291139
0.146906363596	0.0286298568507	47	676	3	0	32	0.405063291139
0.146992005513	0.0286298568507	47	677	3	0	32	0.405063291139
0.147091545796	0.0306748466258	48	677	3	0	32	0.4
0.147215794951	0.0306748466258	48	678	3	0	32	0.4
0.14735528227	0.0306748466258	48	679	3	0	32	0.4
0.147421924221	0.0286298568507	48	680	3	0	33	0.407407407407
0.147528849922	0.0286298568507	48	681	3	0	33	0.407407407407
0.147699542204	0.0306748466258	49	681	3	0	33	0.40243902439
0.14790978899	0.0306748466258	49	682	3	0	33	0.40243902439
0.147930538102	0.0306748466258	49	683	3	0	33	0.40243902439
0.148049772304	0.0306748466258	49	684	3	0	33	0.40243902439
0.148124000688	0.0306748466258	49	685	3	0	33	0.40243902439
0.148216308592	0.0306748466258	49	686	3	0	33	0.40243902439
0.148227666123	0.0286298568507	49	687	3	0	34	0.409638554217
0.148246822587	0.0286298568507	49	688	3	0	34	0.409638554217
0.148576509522	0.0286298568507	49	689	3	0	34	0.409638554217
0.148582857396	0.0286298568507	49	690	3	0	34	0.409638554217
0.148739927592	0.0286298568507	49	691	3	0	34	0.409638554217
0.148890151643	0.0286298568507	49	692	3	0	34	0.409638554217
0.148939002118	0.0286298568507	49	693	3	0	34	0.409638554217
0.14907982166	0.0306748466258	50	693	3	0	34	0.404761904762
0.14927458632	0.0306748466258	50	694	3	0	34	0.404761904762
0.14939844269	0.0306748466258	50	695	3	0	34	0.404761904762
0.149461176302	0.0306748466258	50	696	3	0	34	0.404761904762
0.149693350398	0.0306748466258	50	697	3	0	34	0.404761904762
0.14970444383	0.0286298568507	50	698	3	0	35	0.411764705882
0.149717732926	0.0286298568507	50	699	3	0	35	0.411764705882
0.149804479528	0.0286298568507	50	700	3	0	35	0.411764705882
0.15000325785	0.0286298568507	50	701	3	0	35	0.411764705882
0.150030620286	0.0286298568507	50	702	3	0	35	0.411764705882
0.150117821833	0.0286298568507	50	703	3	0	35	0.411764705882
0.150241905986	0.0286298568507	50	704	3	0	35	0.411764705882
0.150371583531	0.0286298568507	50	705	3	0	35	0.411764705882
0.150547298027	0.0286298568507	50	706	3	0	35	0.411764705882
0.150764814694	0.0286298568507	50	707	3	0	35	0.411764705882
0.150775522619	0.0286298568507	50	708	3	0	35	0.411764705882
0.151340880886	0.0286298568507	50	709	3	0	35	0.411764705882
0.151537940075	0.0286298568507	50	710	3	0	35	0.411764705882
0.15155873898	0.0286298568507	50	711	3	0	35	0.411764705882
0.151675625188	0.0286298568507	50	712	3	0	35	0.411764705882
0.15180190063	0.0286298568507	50	713	3	0	35	0.411764705882
0.152027118654	0.0286298568507	50	714	3	0	35	0.411764705882
0.152288833121	0.0265848670757	50	715	3	0	36	0.418604651163
0.152741053376	0.0245398773006	50	716	3	0	37	0.425287356322
0.153143188022	0.0224948875256	50	717	3	0	38	0.431818181818
0.153600851082	0.0224948875256	50	718	3	0	38	0.431818181818
0.15413615598	0.0224948875256	50	719	3	0	38	0.431818181818
0.154160035424	0.0224948875256	50	720	3	0	38	0.431818181818
0.154191506385	0.0224948875256	50	721	3	0	38	0.431818181818
0.15420484514	0.0224948875256	50	722	3	0	38	0.431818181818
0.154909412699	0.0224948875256	50	723	3	0	38	0.431818181818
0.155134915223	0.0224948875256	50	724	3	0	38	0.431818181818
0.15516740658	0.0204498977505	50	725	3	0	39	0.438202247191
0.155177258895	0.0204498977505	50	726	3	0	39	0.438202247191
0.15547863718	0.0204498977505	50	727	3	0	39	0.438202247191
0.155789034389	0.0204498977505	50	728	3	0	39	0.438202247191
0.156118039783	0.0204498977505	50	729	3	0	39	0.438202247191
0.156136221602	0.0204498977505	50	730	3	0	39	0.438202247191
0.156720745109	0.0204498977505	50	731	3	0	39	0.438202247191
0.156843201842	0.0204498977505	50	732	3	0	39	0.438202247191
0.157010197196	0.0204498977505	50	733	3	0	39	0.438202247191
0.157328750977	0.0204498977505	50	734	3	0	39	0.438202247191
0.157465689319	0.0204498977505	50	735	3	0	39	0.438202247191
0.157586233699	0.0184049079755	50	736	3	0	40	0.444444444444
0.158124875118	0.0184049079755	50	737	3	0	40	0.444444444444
0.15839192576	0.0163599182004	50	738	3	0	41	0.450549450549
0.15865869693	0.0163599182004	50	739	3	0	41	0.450549450549
0.15908897166	0.0163599182004	50	740	3	0	41	0.450549450549
0.15971286897	0.0163599182004	50	741	3	0	41	0.450549450549
0.159927312667	0.0163599182004	50	742	3	0	41	0.450549450549
0.160038801874	0.0163599182004	50	743	3	0	41	0.450549450549
0.160242290047	0.0163599182004	50	744	3	0	41	0.450549450549
0.160255996961	0.0163599182004	50	745	3	0	41	0.450549450549
0.160863128709	0.0163599182004	50	746	3	0	41	0.450549450549
0.161196079574	0.0163599182004	50	747	3	0	41	0.450549450549
0.161383217319	0.0163599182004	50	748	3	0	41	0.450549450549
0.161588393816	0.0163599182004	50	749	3	0	41	0.450549450549
0.161722559298	0.0163599182004	50	750	3	0	41	0.450549450549
0.162602122043	0.0163599182004	50	751	3	0	41	0.450549450549
0.16266922462	0.0163599182004	50	752	3	0	41	0.450549450549
0.162953086709	0.0163599182004	50	753	3	0	41	0.450549450549
0.163229500326	0.0163599182004	50	754	3	0	41	0.450549450549
0.163245350414	0.0163599182004	50	755	3	0	41	0.450549450549
0.163294402395	0.0163599182004	50	756	3	0	41	0.450549450549
0.163482940925	0.0163599182004	50	757	3	0	41	0.450549450549
0.163536914181	0.0163599182004	50	758	3	0	41	0.450549450549
0.163757561759	0.0163599182004	50	759	3	0	41	0.450549450549
0.16388988678	0.0163599182004	50	760	3	0	41	0.450549450549
0.163925781003	0.0163599182004	50	761	3	0	41	0.450549450549
0.164134676799	0.0163599182004	50	762	3	0	41	0.450549450549
0.16431402058	0.0163599182004	50	763	3	0	41	0.450549450549
0.16463284641	0.0163599182004	50	764	3	0	41	0.450549450549
0.164942511815	0.0143149284254	50	765	3	0	42	0.45652173913
0.16497354502	0.0143149284254	50	766	3	0	42	0.45652173913
0.165174729549	0.0143149284254	50	767	3	0	42	0.45652173913
0.165241776433	0.0143149284254	50	768	3	0	42	0.45652173913
0.165916614934	0.0143149284254	50	769	3	0	42	0.45652173913
0.166202507126	0.0163599182004	51	769	3	0	42	0.451612903226
0.166316089331	0.0163599182004	51	770	3	0	42	0.451612903226
0.166499762197	0.0163599182004	51	771	3	0	42	0.451612903226
0.166594951876	0.0163599182004	51	772	3	0	42	0.451612903226
0.16750633391	0.0163599182004	51	773	3	0	42	0.451612903226
0.167634851312	0.0163599182004	51	774	3	0	42	0.451612903226
0.167817807363	0.0163599182004	51	775	3	0	42	0.451612903226
0.168447865015	0.0163599182004	51	776	3	0	42	0.451612903226
0.16895007748	0.0163599182004	51	777	3	0	42	0.451612903226
0.169044663293	0.0163599182004	51	778	3	0	42	0.451612903226
0.169232896521	0.0163599182004	51	779	3	0	42	0.451612903226
0.169378506271	0.0163599182004	51	780	3	0	42	0.451612903226
0.169834984566	0.0163599182004	51	781	3	0	42	0.451612903226
0.169842238309	0.0163599182004	51	782	3	0	42	0.451612903226
0.170170053219	0.0163599182004	51	783	3	0	42	0.451612903226
0.170453618887	0.0163599182004	51	784	3	0	42	0.451612903226
0.170756382742	0.0163599182004	51	785	3	0	42	0.451612903226
0.170804528701	0.0163599182004	51	786	3	0	42	0.451612903226
0.170980385508	0.0163599182004	51	787	3	0	42	0.451612903226
0.171013723815	0.0163599182004	51	788	3	0	42	0.451612903226
0.171124827455	0.0163599182004	51	789	3	0	42	0.451612903226
0.171528286399	0.0163599182004	51	790	3	0	42	0.451612903226
0.171609703962	0.0163599182004	51	791	3	0	42	0.451612903226
