# time 	 divergence 	 # of mutations 	 # IGC chances 	 IGC length 	 # IGC failures 	 Changes due to IGC  	 % change due to IGC 
0.0	0.0306748466258	0	0	0	0	0	0.0
0.000136323157687	0.0306748466258	0	1	3	0	0	0.0
0.000212685520106	0.0306748466258	0	2	3	0	0	0.0
0.000323928852825	0.0306748466258	0	3	3	0	0	0.0
0.000418764489313	0.0306748466258	0	4	3	0	0	0.0
0.00058222330038	0.0306748466258	0	5	3	0	0	0.0
0.000706880555971	0.0286298568507	0	6	3	0	1	1.0
0.000722714257871	0.0265848670757	0	7	3	0	2	1.0
0.00103606680624	0.0265848670757	0	8	3	0	2	1.0
0.00107289431121	0.0265848670757	0	9	3	0	2	1.0
0.00163049752771	0.0265848670757	0	10	3	0	2	1.0
0.00175038578001	0.0265848670757	0	11	3	0	2	1.0
0.00200640626877	0.0265848670757	0	12	3	0	2	1.0
0.00202076678815	0.0265848670757	0	13	3	0	2	1.0
0.00204955017266	0.0265848670757	0	14	3	0	2	1.0
0.0020614249472	0.0265848670757	0	15	3	0	2	1.0
0.00213087286796	0.0265848670757	0	16	3	0	2	1.0
0.00217622380549	0.0265848670757	0	17	3	0	2	1.0
0.00219477963759	0.0265848670757	0	18	3	0	2	1.0
0.00240352965067	0.0265848670757	0	19	3	0	2	1.0
0.0028319966741	0.0265848670757	0	20	3	0	2	1.0
0.00283630541636	0.0265848670757	0	21	3	0	2	1.0
0.0031695536292	0.0265848670757	0	22	3	0	2	1.0
0.00401789699001	0.0265848670757	0	23	3	0	2	1.0
0.0045246504664	0.0265848670757	0	24	3	0	2	1.0
0.00453182230708	0.0265848670757	0	25	3	0	2	1.0
0.00453315787214	0.0265848670757	0	26	3	0	2	1.0
0.00455765923136	0.0265848670757	0	27	3	0	2	1.0
0.00460168149353	0.0265848670757	0	28	3	0	2	1.0
0.00474179657683	0.0265848670757	0	29	3	0	2	1.0
0.00489134277106	0.0265848670757	0	30	3	0	2	1.0
0.0049238913444	0.0265848670757	0	31	3	0	2	1.0
0.00501993294769	0.0265848670757	0	32	3	0	2	1.0
0.00554364043082	0.0265848670757	0	33	3	0	2	1.0
0.00560962452126	0.0265848670757	0	34	3	0	2	1.0
0.00569436098597	0.0265848670757	0	35	3	0	2	1.0
0.00577211667874	0.0265848670757	0	36	3	0	2	1.0
0.00601231564779	0.0265848670757	0	37	3	0	2	1.0
0.00624267960526	0.0265848670757	0	38	3	0	2	1.0
0.006573797716	0.0245398773006	0	39	3	0	3	1.0
0.00666155991433	0.0245398773006	0	40	3	0	3	1.0
0.006757253914	0.0245398773006	0	41	3	0	3	1.0
0.00687958315337	0.0245398773006	0	42	3	0	3	1.0
0.00734044497013	0.0245398773006	0	43	3	0	3	1.0
0.0077927140614	0.0265848670757	1	43	3	0	3	0.75
0.00793634775929	0.0265848670757	1	44	3	0	3	0.75
0.00795012591682	0.0265848670757	1	45	3	0	3	0.75
0.00806815356439	0.0245398773006	1	46	3	0	4	0.8
0.00809447041407	0.0245398773006	1	47	3	0	4	0.8
0.00820756605013	0.0245398773006	1	48	3	0	4	0.8
0.00847116037433	0.0245398773006	1	49	3	0	4	0.8
0.00848220092296	0.0245398773006	2	49	3	0	4	0.666666666667
0.00873827774205	0.0265848670757	3	49	3	0	4	0.571428571429
0.00876082847051	0.0245398773006	3	50	3	0	5	0.625
0.00894828756217	0.0245398773006	3	51	3	0	5	0.625
0.0090153893325	0.0265848670757	4	51	3	0	5	0.555555555556
0.00936709653159	0.0265848670757	4	52	3	0	5	0.555555555556
0.00937655979468	0.0265848670757	4	53	3	0	5	0.555555555556
0.00992895720901	0.0265848670757	4	54	3	0	5	0.555555555556
0.0105747625664	0.0265848670757	4	55	3	0	5	0.555555555556
0.0107103548215	0.0265848670757	4	56	3	0	5	0.555555555556
0.0107312681226	0.0265848670757	4	57	3	0	5	0.555555555556
0.0110281369086	0.0245398773006	4	58	3	0	6	0.6
0.0110297146924	0.0245398773006	4	59	3	0	6	0.6
0.0112089784561	0.0245398773006	4	60	3	0	6	0.6
0.0112384443865	0.0265848670757	5	60	3	0	6	0.545454545455
0.0112567036165	0.0265848670757	5	61	3	0	6	0.545454545455
0.0112943220712	0.0265848670757	5	62	3	0	6	0.545454545455
0.011310593187	0.0265848670757	5	63	3	0	6	0.545454545455
0.0113893014398	0.0265848670757	5	64	3	0	6	0.545454545455
0.0116163041349	0.0265848670757	5	65	3	0	6	0.545454545455
0.0116631703205	0.0265848670757	5	66	3	0	6	0.545454545455
0.0119906177989	0.0286298568507	6	66	3	0	6	0.5
0.0123645799431	0.0286298568507	6	67	3	0	6	0.5
0.0127009873756	0.0286298568507	6	68	3	0	6	0.5
0.0128596631477	0.0286298568507	6	69	3	0	6	0.5
0.0128800322206	0.0286298568507	6	70	3	0	6	0.5
0.0133839533169	0.0306748466258	7	70	3	0	6	0.461538461538
0.0134536581162	0.0306748466258	7	71	3	0	6	0.461538461538
0.0137553361109	0.0306748466258	7	72	3	0	6	0.461538461538
0.0142991239394	0.0306748466258	7	73	3	0	6	0.461538461538
0.0144742007251	0.0306748466258	7	74	3	0	6	0.461538461538
0.0147414835528	0.0306748466258	7	75	3	0	6	0.461538461538
0.0147961963646	0.0306748466258	7	76	3	0	6	0.461538461538
0.0149322638376	0.0306748466258	7	77	3	0	6	0.461538461538
0.0154317914677	0.0286298568507	7	78	3	0	7	0.5
0.0156487060164	0.0306748466258	8	78	3	0	7	0.466666666667
0.0157681714401	0.0327198364008	9	78	3	0	7	0.4375
0.0161427540142	0.0327198364008	9	79	3	0	7	0.4375
0.0161626239479	0.0327198364008	9	80	3	0	7	0.4375
0.0162232781721	0.0327198364008	9	81	3	0	7	0.4375
0.0163226406214	0.0327198364008	9	82	3	0	7	0.4375
0.0166003901709	0.0327198364008	9	83	3	0	7	0.4375
0.0166297228255	0.0327198364008	9	84	3	0	7	0.4375
0.0168907036516	0.0306748466258	9	85	3	0	8	0.470588235294
0.016929282832	0.0306748466258	9	86	3	0	8	0.470588235294
0.0174058298676	0.0327198364008	10	86	3	0	8	0.444444444444
0.0174261486118	0.0327198364008	10	87	3	0	8	0.444444444444
0.0176457396525	0.0327198364008	10	88	3	0	8	0.444444444444
0.0177742426579	0.0327198364008	10	89	3	0	8	0.444444444444
0.0181711908852	0.0327198364008	10	90	3	0	8	0.444444444444
0.0183678970317	0.0327198364008	10	91	3	0	8	0.444444444444
0.0184468562245	0.0347648261759	11	91	3	0	8	0.421052631579
0.0188137484994	0.0368098159509	12	91	3	0	8	0.4
0.0188289194353	0.0368098159509	12	92	3	0	8	0.4
0.0188589248393	0.0368098159509	12	93	3	0	8	0.4
0.0189918102051	0.0368098159509	12	94	3	0	8	0.4
0.0190318560969	0.0368098159509	12	95	3	0	8	0.4
0.0193220675483	0.0368098159509	12	96	3	0	8	0.4
0.0194642844769	0.0368098159509	12	97	3	0	8	0.4
0.0195049095816	0.0368098159509	12	98	3	0	8	0.4
0.0197850791351	0.0368098159509	12	99	3	0	8	0.4
0.019871001687	0.0368098159509	12	100	3	0	8	0.4
0.0199742392534	0.0368098159509	12	101	3	0	8	0.4
0.0200792972736	0.0368098159509	12	102	3	0	8	0.4
0.0201868402521	0.0368098159509	12	103	3	0	8	0.4
0.0201884844139	0.0368098159509	12	104	3	0	8	0.4
0.0202833178407	0.0368098159509	12	105	3	0	8	0.4
0.0202922646825	0.0347648261759	13	105	3	0	8	0.380952380952
0.0205427514252	0.0347648261759	13	106	3	0	8	0.380952380952
0.0207728973057	0.0347648261759	13	107	3	0	8	0.380952380952
0.020806953856	0.0347648261759	13	108	3	0	8	0.380952380952
0.0210951930917	0.0327198364008	13	109	3	0	9	0.409090909091
0.0212206612054	0.0327198364008	13	110	3	0	9	0.409090909091
0.0214102454959	0.0327198364008	13	111	3	0	9	0.409090909091
0.0214464183517	0.0347648261759	14	111	3	0	9	0.391304347826
0.02151973672	0.0347648261759	14	112	3	0	9	0.391304347826
0.021692730753	0.0347648261759	14	113	3	0	9	0.391304347826
0.0220094390581	0.0347648261759	14	114	3	0	9	0.391304347826
0.0220879510477	0.0327198364008	14	115	3	0	10	0.416666666667
0.0223634051049	0.0327198364008	14	116	3	0	10	0.416666666667
0.0224328881933	0.0327198364008	14	117	3	0	10	0.416666666667
0.0224944063701	0.0327198364008	14	118	3	0	10	0.416666666667
0.0224959021686	0.0327198364008	14	119	3	0	10	0.416666666667
0.0225630972438	0.0327198364008	14	120	3	0	10	0.416666666667
0.0227585487963	0.0327198364008	14	121	3	0	10	0.416666666667
0.0233998869974	0.0327198364008	14	122	3	0	10	0.416666666667
0.0238372832351	0.0327198364008	14	123	3	0	10	0.416666666667
0.0240336424346	0.0347648261759	15	123	3	0	10	0.4
0.024216383819	0.0347648261759	15	124	3	0	10	0.4
0.0242181940963	0.0347648261759	15	125	3	0	10	0.4
0.024339422057	0.0347648261759	15	126	3	0	10	0.4
0.024837498432	0.0347648261759	15	127	3	0	10	0.4
0.0248841790619	0.0347648261759	15	128	3	0	10	0.4
0.0252928729627	0.0327198364008	15	129	3	0	11	0.423076923077
0.0254114095367	0.0327198364008	15	130	3	0	11	0.423076923077
0.0255528366881	0.0327198364008	15	131	3	0	11	0.423076923077
0.0256042278702	0.0327198364008	15	132	3	0	11	0.423076923077
0.0257059060742	0.0306748466258	15	133	3	0	12	0.444444444444
0.0262348409626	0.0306748466258	15	134	3	0	12	0.444444444444
0.0262419446117	0.0306748466258	15	135	3	0	12	0.444444444444
0.0263726594598	0.0306748466258	15	136	3	0	12	0.444444444444
0.0264164932759	0.0306748466258	15	137	3	0	12	0.444444444444
0.0265836102016	0.0327198364008	16	137	3	0	12	0.428571428571
