cnumpy.random
__RandomState_ctor
p1
(tRp2
(S'MT19937'
p3
cnumpy.core.multiarray
_reconstruct
p4
(cnumpy
ndarray
p5
(I0
tS'b'
tRp6
(I1
(I624
tcnumpy
dtype
p7
(S'u4'
I0
I1
tRp8
(I3
S'<'
NNNI-1
I-1
I0
tbI00
S'.\xb9\x14\xbe\x92&\xd6o\xa4\xdeUfn\x1f~\nKtt\x1bN>\xf7l=\x8dN;\xb2\xd8R9\x12&\x7f\x04Rh\x02H\xa9\xc4\xcc]n\xb3{\xa9\x99\x8a\xfdP\x89\x07\xec\xe9e\x1f\x05\x94\xabfm\x86\\h\xed?\xd18\xfe^\x1a\xef\x18\x94\xca0\x85M\xa8\x13\xe2;v\xbd\xd6\x8b\x8d0\x9d\x06\xa3D\x16\x05<<\xd3\xa4\xf9\xc5O@#\xfbw\xea\xdd\xc7Z\x9b3\r\xb39\xc7Lr)7\n\xa6\x17\xd6\xf0\xe2\xe26x\xaf"\xc83k\x9ap\xd6\x1c\xf7\x922\x14\xe0\xb5\xb9\xbbR\xb6\x9f\xbf*+\xd4<O\x9aq\r\x9b\x1dt!\xbe\xbd\xf6\x0e\x06\xab\x93I\xe3g\xf5+I\xe9MF\xaa?g\x7f\xdb\xf7\xd5i\x15\xa0\xe5c\xa3\xb1\xde\x01H\xe8/\xb5KR\x1c\x88\xb5\xd9\xfb\xf6\xa5QCSF\xfch\xe8\xb5\xd7\xca)q\xd8\\O\xc4\xdc\x0f\x0cN7\x9f\x92#a\x8d9\x10^\xac\xfe\x85\xe5[\x8c~\xa1]\xcd2hMJ\x93B\xc0c\x88z?|\xeaoF\x02\\\xc9fp1\x8d\xef\xde\x89\xdf\x9de\xff\x14\x95`\xf5X\x1a\x91\x00X9\xef\x1f\x98#\xff00\xac\xe3D\x9bD\xaa^XR+\xca\xad\xffi{=\xb87\xb9\x14\xbb\xd53\xaeXh\xe5L\x06\xb3\x1f\x1f\xcd(q\x972]\xb5\x0c]\xec$$\xa08!HZ{\xde\xa9W\x0c\xfb\x90\xcf\xbe\xa9S\x18C\xf7\x03u\xb7\xb0(F\xf6?\x05\xf5&<\xe5\x8f\xaa\xedZ\xf9\xd4\xd4\xa1\xeeb\xd0N\x10T\xf6\x1b\xe5\xa7\'X\x99\xee\xd6\x98\x99\x8ef\\S\xd7\xdd\xa0y\x13E\xc2%i^\xf5Md\xda\xcaQY\xc0\xa7`_pt\t\xe3\x14\xd4/\x86Y\x87\x9c\x00\xb7t\xf3y6>O\x82,\xd9\x90\x9f\xac5\xbd\xbe\xc5\xe5\xacmtK40\x03_\x12*U\xb1\x14\'\xc1\xbc\xa8I\xb5e\xb3O}\xc4\x83b\xb4\x89\x92\xb3{\x16\x19[)R\xb6\xd5\xe1\xd9\x14\xa8\xbe*\xb9\xa9\xa5\x04b2\xb3EK\x0e1B*\xaf\xa2\x06\xf1\xdc%\xb7Z~x\xfd\x80\x96\x13\x179\xcak\n9\xe9\x1eI\x94\xdb\xf2A\xd6#\xd1\xd4mX@\xab\x9b}M*\x80?\xab\x13\xd3\'\x1a\xcf\tP\\\xee\x96.\xfdn\xa2f\xe6Pi\x8eV\xf6E\x18\xb8]V\xfe\xb7\xf8\xe5zn6\xc6E\x94\xcc\n\x11\xea\x9eW4\xed\xb2\x14\xdb!<Y4,c]md\x8dZ\x15\x90\x13\xbb\x13\xc9\xac4\x1d\x97\xc1\r\xf4>=@\x18\x96\xc0\xae\xa4\x1a\x82\xb9\xcb\xb1Vx\x82e\x96\x0c\xb1O\x0c\x02\xda<\x9d$q\x80\xff]\x07\xd5\x9d2m\xd6\xfb\xf4\xd2\x08\x0e\x11\xc6\xf4?\x04\xc9\n\xcbL\xb5\x17<\x08\xab\xe5$\x7f$0\xc16\xc3\x81N\xa4\xb3\x1a\x13\xbfGv3\x18\x15\x05\xc7Y\'jqa\x8f\xf7\xd6\t`0\x9c\xda\x02)\xb7\x11\xb7\xe0jM\x14\x9f&:\x05p\x97\x1c\xf1\xd1!^D\x02f\xde\x97\xb3\xd9\xec\x1f}I\x84\xbe2$,\xa8\x81\xeb\xe4\xd6$\x91\xf6c!$\xb3)!\xa1\xce;)\xddm=\xe2V\xd5\xe7"\x01\x11Qa\x9a\xe0\xb5\x8a\x89\xb9\xe4\xbd\xf7\x17\xa7\x99\xaa\xf1ECP\x03\x7f,\xe7\xa0\xcb\xeaO\x13\xf5n\x96fr\xfd\x85\xbb\xf7Y\x9e\x7f\xbb\xbf\x9c\xcf\xf0\xa2i\xc6\x9af\x02\xff\xee\x15\xdf \xd6\x02X\x9bA\x1f\xc6\xae/BZAH\x82\xfb\xc0p\x04f\x9dv\x80\x86\xc3E-\x13\xd4\x8b\xce\x06\xbb\xd5yt\xafQl\xc7\x86z\xd8\x0b\x0bM\x9b-T\xa1a{\x94\xf3/]xv\xf5\xbfC]\xcd\x02\xffU>hX\x17\xbc\x8e1U\xa5\xbf\xa2JT\x02\xb5\x84\xe8\xdcLA\xf5\\\\\x8c\x90\xf2\xd1~\\\xff\x1f\xdbY*\xb9\xf5}OxI\xed\xe3Q\x81~\xd5\x80\xd7\xacm\xbc2\xc0e\xf4H\xf5\xf0C\xab\xe7J\xb8\xcd\x8a\x03\x00\xfd\x1f\xfa\xda\xbf\xae\tBg \x12\x98\xa4X\xa6"\xd2\x9c\x00<\xc0V!\xad\xdf\xd3\x9dD\xf1\x08U\\W\xce\xfd\x8a8r\xff\xb7\x91\x86\x195J\xf2\x08\xc4\x83\xe9\xe5\x0b\xc7\x10\xcd\xd8p\xad>\xb2\xed<\x01\x8c\xa8\x19\xa51\x19\x1e6\\\xc0\x84l\xe9\x88\xe9\x82`v\x1f\x1b\x8b\xbe\x89[\x18\xb8n\xe9\xcavO\xcf\x13\x05i\x0f\x03\xa7U\x87\xb6\x04\xe4i\xdf\xdbV\xbf\xbc\\oe*\xd8[\x99\x8f,\xefF\xae\x9aF\x91#](\x89\xbc\xbe]\xc6T\x85\x0fS>\x1d\x1bRI\x97C=\x8fE\x85\xf9\xc1\xa9\x12,\x0e%g\x15z)\xacVT\x8fQ-\xdf\xf7\x9b\xac>\xf16\x97\x89\x16\xe6\xa5\xf0a\xe2q\xc9\xf6B\xf4j\xfd\xc4\xf4\x9e@"\xec\xfc\x8e8-\xd9\xf2\xe0\x93hM\xcd\xb0|\xe3lP+\t\xe7\xba\x8f\x8a\x86F!\xa9\xc0\xe8\x92\x90B6\\k#\xda\xc5\x8d_)\xdd\xc0\xd7\xa90\x15\xb6\xe0U\xc5Qq6\xa32\xd3\xf8\xe4\xcc-\x8f.\xe1\xce\xe7\x0c\xae\xd3!%:*\x02I~\x13/\x0b\x86\xa1\xf2L\x93\xe3\xf8,\xea\x9c?V\xbfz6\xf9=[kJ\xec\x88\xea\xcc n\x95\xb0\xd3\x18\n\x93\xcb\xc2R\x96\xc9+F\x12\t1\xc4\x07\x12d\xc8\xaf\xb8\x17,8\xc5\xf25\xb6\x14\xec3\xcfc\xb48\t\xac\x1e\xc9\x04D\xe4\xc5\x1f\xe1Vt{\ty\x1bn\x01\xcd\xbc\x98\xc9\x0e\xa1\x82\xde\xba\xc9\x1b-\x85\x10\xc9\x8aP\xb5Q\xc0l\xbf\xef\xd8\xb95vV\xce\x163\xc0\xf8U\x03\xfc\xff\xbb\xc7\x9e\x06\xb8 \xfbh\xdew\\\xb5Y\xab\xddc\n\x1fst-}\xda\xba\xf4\xf0\x9a~\x9c\x90?\x93\xb3p0s\xd0\x0f(\x80\xaeb#ru\x04\xd3\xffn\x0e\x82\xc5\xd4\x02{\xd7f\x11\xf5\xc5\xa9+\xd0!9\xe4T\xd5\xd0+{A\xf50\x13S\'1\xec\xb9\xbb\x88TVm8\xc2\x84\xb0\xbe\xd2#/T\xb6\xc2\xf3LJX|\xc2l\x1b\x17\x92:\xb0\xcejO\xc1",\xe7\x99mQ\x1e[\xe7\x19Z\x12\xfe\x06Q\xe1\xe4\xd9_r\xca\xdd\xefS~\x89\x9e\x08R\x9b\x99\xe59\xf2\xc7,\xc8\xc8\x1b\xc9x\x04\xdcz\xc4\xb4\x12r\xf2\xa7(N|\xa1v\x987yf\xf9)\xfc\xe7,\xc4\x03\xe6O\xebn\x15\x8b\x80p\xe9\xff\xc6e\xe4\xc0\x1d\x90kk\xf1^\x15\x93\xcb\xea\xd2(\x13o\x98b|\x04\x8a{\xda3\xafqvn\x95\xb4B+D\x9c\x12\xce\x8a\xec\xa9m\x86|\x7f\x19\x0b\xab}.\xab\x17U\x99\x16\xb6W\xba`\xdf \xfa\x02\x91\xc9\xf8*\x1b\xaau\x9e\xef\xc4\x8e\xa0\x19#\xe7B\xe4\x92$%\xc6\x1e,\x91\xd9Rt,\x7f\x1d\xf8\xf0\xe9\xc5C\xa9\xfc\x8cd\x1b\xcb\xacy\xc2\xb5\xf5&\x08\x07\xa0E\xbdG\x13\xfd\xd2p\x9cf\xaf\x18]\x12\x85\\\xdf\xd8\xb7:\xaf\x05\xbcr\xb7\xc7\xc4\xa2R_\x9e~Y=\t\x98]\x9dN\x8cG\xeaxL+K/\xcd\xac&\xe87\x13\xdf?lDY\x1c)\xc9\xa9\xf3\xc1+\xe4\xf1\x90\xea\xac?7[94~i@\x18\x06\xc4ffS9\x01\xd8XJJ*H{\xb8a\x1a\xfe\xd6L\xd1\x04 \xbaCG\x1d\xa8p\x9b\xc4K\xd3\x90\xfa\xaf9\xf2\xa1\xc1J\xf8\x80\xb1\x04]\x1e\x84t<\xd8\xb2\x96\xb3n8\x9f\x86\xddPf\xd5,\xd0\x8de]<\xb2<\xf9\xb3\xaeD\xf8\xab\x05\xa8\x06\xdd\xd5\xd9\xafw\xcd\x08\xb0B\x80\x8c(M9\xfa\x94\xda\xba\x8eo\xbc\xa4qX`\x82\xfc\xf0\x13\rc!\x01\xb0Y\xf4\xf5]b\xf9Y\x11N@\xe4\xde>\xc5\x157\\&\x18\xc8\xe2\xa9\xce&\xc2\xbcZ\xc4+=\xfc\xa2\xf2\xf8\x9aX\x9f#6\xcbO\x88\x1cH}\xef\x95\xd4\x13\x91\xd4<q\xc81y\xdf\xbe}\xbed)8\xc3-C\x97\xbf\x89:\xcf\xc6Qu\xfb\x1d\x89[\xa8\x1a\xf7\'A\x0c6\xfdl*\x0e\xd5p\xa7\x08\xf6+\xf6G\xb1Cf\xae(1,\xaf\x86\x8bu\xc0X\x8dL\xa1D\xe7CS\xec\xf7\xc9n\xd6\xda\xd0\xfc\xb6\x1e\x04\xfa\xf8\x1e\xa4\xb7\xbaV\xf5)+l\x85h\x85\xc4#U\xe6\xcc\x94\xf69\xf4\xf3\x86&A\xe4=\x84O\xed\xe2\xb1\xa7\x9dOC\x80\xbdJ\x0c\xe3\xc6\'2\x06\x12$\xdf\xe3O\xb4\x15\xc3\x18\xd3?\xed\xf7\xc5\x0b\x00K\x95 G\n<\xe2\xb0\xffb\xb9p\x11\x94k\xcb^\xec2S\xd9\xc0N\x97\\i4\xeezP\xd3\xad;\x90Q\x9e7NV\x11g\xa2\xc1\x95\xbaZ5,hd\x8f\x02d\xa4\xf4\xb9\t\xde_\xd2\x9fP\xb4\x06^39t\x88\x1f\x15|f}\x07\x1f\xca j\x0ed6\xe6L]\xc1(\x0f\xa3-\n<\xf5\xcd\x90-\t\xb6\xd0\xe0\x80AY\x8b\xe8n\xfb\x07\xa1\x0ft\x1d\x1b\xed\xac\xb1\x87\x8d[W Pp\x87\xd5k\x170\xc8\xd3&rW\xb4I\xb9%\x93Y\x0bi\x01\xce\x0b\xf5\xfayq\xc7\xb1\x1b\x1f\x0b\xa1\xcb\xc6"\x8aSU\xc6\xf2\x0c\xb4\x9d\xab\xd5\t\xba\x97\x93K\xb5\xaf\x8fj\xc3\'\x96R\x88\xdf\x8d\xe4\x9c\xbdx\x0b\x97\xc4\xc8\xb9\xab\x11\x0b\x1a^\xa3\x7f\xad\x83\xe4F\x9e\xe5H&\xe2\xf0\t\x84nj\xb6\xb0_P {\xf6&\xc1\x1fuH\xc9\xf1ju\xc9Di\xd8\x15%\x034m\xccU\xba\xd48\xb8\xbc\x86\x88\xc7\xdc\x7f5\xf6J`\xc2z\xf1U\x9e\xeb\x90r\xda\xda>\xd8\x8b\x9b\xac\xf8v\xc7\xb9Z\xbbV\x98\xc4\x01\xa2~>\xb5\xafdk\xfa\x886\xba\x88W$a\xa6\x08\xe9X(4f-\xc2\x99\\K\xb8\xb6\xa3\x15c`rt\xdcH;\x85\xda\xadv\x90\nT\xf7\x9f\x0c7\xdd\xa5S\x8dT\xff\x95R\x00zh\x9a\xaa0\x8bF\r\x95\x03\xcb\xea72\xc9\xd4\x08c\xe87\xe6\x00\x93\xd6\x96\xf0\xe1z\xe1\x06\xb0p\x9f\x935\x96\x8am\x15Z\xda\xf0\xd7S\x07\xe5\xdf\xee\x88\xc6\xfa^3\xbb\xec<M\x80&\x9a\x88\xb3\x83 \xb4\xa9\xd4\xf0\xe4\x00\x8et\xe1P%\xc5\xf4U\xae\x11\xa0\xcb\rG\xca\xa9FTi\x19\xe8l8\x0c-\x7f\x81w\xb2\xed"*\xbaK.\x929\x8f\xf2\xa2\xf3JydT+FH\xda`Y#\x86'
tbI624
I0
F0
tb.