cnumpy.random
__RandomState_ctor
p1
(tRp2
(S'MT19937'
p3
cnumpy.core.multiarray
_reconstruct
p4
(cnumpy
ndarray
p5
(I0
tS'b'
tRp6
(I1
(I624
tcnumpy
dtype
p7
(S'u4'
I0
I1
tRp8
(I3
S'<'
NNNI-1
I-1
I0
tbI00
S'\x10lj\xea\xc6\xf6\xc0\xfd\xc1\xf6\xb2\xa3\x94SJ\x83\\Q\x98\xed\xe0Y\x0c\x08{\x0e1=\x8a9\x06O\x157\x1f\xffM\xcf\xd3%\x049\xf4y=\x9f\xdbj\xf2:T\xb0\xf5\xf8\xe1\xb5M\xc2\x0c9em\x1a*\x95\xcf\x9f\x08z\xed1\xb8\x9b\xa9\x9d\x16\xb6\x83\\\x99S{\xbd$e(\tL\x96\x12]$MP\xd0eA\xc0\x95\xc6\n\xeas\x97\x05\xa6\x9b]\xed\x9c\x04\xdf\xe6\xdb\xc41-zI\x1bQS\xedg\xaai\x84\x0f\xd59\xf2\x14y\xe3&\xda\x01\x1e\xb5@\xf1\xe4\xb1\x01D\xda\xbe{\xba:Q\x13=\xe3\xbf\x1f\x81\xd0#\x91\x0e\xd8\xd4\\\x0b\xe7393\xebT\xc7`\xd2\xe9s\xb0\x12\xa0aSj\x98\n/\x8f\x91\x1f\xf8\xd5+\x99ES\x0c\x04\x10\xc3\xe85v\x88\xcfp\xfbmI\xabC\xa9\xbdNO\x1b\x9a\xdas\x93n\x85\xaf\x03O/\xa9\xa1UC\xb8O9\xb6Q*\x90[\xf7S)\xf3\x87\'\xe9Ag\xdaib\x08\xc0\xe8W\x0e(\x8e\xd5@3\xe7\xbb\xf7\xe0v\xee6D\x94s8WuML\xc0\xce\xd29\xcap\xbb\x91X\xddV,I\nP6\x84\xe8\xe7\xc5?\x85X\xef\x05!\xe1\x98\x80\xa9\xf0\x8d\x99\xbcU\x1b[\x06\x85\x89\xc6\xf8!\xd6h\x9c&\xd2{1\x04+C\xf5\x9a\xa8\xeeH\xacG\xfb\xf1\x17\xaf\x84\x9f\xd8\xe6\'Q,\x98\x04\xfab\xdf2\xdc\xbc\xe5\x90\xb0\xd9+\xda\xa7}\x9fY\x13\xf3J\xf2V\x1bp\xc0\xa2\xbf\xeb\xbe\xa3h\xffg\x1a\xaf\x93\xd2\x10\x92D\x18`:\xe9\x99n\xf7\xa6\xaa\x9c!\x0f35\x1c\xcc\x87\x9f\x83\xcb\xe4\x15\xf2\xfeGD\x14Z\x07\xc6\xd2\x06\xce%\xf6\x17Ui\x81\xa5W\xa0A\x07\x97\xbf\xd5dQ?!\xb3\x04\x1c\xcb\x93\x96j\xf1%UNF\xc9\x9bE\x05\xf4(\x916B\xc6HMb-\xb4m\r\xf9\xfb\xc8\xd2\x8d\x81\x81\xe2\x0b\x9c\xf0\x89%\x12H\x01JL\xb5\xd5N\x1cNs~\x9bJ&\x1a\xc1\xe5\xa9\xce\xed\xaa\x0e\xcf\xf8\tIq&\x01V_Z\x97\xe9\xe2\xab\xd4\xbe\xd2\x95\xfbLh\x07\x9e\xb78\xba~p\x84\xef[Gd\x06GE\x84dh=\xed*\xfc\xec\xf3n\xd2A\xe0\x1d\xb1\x98\xe7T\x96}:#i7+\xefwsA,\xec\x81\\\x0fM{\xe7\xc1\xed\xbe3\x83qG>W\xa04F\x8cZ<\x8d+[\xaa\xac\xd8\xe0\x9c\x15Q\x07h\x8eN\x01\xb7\x99\x94X\xa0\x8c5\xff\x84zU\xc6q\x16?\xfe\xcabv\x16\xe8~Q\x07\x8aX\x0e"?\x93\x8c\xc5\xca\xa8\x11\xac7\xdb\xdd\x8ej:on\xeaS\x81\x82\x88~\x18\xe0\xf3\xe5\xc0\xce\xe7\x98\xc3u\xb1\r\xa3}Q#\xa6\x9fv\xac\xec_a\xc9V\x10B\x1d|\xb7\xbc\xa6L\xcfp\xd5hN\xea[5Ez\xa71\xc6\xa7\x1d_\xb5\xec\xe7K0\x0e\x1c\xd04\x9f\xaewZ<\t\x8f\x05\x1b\xd9\xb8_\xca\\\x86V\x10\x1e\x1f\xbc\x82\xb5`\x111\x1fA97\xee\x8c\x10\'\x96\xea\xb9\xb1\xd9z]w\xc0\x8e3\nA>2\xedj\x8b\t`\x1a\x1f\xb6\x91\xd1\x99\x8a\xa1bt\xf56\x11\'$\xd2\xf7\x85\x0c\xa4\x18s\xc5\x05\xc3\xc8:\x1bSi\xaa\x93P\xa7b\x92rUQbh\x8ez\xd3!\x8c\x18?\xa0\xb1\xd9\xae\x8az$\xc3\xf3G\xff\xcf\xb0\xa9\x8c\xdb\x0b\xed$\x03&\t]#\x8a\xb7\x9es\xaeV\r\x056\x02\x1ag)\xe4"\x93W\xcc\x83;f\r\xfb\x9f\xf8\x99\x9e<\x87\xade\xc5\xe3\xbf2\xf8O\xa1\xd1hKQ/\xee\x9a\x9bX\xc8\xd8*\xc6\rO\xcf\x04\x89\xb4\xb5\x19W\xc9B\xe5wbsZB\'b\'4\xeeN\xe9\x16\x81\x015:\xf6\x0c\xb5\xab\x9e\xbfJ\xb0\xc6\xd5\xb7\x95!\x91\xc3\x8e\xb2#v\x94\xf1\x94D\xe8\xac\xcan\x01l\xc6$\xd6\xca:\x8d\xeb\x9c/\x01\xd3\xf2\xc2\x00\x19v\xc2>b\xd3\xd7\xd8\x98-U\xd7j\xf2g[o\xb1T\xee9c\xd2O&\xf4\x8d\x88\x0625n\xbf\xdcX\xe1\x1eO]\xa4\x84\xffH3\xd9\xe39j\xb6\xa7\xcfa(\x91W\x98\xe8\xe1\xb9\xfaw/\xc8rl\x97  \xe3\'\xc1\x0f\n\x06\xf6\x83x\x8a\x87\xc2*S_\xaf\xbc\xa7\x0bLO\xdc\x19\xf2\x05\xdc\x19\xe7\xa8\xc6\xd9!*^eO"\x1f\xdb,\xc8\xe9\xea8\xb7}\x8f\xceE)LL\xf7\xfcM\x9a}\xb7\x0f\xf3\x97\xcf\xfd\x11-\xc6\xe3~\xf3\x8f\xc7\xae\x00\xf4\x90\ni8\xdc\xe6\xea\xcd\xfe\xaf1\xf9\x9f\x98\xda\xed\x9e\x03\xd1\xadc\xb1\x8f^\xed3\x08B2wA}\xe9\'\xcd\x06\x04G\x07\xa0\xc59\xc0\xb4\xa7\xc7%;m\x13\x01\xcc\x04\x15g\x12\xc3\xbe\x96q\xff\x9a\xd2\x80I\xfc\xb9V$c\xc2v\x05\x19)\t\xbc\xeesWO\x8d\x1b\x98%]6\xaf\x1a\x95T\x0e\xf6\xe7\xf4h\xb6\xeb\x9ei8\xba\x1e\xf3G\xa5\x81\xac\t\x82\x83A\x1e\x90!\xd6\\\xbe\xfe\x91F\x143\xb7\xdeJf\xd3\x8dq\x17\xe7\x0f\xc5A\xb5\xd9\xa0\xc14\x10\xa9\xa7\x13\xa5\xb2\x05\x8av\xe5\x7f a\xfe\x8b\x9ec\xcc\xbb\x8b\xed]\xb8\x04rlH\xcd+nV\x9c\xfei\x1e\xaf\xf9x\x96\x03\xb4\x17\xcd\x1d\x83\x05\xb9=+\x97-C\xe2\xce\\\\\xb3\xa2\xe4\r\x1e\x9a\x17\x9f\xb0d\x94r\xfeb\x85\x10X\x1a)\x05\xfb\x03\x9fK\xbc/\x011\xd9Z_\x0b\xa3\xde\xac\xee+\xc3\xa6\xd3\xc4\xf7Q\xe18_4.\xf7\xb7\x124\x82\xcf\xfbr\xce\xe9\xe6)\xe4\xd6f\xfb\x8c\x19V]U\xacpQ\x8d<\xe9W\x19\x03{0\x81.\x8c\x02\x169-\xc4\x1ff\xd5lh\x05\xb8\xb9nnt\xe6y\x97\xfe\xe5\xb7\xaf\x97`\xbb3*\xe1I\x0f\xbe\x0b1\xba\x14\xb6\xa4\xd4N\xa5\x92\x16.\xeb\xebz\xac\xe7\x96zK\xd5&\xe5\xba=X!\xe2\xf8\xff\x1c\xd9[\xbd\x1d1k<\x02xS\xe753\xe2\xbe\xd6\xd1\x16\xfe\x85\xf4\x9e\xfd>\x12j_\\(\xd4\x95\xf18\x11\xa4\xaf\x9b\x8fY5\xd6O\xca\x16\x158\x0b\xeaU/\x8c\xc3%x\xb7\xb5\xaea\x7f\xb3E\t\x9f=\xb7\x9bQ2\xa7}y\xea\xcb\xf7\x8d=\x9b\x06\xcd\xaeN\x94\xdd?\x7f\xa6\x1e9\x06B^\x1a\x9d\x83\x91,\xacGO\x0f\xc8FV*\xd7\xd3\xdc`K0\xee\xf2\x15\xd5\x15\xb6\x1dS7\x84b\xc9c_O>\xda\xb6\xde\x01\x97\x0b\x0c\x91_\x1f\xedu\x19_C\xb9;"\x9592;L8\xd2#\x08k\xc8\x0f\x94\xae\xd5CS\x9c\xdd1\xfb_\xbf\x1d\r\xf8\xacj\xbb\xa4\xaa\xaa\xe0}|"n\xdbd\xad\x9ff+v1\xd6\x02\x95\xe1i\x14\xf5E\x0c\x15\xe8\x19\xa5\x9a\xad\xc4\xb1\xc0z*\x93\xd3\xc9)\x9f\xf6\xa4v\xcd\x91h3\xa2\xc3l\xfeb\xa4\xb2x\xd7\x96\xcf!w\xb0\xc3\x1a%\x8aq\xdc\xa2\xf7\x01#\xdb\xa1\xb7\xe3\xf9\xcd\xcc\xeb\xd6\xc9\xc0?gh\xcaq:EK\xa9\xd1\xd5g\x1aGP\xa2\xa5%\xd1.u\xdbw\xacr-\xfb\xd5\xd6e\xce`\xf8W*\x12\xd9!\x98\x05\xd9\x13c\xdd\xceL^E\x07\xe3\x1e\xcaW\x11\x89s`z\x94_B\xfe\x05g\xeao4!\xcc\xb2\x9a\xd2\xff\xecC/q\x01\xfaa\xe5{k\xb3\xd0\xf6\xc6\x81\xa8\'\xcd\x0b\xfd\xef\x860\xcdrn\x1b\xde\xbd^\xf5\xa2<\xc8\xe5\xac\xd0o\xd0\xa3\x10\xad\xd7\x048"\xf6\xe0r\x8d_\x08/\\\xfe\x0cVO"\xe6\xc7*c\x16@\xb4Bt\xca\xf3\n\x1a\x9c\xa6>\xe6,?\x1d\xe3\x1b\xae\xf6\xfeo\xed\x11\xf2v\x87\xe2\\\xafd\xa73\x89\xfa\xc4\xdfU\x08]_b\xca5\xd9\x13\xb2\xe4\xd7\x05\xf1\xe3)\x97o\x07\x0b\x00&\xbf\x8c7t\xf0\x88\xeef\xb9\xbdC\xee/\x14\xd0\x84\xa0]1\x9eicJ;\xa7\x05\xa5n =\x9e\xc1r\xcf\x17;\xc7\xab35\x19\xee]F\x00\x7fg\x8b\xb8\xff*\x08v\xfb\x04\x1a\\s*\xf2\x0f8\xa6\x16H\xe5\x83\x12\x92[\xa5\x82\xc9\x85\xf6\x83\xf9\xe8\xde\xaa\xce\x14?\xc2!\xdd\x1c\xb7;@J,EV\x16\'\xaePiOi\xef\xc1\xd7\x01d\x18\x90.\x04]wA&6\xb8\xe7+\x9bz`\xf2\x96\x94\xc1\x80\xf89\x8dt\x1e\xc6Vq\xcc\x92o!\xac\xb6\xd4?{ \x8eiF\xf6g\xe2\xcb\xde\xa4\x08\xeb\'Ep\x11\xa3w\x9e3\xc9U1]\xa5\xd4\x1c\xe7f\xa5\xea\xea1\xef<\xbaDf2"\xef\xff\x99\xd6\xb8\x01{\xc7\x14Z\xeah0\x8a\xe6\xc5\xbdH\xed\x90!#\xccP\xff\x03\x1c\xb6o\xb3\xb5/\x8eq~"C6\xf4\xa8]\x05N\x0ba\x1d[\x0c\x8a\x06\xe7\xd4\x8f\xeccF1\xbf\xac\xab\xb0*;?\xcaiC>8\xc4*\xf0\xb3"3\x05\x10]\x1b\xbe2\xcc\x9e}\xf1\xffB\xd9\x9b\xd5\xaf\x1a\x81\xac-\x81wQ\xdco\xee\xc4\xae\x1b\xc6P\xc4\x90\xb8~q\xfa\xef\xc3\xc1\xbf\x96`\xdb\xbe\x984\xf8\xc8\x8aJ\xc0z\x01e\x1fyO\x15P\xd2B\x10\x80\x1d\xf1D\t\x8e\xd04\x82\x89\x82\xd91\x18\xcd\xbb\xb8\xf4M*\xb0%}\xc5\x1fS\xb2\xac\x00@\x13\x189\xc5Q\x15/~\x92\xe8cHQ\x10\xf9\x15\x8cM\x0bh\xbc\x0b\xb7S\xe2\xd8\x8f\xfb\x9b\x0b\xfe\x04\xb8I!4\xc8`\xe3:F\xbf\x0c@$`7\xdb0\x92%\xcc94\xd93t\xb5\x05c\xab\xf9\x82\xf8h\\`V\xcd8\x0bn\xa7\xc9\x8a\x1e\xb3\xde\x94\x8d\xed"\x95\x1d\xebp\x10\xa1Y\x8f\xf2\xcc\xd5\xfb\x93\x9b\x9b\x8a\x90\x9b\xb2\x16\xc3\x11[stA.\tY\x9e\x96\x87\x12\x08=\x8c\x1b\xc1\x82\x06\xed/\xef(IY\xc2`\x1d\xaf\xdd\xb6\xdc\xff\x8c\xcb\xbe\xb4)\x07\n\x8c\xce\xc3\xa0\xc8\xe2 \xa11\x85\x82\xefX\x18\x1d\x04\x97\xf0\xe9\x08\xe9\xf4\xfd"\xa1e\xe5\xadf\xbb\xaf\x86\xab\xee\x81N\xb2\x81\xad\xef\x10o\x86\xaf\x9e\xcd\x9c\x07\xa6c\x1c\xf5a\x06\x00\x0b\xcb\xef\xf7\xac\xac_\xd2\x1c\xf85\x16\x9c\xb4}"\xff\x7f\xfb>\x13\xd02\x82\x929k>\x9d\xc0Z\x05\xbe\xe0ok\xf2\xc3j1\xe8h,,\xd75\xb9\xe9\xa9\xc3(\xa5'
tbI624
I0
F0
tb.