cnumpy.random
__RandomState_ctor
p1
(tRp2
(S'MT19937'
p3
cnumpy.core.multiarray
_reconstruct
p4
(cnumpy
ndarray
p5
(I0
tS'b'
tRp6
(I1
(I624
tcnumpy
dtype
p7
(S'u4'
I0
I1
tRp8
(I3
S'<'
NNNI-1
I-1
I0
tbI00
S'@\x9c\xad\x81a\xf5\x8a\x85?*y\xf4d\xdf\x82\\V\x1bV\x93\x05\x9cF\x8d\x9d\xd5\xea\xff4\xc4\x0c\'\x06\xf7\xf7H\xad|?\xae<6\x88\x02\x0c+\x8b]\xae\xcb\xaa\xd1\x8d\xd6\x93\t;\x0f\xbd\x80\x18\x1f\x91h\x9eQl\x1c\xc8\x8b\x13\x96\x99\xea&\x00\xa2\x81/\xdf}F\xae\xd8-E\x1e7\xcd\x7f\x0c\x94\xc2\xf0\xed3\x9f\x93\xfb\xc6\x82r\xf5%M5Pq2o\x96\xfa\xa9\xe4\x83z\x00\xfb\x17{NnG\xa1xy\xa7io\x95*)\x8fF\xd3j\x87g\xcbg\xa5\xd7\xc3\xba\xb5k\xf7\xe8g\xb8\xc7K\xe5\x08\xa2\xf5\xa6/\xa0\xd2\xc4\xb6\x16\x90\xbe\xfd\xef\x85\x81D&\x7fa\xa0\x16~eY/\x02\xd6\xdf\xcf1\xd0\x17W\xc0JS6\xab\xca\xe3\xdal\xd4G\x08\xcam\xeb\x80uP\xd5W\x1e\x9c~$\xd2\xad\xacs\xe0\xa4X\r\x94\xbdkQ\xbb\xd1\x9d\xf7\x0bA\xc9\x03\xe1Rl4t\x8b\xf1\x8f\xb5\x83\x06\xb6\x19\x84l\x92\xaa\xa0gc\x9e\xed\x06\x18\xaeP\x19\x10\xc9\xd8s\x14$\x8f\xae\x0et\x81\xb2\xa1\x9e\x0b\x90\x80j\x02\xb3X\xa0\xd8@\xea)v\xc2\x8a:\x83w\x81\xe9v\x18uBS4\x0c\x92\x95\x1aD\xf4\x13U\xe1\xc0\x7fJ\x17\x95m\xc2GZ\xabM\x83\xaa\x8e\x1f\x195\x04\xe8\xbc\x190\x06%\xff\xd7Mh(\xab4\xf5h\x16\x88\xb6\x14O\xf6U!\'>\x9f\x04Cz\xf3\xd6\xc1\x9b\xdeb\xa6\x94:\x95\xd4\xca\xff\x93\x18\xb3\x91f\xa8\xcb\xbeL\xb6S\xe7\xb9&J\t\xa9]\xee~\xae\xa6/C\x02\x170|\x06Y\xa9\xd0\xcd\xd0\xff\x99\xbe\xb2\x1e\xe8I\xf3\x9c\x91\xb3\xe9\xdd\xda\xf3\xf7\xf3\xbf\x99\xefl\xa8\xb6{ot*\xe9\xfa\x08^\xc5\xa7cx\x19\x85\x80 \xdf\x0b\xfb\x8beH1\xf5\xb1B\xc5&\x93\x9b\x1e"#>\x02\xab\x84f\t\x8e)2D\xfc}\x8f\x82;\x10\xafF\x05\xe6y\x12k\xa1\xcb\x88N\x9dWj\x80\x86\x8b\xf1\xde\xd3*uHd\xe0}\xf7`q\xa1z\x0fF\xaf\x06\xb6\xf6\x7f\x86\xa5j* f\xf6\x15{\xf3q\xe5PK\x11"W\x80\x9en"BZ^4\x9dm\xf0U\xd9U7\x9b\x0b\x10-\x10\xc5j@"\xdc\x0c\xecA\x04\xf5!\xa6\n\x8cU\xe0\xfa\x148\x01/\x96`\xc0\xe51\xf5\xca\xe5RW\x0e4G\x1b\xa8\x9d\x06\x06\xf4\x86*i2(8\x16k\x82\xd2\xf8\x9ek\xfd[\x02\xccF\xe1\xbc\x98\xc2\xaa\xd01\xc3\xaa\xe3\x7fff\xaf\x859\xdb\xb8}\xbb*\xf8p5\x96`\xca<\x9d/3\xe6\x86\x16q\xd4}\xa4\xeb\xda(\x1e\xb9\xd6h2F\xc6\xe6\xe3&\xc6\xdd\xbc\xdd\x03W#\xd7\xec\xef\x13\x9a9\xab\xb9eW\x86\xe2z\x81\xa9\xb7A\x131\xb5\x0f\xa2"av\xf7\xffJG\xcf-\x93s\xdc\xb7O\xc7\xde\x8d~\xf17\xfb\x8aYO,8\x1b\x10u~%$\x1d\xfb\xdb\x19o^6\xc5U\xc0E\xca\x0b\x10Og\xcf\x0e\x8b^b\x1b\x8e@\xaaE2\xd2\xbf\xcc\xb7\xc0\xa1HlV\x072l)\xa9\x8f\xb5\xcb.\x9a\n\x81\xec~k/z\xb2\x10\xc6\x87\xa1(\x9f\x89s\x88U\xeb\xc1\x19\xcb\x86\x1aD\xdbu\xcc\xd8\x1c\x9a\x13\xaa\x03\xa6&\xe7z6\xad\x01se\xf7\x19\xdd\x862\x98\xba\xe4\xd0\x15\x06\xacL\xe5 \x17@r"M\xe8\x8bq\xa7\xf4r\xb9U\xc2\xd8\x1b\xf4\xe6\xe2\xaa\xf9M\xf0\xa7\x8bM\x0f\x8fE\x06\xb3,\x0b\x19\t\xf04\xd2\n]v\x1a\x84E\x0f>b\x98\xc2"p\xe2\xabd\x9f\xed+!\x9d\xc0\xa0,T\x1b\xc7\x96\\\x0b<\t\x8a\xdd\xbc\x1a*=<n\xe5\xb2i\x8e\xc2G:\xbf\xe8r\x89\x95\x9e\x06\xe3\xe60;7\xe4\x14\xe6t\xf5;\xf8\xf5\xf8\t7vB%\xe4\xec/\xf5#\xfc\x8f\x88\xae\xcd#\x11\x08\x8a\xf2\xab\x05\xd6:\xe8&\xdcky\x0bP\xd9\xf8\x85\xcc\x1c\x02]vU\xad\t\xa6\x80L97\xa0][X\x18\xe2\xe1~\x8884,)X\x81\x9a2Sv\x1c^^\xbc6\x832\x98\xe5\x068\x93\xa4\xf1x\x1e\xd9\xf4\xd7:\xcf\x05Vl\x89\x9a\xdd\xec\xfe\\\xd5\xa9\xe7\x90\x00\xe1\xa3+ \xe4\x91A\r\xa5*PwzT-DW\xbeE\xdcB\xf4%\xa8\x8c\x9b\xfd%\xbe\x9dA\xca\xd9Am\xf9\x92\x83\xdb\x9a\xca\xc9%\xc0p\xd0[p\x026\x01\x8eR\xa8\xf9i\xbc5\x0c\nL\xdeO\xe1\xdfc\xd3E\xbe\xc7\x11\x08\xdf\xc6QMO\xab\xf2R\xa1\xbd\x89\xab\xf7\x90V\xdb\x7fdK\r\xe2\xfa\x1e!\x9eha\x0fDk\xf4\xa2Ut9R\xf3\x1e\x16^\xb8\x81@\xad\xd7\xe4+^m\xb6\xad\xf4\x9augjrBDtcD\x93\xc7K\xd2\x9f %u\xa9VVyYP\x04\x8cY\xb6D\xc7l\x92\xecy\x90 \x99\xe4{J(e\x9f\xcc`\xc5\x8eZ\xfb\xbac\x97\xa3B\x0c\xe3C\x1c\x8d\xadQ\xbb\xb5H\x8e_T\x04\xda\x99\x13\x8eN\xe6\x9f\xd3\xf6\x0e\x85\xdbrn\xff\xbb\xa4b\x99\xd5\xc6\x81\xc0\x95\xffJ)O\x15\xd8\xcd]\x10\xc4fS\xd1\xb2M\x1fv\x14\xb7\x8d\xdbf\x03S\x07\x82?\x7f\xd8\x18\xc7/ \x1az\xc5\x90\xdc[\x94~\x10\x9d\xbdH\x16\x8e\xae^\xb3\x90\x8fj\x8cnl/\xd4X.\xc3m\xbc"\xd16e\x7f\xea\xa1\x8byU:\xdeJ\xa9\xe7\x85\xe9J\xec\x00\x83\xed\xdc2\xf5\x82\x11v\xcf\xbagZ\xe1\x92\xd1|)\xcd,d\xc2\xaf\xa7(\x11\xc0\xe5D\x81G\xce\xf2\x99\x06{\x8e\xb2\x01m\xcf\x866U\t\xc4}\x9c\'\x13\\\xa9\xec\xa6XitL\xe5^a\x19\xde\xd2^(e\x08\x1f\xc2\xa6\x07X\x14\x94\x15\x92\x0f\xff\x94o\x03*\xd5\x02p\x841Jt]\x8b\x01\x15\xfa[\xfb\nHC\xa3\x11\xd6}\x96}##i\xe9z\xa2\xfcJ\xd3-\xc7kt\x02\xd6\xd8\xb6L\xb9\xcb:V\x1dC\xaf\xbe\x08\x91(hrj\x8e\xb2\xd4~\x06\x04X\xfc\x92\'O\x94\xb6\x12o\xeav\x9b5C\x05V\x03o\xb740/M\'\xe1$\xc7\x19\x84\xb2\xdcf\x91`\xc6\x8a\x91\x94q\xf5\xbf\xb6\x15p-\xc6\x17\tE\x84H\xe6\x7f\t&\xd4\xa5FE"\xc3\xbe\x13:\xc8{\xf3\xaf\xf7\x12V\x81\x19\x03\x88\xc5\x91\xb4%P5\xc3\x9e\xb7H\x9e\x835\xfd\xe23\x11\x80\xb6R\x0b\x98\xe5ny\x9c=qMkIN\xec\x18\xf4H\xe2Bo[\xe5\x94\xaca^\x81\xc8\xc6K\xa9\xbf(11%\x06\x12izuE7mC\x11\xa16@\xad\xe8\xc7]\xd1\x8d\xcc\xa9\xb4\xf3\xe0\xf2\x9c\xad\x17\x9d\x8by\x1b\xc4\x1dw\x9e\xe4+\xc1-|\xed\x1dI\x8c\x93\x8f\xcc\\\x8e\xdc\xa5Z\xef\x1d\x17\x8e\x00\x01\xa6\xeb2(\xf1\xb4\x0bqRC\xe1\xf4\x03\x80r\x17C(\x9d\x8e:m\x9f\x1f\xe5*\xb6\xa5\x87?\xb2\xbdr\x17\xdal7?\xc6,9S\xa1\xf6z\xe6\x964\xd4\xe1f\xd8~q\x12Y\xe2\xef\x19m\xf4L\xd9$\x9e2\x0cH\xbd\x9e\x8c\x0ef\x83\xbef{\xa5)A\x1df\xd0\x112\x1c\xcaU\xb9\x86u;\x95\x90\xd8\xbdw\x0f\x05\x16\xd0\xe4Eb\xbah\x99\x8c;2~\x80\xe3aR\xce\xb5\xdc\xb9\x07G\x90\xe5u\xc4a\x16\x1f\xf0\xdcU+\xea]F\xb6\xe7\x10\t%\xd1\xbf6\x9e\x073N\x18\xf7\x9b\x94c9\xcb7\x0eX 9\xa9K\xab\xbb\x0c\xca\xa3\xc6\x1b\x91\xe6\xad\x1cn\xbcQ\xe92\x92\xf0:\xb2\xb8h\x9c\xf2\xa3<)\x17\x87E_\xb1\xe2P\xe0\x81\xd2\xce\xf0s\x8b\x0c\xaf\x00\x04\xb6B\t0C\x8f;\x88\tT\xc2\xd07\x9aCX\x19\xfe\xfd\xcc\xc9q\x85;\x89]m\x98&TRR\x85\x85\x18&\x18\xa6\xe4\x04W\xb8\xce\xbc\xc4H\x12\x8dJ0\xcf\xe2\xbdZ\xc1\xdb\x15\x9c\x1d\xd6,zZ\x81\xda\x12<\xf2\xbb\xb7\x88mn\xf2\x97\x0cbs\xec.\xe5\x1f\xe0\x13\xbc\xe5\x82\xdaT\x84iB\x19S\xa0\xc2D\x05\x87\x1d{\x12I\x01\xfd\x11D\xad\xdeS\xc3\x85\xbf\xe2\xd2\xc4\xa5I\x98\x1c\xcd\xc9u\x9c\xd5\xf5\xcav\xb6\xf6\xa7\xc5\x14^r \xdd\x97\xe8\xddG\xcaQ\x1eLT6\xf2\x9b\xc8\xda\x0b"L\xa9\xf8\x93\x12\xde\xaa\x0e8\xdf\xcf\x91\x9d\xd6\x92\xdbW\x19e\x8a\x14\x0b.\x8f\xa8\x8e\xd2\xcbS \x87T\xb6\x18\tS\x03\x8f\xefS\xe8\xc3Oa\nG8\xdc\xa7\xe6\xb6)G\xe3 a 0$\x99l\xac\xfbN1\xbf\xb8?\xcd\x87(\xedH%\x8a\\\xd2-\xf1G\xe4HeO!/\x8c\xa2\x8f\x92\xca\xd7M8\xa7\x06G\x17\xf0f\xbb7~L\xfe\xbeg\xd8\xaaM\xb6`~X\xbe$E\x801J\x911\x91\x85\xef{\xd1*\x1a\xed\xd9\x0c\'\xb2\xf7\x0b\x1f\'\xf3\x8d8\x9eP\xb1r\xcaf/M\xea"w+\xee\xc2!\xea\xa4\x13\xe9\x01\x10\xac\x1bE\xa3\xd8P\xffyz\xfe6\xd0_\xbf\xff\x87i\xd2\xc7\x9c\xee\xf4\x01\xfc\xc2\x7f\xeae}\xec\x96\x1d\xcc\x16{\n^"{\xef\xf5\xa0K:yT\x8c\xb0\xce\xbaR}+T\x11&\x12\xf2\xc5u\xdcn`f\xaa\xb3y\xdf\xb2\xb4\xf3\xc3}W\xe0\xe0\x01\xd3\xb5\x1a\xe9\xc8\x9c~\x1e\'\xc1L\xb8\x1d\x86^f\xa5\xed\nA\x05\x87\xf4o.\xde\xfd \x8eh\xd6\xafcD\xf9\xe6\xf8\x99\xad\xa7\xbc\t\xd3\x84\xa5\x9d\xba\xa0\xc0\xa5\xc6\x14\x92\xe4\x85\xc5\xf6$\xe81\x9c\x0fh\xefA\xadq\x9eta\xbc\xf3\x8a\xd6\xa3\x11D\xec\x13\xf6O\x12\xd0y\nn\x15\x88\x82\xd6t\xa43\xfe\xdf\xf3BtT\xaa\x1fA\xbaP-\xbb\xb9\x84\x89Y\x02\xd6\x0e\xbd\xd5,\xc9j6\x8f\xc58\x048\x04T\x14%\x10_\x04N\x0f\x1c\xd5\x1e\xeawI\x83;\r;M\x1ap\xaf\x8d\x1cC\xc6\xb5\xbfrdi\xd4\xf8\x19 \x96\xe7N2%\xc2rYn\xbfw\x9c\xa0:\xe4Y\xa34 \x1c\x18\xaf\x1e\xb8z#\xa9\xa0\xf9\xddQt\xae\xf2\x16K\xac\xaf\xa0"|1\xba\xb5\x16^or\x8aU\x9e\t\xb1\xdc\xe8;E\xb8v^\x08\xdf\x9a\x18\x84\xcc+\x94+U\t\xe0\x9a|;VI\xd5'
tbI624
I0
F0
tb.