# time 	 divergence 	 # of mutations 	 # IGC chances 	 IGC length 	 # IGC failures 	 Changes due to IGC  	 % change due to IGC 
0.0	0.0184049079755	0	0	0	0	0	0.0
7.65817573315e-05	0.0184049079755	0	1	3	0	0	0.0
0.000168699492477	0.0184049079755	0	2	3	0	0	0.0
0.000323612760396	0.0184049079755	0	3	3	0	0	0.0
0.000398182793314	0.0184049079755	0	4	3	0	0	0.0
0.000561741775547	0.0184049079755	0	5	3	0	0	0.0
0.000795343409574	0.0184049079755	0	6	3	0	0	0.0
0.000798069611378	0.0184049079755	0	7	3	0	0	0.0
0.000803145423943	0.0184049079755	0	8	3	0	0	0.0
0.00122279712611	0.0184049079755	0	9	3	0	0	0.0
0.0018926404089	0.0184049079755	0	10	3	0	0	0.0
0.00199369014019	0.0184049079755	0	11	3	0	0	0.0
0.00202165122904	0.0184049079755	0	12	3	0	0	0.0
0.00210150455191	0.0184049079755	0	13	3	0	0	0.0
0.00218762224369	0.0184049079755	0	14	3	0	0	0.0
0.00279114148604	0.0184049079755	0	15	3	0	0	0.0
0.00284760281522	0.0184049079755	0	16	3	0	0	0.0
0.00285319966953	0.0184049079755	0	17	3	0	0	0.0
0.00290101200727	0.0184049079755	0	18	3	0	0	0.0
0.0029569755121	0.0184049079755	0	19	3	0	0	0.0
0.00300198187237	0.0184049079755	0	20	3	0	0	0.0
0.00311884764354	0.0184049079755	0	21	3	0	0	0.0
0.0031692683616	0.0184049079755	0	22	3	0	0	0.0
0.00350046800437	0.0184049079755	0	23	3	0	0	0.0
0.00415080381833	0.0184049079755	0	24	3	0	0	0.0
0.0041695376499	0.0184049079755	0	25	3	0	0	0.0
0.00422159058252	0.0184049079755	0	26	3	0	0	0.0
0.00430021627429	0.0184049079755	0	27	3	0	0	0.0
0.00442986217086	0.0184049079755	0	28	3	0	0	0.0
0.00470636719667	0.0184049079755	0	29	3	0	0	0.0
0.00489948079464	0.0184049079755	0	30	3	0	0	0.0
0.00569671937375	0.0184049079755	0	31	3	0	0	0.0
0.00594794675981	0.0204498977505	1	31	3	0	0	0.0
0.00595840235525	0.0184049079755	1	32	3	0	1	0.5
0.006129204682	0.0184049079755	1	33	3	0	1	0.5
0.00626813187303	0.0184049079755	1	34	3	0	1	0.5
0.00662623414834	0.0204498977505	2	34	3	0	1	0.333333333333
0.00663435842525	0.0204498977505	2	35	3	0	1	0.333333333333
0.00675222836402	0.0204498977505	2	36	3	0	1	0.333333333333
0.00676044518519	0.0204498977505	2	37	3	0	1	0.333333333333
0.00697164491215	0.0204498977505	2	38	3	0	1	0.333333333333
0.00720634004275	0.0204498977505	2	39	3	0	1	0.333333333333
0.00727834582323	0.0204498977505	2	40	3	0	1	0.333333333333
0.00743439493844	0.0204498977505	2	41	3	0	1	0.333333333333
0.00768623204423	0.0204498977505	2	42	3	0	1	0.333333333333
0.00783654176579	0.0204498977505	2	43	3	0	1	0.333333333333
0.00785408909627	0.0204498977505	2	44	3	0	1	0.333333333333
0.00820402062724	0.0204498977505	2	45	3	0	1	0.333333333333
0.00831756664665	0.0204498977505	2	46	3	0	1	0.333333333333
0.00868658802619	0.0204498977505	2	47	3	0	1	0.333333333333
0.0088289636892	0.0204498977505	2	48	3	0	1	0.333333333333
0.00893485523469	0.0204498977505	2	49	3	0	1	0.333333333333
0.00897542522905	0.0204498977505	2	50	3	0	1	0.333333333333
0.00909931695193	0.0204498977505	2	51	3	0	1	0.333333333333
0.00917707068996	0.0204498977505	2	52	3	0	1	0.333333333333
0.00926584425675	0.0204498977505	2	53	3	0	1	0.333333333333
0.00932027016873	0.0204498977505	2	54	3	0	1	0.333333333333
0.00933798233463	0.0204498977505	2	55	3	0	1	0.333333333333
0.00948177642224	0.0204498977505	2	56	3	0	1	0.333333333333
0.00959033922402	0.0204498977505	2	57	3	0	1	0.333333333333
0.00960893280506	0.0184049079755	2	58	3	0	2	0.5
0.00963219780714	0.0184049079755	2	59	3	0	2	0.5
0.00987409970109	0.0184049079755	2	60	3	0	2	0.5
0.0102575041124	0.0184049079755	2	61	3	0	2	0.5
0.0109214037571	0.0184049079755	2	62	3	0	2	0.5
0.0109732840951	0.0184049079755	2	63	3	0	2	0.5
0.0110628854277	0.0184049079755	2	64	3	0	2	0.5
0.0111457737103	0.0184049079755	2	65	3	0	2	0.5
0.0112836067269	0.0184049079755	2	66	3	0	2	0.5
0.0113192944343	0.0184049079755	2	67	3	0	2	0.5
0.0113466286812	0.0184049079755	2	68	3	0	2	0.5
0.0113638152319	0.0184049079755	2	69	3	0	2	0.5
0.0116543763916	0.0184049079755	2	70	3	0	2	0.5
0.0116759739388	0.0184049079755	2	71	3	0	2	0.5
0.0117403456355	0.0184049079755	2	72	3	0	2	0.5
0.0118243134657	0.0163599182004	2	73	3	0	3	0.6
0.0125649335074	0.0163599182004	2	74	3	0	3	0.6
0.0126310761088	0.0184049079755	3	74	3	0	3	0.5
0.012904605519	0.0184049079755	3	75	3	0	3	0.5
0.0130267368244	0.0184049079755	3	76	3	0	3	0.5
0.0131411355738	0.0184049079755	3	77	3	0	3	0.5
0.0132362039597	0.0184049079755	3	78	3	0	3	0.5
0.0132450401697	0.0184049079755	3	79	3	0	3	0.5
0.0135017030621	0.0184049079755	3	80	3	0	3	0.5
0.0138361867911	0.0184049079755	3	81	3	0	3	0.5
0.0139117003122	0.0163599182004	3	82	3	0	4	0.571428571429
0.0139640130054	0.0163599182004	3	83	3	0	4	0.571428571429
0.0141111661834	0.0163599182004	3	84	3	0	4	0.571428571429
0.0146412863647	0.0163599182004	3	85	3	0	4	0.571428571429
0.0146422496402	0.0163599182004	3	86	3	0	4	0.571428571429
0.0147548363659	0.0163599182004	3	87	3	0	4	0.571428571429
0.0148116297903	0.0163599182004	3	88	3	0	4	0.571428571429
0.0148304382769	0.0163599182004	3	89	3	0	4	0.571428571429
0.0148750236439	0.0163599182004	3	90	3	0	4	0.571428571429
0.0149833552626	0.0163599182004	3	91	3	0	4	0.571428571429
0.0154523740548	0.0163599182004	3	92	3	0	4	0.571428571429
0.0156211620449	0.0163599182004	3	93	3	0	4	0.571428571429
0.0157327649105	0.0163599182004	3	94	3	0	4	0.571428571429
0.0160131510624	0.0163599182004	3	95	3	0	4	0.571428571429
0.0162271540653	0.0163599182004	3	96	3	0	4	0.571428571429
0.0163932390594	0.0163599182004	3	97	3	0	4	0.571428571429
0.0164430416405	0.0163599182004	3	98	3	0	4	0.571428571429
0.0165461663264	0.0143149284254	3	99	3	0	5	0.625
0.0166832541264	0.0143149284254	3	100	3	0	5	0.625
0.0167274970333	0.0143149284254	3	101	3	0	5	0.625
0.0168383244583	0.0143149284254	3	102	3	0	5	0.625
0.0174264191959	0.0143149284254	3	103	3	0	5	0.625
0.0174661000563	0.0143149284254	3	104	3	0	5	0.625
0.0175538515933	0.0143149284254	3	105	3	0	5	0.625
0.0178733781205	0.0143149284254	3	106	3	0	5	0.625
0.0179485259637	0.0143149284254	3	107	3	0	5	0.625
0.0179817748804	0.0143149284254	3	108	3	0	5	0.625
0.0179879790271	0.0143149284254	3	109	3	0	5	0.625
0.017989316003	0.0143149284254	3	110	3	0	5	0.625
0.0182979326389	0.0143149284254	3	111	3	0	5	0.625
0.0186239816322	0.0143149284254	3	112	3	0	5	0.625
0.0189262611451	0.0143149284254	3	113	3	0	5	0.625
0.0191729812147	0.0143149284254	3	114	3	0	5	0.625
0.019294111264	0.0143149284254	3	115	3	0	5	0.625
0.0196405786209	0.0163599182004	4	115	3	0	5	0.555555555556
0.0197423206888	0.0163599182004	4	116	3	0	5	0.555555555556
0.0203831435332	0.0163599182004	4	117	3	0	5	0.555555555556
0.0206750180465	0.0163599182004	4	118	3	0	5	0.555555555556
0.0209870156611	0.0163599182004	4	119	3	0	5	0.555555555556
0.0211609960624	0.0163599182004	4	120	3	0	5	0.555555555556
0.0212521074262	0.0163599182004	4	121	3	0	5	0.555555555556
0.021476682871	0.0163599182004	4	122	3	0	5	0.555555555556
0.021595767472	0.0163599182004	4	123	3	0	5	0.555555555556
0.0216643978935	0.0163599182004	4	124	3	0	5	0.555555555556
0.0219287155578	0.0163599182004	4	125	3	0	5	0.555555555556
0.0222471012947	0.0163599182004	4	126	3	0	5	0.555555555556
0.0226178082788	0.0163599182004	4	127	3	0	5	0.555555555556
0.0226458703497	0.0163599182004	4	128	3	0	5	0.555555555556
0.0227051423815	0.0163599182004	4	129	3	0	5	0.555555555556
0.0227923999076	0.0163599182004	4	130	3	0	5	0.555555555556
0.0228211099815	0.0163599182004	4	131	3	0	5	0.555555555556
0.022880592008	0.0163599182004	4	132	3	0	5	0.555555555556
0.0229651456715	0.0163599182004	4	133	3	0	5	0.555555555556
0.0231462441842	0.0143149284254	4	134	3	0	6	0.6
0.0233700017082	0.0143149284254	4	135	3	0	6	0.6
0.023471483214	0.0143149284254	4	136	3	0	6	0.6
0.0234833108935	0.0143149284254	4	137	3	0	6	0.6
0.0236695480265	0.0143149284254	4	138	3	0	6	0.6
0.0237660815009	0.0143149284254	4	139	3	0	6	0.6
0.0240016585659	0.0143149284254	4	140	3	0	6	0.6
0.0240418245678	0.0143149284254	4	141	3	0	6	0.6
0.0240434218276	0.0143149284254	4	142	3	0	6	0.6
0.0241579712013	0.0143149284254	4	143	3	0	6	0.6
0.0243199373133	0.0143149284254	4	144	3	0	6	0.6
0.0244879255967	0.0143149284254	4	145	3	0	6	0.6
0.0246751296712	0.0143149284254	4	146	3	0	6	0.6
0.0247525883071	0.0143149284254	4	147	3	0	6	0.6
0.0250017267188	0.0143149284254	4	148	3	0	6	0.6
0.0257358224032	0.0143149284254	4	149	3	0	6	0.6
0.0259677646805	0.0143149284254	4	150	3	0	6	0.6
0.026089848786	0.0143149284254	4	151	3	0	6	0.6
0.0262048464353	0.0143149284254	4	152	3	0	6	0.6
0.0262118650894	0.0143149284254	4	153	3	0	6	0.6
0.0264099872623	0.0143149284254	4	154	3	0	6	0.6
