cnumpy.random
__RandomState_ctor
p1
(tRp2
(S'MT19937'
p3
cnumpy.core.multiarray
_reconstruct
p4
(cnumpy
ndarray
p5
(I0
tS'b'
tRp6
(I1
(I624
tcnumpy
dtype
p7
(S'u4'
I0
I1
tRp8
(I3
S'<'
NNNI-1
I-1
I0
tbI00
S'\xef/\x15\xa5\x04\xd8\xaf\t\x99n\x86\xbc^\xc3\x05^O\x0b\xb7\x94\xc8\xc4\x19K\n\xc7|\xd2\xfcV\xa0rl\x81.\x02\xde\xd7\xddSV\xf1c\x88u\x7f\x92\x06\x04\xd2\x9b\xb9[9\xb9\xb3Y8\xe7\xc9\x12\x13\x9d6\xb5\x9f\x83Mua\x1887\xf3h\xb98\x8e \x05$\x9f\x81\xa4\x8e\x07\xe8t\xac\xd5\xa4\x9e\xc58X\xc8e\xdf+\xe2\xf0#\x84\xc9Qt\x01\xa6\xde\x18\x1c\x97\x81\xad\xd0\x86\x99\xcb\xb7\xd5b@\xe5\xb7\x87\x08\x11\xd1n\xb8D\xe7G\xb4\n\xb2\xe7\xd6\xd7\n\x8df\xc6$\xdc\xc8\xcadJ0\xcb\rg\x95\xb1UBs\xa7\xaf\x0c\xdc\x07\x0f\xe7\\\xc5\xa0 \xd2e\x91"\x11\xc7\xe0\xe9\x05\x00A\xc9\x96E\x8c\x9a\x90\x1d\xe0\xb4\x0et\x0e\x8a\xec\xba\xbe{X\x8fy\xf4:/\xc6\x83\xe6?\xff]\x12L\xf9|\xd8\xd4\x99~6\xf6\xee\xd5\x97\xcf^\x15!BVovb\x8aES\xad\x1c\x9e\xc3"\xd0\x83%\x0c\xb1rEx\xce\xe9\x98\xde\xae\x93i\x07\xbe\x0c,\xed\xe7o\xce\xd9C1\x8d`\x83A\xa0U\xb1z\x01\x86\xef\xe4\xcee\xe40\xaak\x155"\xe3\xfa\xbb\xbf\x1bu\xceS:6\xc4\xd3Q\xb8\xd6z\xec@\xf4\xea\xde\x19\xb2\xed\xb8\x84>\x08\x98\x180\x83\xe6n\xb7\xec\xc9R7\xf6\xb3\x84,\x90\x18\\4\xean\xa2\x8e\xd6\xe6l\x13k\xe6\\Jk\x94HQ\xecky\x0c\xd0\x80\x0f:\x04\xda\n\x10\xc8`\x19&\xe8\x7f\xdcN\xa6iw\x93\x01}\xe1\xdfJrL0\xf0H9\xe3y\x15\x93VzD\xdb\x9d\x84\xfc\xb0\x81\xfeF\xa3@\xb5$\xf5pu\xea\xbe\xda\x91a\xe7[\x83\x8e\x02\xbd\xbc\x1ed\xe3\x1d\xa2\xb6\xf1\x13\x86L4\x05\x1cI\xe7\x8a\xb7N@$D\xfag;}Qi\xfe+1R.*9\xedDT\xf7\x0fw\xf10\xf7Z\xed\xef\x9e\x12\x1e&\xba\xc1/O$\xf7?\xa0X\x1cW\xaf\x0fi\xf1\xbcQ\xcd\t.\x16\xc8\x16\xc4\x18GPF?\x14,\x93\xdbt<\x00e\x1d|5\x0c\xc0\x19\xf8\xdc\x8eI#\x9f\x9b\x8eJ\x864q\x11\x13\x05#U\x9b\xab@e_LJ\x05\x8d\xb3 \x18\xb3i\\nu\xa8w\x8c\xb8\x8d\x03\xf2\xd1\xe7\xa5f\x86\xc6\x07\x9d0r~&\x87H\xf3t\xa0\x89\x08\xcc\xe4\xc9\x13\x06y\xc8\xec\xc0\xb8\xc6\xaa\xf7\xe8\xa0\xf3\xa6\x1a\xc9\xc1\x07dY\xe3X7k\x91\x9b\xdb\xefmGD\x04i\xbdS-y\xed4^\xf10\x89Xi\xf0b\xd6\x97\xe0\xear\xb0\xb5\xd4\x1dY\x12\xdcc\x01K\x9f\xf5\xc34\x88\xbd\x86F\xcd\xf2#\xd9\x92\x0c\x8f\x19\xe6K\xca/\xda \x08ZW!J\xee\xaceP\xf5\xae\x07\xe8:\xdb[\x8c\xd8T\n\xf7\xde!\r\xcc\xf8ko\x9ev\xe8\xedCV\xe0\xf6*\x13ds\xee##\xf1\xb5B\x02aPB\xeb\r\xbc\xfc\xa8\r\x9a\xcdol\x97\xa1\xed#|Rwc\x83F\x10|CG\x012\xc3\xfd\xdc"\x02S\xcc\xf4=\xf5\xfd\xc2?J\x9e\x02\x82|2p2\xa5\xf4\xfeB\xc3\xa7/\x8c\x90xl`RBq\xfb&u\x1a>\x96RZ\xf5\xd4\xf1\x18Bx\x94\x02\xf7\x9a\xfc\xc5\x18\xa2\xbfx\xd0\x04\x0eo\x9b\x08+\xc8Z\xa5xN\xc71\xe1\xaf~\xd0\xda\xb4\xd0[\x9a\xbb\x86\xbcU\xfe\x91>? \xe2\xbe\xd1~\x0c\xb3\xf4k\x11y\xffic\xebIb\xfb=\xf9@W\x0f\x89M\xe8\xa0\xec\xe2]Tzd\xa4\x82#\xf34\x89MJ\xc7\xb6\xa8\xe8\xf7W\x98\xf7g\xc7k\xafOY \xbb\x97F\x85o\xa3\xcf\xa1cN\x07\xaer\xdb\xf4\xe2\xef+\x0ei\x14\xa6\xb7\xdc\xe0\xcc\x0fk\xcd[)\xb9\xf66\xc4!\xb21\xbc\xe5.\xb7\xfd_\xfb\xdbi@V[\xf6\x82k\xe0\xc8\xeb\x05\xe0\x17\x85ef^K\xef\n\xf7\x9c\xe2\xfc\x02\x10\xa1-\xb7\xe2\xaf\x10E\xe2\xe67\xfb\x03\xa0\xee1\xdb\xb8\x9eVG\x9e@\xbd\xd3qK;\x05\xeaOg6\xae\r\xd0\x8aiEV\xd6\xe5\xf6O\xa0|\xea\x87\x0b;\xcdW\xe8$\xfe\xec\xdd\xb27KD?\'\'zG& \x84\x94$\ts\xa7\x17\xce_t\xa7\xc39\xee\x02\x00j\x00\xc7\xee\xee\xadi\xa4\x1fd\xd5\xc4\xe9c\xeb$\xab\x1b\xab5\xaa\x1c~\x1eO6\xbe\x15Nq\xf0?\x11\x90\x99\xa8\xf2d\x9e\xf4\xf8~\xc5\x9e\xbdEaN%<5\x85\xda\x88\xa4\xf6$z)\xc7\xd9\xb3\x7f\x90\xdb\xb5\x8e\xcf\x8e\xa1\xda:wE.\x9b.O\xdb\t\xbd$\xbb\xee}\xe6\x87!\x1c\xba4\x1b\x00*\x15\xf9)\xdcZ\xe3C\xd1\x06\xe7\xad\x9b\x89]\xf9\xa1(O\tz\x9b\xd1\xdaYNm\xc4e\xea\xbe\xba\x1b\x12D\xa1\xb6\xaa"\x97\xe7\x0e\x1f\x93\xa7[\x0f9\xa8\xc3\x01\xf3A\xb6/\xe8,\xd8\x96B\xb2T\x1d\x1aS\xe5\xceuv++Z\xa60\xcd5l\x8d\x07\x82\xd5,4OV\x1b\xe4\x19\x8d\x8c\xab\xea\xcew_,t\'\xfe\x96l\x96\xd1\x98\xea\x9f\xbb\xb4T`\x90:n\x9aGM\x13?\x9d\xb3\xd8\x9a\xf1B\xbc\x92\xd4\x9bk\xde\xfb@\xa7\xd1OS\xefs\xa3/VZ\x06R_\x96f%\xfd\x98 H\x134a*Zx \xf8\x8b\xf0ri$\xb4\xacc\xa7\x18,3\x9a\x11\n\xb1@\n\x8a\xf6\x12\xd57x\x1a\xf2\x1b\xf3\x04m\x14q\xafd\xf2\x12\xef\x11Bw\x8f\xbbp\xe8=\xfd\x0c\xeb|\x17\xc3\xf7\xe2K\xdas\xe2\xd8\xdf\x8bM\xa4*PMIy\xe2\x14P\x9e\xf5\x99\xccW\xf7\xbe\xe6\xf3\xbca\xb5\xc7\x9f\xfel\xf79\xe5\xfd`\xb5\xe7\xda\xdc7\x9f\xf6\x81 \xb6[\x07\xb66\x04cC_5\x06+(\xf9\x90\xb3\x93\xe8\x13%\xf1!\xb4\xda1\'~\x89`y8:\xcc\x1b\xaa\xc0\xb3\xfe\xb8!\x95\x97\xf8e\xed+d<\x13\xf0D`\xe40&\xec]G\x9b\xdd\xd5\xb8\x7fve\xf6\xfe\xe7\xf8y\xb1\xd2\x88\xcc\xf6\x04\xa4\xa6\x8a\xabe\x1f\xc3\xb5\xf1\x13\x94g\x8d\x1f\x99\xac@\xde\\\x15\x03E\xbc3\xb1\xf1\x1f\t\x15;W\xea\x9f\x06.\xa0 &\xb8{;\x05M\xd6\xdaN\x0c\x1a)\xa5\x9e_\x16\xa3\rY`\x05o\xdfpx\xb7\xb9\xbe\\?\xeb\xb0B\xd1XS\xf3\xad\'\xd2\xad\r\x1as\xcb.\x8d\rL\xdc\xfb\x04=\xe3\xd6\xd7\x84\xa1\x96\xe3\xe0\xeeJ\x18\xd9l{+\x82F\xc7\xf5W\xe6B\xe7\xf2V\x9f\xdbh`N\xea\x03$\xc3\xc1\xb5\x13\xcd2w\x80@]H\xa4\x87\xb9\xcb\xe1\xd2\x82\xa1\xd4\xdb\x8fOE$\x85\x96+\xe0\xaf\r-)\xc5<GS2e\x15\xdc\xdf\xb1\x12-x\x857\xcd\x16\x1c%\xe8\xf1!Rn\xc7"\xec\xba\xaf\xae\x96\xd9\xa9\xea\xfc\xdd\xb6\tT\x1d\x93\x14\xa7\xb3\xdc:)^\n\xf9\xb8\x01\xa5\x10\x0e\x91>\xd8\x00\x8a\xf9\x88O\x0fN\xe8\xf8c&\xe1\xc5r\xe2\xa7\xf3!\xf9\x82\x8f\xca\xfb\x84\x90\xb9\xecL\xb3Pi\x11@<!\xef\xe6\x10,1{  E\xb4\xd85m\x1e\x8a\xbd\xcc\n\xc3\x1f#"\xd5\x85\xd8\xfe>~\xbc(\x87\x11tX\xdeHQ\xed=\xa7\r\x04\xb5 b8\xcb\x16\xc6e\x17\xa2JU\xe3\x12\x9b\xa2\xf3\xef\x8d\xb6\x18\xf0$\xde\xfd\xbf6\x13\x14\x08\x86,\xed?I\x8f\xfb*H\x82mN!\xc1x\xb2q\x91\xc9\x17\x84\x1a\x87\\\x1ei\xf4\xf5Y\x1bi\t)\xfb\xc2k\t@{\xb6\x1a\xea\xf6\xbaw\x17\x9bP\x04\x0c\xce\x13R\xb9bHf\x00\xa6\xfd\x16\xea\xd3\xc9\xd6I\x1f5\n^\xf2KH\xaa|q\xbf\xf5h\x91\x07@\xb1\x8a\xaf1/\xb0Ph\xf0\x19}>39\x04\xe8\xd2l\xa1C\xfb\x13\x92HPt\x9b,@\x01e\xc2f\xff\x12rr\x98\x05\xad\xd5\xc5\xd5\xad\xf6/D\x8eN\\\xcc8\xc8\x9b\x82}\x14S\xd3\x19\xc4B\xa7\xd1\xd1\x1b\xd3\xf9\xb4\xa2\xcfy\x81AV\xa3*2@\x95T7\xddk6\xd6\xc9-\x0c\x8a\xf7\xc9\xacyF\xb3H\x1d\x11\xe1\xbd\x91J+\xc5\xe0rX\xdbQ_j\x99I\xa8\xeee\x94\xdb\xe3\x94\x9eH\x8f\x03\xfa\xeb<ku\xb7hn\x97<\xed\xce \xe6\xf6O\x90\x96\x94\xb5\xd8\xc5\x13TT[\xbe\xd2\xe6c\x10\xc0\x8d\xb7S!\xf1F\x07\xd7[G\xc0\xb96x|\xe2\x02\xab\xc9\xacj\xban\xbd\x9f\x7f\xf28\x80\xd4\xbdPm\xdf\xb7l\xab\xbe\x97\xfaE\xe7\x84\xd8\x0e*a\x0b\x04-\xf8\xe5y5bF\xe9\x01\xf4\xe7\x1b\x8e\t\xa4\x1b\xa3\xec\xf4\xf87\x11\xa5H\x1f\xd5p\xf1\x07i\xbc%4\x0ct\xf6F\x9aY\x90\xe6\xfd\x86\xfa\xed}\xb2l\xf3\t\xd9\xe5\xef\xc2\x13h\x85\xf2\x066\x15\x06\x92\x04-~\xfd\x87\x8c>A@\xc0\n\xc4n\xb7\xf1sw\xbb\x8dp\xbd\xc5\x05\x11\xa1rF\x99_\xbb\x1c"\xfdC\x18*\xe3\xab\xaa\xd9S\xbf\x0c\xd7\xe6\xd1\xedSp5\x98\x1fH\x8c\xf3+\xf5\x9aN\x86\x89\x8f\x89l#q\xad*S\x92y\xe2v\x1f\xf7\xb2\xc3\xbeV\x9d\xf4\xc4x\x94\x82\x9ar\xb5L\xd4&u\xb9s\xc2\xa2\x80}d\x9er (Q\x0c\x8b\x08d~\\\xa4"R\x199\xa0A\xd2!L\xea\xf9\x10\x97ds\x03\x89J\xa8Q\xe48\xe6\xe8>\x0b\x9c\xe4\xe8\xcc8\xbe\xef\xc2\xf5\xb3\xd6\x1eN\xe2v9\x97\xe5\x01\xe5c\xf72\x02\x95\xc6\x0b\x0bu\\Rt\xee\xdf\x85\x87&\t\xc0\x12A1Q\xcb\x96\xc0\xd9\xfa\xad\x9d\xfb\xb5\xcdl\x08\xb3 \xe1\xe0M\xb3\x9e\xddJ\xb2I\xa6\xf0\xcc\xe1\xbc\xaa\xad~\t\xc9S%r\xe9\xe2\xc8d7\xa7\xae\xf49\xb53\x84?\xafL\xfcgx(\x9c]\x95m\xa6A\x0c\x9f\xde\xb4\x94\xf9\x04\xd7e\xbb.~.!\xc1\xc8\xad#9\xfe\xb7\x86t2f\x8d\xcaAa\xb1\xa7\x1e\x15Y\x18\xd8\xa3\xfc/\x94\x1d\xb0\xd6c7C-d\xadJ\x86V|~>\x84\xb7\xf7\x81\x16W\xd5\xdc\n\xd7\xe9U\x19*\xc5<\xe2\xc8Sn)\xddE\xc7!\xbb\xc3*\xd3h\xc5{\x98w\x81-\xd8#\x90\x83\xfc5\xbb\x04\xe5\x8d\x1d\xbb\x9cW\x83\xb1B\xd2\xb92\xa6\x03\x97Q\xdf\xc8\xe6'
tbI624
I0
F0
tb.