# time 	 divergence 	 # of mutations 	 # IGC chances 	 IGC length 	 # IGC failures 	 Changes due to IGC  	 % change due to IGC 
0.0	0.0	0	0	0	0	0	0.0
5.63437220497e-05	0.0	0	1	3	0	0	0.0
0.000110540172026	0.0	0	2	3	0	0	0.0
0.000134210063065	0.0	0	3	3	0	0	0.0
0.000144865866664	0.0	0	4	3	0	0	0.0
0.00017051548775	0.0	0	5	3	0	0	0.0
0.000425945103885	0.0	0	6	3	0	0	0.0
0.000439592222594	0.0	0	7	3	0	0	0.0
0.000449884130071	0.0	0	8	3	0	0	0.0
0.00047652173583	0.0	0	9	3	0	0	0.0
0.000491867762511	0.0	0	10	3	0	0	0.0
0.000658872402569	0.0	0	11	3	0	0	0.0
0.000695265166854	0.0	0	12	3	0	0	0.0
0.000965131872601	0.0	0	13	3	0	0	0.0
0.00117329448112	0.0	0	14	3	0	0	0.0
0.00120074742352	0.0	0	15	3	0	0	0.0
0.00123176411784	0.0	0	16	3	0	0	0.0
0.00127876414553	0.0	0	17	3	0	0	0.0
0.00149679513536	0.0	0	18	3	0	0	0.0
0.00150810295606	0.0	0	19	3	0	0	0.0
0.00163688087126	0.0	0	20	3	0	0	0.0
0.00170696412146	0.0	0	21	3	0	0	0.0
0.00185378225174	0.0	0	22	3	0	0	0.0
0.00213021691562	0.0	0	23	3	0	0	0.0
0.00227246555262	0.0	0	24	3	0	0	0.0
0.00296618291676	0.00204498977505	1	24	3	0	0	0.0
0.00300171208443	0.00204498977505	1	25	3	0	0	0.0
0.00304854669132	0.00204498977505	1	26	3	0	0	0.0
0.00307780550341	0.0040899795501	2	26	3	0	0	0.0
0.00342351647988	0.0040899795501	2	27	3	0	0	0.0
0.00346218291085	0.0040899795501	2	28	3	0	0	0.0
0.0034740589232	0.0040899795501	2	29	3	0	0	0.0
0.00348343267446	0.0040899795501	2	30	3	0	0	0.0
0.00356542428974	0.0040899795501	2	31	3	0	0	0.0
0.00371148709473	0.0040899795501	2	32	3	0	0	0.0
0.00380774309981	0.0040899795501	2	33	3	0	0	0.0
0.00382982058785	0.0040899795501	2	34	3	0	0	0.0
0.00384203850604	0.00613496932515	3	34	3	0	0	0.0
0.00388824902061	0.00613496932515	3	35	3	0	0	0.0
0.00456269325401	0.00613496932515	3	36	3	0	0	0.0
0.00468943510038	0.00613496932515	3	37	3	0	0	0.0
0.00484761469253	0.00613496932515	3	38	3	0	0	0.0
0.00510193921788	0.00613496932515	3	39	3	0	0	0.0
0.0055190463081	0.00613496932515	3	40	3	0	0	0.0
0.0058121500979	0.00613496932515	3	41	3	0	0	0.0
0.00587534032302	0.00613496932515	3	42	3	0	0	0.0
0.00611675694952	0.00613496932515	3	43	3	0	0	0.0
0.0063641152373	0.00613496932515	3	44	3	0	0	0.0
0.00652702074827	0.00613496932515	3	45	3	0	0	0.0
0.00704716298202	0.00613496932515	3	46	3	0	0	0.0
0.00705241983277	0.00613496932515	3	47	3	0	0	0.0
0.00745690510205	0.00613496932515	3	48	3	0	0	0.0
0.00758910486882	0.0081799591002	4	48	3	0	0	0.0
0.0077001790425	0.0081799591002	4	49	3	0	0	0.0
0.00781268184682	0.0081799591002	4	50	3	0	0	0.0
0.00797301753532	0.0081799591002	4	51	3	0	0	0.0
0.00808900681573	0.0081799591002	4	52	3	0	0	0.0
0.00838758775768	0.0081799591002	4	53	3	0	0	0.0
0.00850864298731	0.0081799591002	4	54	3	0	0	0.0
0.0085661607833	0.0081799591002	4	55	3	0	0	0.0
0.00869193701941	0.0081799591002	4	56	3	0	0	0.0
0.00880172818325	0.0081799591002	4	57	3	0	0	0.0
0.00903891187212	0.0081799591002	4	58	3	0	0	0.0
0.00903954020705	0.0081799591002	4	59	3	0	0	0.0
0.00919836476615	0.0081799591002	4	60	3	0	0	0.0
0.00943032847901	0.0081799591002	4	61	3	0	0	0.0
0.0100480032344	0.0081799591002	4	62	3	0	0	0.0
0.0102750273578	0.0081799591002	4	63	3	0	0	0.0
0.0105786388001	0.0081799591002	4	64	3	0	0	0.0
0.0107222416513	0.0081799591002	4	65	3	0	0	0.0
0.0109268597782	0.0081799591002	4	66	3	0	0	0.0
0.0109472401419	0.0102249488753	5	66	3	0	0	0.0
0.0110452903568	0.0102249488753	5	67	3	0	0	0.0
0.0112442109509	0.0102249488753	5	68	3	0	0	0.0
0.0112694607414	0.0102249488753	5	69	3	0	0	0.0
0.011423803088	0.0102249488753	5	70	3	0	0	0.0
0.0115028808113	0.0102249488753	5	71	3	0	0	0.0
0.0117854961428	0.0102249488753	5	72	3	0	0	0.0
0.0121412856761	0.0102249488753	5	73	3	0	0	0.0
0.0123132865854	0.0102249488753	5	74	3	0	0	0.0
0.0125213449286	0.0102249488753	5	75	3	0	0	0.0
0.0126210933343	0.0102249488753	5	76	3	0	0	0.0
0.0129137863187	0.0102249488753	5	77	3	0	0	0.0
0.0130945799222	0.0102249488753	5	78	3	0	0	0.0
0.0131164471153	0.0102249488753	5	79	3	0	0	0.0
0.013166731322	0.0102249488753	5	80	3	0	0	0.0
0.0131668904227	0.0102249488753	5	81	3	0	0	0.0
0.0132349415625	0.0102249488753	5	82	3	0	0	0.0
0.0133026342967	0.0122699386503	6	82	3	0	0	0.0
0.0133585405594	0.0122699386503	6	83	3	0	0	0.0
0.0136867554782	0.0122699386503	6	84	3	0	0	0.0
0.0140712778919	0.0122699386503	6	85	3	0	0	0.0
0.014230412381	0.0122699386503	6	86	3	0	0	0.0
0.0143441121383	0.0122699386503	6	87	3	0	0	0.0
0.0143500597721	0.0143149284254	7	87	3	0	0	0.0
0.0143606555726	0.0143149284254	7	88	3	0	0	0.0
0.0149080478908	0.0143149284254	7	89	3	0	0	0.0
0.0151048146229	0.0143149284254	7	90	3	0	0	0.0
0.0152391932567	0.0143149284254	7	91	3	0	0	0.0
0.0154786120852	0.0143149284254	7	92	3	0	0	0.0
0.0157834441225	0.0122699386503	7	93	3	0	1	0.125
0.0159943360856	0.0122699386503	7	94	3	0	1	0.125
0.0160070624864	0.0122699386503	7	95	3	0	1	0.125
0.0160686630662	0.0143149284254	8	95	3	0	1	0.111111111111
0.0161123918505	0.0143149284254	8	96	3	0	1	0.111111111111
0.0161285661046	0.0143149284254	8	97	3	0	1	0.111111111111
0.0162446828895	0.0143149284254	8	98	3	0	1	0.111111111111
0.0166028545607	0.0143149284254	8	99	3	0	1	0.111111111111
0.0173277642362	0.0143149284254	8	100	3	0	1	0.111111111111
0.0176537473778	0.0143149284254	8	101	3	0	1	0.111111111111
0.0177095954126	0.0143149284254	8	102	3	0	1	0.111111111111
0.0177134576015	0.0143149284254	8	103	3	0	1	0.111111111111
0.0178423374084	0.0143149284254	8	104	3	0	1	0.111111111111
0.0181165336331	0.0122699386503	8	105	3	0	2	0.2
0.0187630016076	0.0122699386503	8	106	3	0	2	0.2
0.018976428798	0.0122699386503	8	107	3	0	2	0.2
0.0192098178801	0.0122699386503	8	108	3	0	2	0.2
0.0195994219134	0.0122699386503	8	109	3	0	2	0.2
0.0196278785804	0.0122699386503	8	110	3	0	2	0.2
0.0196412869763	0.0143149284254	9	110	3	0	2	0.181818181818
