# time 	 divergence 	 # of mutations 	 # IGC chances 	 IGC length 	 # IGC failures 	 Changes due to IGC  	 % change due to IGC 
0.0	0.0163599182004	0	0	0	0	0	0.0
0.000412740723207	0.0163599182004	0	1	9	0	0	0.0
0.000720094987093	0.0184049079755	1	1	9	0	0	0.0
0.00366269519743	0.0204498977505	2	1	9	0	0	0.0
0.00558020559626	0.0224948875256	3	1	9	0	0	0.0
0.00942233802914	0.0245398773006	4	1	9	0	0	0.0
0.00952517574505	0.0265848670757	5	1	9	0	0	0.0
0.0097845348771	0.0286298568507	6	1	9	0	0	0.0
0.0109557042319	0.0306748466258	7	1	9	0	0	0.0
0.0124071254715	0.0306748466258	7	2	6	0	0	0.0
0.013729551825	0.0327198364008	8	2	6	0	0	0.0
0.0158269364088	0.0347648261759	9	2	6	0	0	0.0
0.0161943037196	0.0368098159509	10	2	6	0	0	0.0
0.0211258174298	0.0327198364008	10	3	9	0	2	0.166666666667
0.0224584163408	0.0347648261759	11	3	9	0	2	0.153846153846
0.0252785278313	0.0368098159509	12	3	9	0	2	0.142857142857
0.0288230942261	0.0368098159509	12	4	6	0	2	0.142857142857
0.0298732738532	0.0347648261759	13	4	6	0	2	0.133333333333
0.0298882228873	0.0368098159509	14	4	6	0	2	0.125
0.0326465513272	0.0368098159509	14	5	3	0	2	0.125
0.0327574080019	0.038854805726	15	5	3	0	2	0.117647058824
0.0344898601449	0.038854805726	15	6	3	0	2	0.117647058824
0.0357037730628	0.040899795501	16	6	3	0	2	0.111111111111
0.0410203586108	0.0429447852761	17	6	3	0	2	0.105263157895
0.0426311418642	0.0449897750511	18	6	3	0	2	0.1
0.0433614198911	0.0470347648262	19	6	3	0	2	0.0952380952381
0.0462872417746	0.0490797546012	20	6	3	0	2	0.0909090909091
0.0468571414713	0.0470347648262	20	7	9	0	3	0.130434782609
0.048509515069	0.040899795501	20	8	21	0	6	0.230769230769
0.0491278457432	0.0429447852761	21	8	21	0	6	0.222222222222
0.0519112684431	0.0449897750511	22	8	21	0	6	0.214285714286
0.0551062265971	0.0470347648262	23	8	21	0	6	0.206896551724
0.0577867245986	0.0490797546012	24	8	21	0	6	0.2
0.0602797285519	0.0511247443763	25	8	21	0	6	0.193548387097
0.061875219225	0.0511247443763	25	9	12	0	6	0.193548387097
0.0619901516957	0.0531697341513	26	9	12	0	6	0.1875
0.0646844867964	0.0552147239264	27	9	12	0	6	0.181818181818
0.0675057088158	0.0572597137014	28	9	12	0	6	0.176470588235
0.0695305281955	0.0593047034765	29	9	12	0	6	0.171428571429
0.0695721901198	0.0613496932515	30	9	12	0	6	0.166666666667
0.0697872594432	0.0613496932515	30	10	9	0	6	0.166666666667
0.0714273266665	0.0593047034765	30	11	6	0	7	0.189189189189
0.0812621786343	0.0613496932515	31	11	6	0	7	0.184210526316
0.0831077712846	0.0633946830266	32	11	6	0	7	0.179487179487
0.0834209036833	0.0633946830266	33	11	6	0	7	0.175
0.0869422296942	0.0633946830266	33	12	15	0	7	0.175
0.0874993859461	0.0633946830266	33	13	15	0	7	0.175
0.0878160229211	0.0654396728016	34	13	15	0	7	0.170731707317
0.0899656519736	0.0654396728016	34	14	3	0	7	0.170731707317
0.0901739574193	0.0654396728016	34	15	6	0	7	0.170731707317
0.0908818078635	0.0674846625767	35	15	6	0	7	0.166666666667
0.0950224016189	0.0695296523517	36	15	6	0	7	0.162790697674
0.0960576733957	0.0715746421268	37	15	6	0	7	0.159090909091
0.0970350958546	0.0736196319018	38	15	6	0	7	0.155555555556
0.0985933468393	0.0736196319018	38	16	6	0	7	0.155555555556
0.100206408324	0.0756646216769	39	16	6	0	7	0.152173913043
0.10063333338	0.0777096114519	40	16	6	0	7	0.148936170213
0.102283604611	0.079754601227	41	16	6	0	7	0.145833333333
0.106719492791	0.081799591002	42	16	6	0	7	0.142857142857
0.107135596253	0.079754601227	43	16	6	0	7	0.14
0.108033803821	0.081799591002	44	16	6	0	7	0.137254901961
0.119693743846	0.081799591002	44	17	6	0	7	0.137254901961
0.121500465591	0.0756646216769	44	18	24	0	10	0.185185185185
0.123421353138	0.0777096114519	45	18	24	0	10	0.181818181818
0.130480223317	0.079754601227	46	18	24	0	10	0.178571428571
0.131430137952	0.0777096114519	46	19	9	0	11	0.19298245614
0.131564273226	0.079754601227	47	19	9	0	11	0.189655172414
0.132541511345	0.081799591002	48	19	9	0	11	0.186440677966
0.132608890979	0.081799591002	49	19	9	0	11	0.183333333333
0.13590534572	0.0838445807771	50	19	9	0	11	0.180327868852
0.13939541403	0.0858895705521	51	19	9	0	11	0.177419354839
0.140982508927	0.0858895705521	51	20	3	0	11	0.177419354839
0.141252254005	0.0879345603272	52	20	3	0	11	0.174603174603
0.147302382581	0.0899795501022	53	20	3	0	11	0.171875
0.150843285469	0.0920245398773	54	20	3	0	11	0.169230769231
0.153821571201	0.0899795501022	54	21	6	0	12	0.181818181818
0.154981895708	0.0920245398773	55	21	6	0	12	0.179104477612
0.158018657437	0.0940695296524	56	21	6	0	12	0.176470588235
0.1589753817	0.0858895705521	56	22	15	0	16	0.222222222222
0.16246709987	0.0879345603272	57	22	15	0	16	0.219178082192
0.168302530296	0.0899795501022	58	22	15	0	16	0.216216216216
0.170460001425	0.0920245398773	59	22	15	0	16	0.213333333333
0.1772493917	0.0899795501022	59	23	6	0	17	0.223684210526
0.177367008038	0.0920245398773	60	23	6	0	17	0.220779220779
0.17800209696	0.0940695296524	61	23	6	0	17	0.217948717949
0.18098554133	0.0961145194274	62	23	6	0	17	0.215189873418
0.18365889612	0.0981595092025	63	23	6	0	17	0.2125
0.185169511422	0.100204498978	64	23	6	0	17	0.20987654321
0.187621666525	0.102249488753	65	23	6	0	17	0.207317073171
0.196664519205	0.0981595092025	65	24	21	0	19	0.22619047619
0.206729524347	0.100204498978	66	24	21	0	19	0.223529411765
0.208053488401	0.0961145194274	66	25	36	0	21	0.241379310345
