# time 	 divergence 	 # of mutations 	 # IGC chances 	 IGC length 	 # IGC failures 	 Changes due to IGC  	 % change due to IGC 
0.0	0.0245398773006	0	0	0	0	0	0.0
0.00055570898168	0.0245398773006	0	1	3	0	0	0.0
0.000670103108936	0.0245398773006	0	2	3	0	0	0.0
0.000694502168043	0.0245398773006	0	3	3	0	0	0.0
0.000730640871935	0.0245398773006	0	4	3	0	0	0.0
0.00075103031228	0.0265848670757	1	4	3	0	0	0.0
0.00103869214177	0.0265848670757	1	5	3	0	0	0.0
0.00109651654644	0.0265848670757	1	6	3	0	0	0.0
0.00117484320248	0.0265848670757	1	7	3	0	0	0.0
0.00124058461462	0.0265848670757	1	8	3	0	0	0.0
0.00135862397229	0.0265848670757	1	9	3	0	0	0.0
0.00167597751459	0.0265848670757	1	10	3	0	0	0.0
0.00167947589472	0.0265848670757	1	11	3	0	0	0.0
0.00170301488725	0.0265848670757	1	12	3	0	0	0.0
0.00173362590893	0.0265848670757	1	13	3	0	0	0.0
0.00216757981167	0.0265848670757	1	14	3	0	0	0.0
0.0021892623004	0.0265848670757	1	15	3	0	0	0.0
0.00276320285962	0.0265848670757	1	16	3	0	0	0.0
0.00280680158445	0.0286298568507	2	16	3	0	0	0.0
0.00286439265861	0.0265848670757	2	17	3	0	1	0.333333333333
0.00302203766966	0.0265848670757	2	18	3	0	1	0.333333333333
0.00340782722187	0.0265848670757	2	19	3	0	1	0.333333333333
0.00420744750548	0.0265848670757	2	20	3	0	1	0.333333333333
0.00547231472318	0.0265848670757	2	21	3	0	1	0.333333333333
0.00550110074684	0.0265848670757	2	22	3	0	1	0.333333333333
0.00581063497589	0.0265848670757	2	23	3	0	1	0.333333333333
0.00612116824548	0.0265848670757	2	24	3	0	1	0.333333333333
0.00612642805397	0.0265848670757	2	25	3	0	1	0.333333333333
0.00638404871769	0.0265848670757	2	26	3	0	1	0.333333333333
0.00656023390464	0.0265848670757	2	27	3	0	1	0.333333333333
0.00664542779342	0.0265848670757	2	28	3	0	1	0.333333333333
0.00667715302859	0.0265848670757	2	29	3	0	1	0.333333333333
0.00669490758405	0.0265848670757	2	30	3	0	1	0.333333333333
0.00673871515501	0.0265848670757	2	31	3	0	1	0.333333333333
0.00694227160512	0.0265848670757	2	32	3	0	1	0.333333333333
0.00767101980541	0.0245398773006	2	33	3	0	2	0.5
0.00767943741805	0.0245398773006	2	34	3	0	2	0.5
0.00792071535072	0.0245398773006	2	35	3	0	2	0.5
0.00801709557806	0.0245398773006	2	36	3	0	2	0.5
0.00803873402286	0.0245398773006	2	37	3	0	2	0.5
0.00820013152342	0.0245398773006	2	38	3	0	2	0.5
0.00856573932492	0.0245398773006	2	39	3	0	2	0.5
0.00874338493684	0.0245398773006	2	40	3	0	2	0.5
0.00891428475306	0.0224948875256	2	41	3	0	3	0.6
0.00906841228114	0.0224948875256	2	42	3	0	3	0.6
0.00907947258533	0.0224948875256	2	43	3	0	3	0.6
0.00937967720489	0.0224948875256	2	44	3	0	3	0.6
0.00960956689219	0.0204498977505	2	45	3	0	4	0.666666666667
0.0096391475995	0.0204498977505	2	46	3	0	4	0.666666666667
0.00986692648375	0.0204498977505	2	47	3	0	4	0.666666666667
0.00991972604554	0.0204498977505	2	48	3	0	4	0.666666666667
0.0100362724765	0.0204498977505	2	49	3	0	4	0.666666666667
0.0102363308794	0.0224948875256	3	49	3	0	4	0.571428571429
0.0102911539248	0.0224948875256	3	50	3	0	4	0.571428571429
0.0103061980224	0.0224948875256	3	51	3	0	4	0.571428571429
0.0104900909085	0.0204498977505	3	52	3	0	5	0.625
0.010565449031	0.0204498977505	3	53	3	0	5	0.625
0.0106215897815	0.0204498977505	3	54	3	0	5	0.625
0.0109134719255	0.0224948875256	4	54	3	0	5	0.555555555556
0.0114972468639	0.0204498977505	4	55	3	0	6	0.6
0.0118808939348	0.0204498977505	5	55	3	0	6	0.545454545455
0.0120653976329	0.0204498977505	5	56	3	0	6	0.545454545455
0.0129536631698	0.0204498977505	5	57	3	0	6	0.545454545455
0.012972358794	0.0204498977505	5	58	3	0	6	0.545454545455
0.0132720291436	0.0204498977505	5	59	3	0	6	0.545454545455
0.0134734043855	0.0204498977505	5	60	3	0	6	0.545454545455
0.0135633099703	0.0204498977505	5	61	3	0	6	0.545454545455
0.0136185536924	0.0204498977505	5	62	3	0	6	0.545454545455
0.0137073055299	0.0204498977505	5	63	3	0	6	0.545454545455
0.0137548896867	0.0204498977505	5	64	3	0	6	0.545454545455
0.0138701826141	0.0204498977505	5	65	3	0	6	0.545454545455
0.0138886117304	0.0184049079755	5	66	3	0	7	0.583333333333
0.0143486661462	0.0184049079755	5	67	3	0	7	0.583333333333
0.0148110855057	0.0184049079755	5	68	3	0	7	0.583333333333
0.0149296060407	0.0184049079755	5	69	3	0	7	0.583333333333
0.0150225215471	0.0184049079755	5	70	3	0	7	0.583333333333
0.0152186601818	0.0184049079755	5	71	3	0	7	0.583333333333
0.0153440299418	0.0184049079755	5	72	3	0	7	0.583333333333
0.0154500920694	0.0184049079755	5	73	3	0	7	0.583333333333
0.0157750337143	0.0184049079755	5	74	3	0	7	0.583333333333
0.0158127499641	0.0204498977505	6	74	3	0	7	0.538461538462
0.0159750355576	0.0204498977505	6	75	3	0	7	0.538461538462
0.0161620794282	0.0204498977505	6	76	3	0	7	0.538461538462
0.0161687268458	0.0184049079755	6	77	3	0	8	0.571428571429
0.0165851747893	0.0184049079755	6	78	3	0	8	0.571428571429
0.016659861851	0.0184049079755	6	79	3	0	8	0.571428571429
0.0166861493103	0.0184049079755	6	80	3	0	8	0.571428571429
0.0169074835141	0.0184049079755	6	81	3	0	8	0.571428571429
0.017194823578	0.0184049079755	6	82	3	0	8	0.571428571429
0.0175431343743	0.0184049079755	6	83	3	0	8	0.571428571429
0.0179937359149	0.0184049079755	6	84	3	0	8	0.571428571429
0.0181120441305	0.0204498977505	7	84	3	0	8	0.533333333333
0.0182192131899	0.0204498977505	7	85	3	0	8	0.533333333333
0.0182320815581	0.0204498977505	7	86	3	0	8	0.533333333333
0.0182778301798	0.0204498977505	7	87	3	0	8	0.533333333333
0.0182954742505	0.0204498977505	7	88	3	0	8	0.533333333333
0.018489582836	0.0204498977505	7	89	3	0	8	0.533333333333
0.0185594593583	0.0204498977505	7	90	3	0	8	0.533333333333
0.0189602958162	0.0204498977505	7	91	3	0	8	0.533333333333
0.019147141402	0.0224948875256	8	91	3	0	8	0.5
0.019488239786	0.0224948875256	8	92	3	0	8	0.5
0.019588476941	0.0224948875256	8	93	3	0	8	0.5
0.0199585787267	0.0224948875256	8	94	3	0	8	0.5
0.0203906465895	0.0204498977505	8	95	3	0	9	0.529411764706
0.0206052716188	0.0204498977505	8	96	3	0	9	0.529411764706
0.0206870520131	0.0204498977505	8	97	3	0	9	0.529411764706
0.0208423482958	0.0204498977505	8	98	3	0	9	0.529411764706
0.0208466938641	0.0204498977505	8	99	3	0	9	0.529411764706
0.0210768138809	0.0224948875256	9	99	3	0	9	0.5
0.0212853326666	0.0224948875256	9	100	3	0	9	0.5
0.0214299890975	0.0204498977505	9	101	3	0	10	0.526315789474
0.0215012531995	0.0204498977505	9	102	3	0	10	0.526315789474
0.0222834402795	0.0204498977505	9	103	3	0	10	0.526315789474
0.0224415595712	0.0184049079755	9	104	3	0	11	0.55
0.0226508044825	0.0163599182004	9	105	3	0	12	0.571428571429
0.022655124534	0.0163599182004	9	106	3	0	12	0.571428571429
0.022744186295	0.0163599182004	9	107	3	0	12	0.571428571429
0.0234756267318	0.0163599182004	9	108	3	0	12	0.571428571429
0.0236255462956	0.0163599182004	9	109	3	0	12	0.571428571429
0.0242523917727	0.0163599182004	9	110	3	0	12	0.571428571429
0.0242595008818	0.0163599182004	9	111	3	0	12	0.571428571429
0.0244641281906	0.0163599182004	9	112	3	0	12	0.571428571429
0.0249210330499	0.0163599182004	9	113	3	0	12	0.571428571429
0.0251581204073	0.0163599182004	9	114	3	0	12	0.571428571429
0.0251817446413	0.0163599182004	9	115	3	0	12	0.571428571429
0.0252538482294	0.0163599182004	9	116	3	0	12	0.571428571429
0.0254577649108	0.0163599182004	9	117	3	0	12	0.571428571429
0.0255727103237	0.0163599182004	9	118	3	0	12	0.571428571429
0.0256062641037	0.0163599182004	9	119	3	0	12	0.571428571429
0.0256519449125	0.0163599182004	9	120	3	0	12	0.571428571429
0.0258683101881	0.0163599182004	9	121	3	0	12	0.571428571429
0.0260378884943	0.0163599182004	9	122	3	0	12	0.571428571429
0.0264944578786	0.0163599182004	9	123	3	0	12	0.571428571429
0.0267375475507	0.0163599182004	9	124	3	0	12	0.571428571429
0.0268571476126	0.0163599182004	9	125	3	0	12	0.571428571429
0.0268596037088	0.0163599182004	9	126	3	0	12	0.571428571429
0.0269365909781	0.0163599182004	9	127	3	0	12	0.571428571429
0.0270096307617	0.0163599182004	9	128	3	0	12	0.571428571429
0.0273029554257	0.0163599182004	9	129	3	0	12	0.571428571429
0.0274344329567	0.0163599182004	9	130	3	0	12	0.571428571429
0.0275773703318	0.0163599182004	9	131	3	0	12	0.571428571429
0.0281219357987	0.0143149284254	9	132	3	0	13	0.590909090909
0.0281245614912	0.0143149284254	9	133	3	0	13	0.590909090909
0.0282148771924	0.0143149284254	9	134	3	0	13	0.590909090909
0.028243072072	0.0143149284254	9	135	3	0	13	0.590909090909
0.0287341676905	0.0143149284254	9	136	3	0	13	0.590909090909
0.0288835869362	0.0143149284254	9	137	3	0	13	0.590909090909
0.02914685532	0.0143149284254	9	138	3	0	13	0.590909090909
0.0291743590319	0.0143149284254	9	139	3	0	13	0.590909090909
0.0291753430499	0.0143149284254	9	140	3	0	13	0.590909090909
0.0292817300657	0.0143149284254	9	141	3	0	13	0.590909090909
0.0294282840181	0.0143149284254	9	142	3	0	13	0.590909090909
0.0294301225184	0.0143149284254	9	143	3	0	13	0.590909090909
0.029525298252	0.0143149284254	9	144	3	0	13	0.590909090909
0.029579795505	0.0143149284254	9	145	3	0	13	0.590909090909
0.0295847704669	0.0143149284254	9	146	3	0	13	0.590909090909
0.0297328470996	0.0143149284254	9	147	3	0	13	0.590909090909
0.0297796460799	0.0143149284254	9	148	3	0	13	0.590909090909
0.0301586623027	0.0143149284254	9	149	3	0	13	0.590909090909
0.0301950247572	0.0143149284254	9	150	3	0	13	0.590909090909
0.030262012038	0.0143149284254	9	151	3	0	13	0.590909090909
0.0302990067712	0.0143149284254	9	152	3	0	13	0.590909090909
0.0305010600527	0.0122699386503	9	153	3	0	14	0.608695652174
0.0306218393664	0.0122699386503	9	154	3	0	14	0.608695652174
0.0306263427539	0.0122699386503	9	155	3	0	14	0.608695652174
0.03069631541	0.0122699386503	9	156	3	0	14	0.608695652174
0.0311985454365	0.0122699386503	9	157	3	0	14	0.608695652174
0.0312216059874	0.0122699386503	9	158	3	0	14	0.608695652174
0.0318329076366	0.0122699386503	9	159	3	0	14	0.608695652174
0.032230593833	0.0122699386503	9	160	3	0	14	0.608695652174
0.0331201251421	0.0122699386503	9	161	3	0	14	0.608695652174
0.0331220885919	0.0102249488753	9	162	3	0	15	0.625
0.0332029955283	0.0102249488753	9	163	3	0	15	0.625
0.0333462388355	0.0102249488753	9	164	3	0	15	0.625
0.0334988657259	0.0102249488753	9	165	3	0	15	0.625
0.0339216261011	0.0102249488753	9	166	3	0	15	0.625
0.0340663308018	0.0102249488753	9	167	3	0	15	0.625
0.0342707637528	0.0102249488753	9	168	3	0	15	0.625
0.0347803303219	0.0102249488753	9	169	3	0	15	0.625
0.0347847662207	0.0102249488753	9	170	3	0	15	0.625
0.034787781178	0.0102249488753	9	171	3	0	15	0.625
0.0352857641039	0.0102249488753	9	172	3	0	15	0.625
0.0353724937787	0.0102249488753	9	173	3	0	15	0.625
0.0355950962655	0.0122699386503	10	173	3	0	15	0.6
0.0358695555763	0.0122699386503	10	174	3	0	15	0.6
0.0366014770831	0.0122699386503	10	175	3	0	15	0.6
0.036755501432	0.0122699386503	10	176	3	0	15	0.6
0.0369326227512	0.0143149284254	11	176	3	0	15	0.576923076923
0.0370259074284	0.0143149284254	11	177	3	0	15	0.576923076923
0.0372233667986	0.0143149284254	11	178	3	0	15	0.576923076923
0.0373352023002	0.0143149284254	11	179	3	0	15	0.576923076923
0.0373589483155	0.0143149284254	11	180	3	0	15	0.576923076923
0.0373717209724	0.0143149284254	11	181	3	0	15	0.576923076923
0.0377602421447	0.0143149284254	11	182	3	0	15	0.576923076923
0.0377743475558	0.0122699386503	11	183	3	0	16	0.592592592593
0.0379926818952	0.0122699386503	11	184	3	0	16	0.592592592593
0.0380717087326	0.0122699386503	11	185	3	0	16	0.592592592593
0.0380797717965	0.0122699386503	11	186	3	0	16	0.592592592593
0.0387565357273	0.0122699386503	11	187	3	0	16	0.592592592593
0.0388911066938	0.0122699386503	11	188	3	0	16	0.592592592593
0.0389088610779	0.0122699386503	11	189	3	0	16	0.592592592593
0.0389460734952	0.0122699386503	11	190	3	0	16	0.592592592593
0.0389741673089	0.0122699386503	11	191	3	0	16	0.592592592593
0.0391759775398	0.0122699386503	11	192	3	0	16	0.592592592593
0.0392419287953	0.0122699386503	11	193	3	0	16	0.592592592593
0.0393233515297	0.0122699386503	11	194	3	0	16	0.592592592593
0.0394963170063	0.0143149284254	12	194	3	0	16	0.571428571429
0.0395281536149	0.0122699386503	12	195	3	0	17	0.586206896552
0.0395522956354	0.0122699386503	12	196	3	0	17	0.586206896552
0.0395876999466	0.0143149284254	13	196	3	0	17	0.566666666667
0.0396512719413	0.0143149284254	13	197	3	0	17	0.566666666667
0.0398375025166	0.0143149284254	13	198	3	0	17	0.566666666667
0.0400809034103	0.0143149284254	13	199	3	0	17	0.566666666667
0.0402763322027	0.0143149284254	13	200	3	0	17	0.566666666667
0.0402948626499	0.0143149284254	13	201	3	0	17	0.566666666667
0.0403291266855	0.0143149284254	13	202	3	0	17	0.566666666667
0.0404854543394	0.0143149284254	13	203	3	0	17	0.566666666667
0.0408798747417	0.0143149284254	13	204	3	0	17	0.566666666667
0.0410263098093	0.0143149284254	13	205	3	0	17	0.566666666667
0.0412150287326	0.0122699386503	13	206	3	0	18	0.58064516129
0.0412235134483	0.0122699386503	13	207	3	0	18	0.58064516129
0.0412520076875	0.0122699386503	13	208	3	0	18	0.58064516129
0.0414012834538	0.0122699386503	13	209	3	0	18	0.58064516129
0.0414438361396	0.0122699386503	13	210	3	0	18	0.58064516129
0.0419543525559	0.0102249488753	13	211	3	0	19	0.59375
0.0423832502731	0.0102249488753	13	212	3	0	19	0.59375
0.042534564092	0.0102249488753	13	213	3	0	19	0.59375
0.0425986761159	0.0102249488753	13	214	3	0	19	0.59375
0.0433119713872	0.0102249488753	13	215	3	0	19	0.59375
0.043419892092	0.0102249488753	13	216	3	0	19	0.59375
0.0435030151569	0.0102249488753	13	217	3	0	19	0.59375
0.0435122360084	0.0102249488753	13	218	3	0	19	0.59375
0.0436842397218	0.0102249488753	13	219	3	0	19	0.59375
0.0441405378696	0.0102249488753	13	220	3	0	19	0.59375
0.0441797141179	0.0102249488753	13	221	3	0	19	0.59375
0.0447000638098	0.0102249488753	13	222	3	0	19	0.59375
0.0448549583919	0.0102249488753	13	223	3	0	19	0.59375
0.0451737823688	0.0102249488753	13	224	3	0	19	0.59375
0.0455370971762	0.0102249488753	13	225	3	0	19	0.59375
0.0455623030898	0.0102249488753	13	226	3	0	19	0.59375
0.0456552891635	0.0102249488753	13	227	3	0	19	0.59375
0.0460987551655	0.0102249488753	13	228	3	0	19	0.59375
0.0461048561196	0.0102249488753	13	229	3	0	19	0.59375
0.0461462342585	0.0102249488753	13	230	3	0	19	0.59375
0.0462330380525	0.0102249488753	13	231	3	0	19	0.59375
0.0464821660748	0.0102249488753	13	232	3	0	19	0.59375
0.0467507128831	0.0102249488753	13	233	3	0	19	0.59375
0.0467629820501	0.0102249488753	13	234	3	0	19	0.59375
0.0469453886196	0.0102249488753	13	235	3	0	19	0.59375
0.0472048779233	0.0102249488753	13	236	3	0	19	0.59375
0.0473063336281	0.0102249488753	13	237	3	0	19	0.59375
0.0473840395836	0.0102249488753	13	238	3	0	19	0.59375
0.0473900382772	0.0102249488753	13	239	3	0	19	0.59375
0.0477201087489	0.0102249488753	13	240	3	0	19	0.59375
0.048307353878	0.0102249488753	13	241	3	0	19	0.59375
0.0483750223603	0.0122699386503	14	241	3	0	19	0.575757575758
0.0487251047106	0.0122699386503	14	242	3	0	19	0.575757575758
0.0487396417501	0.0122699386503	14	243	3	0	19	0.575757575758
0.0488043689968	0.0122699386503	14	244	3	0	19	0.575757575758
0.0490512808307	0.0122699386503	14	245	3	0	19	0.575757575758
0.0492581829495	0.0143149284254	15	245	3	0	19	0.558823529412
0.0493872791399	0.0143149284254	15	246	3	0	19	0.558823529412
0.0496065266771	0.0143149284254	15	247	3	0	19	0.558823529412
0.0496168079616	0.0143149284254	15	248	3	0	19	0.558823529412
0.0500732239268	0.0143149284254	15	249	3	0	19	0.558823529412
0.0502514280961	0.0143149284254	15	250	3	0	19	0.558823529412
0.0503971869331	0.0143149284254	15	251	3	0	19	0.558823529412
0.0508314728695	0.0143149284254	15	252	3	0	19	0.558823529412
0.0508512879767	0.0143149284254	15	253	3	0	19	0.558823529412
0.0514308570694	0.0143149284254	15	254	3	0	19	0.558823529412
0.0516337578469	0.0143149284254	15	255	3	0	19	0.558823529412
0.0516719330835	0.0143149284254	15	256	3	0	19	0.558823529412
0.0516898391652	0.0143149284254	15	257	3	0	19	0.558823529412
0.0518802962868	0.0163599182004	16	257	3	0	19	0.542857142857
0.0522832647025	0.0163599182004	16	258	3	0	19	0.542857142857
0.0524122769441	0.0163599182004	16	259	3	0	19	0.542857142857
0.0524313870709	0.0163599182004	16	260	3	0	19	0.542857142857
0.0525743638339	0.0163599182004	16	261	3	0	19	0.542857142857
0.0526705219563	0.0163599182004	16	262	3	0	19	0.542857142857
0.0527097472966	0.0163599182004	16	263	3	0	19	0.542857142857
0.0531367622898	0.0163599182004	16	264	3	0	19	0.542857142857
0.0532320330145	0.0163599182004	16	265	3	0	19	0.542857142857
0.0533051722404	0.0163599182004	16	266	3	0	19	0.542857142857
0.0534385359864	0.0163599182004	16	267	3	0	19	0.542857142857
0.0537967258465	0.0163599182004	16	268	3	0	19	0.542857142857
0.0538058538956	0.0163599182004	16	269	3	0	19	0.542857142857
0.0538989804079	0.0163599182004	16	270	3	0	19	0.542857142857
0.0540597522296	0.0163599182004	16	271	3	0	19	0.542857142857
0.0543171953356	0.0163599182004	16	272	3	0	19	0.542857142857
0.0544185819716	0.0163599182004	16	273	3	0	19	0.542857142857
0.0544559942343	0.0184049079755	17	273	3	0	19	0.527777777778
0.0545707197845	0.0184049079755	17	274	3	0	19	0.527777777778
0.0546982675046	0.0184049079755	17	275	3	0	19	0.527777777778
0.0547207780178	0.0184049079755	17	276	3	0	19	0.527777777778
0.0548151279297	0.0184049079755	17	277	3	0	19	0.527777777778
0.0548648421219	0.0184049079755	17	278	3	0	19	0.527777777778
0.0550731843949	0.0184049079755	17	279	3	0	19	0.527777777778
0.0552239088097	0.0184049079755	17	280	3	0	19	0.527777777778
0.0556106202679	0.0184049079755	17	281	3	0	19	0.527777777778
0.0556435900897	0.0184049079755	17	282	3	0	19	0.527777777778
0.0556820374409	0.0184049079755	17	283	3	0	19	0.527777777778
0.055961657907	0.0184049079755	17	284	3	0	19	0.527777777778
0.0561756583852	0.0184049079755	17	285	3	0	19	0.527777777778
0.0561850716461	0.0184049079755	17	286	3	0	19	0.527777777778
0.0563271103928	0.0184049079755	17	287	3	0	19	0.527777777778
0.0565050757304	0.0184049079755	17	288	3	0	19	0.527777777778
