cnumpy.random
__RandomState_ctor
p1
(tRp2
(S'MT19937'
p3
cnumpy.core.multiarray
_reconstruct
p4
(cnumpy
ndarray
p5
(I0
tS'b'
tRp6
(I1
(I624
tcnumpy
dtype
p7
(S'u4'
I0
I1
tRp8
(I3
S'<'
NNNI-1
I-1
I0
tbI00
S'\xf2X\xd4\xb6`\xca\x01\r5\x8d\xf6\xb1\xef\x8e\x01\xcc\xde\xc6\xaf\rg\xfbJAU"\x9d@\xe89\xd9\x07\xaf__\xe8\xcd\xe8\x9aa\xaf4=.\x04\xe2\x08\x8d_\x04\x17\xe9\x9bh\xdb\xd1\xae\x8c\xe8\xb9\xf9\x0e\x0cZ\xc3\xcb\xad:\xbb\x18\x06\x1e_\xea\xf6\xb6Tc\xf6~\xd0B\xec+rR\xb9\xd8w\xf2\xb8\xb5\xa1eU\xf17\xb4i\x07\xfdo\x1f6\xda\x88\xbbkHN\xd5D\xd0\x84%M6\xc4}\xa6\x96\x94\xb0\x8d\x1b\n\xf1\xac\\\xe2\xba\xf4G~H\x1b\xe1\x0cMl\xcepW]XYH\x08]\xe1<\xbd\xcb\x06\xa8\xb2\x19\xb8Y\xd5|`\xf5(\xc2x\x8f\xa1\xaaQ}\xd0\x8b\xd4\xea\x92;\xc1\x102R\x0f4\xdet}\x03\xdc\xf38o\xc5\tJ;\x1f\xc3\tz b\x10\x99b\xe4F\xb1P\x88q\x8c\x0c\x0fa\x13i\xa2\x96R\x9c:\x83\xd9o\xee"H\xeep\x84\xbc\xfe\xd9\xe0g\x8b\x10a\x90\xd0\x8an!|\x03\x92\xe7v\xc9i|\x1a\xd5%G\xfd5p\xffI;\xd6\x1e\xa1\xaf\xd1,\xdc\xa5F\x8cK\x1cWt\x0b\x81\xde\xe9\x10\xec\xc2\x98\x0e\xdc\x96\n\xe0\xc3\x8d\x98d\x8fhi\xfa\xbc\xda\xab\x90\xc0r\xcd\xa59\xa5\xcf\x16\x1b9\x0b\x95w/\xcf\x06T-\xa4t\xf1dF$\xaa\xf5\x9d\x97\xc8On8a~S\x19\x03V\x81\r6\x15\xec&\x95<\x8a\x02\xfb\x82p\x91\'\xb8\x81\xcd \xe0K\xed\x92\xee4F\xc4(\xee\xc4\x814\xbb\x1f\xbb\x18\xd6\xf7Ts\xedX\xaa\x92v\xd4\xd2\xc8\xeb\x12\x1b\xe2`\x92\xe24\xec\x9e\xc0n\xe0\xd8\xf6on\xd4\xdbR\xd2\xdf\xbeh\xbc\x95?\xd6\xc2\xe5\xa1\xbc\x8c\xfa\xc7\xa1\x18\xfd\xab\x8a\xd5A\xfe\x01\xfbi\xf1\xde\x90Gb\x97\'8\xfb\x1a#\xcfh\x14a\x0e{\xa9\xc0r\x88\x8cTR<\xb4\x8f\xe0\x0f\xea\xc3\x8d\x98\xbd\xecg,\xb2\x82\xcf\'\x9e\xaf\xc8y\xd9$!i2B"\x04\xca2%~*f\xf8\x94@\xd7t\x12\xd9*\xad\xe7\xd9\x12\xf4sl\r\xf5f\x1e\xd8~L\xd2\x99Uc@\x06\xcacH\x8f\x11\x97\xe6H\xa1\xba\x02\xe7\x12{a\xb8\xea\xb2W\x7f\x1f\xd8Iw\xf3W8\xccI6\x91\x08"\xd2\x1c\xcc\x93p*9\x00x\x0f\xff\x80\\p\x06\xba\x96\xa5\xb6\x9b\xd0y\xedd8yEVs\x89\xb4\x13\x86\x9aJ\xf8r\xe6\xdc\xe4@7v\xc3\xaeO\xcc\xeeH9\\\x0b\xebU\xf3\xcd\xd9\xee_\xee1\x9a\xd12>\'\xb7#N\xe2\x9e\x9b($[M\xd6=0\xa2^>\xcc\x10\xe5By]\xe7\x91Y\xb3k\xe5\x10\xe5\xadr\n(7\xce\x85\r\xfd\xc1\xbf\xd9\xd54\r\xf3\x91"v[\xf3WTw\xca\xfc\xd8n\x18\x7f\xf7\xa7OI$\xff\xfc\x90\xd4OY\xdf>\x1e\\\xa4\xa3\x0c\x0f(\xb8\xec\xfeY\xa9\xf2\x03\xe5~\xa5\t\x8c\xbb\\7x\xfe\xa9\x87\xde\xbc\x1f3\xb3^\x1e\x9c;r\x0b\xb5Yn?\xaan\x18\x05\x1aWRW\xa6\xf1\xd3\xdc\xeat\xff\x07\x88\xd4\xc4\x9e\xaaj\x0b\'i\x18\xb9\x8b\x01\xa1-hC\x80!L\x15G\x8f\x89\xab\xaf\xbb>\x14\x0c\xf9{\xba\xb0\xd3AL\xec\xed\x84\xb4\x0ewT\xa3\xcb\xceN\xba\x84\x06\xd5\x82\xd2\xe7Q+\x929\xffC\x86\xac@Jx\xb5\xbc\xc3[>\xbe\xb8q\xd1OU\x1auP[d\xd5\xd8\xf6\xed\x8e0[sI\xd9\xd9\xbd\xda\'(\xc4\x12\xb0\xd4\x8b\x0b\xcc\x83;\xcd\x92\xc14\x80\xf3\xff\x95~g\xe0\xe3\xdf*\xf48\x88\xeb\x9a\xc2\x04\xd7\xfa\xf2a\x997O\x99\xcb$G\x085\xaf\xd9m\xff9\xdfi\xcbZw\xdc\x00*\xc8\xa6\x94\x88x\x1cCC\xb2W\xc9\xcb ;\xb0y\xbd\xc4 >\x1eCEh\\\x1e&4\x98\x99\xc3\xd3\xd2\xb8\xf3\x8aG\xfe@5.)\x00\x01\x12\xc3\x89\x0e\x9f\x97\xbda\x9e\x80\x16\x98<<\xa7\x105\x0c\x00\xf0\xb3X\x96\xe3\x13f\xa3\x1fw\x9a\xf1X(\x95\x0eT\xf8\xd6\xe7-|y>^\xc91\xd4,\x83\xfe,\xa3V\xd3\xa3s\xdf\xf2%Qy\xc4s\x816Q\xd5\xa8\xfea|\x7fh\xa8\x18\x83\xe7(\xdf[\xd29\x0e\x895\xa8\xce\xb4d\x98S@\xb7 \xcebI\xa0]\x9d\x12Z\x88\xf4\nG\xdf)\x139\x18\x8a\xba\x97\xb8\xc8*\xdc\xfefZ\xdf\xbd\xb5\x08}\xa3\xc8"\x1d\x06C\x95\x7f$W\xc4\xae\x94\xaa\xbd[)VpS\xbc\xe5\xb8N\x17.\xde:\x14Cd\xd6\xc8\x9bD\xefw\x80E\xa3h\xb6\\\x9f\x9c\xf8\x9d\xc5\xeb\x7f\xe6\xabv\xf95 \x0f\x1a\t\xd2\x01,,\xe4%\x83\xdc\xef\xbe,\x82\x8c\x07\xf9\xd9E\xa4\xb7tg\x03ut\x8e\x16\x14\xe3\xce\xde:qgf\x96\x0b\x01\x83D\xb6\x04Q\xa1\x01e\xa2\x930g\xd6\x8c\xee\xafo\xff\x1e\xba\xe5\xd8\xf9\xab\x87d!\xf3\xb8B\xa0lZ\xbc\xd6BQ\x1f\xd1\xb1\x9f\x86d\xfa\x7f\x0e\xee\xf2\xf0j&\xda\xd7IE7\xc9h\xa2v9B\xcbcL)\x04\x17\xdbv\xc5\x1d\xb0\x8c\'\xdb\x16\x80g\xcd\x0f\x1c\xe3\xd8\x0b\xe7\x9a\xda\x04\xd0\xfe\xbb\x99|\x19b\xf4:XY\x14\xff\x1e\xf5Qf\xc6S\x18~S\x90\xe1\xfc\x11&V~w\xcb\xc6\xc0\x1d\xa3:-Lb\xb8c\xb8~su\xe1V\xfdl\xb0\x15G\x9b\x0bg\xc2<\xc3\xb7k\x7ff\x0b\xf8\xfc\x02\xee4\xcf\xda\x9e\x15\'sP@\xbc\x14\xbc\xa4`Ud2\xfa \xa8\xb5\x9dp\x89\xe9\x1a\xefK\xb7\x7f\xb1o\x81(\xd4#\xca\x01\x83\t\xd2\x9a*%\x0c?)#W\x94#|\x9dTV\xec\x80\xaf\x91\xc7\xc8\xd5\x11l\xd6N\xbed\xe5<R\x84\xf2\x1a/\x9b\xb9k\x05\x89\xb0K\x90Q\xda%\xd9f\xffw\xf5\xbf\xcd\x0c\xf3\x97\x81\x88\x84\xfc\xdb\xa99J\xdc\xd6\xc4p\xa7\xa8/\x19|\\\x00l\xf9\x8cqO\x8e<\xe8\xa2\xd4\x83N;\xc8\xa3#E\xb4s\xea\xb5|\x8e\xd99\x15@1\x86sO\xb2\x91P\xe7\xa3\xe1t\x84\xe1\x19\x80\xa7\x8d\x16\xd4\xce\xe9\xd8\x07\x0c\\\x95\x8f\x87s3\x03\xb8\x1cC+\xd3\xd8`\x8do\n&\xb8\x87\xff\xbd\xf0i\xa2\x97j=#($\xf7\xe7\xf0Tc\xfa\xd8\xf7\x81\x1f\xf5\xad\x10\xe9n.P\xa3\x8b\xcd\xc4\xd6\x93c\x1f\x8d\xf6l\x96`\xd8\xae{\xe9\xb44\xa9\xe5\x15@\x12b]\xa74\x8d#\x01C\x1fw{\xfc\x0b\xfclY\xcc\x11W;I8\x8f\xb6\x05\x0b\x08\xd9P\x0b\xf2\xb7\xbfV\xeay\x089\x18+\xa2\xdc\xcd?\x9e\x1fK\x9d\x05X-\x85$a\xc2O\xab\x16\x9f\xd0\xf6\xd5\x98V&\x07\xc2\xfe<\xe2\x06\xb6J\xa0\xa3\x03\xca\x958r\xa8\xca\xcc\xf48y\xcd\xcc\xc9\xc2\xc05X\xbe\xe7\xfe\x049\x05\x82\xda\xda\x08\xe7kU`\xdd\xdef\x84\xbd\xd3\x94;"-2m\x89p\xe8\xaf\xf5\xcc_+\xd4&2\xb7\x80\xdbl\xa13\x0b$\x86M\x9f\xc3\x08M\xca\x18\x06\x11\xe4\xe2\x10\xf8\x95$7\xbf\x15\x9e\xcf6\xf6\x02\xf17\xf3\x07[R\xcfk\xfc\x12\xa8\xcfW`\x1e;\xbf\x0c\xb5\xc2\xd5\x06\x16\x15\x86\xaf\xaa\xbeh\x07.\xc2\x83<:\xbbU\xf9\xd0\x00\x9e\xe3\xca\x13\xf9\xfak\x90\x07\xaa\x94\x96za\x14\xeb\x07\xf0\xa7\xac-\x9b$\x92C\xa4\xef\xafy\x99\xf6\xafJ\t\x82b4\xb8>\'\x10\xaf\n\x1c\xbbZ\xf1N\x88g\xf1C\xbb:;^\x85\x00\x96\x86\xf5\x8cyf\x8dkB\xfd\xa2\th\xd9u\xf2L\xe4\xb9\x1d\x1b\x15A\xd3r\x01\xackl5>\x7f7A\xe9\xeaR\xbaj:#\xad\xefk\xe6\x81\x8a\xa8\xafq\n\x8e4\xbb8\xe5b>\xb4\xe2\xbd\xcb\xc1\xcf(\xd4M\xaf\x08*\xb3\x07\x1e\xc8[\xeb\xc35u[\x97\xc7\x12.\xd0\t\xa6\xe1\xc5\x871D\xa7\x05\xaf\x1dj}\xe5\xba\'\x9c7\x15\xfe\xbf\xdb^/\xb7\xee\x19\x81\xf2\xfc\xb2?\x9d\x00K\xfc\x16\xda\xf3m\x0c\x1b\xc7\xa4\xd6\xa3\xfd{s\xf7A\x7f@\xccye\xc9\x06z\x8a)DIel@\xdd\xfb\xec\xeb\xf8\xf6\\\xa6\xc9\\\x7f\xa8\xb0\x98\x03\xb6\x91\x00\xbc,U8\x00O\xd0\xa0\xc1\xd4\x07\x97\'RSPJr\xea\x06D\xeb\x16\x84\x8a\xf3\x97D\xaf\xd3\xf0\xc6_\xc3\xed\xc9\xd5D\xde*LNy\x9a\xb5[l\x83\x01r\xff=\xd4\x7f\xbe~\xe7\x93\x8b\xe4\x99\x805\xb1\xc6\x9f\x9b<\xbd>\xb2\xabt\x91"\xe9\x13\xefr\xf5\xb3\xce60\xd9\x19\x07\x7f\xf0\x90\xf4q1\xe2\xa0*1G\xf9b\xfc\x0c\x9e_\x11\x81\x1f<j,\x7f\x08*\x16\xbft\x02\xc8\xa2\xe5O\xac\x15(3{\x0b\xb9\xa9\xc0\x005\x96\xb7j\xb9\xc1\x8d\xcbE\x05\xcb0\x9f\xca\x8b[2\xef\x00j\xd2J~N.\xf83-\xe3\xa2\xc3Y^\x06\x9e\xde\xe2e<\xe9\xc7a:\xfe\\\x13\xf3k@\xf9\x0eW\xf8\xab\xfc7(\xce\x1a\'\xbc\x9e\xe6k\xbaa\xde6n\xe4\x19\x82\x15\x01\x92\xcf\x8att\xc2\xf8\x9bW\xb4\x7ff%\x84\xcf\xd0\xbcF>\xdc\xf4!\x03\x14\x91\x1d%D\xaf\x8c!2\xc4\xbc%\xc7\xae\xdb\xf1\xac\xa4\x02\xba\xd0\x94\x19O\xfc\xfd\t\x94x\x13\x83\xd8\x8d=!\x1e\xc6j\xc1w\x8c\xb7`\xecYB\xb26\xe9\xbd\xeb?\x89\r\x06\xe7\x0f\x84\x01\xcc\x11\xec\xe2\x10\xf2\xe6\xf2g\xef\x0c\x11;\xe5\xfbU\x1dH\x19\x88K\x83\xe6m\xe1jx\xb6\x89\x94\xf7\xaa\xfd\x8a\x1b\xa0\xe3\x82n1\xee\xe2\xc5~\xd9\xb2\xa6\x10Dud\x16\x84\x0317\x06\xc6\x08\x08\xd4&>\x9bzJ\xbc#X\x91\xae\x9aI\nx\xc0\x8d%n\xb8\x11\x1e#M\x9e\xfeB\n{y\xdd\xa1\xa5\nl\xd2@\xad\x90~t\xd0\xf4\xa4\xcd\xf2*E\xe8\x9aZ@r\xb3\xed\xb7\x1d\xd3*\xa2\x93\xdfyC\x8dz\xd1\tP\xf1kLG\xea\xc1\xfbk\xbc\xea" L\xe8\x06\x12ZIF\xf5\xd6\xa8\xc0\x97o*\t\x07\xc5\xce\xd9\xda9\'\x1f\x05\xe1\x15\xf4\xf5\xe83H\xd2l8\xd0p\xad\x85+w\xa9\xa9\xba\xe6Y\x17\xcb\xb5\x0b\'\xf9Z\xf0a\x10\xbf\x8d\x07\x03\xdf=T\x84(\xa0\xddH\xec\n\xd64\x10\x01\x80\x9b\xf4gn'
tbI624
I0
F0
tb.