cnumpy.random
__RandomState_ctor
p1
(tRp2
(S'MT19937'
p3
cnumpy.core.multiarray
_reconstruct
p4
(cnumpy
ndarray
p5
(I0
tS'b'
tRp6
(I1
(I624
tcnumpy
dtype
p7
(S'u4'
I0
I1
tRp8
(I3
S'<'
NNNI-1
I-1
I0
tbI00
S'\x1f\xa1\x0c\x96\x18\xbc\xa6\x14\xd24\xbc\xbc\x9d\xe2O\x02Q\t\x9e\xa8O\xc3\x91beYV\xacZm\xa2\xa7\xca^Y\x85\x9bI Q\xf8Q\x83\xc0\x9d\xb1\t\xb1\xed\x05\xf9\xc5\x82\xef\xa2\x91\x87\xbf1\x93\xcaD\xac\x9f\x12\xe8\xa7&\xd6)1\x00m\x0f%%\xed\xa78I\xbf\x82\x01\x18:\x8f\xe6\x98\x7fY6\xbf9?Z\xee\x96=\xa7D\xd4r\xd3\xce\xdd\'\x14\xac\x8e\xf2\xf9\xe6\x9eR\xc2\xda\xe5\x96\x16k+\x17*W\xb3><\xa1v\x83U\xc3\xcf\xe5`\xb3\xe3\x1b\xf4\xb92\xd9\x0c\xad\x04\xf3\xbcC\x15\xea\xd3w\xc0\r^\xf1\xd1U\xe2Ke\xe4\x99H\xbd\x7f\xde\xa4\x8f\xde\xe8\xb1\xbe@\xf6\x0c\t\x1fQD\x97`\xd5\xd3\xff\x18\x80h\xc9V@k\xb7H\xb9\x8bq{ZOJ\xfbm\xf3("\xc6\x9f%\xe9\x0e\x1cS\xda|{\x02!0\xc3\x806D\xady\xe2\x04\xee\xe4\x85\xf0\xe1l0\x0e6\x0f\xe2\xccQ(->\x00\xe33\x06eb\xd6z\xc8\xff\'u\xa8}\xa0\xd5\xe5\xd1.\x00\xc1\x99t\x8f\x8d\x03V\xcc\xa5M\x8a\x15\xc2\xf9\x02N\xb1\x89"z@\x05"\x13\x84\x9eA\xc7\xfcf\xa8\x80u\x1f\x97\x872O\xc6\xcdNKY~\xae\xab#\x1d\xa0\x9b\x89x\x85>\xe0/\x81\xbb\'\xac\x13B\xba\x0fMx\x11\x9a.\xbf\x80j\xdb?>b7\x1f\xe6\r\x1e\x11\xea^7O\xb4aT\x01*u\xbbw\xac\x86\r\xed\xd5\xf5yr\xec\x9c\xd4\x1f\xbdp]\xbf\x03 \xf8\xe7\xf7\x97\x81\n\xa9\x9c\xd0}\xd5,\x84\xa0\xf6D\x15\xf9\x85+\xf2Q?6lM\x07\xe4\x82\x18\xb9\xf3Dm\xf2`{\xf7\xf90?\x19\x98\xb5\xb8c\x1d\r\xd2G\x1c\xbdP\xaa\xe0\x93-\xbdf\xa3?\xc4x\xcf\xce\x13\t\x82\x9e\xfaK\x1d5\xee\xa4\xb6|\x99\x93O\x883"D\x1b\x9f\xaf\xdcR\x9cx\xd8\xae*&\xb6\xfa\xa9Y%\x07b^ \x14\xf4\x88\x8cq\x9d\xcc\xe7/@\xb6lb4\x9b#\xb8\x02\x98\x113\xf5N)\x08\xfb\xa2\xc0{\x9b\xc2\x1a\x90\xd0\x80\xb0e\xf7\xc6\xf2(\xc4\xdc\xce*\x99\xees\xd0\xab\xb5\x1c\xb7d\x12\xa4"\xaaSpz5+\x0b5i8\'\x1d30|\x18q\xf5\xfd\x0eB\x854!\xeb\xb15!\xe2\xda\xa9\xdd\x18\x86GD\x9f\x04\x06D\xdc\xc5~\x92\xaa\xf2\xd0\xfcb\xa1\xc9\xf4bf\x01\xec\xf8\x8bL\x1c\x8b5\xa9&\x8d\xba7~\x11\x88\xdb\x84\x9e\x96!2\xe8<y@\xfa/\xe7\x8f\n\x1d7\xd0"n\xd9x\x92\x0e\x0f\x7fx\x94Gl\xc9\xa51E\xc0JJ\xdb\xfa\xf2:=\x1d\x0b\xed\xfba0\xcd`\xa2\xe2\x8a\x88\xee3f\x8f\xe9m\x1f\x0bv\xa0\xb1\xf6\x84\x89t:)\x81\x8c\r\x96\xfdsK\xab\xae\xc6\xd0A\xbeiXQ\xfdCz\xb5\xf5\\L\x94UB\xdc\x95s[\x17_0\x84\x10I\xcd\x0f\x1c\x9f\xa9\xcc\xb1Cs\xa2e\x8a\xac\xc1p\xbdZ\x9eo#9\x8f\xf5\xefjV\x8e\x0ew\x1eS\xa1\xac"#\x9f\xdc\xc5\xfd\xe8\x83\xec\xed\x0f\x1fA0M\x17\x9b\xa1/\xb8\x0eJJKg\x89@x\rm\t^K\x10\x12\x16SNz0\x8d\x89L\xcfo^h\xaa(\x06c\x95\xe8;\xa0\xa2\x07\xec\x1b\xcd\xf1e\'\x0e\x15\xb203\xbfUn\x1b\xb5\x8aV\xc8Mw\xf5=*1:\xd0\xf4\xbd\xc8*\xfeD\x98\xa7}\x9c\xaa\x03S\xc5X\xd3\rM\x8f\x11\x19w\xf0_5\x8d&\xf4\xa0*\x86\xa7\xef\x92*^f\x00\xdbSREQv*B\xc9\xda\x93!D,Q\x9e\x8c0\xdf@\xddl\x05\xc1V{\x8f\x96\x84\x85d\xd1\xa3\x87t\x10\xa02\xcd;\x03\xfd\x10\xa4O\x92\x97/\xe5\xa0t\xd5\xe6\x1c\xe7b\x90\x01\\ZC\x1b\x02a\x80\xfd J\xae\x9c\xce\x9c\x0es\x03\xd6p\x12\xfd\x99\xdb\xfc\xdd\x10\xb3\xde\xfde8\x9a\xbd\xa6D!\x9djxoV\x99Q!n\r\xebZ\xc3\xc8\x16\x1fi)\x9f\x0bV\xefh=p\xf1\tw\xa6&p\xbc\xc7W\x08\x11\x11\x15\xc8\xf6\x1d\xb0\xb8\x14E9j\xc2\xabx\xe0\\\x98\xfc\xb9#\x1eYV\x0f/k\x1bc\xd7\xc6\x8a\xa9l\xeb\x00\xd9\xf2o\x90a\xc7l\xa7@\x7fz\xe3\xbd"\xf2\xd6\x07\xed\x87Jm-\x83\x99P\xb7\xc4\x01p\xb4\xed\x1e=\xc5\x0b\xad\xd4\n\x97B\x0b(\xfc\xddm\x02\xcb\x8c\xfb1\\L\xd6E\x08/O\x8c\xee \x15ryyw\xc1\xcf\xc8\xc6\xc9\x17\x14N\x1e\xc7h\x97\xcd\x91\x13\x9d\xf3\x16\x92\x91J%\x1f\xed\xac\x93\xe1\xf1q\x9c\xab\xac\x00G\xe9(\xc3\xef@\xe5\xcaI\xb7\xbb\xd7\x9c\x98\x88\xc6I\x0e\xc0\x05\xc7\t\xe1\xb7<\xf0F1\xf1>$g3\xc3(\x8bu7\xba\x9fBZ\xabc\x87\xac\xe5\xa1\x14\x8c\xb0-\xd6\x98\xbc\xba`\xcbQ"\x1b\xacy1P9$i\xf0\xf8\xf7)z\xcaj\xa4\xd3i\xb9A\x9f\xbf5A\x9d\x9d\xe8\x18\xf0E7\xe6_~\xabR\xa9{ZL\xb4\x9d\xba1\x8e>\xe07\x10\xbd\x87\x7f\x08\xfb\x15fs\xc6\xfe\x12jx\xe5\x82\x17\'(\x0f\x1es\xb5\xafy6S\x9aZ\x173F\x86\xd8\\\x1c\x15?\xc7\xb7\x1f\x8e`\x98\xecA"\xd8\xa0\x1ba\x8a\x82\xbe\xc03|\x839Y\x84S\xd9\xef\xbea\xa2\x96t\xb7\xc4ox\xb2\x96)\xbd\xd9 "\x03\x19\xc4Z\x81\xe2m+\xe4\x04\x04A\xa8Yj\xcbGL \\GcnZ\xd1#Ii\xa2\xa9\xc7\xa0\xe6\xecI7o\x0c/\x88\x1f\xa8<\x86\xdf\x18\xe2MjK9g{\xe8\xc6\x06\x16\x03\xb2\x16_\x13U_\x11\x94\x1e~\x0f\xc5\x0f\xcf4}\x8d\x9d\x95\xdc/@]\xa3xW\xf1\x0eX\xf7\xf8\x00\xa8\xb8br\x96(\xc1\xb2\xd7\x0f\xedy\x19\xc29#*\x92wv\x7f6_?d\xbeos\x99\xc9\xf1\xfb\x88\x16\xa7q\x95z\xc5Bk\xbc\xaf\x0b\x8b\xcb\xe5\x10\xa28\x95\x96\xc8\r\xbd\xd5\xf0M\xe7\xb5\xfa\x121\xec;\x0c\x99\x7f\xe4\x07F\xed\xcd\x0f\x1e/7=\x82y\x17\x1e\xc8d\x8b\x99\xd88\xeb\xf3P\xae\x966\xf4\xde\x0cw\xb8\x89\xb9\x88\x05\x0e\x86\xe3\x17)\x8b\x0e\xf5I\xd8\xcd\xcbX\x82\xaa\xa8\x89q\x95\t\xebh\x10\x8a\xcd\xfa\x01&\xf8\x7f\x9aK\\\x03k\xe1<\x03\xbd\xa9\x12\xf7}\x93\x17\xec\xe7?\xb7&j\xd5jLy\x80m\xba\xca/\xa5(\x96J\xb20mc\x99YA:4Q\x8e\xc8e\t\x83"\xb7\xce\x0e\xa7\xdd\xbb\xf0J\x8bp\x0bH,\x02[z{\xa1\xa6\xbd\xb5\xc5\xe8\xccMX9-\xad\xb7\x9e \xce\xca4\x05\xf4e\xcfPU1\xd1\xa7v\x81g\xc9\xb2\x0e\x96!_\xbf\xee\xb0x\xc4\x13\xebd\xd1\xf7A\xe5\xe1\xda\x15\x17/+\x02\xdcPE|\x1e\xed\xaaC`\xeeC\x83\xbbG\xeaD\x07\xa74>\xb9\xc8#\xed\xdf\xea\xb2\x13\xca\xc0"\'\x829\x08\xc2,\xa7W\xce\x9bj#&K\xe1\xa4\xde~5\x8e\x89Z\xbeG\x15\x07\x92T\xf8\x08W\xc5#\xfb\x19\x1e\xa4\xf9`\x1f\x11:\x991S\xd5\xf6a-fE\xefm\x02\x1b:$\x15\x10\x8a\xb7X!~\xc8\x12\xcb\xd1\x8bO\n\xe1\x96\x04z\xf1\x9d-\x10\x97\xb4\xbdG\xfd\xf0\xdaF^\n\xb3\x80\x90<\xf5\xf5@\xf8\xed\xb8~\x7fA\xcf\x1e?H\x1dK*\xc4\xb2\xb3\'\\Y\xf0\xf6\xe7F\xb87\xe3\xc5p\xe9Z\x0c\x8f\xed\x13#\x14\xe9\xabl]\x98\x16\x0e\xa3\x84\xd2/D\x91\x89@\x1f\x91\x18\xb6(c\x89jH\xca\xfc\x0e\x9a\xcd\x04J\x81\xd4\xbf\xc6\x02+\x18jvb6\x83\x11\x96\x0e3U\xcd\xd7L37\xfaM3W\x13S3\xcc\x91\xe4\xef\xe4(\x04M%\xa9\xd2\x9c\xab\x91I\x06\x8f\\\\\xc6\xf1]\xd1i.A\xc4\xa8\xa5*!\xc0\xceE\xc3\xda\xd4|\xb1p\xdb[\xdd\xa1\xad\x0cP\xc4\xb79\xce6\x96f\'c\xcd\x91\x0f\x07;+{ZJ\xdc\xb4\xea\xf7\xc7\x06q\xca\xb0\xe4\xe6\x82\xdd\x86\xffA@\xb2\xcb\x90\xdf\xdeF\x86J4\x8dr\xa1C\x85\xc1oU\xe2\xb4lH#\x195\x0b\x12F\xf6\x14\xb3:\x0fz\xee\xa1\xbf\xec\tN?G\x03\xd5\x16\xd4\xad\x94\x82\xdc\t\x99\x98K\x90\xcbL\xe6|j\x01\x1azg\xacj\xe8\xc4J\xaeG\x9e\xb41Q\xa0\xbe\xef~\\\xb0\xde\x98\xfe\x95B\xf2~\xeaY\xf2\x8a\xbf\x12\x1cn\x91\x08b[\'%\x8cZ!\xab\xe3\xafbK-9)}\x94E\x0b\xb9p\x084Y \xc1\x1e\x94O\xe8\x1eSC\xb2\x03\xdb\x95f/\xf3\xf1\x1d%\x14A5\xd4`\x18#_[d2\x91\x17N4\xa3vk\x0bl\x86\xa9\xd6\xb2\\>\xe5j\x82\xd2\xa1\xeb\xde\xb7v\xe4,\x87CQ\x15\xccZ<<\xcd\xe5\xb4F\xc7\xf7\xe3\x01\xab`\x90\xdd0"\xb2\x9e\xd6dW\xc1j\xd8=\xa3\x1a\x8f\x1a\x87?\xea\x10\x8b~s\xf2\x1d\x00\xbd\xfb\xd6Zd\xc7)\xad\xda\xbe\xa7\xbc/^\x8f\x12r\xf2\x15g\x1bLDU"\xb7\'\xc4iw\xfe\xd7\x82\xf4\x1eQ\xd8?\xd3\xc2j\x88\x00HtHr\xf3\x92\xd6\xba\xdc\x90\xc5F\x05DB,\xc2k\xc2\nG\xb2\xc9\xd3\x1a\x9f\xf7\xc6\x1b\xa7\xcbJ\xb1\x8c\xb91 =y\x9c\xe7\xf0\xad\xbc\x83\xcei\xb4\xccG4Y\x0e\x1cT\x9b\x048V0qC\x96\xfe\xb6h\n\xc1\xf5\xdf\xe0\xf7\xd7"_\x11\x17\xfe\xe8\xfb\xd9\x89H\x99\xb7\xc9\x86\x83\xf3\xdaxB,\x9b\x03\xec\xd0\x1fcr%\xb3lN\x17\x85[\xfbo#H\x89\xeap\x7f\xee\xb1\x07M\xfc\xc5\xc8.\xd5\xb0\xfaU\x1b\xd4\x055\x01\x90,\xeb\xb9\x0fz\x13L\x91\x05\xc4#OF0w\xff\xe7\x89\xf7\x9e-6\xf3H\x0e\xea=\x1e\xc5\x05>\xbc]\x1b\xd5H\x8a\x88\xbe\xaa\x9f\xd8K_@\x93\x0b\xbe\xd0\x86\x1c\x81\xe0\xbe|\x93]\xba\x12\x1d\xa3\x92tk\xeb}?g\xca[\x9c_\xa9\xa8\x84u?;(88DN\xe1\x11Rr12\x8f\xa6\xde@\xb5\xe9\xff\xe0\xb5\x0f\x88\xc64\xc1\xee\xe7P\x8a^\xa5D=\xd7g`\x85\xf9\xe6\xec9\x12\xa9\xdeX\x87\x00\x18\xc1\x9a\xf7'
tbI624
I0
F0
tb.