cnumpy.random
__RandomState_ctor
p1
(tRp2
(S'MT19937'
p3
cnumpy.core.multiarray
_reconstruct
p4
(cnumpy
ndarray
p5
(I0
tS'b'
tRp6
(I1
(I624
tcnumpy
dtype
p7
(S'u4'
I0
I1
tRp8
(I3
S'<'
NNNI-1
I-1
I0
tbI00
S'\x11A\xf9\xae\xb7\x80/"\x9b\xa0\xe5\x9am\xee\xfd+\x95\x89\xdd}}9\xb8\rS\xb2\x9b\x1bh\xe6\x15q\xfe\x06n+\xda\xbb!IH\x81c\xb6]\xa17M\xe88\xaas\x8cF\x95\xb3\xb7\x14&\xcc\x8e\x18\x97\x19\xda\xf3\xa7\xdc$\xf5\xd2\xe20\xe8^\xc4 4\xa0\xdfR\'\xebv\xca\xddU\xe5B_\x19\xc4:\xdb\x85\x06C4\xb9\xc3D\x8d\xa7\n)\xbc\xa2\xe9\xee\xb9\x9awba\xbf}\x86\xff\xf4\xfa\xba\xa9\xca\xa5\x84\xb5\xfb\x93\x10\xa1\x1c\xa3/\x9f!\x9d9B\xc1\x11\n"\xe2\x14\x12\xca\xff8\x06\xdb\x12\x9c\x18X\x04U\xa1\x04\x16\xeb\xa0\x1f\xa0\x0e\x10\xa3\xfe\x9e]\x88\x92\x9b\x7fe&\xab\xefr\xa3\xab\x00\x0b\xaa\xb5O~\xa3\'\x0c:k\xb7\x91\xf7\xe8\xdb\xa8\xb0072\x86\xcf\x8cm\x02\xfc\rV\xacM\xcc\xcf\x87\xb9\x95\x0f7~vO\x00\xb5`\xae\x05\x940 \x0e\x85\xb7\x94\x91. Ei\x7f\x1b\xf7B\xea\x7f\x16A\xb1\x01N\x0f>\x880\xa4\xca\xca\xf2\xbde\x9a\x12\r`z\x0e\xe30\x8d\xf0\xe4JLm\xc4\x9f\xe5\x16\xff|\xa27J\x8c\xabu\x17)\xe0\xc1\x96\x8c\xe3\x9a\xf9*Z\xb7\x13^\xa0\x9b\\\x19\x1a\x84\x8c\x81(d\xe3\x8bLO\xceR\xd1\x00\xfe\xb4UY \xf8\x0b5\x9d@\x1cJN\xed(Fr\xb0\x16\xc2\n\x90+_\x97\x05-#UYf]\xe6U\x7f\xd7}\xe6W\xcaK\xd2\xba\xa2T\x0f \xcb\xd4\xc2\x1d(id\x9bi\x13^\x8c&\x95\x16\xdcG\xe6\xc8\x10c\xa9\xa7\x1e\xd0\x9a.\xc78\xb6\x88B\xe7.0\xbd\xfd\xb9\x16U0\x14\xabV\xc4\x1d|k\xe5\xb51\xb3\x06e\xce6\xc8x\xde;h\xd3\xc2\x9e\xf1\n\x0e\x95fv\xfeZE\xab!\x8e\x92\x90PY7\x97\xb2bQ\xdc\xa5\xfc\xfc\x1a\xb5#\x0b8\xd2\x01r3*\xfa\x06\x8ed4\xc5\x00q\xf8 \xc1Sq\x98yn.\xb8"\x8bj.`\xaf8\xb3\x8a\x9fq\xf9I\xdbi\xa4\xae\x1e\x1ea\xec\x10#\r\x0f\xc4\xce(\xb6\x84\xec\x06\x81A\xb8\xa5\x80\x91\xd7\x96\x0f\x1c!a\xa2\xe5\xa4V04\xe3EU\xc8w\xf9\xd6\x1a\x15\xb4\x87\xe0\xba<\x19:\x16\xf5\xd8G\x16J\xca\xc4L!\xd6*\x1e\r;\xf6\xb1\xf9\x1aNm\x84\xc6+\xfe\xaa\x06\xedqx\x88\x179+\x07\xf6\x08\xfd\xc6\xb5\xe5b\xferl\xd4\x1a\x8b\xf1\x84\xc2_\n\x8c\x1e\x16\xefD\x16\xc87\x89a\xd2\xdc#\xca\xae\xea\xab\xfdXY\x80\xbf\xf1\x87\xd41\x96\xa9\xc7\xff\xc1\x17\x1c\xe5\xc0\x8cf\xa6_\'(2\xbf\x8b\xc8Q|\x08\xe0\xd0L\xf2I\xb5\x15\xff\xba\xa9\xc4}\xd5\x9dR\xe0\x9d:\xab\xf4\x8e"Q\xd3\x03\xe8\xfe\xb3\xf4Ax\xea\xda\x1f<0\xcb\xe1\xdcW\x97~-\xe3H\x1by\xa7W\xd5\xd6~\r\xbb\x0e\x12\xc7\x00\x9e\xc6\x1ax\x8d*\xaf\xb2MP\xe6\x91\xba\x89\xdcj\xc7j\x00\xa3mYx\x10`[\x0b.\x86\xf6\xa2\xc4`\xf8\xe42R\xffX\xfe\x0bDuy \x17\xac\xc9dy\xc3c\xfd@\xf2\x94\x95_\xb92\xbau\'M\x93\xfcM\xc8\xc8\xa6\xdd\xfb\x19\xf1y\x1bH\xbf\x94\x11\x94\xefS\xd5\xf8\xbc!\xae\xd0\xebC\xdf\x9bt5;2\x16Vm\x8b\xa4oo\xd5\xd41+\x06<\x0c\xb7RF\xf3#@\xa1\xc3~\xcd^vT\xb1\xb3\x8b\xfdjf\xaf\xadb\x93&\x9f\x1c\xb7\xe1\xa6\xec\xd6o\x12\n\xb0NIx:\x8cN9\xce\x86\x93#c\x1d8\x05n\x08\xb3\'\x05;\x9a\xdf\xf2Zm\x8faY\xcc\xcd\xafN\xbe\x9e\x83B\x84+4i\xf9#\xd1\x88\xd6\x04SN\xed\\\x1a\x1d\xfej\x92P\x0c3\x98_+\xe2\xefH\n\xe2`\xc2\xb5\xfa\x93pH\xda\xf7\x9ag\\\x84\x8c\x01\x12VgT\x15\xf7;\\\x17\t\xcc\xecc\xeb{\xb7!\x87\x9c\x01\xe3\xf0\xa5\xa0\xb6\xef\x9dB\x94\x87k\xb6\xf7a45i\xb4\xadH\xe3WQ\xff.\xfeK\x97\xf1\x0f\xb1\x11-R\xe5\xabO\xf5\xa9\xe8\x9d\xf0H\xedQ\x86Wp\xd9DA\xea\xa2\x996\xeb\xa6\xc1\x18\xba\xbf\x96\xc8D\xa9\x0f\xe4\xa0\xa9t\xe4\xa8\xaf\xf5\x89\xb8H\x9cZa=\xb7\xe4\xe0\xb4\xe1\xb5\xb8\xdcTP\xa9~\x1de\x83\xf1\x94j\x12\xaeN@\x9c\xba+\xa8\x16\x9c\xb0\x80\xd8@\xbcH\xe0\xc1P)rE]\\\xe8\x14\xf6]\rt#Io\x8f\x9b\x92\x14Z\x1cP\xce\x9aV\xaf\xbf\x1e+O\xb9F\xd5\x95\x84"\x95\\\x9d\x80z2\xef]\xd6\x88M\xf9\xe1?\x13<\xd6{6\xf8\xa8\xa4\x11f\x01\x8c\xb9wx\x98N\xca\xbd\xa8\xf0\xda[\xc9\xe0 (\xa8HY\xa3\xc1s\x02\xa7C\xe8\xecI\x12\xa3\xa1J\xe7aw\x83\xaf\xddu8\x00\x8dl\xa8\xab-\x0f\xa4\x01\x1eW\xff\xd6\x9aT\x8a\xa0OW7\xb3\x9c\x80>\xd8\x13\x86U\xb1\xcciZ5\x88\x0c\xb6d\xdd\x12\x9f}}/\x16b\xbb\xc8+A\xe0\xbf//\x8d=\xc5w\x8c\xa7?2\x06&\xe8\xf1\\\xdd\x9e!\xf1hq\x83\xa4g\xf5\x9d\xf9$35\x9e\\\xb6\x8b\xf51n\x18NK\x91v6\xfa\xcb\x1a\xbbG%\x05\xd9\xeb\xe4xA\x10\xbe\x13\x06\x91\xc6q;S\xb3\xbf\xa6\x13\x9f\xc3\xc0\xdc\xb6\x9a\xc9\xdek(\xae4\xf0\x14\xdbl\xfb\xa8Bo|\xd5\xfb\xd4\x04_\xbd\xfeb\xdb\xe7\xdf\xfd\x97;\x1f"\xcd\x1b8\xba\x89\xe8Ub\xf9\xf2\xd4U\x85\xaa\xced\xdf\xa1}A+\xa1\x04\x14\t\xfb\xadN\x8c\x97\xde\xf2ct\x9f\xcdg\xe7\x17P\xef;UU\xe1{\x026\x9f\x1d\xeeg!\xea\x8d!m\x99X\xab\xa75}\x8d]\xb1F)\x93\x9f\xee6MF\xc0C\xaf\xc5j\x01\x93\xb6\xc3\xbe\xaf\xcd\xe7\xcdl`\x17\xef\xbaTV\x90\xe2N\xb6\x0cPv\x9a\xe8\xedl\xc0\xc0\xd0\xfa\xfb\xc6f\x8b\t\xf4[\xf0s\xc5\xf3\xb2>\xa9w2\xad\xc2y@-\x06|\xc4\xb3pHp\xb5\xdb\x91\xba\n\xfe\xd3\xf4\xd9=OJ3\x08qj\x1e\xa6B\x14\xe0)\x95\x15B\x9b\xf5\x9f>\xa8\xfa8\x14\x87s\x89\x1d\xb5t\x9b\x94.\xf9\x1b\x04S=o\xe4\x08\xdc8jM\x83\xa6\xfa\x85\xfe\x87\x14\x07Z\xe3\xb5w~\xc9\x18C,\x8f\x03C\xf6Od\x88\x88\x9e`~\t\xf2\x04\xaa\xde\xc9\xdc\xe7F\x96K\xd2\x8f@\x1a2U\x8d;\xf9i\x84=T#\xadl\xde\x82\xa2;\x15\x9d,V\xcdf\xee\x16\x9c;K \xf0\xc7yN\xbd\x7fk\xf5)8\xfe\x83:\xb4\x1d\x04\xd2C\x1d\xc6a\x89\xd2N\xa7\x14\x1d\xb6G5K\x7fp\x19sWE\xb0!\xf9{]\xf1\\\x02/\x9b\xb1\xdf\xe1\xec\xff\x03@\xf2Y\xd2\xea\x8f\xac\x0f%\xc7\x15\x05\xcb\xbb.r+\xa7\xadX\t\x82\t\xe0y\xe6\x985\x8cf\x87\xee\x81\x9c.\xff\xd83\x1dM\x1a\xeeR\x81\xb4K\xb4J\xe5\xe2\xfc\xab\x9a\xb6\x1bE\xb5\x99\x00;\x19r\xbbQ_\x80$\x895\x80H\x07QJ\x00o\x02-\x85e\xee\x99\xa42\x8b\xc7\\G\xbd\xac*\x05\x15&\x8e\xe8]/\x92\x98\xe6\xc0\xbeD \x08q\xe9\x91\xd0C\x88\xfen>\xect\x13\x90\x1f\xcc\xcf.RT\x19n\xdbB\x84\nR\x9eqA\x89\x89\xe0\xda|\x02\xfex\x17_\xb2\xee\xb7\xb7\xa8\xac\x82\x90\xdc\x1e\x00\xc5j\xbd~j\xe0\xd0\x0b\xf5\x11\xb6EC\x12-\xb8\xef*;Y\x12\xff\x96+\x1b]\\\xe0\x02\x99@\x19E\x9f\x80o\xff\x00\xffT\'\xcf0\xb5m\xac\xc3#\x935\xd7\xa8P\x87\xff\xa4\x18m\tq\x15\xd0\xff4\xc0\x14/\x1f6W6\x19\xa5\xf3\x0c<1\x97\xed\xec\x17G\x18#\xbaaoM-\x9f\xa3\xed\xfa\x85N\xd95FY\xcan{$\xbc\x19\x91\x8b\x1f]\r\xdas\xda\xafb\x88\xf63\xef\x94\xf5\x8c\x9eg=\xfd\x9ex\x9eQA\x0e\x05\x06\xa5CL\x0fUK\xd9U\x8c)\xf9*\xd45\x18\xa4\xdcNE\xb6\xcc\x02`|S\xf5\xd6(\xfd\xe6\xedYE2\x9b\xb1%\xe5\x9ch\xd9\x94\xb5$\xff\xc1\x8b\xb3:s\x9b\xa51V1`\x01\x1bU\x02\xf8a\xf04\x99\x85\xce)\xf3\xd0,\xc0\xa9\x055Q\x97-\r\xc9 \xb9\x10!\xd1\x99-\xaa\xc6\xc3\xd5)\xd3\x8b\xfac\xd0Z\xde\xe8WVT\xf5\xe1\x9a\x10\x99\xf8\xb6.K\xf7\xcc\x88\x15\x0c\xa9\xdc\xa4\x86\xc5\x8dI\xd4J\xf2\xa6\xc5\x01!,\xa4\xb2h\'$\xbbo\x99\x7f\x11VJ\x1b\x832\xe4"!\xfe[\xfe\xbfp\xa6\xe0\xb0\xa7\xa8\x03N\x1b\x89\x91\xe91\xd4\x98\x92\x8f\xb3-\x10\xc8@\xae\x19\x7f\xb5\xb9\x00\x8c\x8a\\I(]^\xb7\xa7\xea\xff\x9f\x95\xf0\xc1\xe1?%\x8e\x93\xafqqu\xb5g~\xf3O\xe2E\xc4\xc9*\xa1j\xf9\xfcL\x03\xee\xdcJV/\\Pl\xba\xe7\x9d\xcc\xc9\x97\xe3\xca\x1cv\x04\x11\x8b\xc46*h\xc2\x0b\x84\x1a\xbd?\xcc\xc8\xaf\x12()\'\xad\x04\x9d\x18,\x84a8\x05\x8c\x80Zl\xee=\xa3"\x8a\x1ci$\xd1\xd1\x12M\'\x02\xa3?\x01\xb0\x08E\x9a\xbc?>\xc3Xt:^5\x01\xe9\xf7o\x00\xc1\xe9;\x043\xc7R\xc7\xf8z\xfc\x82\xd6\x89\x84rNl-/\xf7\x98,\xc8\x08\xd8"\xe5l\t\x17\x83\xde\x0eV\xba\x83\xb8\xda\x1c\xd5o\'T\x8a\xbc\xa0\x11G\x8a*\xb5!\x0b\xafh\xab\x05S\x9d?\xa5\x06f\xa5>#\xc3\xa6\xf8Ko\xc1\xe0\x82\xef\xc3Ie\xf0\x9e\x19\xe2\x16\x892\xe4\x9d\x88\n\x7fM\\\xa2\x8e\x1c\xf6Bk}\x92\xbb\x8d\xc1c\xa5\xce\x8f\xe5\x9e\x18\xa7\x1e\xbb7v\xf3\xf4\x00\'\xac\xf3\xb5\x87\xba\xd7\x93\x1c>+\x1au\xc7\xcb\xf46\xe3B\n\x99\xe5=VC?$\xa3\xbe\x85p[\xea\xca\x9d"\x11\xf4\xf6\x01\xc7]\x08Obop\xa9\xc60\x06,\xa3H\xd3\xe2jp]\xdc\x83\xb7twI;\x80\xe7\x0b\xabyN\xfd\x88\x1b\xfc\xdco\xc9\xac.P\x03\xd6U\x89\xf7j\xae\xa9\xc9\xfa\xebT\xac\x12\x1be\x00\xb9^c\xf0\x99\xa1\xad\xf5\xa37\xe0Xs\xaf\xc86=\xb1\\\x19\x1f\xe2p\xe6\x88\xce9\x90\xf4\x149\xd4\xbd\x83&+'
tbI624
I0
F0
tb.