cnumpy.random
__RandomState_ctor
p1
(tRp2
(S'MT19937'
p3
cnumpy.core.multiarray
_reconstruct
p4
(cnumpy
ndarray
p5
(I0
tS'b'
tRp6
(I1
(I624
tcnumpy
dtype
p7
(S'u4'
I0
I1
tRp8
(I3
S'<'
NNNI-1
I-1
I0
tbI00
S'Fn(\xbc\xd5\xad4\x91;m<\xf7\x12\xb46a\x99\xfd\xb7\x0b\xb3\x90s\xfb<\xda\xbb\xf6\xc4z\x98q\xeb\xe6\xfa\x11\x16]\xe2\x97\xe17\n\xba\x08\xf1\xd3\xa8\x8bB\x982\x1c\x18\x96\xe3B:U,\x19\xed\xffb}5a\xcd\xd4\xb2\xb4\x1eEi\xaf\x87\xe2>\n\xf6d\xb4\xad\xcd\xd6!\x86J\x88\t0>\xe5t:}\xea\xf6\xba\x01Jb\x94\x8f\xbcg\x07\x7f\xab\x01\xf6\x88\x16\x86\x18\xbd\x7f\x94\x91(5\x93^\x19\xec\x86\x92\x98V;\x87\x0e\']\\\xfco6\xaf\x04\xd2\xb3\xc4\xf1Y\x03\xbb*\x0b\x96)tL\xc6gY\xabv\x81`\xb1M\xfb\x87\x1d\x96)@\x0e^q\xda\x1e@\n>\xeb\x00H\x1d\xd8<\xcf\xe4.>QM\x81\x89\xc3$\x96\x96 \xbam.2\x1e\xf7xZ\x84\xde#\x8bp\xfd$4\xe69\xca\xa0\xf0o\xf6Z,X\xc3\x95\xa0\xe9\xfa$=\x03\x1e\x10\xef\x96\x17\xd4\xf3n\xedW"\xb7s\xc4:\x18,\nAv\x8a\x98\xb3esk\xbe\x85p[[\x9ejU\xfe\xe2\x16\xe2\xc9\xc21\xb2\xfc\xffm\xde#v\x11G{lW\x8e\xebIn\x98\xc6~\x1a$\xe04.\x16\xd0zw?\xd1)\xce\xe8\x05\xc6:\x87\x1f\xa9jP\xabOo\x8d\xe6\x8a\x0fC\xf4II=l)\xe9[=\xce\xa0\xf6o;k\x85\xc2\xd1p\xd1\xee\x99\xc5\xe7a\xe4J\xac\x03w\xe2\xeey\xd3^\xf5@Bi\xbcdq\xa6\xa5Cn\xa5\xe1\xa0P\x05\xf9\xc1\xdfm\xab\xc4iw\x99\xf42,\x13\x83\xebz\x0b\xbb\xd6\x9cX4\x15\x8d\xf2S(\xb9\xfb\x97\xbe\x0f\xa2\xec\x02\xf2\xb0*\xfd\x98\xf9\xf95R\xe6:\tx\xffA\x808\x12j\x8c\x89\xcc\xf8\x7f\xdeD\xffN\x88\x8a=\x85\xbdU\xc1K\x08\xd1\xbc/\xeb\x19\xec\xf5\x9f\xc3G_\x0c]\xd3\x03\xe7#\xd9\xb1\xed\xbc\xbeJ\xac\xbdd\x93@\xbf\x7fh.\xf0\xdf)B\x90ug\xcad\xa5\xfe_\x9dY\xaen\x9cF\x94<\xdf\x9c}\xf8\x19\xc9+:s\x18\x12T\x9b-\x16\xf0u\xf8\xdc\xbd\x18\x14\xb25\xa7\xa8(>\xbd#q8>\xe9o^Me\x9bY\x97`[{\xc6\x03q\x1a\xcb9\x8d\xea\x882\xf3(\xab\xea\xa1\xdd\xcb\x17:\xc1\xea\t\x05\x1fer\x88\x93\xd6\x0cAW\xbf\x82~;\xb5\xfey\xbea\x0b\x9d\xea\xc3\x10\xcf#\xc6\x95y\x9b\xf4\x07D\x8e\x8f\xfdq\x00\x9dS\x1fh9\xa0A4\x14\x02u\x16\xdbIr\xe0>\x17\xcf?\x0b\xb3\x9e|\xf5\x96\x97\x04\x85m\x9f\x8e\x13\xb3\x01\x8e\x0c\x9b\xc9\xc1\x14\xd0\x83\x8d\x8e\x04\xdc\xfe\x85\x08\x01\xca\xc3x\xee\xafT\xff\xe5U;\xcd\xd0\x93\x0f\x1f\xf8A\xc32\x95\x9e\xda\xae\x8eJ\xfb\xd2C5\x18ck\xc0\x8eV\x1a\x8d2\xda7p\xe3\x04\x90D\x84\xfe0X\xbb\xa6\xd9\xa0\x1c][L\xf6}\xf9?\xa5&\xaa?\x04\xe0\x11\xfal\xe2\x9c88\x16\x0c\x82\x8f\xb0dJHS\x99\xc7\xbe}\x01\xd6\xe2\xc2\xcd\xa4[\x03\x0c\xcb\xc2\xe6\xe5a\x1d\xbc\xd9\x84X\xda\x81\xa9H\xf0\x01\xf0w\xb0\xb8\xa8+\xcb\x8fz\x11\xc4\xd7\xf4\xca\xac\xc1\xbej\xca\xc8\xf7\t\xd7v|\xf2E\xe52\xeb+\xf3\x8cv\xf5\x80\xfb\x12Hgbk\x07k\xdf\x0fb\x84a\xf7a\x0c\x10p\xa2;\xc7S\xfb#\xd7\xb6\xb5a\xe3D\x1f4r\xdd\xc7\xe7\x17z\xcf\xe7\xc9&m\xfa\xfd\xf5\xb3/9\x8b\xde\xe8\xe1~5\xe92\xb7\xcf4\x91\xbbl\xe3\x0b\xdc\x19l7\xe9g\x80\\\xb5F;[.\xbf\xb3\xa3\x18X\x17^o\x00\x08\xb9\xf3\x15\xeeH\x1f\xee\x9dB&\n\xd2J\xa2\xd1\xdd\xf5\xbc*\xcbKq\'\nb!\xbb\n\x95\x8e%F\x16\x07\x1a\xef\x97\x80x\x83\xdaB\xd9\xcf\x85\xb21F7\xa2\xec\x84>D\x89\xaeD\xf2+\x89\x8a\xcb^\x89\x0c\xfa(\xf2vI\x85V\xcb>%\xa33\xc1\xc0\xdf\xae^\x14\x04\xde\xa9p\r\xf4\xc5\xf9\x16\x02\x96\xbd@\xd2D\xee\xc2\x1a\x08\xcfK\xf9]\xe8\x98)8\x0c\xc3^\x12\xf8\xb4\x1a\xab\xe7\x03\xb7\xd9\xe4\xf0\xa9\xd3q\x0f\x13\xe5\xc0\xb9\xe0\xe3\x7fC"\r\x7f\xb9\xb4\xde\x87\x97\xaf\x07Y\xfe\xaf\x17\xe7\xd2\x13\xaf\xdf\xd9p\xb1_\xee\xfc\x1d\x85\x81\xa5\xdf\x11}?\x8az\xdd\xdf\xf2\xb6\xb3\xed\x9c\x9drm\t<\xaa\x8b\x9d\x8c;\xc3\xd5p\xcd\x87x\xc8\'\xf7\xe5\xf2\x19\xb5\x1e\x12!0\xa3\xa3h\x83\x01\x01\x9b}\x11c\xee\x1d\xd2E\xa3n\')Q\x14\xca\x80\x86hDZ\x84L;!\xb2\xd7e\xe3|\x02\xb8\x02A\x98\xf9\xd9Z\xbf\x9a\xa6\xb9:s\xaa\x8c~\'\xc33\x82\x1f:2\xa9)\xb5H\xe9h\xfb\xef\xbf\x81\xf7\xe6\xf0L\x8c\x9beW\xe4\n\xfb\x87\xe2j\x10\x05f\xaaq\x18\xfa\xfb\xfe\x0cXm\x9d%\x94Nr\xbc\x97`\xe5\xfc\xe8\xc0\x13D\xe6T\xe7K4\x01I!DV\xb1\xa2\xf8\xea\xbd\xe4\xccs\xa2\xc4>B;\xad\x93\xf5\x95K\x8a5\x8c"GRp\xf7{Z/\xafSX\xc1\xf6\xa6\xb2\xa2\xb1+xc<oa\xa6\x04\x1c\xc4\xbb0h\x08x\xf97\x9c.\xe3\xc0\x88\x99\xb4>\xa6\xb5\xa1\xe4f`\xcbn\xf98\xe8\x9a\xd0\xc9\xff2\x03\xc8U8L\xa9\xae\x04e\x12\x00FO,\xf7\xd5cI[I\n\x95:\xcf\x04/\x84\xa4\x14\\\xd5K\xbcQ\xaa\xfc\xb0\xf8\x03\xc3I\xcc\x16\x93\x05\xe8\xb1\xfa\xa6\xd4-:\xe9\xf8\x14\xfd\xc1\x82>\xe5\x9f\xc0\xf2{\x1a\xe3zQ\x14&\xf3\x1fx\x91\xe8\x01\x9a\xe3\xf55\'\xd2\x18\xcf\xa8\x9f\x90\xf6\xbc\xf1\xcc>\x95{7\xfb\xdbYQ\xa0]\xcf\xc5\xcd9j\x12\\]\x18\x81+\x18\x81\xdd\x81\xf3\xd7\xfd\xa1-\x13\xc5Hg\xae+>@\x08H\xabe\nk\x953\x12\x8a\xee\xbb\xdc\xb2\x80\xdf/\x93\x81dS\xe3\x15r\x16\xe1\xf6\xbfV\x9an\xb5\xf1\x1aTU\t\xea\xaa\xa6\xa3#S\xc2(\xcf#\xb81\x14-\xa9M\xb6\x10\xd3\xc0\xa9p\xde\xd3/\x1d\xb0\x9c\xa8H\xe7\xa9\xe72\xbf\'\xb7\x1d\t\xa9k\n\xaa\xbc9\x80\xb8\x8b\x97G\xce\xed\xf1sF\x83\xc5\xb5y\xe3\xf9\xf5K\x0co\xf8\xe8\x88.\xac<\xdc\xa6\xd9\xbc\xa3B\xe7\xa4\x82\x8dZg\xb6)\xf4\x08\xe8\xe1H%\x86Z\x98\x8fkMO\xd1\x99&\xe1\xbe0cO\x1e@\x0b\xff\xfe\x8e\x9b7\xe0X\\>\xbb=#]}e\xc6\xa3\x1b\xead\xd9WH\xc9\x9d\x0b\x9aeLa=\x93\x9e\x8a\xb4\t\xcd0\xbb\xaa\xe5_\xcf\xd7\x1c\x07\x13\xa5K\x9dD\xde\xd2\xa3\x90c0\xb1\xdd\x13$\x9a~\x91\xfc\x88\n S%j\xb1\xccC\xd5\x90\xd1U\x8e\xc8%\xe8<#DT\xb4\x04\x1b\xd5\xabh\x95\x0f\xe8\x1fei\xa9\x90\x8e\x0e%\x8f)\x0e#\x1a\xcc\x10\xfc\xdc\x0ed+\x7f\xd4FK6\xf6\xd2U\n\'JO\x18\x0bV\x8d\x08]yk\x17\xe3\xe8*Y\x8ai\xa6$}G\x87v\xe3W\xf8\xf1\xa9)H\xf1\x92\xb6\xa5\x90\xc3v\x97~\x0bL\x96E)\x90P\xc24\xdcD\x16\x18Xy\x8b\xfd\xed\x11\xf8\xb52\xd9\x95\xa1o\x89\x0e\xcev\xdd\x05\x91\x7f\xe0(\x14TvV\xbf(\xe2\xc0\x07\xa8q\x7fLT\xa7\xf1\xf1\xa7\x87ej!K\x05\xfbwQ\x1de\x0ec\xdf\x8b\xa4\xe0g|k\x93 \xec*\xf5\xe4\xae#=F\x19\xfb.\xec\xb2\xd5\x89\xbf~\x10\xb6\xf8\xb6\xa3\xbe\x89I6pL-\x95\x88\t\xae\xb7\xfb\xbfA\xf1\x93l\xf5\xe1\xae\\\xdd\xf7[\x88f\xef\xe27\x15\xd1`uq\x97\x06\xf0\xeb\xc7C\xf3\xcc\xad\xab>\xe34\xffu\xe9<\xa6\x02s\x97\xaa)t\xae\xee\xe99\xd2\x16\x98J\xc0\x1b}\x7f\n\xd5\xff\x1b0\xe9{;c\x18]\xff\xa14\xa3\x8eX\xcf\xc7\xa7\'\x1e$i\x87h\x9bY\xbb\xc8\xea\xab\x9d\x97\x81\xa5m:gJ\x14t\x89\xf9\x86\xdf\xa5`\xdeT\xaa\xd8Z\t\x0cM\xf5\xc0\x8a\xec\'Z\x9by"\x8a%\x17\xdc\x04\x1a\xd83\xc6\xdb\xe2\xbb\xd6l\xb3\x1e-\x96\x81\x0bH\x8a.u\xe8M\x90\xd1\xf2<\xc1\x07\x95b\xd7\x9d\x8d0\x86\x02G<\x00!\xe2\x9eN\xde\xdc\xff1_\xe7F\xeb\xb6\xe9L\x96\x90%Z/1\x8bs\xfa}@\xa6\xa60F \x0b\xe9pV#\xd4pl\xb2Qo\xc4\x03Pr|\x0c\x05\x1b\xd6\xd0\x87/\x08\x87J\xf8\xdc\xd9\x8a\xfe\x11\xb2\xfa1\xcb\xf4\x9dUTC\xe7\xb0\x97Ab\x17\x03\xfe\x11\x08\x85\xe5\x01\xfdC\xc4V\xf4\x92\xda,\x91\xbb\x8b\xee\xaf\xc3\x81\xd98\xf2\xae!y\x13\x8f\xe0b\xf2\xaa/<,\x87E\x9a\x06\x91\xf3\xf4\\\x8f\xbbJ8\x95P5A(}w\x0c\xa8\xd8t\x87.)B4q\x99>\xfc\x165\x97\xa5c$}3\x0b$\x88\xb2`\x9e\xaa>\x92*6\xa6\xdb6db\xd3`\x03\xa00I\x08Asl\'R\xa2\xd6\x89_G\x9d\x1eQZ\xbc\xc5\r6\xca\x7f\x15\xed\xa0JV\x91\xc2\x16\x94\x8f\xad\xc9\x178\xb6\x1f@f\xb2\xdabC\xc9\\\x99\xd9\xd92\'`\x9feTI76\xb4\xb0pQM \xb486\x12Id~\xe2\xbe\x01\x18Qy\x0f\x03\x9b\xf4\xbe%lr\x19\t\x13\x85\x97\xea9\xea\xec\x92g\x80\xb5\xb4a}T\xf5\xfer4\xd3:?\xc0O^V\xce\xe8\xe3\xff\xfa\x83r<\xe0<\x87\xbd\xd4\x16M4EY\xa9\xc5\xa8os\xae\xd4\x80Vv}H\x96\x11\xf0i\xd5rd\xec;X\x17w\xf9\x92d\x85\xca>\x18\xf2\x04T\x1d\x8b$\xad\x1a\\\nI\x13(P<T\xa12\x97\xaf\x8d"G\x1a]\x1f\x82\x06\xfc\x0c\x0es\xa7\xf6\xab\xd4\xadY\xd4^\xa0,\xe2~2\xdc\x01\x91\xcd\xd2\xf9\xe0\x11\xc7\x0b\xa1\xd6aS\x1dB\x0c\xaew\xda\x17\xdf{A\xf7\xe6\xab\xc6\xd06\xdei\xce\x00\x7f[J\x12\x96\xd6\xd7\x89\x05\xe9\xbb_\xc6\xcb3@[\xc61\x16\ry)@\xfb\'9k\xa5\xa5\xbbb\xad[4*\xe4\xd7*\x92\x0e\xf0\x05\xb3\xa5 \xb6\xf4)\xdd\x02i\x06\x94\xb0*\x06\xc1\x19\x98\'\x9e\xf3\'\xb3\x1aLv\xf7\xcb<\rh\xa0\xae'
tbI624
I0
F0
tb.