cnumpy.random
__RandomState_ctor
p1
(tRp2
(S'MT19937'
p3
cnumpy.core.multiarray
_reconstruct
p4
(cnumpy
ndarray
p5
(I0
tS'b'
tRp6
(I1
(I624
tcnumpy
dtype
p7
(S'u4'
I0
I1
tRp8
(I3
S'<'
NNNI-1
I-1
I0
tbI00
S'\x95\xcaW\xce\xb1\x9b:\xd8\xfb\xd0\xdd-H\xcd\xe4\xc5|\x7f\x03\xd0\xb5(\x19c\xf3\x911\xf2\xff+\xc4T\xeb\xea\x9eg\xb5\xea_I\xcd;\x98\x80E\x8bM\xb5\x0e\xb3J\xb2\xcemA\x05\'\x0bi>\xc7\xd1\xc7\x9c\x08\xe6d\xbc*\xe6v\x84P\xcd\xbc\xaf\x9ann]\x9a\xfbV\xab@\xb7\xb5a\x98/c\x008U\x1d\x9c=\x0ej\xeb\xe5\xd0H-4\x8ee\xda\x8aG\xc7}8\xd9\x00w\xd4^\x12\xf1@\x0e\xe3\xa3\'\xd4\x8e\xc2\xe1\xcd\xda{\xebB\x13\x90@\x1b\xb7\xef%H\x12b\x9d\xe0\x0c\xa4\n\x07A5\x19\xc6\xec\xb0\x7f\x0b!\xebt\xbc\x9d\x9e\xb9\xd1/\x8b[\x1d\x1f\x08!\x16\x92J@Y;\x05\x80E\xacc\x14\xfe\xd2\x87"+\xfa\xfd8@\xa8\xca\xfeHO\\\x1f\xaa\xb0<\xdb\x8ft\xe9tPq\xf3\xe0\xd2\x90\x96\xc1\x8bl\xff^S\x02\xa8\xb9\xf1\xec"2\xc0\xde\x95\xe0\xb7\xa0S\xb7;\'\xc3\xbb\x85\xa8?\xe4\x16\xab\x84\xe3\xe3\xa1\xf5\xbf\xfe\xc9\x94-`\xd7\x1ay\xf3\x9f\x1e4k\x1b\xd3\x06+8\x1c\xce\xff\xe7;\x99\xb7\xbf\x8c\xd9\x05\xfd\x8c{q\x0e\xc3\xef/vK\xe5\x9b\xb6|\xf7\xc0\x9a\xde\x91\x91zks\xcckU\xdb.4\x0f7lpG\xd4T\xea]\xe6\xb5K\x7fB\x8a\xf2\xbbQO\xdd\xaf\x06\x862\xe8"\xf5X*\x87\xa9k\xd3\x05\xd5\xc0\t\xea^\xe1\xa6\xd1\xfb&`\x1f\x88\xe4\xfc/\x92W\x11$\x12\xe8\x92&6(\x16tH\x1ev\xab\xf0g\x81\xddd{\x94\xc2\x7fZ}u\xf0\xe4\xce<\x85\x96\x9d\x07\x1b\x02\xd6\xb3&v\'BL.\x9dm\x17\xfcZz\x0b\xfd\x12\xd2\x92\xab\xc0>\x18}3\xa9z\x9b<\xef8p\xce\xa0u\x15\x06r\x13\x9dx$S\x87\xc4<\xb4b\xa7\xab@\xd4/\x03~\xeevL\xad\x8b\x83X7\xc0\xf2\xfe\x7f-kt\xcb;\xbc\x17\xafs\xa4\xfe\xe4J"[\xb47\x01\xef\xfei}\xef=8N\x91\xecO\xae8\xdc\x12\xd6ITQL/\x9a\xd5\x01\xca \xac\xc9\x0c}|\xa5\xe1\xed\xa61\x8c\x9cY\xe6\xab\xc7\x90{\xd8P\xe2\x9e!3\xd2\xd2R\x00^-Ep\x86\xe9\xd7\xdb/\xef\xb7\xa4K\xad\x91\xa8\xe7\x98\x17uQz\xd2\x06\xf7\xb9\x8a\xda\x98\x1c-\x83\x00p0\xa3]b\x0b\xe1\xd4\x12v\x11\x94\xfe\x10\x9e\x19\xa4\xe3/\xec~d\xac4\xa2\xdct\x93\xdf\x01\x8f\xab\xe4f\xa9\xf0\xcb@\x80k\xbdp!T-\xdd\x19\xc9\x80\xb6\xfa\xc5\x1a\xca~E"\x9e\xde\x0f\xe0W\x1e@\x167\x97\xcb%\xfb2\x1a\x18\x06\xb9\xea{\xa5\xc4\xe4sGi\xf9}|\x12\x0e\x18;5F\x16Wj\xa1)yT\xbeW\xde\xc6\x08tG\x1e\xb3\xe2\xedp\x13\xb6\xdbB\xa4k\xe5\x9d\x9e*"u!v\xba3\xc9\x9f\x8d\xe1\x164D\xd2\xcdB\x84=o$"\x07\xee\xc3\xea|\xd58\x97\xaf\xc1]\xe6\xaf\x0f\x9a\xd7\xdd\xbe\xe0\x8e$\xb6lf#\x1f\x1b!\x16\xd9\xc3D:\xb87I\xc8\xa5c,\xe8\xa0\xb1\x11\xe9@\n\x05\x81\xfa\x16\xba\x94\xc3g\x90M?m.^\xc25\x01\xa2:\x0e-\xa0<\xfbg\xd1b\xfe\xd3\xfc\xc7)\x8c\xd5\xd2\xe8\xdb\xc9I+g\xd5}eT\xf33\xb5\x8f\xcc\x1cr\xba=\x11\x9e\xdc!\xf4\xcd5:\xa6\xdf\xa7M\xf2\xa2#\x89mj"\x97\x1a\x92\xfa\xc1}\x05"&\xa7I\x8dS\xe3m\xe4\x9b\xaax\xa5\xb2\xe5c\xba\xcd[F\xf3T\x15\xd0`y\x1e\xda`\\\x9dY\x91\xc9\xdbD\xbd\x7f\xd9\xb3f8\xc4!\x89yeN\xe8\xcf]\x91\x05\xfc]\xbeH\x00C\x91\xf2\xd8\xff\xdae\xe9L\xc1\x08[\x1de\x03\x06\x0b\xd5\xec\xe4e\xe9\x9a\xedQui\x1b\xc1U\x1b\xf7\x98\xd5]\xef)\x034Wy\xc0\xc6\x0b\x99\x9e\x03\xcf\x1e\x88\x98\xf7\xb9{PIl\x06\x05o\xe5)\xd9\x15\xf1\xcds\x87\xbcl\x8f\x84L\x8e\xe4L\xb6u\xa8\xa5\x02\xd0\xa6\xc7#L\xe4\x8b\xdc\xea. (PjE\xed\xb7\x16(\xcd\xba\xca\xc5R\xc5\xb8\xaf\xda"\xe9\x1f \x0f\x9c3\xa6\x8d\xf4\x0fTA\x9d\xde$\xaau1[\xa5%\xe2p\x97\xb1"\x96\xb2"3E\x1cvH\xb8HX\x82C\xa8i\xee\x18C\xc4\xdf\xde\xce\x1ff4C\x1aJ\x96f\x16\x97\x80\x96\x01\x16-\xcf\xd9\x7f\xca\x96\x17\xaa-Y\xdeQ\xcb\x81t\xcf\t27R\x0e\x05\xf8\x9b\x84\xd3 \x83n\xf2\x97B\x81\xb4\xca\x81\x11\xb27[\x7f\xe0\xd25K\x18f\x11\xdf\xfd\x16:z`\xbeZg\xf39e)\xe8\x15\x96q\xf5>\xc9Au<s\xbe\x83Q8\x1e>\xcc\xcc\x01\xf1\xfd,\xd20\xa8!0\xf9\xb1\x13^o g\x9d\xa2\x11\x1b\x0e:oxvi\xe9o\x19\xc6\r\x08[\xab\x15\xd2\xa2\xdd\xb0\x85m(\xaf\x80\xfaQ@\x18\xd5PgmM\x93\x1e\xee\x16\xd0\xc2\xd5\xcb>n0\xffr\xf9\xa9I\tk\x8aT&s\x1491\nZ{\xdc/\x1a\x00\x13k\xf0k\xb3\xec}\xe0\xcc\xaa\xd1`\'?\xf6\x0fHF?Y\x929\x92\xb8t\xf7\xea\xea\xd61\x0cL\xa75\x8e\xc72\x904\x95\xa1j0~\xa6\x13S\x9c\xfd~\x8cY\x8c\xf3\xf3\x99\x95\xd7X\x03\xaf\xa0M\xd0\x93\x16"\x16\xa4qT\x91\xe5,4\x0c\xaf\xfc\x99M\x8f\x963B\xc8S\xf9z\x17\xfcl\xed\x1a)E1\x9c\\\x02GNB\t\x19\xe1\xa9e\x9f\xb4\xed\xc5W-\xc1\xce6\xea\xcf\xb6\xd90\xd9\xee\xaa+B\xe8f\xb4\xb2\xd3kS\xe5cD\xd2\xaf\xd1\xf0\xf7\xd2\xc4"\x90D\xa4\xcd\xf5\x84\x92\xb2\x92\x8df%:\xe9\x19\x0e\xd1\xc78\x9f\xb7\x1f\xea\xb1\x00\xf3`{\xd5\'\xc5\xf3\r\xd5m&\xb2\x81\xf3\xcf\x9976\x0b\x90\x91\xb1\x85\xdd\x14\xd7\xfbWB65\xaa\x0b\xb5\xe5\xf4\x9a8W\x81\x83\xc7I\xbf\x82\xef\xe5\x8d\x93@\xba\xc1Oi\x1ap\xd1/\x92\x01m0\xdf\xaa\xb1\xbb\xcd\xb8\x88\xf8\xc2J\xa6\x8e+T\xfe\x9b\xbaD\x07\xecA\xc9\x1f\\\x8a0\xf53(\xd81\x99\xe7v\xfc\xf4\xfc\x1e\xde\x05Qov\x88\x87\xd4m\xc4\xffD=dq\x86\xb6\xcc|\xa1\x14\xbfH$\x8d\xc5\x10\xa1\xfc\xdeq\x99K3g\x13\xb2\x93\xecKF\x9f\xd5\xbe\xa0\x91R\x99\x183\xb9\xe44\x95\xc4\xfb\xcbV5c\x85`\xab\xbe\x023\xa4\xfan\x86o\xcd\xb5\xc1 w\x85\xd6\x0e@57o\xc5U{0\x94\x98\xfcwQE6K\xd4\xe6-\x9ft~{\x8f\xf9VX\x1d\xbd\xce\xfaI\xc3R\x17\xe5\xac\xcd\xe1\x95V\x8b\xdc.\x01v\x81\xd3i]\x97`@\x1f\xf1\xc3\xacw!\xdd\x8aw4\x93\xff\xac\xe2\xa9\xbbt\x89\xd2\xed\x16\x97\xde\x07tSt\x90\xf9avN:\x8d\xb5\x88\xeb\x13\xeeJ#\xf5\r\xe9\xbea\'\x8c\x89\x13\xf3#\t\xdc\x88{(\x04\xb8\xcf\x97\xf6rDE\xe2\xb3\xae\xbco\xf8\x97\xcbBD#Qy\x9c)\xeaN\xdc\x9a\xc2\xe62\x84\xeb\xf5A`\xb8\x12\x7f\xbc6\xd1\x07\xc1\xd7\xa8P[\x12\xd1?\xb6\xb1\x01l\xb0\x1c\xfb8i\x9f\xa5\x19\x9d^\xd5\x88b\xc4\x8d|Z]\x16@\x14\xc1w\x9f\x01\x0f\xc6l\xbd\x10\xd3\x10_e\xbbe\xdf\x1c\x86\xc2\xa9\xc4\r\x18\r\x1aC\x18&\x9a\x85\x18\x8b\xff\xd1\xd4/\xb1\x84\xc8\xf4\xf6\xd4\xc1Xte\xde\x8e\xb3\x1c,\x7f\xf7w\xd6\xf4\xd5\xfc\xfc\x93\x01\x98rUSt\xd3G$\xc2\xb6\x92\xcf\xcb\x88\xa0B\\\x97\r"\xf96\xb6\xa9\xc3\xf1\xab\xa5\x15^<L\xdbK\xf7\xe7\xcb\x1bA\x14RrsG\xea\x87\x1e\xd1\xf9\x10\x92\xde\xa0\x1eV\x7f\xab]&\xee\xab\xdd>(/\x95\xa0\xe5\xf3\xc0\\m#\xd3\x90\xa5\x01\xbe\xa7\xfd\x88\xf3\xb7\xff_6Is\xb1\xaf \xf3Y\x96\xa5[gOK\xf7r.\xa6\x80s\xcf_X\\w\xc7:.C\xa9\n\xdfnq\xadS\xc6\x82\x94aA@\xb3.??&\xc8|\xae\xa5P\xd3x\x15\x17i\xd2\xf3*\xe6}5\x08\xf3\\\xc2\x89a\x17\xc6\xe0GI$\x84\xf1\xd9\xb1\xb0\x18\xe6\xb6\xf0\x9f\x15\xd3TmB4\xc8apHYm\xc0+\xd5\xf0\x83p\x9b}\xe4m4\x99 W\x8a\xb4\xa4\xe7t\xdf\xef\x1c\xa3\xa8\x07EE\xf7\xff\xc4(-\xbc\x96\x93\xdf\xfb\xc0\xe0v\x05\xac\xb6k\x85s=\x1e\x10%^Q\x8eP\'H\x8e\xd5\x8c\xf01\xdbj\xab\xfa\xa1\x1c\x06wl\xc7,\xde\x1a\xd7\xba\x00\x85B\xae^\xbd\xf7,\x90P\xee\x93\xa4\xa9\xba;\xdf\xfa\xf7\x94"\xd9e\xfcw\x9bZm\xa46\x04\xb0:\xb7\xa3\x7f\x9dW\x9a\xf2>]\xcd\xa1=o7m\x12\xb2\x17\xb9\xc8T\x0ep\x0e\x04noL\xdc\x92P\xdd*E\x1e\x7f \x0b\x9cEwfO\x95\xca\xf2\xe9\x1e(\xc6\xd1H\xf9\x03\xfc\x8c\xb7\x0b_\xeb\xc38Y\\\x19\xac\xd0\xeds\x85\xbc\x104R\xef\xde\r\xd6\\\\GG\xc2)5\n\xbe\xc5Y\x7f\xbf\xcd\xfd\xac"\x00p\xde\xf8H\xb2Llc4\xd0\xa2\r\x8ew\x9a@$\xe3\x9c\xba\xcc\xc1\x1e\xc5k\xf5\xfb9Z_cs3H(\xe9\xee\xefQ\xacR\xe8\xbbP\xebeNL\xe4\xd74\xd2\xbb\xdc\xca\x80V\xa69\x16\xb6\x04\xc7\xfa\x9e\xcc\x15\xc5o\xb0\xfd\xa9L&~\xab\xc7\x9f\x8f\xc1\x12\x80z\x13_\xb8\xc6\xc6\xfe\xea\x18\x07\xbc\x87\xce\xa0\xc9\xec\t4\xe8a\xdc.\x85"\xa5\xc1\xd7\xb3\x87N\xe4\x03\xa8\xb2\xffx%\x90\xb42\x98\x89\xd0\xee\x7fPEv\xa4.\x85n\n\x01\x03\xf0A\xda\xdd\xe9\x92$\x98p.\xe8\xc8\xb3/\xc3\x8b\xbd\xe7\x8a\xec\x0c\x96\xd6\x13\x8b\xfd)\x7f\xdc5\x00g\x8d\\$\x97\x1cb\x0e>Oej>\xca\xbex\xd7\x8d\xfa*L\xea\x92p\x87h\xbd\x07vK \x94\x90\x811+\xf7W3\xde6=\x8c`cYa\x99$\xd7P\xf0\xa5+\x05h\x81\xf4\x0bW3\x1b{X\x13\x07\x1eu9\xa4\xf9K \rg\xca\x8f\x11\xbc\x88p/\xbd\xe9\x1cU\x15\x0b\xeeh\xa9;:M\xf0\xba\xf0\xb8\x1eo0{V/u\xe4pI1\xe0z\xbc'
tbI624
I0
F0
tb.