cnumpy.random
__RandomState_ctor
p1
(tRp2
(S'MT19937'
p3
cnumpy.core.multiarray
_reconstruct
p4
(cnumpy
ndarray
p5
(I0
tS'b'
tRp6
(I1
(I624
tcnumpy
dtype
p7
(S'u4'
I0
I1
tRp8
(I3
S'<'
NNNI-1
I-1
I0
tbI00
S'\x92\\\xd4\xa1\x95\xb73r\x8f@\xa3\x81eu\xb5y\xdbN\xdf\x01\xdd\x9ce\xf4_\xbb\xa0\xfd\xd9\x084\x95k\x04q\xeeu\x95Kg~\xc1\x895\x82\xc1\xc1g\xc4\x81\xc2\xb3\xd8\xd6\xdaoF}\xc5\xaclH+\xb1\xed\x1f\\\xd5\xfd\x00^\\\xb9\x08>\x95\x8d\x96o@2G\xab\xadpw^\xb1/\xad)BpW}Q(~\xba\xd0d\x8dY\x03U|?\xb0\x8fxr\xc9\x8f\xa8\xddK\x90\xc7\x14\xa6@"\x9d\x97\xc1\xff\xb5\xab.\x95En4C\xf4=\xb0p9\xf3Yw\x9e\xd9\x9b\xce\xd91\x9c]iV\xad\xab\x9cBM\x93n-\x90cxZJ_\xc3^\xc2\xab\xb5~\xeb\x95\xf8\x91K\xcb>\xbc\xdf\x1a6\x89\xb8\xdc{\x82\xb4a\xfa\xe0\x1eN\xa7Q\xfe\xa0\xa1\xf8\x17m\xa7A*\x00\nwmq\x9c\x10\x9b\xdc\x11\x96^\x8aDu\xf3\xd7\xb1\xdb\x88c5\x854\xe8S9\xc2|y\x12\xfd92\xb3\xc8\xc1V\x947]i\xfc\xdd+iOg,\x14\xb6\xae\xb2\x89\x05\xe3t\x1c\xd9\xb5\n3\xbd\x9d\x9bbX$\x15\x9f\xca\x8d`c\xfb\xcff\n\xd7c0P\x81\x1b+\xcc-\xc1\xd6\x97\x8c\x92(\xdc[\xb2a\xffw\x10O[_T\xf3\xd8\xd7\x15J41\xb5\xc2\xb9\xbd\x9e\x96F\t\xa5u\xd2\t\x82(\xdd\x81.\xc8\xa4\xdf`\xdc\xfe\xd0\xcav#\x12]|1\x11\x8d\xdbx!{5P\xb7\xe4\x83L\xa0\xc8P\xdd\xf0\xa8\xa6\xdb\x16\x10C\xb5R\x03\xbfs\xbd/\x14\x7f\x0f\xec\xb3\xa6\x82\x8e\xe2\x80K\xbf\xfa\x91\xd2svP\xc6C\xc7GW0\x1cQhw]jGa]\x8a\x91Ql\xbc\x04\x0fA,\xec\x03\xd6A\xcd;\x17S\xa8\xee\xa1\x1f[\x99\xf6*\xc5\xf5\x84\\<\x88\x97\xce6\xb5\x1f^\x0e\xab@j\x18?2\x85\x04\x047\xfc?\x0b\x1a\xad\r\xce\xf2\xfd\x94\xda\xf4\xd6\xbd\x8d\x8cr\x0e\x90p`6X\xe9t\xf1\x90\xf0\xf61\xdf\xfb\xd7\xe7\xfc\xb9\xca$\xde\xc3\xd9\xaf`\xea@\x0f\x1b\x9d\xc2\xcc\xfdd\xcc\x07\xf5\xa1\xfe\xa1\x9a\x85\x0eXvl\r\xd0\x0b\xd2\xffu\xd1\x98vl\xc6\xabZ\x1dZ\xd6P\xb8*\x9cR\xf3\xa4\x98nX\x0e\x07Bx\xd9\x84\x7fqO\x18ti\xa8\x16\xb2\xee\xe4\t\xebQ$@\xd1\x04S%\xcb\x08i\x077\xfa\x8c\xe5\xb1"6\xcb\xa74~\xae\x98irZ\xe3\xaa\r\xb79:a\xbf)\xe4\xa7\x08f\xcd\x1d]\xd7$\x9c\xad\x1b^\xb1\xf5\x9aL>h\xa4=Ij\x1b\xd5\xcbh\xc8\x80{S\xd1\xf7\x12\xd5\xdf\xc5\r\x94q\xdb-N\xec\x97\xe5\x1c]\x9d\x87S\x9fJ\xad\xcd\xb3\xbc\x9e\x86\xf1Z~J\xa24\xf3#\xea]3\x07n\xc5c\xd7g\x11\x95\xf2R\xeb\xa8\xa3R\x1d*\xc1{G\xe0\x08\xb6\xd8Z<\xb1\xce:n\xcb\xb1\x8f\x1f\x9a"\xe7,\xc3\x87k\x95\xbcE\x17q&dU\x9c?\xe0\x15As\x13J{\xfb\xafB\x04>f\xfe\xbf\x1f\x0c\xab*5I=\x02T\xa7<K 5\xfdMk\xb3\xf8\xb4\xa4\xb3\xe8\xae\xc8;\xe5\x83~\x14x\xf2\x01\xc7\x91\x91\xfe\xc0\xbbP\xafv\xbay\x83`-\xec\x05\xe0\x01\xb6G\x8a`c\x1asnj`\xa4\x11\x83\xc0\xf3\x8e[\\\xb3=\x8d\x9bM\xa0,\x06\xbc\xa6%sez\xadY\x86.-#p\t\xde\xb4\xa2O\x87\x98\xd1\xeb\xc6\x86\xa5{\xb3\xa2Uq\xa0\x98\n\x8e\xa5\x8a\x0c\xe0\xe3\xa0\xa4\x10z\xa15I\xd3~7\xa4\x81\xe1U\x10\r\x1b\xa9\xf8\xac\x16A\xcd\xa2"\xa4\x98!F\x8d\xf0\x13\xe8E\xf6\x0c\x91\xe7p\xeeG\xc9\xa0\xf9\x8d\x0cth\x8c\xc9\x8d\xa6\xb591[\xdd(\x81~\xa0\x01\n\x9f\xeaF\x9e\xde\x07\x1c&.\x87\x95\x90x\xa5\xfam?\xa3\xc1\x95\x0e6\x9b\xa5\xfc\x1di\xf3\xb4\xfbK\xe1\xd4\x1fZ\xc9\xfd\xea\xbf\xa8\xdc\x99\x12U\x95d\xf1\x01/\xad\x0e\xd8\xe6\xf5f\xa2\x0b\n\xaeUx>D\xdf\xb2\xc3\x84\x02\xbb\xe1\xd5\xa4\xa2t\xc4Y\x17\x86\xdaj\x00\x0b\xe5\xe8\xc6\x8c\x17\xf3\x1d\x98\x04nh]3K \xef\xd4\xab\xeb\xde\x9a\xc5k\t\xc7H\xd0\x9d\x8a\x14\xb4[/\xa7\x14\xae\xa9\xb1\xe0\xd7\xbeu@\xd6\xbb\xcaA\x9cs\xbc\xf6\xcf\xc8F\x96\x89\xb4S\x89\x1f \x96\xa6\x01S\x97\x94\x96_\x01\x0c(\xf1\xe99&\xa1\xab3\xb4\xe23\x12%\xb1\x11\x1e\t-\x82\xa0\xc2\xac\x11\t1\x1d\x12\xcc`?\x1dd{Gx\xe3\xc6\xabuw\x94\x8c3\t\xb0vx\xc8\x8cB\x05\xf6\t \x17\xe8\xc5J\x15m\xc2\xa8\xfb\xe1\x1e\x9f\xefVdNq\x81\xa4\x8d*-\x182C\xcb\xfdz>\xb0\x19\xba\xb2!G?\xb6\xc5ll\xde\xa3a\xb0\xd6.\xa5\x99\xae\x99%N\xe8\xd7\xc6\x06yh\xccC\x86a\x82\xb9\xd3\xa2\x18/\x91\x0ci\xf8\xda\xd6f\xfdhY\'\x17\x12\x98\x8e2V.\xd8\xec\x1bA\xc3_\xaf\xfeU\x80\xbb\x98\xd0\x07vd\xd5\xcdNi5\xd8X~\xbdS\x9d\x0f\xeb\xdc\xbeH\xc6\x80\xd9\xbf\xacF8\x02\xb9V\xcb#\xda\xf2UU9\\\xf8\x9e\xc9\x1f\n@\x08\xb7\xb9g\x03\xb3\xdf\x88#\'T2\'s\xac\xdc\x9eFp\xa5\x82\xf3\xf1Cx\xfc\xc2)\xad\x90\xdbEm?\x0br\xb5\x1d\xc3A+u\xd2y\x07\x0e\xaf\xe2TEE\xce6E=$\xd8\xe4\x00\xe5J\x1a:\x95\xf9\xa5\xa0\x14\xc0\xfd\x86\x97\x99\x13\xbe \xe9\xa1P\xb4\xcd\x9c<gs\x81\x8aw\x93\xea\n.\xf3\x87\x8a\xe6.#\xbd!\\^\xf8\x81&A?s&\r\xce\xbd\xbc`\xb3\xc5\xdf\x14<N\xf1\x19\x91:\x13X\x9a\xdc\xe2\xd8\x9ax\xd1t\xbb\xd5\xa6\xff2Pd\xae\x7f3]\xfb\x16\xc9\x90\\\xe4\x82\xbb\xc3\xfer\xb7I|"\xe0\xf3\xafa28\xffy-\xfc\xa4\xc3\x94\x1f\xe8\x90\xef\xfde\xff\xb3D\x92\xca\xd8\x1e\xc8\x88?7\xaa\x869\xbckf\x19\x82U,\xb2q\xfe\xde\xbd\t\xef1\xb2\xbf\xa3hBe5\xf8@\xc9\xfbtC=\xfa\xf3\x13[\x19\xea]u\xad\xd6\x95\xf4\x7f\x11\xf6#\xe9R\xe3s\xd8P|5TH([o\xcc`\xf0\xb25\x8cMo\xd0B\xe9\x10\x1b\x89\xc9>\xb0\xaa\x14\xb4\x99\x96\xd7\xa2\x82doC\x87@\xe82\xee \xddg\x9c\xa2\xcd\xd2\xf4Be\x08k\x1b\xfd\xad?\xda\x116\xe2\xcb\x94*ESe\x0f\xa1\xe3\x8c\xb2\x15\x06;L\xb5\x8aD\xdc\xdegU\xa1\x1a\xef\xd89wh\x00\xbcI\xa1\xc4\x8a\x0f\x0f\xbc\x9apX\xa8T\xd2~\x91e\xd3\x1f\xbaB-\x8bU\x980\xd7\x9e\xb0}\xfc\xcb\x06\xf0Ye\x98N\xa7\xc1\xd2\x9c\xc8\x00_I"\xbaK\xb0\x97\xef\x96+\xe5\x0b?m*\xbf\x1f\xc10\x11f\x82\xbc\xb5}\xbez;\x05\x1ft\xa3JX\x91\x85\x055\xdb\xa3\x95\xdd\x90\t!\xbc\xacCz\xdc\x9fk"-}\xaa/\x0e<\xd3\xcdi\xf4\xe6\xb9\x8eY\xd8\x1cJ\xa0\xac>\xd0\xefA&\x902R<\x1e\x0c\x95+NS@\xaa\x87\xe0\x01\x98\x90\x05\xc0\xa6\xb7\x0c[.)\x97\x9a]\xb6\x14 \xd3\xfb\xb1\x0e8g\x9c\xfd\xc5\x1f\xac\xf0\x8b\xf2~\xa3\xc9C#F\x05\xbd\xb2\x14^\xe1\x87\xa6u\xac\xadr\xbe`\xf8\x1c\x89^|i\xcao\x05\xcaY\xb9\xc2\x7f\xae\xe1\x16\x15\x98X\x1c\xa49E\x87\x14\x98\xa4\x8d\xdbaz_\xd6i3\xbb\xed\x98DU@\x1ap\xb0\x93R_es\xe0\xb3-#\xabN\xd2\xa4\x12\xe2^\x8eH\x95A\x93;\xac=\xc6\x138\xb7\xcf\x14N\xd9\xa7\xf1\xf1\x15\xaf\xc2\xc3\xf4"\x1bYFz\xd2\x0c\xffr9\xdc \xd9\x89m\xeb\xbc\xda\x1d\xc6yE\xb7\xd4\x08\xa3a{\x97d\xedv\x8a\x94\xbe\xbf~\xf7\x88\xf2\x16)\xf3\x1c-\x11\xa1\xd5\x19\xd2\xc4\x18\x1e6\xfa%\x16c\xf5\xc1{\xc9f\xc9\xd8\xe0\\\xce\x81\x87\xeb \x0cXl\xa46\xf8f^\x82\x87\x08\x909\x05\xcb\x03\xbf`/B\x02<\xc0\xa2\xf1(\x9c\xbb\x12\x85l\x03\x8a\xd4\xdce\xe6K]\x8dZ\xc3~Q\xc9:\xd3\xa9wW\xb7W\x13\x16t\xe8[}\x1e\xefy\xd4\xa0\x02vZ\x7f\x8c\x12\x87\x1c\xb9\x85\xafN\xa2\x10\'\xbc\x81\x8d\xe3\xf1\xfe\x0bA\xca|\xbb\x02=\x02\x8d8\xf6\xcb@\xbb\x9b\xab\xe1Q\xb4\xc42Qg\xc9\xc0\xc7%\x8e\xc12W\xef7\x1d\xfa\x16\xbb)\x8e\xae$\xf9P\x08B\x99G\tH\x01\x923qGv\xf2\x8eJ\x97z\xaa\xd4\xae2\xdb\xadp\xdb\x12\x1c\x0e\xd2\x80\xee\xf0\x9cX\x89\x93\x9b\xa7\x0c)\xe31v\x8e8\xa5\x817\xfe\xfd\xd7(!\x0b\x8e\x93^H@\xae\x83\xb7S\xf7s\x9e\x1a\xc8\xd3|\xee\x9eh\x06\xd5H\xe0/\xaetl\xc2\x97\xd5\x049\xc0\x08\n\xb6F\xe4b\xf0[.\xf3~`\xab\x91\xcb\x08\x9f\x06\xed\x0e\x97)3\xd5\xbbK\xba\xde\r\xe9\x84\xf0\xf5p\x98\x9e\xc9!\xbf\x07\xa8)\xb8\\\xa3\x97\xde\'+\xd1\x88>\xf2Q\xf2Z]\x97\xaa\x0bn\xb6!\x05G\x06\xc6`\xc0/8I\xc47\x9460\xb4\xdb\xdf\xe4\xf8_\xf7\xeb\xf2A^\xa6\xe0\xd2\x9b\xafDt|\xd3a,\x15\x17\x89Q\xdf\xc8\'{\xd8\xb7Iu\xba\xb0\x11^\xa6\xbaU\x8eZ\x92%\xc6\xf2\x82\xfe\x1e\xdb\xf3\xba.\x88\xf6G\xfe\xbdS+\x9a\x04\xab\x92\xb9\xbc\x82\xdf\x8cp\xf6%\x0c\x1e\xc7p\x12\x19u\xde\xe8\xf3\x00\x01\x12\x89\x8a\xe2t:8^\xbd\x1e\x00\xd8\xf5p_S\xcfb\x0f\x12\xec\x83<\x7f\x11YI\xf8n\x85\xb3Y\x01\x06\x90\x90\xd4\x14m.\xfb\xff\xa2\xdb# w\xb1<\xf6\x9e\xb7\xa4\xb5\xf7z\xb44\\\xa4\xf7B^\x90\xc1\xceI\x14\x82(ry\xa2p=\xec^s\x11y]\x0c\xcfa\x1c\x05\xe6\xd8\x13\x99\x83]"\xf4\xfe\xef\xc3\xf2L\xe0\x15\xe2\x1e\x8c5M\xfea\xba\xbahnHs\x00\xa4\xb3\xa0K\xb8\xf8afre\xfd\xd1\xba\x14\xc7\xe6\xbc\xcc{jt%S\'_\x1e\nTwaZU\xa0onx\x9b\xc3\xd4(\xa9E\xeds\xe5\xa2\xb4\x8c\x15,\x00 \xc2\xa0R\xb3\xbcG\xb6\xa8\rN'
tbI624
I0
F0
tb.