# time 	 divergence 	 # of mutations 	 # IGC chances 	 IGC length 	 # IGC failures 	 Changes due to IGC  	 % change due to IGC 
0.0	0.0163599182004	0	0	0	0	0	0.0
0.000193427057946	0.0163599182004	0	1	3	0	0	0.0
0.000316207821917	0.0163599182004	0	2	3	0	0	0.0
0.000519154403511	0.0163599182004	0	3	3	0	0	0.0
0.000552026829675	0.0143149284254	0	4	3	0	1	1.0
0.00062002639911	0.0143149284254	1	4	3	0	1	0.5
0.00182142097592	0.0122699386503	1	5	3	0	2	0.666666666667
0.00212005706199	0.0122699386503	1	6	3	0	2	0.666666666667
0.00212746272214	0.0122699386503	1	7	3	0	2	0.666666666667
0.00262263485029	0.0122699386503	1	8	3	0	2	0.666666666667
0.00276830432446	0.0122699386503	1	9	3	0	2	0.666666666667
0.00317979106919	0.0122699386503	1	10	3	0	2	0.666666666667
0.00341434343887	0.0122699386503	1	11	3	0	2	0.666666666667
0.0035658559442	0.0122699386503	1	12	3	0	2	0.666666666667
0.00366602940402	0.0143149284254	2	12	3	0	2	0.5
0.00378001087858	0.0143149284254	2	13	3	0	2	0.5
0.0043854370806	0.0143149284254	2	14	3	0	2	0.5
0.00442523937548	0.0143149284254	2	15	3	0	2	0.5
0.00458237689686	0.0143149284254	2	16	3	0	2	0.5
0.00482394315978	0.0163599182004	3	16	3	0	2	0.4
0.00499079625874	0.0163599182004	3	17	3	0	2	0.4
0.0049954612426	0.0163599182004	3	18	3	0	2	0.4
0.00515548185485	0.0163599182004	3	19	3	0	2	0.4
0.00530344879966	0.0163599182004	3	20	3	0	2	0.4
0.0053378775993	0.0163599182004	3	21	3	0	2	0.4
0.00555216074602	0.0163599182004	3	22	3	0	2	0.4
0.00571940617646	0.0163599182004	3	23	3	0	2	0.4
0.00641644742972	0.0163599182004	3	24	3	0	2	0.4
0.00695338351096	0.0163599182004	3	25	3	0	2	0.4
0.00706452651903	0.0163599182004	3	26	3	0	2	0.4
0.00717922237599	0.0163599182004	3	27	3	0	2	0.4
0.00760448560186	0.0163599182004	3	28	3	0	2	0.4
0.00772441423352	0.0163599182004	3	29	3	0	2	0.4
0.0077829446495	0.0163599182004	3	30	3	0	2	0.4
0.0079392745883	0.0163599182004	3	31	3	0	2	0.4
0.00803127935103	0.0163599182004	3	32	3	0	2	0.4
0.00948481694432	0.0184049079755	4	32	3	0	2	0.333333333333
0.0095375600683	0.0184049079755	4	33	3	0	2	0.333333333333
0.00967558693502	0.0184049079755	4	34	3	0	2	0.333333333333
0.00980433283137	0.0184049079755	4	35	3	0	2	0.333333333333
0.00987124662753	0.0184049079755	4	36	3	0	2	0.333333333333
0.0100703496718	0.0184049079755	4	37	3	0	2	0.333333333333
0.0105254332189	0.0184049079755	4	38	3	0	2	0.333333333333
0.0105383812528	0.0184049079755	4	39	3	0	2	0.333333333333
0.0106942808271	0.0184049079755	4	40	3	0	2	0.333333333333
0.0108557776809	0.0184049079755	4	41	3	0	2	0.333333333333
0.0108780748797	0.0184049079755	4	42	3	0	2	0.333333333333
0.0110481050593	0.0184049079755	4	43	3	0	2	0.333333333333
0.0111170148116	0.0184049079755	4	44	3	0	2	0.333333333333
0.0112801634359	0.0184049079755	4	45	3	0	2	0.333333333333
0.0112911643316	0.0184049079755	4	46	3	0	2	0.333333333333
0.011389666824	0.0184049079755	4	47	3	0	2	0.333333333333
0.0114131036083	0.0184049079755	4	48	3	0	2	0.333333333333
0.0117339093065	0.0184049079755	4	49	3	0	2	0.333333333333
0.0119030142672	0.0184049079755	4	50	3	0	2	0.333333333333
0.0122020876311	0.0184049079755	4	51	3	0	2	0.333333333333
0.0123443412542	0.0184049079755	4	52	3	0	2	0.333333333333
0.0124171672235	0.0184049079755	4	53	3	0	2	0.333333333333
0.0124650992011	0.0184049079755	4	54	3	0	2	0.333333333333
0.0126271225345	0.0184049079755	4	55	3	0	2	0.333333333333
0.0126412703563	0.0184049079755	4	56	3	0	2	0.333333333333
0.0129132390521	0.0204498977505	5	56	3	0	2	0.285714285714
0.013140307008	0.0204498977505	5	57	3	0	2	0.285714285714
0.0132239380288	0.0204498977505	5	58	3	0	2	0.285714285714
0.0133425646097	0.0224948875256	6	58	3	0	2	0.25
0.0133903725208	0.0245398773006	7	58	3	0	2	0.222222222222
0.0135238583602	0.0245398773006	7	59	3	0	2	0.222222222222
0.0135475408616	0.0245398773006	7	60	3	0	2	0.222222222222
0.0136106674749	0.0265848670757	8	60	3	0	2	0.2
0.0138195494006	0.0265848670757	8	61	3	0	2	0.2
0.0145335045886	0.0286298568507	9	61	3	0	2	0.181818181818
0.0148425332071	0.0286298568507	9	62	3	0	2	0.181818181818
0.0150220724927	0.0286298568507	9	63	3	0	2	0.181818181818
0.0150785282304	0.0306748466258	10	63	3	0	2	0.166666666667
0.0157625910019	0.0306748466258	10	64	3	0	2	0.166666666667
0.0158277835884	0.0306748466258	10	65	3	0	2	0.166666666667
0.0160441385119	0.0306748466258	10	66	3	0	2	0.166666666667
0.0162145678643	0.0306748466258	10	67	3	0	2	0.166666666667
0.016350042101	0.0306748466258	10	68	3	0	2	0.166666666667
0.0163744196633	0.0306748466258	10	69	3	0	2	0.166666666667
0.0163988839493	0.0286298568507	10	70	3	0	3	0.230769230769
0.0167778127339	0.0286298568507	10	71	3	0	3	0.230769230769
0.0168088817832	0.0286298568507	10	72	3	0	3	0.230769230769
0.0173415491914	0.0286298568507	10	73	3	0	3	0.230769230769
0.0180900584459	0.0265848670757	10	74	3	0	4	0.285714285714
0.0182611865794	0.0265848670757	10	75	3	0	4	0.285714285714
0.0184743566703	0.0265848670757	10	76	3	0	4	0.285714285714
0.018545741315	0.0265848670757	10	77	3	0	4	0.285714285714
0.0187862254903	0.0265848670757	10	78	3	0	4	0.285714285714
0.0195463527974	0.0245398773006	10	79	3	0	5	0.333333333333
0.0196772063797	0.0265848670757	11	79	3	0	5	0.3125
0.0197227330238	0.0265848670757	11	80	3	0	5	0.3125
0.0200437817119	0.0265848670757	11	81	3	0	5	0.3125
0.0204661228286	0.0265848670757	11	82	3	0	5	0.3125
0.0205352599685	0.0265848670757	11	83	3	0	5	0.3125
0.0206425364728	0.0265848670757	11	84	3	0	5	0.3125
0.0206635134621	0.0265848670757	11	85	3	0	5	0.3125
0.0208048526948	0.0286298568507	12	85	3	0	5	0.294117647059
0.0212169911703	0.0265848670757	12	86	3	0	6	0.333333333333
0.0212616003382	0.0265848670757	12	87	3	0	6	0.333333333333
0.0217451942508	0.0265848670757	12	88	3	0	6	0.333333333333
0.0220769016626	0.0265848670757	12	89	3	0	6	0.333333333333
0.0221013185128	0.0245398773006	12	90	3	0	7	0.368421052632
0.0221887269353	0.0245398773006	12	91	3	0	7	0.368421052632
0.0223769832793	0.0245398773006	12	92	3	0	7	0.368421052632
0.0223957789958	0.0245398773006	12	93	3	0	7	0.368421052632
0.022443358453	0.0245398773006	12	94	3	0	7	0.368421052632
0.0225230001509	0.0245398773006	12	95	3	0	7	0.368421052632
0.0228614610148	0.0245398773006	12	96	3	0	7	0.368421052632
0.0231433155642	0.0245398773006	12	97	3	0	7	0.368421052632
0.0234427504029	0.0245398773006	12	98	3	0	7	0.368421052632
0.0236602616414	0.0265848670757	13	98	3	0	7	0.35
0.0237884804521	0.0265848670757	13	99	3	0	7	0.35
0.0239667812459	0.0286298568507	14	99	3	0	7	0.333333333333
0.0241836584445	0.0306748466258	15	99	3	0	7	0.318181818182
0.0244432283463	0.0306748466258	15	100	3	0	7	0.318181818182
0.0249251340714	0.0306748466258	15	101	3	0	7	0.318181818182
0.025111445618	0.0306748466258	15	102	3	0	7	0.318181818182
0.0254289928155	0.0306748466258	15	103	3	0	7	0.318181818182
0.0254905342425	0.0286298568507	15	104	3	0	8	0.347826086957
0.0255961691117	0.0286298568507	15	105	3	0	8	0.347826086957
0.0259866398216	0.0286298568507	15	106	3	0	8	0.347826086957
0.0263902595896	0.0286298568507	15	107	3	0	8	0.347826086957
0.0266123118616	0.0286298568507	15	108	3	0	8	0.347826086957
0.0266302384332	0.0286298568507	15	109	3	0	8	0.347826086957
0.0268277711862	0.0286298568507	15	110	3	0	8	0.347826086957
0.0269579738892	0.0265848670757	15	111	3	0	9	0.375
0.0270591188898	0.0265848670757	15	112	3	0	9	0.375
0.0271468156823	0.0265848670757	15	113	3	0	9	0.375
0.0272614403308	0.0265848670757	15	114	3	0	9	0.375
0.0275451832542	0.0265848670757	15	115	3	0	9	0.375
0.0275752031329	0.0265848670757	15	116	3	0	9	0.375
0.0275875159244	0.0265848670757	15	117	3	0	9	0.375
0.0277496377359	0.0286298568507	16	117	3	0	9	0.36
0.0278786176428	0.0286298568507	16	118	3	0	9	0.36
0.0280000047848	0.0286298568507	16	119	3	0	9	0.36
0.0281015029803	0.0286298568507	16	120	3	0	9	0.36
0.028257139377	0.0286298568507	16	121	3	0	9	0.36
0.0286800278963	0.0286298568507	16	122	3	0	9	0.36
0.0289272452951	0.0286298568507	16	123	3	0	9	0.36
0.0303380504982	0.0306748466258	17	123	3	0	9	0.346153846154
0.0303940428166	0.0306748466258	17	124	3	0	9	0.346153846154
0.0304275304141	0.0306748466258	17	125	3	0	9	0.346153846154
0.0304979898299	0.0327198364008	18	125	3	0	9	0.333333333333
0.0307524274673	0.0327198364008	18	126	3	0	9	0.333333333333
0.0309609740422	0.0327198364008	18	127	3	0	9	0.333333333333
0.0313739354157	0.0327198364008	18	128	3	0	9	0.333333333333
0.0316006439796	0.0327198364008	18	129	3	0	9	0.333333333333
0.0317504744501	0.0327198364008	18	130	3	0	9	0.333333333333
0.0321276146283	0.0327198364008	18	131	3	0	9	0.333333333333
0.0324376298749	0.0327198364008	18	132	3	0	9	0.333333333333
0.0328436891033	0.0327198364008	18	133	3	0	9	0.333333333333
0.0331120563863	0.0327198364008	18	134	3	0	9	0.333333333333
0.0332689885897	0.0327198364008	18	135	3	0	9	0.333333333333
0.0334840247882	0.0327198364008	18	136	3	0	9	0.333333333333
0.0336898260902	0.0327198364008	18	137	3	0	9	0.333333333333
0.0336984945561	0.0327198364008	18	138	3	0	9	0.333333333333
0.0337048051654	0.0327198364008	18	139	3	0	9	0.333333333333
0.0337749285422	0.0327198364008	18	140	3	0	9	0.333333333333
0.0339515229317	0.0327198364008	18	141	3	0	9	0.333333333333
0.0340890863908	0.0327198364008	18	142	3	0	9	0.333333333333
0.0343184012832	0.0306748466258	18	143	3	0	10	0.357142857143
0.0343936018644	0.0306748466258	18	144	3	0	10	0.357142857143
0.0345488961281	0.0306748466258	18	145	3	0	10	0.357142857143
0.0346422297817	0.0306748466258	18	146	3	0	10	0.357142857143
0.0346770053489	0.0306748466258	18	147	3	0	10	0.357142857143
0.0347252274279	0.0306748466258	18	148	3	0	10	0.357142857143
0.0350144100715	0.0306748466258	18	149	3	0	10	0.357142857143
0.0353931195486	0.0306748466258	18	150	3	0	10	0.357142857143
0.0361419298891	0.0306748466258	18	151	3	0	10	0.357142857143
0.0361579068547	0.0306748466258	18	152	3	0	10	0.357142857143
0.0366752365229	0.0306748466258	18	153	3	0	10	0.357142857143
0.0368686497231	0.0306748466258	18	154	3	0	10	0.357142857143
0.0370652659314	0.0306748466258	18	155	3	0	10	0.357142857143
0.0372241642697	0.0306748466258	18	156	3	0	10	0.357142857143
0.0372795095479	0.0306748466258	18	157	3	0	10	0.357142857143
0.037430377843	0.0306748466258	18	158	3	0	10	0.357142857143
0.0375923179444	0.0306748466258	18	159	3	0	10	0.357142857143
0.037802186621	0.0327198364008	19	159	3	0	10	0.344827586207
0.037835600992	0.0327198364008	19	160	3	0	10	0.344827586207
0.0382414259759	0.0327198364008	19	161	3	0	10	0.344827586207
0.0383627965802	0.0306748466258	19	162	3	0	11	0.366666666667
0.038617766702	0.0286298568507	19	163	3	0	12	0.387096774194
0.038662338103	0.0306748466258	20	163	3	0	12	0.375
0.0391510370683	0.0306748466258	20	164	3	0	12	0.375
0.0391679287114	0.0286298568507	20	165	3	0	13	0.393939393939
0.0392339845489	0.0286298568507	20	166	3	0	13	0.393939393939
0.0392917731169	0.0306748466258	21	166	3	0	13	0.382352941176
0.0392950703196	0.0306748466258	21	167	3	0	13	0.382352941176
0.0397200309496	0.0306748466258	21	168	3	0	13	0.382352941176
0.0397593013544	0.0306748466258	21	169	3	0	13	0.382352941176
0.0397952142747	0.0327198364008	22	169	3	0	13	0.371428571429
0.0400433004707	0.0327198364008	22	170	3	0	13	0.371428571429
0.0402115979503	0.0306748466258	22	171	3	0	14	0.388888888889
0.0403123650116	0.0306748466258	22	172	3	0	14	0.388888888889
0.0403143333457	0.0306748466258	22	173	3	0	14	0.388888888889
0.0403524762855	0.0306748466258	22	174	3	0	14	0.388888888889
0.0403607867033	0.0306748466258	22	175	3	0	14	0.388888888889
0.0408186790485	0.0306748466258	22	176	3	0	14	0.388888888889
0.0410418895562	0.0306748466258	22	177	3	0	14	0.388888888889
0.0410824762297	0.0245398773006	22	178	3	0	17	0.435897435897
0.0419294311542	0.0245398773006	22	179	3	0	17	0.435897435897
0.042111118039	0.0245398773006	22	180	3	0	17	0.435897435897
0.0422972566423	0.0245398773006	22	181	3	0	17	0.435897435897
0.0426644133283	0.0245398773006	22	182	3	0	17	0.435897435897
0.0427739369282	0.0245398773006	22	183	3	0	17	0.435897435897
0.0428266490269	0.0245398773006	22	184	3	0	17	0.435897435897
0.0428521910882	0.0245398773006	22	185	3	0	17	0.435897435897
0.0428932211646	0.0224948875256	22	186	3	0	18	0.45
0.0430045565641	0.0224948875256	22	187	3	0	18	0.45
0.0431138747358	0.0224948875256	22	188	3	0	18	0.45
0.0433030512128	0.0224948875256	22	189	3	0	18	0.45
0.0434562335097	0.0224948875256	22	190	3	0	18	0.45
0.0435831359795	0.0245398773006	23	190	3	0	18	0.439024390244
0.0436518003043	0.0245398773006	23	191	3	0	18	0.439024390244
0.0442528676392	0.0245398773006	23	192	3	0	18	0.439024390244
0.0442826939124	0.0245398773006	23	193	3	0	18	0.439024390244
0.0444817748108	0.0245398773006	23	194	3	0	18	0.439024390244
0.0451590641102	0.0245398773006	23	195	3	0	18	0.439024390244
0.0457267362643	0.0245398773006	23	196	3	0	18	0.439024390244
0.0461930927309	0.0245398773006	23	197	3	0	18	0.439024390244
0.0462572556607	0.0245398773006	23	198	3	0	18	0.439024390244
0.0463400230744	0.0245398773006	23	199	3	0	18	0.439024390244
0.0465510509674	0.0245398773006	23	200	3	0	18	0.439024390244
0.047010406484	0.0265848670757	24	200	3	0	18	0.428571428571
0.047035291843	0.0265848670757	24	201	3	0	18	0.428571428571
0.0473650758002	0.0265848670757	24	202	3	0	18	0.428571428571
0.0477038950059	0.0265848670757	24	203	3	0	18	0.428571428571
0.0477958747148	0.0265848670757	24	204	3	0	18	0.428571428571
0.047966878494	0.0265848670757	24	205	3	0	18	0.428571428571
0.0479684605875	0.0265848670757	24	206	3	0	18	0.428571428571
0.0481516078964	0.0286298568507	25	206	3	0	18	0.418604651163
0.0481829217774	0.0286298568507	25	207	3	0	18	0.418604651163
0.0484970584452	0.0286298568507	25	208	3	0	18	0.418604651163
0.048651823124	0.0286298568507	25	209	3	0	18	0.418604651163
0.0486712892744	0.0306748466258	26	209	3	0	18	0.409090909091
0.0487783339533	0.0306748466258	26	210	3	0	18	0.409090909091
0.0488035956455	0.0327198364008	27	210	3	0	18	0.4
0.0490202723776	0.0327198364008	27	211	3	0	18	0.4
0.0490920489284	0.0327198364008	27	212	3	0	18	0.4
0.049193231902	0.0306748466258	27	213	3	0	19	0.413043478261
0.0493037208488	0.0286298568507	28	213	3	0	19	0.404255319149
0.0499544571797	0.0286298568507	28	214	3	0	19	0.404255319149
0.0499910226792	0.0286298568507	28	215	3	0	19	0.404255319149
0.0502517163493	0.0286298568507	28	216	3	0	19	0.404255319149
0.0502615269102	0.0286298568507	28	217	3	0	19	0.404255319149
0.0504237076029	0.0286298568507	28	218	3	0	19	0.404255319149
0.0504550449604	0.0286298568507	28	219	3	0	19	0.404255319149
0.0507778168849	0.0286298568507	28	220	3	0	19	0.404255319149
0.0508424236402	0.0286298568507	28	221	3	0	19	0.404255319149
0.0516241904573	0.0286298568507	28	222	3	0	19	0.404255319149
0.0518136606997	0.0265848670757	29	222	3	0	19	0.395833333333
0.0520658055362	0.0265848670757	29	223	3	0	19	0.395833333333
0.0524599921843	0.0265848670757	29	224	3	0	19	0.395833333333
0.0525782817399	0.0265848670757	29	225	3	0	19	0.395833333333
0.0529350198054	0.0265848670757	29	226	3	0	19	0.395833333333
0.0530183265838	0.0265848670757	29	227	3	0	19	0.395833333333
0.0532093674162	0.0265848670757	29	228	3	0	19	0.395833333333
0.0536265551032	0.0265848670757	29	229	3	0	19	0.395833333333
0.0536709448663	0.0265848670757	29	230	3	0	19	0.395833333333
0.053812327872	0.0265848670757	29	231	3	0	19	0.395833333333
0.0539174702342	0.0265848670757	29	232	3	0	19	0.395833333333
0.0540496846186	0.0265848670757	29	233	3	0	19	0.395833333333
0.0544287128044	0.0265848670757	29	234	3	0	19	0.395833333333
0.0544958409238	0.0265848670757	29	235	3	0	19	0.395833333333
0.0550633685667	0.0265848670757	29	236	3	0	19	0.395833333333
0.0551426238579	0.0265848670757	29	237	3	0	19	0.395833333333
0.0559650367979	0.0265848670757	29	238	3	0	19	0.395833333333
0.0561121056713	0.0265848670757	29	239	3	0	19	0.395833333333
0.0561529912906	0.0265848670757	29	240	3	0	19	0.395833333333
0.0564787999641	0.0265848670757	29	241	3	0	19	0.395833333333
0.0565754174302	0.0265848670757	29	242	3	0	19	0.395833333333
0.0571486069151	0.0265848670757	29	243	3	0	19	0.395833333333
0.0571843972557	0.0265848670757	29	244	3	0	19	0.395833333333
0.0577379409013	0.0265848670757	29	245	3	0	19	0.395833333333
0.0578676118537	0.0265848670757	29	246	3	0	19	0.395833333333
0.0579335475264	0.0265848670757	29	247	3	0	19	0.395833333333
0.058247382459	0.0265848670757	29	248	3	0	19	0.395833333333
0.0582770732986	0.0265848670757	29	249	3	0	19	0.395833333333
0.0583771921708	0.0286298568507	30	249	3	0	19	0.387755102041
0.0584067766483	0.0306748466258	31	249	3	0	19	0.38
0.058599258522	0.0306748466258	31	250	3	0	19	0.38
0.0587850679828	0.0306748466258	31	251	3	0	19	0.38
0.0592938914156	0.0306748466258	31	252	3	0	19	0.38
0.0593153569975	0.0306748466258	31	253	3	0	19	0.38
0.0597667330115	0.0306748466258	31	254	3	0	19	0.38
0.0598331695733	0.0306748466258	31	255	3	0	19	0.38
0.0601599845777	0.0306748466258	31	256	3	0	19	0.38
0.0602024408209	0.0306748466258	31	257	3	0	19	0.38
0.0607639047524	0.0306748466258	31	258	3	0	19	0.38
0.0608580126031	0.0306748466258	31	259	3	0	19	0.38
0.0610628299035	0.0306748466258	31	260	3	0	19	0.38
0.0612080549557	0.0306748466258	31	261	3	0	19	0.38
0.0613404806445	0.0306748466258	31	262	3	0	19	0.38
0.0615020131467	0.0306748466258	31	263	3	0	19	0.38
0.061583294709	0.0306748466258	31	264	3	0	19	0.38
0.0616421656606	0.0286298568507	31	265	3	0	20	0.392156862745
0.0618377348136	0.0306748466258	32	265	3	0	20	0.384615384615
0.0618917205689	0.0306748466258	32	266	3	0	20	0.384615384615
0.0619049900631	0.0306748466258	32	267	3	0	20	0.384615384615
0.0619729157036	0.0306748466258	32	268	3	0	20	0.384615384615
0.0620654174213	0.0306748466258	32	269	3	0	20	0.384615384615
0.0622396824392	0.0306748466258	32	270	3	0	20	0.384615384615
0.0626206278662	0.0306748466258	32	271	3	0	20	0.384615384615
0.0626382305693	0.0306748466258	32	272	3	0	20	0.384615384615
0.0627074304029	0.0306748466258	32	273	3	0	20	0.384615384615
0.0629071794912	0.0306748466258	32	274	3	0	20	0.384615384615
0.0630019312166	0.0306748466258	32	275	3	0	20	0.384615384615
0.0631617999898	0.0286298568507	32	276	3	0	21	0.396226415094
0.0640607121786	0.0286298568507	32	277	3	0	21	0.396226415094
0.0641206075223	0.0286298568507	32	278	3	0	21	0.396226415094
0.0643471989727	0.0286298568507	32	279	3	0	21	0.396226415094
0.0645060120859	0.0286298568507	32	280	3	0	21	0.396226415094
0.0646461427043	0.0286298568507	32	281	3	0	21	0.396226415094
0.0647885394363	0.0286298568507	32	282	3	0	21	0.396226415094
0.064846434193	0.0265848670757	32	283	3	0	22	0.407407407407
0.0649220843888	0.0265848670757	32	284	3	0	22	0.407407407407
0.0649741725179	0.0265848670757	32	285	3	0	22	0.407407407407
0.0650889796998	0.0286298568507	33	285	3	0	22	0.4
0.0652908194483	0.0286298568507	33	286	3	0	22	0.4
0.0654837974384	0.0286298568507	33	287	3	0	22	0.4
0.0656842508513	0.0265848670757	33	288	3	0	23	0.410714285714
0.065777418836	0.0265848670757	33	289	3	0	23	0.410714285714
0.0658067540727	0.0265848670757	33	290	3	0	23	0.410714285714
0.0658521784078	0.0265848670757	33	291	3	0	23	0.410714285714
0.066147634961	0.0265848670757	33	292	3	0	23	0.410714285714
0.0661822277532	0.0265848670757	33	293	3	0	23	0.410714285714
0.066450876025	0.0265848670757	33	294	3	0	23	0.410714285714
0.0671041020828	0.0265848670757	33	295	3	0	23	0.410714285714
0.0681472808861	0.0265848670757	33	296	3	0	23	0.410714285714
0.0681652197224	0.0265848670757	33	297	3	0	23	0.410714285714
0.0685542737972	0.0265848670757	33	298	3	0	23	0.410714285714
0.0689307021116	0.0265848670757	33	299	3	0	23	0.410714285714
0.0694130503203	0.0265848670757	33	300	3	0	23	0.410714285714
0.0694137338936	0.0265848670757	33	301	3	0	23	0.410714285714
0.0695696548523	0.0265848670757	33	302	3	0	23	0.410714285714
0.0699844039312	0.0265848670757	33	303	3	0	23	0.410714285714
0.0706469486119	0.0265848670757	33	304	3	0	23	0.410714285714
0.0709637388829	0.0265848670757	33	305	3	0	23	0.410714285714
0.0711593190947	0.0265848670757	33	306	3	0	23	0.410714285714
0.0714991976374	0.0265848670757	33	307	3	0	23	0.410714285714
0.0716895005151	0.0265848670757	33	308	3	0	23	0.410714285714
0.0719209885534	0.0265848670757	33	309	3	0	23	0.410714285714
0.0720977033398	0.0265848670757	33	310	3	0	23	0.410714285714
0.0724499876806	0.0265848670757	33	311	3	0	23	0.410714285714
0.0731321251649	0.0265848670757	33	312	3	0	23	0.410714285714
0.0731924062506	0.0265848670757	33	313	3	0	23	0.410714285714
0.0732081547273	0.0265848670757	33	314	3	0	23	0.410714285714
0.0732937008125	0.0265848670757	33	315	3	0	23	0.410714285714
0.0737341638931	0.0265848670757	33	316	3	0	23	0.410714285714
0.0738855291434	0.0265848670757	33	317	3	0	23	0.410714285714
0.0740966296242	0.0265848670757	33	318	3	0	23	0.410714285714
0.0741267859808	0.0265848670757	33	319	3	0	23	0.410714285714
0.0741441861547	0.0265848670757	33	320	3	0	23	0.410714285714
0.0741698128113	0.0265848670757	33	321	3	0	23	0.410714285714
0.0743039348375	0.0265848670757	33	322	3	0	23	0.410714285714
0.0743470550879	0.0265848670757	33	323	3	0	23	0.410714285714
0.0744085893147	0.0265848670757	33	324	3	0	23	0.410714285714
0.0744653456489	0.0265848670757	33	325	3	0	23	0.410714285714
0.0747838072197	0.0265848670757	33	326	3	0	23	0.410714285714
0.074950651292	0.0286298568507	34	326	3	0	23	0.40350877193
0.0752199605098	0.0286298568507	34	327	3	0	23	0.40350877193
0.0758287008801	0.0286298568507	34	328	3	0	23	0.40350877193
0.07594848489	0.0286298568507	34	329	3	0	23	0.40350877193
0.0761878219945	0.0286298568507	34	330	3	0	23	0.40350877193
0.0763103286719	0.0286298568507	34	331	3	0	23	0.40350877193
0.0764971823149	0.0265848670757	34	332	3	0	24	0.413793103448
0.0765373810125	0.0286298568507	35	332	3	0	24	0.406779661017
0.0770984853949	0.0286298568507	35	333	3	0	24	0.406779661017
0.0771173691135	0.0286298568507	35	334	3	0	24	0.406779661017
0.0772241757632	0.0286298568507	35	335	3	0	24	0.406779661017
0.0774326909153	0.0286298568507	35	336	3	0	24	0.406779661017
0.077773381656	0.0286298568507	35	337	3	0	24	0.406779661017
0.0779216746977	0.0286298568507	35	338	3	0	24	0.406779661017
0.077979038082	0.0286298568507	35	339	3	0	24	0.406779661017
0.0782235653679	0.0286298568507	35	340	3	0	24	0.406779661017
0.0785542358263	0.0286298568507	35	341	3	0	24	0.406779661017
0.0787111186661	0.0286298568507	35	342	3	0	24	0.406779661017
0.0788736511871	0.0286298568507	35	343	3	0	24	0.406779661017
0.0790042976266	0.0286298568507	35	344	3	0	24	0.406779661017
0.0790551334051	0.0286298568507	35	345	3	0	24	0.406779661017
0.0792844825781	0.0286298568507	35	346	3	0	24	0.406779661017
0.0794606827763	0.0286298568507	35	347	3	0	24	0.406779661017
0.0796039070749	0.0286298568507	35	348	3	0	24	0.406779661017
0.0796039630255	0.0286298568507	35	349	3	0	24	0.406779661017
0.079766524688	0.0286298568507	35	350	3	0	24	0.406779661017
0.0801003160903	0.0286298568507	35	351	3	0	24	0.406779661017
0.0806286926828	0.0286298568507	35	352	3	0	24	0.406779661017
0.0806462080412	0.0286298568507	35	353	3	0	24	0.406779661017
0.0806820625457	0.0286298568507	35	354	3	0	24	0.406779661017
0.0807277039105	0.0265848670757	35	355	3	0	25	0.416666666667
0.0807847760261	0.0265848670757	35	356	3	0	25	0.416666666667
0.0810069372093	0.0265848670757	35	357	3	0	25	0.416666666667
0.0810381760523	0.0265848670757	35	358	3	0	25	0.416666666667
0.0812202931303	0.0265848670757	35	359	3	0	25	0.416666666667
0.0814096367123	0.0265848670757	35	360	3	0	25	0.416666666667
0.0814529203383	0.0265848670757	35	361	3	0	25	0.416666666667
0.0818839378079	0.0265848670757	35	362	3	0	25	0.416666666667
0.0823255142691	0.0265848670757	35	363	3	0	25	0.416666666667
0.0826753790927	0.0286298568507	36	363	3	0	25	0.409836065574
0.0829960279237	0.0286298568507	36	364	3	0	25	0.409836065574
0.0831707740787	0.0286298568507	36	365	3	0	25	0.409836065574
0.0832017363232	0.0286298568507	36	366	3	0	25	0.409836065574
0.0832872010617	0.0286298568507	36	367	3	0	25	0.409836065574
0.0833123648412	0.0286298568507	36	368	3	0	25	0.409836065574
0.0834639295157	0.0286298568507	36	369	3	0	25	0.409836065574
0.0834725803742	0.0286298568507	36	370	3	0	25	0.409836065574
0.0836117034009	0.0286298568507	36	371	3	0	25	0.409836065574
0.0836206067983	0.0286298568507	36	372	3	0	25	0.409836065574
0.0837141215414	0.0286298568507	36	373	3	0	25	0.409836065574
0.0845946818624	0.0286298568507	36	374	3	0	25	0.409836065574
0.0848049724445	0.0306748466258	37	374	3	0	25	0.403225806452
0.0850472002129	0.0306748466258	37	375	3	0	25	0.403225806452
0.0850543769534	0.0306748466258	37	376	3	0	25	0.403225806452
0.085056318844	0.0306748466258	37	377	3	0	25	0.403225806452
0.0853793854938	0.0286298568507	37	378	3	0	26	0.412698412698
0.0854313963453	0.0286298568507	37	379	3	0	26	0.412698412698
0.0854927908939	0.0265848670757	37	380	3	0	27	0.421875
0.0855672157107	0.0265848670757	37	381	3	0	27	0.421875
0.0856643159203	0.0265848670757	37	382	3	0	27	0.421875
0.0860952959583	0.0265848670757	37	383	3	0	27	0.421875
0.0865903742618	0.0286298568507	38	383	3	0	27	0.415384615385
0.0866271077161	0.0286298568507	38	384	3	0	27	0.415384615385
0.0867306898314	0.0286298568507	38	385	3	0	27	0.415384615385
0.0870567198383	0.0286298568507	38	386	3	0	27	0.415384615385
0.0871786710039	0.0286298568507	38	387	3	0	27	0.415384615385
0.0873938324173	0.0306748466258	39	387	3	0	27	0.409090909091
0.0874971882977	0.0306748466258	39	388	3	0	27	0.409090909091
0.0878903038843	0.0306748466258	39	389	3	0	27	0.409090909091
0.087930502651	0.0306748466258	39	390	3	0	27	0.409090909091
0.0883036918013	0.0306748466258	39	391	3	0	27	0.409090909091
0.0883093380686	0.0306748466258	39	392	3	0	27	0.409090909091
0.0883225679797	0.0306748466258	39	393	3	0	27	0.409090909091
0.0886619477736	0.0306748466258	39	394	3	0	27	0.409090909091
0.0889916010388	0.0265848670757	39	395	3	0	29	0.426470588235
0.0890818706806	0.0265848670757	39	396	3	0	29	0.426470588235
0.0897004007206	0.0265848670757	39	397	3	0	29	0.426470588235
0.0897812603252	0.0265848670757	39	398	3	0	29	0.426470588235
0.0897855366294	0.0265848670757	39	399	3	0	29	0.426470588235
0.0902499442632	0.0245398773006	39	400	3	0	30	0.434782608696
0.0908275379094	0.0245398773006	39	401	3	0	30	0.434782608696
0.0909259471156	0.0245398773006	39	402	3	0	30	0.434782608696
0.0910690171493	0.0245398773006	39	403	3	0	30	0.434782608696
0.0911152250113	0.0245398773006	39	404	3	0	30	0.434782608696
0.0914776082306	0.0245398773006	39	405	3	0	30	0.434782608696
0.0915867727551	0.0245398773006	39	406	3	0	30	0.434782608696
0.0916129469829	0.0245398773006	39	407	3	0	30	0.434782608696
0.0916703366104	0.0245398773006	39	408	3	0	30	0.434782608696
0.0917528689023	0.0245398773006	39	409	3	0	30	0.434782608696
0.0917694737912	0.0245398773006	39	410	3	0	30	0.434782608696
0.0918014852217	0.0245398773006	39	411	3	0	30	0.434782608696
0.0924645131213	0.0245398773006	39	412	3	0	30	0.434782608696
0.0924670396379	0.0245398773006	39	413	3	0	30	0.434782608696
0.0928306676895	0.0245398773006	39	414	3	0	30	0.434782608696
0.0928463646514	0.0245398773006	39	415	3	0	30	0.434782608696
0.0931980668226	0.0245398773006	39	416	3	0	30	0.434782608696
0.0934063380362	0.0245398773006	39	417	3	0	30	0.434782608696
0.0937169456363	0.0245398773006	39	418	3	0	30	0.434782608696
0.0938320275312	0.0245398773006	39	419	3	0	30	0.434782608696
0.0939237120395	0.0245398773006	39	420	3	0	30	0.434782608696
0.0940814097923	0.0245398773006	39	421	3	0	30	0.434782608696
0.0946628815771	0.0245398773006	39	422	3	0	30	0.434782608696
0.0946648468705	0.0245398773006	39	423	3	0	30	0.434782608696
0.0947266826748	0.0245398773006	39	424	3	0	30	0.434782608696
0.0947684502932	0.0245398773006	39	425	3	0	30	0.434782608696
0.094778982123	0.0245398773006	39	426	3	0	30	0.434782608696
0.0952968735029	0.0245398773006	39	427	3	0	30	0.434782608696
0.095491140685	0.0245398773006	39	428	3	0	30	0.434782608696
0.0957137765181	0.0245398773006	39	429	3	0	30	0.434782608696
0.0958281850647	0.0245398773006	39	430	3	0	30	0.434782608696
0.0962843920306	0.0224948875256	39	431	3	0	31	0.442857142857
0.0965018857845	0.0224948875256	39	432	3	0	31	0.442857142857
0.0969117351508	0.0224948875256	39	433	3	0	31	0.442857142857
0.0970405336739	0.0224948875256	39	434	3	0	31	0.442857142857
0.0973397918722	0.0224948875256	39	435	3	0	31	0.442857142857
0.0977747189709	0.0245398773006	40	435	3	0	31	0.43661971831
0.0977868037973	0.0245398773006	40	436	3	0	31	0.43661971831
0.0978741382959	0.0245398773006	40	437	3	0	31	0.43661971831
0.0981228362776	0.0245398773006	40	438	3	0	31	0.43661971831
0.0983399401059	0.0245398773006	40	439	3	0	31	0.43661971831
0.0984862897775	0.0245398773006	40	440	3	0	31	0.43661971831
0.0985065924567	0.0245398773006	40	441	3	0	31	0.43661971831
0.0986044725691	0.0245398773006	40	442	3	0	31	0.43661971831
0.0989452040233	0.0224948875256	40	443	3	0	32	0.444444444444
0.0990584080775	0.0224948875256	40	444	3	0	32	0.444444444444
0.0990716520675	0.0224948875256	40	445	3	0	32	0.444444444444
0.0991585990941	0.0224948875256	40	446	3	0	32	0.444444444444
0.0991709257224	0.0224948875256	40	447	3	0	32	0.444444444444
0.0993359077432	0.0224948875256	40	448	3	0	32	0.444444444444
0.099402982133	0.0224948875256	40	449	3	0	32	0.444444444444
0.099495805883	0.0224948875256	40	450	3	0	32	0.444444444444
0.100545819037	0.0224948875256	40	451	3	0	32	0.444444444444
0.100658245941	0.0224948875256	40	452	3	0	32	0.444444444444
0.100805212583	0.0245398773006	41	452	3	0	32	0.438356164384
0.101259365174	0.0224948875256	41	453	3	0	33	0.445945945946
0.101412725595	0.0224948875256	41	454	3	0	33	0.445945945946
0.10152574049	0.0224948875256	41	455	3	0	33	0.445945945946
0.101617763926	0.0224948875256	41	456	3	0	33	0.445945945946
0.101697811287	0.0224948875256	41	457	3	0	33	0.445945945946
0.101883792439	0.0224948875256	41	458	3	0	33	0.445945945946
0.102016639476	0.0224948875256	41	459	3	0	33	0.445945945946
0.102150886503	0.0224948875256	41	460	3	0	33	0.445945945946
0.102667754996	0.0224948875256	41	461	3	0	33	0.445945945946
0.102724630335	0.0224948875256	41	462	3	0	33	0.445945945946
0.103079434032	0.0245398773006	42	462	3	0	33	0.44
0.103389034943	0.0245398773006	42	463	3	0	33	0.44
0.103407337337	0.0245398773006	42	464	3	0	33	0.44
0.103472891813	0.0245398773006	42	465	3	0	33	0.44
0.103649633549	0.0245398773006	42	466	3	0	33	0.44
0.104309312225	0.0224948875256	42	467	3	0	34	0.447368421053
0.104423620289	0.0224948875256	42	468	3	0	34	0.447368421053
0.104548690108	0.0224948875256	42	469	3	0	34	0.447368421053
0.104555595933	0.0224948875256	42	470	3	0	34	0.447368421053
0.104692065239	0.0224948875256	42	471	3	0	34	0.447368421053
0.104705451378	0.0224948875256	42	472	3	0	34	0.447368421053
0.105007859796	0.0204498977505	42	473	3	0	35	0.454545454545
0.105060935904	0.0224948875256	43	473	3	0	35	0.448717948718
0.105392901091	0.0224948875256	43	474	3	0	35	0.448717948718
0.105446046111	0.0224948875256	43	475	3	0	35	0.448717948718
0.105453749236	0.0184049079755	43	476	3	0	37	0.4625
0.105515084823	0.0184049079755	43	477	3	0	37	0.4625
0.105787504454	0.0184049079755	43	478	3	0	37	0.4625
0.105901089097	0.0184049079755	43	479	3	0	37	0.4625
0.105912329026	0.0184049079755	43	480	3	0	37	0.4625
0.105936117912	0.0184049079755	43	481	3	0	37	0.4625
0.106054100073	0.0184049079755	43	482	3	0	37	0.4625
0.106243988187	0.0184049079755	43	483	3	0	37	0.4625
0.106568592452	0.0184049079755	43	484	3	0	37	0.4625
0.106752694133	0.0184049079755	43	485	3	0	37	0.4625
0.106777363355	0.0184049079755	43	486	3	0	37	0.4625
0.106997769571	0.0184049079755	43	487	3	0	37	0.4625
0.107046139406	0.0163599182004	43	488	3	0	38	0.469135802469
0.10792190551	0.0163599182004	43	489	3	0	38	0.469135802469
0.108009220055	0.0163599182004	43	490	3	0	38	0.469135802469
0.108069033559	0.0163599182004	43	491	3	0	38	0.469135802469
0.108579355143	0.0163599182004	43	492	3	0	38	0.469135802469
0.108660379332	0.0184049079755	44	492	3	0	38	0.463414634146
0.108745509721	0.0184049079755	44	493	3	0	38	0.463414634146
0.109039828257	0.0204498977505	45	493	3	0	38	0.457831325301
0.109124275864	0.0204498977505	46	493	3	0	38	0.452380952381
0.109206528977	0.0204498977505	46	494	3	0	38	0.452380952381
0.109462616146	0.0204498977505	46	495	3	0	38	0.452380952381
0.10960976265	0.0204498977505	46	496	3	0	38	0.452380952381
0.109986166688	0.0204498977505	46	497	3	0	38	0.452380952381
0.110133654705	0.0204498977505	46	498	3	0	38	0.452380952381
0.110143514677	0.0204498977505	46	499	3	0	38	0.452380952381
0.11023633176	0.0204498977505	46	500	3	0	38	0.452380952381
0.11055854555	0.0204498977505	46	501	3	0	38	0.452380952381
0.110811797717	0.0204498977505	46	502	3	0	38	0.452380952381
0.110902704018	0.0204498977505	46	503	3	0	38	0.452380952381
0.110918860496	0.0204498977505	46	504	3	0	38	0.452380952381
0.111256222446	0.0204498977505	46	505	3	0	38	0.452380952381
0.111458344509	0.0204498977505	46	506	3	0	38	0.452380952381
0.111707256173	0.0204498977505	46	507	3	0	38	0.452380952381
0.11171064192	0.0204498977505	46	508	3	0	38	0.452380952381
0.111820773956	0.0204498977505	46	509	3	0	38	0.452380952381
0.11182327103	0.0204498977505	46	510	3	0	38	0.452380952381
0.11182909923	0.0204498977505	46	511	3	0	38	0.452380952381
0.112179210666	0.0204498977505	46	512	3	0	38	0.452380952381
0.112223900047	0.0204498977505	46	513	3	0	38	0.452380952381
0.112477818523	0.0204498977505	46	514	3	0	38	0.452380952381
0.112718933346	0.0204498977505	46	515	3	0	38	0.452380952381
0.112890393155	0.0204498977505	46	516	3	0	38	0.452380952381
0.113107260764	0.0204498977505	46	517	3	0	38	0.452380952381
0.113379640398	0.0204498977505	46	518	3	0	38	0.452380952381
0.113446527056	0.0204498977505	46	519	3	0	38	0.452380952381
0.113624407091	0.0204498977505	46	520	3	0	38	0.452380952381
0.113990354753	0.0184049079755	46	521	3	0	39	0.458823529412
0.114098555253	0.0184049079755	46	522	3	0	39	0.458823529412
0.114652369328	0.0184049079755	46	523	3	0	39	0.458823529412
0.114772274681	0.0184049079755	46	524	3	0	39	0.458823529412
0.115261845457	0.0184049079755	46	525	3	0	39	0.458823529412
0.115685645458	0.0184049079755	46	526	3	0	39	0.458823529412
0.115702246598	0.0184049079755	46	527	3	0	39	0.458823529412
0.115809560769	0.0184049079755	46	528	3	0	39	0.458823529412
0.11594720656	0.0184049079755	46	529	3	0	39	0.458823529412
0.116189114604	0.0204498977505	47	529	3	0	39	0.453488372093
0.116194111127	0.0204498977505	47	530	3	0	39	0.453488372093
0.116372320408	0.0204498977505	47	531	3	0	39	0.453488372093
0.116451737945	0.0204498977505	47	532	3	0	39	0.453488372093
0.116590077562	0.0204498977505	47	533	3	0	39	0.453488372093
0.116671429971	0.0204498977505	47	534	3	0	39	0.453488372093
0.116879417235	0.0204498977505	47	535	3	0	39	0.453488372093
0.11712443467	0.0204498977505	47	536	3	0	39	0.453488372093
0.117254686554	0.0204498977505	47	537	3	0	39	0.453488372093
0.117900762465	0.0204498977505	47	538	3	0	39	0.453488372093
0.118160159633	0.0204498977505	47	539	3	0	39	0.453488372093
0.118202356761	0.0204498977505	47	540	3	0	39	0.453488372093
0.118210539222	0.0204498977505	47	541	3	0	39	0.453488372093
0.118252136251	0.0204498977505	47	542	3	0	39	0.453488372093
0.118473478876	0.0204498977505	47	543	3	0	39	0.453488372093
0.118776933327	0.0184049079755	47	544	3	0	40	0.459770114943
0.118882800277	0.0184049079755	47	545	3	0	40	0.459770114943
0.118981652288	0.0184049079755	47	546	3	0	40	0.459770114943
0.119212857247	0.0184049079755	47	547	3	0	40	0.459770114943
0.119565273372	0.0184049079755	47	548	3	0	40	0.459770114943
0.119605457997	0.0184049079755	47	549	3	0	40	0.459770114943
0.119830664173	0.0184049079755	47	550	3	0	40	0.459770114943
0.119999948037	0.0184049079755	47	551	3	0	40	0.459770114943
0.120116577544	0.0184049079755	47	552	3	0	40	0.459770114943
0.120163054394	0.0184049079755	47	553	3	0	40	0.459770114943
0.120415917761	0.0184049079755	47	554	3	0	40	0.459770114943
0.120765696611	0.0184049079755	47	555	3	0	40	0.459770114943
0.120814440046	0.0184049079755	47	556	3	0	40	0.459770114943
0.120841245607	0.0184049079755	47	557	3	0	40	0.459770114943
0.120910998206	0.0184049079755	47	558	3	0	40	0.459770114943
0.121181758166	0.0184049079755	47	559	3	0	40	0.459770114943
0.121200323117	0.0184049079755	47	560	3	0	40	0.459770114943
0.121357229999	0.0184049079755	47	561	3	0	40	0.459770114943
0.121750548396	0.0184049079755	47	562	3	0	40	0.459770114943
0.121959231333	0.0184049079755	47	563	3	0	40	0.459770114943
0.122159454403	0.0184049079755	47	564	3	0	40	0.459770114943
0.122725326371	0.0184049079755	47	565	3	0	40	0.459770114943
0.122879314146	0.0184049079755	47	566	3	0	40	0.459770114943
0.123265209143	0.0184049079755	47	567	3	0	40	0.459770114943
0.123348486862	0.0184049079755	47	568	3	0	40	0.459770114943
0.123452234208	0.0184049079755	47	569	3	0	40	0.459770114943
0.123509127415	0.0184049079755	47	570	3	0	40	0.459770114943
0.123574797793	0.0184049079755	47	571	3	0	40	0.459770114943
0.124033531212	0.0184049079755	47	572	3	0	40	0.459770114943
0.124054868641	0.0184049079755	47	573	3	0	40	0.459770114943
0.12428591183	0.0184049079755	47	574	3	0	40	0.459770114943
0.124456373286	0.0184049079755	47	575	3	0	40	0.459770114943
0.125284430399	0.0204498977505	48	575	3	0	40	0.454545454545
0.125401081994	0.0204498977505	48	576	3	0	40	0.454545454545
0.125408403327	0.0204498977505	48	577	3	0	40	0.454545454545
0.126385623261	0.0204498977505	48	578	3	0	40	0.454545454545
0.12639802256	0.0204498977505	48	579	3	0	40	0.454545454545
0.126412926857	0.0204498977505	48	580	3	0	40	0.454545454545
0.126766622494	0.0224948875256	49	580	3	0	40	0.449438202247
0.126780012065	0.0224948875256	49	581	3	0	40	0.449438202247
0.127296691442	0.0224948875256	49	582	3	0	40	0.449438202247
0.12736801156	0.0224948875256	49	583	3	0	40	0.449438202247
0.127726518891	0.0204498977505	49	584	3	0	41	0.455555555556
0.127758303779	0.0204498977505	49	585	3	0	41	0.455555555556
0.127839890534	0.0204498977505	49	586	3	0	41	0.455555555556
0.127848496918	0.0204498977505	49	587	3	0	41	0.455555555556
0.127851443734	0.0204498977505	49	588	3	0	41	0.455555555556
0.127934298183	0.0204498977505	49	589	3	0	41	0.455555555556
0.127940626485	0.0204498977505	49	590	3	0	41	0.455555555556
0.12825465717	0.0204498977505	49	591	3	0	41	0.455555555556
0.128488242153	0.0204498977505	49	592	3	0	41	0.455555555556
0.129517790623	0.0204498977505	49	593	3	0	41	0.455555555556
0.129672572402	0.0224948875256	50	593	3	0	41	0.450549450549
0.129826049682	0.0224948875256	50	594	3	0	41	0.450549450549
0.130195702986	0.0224948875256	50	595	3	0	41	0.450549450549
0.13037492487	0.0224948875256	50	596	3	0	41	0.450549450549
0.130466766995	0.0224948875256	50	597	3	0	41	0.450549450549
0.130493600932	0.0224948875256	50	598	3	0	41	0.450549450549
0.130529653337	0.0224948875256	50	599	3	0	41	0.450549450549
0.130672715393	0.0224948875256	50	600	3	0	41	0.450549450549
0.130712687247	0.0224948875256	50	601	3	0	41	0.450549450549
0.130804553175	0.0224948875256	50	602	3	0	41	0.450549450549
0.130830810867	0.0224948875256	50	603	3	0	41	0.450549450549
0.13085645326	0.0224948875256	50	604	3	0	41	0.450549450549
0.131171076266	0.0224948875256	50	605	3	0	41	0.450549450549
0.131189255759	0.0224948875256	50	606	3	0	41	0.450549450549
0.131274280311	0.0224948875256	50	607	3	0	41	0.450549450549
0.131361039436	0.0224948875256	50	608	3	0	41	0.450549450549
0.131520177125	0.0245398773006	51	608	3	0	41	0.445652173913
0.131603208839	0.0245398773006	51	609	3	0	41	0.445652173913
0.131757907076	0.0265848670757	52	609	3	0	41	0.440860215054
0.131832300109	0.0265848670757	52	610	3	0	41	0.440860215054
0.1322921829	0.0265848670757	52	611	3	0	41	0.440860215054
0.132327258249	0.0265848670757	52	612	3	0	41	0.440860215054
0.132578617365	0.0265848670757	52	613	3	0	41	0.440860215054
0.132725332736	0.0265848670757	52	614	3	0	41	0.440860215054
0.132771286949	0.0265848670757	52	615	3	0	41	0.440860215054
0.132955044328	0.0265848670757	52	616	3	0	41	0.440860215054
0.1330380375	0.0265848670757	52	617	3	0	41	0.440860215054
0.133197583456	0.0265848670757	52	618	3	0	41	0.440860215054
0.13320633705	0.0265848670757	52	619	3	0	41	0.440860215054
0.133267371823	0.0265848670757	52	620	3	0	41	0.440860215054
0.133369351156	0.0265848670757	52	621	3	0	41	0.440860215054
0.133501500234	0.0265848670757	52	622	3	0	41	0.440860215054
0.133843286757	0.0265848670757	52	623	3	0	41	0.440860215054
0.134015840111	0.0286298568507	53	623	3	0	41	0.436170212766
0.134238722217	0.0286298568507	53	624	3	0	41	0.436170212766
0.134407207292	0.0286298568507	53	625	3	0	41	0.436170212766
0.134875896242	0.0286298568507	53	626	3	0	41	0.436170212766
0.13487771811	0.0286298568507	53	627	3	0	41	0.436170212766
0.135302682191	0.0286298568507	53	628	3	0	41	0.436170212766
0.135356690724	0.0306748466258	54	628	3	0	41	0.431578947368
0.135510160219	0.0306748466258	54	629	3	0	41	0.431578947368
0.135578286136	0.0306748466258	54	630	3	0	41	0.431578947368
0.135749697596	0.0306748466258	54	631	3	0	41	0.431578947368
0.1358473848	0.0306748466258	54	632	3	0	41	0.431578947368
0.135946215325	0.0306748466258	54	633	3	0	41	0.431578947368
0.136102764183	0.0306748466258	54	634	3	0	41	0.431578947368
0.136209167079	0.0306748466258	54	635	3	0	41	0.431578947368
0.136667186172	0.0306748466258	54	636	3	0	41	0.431578947368
0.136743665	0.0306748466258	54	637	3	0	41	0.431578947368
0.136754480292	0.0306748466258	54	638	3	0	41	0.431578947368
0.136848624221	0.0306748466258	54	639	3	0	41	0.431578947368
0.136865318775	0.0306748466258	54	640	3	0	41	0.431578947368
0.137438560837	0.0306748466258	54	641	3	0	41	0.431578947368
0.137481500145	0.0306748466258	54	642	3	0	41	0.431578947368
0.137504849998	0.0306748466258	54	643	3	0	41	0.431578947368
0.137528107132	0.0306748466258	54	644	3	0	41	0.431578947368
0.137852175055	0.0306748466258	54	645	3	0	41	0.431578947368
0.13816684586	0.0306748466258	54	646	3	0	41	0.431578947368
0.138587009178	0.0306748466258	54	647	3	0	41	0.431578947368
0.139230806901	0.0306748466258	54	648	3	0	41	0.431578947368
0.14004877346	0.0306748466258	54	649	3	0	41	0.431578947368
0.140129972961	0.0306748466258	54	650	3	0	41	0.431578947368
0.140398206612	0.0306748466258	54	651	3	0	41	0.431578947368
0.140841430296	0.0306748466258	54	652	3	0	41	0.431578947368
0.140891516024	0.0306748466258	54	653	3	0	41	0.431578947368
0.14103104293	0.0306748466258	54	654	3	0	41	0.431578947368
0.141237273337	0.0306748466258	54	655	3	0	41	0.431578947368
0.141705571022	0.0306748466258	54	656	3	0	41	0.431578947368
0.142042067323	0.0306748466258	54	657	3	0	41	0.431578947368
0.142233626783	0.0306748466258	54	658	3	0	41	0.431578947368
0.14340950697	0.0306748466258	54	659	3	0	41	0.431578947368
0.143899820225	0.0306748466258	54	660	3	0	41	0.431578947368
0.143943419909	0.0286298568507	54	661	3	0	42	0.4375
0.144704999831	0.0286298568507	54	662	3	0	42	0.4375
0.14472812949	0.0286298568507	54	663	3	0	42	0.4375
0.144789724344	0.0286298568507	54	664	3	0	42	0.4375
0.145620444601	0.0286298568507	54	665	3	0	42	0.4375
0.145847952766	0.0286298568507	54	666	3	0	42	0.4375
0.145955197464	0.0286298568507	54	667	3	0	42	0.4375
0.145981357644	0.0286298568507	54	668	3	0	42	0.4375
0.146187647479	0.0306748466258	55	668	3	0	42	0.432989690722
0.146201288296	0.0306748466258	55	669	3	0	42	0.432989690722
0.146241595951	0.0306748466258	55	670	3	0	42	0.432989690722
0.146364771812	0.0286298568507	55	671	3	0	43	0.438775510204
0.146470292596	0.0286298568507	55	672	3	0	43	0.438775510204
0.146478352883	0.0286298568507	55	673	3	0	43	0.438775510204
0.146954517485	0.0286298568507	55	674	3	0	43	0.438775510204
0.147355308315	0.0286298568507	55	675	3	0	43	0.438775510204
0.147414715321	0.0286298568507	55	676	3	0	43	0.438775510204
0.148050025845	0.0286298568507	55	677	3	0	43	0.438775510204
0.148058017406	0.0286298568507	55	678	3	0	43	0.438775510204
0.148230797851	0.0286298568507	55	679	3	0	43	0.438775510204
0.148701756561	0.0286298568507	55	680	3	0	43	0.438775510204
0.149341325006	0.0286298568507	55	681	3	0	43	0.438775510204
0.149653820525	0.0286298568507	55	682	3	0	43	0.438775510204
0.149863178802	0.0286298568507	55	683	3	0	43	0.438775510204
0.149936221261	0.0286298568507	55	684	3	0	43	0.438775510204
0.149953368972	0.0286298568507	55	685	3	0	43	0.438775510204
0.150027937	0.0286298568507	55	686	3	0	43	0.438775510204
0.150051512114	0.0286298568507	55	687	3	0	43	0.438775510204
0.150102491287	0.0286298568507	55	688	3	0	43	0.438775510204
0.150284813596	0.0286298568507	55	689	3	0	43	0.438775510204
0.150474884888	0.0286298568507	55	690	3	0	43	0.438775510204
0.150474953864	0.0306748466258	56	690	3	0	43	0.434343434343
0.15060000646	0.0306748466258	56	691	3	0	43	0.434343434343
0.15105959343	0.0306748466258	56	692	3	0	43	0.434343434343
0.151424983965	0.0306748466258	56	693	3	0	43	0.434343434343
0.151432413667	0.0306748466258	56	694	3	0	43	0.434343434343
0.151531220178	0.0306748466258	56	695	3	0	43	0.434343434343
0.15165859567	0.0306748466258	56	696	3	0	43	0.434343434343
0.151767592966	0.0306748466258	56	697	3	0	43	0.434343434343
0.152292932591	0.0306748466258	56	698	3	0	43	0.434343434343
0.153050324939	0.0306748466258	56	699	3	0	43	0.434343434343
0.153094046377	0.0306748466258	56	700	3	0	43	0.434343434343
0.15322591182	0.0306748466258	56	701	3	0	43	0.434343434343
0.153280089029	0.0286298568507	56	702	3	0	44	0.44
0.154049614051	0.0286298568507	56	703	3	0	44	0.44
0.154052528164	0.0306748466258	57	703	3	0	44	0.435643564356
0.154149803423	0.0306748466258	57	704	3	0	44	0.435643564356
0.154169098401	0.0306748466258	57	705	3	0	44	0.435643564356
0.154271263893	0.0306748466258	57	706	3	0	44	0.435643564356
0.154362765981	0.0286298568507	58	706	3	0	44	0.43137254902
0.154945521281	0.0286298568507	58	707	3	0	44	0.43137254902
0.155101685665	0.0286298568507	58	708	3	0	44	0.43137254902
0.155173856682	0.0286298568507	58	709	3	0	44	0.43137254902
0.155278961515	0.0286298568507	58	710	3	0	44	0.43137254902
0.155518159928	0.0286298568507	58	711	3	0	44	0.43137254902
0.155544564874	0.0286298568507	58	712	3	0	44	0.43137254902
0.156011268839	0.0286298568507	58	713	3	0	44	0.43137254902
0.156165685192	0.0286298568507	58	714	3	0	44	0.43137254902
0.15633272974	0.0286298568507	58	715	3	0	44	0.43137254902
0.15639713935	0.0286298568507	58	716	3	0	44	0.43137254902
0.156435410456	0.0286298568507	58	717	3	0	44	0.43137254902
0.156486129569	0.0286298568507	58	718	3	0	44	0.43137254902
0.156588097608	0.0286298568507	58	719	3	0	44	0.43137254902
0.156656679587	0.0286298568507	58	720	3	0	44	0.43137254902
0.156741810576	0.0286298568507	58	721	3	0	44	0.43137254902
0.156744473458	0.0286298568507	58	722	3	0	44	0.43137254902
0.156927316938	0.0265848670757	58	723	3	0	45	0.436893203883
0.157154434227	0.0265848670757	58	724	3	0	45	0.436893203883
0.157290233374	0.0265848670757	58	725	3	0	45	0.436893203883
0.157296379071	0.0286298568507	59	725	3	0	45	0.432692307692
0.157846585478	0.0286298568507	59	726	3	0	45	0.432692307692
0.158007120756	0.0286298568507	59	727	3	0	45	0.432692307692
0.158047385894	0.0286298568507	59	728	3	0	45	0.432692307692
0.15806318407	0.0265848670757	59	729	3	0	46	0.438095238095
0.158255166716	0.0265848670757	59	730	3	0	46	0.438095238095
0.158402958646	0.0265848670757	59	731	3	0	46	0.438095238095
0.158728593959	0.0265848670757	59	732	3	0	46	0.438095238095
0.158734140403	0.0265848670757	59	733	3	0	46	0.438095238095
0.158747709502	0.0265848670757	59	734	3	0	46	0.438095238095
0.158792823019	0.0265848670757	59	735	3	0	46	0.438095238095
0.15885270904	0.0265848670757	59	736	3	0	46	0.438095238095
0.1591377764	0.0286298568507	60	736	3	0	46	0.433962264151
0.159253180319	0.0286298568507	60	737	3	0	46	0.433962264151
0.1593291797	0.0286298568507	60	738	3	0	46	0.433962264151
0.159338103414	0.0286298568507	60	739	3	0	46	0.433962264151
0.159340834366	0.0286298568507	60	740	3	0	46	0.433962264151
0.159351699547	0.0286298568507	60	741	3	0	46	0.433962264151
0.159868946215	0.0286298568507	60	742	3	0	46	0.433962264151
0.159957753425	0.0286298568507	60	743	3	0	46	0.433962264151
0.160232947566	0.0286298568507	60	744	3	0	46	0.433962264151
0.160537970942	0.0286298568507	60	745	3	0	46	0.433962264151
0.160821966593	0.0286298568507	60	746	3	0	46	0.433962264151
0.160852483846	0.0286298568507	60	747	3	0	46	0.433962264151
0.161128052581	0.0286298568507	60	748	3	0	46	0.433962264151
0.161137865193	0.0286298568507	60	749	3	0	46	0.433962264151
0.161504697658	0.0306748466258	61	749	3	0	46	0.429906542056
0.161957293712	0.0306748466258	61	750	3	0	46	0.429906542056
0.162306393421	0.0306748466258	61	751	3	0	46	0.429906542056
0.162866668755	0.0327198364008	62	751	3	0	46	0.425925925926
0.163708220047	0.0327198364008	62	752	3	0	46	0.425925925926
0.16399621228	0.0327198364008	62	753	3	0	46	0.425925925926
0.164138184948	0.0327198364008	62	754	3	0	46	0.425925925926
0.164266108669	0.0327198364008	62	755	3	0	46	0.425925925926
0.164289012132	0.0327198364008	62	756	3	0	46	0.425925925926
0.16441956075	0.0327198364008	62	757	3	0	46	0.425925925926
0.165164517039	0.0327198364008	62	758	3	0	46	0.425925925926
0.165185173174	0.0327198364008	62	759	3	0	46	0.425925925926
0.165357710072	0.0327198364008	62	760	3	0	46	0.425925925926
0.165369620009	0.0327198364008	62	761	3	0	46	0.425925925926
0.165394986617	0.0327198364008	62	762	3	0	46	0.425925925926
0.165474844777	0.0306748466258	62	763	3	0	47	0.43119266055
0.166186248811	0.0306748466258	62	764	3	0	47	0.43119266055
0.166293307968	0.0286298568507	62	765	3	0	48	0.436363636364
0.166424750763	0.0286298568507	62	766	3	0	48	0.436363636364
0.166932310308	0.0286298568507	62	767	3	0	48	0.436363636364
0.166972407465	0.0286298568507	62	768	3	0	48	0.436363636364
0.167205188566	0.0286298568507	62	769	3	0	48	0.436363636364
0.167325120026	0.0286298568507	62	770	3	0	48	0.436363636364
0.167333628679	0.0286298568507	62	771	3	0	48	0.436363636364
0.167535122926	0.0286298568507	62	772	3	0	48	0.436363636364
0.167716260538	0.0286298568507	62	773	3	0	48	0.436363636364
0.167731162762	0.0286298568507	62	774	3	0	48	0.436363636364
0.167848712536	0.0265848670757	62	775	3	0	49	0.441441441441
0.167959453735	0.0245398773006	62	776	3	0	50	0.446428571429
0.168007089532	0.0245398773006	62	777	3	0	50	0.446428571429
0.168151242673	0.0245398773006	62	778	3	0	50	0.446428571429
0.168203747656	0.0245398773006	62	779	3	0	50	0.446428571429
0.168472248415	0.0245398773006	62	780	3	0	50	0.446428571429
0.168563032707	0.0245398773006	62	781	3	0	50	0.446428571429
0.168744708495	0.0245398773006	62	782	3	0	50	0.446428571429
0.168777648891	0.0245398773006	62	783	3	0	50	0.446428571429
0.168792023647	0.0245398773006	62	784	3	0	50	0.446428571429
0.16887144329	0.0245398773006	62	785	3	0	50	0.446428571429
0.169041937505	0.0265848670757	63	785	3	0	50	0.442477876106
0.169059010537	0.0265848670757	63	786	3	0	50	0.442477876106
0.169131646247	0.0265848670757	63	787	3	0	50	0.442477876106
0.16942600585	0.0265848670757	63	788	3	0	50	0.442477876106
0.169447377259	0.0265848670757	63	789	3	0	50	0.442477876106
0.169850424236	0.0265848670757	63	790	3	0	50	0.442477876106
0.170225699937	0.0265848670757	63	791	3	0	50	0.442477876106
0.170346765461	0.0265848670757	63	792	3	0	50	0.442477876106
0.170470799447	0.0265848670757	63	793	3	0	50	0.442477876106
0.170480802492	0.0265848670757	63	794	3	0	50	0.442477876106
0.170547547292	0.0265848670757	63	795	3	0	50	0.442477876106
0.170552719507	0.0265848670757	63	796	3	0	50	0.442477876106
0.170718855292	0.0265848670757	63	797	3	0	50	0.442477876106
0.17078222416	0.0265848670757	63	798	3	0	50	0.442477876106
0.171114561583	0.0265848670757	63	799	3	0	50	0.442477876106
0.171314787447	0.0265848670757	63	800	3	0	50	0.442477876106
0.171441729464	0.0265848670757	63	801	3	0	50	0.442477876106
0.171613869237	0.0265848670757	63	802	3	0	50	0.442477876106
