cnumpy.random
__RandomState_ctor
p1
(tRp2
(S'MT19937'
p3
cnumpy.core.multiarray
_reconstruct
p4
(cnumpy
ndarray
p5
(I0
tS'b'
tRp6
(I1
(I624
tcnumpy
dtype
p7
(S'u4'
I0
I1
tRp8
(I3
S'<'
NNNI-1
I-1
I0
tbI00
S'.\xec\x86\xcc\x9c\x1cq\x88\xef4d\xa21\\\xe4\xfb\xa4j*\x96<\xaaN.\x1e\xafq\x89\xf8|\xf3\x9fhc\xcd\xd7\xa2\xcd+2\xa4\xa5\x950ueR\x9dI%\x17\x05\xab\xe3F)6\x8f\xc5\x8e\x8e\xd0\t\x03KI\x99\x17y\xeb\xb3\xee\x0eC\x80\x06\xb2\x85\xc3\xb96\xa8\xf4\x05K\xb4\xdd\xfd\x9aW\xd1\rD\x1cZ\xdd\xa3G\xa1P\x8b>\x8e0\xac\x9a\xb8\x02g\xbeTt\xad\xb7w"\xe7\xe7\x1c\x87\x89\xc9|~\xa1\n-\x0b\xca)Xo\xbb\xcd\xc3\xda7\x0bW\xe4\xb8:_\xf0\x89o\nB\xa1\x1af.\xab\x12P\xec\xba^\x8bd\xf7\r\xee\xaa\x7fOB\x16\x04 d\xf7\t@g=\xb8|\x00\xff%\x90\x11\xec\xbe\xb9CT\xc76m\'\xd7\xc3\x9f\x14c\xeb,G\xf8\xf5\x05\x94yO\x9f\x10\xcd8\xeb\xd4\\\xbd\xb4av\xec\x91\x98D\x13\t{3EE&\xd8\xb6\xb1\xc4\x98\x9f\xbd\x85Fk\xcc3pu\x9d\xc4.\xa05B\x9a\xaaX\x0f\x94\x96\x1c\x9b\x01\xc8\\Z\xf3<9\x13\x0b\xc5\xc8/;3K\xba\xf7\xac^\x01\xfa\x8c\xc7q\xea\xab\x99\xae\x10!\xb2pk\x06\xb8kP\xbd\xea\x863\xd5\x0c>\xe9\xf7\xaf\x99H\x8c\xe6\x1c\xde\xf0\x85\x0f\xf5Q?\x8bQyO\x16\xa8\xf5\xc2Q\xd4\xdb\xa2\x9a\xba\xa1\xda9.\xe0\xef\xcf\x88%j \xcb\xed`\x9bu\xf3\x98,s\xd9\x9e,\xe6\x0e{\x88\x92\xfc\xeb-\xf2\xadK\xf5\xc9\x029a\x17\x9aV\x9aJ\xec\x8f\xc2\x8de\xec/\x9b\x9d\x16CX\x98\x94\\\xda\xc4y\x87P\x89\x14\xa9BU\xc9\xc6\x0b\xc4\x01<\xbc\x08\xd6\x994\xc1\x88\xdbF\xec\xba^\xca\xcb\xc4\xfbPv\xa3=\x80d\x0f\xa0;@\x9d\xc6B\xf4&\x87\xf3&\xb1.\\\xa0\xbb\xacq\xbb\x8d\xf3\xd6\xc4\xae+u\x1f\xdcN*\xfee:\xf2%\xac\xc49:l\xf4KU\xe0\xe7\xe0\x8e\n\x93\x16\xaeK\xd2\x8f\'n\xc3)(\xbf ^\x8f\xbaq\xd9\xb1;\xd7\xcc\xef\x868*\x8c|Ogr\xa6\xa5>C\xfe\x1c\xca\x04\x96\x06\x98y\x02\xf5\xfc#\x94\xa0D\xa2+\xbbgv\x9a\x98>\xd0\x9b9\xf2\x88z\x80J\xf5\xf8\xd4Zx\xd6|\xee\xdd8u^\xfa\xea\xf2!\xffr\xe8\xf9\x8c\xb9\x1c+\xb75\xad\x95\x82#U\xbav\x19#\x8dr\xf6Of\xba\x7f\x9f\x9c)r\x9b\x89]\xb89\xf6x\xf18\x1e\x86|>\x8e\xf7n\x00\x8f"\xa92\x1d\xdaMy\xd9A\xf1x_\xce\xce\x93\x18\xd3\x1f\x9bcpxR\xed\xea\x07?\x18\xefo\xa7\xc4^\xa41mj\xc1O\xa3\x87\xc46\xdf$\xef~u\x9dxK]f\xd8\x07{\xe2^^\x15\xb4HNK=yb\xb1k\x10Q~\x05\xfd\xb9\x8fQ1\xc5K\xafFy\xad\xe9\x0c\x9f&\x81\x94j"\xc6l_\x1f>\xf1\xa4\x7fR\n\xae\t.=\xfc1]SI\x84\x062\x94\x12>"3\xe2\x01\xc6\r\xb6QQ\xc5\xa3\x7f\xe6A${\x10\x8d\xef\xd4\xbe\xd1\xc14Y\x00\t\xf1\xee\xb3\x11\x06\xb8\x10=\xc2\x92\nw\x1a0\x19\xce\xa7\x05\x16\x8cHPe\xae\xe4E\xeao\xab\xd7\x12\x0c\x89\xc97Q\xdd\x821$\x88\xedv\xd3\x9a\x13\xd5\xa5\xeb\x81\xc8}\t]h\x04m\xabHe|~\xe7%2\xfaf"\xd57(]\xb0\xeb\xd3\xbf\tb2\x13D~[\xd8\x86\xc0\x84\x10\x1a\xe2\x9ea\xde\n\x92\x03\n0)\x1b\x85t\xf3\xd7\x8f\xd1>\x1b\x1eZ\x8f\xec\x17AL\xdeZ\xaf\xa2\xe7\xd6V\x11\xc9\n\x9f@\x901(H\tD\xae\xe7|\x83m\x7f \xcbbz\xaa\x02\x1b&\x98\xf5^\xeb!o\x15\xaa\xed\'\t \xb1`\xb5\xb4\xb7\x88\xfc\x83H\xa9\x05]\xf6\x18\x92]@\xb55L\x94C:;\x87M[xP\x1d\xf0)\xf3Km\xde\xd6\xaeQ\x08\x8a\x8d\x082\x19\x8cl\x83{7\xe3-\xb7\x92\xd7\xb1\x02\xf4\xb4\x17\x98>\xa1\xd7\xcf\xbe\x92\x14\xdbo\xdf\xe0\xa9\xc4\x8f\xa6\xca\xfa\x0bJ\xcf\xfe\xdd\xd1\x978r\xda]\xb3\x87R\xd9Y\x86Q\xca@N\xc9=n\x066\x80\xdd\x88dE\xfc\x85\xb1\xf8\x9dB\xebz\xda*i4\xc0o\x84GiO\x1c\xa1Bg\xa2\xd5\x0cL\x0bV4\xffc2X\xf1\xef\xb1\xa6\xa5\xe2\xdf6)!\x1fq\xc0\xa7\xe9\xc1\xea-\xf8\xa2\xb3<\xfc+C\x9ee\xa7\x7f\xeaFTUW\xfb\x9e\xf2\x03\x84\xa5\xfd\x8bC\xc2\xfa\x9e\xdc\xe5+\xe0\xaf\x90k\xd9\xce6zOX\xca\xaa}5\x01\xe3n\xefF\xb0G\xf833k\xca\xbe^Z\xcf\xef\x87\xf7\xf1L\x90Pi5\xd2-\x93\xd6n\x99l$\xb9\x17\x92\xceW,\xf1{\x9b\xb2\xc3>vy*e\xc2o\x84KfE\x9f\xc7\x82_\xdb5\xc0\xaeZZ\x1b6\xe9w\x8a\xfb\x9b\x912\xfe\xcf\xff6\x0fP\xcet>r0\x07<\xf2\x11M\x8f\x80\x14R\xeb\x0czu$8\x8e\x85\x94\xb2\x03/\x97<\xc6=\xc8\xdd\x9f\xe3\x03\xb4s\xfe\'o\xb4\x87\xac=a\x83\x99\xac\xd8\xbb-\xc6\xb4`bLJ\xa9\xe0\xd2\xf6\x86ke\xd0\xdc\x90j\xa2 t\xe6\xde\xaf^\x1a\x9fO<\xa3\xe4vW\xf5/\xab0\xc5\xe6v\xe5#\xb7\x83\xc4\xb4N\xee\xd9e\xcdii\xf3\xa3l\xf3p\xfa\xd1\xa8\xe4;\xff\x9e.zX\xbax\xb5W\xf0\xcc\x17\xa1K\x0e6\x85\t>\x1b\xca\xa0G\x86\xf9\xf75[\xe5\x98\x15\xf9\xc349y=Zm\xb01\x0b\x89\xcc\x11\x95E\xcb\xd8\n. \x07\xcc\xe2HJ>wB\xe1a\xda\x9f\xe2\xbf\x97i\xcb\xe0\xb5+\xdf\x82Xv-\xc8\xa1\xfez\xc3\x85\xa3\x89\xe4#\xffR\x95dt\x9a8\xa7Wgd}i\xd3#\x15\xcc\xf2,\xdfM n\\\xbb\x15\x1f?\xeco\xac\x91\x07\xe3\xb0\x02x\xaa\xf1-\x9f&H=\xe8\xba\'\x8e\xdd\x01\xb6Wo8\xf9L\x80\xd1\x85>#/\xa9G\xbba\x14\xc3\xbb\xcebF\x15\x98|\xc8n\xd5\x90\x99\x9d\xd6\xa8\xe4\xfc\xab\xbe\xff\xa4\xac\xb6\x12\x97X\x91\xc8?\xd6Plce:\'S\xabh\x8a\x02n\x99\xdd\x08\xa7<\xdf\xf1\xb5\xcf?\xbby\x11\x01\x92R\x9aEd<\x9d\x9c\x14\x00\x1fH\x13b)H\xc7\xe3\xb2\\\xb2D2\xf7\xf9g\x95\xc4!\xda\xb7\x82\x818%n(\xff[\xf73cc\x8dS?\xcfD\xcc\xcc=0\xbd\r4`\xd8\xb1\x863#\xbd\xd4\x13\x99I\xb1\xf1\xe2\x0b8\x9c&n%\x87\x15|\xf5XZ\x84\xb8_<\x14=\x93_.P\xee\xd4\xea\x15r\x80\x96\xb0\xf0 \xa1\xe9\x95M\x9d\xda\xfda5K]8\xf5\x1a\xfe\xeb~\xa1\xdb\xfdY\xa2\xb9\x8aY>\xd57\x93o/\xbe\xb7\xff\xe7\xebqm\xd1\x12\x1f\xe7-\xb0\n\rHa\xd8\x89\x87+\x91\xf11@\xce\xeer!sQ\xc7\x04\x8f\xebEn\x10\x0b\xed\xa3\xc3&\x01\xfc_\xd2\xe7YC\x1coU\xb2\x1b\x0c\x8fK\xe7\x83\x1e]\xaa\xce@\xd44\xebY^;\xc4\x95\x85\xe6\xc2o7\x0c\xaf}\x97\xd3\xc0\x8d\xa7\x88\x9a\xa9l6\xcd\xfb\x9f\x16=\x12\xff\x16\xb4\xec\xa24R\xe0\x82{L\xfcr\x19\x07\xca_!\xc4\'D\x85U"k\xb9\xbd^Yx\x08U\xfehO\x9d"\xb8$\xeb\xe530\xbc\xf2\xfa\xfaf\xb3\x94\x92\xd6\x96\xa9~F\x80l\xe2\xd4\x07\xadA\xc8k\xbf\xc0\x88\xa8\xad6\xedT\x0e\xad\xc1\xec\xf4\xd9:\xae\x8c*\xd1\xf70\x00\x86e\xfb\x8c\xa0\xaa\xe2\xf3>\x9a~\x97\xf4\xcf\xf9p^"\xad\xdc\x04\xf5 a`5\xb1=\xd2\x11\xa2r\xd8G\x94\xdd^\xad\xc4\xed\xf4\xd7j\xd4=i\xf8\xeb1\xd9\xcd]\xb0\x00\xe0\x80\xf2\xc3\xcfc|\xe2y\xcb8\xf2\x06]\x8f\xf7\xe5\xde\xaa\xfe\x06\xe2\x83?\xa9\xb6\x97\xc7\xf0\x97\xa2\x87\x8b\xdd\x1cs\xc6\xc2\x90\x135\xd1\x03\xb9\x0c\x07L\x9a_\x9d\xa5S\x7f\xab\xce~\xd18 \xe9\x08\x85T\x90>\xa3\x0c\xf0\xe7\xe0\x04\x97da\xbdS\xe8\x9b\xa9F\x02>.\xd7\x1d\x19\xdd\xe3\x8b\xbfE3\x90\x98\xf4\xb2\xb8\x0e\x18u\x16{\x05A\xcf\xdd\xe95\x0f\xe0\xc6\xf2\xf4\x8a]\x03g\xd5t\xe7s\xaf\xa7\x0br\xcbp\xe2\xc1\xe93Ou\x86\x07@\xca\x8e;\xa8\x9aGsq\xd1\x19\xae\xe6\x81Q\x16?\xa2M\x99 4\x01\x086\x08\x04\xad\x06\x8bu\xd0\x95\x1c\x895K\x0e\x17\xd7\xea\xf5)\xf4_\xc3[|\x84>\x87\xbf\x9f!\x02\x96\x16K\xcf\xca\x7fL\xb7\xc4\xfa\x83W*\xb4=\xd9\x83\xae@\xc9\xd2\x08\xc2\xf6\x1c\x17Y\xc7u\x00I\x8dy\xb5\r,\xb8\xd5\xab\xaa\xe2l\xd2/b\xec\xe1\xebJ\xfb!\x94\x93\xfc\x1b\x91#x\xe6,\xd2\x8cx\xe0\x15!,\x01rEW\x0c\x08M\xaf\xe2\xb0\x8bu|u\xb4\x91\xce.\xbf\x8aO1\xc5\xbb\xcb\xc6\xfd\x96\x16\xfci\x91B!l\xa3j\xbe\xe1N\xcdp</\xfc\xf5q?}\xe0\xba\xa9=n\x05W7\x8aj<\xc0\xdb\x9fy99H\xcf\xf5\xa7\xc3\xcax\x13\xc2D\x8c\x8b\xaa\xc7\x81\xe99\x9c\xdb\x18\xacJ\xc7S#VDzZ\x93\xea\xc2\xe9l\x8f2R\xae\x93\xe1\xa3\xc4\x0f\xdaD\xd7o\xf5[\xa13\xab\x1a2{\x835\xb2\xb7.\xb0d8SH+\'\xb1d\xfb\x0e\xcc\xcfW\xfe\xf7\xd7Ev\xadk\x14\xc5\xc3@~v\\+\x9e\x19;\x82:\x82\xc9\x19\xe1\xad\xe0\xcc\xe8\x90iZ\xf6D\x9f90\xf4\x87Bw\xb7\x06\x0f\xe0\x906\x9d.L<+\n\xe3\xa5H\rJ\xb9\xfc;\xbd\xb7\xc8#\xb9\xe4\x8e%\xda\x01\xb5\xed\xc4]/7\xddO\x07\xb9\x8b\x86cQs\x9f\x05\x96)\x93p:\x92\x8b\xe9\xfe\x13\x0f*\xa70\x92{}\xef\x8cEru\xbc\xd3KT\x1e\x95\xf7\xf8\xe3\xa3\xcd>\x00|\xac(GQ\x9eH\xcc\\\xd4wH\x81V|\xa0\xe8\xc0OB\x90\x8a\xcf\xfb\xca\xa3\x90JS\xfe\x01\xce\x18\xd1}N^b\xf3\xca\xe4_2p2\xf9^\xe8t\x93\xf70u\xce\xe4\xb5\xc6\xc2^\xca\xa6\xaf8\xa25d\xe1F\x06\x82/\xe6\xe8M\xda\x92\xc1\xfe\x02)\x1b\x19\x90\x94\xea\xf9\xd7(\xc4+'
tbI624
I0
F0
tb.