# time 	 divergence 	 # of mutations 	 # IGC chances 	 IGC length 	 # IGC failures 	 Changes due to IGC  	 % change due to IGC 
0.0	0.0265848670757	0	0	0	0	0	0.0
0.00149532883087	0.0265848670757	0	1	3	0	0	0.0
0.00158883268674	0.0286298568507	1	1	3	0	0	0.0
0.00301720392077	0.0286298568507	1	2	3	0	0	0.0
0.0102802873387	0.0286298568507	1	3	3	0	0	0.0
0.0115330516002	0.0286298568507	1	4	3	0	0	0.0
0.0122773771533	0.0286298568507	1	5	3	0	0	0.0
0.0125554779941	0.0286298568507	1	6	3	0	0	0.0
0.0126507354311	0.0286298568507	1	7	3	0	0	0.0
0.0130136446635	0.0286298568507	1	8	3	0	0	0.0
0.0135693252762	0.0286298568507	1	9	3	0	0	0.0
0.0139472921061	0.0286298568507	1	10	3	0	0	0.0
0.0165908943373	0.0306748466258	2	10	3	0	0	0.0
0.0187991535996	0.0306748466258	2	11	3	0	0	0.0
0.0190930544616	0.0286298568507	3	11	3	0	0	0.0
0.0201863531851	0.0265848670757	3	12	3	0	1	0.25
0.0210932410944	0.0286298568507	4	12	3	0	1	0.2
0.021938405411	0.0306748466258	5	12	3	0	1	0.166666666667
0.0221692356183	0.0306748466258	5	13	3	0	1	0.166666666667
0.0229824117496	0.0306748466258	5	14	3	0	1	0.166666666667
0.0238589436778	0.0306748466258	5	15	3	0	1	0.166666666667
0.0272945979777	0.0327198364008	6	15	3	0	1	0.142857142857
0.028097835614	0.0347648261759	7	15	3	0	1	0.125
0.0294932487322	0.0368098159509	8	15	3	0	1	0.111111111111
0.0295847443978	0.0368098159509	8	16	3	0	1	0.111111111111
0.0317611441901	0.0368098159509	8	17	3	0	1	0.111111111111
0.0329211820543	0.0368098159509	8	18	3	0	1	0.111111111111
0.0348263810606	0.0368098159509	8	19	3	0	1	0.111111111111
0.0353381165735	0.0347648261759	8	20	3	0	2	0.2
0.0354866754536	0.0347648261759	8	21	3	0	2	0.2
0.0365465393925	0.0347648261759	8	22	3	0	2	0.2
0.0386106784841	0.0347648261759	8	23	3	0	2	0.2
0.0397790984817	0.0368098159509	9	23	3	0	2	0.181818181818
0.0405089961043	0.038854805726	10	23	3	0	2	0.166666666667
0.0424744935925	0.040899795501	11	23	3	0	2	0.153846153846
0.0442506918059	0.040899795501	11	24	3	0	2	0.153846153846
0.0470013564409	0.0429447852761	12	24	3	0	2	0.142857142857
0.0472429701917	0.0449897750511	13	24	3	0	2	0.133333333333
0.0496689800663	0.0429447852761	13	25	3	0	3	0.1875
0.0504494825843	0.0429447852761	13	26	3	0	3	0.1875
0.0516707674907	0.0429447852761	13	27	3	0	3	0.1875
0.0529344047965	0.0449897750511	14	27	3	0	3	0.176470588235
0.0538534308784	0.0470347648262	15	27	3	0	3	0.166666666667
0.0546499295395	0.0470347648262	15	28	3	0	3	0.166666666667
0.0579785186194	0.0490797546012	16	28	3	0	3	0.157894736842
0.0595338802368	0.0511247443763	17	28	3	0	3	0.15
0.0617442630058	0.0511247443763	17	29	3	0	3	0.15
0.0619243019222	0.0490797546012	17	30	3	0	4	0.190476190476
0.0626399570739	0.0490797546012	17	31	3	0	4	0.190476190476
0.0633511770051	0.0490797546012	18	31	3	0	4	0.181818181818
0.0640731952426	0.0490797546012	18	32	3	0	4	0.181818181818
0.0657565091913	0.0470347648262	18	33	3	0	5	0.217391304348
0.0689119860375	0.0490797546012	19	33	3	0	5	0.208333333333
0.0695537919232	0.0511247443763	20	33	3	0	5	0.2
0.070950225856	0.0531697341513	21	33	3	0	5	0.192307692308
0.0709568784355	0.0511247443763	21	34	3	0	6	0.222222222222
0.0715852055506	0.0511247443763	21	35	3	0	6	0.222222222222
0.0717712691284	0.0511247443763	21	36	3	0	6	0.222222222222
0.072760088591	0.0511247443763	21	37	3	0	6	0.222222222222
0.0772942244891	0.0511247443763	21	38	3	0	6	0.222222222222
0.0789126074685	0.0511247443763	21	39	3	0	6	0.222222222222
0.0792955919206	0.0531697341513	22	39	3	0	6	0.214285714286
0.0795397193899	0.0531697341513	22	40	3	0	6	0.214285714286
0.0805281823502	0.0552147239264	23	40	3	0	6	0.206896551724
0.0821703341288	0.0572597137014	24	40	3	0	6	0.2
0.0842862604643	0.0593047034765	25	40	3	0	6	0.193548387097
0.0843804283064	0.0593047034765	25	41	3	0	6	0.193548387097
0.0846971702709	0.0593047034765	25	42	3	0	6	0.193548387097
0.0853234287448	0.0593047034765	25	43	3	0	6	0.193548387097
0.0871503544515	0.0593047034765	25	44	3	0	6	0.193548387097
0.0896765378745	0.0613496932515	26	44	3	0	6	0.1875
0.0911608361215	0.0633946830266	27	44	3	0	6	0.181818181818
0.096975858227	0.0593047034765	27	45	3	0	8	0.228571428571
0.0971473995901	0.0613496932515	28	45	3	0	8	0.222222222222
0.0973977475362	0.0593047034765	29	45	3	0	8	0.216216216216
0.100204301203	0.0593047034765	29	46	3	0	8	0.216216216216
0.102811406101	0.0613496932515	30	46	3	0	8	0.210526315789
0.10285771663	0.0613496932515	30	47	3	0	8	0.210526315789
0.106212400888	0.0633946830266	31	47	3	0	8	0.205128205128
0.106348331647	0.0654396728016	32	47	3	0	8	0.2
0.106385659295	0.0654396728016	32	48	3	0	8	0.2
0.106423341345	0.0654396728016	32	49	3	0	8	0.2
0.109692727412	0.0674846625767	33	49	3	0	8	0.19512195122
0.110021951313	0.0674846625767	33	50	3	0	8	0.19512195122
0.111402857449	0.0695296523517	34	50	3	0	8	0.190476190476
0.113318159845	0.0674846625767	34	51	3	0	9	0.209302325581
0.11896763921	0.0654396728016	34	52	3	0	10	0.227272727273
0.12086529405	0.0654396728016	34	53	3	0	10	0.227272727273
0.121200530725	0.0654396728016	34	54	3	0	10	0.227272727273
0.123012459391	0.0654396728016	34	55	3	0	10	0.227272727273
0.123193902836	0.0633946830266	34	56	3	0	11	0.244444444444
0.1237752637	0.0654396728016	35	56	3	0	11	0.239130434783
0.124949435137	0.0674846625767	36	56	3	0	11	0.234042553191
0.126114033897	0.0695296523517	37	56	3	0	11	0.229166666667
0.127915010338	0.0715746421268	38	56	3	0	11	0.224489795918
0.127929466159	0.0715746421268	38	57	3	0	11	0.224489795918
0.129231020771	0.0715746421268	38	58	3	0	11	0.224489795918
0.130231063537	0.0715746421268	38	59	3	0	11	0.224489795918
0.139084391299	0.0695296523517	39	59	3	0	11	0.22
0.140538959526	0.0695296523517	39	60	3	0	11	0.22
0.140631488554	0.0715746421268	40	60	3	0	11	0.21568627451
0.140680024547	0.0715746421268	40	61	3	0	11	0.21568627451
0.140759529349	0.0695296523517	40	62	3	0	12	0.230769230769
0.141071589958	0.0674846625767	40	63	3	0	13	0.245283018868
0.143491605131	0.0695296523517	41	63	3	0	13	0.240740740741
0.143851071125	0.0695296523517	41	64	3	0	13	0.240740740741
0.144514811826	0.0715746421268	42	64	3	0	13	0.236363636364
0.145684229718	0.0736196319018	43	64	3	0	13	0.232142857143
0.146770598265	0.0736196319018	43	65	3	0	13	0.232142857143
0.150880666949	0.0736196319018	43	66	3	0	13	0.232142857143
0.151283259126	0.0736196319018	43	67	3	0	13	0.232142857143
0.154955330673	0.0736196319018	43	68	3	0	13	0.232142857143
0.157187260006	0.0736196319018	43	69	3	0	13	0.232142857143
0.157439406036	0.0736196319018	43	70	3	0	13	0.232142857143
0.162108140051	0.0736196319018	43	71	3	0	13	0.232142857143
0.163025659941	0.0756646216769	44	71	3	0	13	0.228070175439
0.165684582128	0.0777096114519	45	71	3	0	13	0.224137931034
0.167334168037	0.0777096114519	46	71	3	0	13	0.220338983051
0.168799158167	0.0777096114519	46	72	3	0	13	0.220338983051
0.170473314134	0.0756646216769	46	73	3	0	14	0.233333333333
0.170567760846	0.0756646216769	46	74	3	0	14	0.233333333333
0.174031459947	0.0756646216769	46	75	3	0	14	0.233333333333
0.176201038421	0.0756646216769	46	76	3	0	14	0.233333333333
0.176507713293	0.0756646216769	46	77	3	0	14	0.233333333333
0.176615477805	0.0756646216769	46	78	3	0	14	0.233333333333
0.176854958622	0.0756646216769	46	79	3	0	14	0.233333333333
0.183109614622	0.0736196319018	47	79	3	0	14	0.229508196721
0.1832000944	0.0736196319018	47	80	3	0	14	0.229508196721
0.183561912196	0.0736196319018	47	81	3	0	14	0.229508196721
0.185091263944	0.0736196319018	47	82	3	0	14	0.229508196721
0.185207698362	0.0756646216769	48	82	3	0	14	0.225806451613
0.185774262415	0.0756646216769	49	82	3	0	14	0.222222222222
0.190664960232	0.0777096114519	50	82	3	0	14	0.21875
0.190898087879	0.079754601227	51	82	3	0	14	0.215384615385
0.191249052158	0.079754601227	51	83	3	0	14	0.215384615385
0.192233894489	0.079754601227	51	84	3	0	14	0.215384615385
0.192327966957	0.079754601227	51	85	3	0	14	0.215384615385
0.197316099464	0.079754601227	51	86	3	0	14	0.215384615385
0.198323536288	0.081799591002	52	86	3	0	14	0.212121212121
0.198857730047	0.079754601227	52	87	3	0	15	0.223880597015
0.199189388741	0.079754601227	52	88	3	0	15	0.223880597015
0.203302800401	0.079754601227	52	89	3	0	15	0.223880597015
0.203513867306	0.0777096114519	52	90	3	0	16	0.235294117647
0.205102584074	0.0777096114519	52	91	3	0	16	0.235294117647
0.205991402929	0.0777096114519	52	92	3	0	16	0.235294117647
0.206140854714	0.0756646216769	52	93	3	0	17	0.246376811594
0.206742059765	0.0777096114519	53	93	3	0	17	0.242857142857
