cnumpy.random
__RandomState_ctor
p1
(tRp2
(S'MT19937'
p3
cnumpy.core.multiarray
_reconstruct
p4
(cnumpy
ndarray
p5
(I0
tS'b'
tRp6
(I1
(I624
tcnumpy
dtype
p7
(S'u4'
I0
I1
tRp8
(I3
S'<'
NNNI-1
I-1
I0
tbI00
S'\xdeI\xf3\x83 \xa6\\\xf4\x9c\x9a\xf5\xd0\x8f\xb7\xad\x1a&uv\xe1\x8b\x1arc\x1b_\xd2/\x9b\xe90\x85g\xa9\xe8\xfa\x8e\x9fub\xd4\xd6\x86\xf5\xe5\x81\xa9\x1f\xaa\x8d\xb4n\xd6v#q\\\x82\x0eNq\x9d\xe4)\xa9:\x89W\x8b\xb4C=$\xc4Q\xff\'\xe9hz4\xae\xb0|\xf7\xe2\x10$N\xe9E\xaf`r\xcd\x02\xed\x86M\x0c\xde\x8dW\x90)zR\x08\xfe\xb6v\x05ey=\xf0\x99\xb9\xc5\x8f\x01\xb9\xefU[\x94\x02\xf9\xa5r(\x0b7\x97\xef\x1f\xf1\xd7\xe3\xd8\x8f{~\xd0\xb4\x19I_\x90\xc4\xca\xc8<\xde\xd2\xf2\x03\xd2\xe6\x9a&\x0e\x92O\xe5U\x00\xd96+\xe7\x0f\xeb\x8d\x83\xb1\x1f)\x1c\xc4\xa92\x87\x1a\x85\xc9"0\xff\xfe\xc2\x03&y5\xc4\xb1\x9e\xad\xf7*\xd4\x87\x8a\x99qE*\x05\xc0\xceb\x8dr\xbc\xce\xa6\x9e\xed\xac\xbd\x16\xe7\xba\xec\xfe\xa9\xaa\x84\x15\x01\xdf\x85z\xa8\x18\xe1\x14\x83\xdaO\xa9}\xef\xd3\xc8\x07`\xf5,\xc4\x98\x1e\x86\x90\xb1E\xd0.\xba\xd3O\xc2\xe1-\xec\x80\x1e\xc8\xe5\x1a\x96\xff\xf0B\x08\x1bMp$y*va\xca\'\xa0\xb3\x8f\xfa\xbd\xf54\xe40\xb4Ea\xe44\xa5s-M\xf1s*\xcd8\x1d\xd0{\x7f\xe5\xdc\x14\x13\x80\x02\xa1J\xe0H\x04\x8b\xac\xc4a\xb2<\xa6\xe7=1\xe6\x19\x95\x98|L\xb7\x9eG\x92J\x02|\xef\xf2\xce\xf2`,\xb8\xa0S\xd0}\xdfzL\xa0\x1e\xb8 \xa5\xa2X8G;\x16\xf8J\xa9\x8d\x81\xc6\x10k\xff\x08\xf6\x13\xa8&QJ\xf2\xdeh g\xae\x0eAt\xce^\xea\xb2\xc0\t\x98Z(\xc7\x96\xf8\xb7\xd5\x8a\x07\x08\xa8\xef\xa9\xb3\x9fV>\xac0G\xd8\xdb\x83\xeb\x9d\x00\xc3\x93\xef\xafI\x00\xa7\x1e)\x02/\xcb$P\xe4\x1bL/\xf1\xb0F\t@\xf8o\x19\xd2\x81\xed\xf0\xef\xf3\x0c\x0bd\xc3\\N\xc5\xac\xc7\xc2\xe8l\xf1j<\xfd5N\x95-\xa5\xd9\x7f\x08\x9aT\xccO\x85\x13\xa5J5\xe1P=dnWJw\xf0J\xf2\x0e\xcc\x99\xd5\xb2Q{C\xe3\xe7\xd3\x07\x91\xbee\xe3tu\x80\x1e\x0b\x1fd\xb8\xc85\x95\x1e\x99\x1f\x90\xcec\xa7\x9a\xac\xbaNM\xf9|\r\xac\ri\xb4"\xd0\xdb\x1e_\xd2\x10Hi\xc8\x80\xcb\xbc\xcf\x82\xda\xe5\xed.\xb8\xd7x\xa5\xb7\xdb \xe6N\xd2Y#\xe7\xd8X\xbe\\{c\xee\x17\x89\xacyJ\x94>k\x95\xb4\xe9\x0c]EB\xfc\x14\xab9\x0f\xee\xe6D\x04\xf7\x1e\x85\x1a\x8d\xb3\x99c\xb4\x90\x1f\x96\x97\xc8\xb7\x0fi\x1fn\xc5\x7f\xfdy\xb0\xcb\x16\x9b!\x95\x80\xee*\xc70\xc3\xafE\xf3\x86\x07\xb4;\xa9\xba\xaa\t\xce7(\xb9I\x0c\x1f\x84t\x0ci\xe2w\x1e\xc8\x82=t\x8fe\xaf\xf0B7\x92\x00\x84O/\xd7\xfcY\xb73\x8f\xf4cp\xdd\xb1\xcb\xd1\x03\xa8\x15\xfao\xc7\x19\xbc$\xa2\xd3\x08!\xc1\x0fj\x0e]\xd0\xcd\xe2\r.\x1f\x7f\xc6\xf0\xedH\xae"~\x8c\xf9\x1c[2\xd9\xb6\xf5\xdd\x9f\xb6\xa0\xb8\xbb\xaa`qf\xad\xc7\x14\xec{\xc3.\xfa\xe7V|\xa2E\xf9\xe4u\xab\xdc\x1d\x98<\x10k\x85\xd6\xfd\x81l\xdeE#Z\xa2&x`\xecMI\xc3\x88\x82\x19\x96V\xe0\xde2\xa8\xdd\xe2\x0f\xa1\x8d\x17\x12+D\xf4\xfbX\x87\xfe\x17\x19+sXnJEu\xd2\xc2\x98\xff\xcb\'\xfd\xa4\x98\xde\xca\xd3\x7f\x1b\x88\xb5\xb0\xd6N:\xb6d;-AS\xbc\x0ch\x05-j\xf4\xa62\x1f\xf8\xa9\xbd\x85c\x95\xc3\xb4J1\xfbP\x83\x02\xe0/\xbe\xcd\x98+/2\x90\xfe\x99L\xbc\xa4}\x9fh\xcd\n!\xeet\x1do2\xf5P>w\xc7\x93-F\xbc+\xdc\x081\xa7J\x8a\x99\xa8C\xbcR\xf6\xc67\xa6\xec4\xce\xee\xa7L*\x1c\x8a(\x85\xd8\xcf8\xf8;\xa3\xe4\xf3\xe3\x19\x9ef|\xd7\xfc\x8f\xe1\xce\x93D\x90\x13\xa9\x158\xb8\x08K\x82\x8a\xcd\x87\xa1\xd8\xa9M\xc9.D\x92\xfe93FD\xb2=\xac\xe0\x84\xe2\xc2\xf4V`\x9dz\xb3\xeeG\xf0\x99\xe2\xb4\x97\xb5\xd6\xb5\x91\x8e\x9acN\xe2\x9e\xcf\x92t\x04uj\xb9\xdel\xb2Oi[A\x1d{\xa8\xa2\x04hD\xd0T\xed\x1b\xd7\'\x15=\xc8\x99\'\xb8\xb6\x13\xf4\xe4In8\xa2(x\xf3\x06\xba\xc2\x86m\xb2\x01\xfc5\xd6\x85B\'\xb5\xf5\x7fF.\x8b\xff4\x9e\x9a\xde\x0cx(TkB\xe9\x85:\x83\x94FgaN\xdb\x01ih\x89p\xd5v\x18\x08\x90\xc4?\x8d\x07\x1d4\xc4\xcb\'7\xb2\x9d2\x03\xacJ\xc1i\xb2\x90\xefI\xe4\xa1\xce\x7f\x9e\x0e\x91F\xbaV\\\xdd/\xd7\x1a{\xef\xb8\x88\xcbP?\xdcf.\x94\x1c#\x93\xd37{\xb70G\xa5\x96.c~5d\xa8\xec\xc8\xa6\xf8\x9b\xd2M3\x0c&\ry\xac\x9a\xdd\xeb\xcb#\x11\xdfpA\x18\xd7\xf0G\xad\\\x08h\xbc\xf4\xcc\x05\x1ct\xda\xf4\xef\xa2r\xfe<\xf8\x1b\x81;\tH\x9d\x04d2\x1a\x8b\x12\xb3\xc5\xd5\xa6\x87\xf5NT\xfdSCx\x89e\xe1\xf2\xbbE,9\xcfR\xc9r\xc9\xdf(B\xce3\x9d\xd6I\x0e\x1b\x0f&\xefH\x10\xec\x8f{t.\x82\x0f^\'3\x7fQ\x1fE\xd5\xd4\x9b\xab\xf5xz\xb2\xc7\xe3L\xdbA\xa9z\x8aI`\xe4\xb7\xf0(q\x98\xd7\xcc\x91\xfe\xb1\xfdNe\xf9\x1e\xf2\tk\xef\x11\xcf\x11*i.\xbe$\xa6\x8ffv\xfc2\x04\xd1lj\xcd\'\xa5h\x80\xd5\xf6\xf6\xd1\xbc\x06\xf67o\x18\xderM\xa0M\x1b\x81X(\x94\x80\x9a\xfd\xc3\x8evp\xe3\xc9\x00M\xde\xb8\xf1^\x91\xde\xe9j\x8b\xdf6\x81\xe0\xd4\x03a\xebdm\'\x92\x9b\xd6\x98\xa2Z%z\x84\xafl\xcd\x16\x05\x9f\xae\xc5\xa4o\xe3M\x05s\xfaa\x05`\xa6\x06\xd3\x89\x87;U\xa9UT\xec\xba\x90\x0f\x9f\xf3\x1bJAD\x07\xe9\x05\xa5\x1f\xa3\x1a\xa0\xd6\xfbC\xae1\x9cz*\xfc+E\xe4\xfe\xdd\xc7\xb0\x0f@UV\x14>\x9b\x98M\x17\x8a|\x96\xa3*x\xe97\x1dg0"d\xc9\xf7\xfde5my:m\xc8\xfe\xc8\xa1\xd9\xab\xf2</\xd6\x94V\xcf\nN.\xfa\x88\xd52\xcc\xc8\xd9Lp\n{\x16_KA-\xfd\xe37\x9f\xf3n\xd6\x08(5l\x14\xc5\xf0\x81t(\x045\x8e\xac\x11\x8fL\x00\xf9b\xdd\xe3?\xc6\xb3A(\xc6\xa9\xe0+\xe4\xbf\x7f\x15\x98\x01\x02:D\xa7\xa8\xdf\xb4R-\x9a\xf0\xba+\xec\xca\x0b$\x1e\x1cL\x91]\xb6L\xf5\xbc\x98\x12Z\x0c\x94\xde\x12\xc5x\xfb]\xd97\xdf\xd2zA\x19\xb8\x8d*\xab\x01\xb1\x0b\xbc\xaa\x968\xad\xc2\x9a\xf2\xc4yO\x8e:l\x98\xd1\xe8\x00E*KT\xe4\xfa#\xe5X\xd9\xcc?>w\xf3"\xb1;\xb0\n\xa7rY\x80M\xb1\xf84\xff\x15;\xf5\x83\xfa\xeb1U\x0f\x82\x9f\x80,\xa7\xf7\xf1\xe3\xbcY\xd0=\x01\xfb\x99WF\x06D@\xa2\xd2\x1d\xd1UWJK\x93e\x83\xc7S\xfa\xaf\x90\xd2,\x83\xf8/\'\xfaT\xc0\x0b\xf0y\x80\x0c\xc2g\xc0\xe4,\xf5\xb9\xeb\x89\xd1\xbf\xb4S\xe4\x7f\x80\x033\x99\xd9\x02i]*\xa1"@.\xd9^)\xfb\x952\xde\xbbx\xe2\x873;\x95\x87N\x04\xebFP\xd7^\x85\xe3\xf5V-\xf4\xa3\xb42\xdd\x1d~1f\xe4\x82-\xe9\xe4\x0f\xe2\xfe\xeb\\/\xb6\x94M\x90\xad1]X\xec\x15\xcfh#\xbaB\x17\xc0\xe0Z\x9c\xf4[$\xb4Qc\x01gq\xa1N\x90a\x98mQ\xaf1\xd3\x04\xcd\xeeB\xa0W\x9c\xd2\x1d\xff0\xdeQ\x97xB9\xfa>Ss\xde\x11\x00\xd69e\xc1\xf1!\xfb\xf3d\xdf\xe0%\xe5\x07\xa3\xd6tt\x1b!\x16b\xd5\x15\xba!\x9az\xc36\xff\xf0\x90\xdah\x99\xdb\x15\r?\xb8\xdf\x88\x0b\xe8\xb9:\xcc\xabhK\x83\xed&s\x80\xc7\xd5q\x8f\x891\xbb\xa4\x87\xd9c\x9d6\x89\xd0\x8cL\xf6\xe1h\xd1u\n\xbd0\xc8\xb1\xcd\x89\xea*\xae~\xf8L\x88-\x00\xe8I\x0cd\xfd\xbc\x0c\xf0|\x04\xf6\x9d<l8oRje\xefjr3v\xe6\x94\xc9\xb0,q\xa2\x97\x8d+\x80\xf3\'+;\xd3.N\xcc$\xf0UF\x0b\x8b\x0c\xa7\xc5OG\x92\xeb\x7fB\x00\xc8\x06\xe2\x1en\x9d<f;\xef\xd6\x04FJ\x14K\xf7\x0e\xdc\x8c3\xd39&\xc7\r\x15juw{\xb5\xdb\x05\x01V\xc5\xbd\x90X?^g\x94\x81\xc5e\x0e\x8a8\xba\x0f\x8b\xa0\xaa\xd6\x8fQ\xb7\x19\xee\xd68\x0bjLBF\xc4\xc6\xe2\xa5\xedRGh\xb7Mq\xb2\xd5\xa28\xce\xd8\x05\x1fP\xa3\x8b\x92\x9c\xbe \xa7\xb6\xac[\x9b\xa2\xe8\x06\x98\xf5P\x03S\xa8\xf3\x0c\xb0y\xcf@}\x81x\x1em\xf6\xce\x8f\x03Iw\x83\xb67G\x1e\x81 +h\x02\x81\xb9$7\x16HH\x03\x1b\xe1d\xc4\xc0rRo\x89\xe5Gu\x9e\xd9d[\xd0\xcfY\x9f"\x0e\x06\xc9\x07Z\xd6Q\xf8%\xacMk\x1d$S\xc6\xee\xf0^\xe3g\xf8xB\x9fET_\xdc\x9f\x9bM(p\xd3\xc3\xd6\xd6\xa3CJ\xe1\xef\x8d_\x90\xfd\x0bW\x01\xde\xb7$O\x86D\x86\x92XR\x97\xc9d\xbe%L\x85\xdb\xa7\x80\x95\xdf\xd3\xb8\xa3\x9d_5\x1d\xce\xf6!\x94\xf9\x1fP\xefr\x08!d\xe7m\xc5\x8b\xd5\xe5c\xfd\xd4A\x192\x8e\x11\xe6l\xf4\x10\x80\xb5\xd7Y-\xc1\x84,j\xd5t\x93\xba\xc4\x7f\xeb\xc90-_\xcf\xe2\xd7{\x1d\xdb\xb9\xa8\xefY\xef\xaea\xb2[\xbd\xe4\x04\xfe+\xf3\xdb\x1a\x8eY\xea\xcb\xd0\xe6\x91]^\xc8\xc0i\xd1\xa6\x1c\xd8\x1d\xa5\x81fO\x1b\x86\xbah\x93km\x15\xcc\xcd1\x02\x8bF\xc1c\xd0\x08\x1f\xc3\xe0cu#\xb6\xedVB\xdfi\x82EJ\xa8,\xcc\x9ch\xf5\xf5\xca\xe0b\xc0\x02\x91\xc04\xc3\xe4\xe1 \xf2:J<\x9e\x1b\x01\xe1[*\x0b@\x1c=\xed\xef\x9f\xeeF\xd6+\xa8\x9a\x8fU\xad\x86\xe3\xa9\xb0\tE\xe7fm{}\x9fzq+\x99#d\xb7\xe52hP\x9d\x89NB\x92\x08\xcb:DM\xa3v:\xfe\xc8:I\x15\xbd|\\!\xd6`V\xa0o\xda\n\xd7s\xef\x02 \xbaKt\xc4\xfb'
tbI624
I0
F0
tb.