cnumpy.random
__RandomState_ctor
p1
(tRp2
(S'MT19937'
p3
cnumpy.core.multiarray
_reconstruct
p4
(cnumpy
ndarray
p5
(I0
tS'b'
tRp6
(I1
(I624
tcnumpy
dtype
p7
(S'u4'
I0
I1
tRp8
(I3
S'<'
NNNI-1
I-1
I0
tbI00
S'\x01\x9c\xbf\xa8\x86\xe6\x95Y\xceJo.e\\\x1e\x88\xc2\xdd\xed\x05\xe8\xd8*vu\x05\x9f\xe9%\xf7\x1b7\x03hg)(\xebL^\xf8\x89\xa1\\8\xc8\xf9\x05tL13\xd7hE\xb4[\xc2\xdb\x83\xd0\x0f\xe5\x05\xe6\xfe+Tu\xbco/\x17\xb4\xe1\x1ap\n\x81\xa6\x94\xd1A\\\x9e\x8dCe\xbd%\x872~d\x19\xfe\xa3\xfc\xd5\x14P\x01\xbd\t]\xd7\x8c\xd3\xb3\x01\xea\xba\x0f\xd3\xeby\x1d\x9a\xed{$\x8em\x849\x93<\xf3p\xefB\xdf\xad*\xaf\xad\x19\xd5\t\xb93\x0b\x02o\xe1\x88\rlY\xe0\xfd\x8f\x07\x1cG\x83\xb8e\xf3\x00\x1a\xc7{^z\xfdP\xc4B\x1f\xe8V\xb9dy\xdc\xfb\x92\xd5PU\xf6*Z\xf4\'\xc2\nsK\x86\xc1\x88k3\xe5<\xe38\xc9 \x1f\xe0\xb3\xbb\xee\xe3\x93a}\xbe\xae\x13\xa7\xbc\x19c\x82\xbc\xbe\t\xa85\x1c4\x07\x05\xd9\x9c~k}|"_>\xa5/\x9c\xaf\xb2\x8e\x19\x1c\xcc\xa0\xa66\xc3\xbb\xac\x00\xf6\x0f\x90\xb9\xa1\x1d\x93\xe2\x06\x95x\xa2\x0f\x00\xc2j\xeat\x89|\xb6\xa5@\xed\xc7\x12#]\xbf\xbf\xd2u\x87\x02\xd2\xe9{\x17K\xd6\xe2\xc8\xdd\x90\x1a\xeb\'\xf6\x18q\xcc\rp\xc5\xe5//\x997\xbd\x00\x08\xa0F\x9ba\xcb*\x05\xfcWE\x02\xbe\\\x95\x83\x96_\x04\xda\xa1+~w\xdb\xd6w\xef}\x8ffk}\xd1/\xd4\x02Q\xce\xdf\x8e\x0e\xb76\xe6\xebpH\xe4Z\x05\x1a\x89I\xd5\x1aR\x9e\x03go\x1d\xc6\xeb+{\xd6\x86\xc3\xd7T\xfc\r6e\xc6\xa0\x06\xd6R\x80\xb1\x05z\x00u8\xed\xb6\xcc\xe9k\n\xb0\x02\xb6\x93\xad?\x05\x9e\x07\xe9\'w?3`P\x8fc3\'E\x06\x0ck\x0c\x8a\xca.\xb7F\xdb\xc39\x9acUE\xd6Vz(\xbb\xa4i^\xfcj\'\x94V\x89\x91+\x08\xabjS N \xb6B\xf9\xccj\xc3eX\x96\x83o\xc8\xd8\xfcg\xc2T\x99\x92\x89\xe3\x8cuJ\xd3vB\x1a\xf1R8\xf7\xf8\x1ax9[\x00\x89M\x92\x81\xe0\xe0?\x89\x9f\xbd+D6A\x90\xc5\xd5D\x12\x03B\xd3\xdcZ\xfa:\xf5\xb9Z\x82\xc45w\xd0\xe8mJfQwFs:\x92\x0bq\xe1\xfc\xf1(K\x9a\x91\xc2E\x810KI\xf5\xc9\xb7\xe8\xc3\xf2\x14\xdf\x1fb-QS\xa3\xefM]\xe1\xf1K\xf3|\x9d\xf4\xde\xf9VV\x80\t\xb0u\xc2\x04\xc9\x8c*\x1f\xca\xfc\xcc\x8f8\xc5\x85\x13\xf0\x11k\x00\xa3hsV\x9b\xa7\x82t\xab\x0c\x7f\x0c\xd35\x10\xe58\x0cz\x94\xc1P\xd2\x1e\xec\x14D\xeat\x1a\x96\xbb"W\xc1B\xaf\x12k\x12/rg.S\xfb\x01\x93$\xb6\xe4W\x1f}f\xf6J\xd9\xf0e&\xde\xc4\x91J\xfb\xf6\xe6\xfe\x9cT\xe7m\xff\x9fi\xd0}\xba@\x80\xc3\xd5\x88\xca\xb3\x95\x90+\xcd\x19-\xb2\xbf\xea\xe4\x1c\x16P8\xa3?\x98+2\xacn\xb1\xd3>\x93\x85\x9e_\x08\xfc+mX\xdapfB\xc5\xeb\xa3\x99\xdf\xe1\xd4\x96+\xd6 _\xe6\xb73zK\x86{\xae\xa5\xa6\xe9\x83\xb2\x83|\x80r\xf9\x95-M\xb0\xf4\x0e\x16T\xa3\x05@\x83\x0b\xbd\x13o9x\xc7\xf9s\xab\xab\x92:^\xa0\x04\xa2\xc2\x12\xd7N\x9d\x9e\x15;V\xee\xad\x080\x97L\xc3W\x8f\xbf\xb6\xf6\xd1Ko\x1b\xf0\xb4\x99\xc0\xd2\xd6C\xc9\xa5\xf9\xbc\xee\xe0\x12iN\x9f3Kf\x04\x07\x85\xa8\xec\x90\xc3\xbd\xd9\xe8\xd0\xfb\x9d\xa8d]*]\x0b\x03\xb9\xd7v\x19ry;5\x8c\xfc\xeb\xae\x1d\xf2f\xba\xb3U\xbc\xabCsk\xcfC\xfak\x13`\x8d\x12\xf4\x85!\xec\x96\x8eh\x0b\rJb\x80\xc23M-f\xe8A\x986\xaa\xc3\xecB\x9f\x88\xf4v,\xf8\xe7\x15\xd4h\xe5\xfa\xd7\x18\xcfc\x10Uo\xc1.\xd2\x89\xecW0T\x13\xe0\xdey^A\xaa\xd3W\xb7\xd0|,\x16g>\x8c\x01T\xbd\xca\x88A3\xcbQ3"\xe4\xe1\xba\xcb\xbe\xa3GH \xa2\xfex\xa81H\x15\xf4@\x91%\n\x14(\xf6\x85\xa4w\xbf\x82/3\x0b5\x1ah\xd6z\xfc\x00|n\xfbw\x1cp\xd6C\xb5\xd0\xd0f\r\x89\x98\xff\xe7\xa5\xde\xd5\x8b\xadh\xc8E\xc7\x06\xfbR\x16\x0cG\xde\xd9Z=\xaf\xb1\x03\x1b#\x9f\xd4r\x80T%/\x9b\xa0\xd7\xf2g\x0b\xfb\xb8\xf4\xc7\x9f1 &\xbd}\xa7S\x11\x9df\xe3=\x15\x17t\xa1+\xb7\x92\xf9\xe5\xb2_\x83\x8fM\'9\x14>\x98_\xc0\xb4z\xfb\x14\xb3\xa4\xbb\x9f\x16:\xb2\xaft\xa7{%\xc1&\x84eGWZ\nJ\xf2\x14\xf4\x15\xefD#g\xb3\xbb\xf6\xc6\x87\xf4\x00oe\xec#\x8b\x90U\xf4\xbe&\xde0s\xdb\x1bM\x8fO\xeb\x84\xe0z\x9fTu2\x1eQ\x80K\xe0\xbfi\x0eT\xaf]A<\x90\xc8\xb6\xc5\xbe\xaf\x93\x0ec\xdb\xd0\xa3U.2C\xd5{\xc3\x8f\xf2\xd1\xa1\xa9\x95\xf5\xf8\xbc\x91;<\xdcQ\x18-\x82\xb8\xf1\xcen\xc5`\xab\x1c\x8f[\t\xa4\xc9\x1eF\x84\xea\x1a\x1d\xc2[9l[\xb7\x19\xb0z<\x96ir\x0452\xa1i\x13\x8cW\x87\x0e\xbd9\xd3o?\xd8\x8fTF\x9e\xf4\x85\xa5\x9e\xc7\x12\x11\xf06Fm\xe4Gt\xba@h\x0b^h5\x01\x9dQK\xb2\xe3\xc5\xaf\xc6S%\xaa\xfd\xdeK\x8a\xc3r\x85R\x180\xd5\x12\x9d)\xa9+\x96wE\xec\xb2\x9bM\xaa[\xa4\xf6)\xd3"\x8c\x85\xf3\xa6\xb9\xca\xae\x17Uy\xc3\xba\xd2\xa9B\xb1\xc9G*\x849\xaf\x12\xd1\x8d\x8c\x1667\x88\x9b:\xe3\xfe\xe9\x1a+%f\x91M\x94,\xf7)>s\xe8\x8aa\xf5Q\n=\xfc.\xee\xae\xb0\x84\xdb\xe2\x9a\x85\xf2\xb0%\x15\xd9e\xb5\x10\xcf\xc8\xe4\x9e\x99i\xc8\x03\x1e\x87v\xab\xc9l\x1b\xda\tiM\xe6\xe6\x8f\x7f\\\xfb\xc7 z\xc8\xacC\xe6\x99\x06\xe0\x92\xd0\x0c\x1e\x8cK\x88\x94\x92\xd1\x19t2\xcf\x91\xc9_\xf2\x97\xed\xbd\xa0\x13\x8b\x01j\x1e\xae;\x821m\xa8\x9e\x85J\xc9\x81"<\x8b\xee\x15M\x95\x94\x84aW\x8f\x16AH-\x8f tRO\xa7y\xe1\xe5l\xd7g\xe8\x07\xaa=\x83\x00\x94\xb8\xb8\x8a\xe0lS+\xb9\xa4\xcb\xfd!-q\xcc\xa2\xd1R Bd\xd3\xbf.e\x8el\x97F\x9d\xbc4\x11\xb2\x9d\xd5`\xb0\xa7{\xba\xb0\xa2\xb7\xe4N\xe7\xc4\xfa\x85\xe6\x10\xaeV\x84Y\xdd\xc1w\xcd>\'\xf2|\x80\xe8\xbe1\xaa*5\x1a\x91\x95b\xdf\xa4`*\xd0\xaaq0@\x01@\xee\r\xa5\xb2\x16M$\\m\x10\xff,\x18}\xc0~3o\xdc\xa0(\xab,}>\xcc\xa1\x80!\x95\xfd\x02,>,#\xef\x96\xfd\x1c\x9cK\x07\xdboX\xe1y\xeb!\x0b\xfb\xd6\xe9wWi\xd3\x98A\xec\xf1\xdd\xc5\xae>\xcc\x18\x9f3\xfb\x96\xb8\xa1\xa6\xb5\x91nNx\x1apht\x0f\xb5\xc0%\x89\x91\xf6^\xf2\x816\xdd\xce\x1a\x02\xae\xf4[\xfe\xaaoD[)c\x8ce|\xa8\x99\xd9\xdb\xb4\t-\xcbM5\x0bYug\x92F\xdc\xd7\xf4\xec\x97*ak\xc4\\\xeel\x95\xa5}=?,\x13\x86e^+\x03:\xe54\x0b\xf79\xdd\xd9\xeb\xa0\xd5\xdd\xb5\xf29\x12=\xa3\xf4\x99\x03~P\xa3\x8e\xb3\xad9\xd2m8\x94G\xa6\xdb\x05\xae\xab\x84B`\xb6WG\xa0\xd7tc\x7f\xc9pL\xe4\xc6\xb9\x8d\xe0\x97\xdexD\x85\x04\xa9RB\x81Y\xa7j\xd3\x0b\x8c\xc1\x8a\xbe\x13\x81E\xe4\x0e\x85\xad0\x8fj\x9aO\xdcji\xd8\xc3\x16S\xc7;L\xd3&\xb0Cd\xadR\xe3\xc3\xdbg\xb3\xeeh\xea6J\xe5\xf0\x7f\x19[,p\x85K\x92\xd1\xd2\xc6\x86\xbbM\xedX\xd5\'D\r0\x96\xffR\xe4\xce\x89\xe2\x93\x7f\x81,\xf8\x81\x8fj\xb7\xc8Jx\x06\x94\xf8\xe3\xa9\xbeh4\xf4rx\xae\xc5\x1f\xcf\xbd\xcdI\x1fU\xd9A\xc1\xd9}\xa8!\x8a\xe7\x7f]\xb5v1\xad\x07|\xa4\xac\xf9X\xdbd\xa4\xc2L\xc7:\x9e\x89\x9a\xea\x80\n\xe4\xd8UH\xea\x8e\x81\x0b\xb1w\x01\xef\xa1\xc1\xc2\x84E/9\x16\xe7\x12!m\xbb\xb90V/9\xdc\x8d\xfe\x1b\x85\xd3\x05\x9d\x1a\x9d\x86\x08\xe8\xd3?\x80t\xbab\xf4xy\x05\x07j\xda\xe9\x07\x87\xdb\xa3\x99\xebA\x0f\x0e\xd2\xc9A\xc2"\xf0\xd9\xf5,\xb9\xef\xd1\x8c\x90y\xa3\x16\xf6wu\r\x87\xce\x0f\x96\n2u\xe3sP\x118\x80\x023v\xf7:g)\x7f\x11H\xca(\x7f\x8c5\xdc;\xd3\x8d8\xdf\xdf\xf5B\xba\xa3\xb5\x935O\x0e\x8d:ww\xd8\xe2\xa6\x06(\xdd\x11\xc8\xca\xbeM0\x12\x98\x8ap7\x8eu\x803\xd7\x03\xa4\xd7\xcf\x1a\xf7\xca\xc9\xfe\x13\xf3\x14\x9aq\xe8L\x12\x05\x01\x93\xd6+\xcd\x96\xcf\x142z,Z\x08\xe5d\x0b\x8dW\xc2\xbec\x8c$\x84\xea\xa7e\xa0?\xfb\xe4*>\xe6\xfdx\x841\xe0jm\xea\x02\xb9\xa6A\xaf\x1c^\xe0.\xedu\x1aL6\xc8n\xc8\xb3\x11\xdb#\xf8\xd6e\xe6,P7\xbe\xa8\xb4\xce\x82\xca\xc3\x99\x04\xde\xd6@Y\x14y\xa9\x80\x9e[\xc3\xd8\x97JY\nUX\xe9F\xda\xc6`\x1f\xe5\x8c\xb6\xe8*\xae\xe2\x027C\xdc\xcbN\xbb\x92\xef\x7f\x8f\xa8\x95\t\xa4-DN\xf8\xa4\xe7\x81@\x7f\x81\x1417\xbc\xe1N\xf7\x99\xb3_\xefMT\x86\xad\xf2\xabzG\x9bD\xad\xecv_\xfb\xe2B\xfa5\xe4\xd2q\x17\xbamXfx\x8c\xe1\xa4\xf9\xfe\xb5>T>}O\xa6\xdbJ\x8f\xb3\x8e\xf6\x8c\xcc\x91\x89\xb5\x97\x1c\x9d,4_\x0f\xe9\x12Z\x1b\x01a\xc30\xa9)\x91\x90w\xdc!\xc8\xd8\xb7&\xd2~u\x00\x96f\xcc\x01\xb6^\xde\x7f\x05a\x00\xb1\xa6\xab-\'\xc0!6\xd2-\x0c\x01\xe6\xbfh\x12>16\xc3p3S\x12p\xc1\x87o\x952\x9a\x11\xe4\xf4\xea\x02\n`\x9a\x03\xbb9\xac8)\x980\xda\xd9{w\x8cv\xd9\x9d\xf33<\xebd}\x03\x83d\xa0\x1e\xff;H\xde\xf6W\xab\xcaO"\x85\x06\xda\xf4r\xfd\xd8\x83\x1d\xf8\x15L"\x14\xc7 H\xc8b\xca\xfc9\xa5\x81\xee\x1d\xa3\x1dD~\x90\xa6}<7N\t\xa8>\xe8\x1d\xa4E\x13\x97\x8b'
tbI624
I0
F0
tb.