cnumpy.random
__RandomState_ctor
p1
(tRp2
(S'MT19937'
p3
cnumpy.core.multiarray
_reconstruct
p4
(cnumpy
ndarray
p5
(I0
tS'b'
tRp6
(I1
(I624
tcnumpy
dtype
p7
(S'u4'
I0
I1
tRp8
(I3
S'<'
NNNI-1
I-1
I0
tbI00
S'\x8c\xdb\xe4\xa2\xe9g\x87~1\x87\xd8\x82\xe5\x1f#N\x04\x90\x11\x125\xfeb\xa1\x87\x8a,\xcaT\r\xd9H!\xc5\xf3\xb9\xe5\xe8\x90\x81\\\xd0\xe0\x19lX)x\xb1\x7f\xa0Z\x10_\xc7\x80|6H\x1d\xaa\xe4\x02\xb9YW\x1ar\x8f\xb1\xbd\xdc\xb9\xe2\xea\xae&&\x84\x85B\x91\xf9\x86Sj\xbc\x1f\x86o\x04\xd1\x0e#\x1b9\xe0\xff\x85\x15\x1b\x07\xd3p`v\xddm\xa7\x96\xc9\x9b)N\xa9\xe1\x1c\xb6\x94\xee\x8cqd6\x99+*\x83q+\xbc\r\xe6\r\xcb\x1d\x92Bx\xe7\xda\xcb\xf0&\xdb\x94\xf9G\xd5b\xf9_6%|\xb4>h\x86m\x0ec7D\xfb\xeaWw\x9f\xedO\xdbh\xac6\xb5~\xeem\x91\xc34\xfeC\xba\x13\xe9\xc5\xab\xbeL\xbb\xe3=U\x15\x84\xb4\xef<\xc1\xb0\x1bj\x83x8\x0cfZ\x8bR4\x99\xb46\xd0\xe0\x18\x11\x03q\x96\t\xc5\x92\x9b\x03_\t?\xe3+\xa1\xd2z"\xc2\x8d\xf0\xd3\xeb`p\xabM\x1b\xbd\xbdqk\x08\xfc\x8a\xce\xe1,as\xfa\x96\xdf\xfb\xb7\x15\xf2\x19\xd8\xe9\x89mM~Ftf\xa1F\xe4\xd6\xa3\xbc\x9d\xb3S0\xcc\xbc\x02}\x96\xc2N\xb7\xce>\xdfm@v\xc6\'\x1d\xd4\xea\xad\xdf\xf4\xbf\xaf\x1c\xa7\x91\x94\xefq\xd9}\xc4\x0b\x81\xa2\x06\xf8\xcd(@\x98\xb1\x91\xf8\x1c\xd5uP\xbb6\xfcr\xae\xd6\xd7\x93\xb5\xe5\xb2\xff\x88\x1f\x93\xc7\xc8\xaa8\\u\xa4\x15\x8f\xddj\x94n(c\xa3\xae\xc2\xf0%\n\x87\xd0\x95\xe5f;\xa7\x01\xfe\xa7\x98\xfd\x02N\x89\x97\xc0,\x93\xdeK\xba\xbb9\xa48W\xdf\xa4A!N\xad\x1f~wu\x9e1\xafz\xde\xea>{T\x96\xa1v\x1f\xc7\xe1K\xc5R\xbd\x93D\xa63\xaec\x08\x06\xa53\x8e\xc6\x1c\x82J:K\xa0\x07\xd6\x95\n\xa1\xe1\xcf8`\x1fp,\xa1T\xe3\x80\xbb\x8cB\xa1\x0b\x87%\xeb\xe7\x89\xebrM\x85H\xc5\xccX\xbd\x18e\x81\xd5\x1e_\x7f<\xe1\xd67\xb6\x9b\xe3\xf2?\x98\xba\x02\xfaBF\x1e\t\xb2\xfe\xb9\xb4\x96O\x10[\x84\xf3\x95z\xedh(\xf8e\xc7\xb4mZ\xc3\xc2\xbe\xec\xd9\xe44$\xbaFT\x0b\xd6\xb8\xb5\x1b\rD\xdf\xe6\xf2\xcfA\xde\x1d\x1a\x02\xa0Rip\x10B\x08\x91\x8b>\x8e\xe3\x95\xa09\xb4o6~\xa0>\xa4;o\xd9\xe0\xec\x7f\x8c\xc7\x84mj\x08V\xf2G\x9a\x9bA\xfa\x08\xf1ER\x13\xfa\xf2S,5-\xd9y\xa56\x88\xb8e*"]u\xc8M\xbfa\xe8\x01\x00\xc8Xo\xbd\xd2\xf6,\x9c;\xfbG\x8c\x12]\x03\x96\xed\xbe1\xda\xd4\x84\xdc\xc7\x9d\x18\xeb\x13\xffAcN\xcd8pq4,\x14[\xb0\x08\x13\xc6w\x96\xf9\x81\xdb\xac\x8e\xbb\x1d\x9f\xa0\x17\x0e\x91\x1c/\xca\xf6\'\xf7\xa0\xec\xc0\x03\x02|\xf6D|\xccr?\xf1\x12\xb9\x95\xf4<6\xa9\xfa\xb4\xea\xb3\xd8\xd0{\xb4\x1a\xfe\xa9\x00d|\x083C\x90\xee\xc5\x7fx\x1eN\xc1W:\x14\'\x1d\xef\x95e\x1f"\xf8\xd3\x1c\x11\xd4z\xbc\xae\x8d\x9c\xcdJ\xb5e_\x98\xff\x15P\xd7\x96\x04/\x99\x0e\x96\xf0/\x9dj\xac\xb3C?\xfc\xe5\xfb\x96J\xe9)\x03\xff+\n\xf3\x83\xb4\xfdi\xc5\xd3\x19\xe3w\xf5N\xbf0<\xaf\xefl\x85\xcf@\xdeMK\t\x8f\xbfU?Sj\x1dY\xb5\x8d\x1c]FZ\xb5\x17wLn\xae\x05F\xc6O\x00\xa6\x08\x87\x9f\xd0\xcf(\xf5\xf2\xc5>n\xa8vp\xac\x94\xb9Ua\xa2\'\x7f\xdf\xeb\x82\xf9\xf6&\xa1\xb1\xb2D\xe5\xea\xde\xddW\x80)\xc0\x9b\xb4\xd5H\xf8zX0\xf2\xbe\x1c,\x81\xee\xdb\xb7k\x80\x01!\xb7\x10\xeed\x1c\xa7\xd4rO\xe5\x0bb\xb9\x0b\x1e\xb3\x1d\xd3\x9an%l\xc1\xf4L\xef\xd9\\xQ"\xfb\xae\xc3\xaa\x01\xfa\xa1\x91\x85\x17\xf2\xfd2\x87-x\x03g\x80\xce\xc2\xaa\xbdZ\xbf\xc2\xeeU\xc6\x94<\x01g\x89X\x94n\xe3bwj\x92~\xe0\xeb\x04\xa4\x9e\x99"\x80\xf0\x7f\x86}\x9f\t\x0c\xd8\x8a8\x8eV=Z!p\xf1M\x1b\xd8&\xcf~\xad\xb4x\x92!T4\x98\xd4YB\xd2\xebsI\xbb\x99 29\x82\xed\n\x11\xd3wc<\xf3Q\xbc\x10\x10\xcd\xec\x1f\xabj~\xaa\xa6O\xaf\x80y\xfa,\xc4A\xed\xdc\x8a\xce\xd2\xdc4g\xc3\xda(\xd22p\n\xa3\xe1\xe8J\xde\xff\xcd\xfc\x97@\x8a\xfb\xa0\x90\x90Mn}\x85\xd0\xb27\x94\x82\x80\xaf\xa0t\x95%lnz\xf5z\xfa7\x9b\x12\x1fK\x03a|\xb8e\xe5\xcb\x1b\xdf\x84\x10_\xa5M\xe8\xdaF\x93\xc12\xa3V*W\x17\xf6o\x02\n\xc8_\x89d\rXe\xc5\x9a\x9d(\xb92^\x95\xa5x\x00*B\xb8z\xe4\xbd\xf7n\\\xd8W4\xdf\xa6\xb2*\x9b\xd5\xa8o@\xdb\xf7E\xbaO\xa0\xdb\xf8\xec\x9f\xdf\xd5h\xd1\xd8V>\xaf\xd9\x89\x00\xb9\xe3\x97>\x91Eit\x18Xd\x13\x9b\xf2\x9c\xd9\xa3G\xaa)\xeeI#\xf0\x04<\xbfa\x9c\xf4\x14\xda\x97\xc81\x03\xdf\xb0\xf9\xbboo\xb8\xa5\xecf\xb9\xcc\t\x1d0\xea\x85\x92\xedP\xce5.\xc3\xdf_\xa7\x18XM\xde\xcf\xc5\x12\xe3\xbaRa`\x03c\x16\xa7ZU\xcd\xd1\xafe;\xf5\x17E\xc4 \xe0\xb8Y\xe4\xaa\x97\xcf\x0b\x8e\x18y\xac\x99\xed\xe8V\x8c\x95S\x93\xcd"\x1e2\x8e\xa3yu 6&\xba\x7fuw\xcc\x0e1\xa2\xe5vQ\x03)9\xb3\x97\x80\x84\xa4/\xec\xca\xf90\xbe\xe2\x87\xc2q\xb0\xfe\xe7!\xb4!]\x96\x96\x97\t\xf1\xd7\xbe\xf9\xc1\xc5\xc7\xc2\x83\xc5\xcc\x82\x83\xa9\xb3\x074\xcf~\xf4!\x17\x11\x17k\xdd\xc8\x06\x16K\x99\x83:\x99\x8ct\xffF\x88v\xb2\xcahd\xf7\x83\xc7\x89\xbe\xb4X\xb9G]"\xf3\xf6\x1b\xc4\xc4\xc1\xbf\xed_o(\xd4rL\xc8\xa5\xb9\x96\x876\x11 \xa3*#\xec\x92\x10wZ\x0e|Q\xddA\xdf_\x8aCz\x98\x97\xf5\x93\x91\x91\x16\xa5\xe3\xedS\x88\xe0*\xdd$\x04\x9c\x0bX\x9f\xa2\xec\'<%H\x9e0\x9f|\xcb\x125\x06-\x1em[Z\x06h\x17p\x1f\x1f\xed\xc8\x0b\xf2\xfd\xba\xc9\x8d\xf6}s \xc1<%\xc7\x02 \x7f\xfd}E\x86\x00\t*\x1d?\xa1>\x1aM\xd2~\x8b\xe9\xf2Hi\xff|\xcf\x9f\xd4b\x94Y\xba/\xf0p"\xcfg\\F\xc0B\x10\xc0\xe0l\x0e\xd7`Z\xbd\xca.\xcc\xd2\x8cr\xa1)d\x1d\xf1d\xef\x1b\x18\xb2\x0b\xca\xf2V\x1dhE\x17\x1d\xbfWPc\xd2O\xf5F\x17\xcd\x16\xdfT\xf8~\xc4Y\xf1z\x89\xae\xe4U\xc0\xc2\xb7\x08\x8c\x11\x80_\x95@L\\\xd5+2\x05j!9\x10[\xe8+\xdf\xf7\x98\x14\x9bL?\xd9i\x0f\x08\xef4\x9f\xc0l\xf4E>\x82\xd9\xb7&1,C9\xa4SA\x93\x82\x88?\xc6n\x85J!H\xa4k\x17\xda/\x0c q\x7f\xda\xca\x10\xe9V\xdd4\x88\xa6\x12\xe3l\xe4\xd2\xfd8v\x80\xc6\xc6nG\xe8$uz{\xd3$\x1d\x99\'\xa02dJ\x8bi\xa28\x84\x00Wu\xd5\x9a\x005E\xfdl\xde\xee\x9a\xeb\x1b\x94\xd0\xe4i\xd3\x9cK\xa6\xe5\x06\xc3V8\x0b~J\x95\xda(\xec)}\x88\xba\xafS\xbagL\xf0<\x878\xde\x11\xe6\xc4ME\x8b\xd6:eHc\xfb\xa7P\xde\xe3\xa6\xad\x97\xaf\xe2\x0e\x1f\xd6\x02\xca\x17\x1c\xa3]\xa1K\xc7\xb3\x10\x87\xcda# \xb4Pr\xcf\xe8\x95\xb3SH*\xb2\xd7\xfaAR\xf9g\xe9\x9a\x01x\x06\x11C\']\'\xe3\xb9,u\x1b5\x922\xd3\x92\xec\x9dD\x0b?\xf7Y\n\xa4\xb0"!\xf3\xbf\xdf\xc2\x96\xf6\xcc8\xa9\x8b\xea\xcb\xaa?\x0b\x00|\xe5\xd1CA\xaf}"HlN\xbd\x90\x05\x19;\x9a\xdb\x03>\x04d\t\x98\xfdd\xb9\xef\xdd\x90\x8ej(\x83s)`f9\xab<\x99e.\x1f\xf8i\xe5j\x03\x1c\x86\x84\x92\x06\xa3\x9f/g\x14\xc4\xa3{\xb7\x8d)\xc1\xa0\xcf\xbb\x0b\xe2d\xef\x94\xbf\x0eA\xda!\xf7\x1e\x1cA\x1d\x87\xa7\xc0\x80\xb0\xd3j\xfa\xb0G\xb5E\'\xd2\xd5k\x82\xb5md\xf7?2u\x08\xc70l\xdb\r!I\xba\xd7\xcc\xab\xb5:\xdd\x8a\xed\x10\xf0\xf9\xe4\x15)\xea\xd3&BO\xe6C&\x93s\xc3z*\x97\x8d\xd3\x9c/\xa0 pkH\xa4\x8b\xb9\x08\x11\x97gk=\x8e\xa3\xc6\x18\xfc\x11\x1a\\X\xaf:\xd0\x05\xc0\xafZ>\xf6\x8f\xf1:%L^)\x81Wu\xc3s.\x94\xae\x19m\x88\xf9\xbe\xd5b\x80\xc4uP\xfd\x1eC`9t\xd7\xa7\xed\xfa\x97\x8b\xea27\xf1\x10\xa7\xa7\x05\x81\xe0\x89\xf2\xc9\xd2\xf3\xb6\xbb\x05\x85\xf3\x96C\nu\x0e\x93\x0eF\xc1?S\x8dD\x83\xc5l\xdfJ\xdd>\xb9\x8eM\x12\xde\xa7\xa1\xc2\x87\x91\x0eYg\x1576x\x93\xda\xfer\xdf=\xb4\xa1\x005\x12\xb29\x9e\x13.\x18BjD\xca\xacO\xae\xbb+\x0f\xde\xa8\xfa\x8d\xf2\xac,+\x9b}\x16\xb5\'\x0e\xef\x87\x87\xfd\x0f\xbb\x89\x08o\x89\xe7\x9eMQ\xc7\xb2X\xf7\xf2\xa0\xc2\xc0R\xefQ-FM\xc6\x90\xfb\r\xb8\x0cJ\x7f\xfcY\x85]\x90\xd4\xae+b*W\xb6/\x0c/\x99\x83\x05r\x8c\xff\xd2\xfb\xcd\x8fn\x9f\xc2@\x17\x98\x18\x13\xf7\t\xafz\x0e\x1e\xa5q&H_\xae\xb5=\xc6\t\xf5X\xaf\xc3x\xe5\x17\xbad\xdd\xc1>\xa9\xac\xa1\x9c\xe5\xb6\x1f\x93K\xc5i\xeb)\x1e\xcb\xfa\xb7t\xa6NU\xe0\x80S\x1c\xb8\x1am\xb1\x0e\xe0\xc44B2\x9e\xc9\x90\xe9\x9c\xc8U!"Y\xfbD\xf2\x12T\xdf@K3\x0b\x7f\x8d`\xc6\xae\'Jr\x83]\xdec}X\xc8\xd2]\n\x1e^;\x1a\x97\xd9\xf2!F\x15\xa0\x13.\xe1\xe6u\x94`BR\xdb\x95h\x88J\xd0\xe1\xcf\x19\xe6\x16\x10\xfa(+?\xe7s\xb8\xae_\xbbi\xca\xf4Q\x8f\xaf\xcdp\x10n\xe0\xb2he\xc8\xcc\xe2\xcehX\xe8l\xab\xb3\x80\xe2\xca\x99u+\x19\x88\xedP\xc9\xc7`+\x8c1o\xa9E[\x84\x9c\x1ez\xfdB#\xf4\xe1h\xf1\xb6\xc1\xec\xa9\x1c\xcc\xa2\x9e\xdev\xbb\xa4\x06n\x1c\x7f@\xc3\x97\xae@`\xb9\xec\xb7\x86S\xea\x0c+'
tbI624
I0
F0
tb.