# time 	 divergence 	 # of mutations 	 # IGC chances 	 IGC length 	 # IGC failures 	 Changes due to IGC  	 % change due to IGC 
0.0	0.0429447852761	0	0	0	0	0	0.0
0.000341241394355	0.0429447852761	0	1	3	0	0	0.0
0.000567168993655	0.0429447852761	0	2	3	0	0	0.0
0.000580626913473	0.0429447852761	0	3	3	0	0	0.0
0.000609584275511	0.0429447852761	0	4	3	0	0	0.0
0.00109766114346	0.0429447852761	0	5	3	0	0	0.0
0.0015285777019	0.0429447852761	0	6	3	0	0	0.0
0.00156615040014	0.0429447852761	0	7	3	0	0	0.0
0.00166051747171	0.0429447852761	0	8	3	0	0	0.0
0.00173203906094	0.0429447852761	0	9	3	0	0	0.0
0.00197689867739	0.0429447852761	0	10	3	0	0	0.0
0.00224047209355	0.040899795501	0	11	3	0	1	1.0
0.00224627857333	0.040899795501	0	12	3	0	1	1.0
0.00246218597	0.040899795501	0	13	3	0	1	1.0
0.00252217994089	0.0429447852761	1	13	3	0	1	0.5
0.0026031379145	0.0429447852761	1	14	3	0	1	0.5
0.00269405640219	0.0429447852761	1	15	3	0	1	0.5
0.00282614301304	0.0429447852761	1	16	3	0	1	0.5
0.00288891998748	0.0429447852761	1	17	3	0	1	0.5
0.00308570013422	0.0429447852761	1	18	3	0	1	0.5
0.00329360760635	0.0429447852761	1	19	3	0	1	0.5
0.00344417597256	0.0429447852761	1	20	3	0	1	0.5
0.00396590987753	0.0429447852761	1	21	3	0	1	0.5
0.00519921973111	0.0429447852761	1	22	3	0	1	0.5
0.00652609327899	0.0429447852761	1	23	3	0	1	0.5
0.00702668161708	0.0429447852761	1	24	3	0	1	0.5
0.00782328442672	0.0429447852761	1	25	3	0	1	0.5
0.00795616967925	0.0429447852761	1	26	3	0	1	0.5
0.00883145690617	0.0429447852761	1	27	3	0	1	0.5
0.00980528748095	0.0429447852761	1	28	3	0	1	0.5
0.00998788575328	0.0429447852761	1	29	3	0	1	0.5
0.0105238046507	0.0429447852761	1	30	3	0	1	0.5
0.0108685449716	0.0429447852761	1	31	3	0	1	0.5
0.0108861463088	0.0429447852761	1	32	3	0	1	0.5
0.0112329454657	0.0429447852761	1	33	3	0	1	0.5
0.0113058168204	0.0429447852761	1	34	3	0	1	0.5
0.0113991898319	0.0429447852761	1	35	3	0	1	0.5
0.0119653799262	0.0429447852761	1	36	3	0	1	0.5
0.0121788139301	0.0429447852761	1	37	3	0	1	0.5
0.0125137645452	0.0429447852761	1	38	3	0	1	0.5
0.0126539747523	0.0429447852761	1	39	3	0	1	0.5
0.0129761792402	0.040899795501	1	40	3	0	2	0.666666666667
0.0133401297218	0.040899795501	1	41	3	0	2	0.666666666667
0.0133516802731	0.040899795501	1	42	3	0	2	0.666666666667
0.0134438380043	0.040899795501	1	43	3	0	2	0.666666666667
0.0138509576686	0.0429447852761	2	43	3	0	2	0.5
0.0144980180419	0.0429447852761	2	44	3	0	2	0.5
0.0145080469954	0.0429447852761	2	45	3	0	2	0.5
0.0146660081569	0.0429447852761	2	46	3	0	2	0.5
0.0147179258573	0.0429447852761	2	47	3	0	2	0.5
0.0150731838316	0.040899795501	2	48	3	0	3	0.6
0.0151716380178	0.040899795501	2	49	3	0	3	0.6
0.0153141612243	0.0429447852761	3	49	3	0	3	0.5
0.0160315021323	0.0429447852761	3	50	3	0	3	0.5
0.0164814422358	0.0429447852761	3	51	3	0	3	0.5
0.0169229653541	0.0429447852761	3	52	3	0	3	0.5
0.0169395637478	0.0429447852761	3	53	3	0	3	0.5
0.0173236564229	0.0429447852761	3	54	3	0	3	0.5
0.0173534754695	0.0429447852761	3	55	3	0	3	0.5
0.0176331054858	0.0429447852761	3	56	3	0	3	0.5
0.0177911822649	0.0429447852761	3	57	3	0	3	0.5
0.0183671471041	0.0429447852761	3	58	3	0	3	0.5
0.0187639888063	0.0429447852761	3	59	3	0	3	0.5
0.0189820103702	0.040899795501	3	60	3	0	4	0.571428571429
0.0192304223221	0.040899795501	3	61	3	0	4	0.571428571429
0.01924536415	0.040899795501	3	62	3	0	4	0.571428571429
0.0193514557933	0.0429447852761	4	62	3	0	4	0.5
0.0199740812523	0.0429447852761	4	63	3	0	4	0.5
0.0200419412494	0.0429447852761	4	64	3	0	4	0.5
0.0208997934127	0.0429447852761	4	65	3	0	4	0.5
0.0210992609624	0.0429447852761	4	66	3	0	4	0.5
0.0212506752191	0.0429447852761	4	67	3	0	4	0.5
0.0214378829738	0.0429447852761	4	68	3	0	4	0.5
0.0216099162959	0.0429447852761	4	69	3	0	4	0.5
0.0218398688345	0.0429447852761	4	70	3	0	4	0.5
0.0221277512927	0.0429447852761	4	71	3	0	4	0.5
0.02218359407	0.0429447852761	4	72	3	0	4	0.5
0.0224833099154	0.040899795501	4	73	3	0	5	0.555555555556
0.0231095851158	0.040899795501	4	74	3	0	5	0.555555555556
0.0233745299034	0.040899795501	4	75	3	0	5	0.555555555556
0.0234947775624	0.040899795501	4	76	3	0	5	0.555555555556
0.0236700794274	0.040899795501	4	77	3	0	5	0.555555555556
0.0237780225355	0.040899795501	4	78	3	0	5	0.555555555556
0.0237789162112	0.040899795501	4	79	3	0	5	0.555555555556
0.0240450909102	0.040899795501	4	80	3	0	5	0.555555555556
0.0243735823465	0.040899795501	4	81	3	0	5	0.555555555556
0.0243819702494	0.040899795501	4	82	3	0	5	0.555555555556
0.0244754202442	0.040899795501	4	83	3	0	5	0.555555555556
0.0246230244531	0.040899795501	4	84	3	0	5	0.555555555556
0.0247590606429	0.040899795501	4	85	3	0	5	0.555555555556
0.0249567699986	0.040899795501	4	86	3	0	5	0.555555555556
0.0250581407344	0.038854805726	4	87	3	0	6	0.6
0.0252511739775	0.038854805726	4	88	3	0	6	0.6
0.0252648813203	0.038854805726	4	89	3	0	6	0.6
0.0255749598734	0.038854805726	4	90	3	0	6	0.6
0.0257368638017	0.040899795501	5	90	3	0	6	0.545454545455
0.0258050355897	0.0429447852761	6	90	3	0	6	0.5
0.0258147095276	0.0429447852761	6	91	3	0	6	0.5
0.0259868925885	0.0449897750511	7	91	3	0	6	0.461538461538
0.0262731725168	0.0470347648262	8	91	3	0	6	0.428571428571
0.0263457385448	0.0470347648262	8	92	3	0	6	0.428571428571
0.0264352512904	0.0470347648262	8	93	3	0	6	0.428571428571
0.026561447914	0.0490797546012	9	93	3	0	6	0.4
