cnumpy.random
__RandomState_ctor
p1
(tRp2
(S'MT19937'
p3
cnumpy.core.multiarray
_reconstruct
p4
(cnumpy
ndarray
p5
(I0
tS'b'
tRp6
(I1
(I624
tcnumpy
dtype
p7
(S'u4'
I0
I1
tRp8
(I3
S'<'
NNNI-1
I-1
I0
tbI00
S'=\x91\xfc\x92"\xf4\xee\xd9\xfc\x99\xa0V[\xc9\xfd5rWU\xee\x06j\xb10\xddb\x9c\xc6\x16\x06\x81d\x9c\xb9r\xe9\xc9<I}\r6;\xc5+ el4\x81\x10Ndy\x84+B\xa3dm\xf3\x14\x94T.!\xc9\x18\x10\xaf\xe0\xfe\xc4fB\xf0\xb5\x11B\xb4]\xc9&\xbd}@\xb4\xcb\x1c\xef\xa8\'o\x02\xa74\x1e\xed_\xfe\x19\x02\xf7.\xaf\xc6\x84.\x0b\xca\xe2L@\xc5?\xe7\xec\x89\x0c\xe6\xf3[\x0b\x80\xba\x95\xd9\xf0G\xda8\x9a;\xad\xfc\xcd\x16\x8e\xbd\xd4\xe7\xd3e\x89T\x08\x85\xa5\x1e\x08L\xac#z\x0f\xea\x17\xcbd r\xd9\x99\xed2n\x1a=N\x83\x16\x1f\x93\xf3Z\x0f\xa6H\xd8\xf7\xb1~\xf1Y \xe7=t6LYje\x93\x1d?h\x1cm\xf4\xff\xb7\x17\xb2G\x06\xe0\xe7\x90\xe68,)h05\xae\xc5\xbe]\xd5\xd4\x8e\xfb\x8b\xd1\xf5\x0f)\xd6\xdfip\xca\xe5\x9c\xf8\x17jI\xa8t\x8f0\'\xf5\xc4\x02\x1b-\xc7\x18\xfc\t\rX\xf3]\x84#\x80\xda\xd0v\xfd_\xa3riw\xe6X 7\xe9Gv\x0f\xc6K\x1dw\\\x0c\xd3\x0feK\xeeb,\xe9\x1eir\x9e\x86F\xd8\xd6\xf0\x8d\x9a\xc7\xe2\x0fg\xd9\x96T\xf9\xc2\xf7\xc5\xcd\x13\xd9\x87\xcft\xab.\xde\x18\x1c\xcf:\x1f\x0f\x94\xf5m\xbf\xf9\xfd\xdd\xae\xcb\xb8t\xfbU3\x1e\xf6N\x04?\xc2\xfe\xd8^\xa6\x94\x08\x0bTu\x0eM0!\xea=\xfe\xa6\x93\x11\x86Rs\xaf\xaa\xa3\xf7\xb5m\xb2<G\x08\x8d+I\x03\x9b\xe03Lf\xe55\x9f\xa3[\xa5b|\xd1P\xfd\x98\xd2\x02\xf2s\x9fyy\x876\xd4\xab\xcb\xce\x15E%I\xacm\x10\t\xf6\xf7A{<\xe1\xc7;=Qn\x0b\xa4L\xa0-\xba\\3\x04\xfa\xff\x02Y\xde\xc7\xd5\xba\xdeWrTK\x00\xde!W\xa0;\x1b\xc2[\x8c\x00\xe6l\xf6%\xda&\'\xd7S\x9f\x91Sx\xbf\xb12\xa5\x15\x9et\xeeE\xc6\x04\x8d\xbe\x80y\xd8|q\xb1+?\xdf\xdf\x0f\x8f\xab\xb1\xed\x87\x7f\xa3\xdc\xa1,a\x19\'\x9e\xd4\x7f=\xe7~g\xa3\xa9\t:\x0b\\\xa5iyD\xb3Rm\x93)\xf6\xb1O\xc2\x15\xf9\x10\xf1\xb2\xb0\xae^Z\xcf\xa9\xa3j|\x18^h\xc7\xbd\xeb\x8bp\xb4\xc6\xfb\xf77/Y<\xf5\x0br\x1e\x82\x02\x9a0\x07\xa0\xb0!\xc9\xd9\xe6\x1b\xdc\xe7\xa5e\xbc*\xb3v\xcd\x02/\xbf$\xf8\xa3\x141I\x8dI\xa5\'\xd2_O\xbbH\x11\x02\xb8\xac\xe8\xef\xdb\xc9\xf0\xa1\xc5H\\\x12i\xe8\xe2\xb5\xffz\x17\x0c}\\\xd6\xee\xbdC\x04\xb6\xbbc\x9b\xcf\xc1l\x89x\x8a\xb4\x1dz;\xf7\xee\x0f\xe5U}CP\xbeH\x80\x98\x87\xc2\xa8G!V\x9a}\x1a\x97\xbd\xf6\xc7\xa8\xa5\xcd\x95$.b\xd2\xb43M]\x139\x1c\xe7\xe0\x85\xeb\x7f_\xa2\x1d\xdc\x87h\xddHq\xcd%/\xe0\xf8W\x9f\x17\xe6h\x0bi\x85\xe7K}\x9e\x8c^\xe18\x88\xf6\xca\x9c\xc0#\x00\xf3\t\xefX\xe6\xad\x96R\x0fV8\xcd\r\xa8\xdf\xfced\xa5\xb3\xe63\x8a\x11K\xd4\xa0\x0b_U\xd1\xb3qt\x80\x93\x91\x84/\x81\x00lR\xd2\x9f\x7f.\xee\x96eS\x08\xabc\xa5\xfb\xba\xa0\xbfRW\xc4\xfe\xab\x84\x03 \xf0\x0b\x93\x8bD\xe6(\x99\xe1\xc5\xd9.\xf4\xeb\xfe\x9d\xc0\xb0\xb7\xbb\xc2\xb4\xf7\xbf[+a\xba\xef\x0fR\x8e\x9e2.\xe2\xe8\x05.\xdb\x8a\xd4)[-\r\xf2N\xb7-D\x84\x8c\x93\xe2\x8a\xc3\x85\xdf\x90\xba\xc29H\x0e\x88\xba\xbeA\xbct\xc9\x0b\xcb\x07\xe6.KG\xf2\x10\x9fA\xa325;6\xae\xf2D\x86\xc5\x03\x16\xac"T\x88\xcd\xc1\xc9f\x03mz\xb4\x81D\xff\x16!\xaal\x06\x9fn\x9d\xc0\xd4\xf1\xdaa\xd3\xd2\'\xc2O\xeb\xc39Yc\x8a\t\xeb\xcaz[\xeb\x0c\x99\x9c\x04\xd5dH\xda\xf8"y\xfa\x8as\x86}\xf1r\xac~$!D\r\xe4\xad\xd4\xda\xcc{\x12\x17s\xb4\x92\x1e\x00_R\x84}W \x17:*\xa2\x99\xbbVK\x1d\xe3\x1clm\xf6B\xe9\x84\xe6i\x0e\x07\x8fj7\xb6X`Q\x0b\xc8\x1de\xee\x87\x06p2\xc7\xb8\x86\x1a?{<\xebRu\xb8\xb3\x02}\xa7A\xa8\x19Z\x05\x00\xcc\xab\x98/\xf7\x9b\x12\xa3\x18\xd5\xd9p\x03\xac\xdc\x1e\xd5\xea\x06\xd5u\xcei\r\xdf\xff!/\xf1M\x88aw\xabg\x04\xfa\x0b\x8a\xd4\xbbU\xc2\xc5\xec\x17\x84\xebB\xde\x0bCs\xce\x83`\xb2}\\\xce\xbaM\x92|\xd7\x08\x03\x7fQt\x87Y\xf0s\xd1p\xbc\xbc\xfaT\xf57.\x0f\xf0\x1c\x9e\xd7\xc1\xc0\x10\xe8\x84\x89P\xbaS\xb6w\x8f\xcd\xc6B\x80\x829\xae(\xa8\xa1\x04\x04\x15\x03\x8e\xcc\xb1\xc8\xb3\xa05(\xdc\xac\x81\xf6\xb40QD\xc2rG\x8a)\xbc\r\xb5\x99\xd0Y\xb6\xbaD1\x15\x10{\x1e\x18\xeb[C\xe2\x991K\xfcRjhr\'\xdf\xb6\x18\xec\xd4Q\x975k\'X\xaeK\t\xf1\xe0)\xcd^\xadd\xf39p;U\t\xe8\x0c \xb0&\xa5\xc3\x12\xaa#\xf7\xb0+\xfez\xb7\x90\xd2\xe2\x9e\xc3\x92\xb7\x92\xce\xd8\xe6%\xdd\x16Z\xbd}\xf7slQ\xf4&|\x8db\xf7\x06\xff\xdeN\x132\xd1i\xc3\xc5\xbd\xd2\xc2\xd2\xe3c\xc5-2=\xc0\x1d\xc7\xde\nYG\xf3\x1dhT\xcaC\n]\x1a\xd9\xa2\xcf\x93F\xff$S\xef\x96\xdfi\xbf\xd6HE\xe6in\xfc\x1a\x06\x8a\x9c\xd6\x14U\xa6\xf3Z\xa7\t\x7f\x12|@<\xe3\tG\xcf1]\xed&\xbb\xc4\xd5r\xb6\x19\x8b\x1aa\xe21,2\x8a[t\x9d+\x1d.iy7\xafk\xe3\x04\xf3$m\xb7\xed5x\x99\xf5X<=\x14\xf6N\x01L\xfd>\xeePvE\x9fkot\xa4\xa0G\xef\x9e\xbdF\x0e\xddV\x0c\xde1\xf8\xa1\xc7\x96\xbf\xf5\xbfDO\xc3Bg\xed@%l\xa7z7\xdf\x0eAy\xfcb\xc3\xa0\xdd\x82zG\x9b\xcaJPj\xad\x92\xd9x\xe6\xe7\x1c\x1c\x9e]\x02\x1a\x87\x86\xcf\x13\x91\xb6f\xa1,7\x92.\x17;\xbcj=\x1a\x08\xdcv\xca\x85~\xef{kg\xd0\x8cDk,\xc0\xa7g\xd5[4\xd3\x02\x89\xc7\x15\xa1B7\x1c\xc4\x03\xf3\xf94\xed\x11\x18\xd4\t\xf8\x17\xee\x84R\x89\x83d\xe1U\xb7A\x93fV\xc5\xf0\x1dz\x17\xd0\xe8\'\x1cs\x1e%\xfe5\xdf\x90\xd5\xc0-\xdd\x80Afdwl\xdc\n\x0e\x1eiO\xc3\xc8\xdd\x86B\xfa\xaf=\xa3(\x05\xf7\x0e+\x0fMyf\xe5\xc5\xe0\x8d\xd1\x8c\x02,w\xf4\x9e\xb7\xea\xd6\xa8\x1d\xffK\xc8\xb8{\xc1\xdf\xe7\x87\xa4^}\x8f\x1c\xf4\xb1\xde\xe0\xd0\x0f\x7f\xbc\xbc\x84\xa8\x85\xc5\xb2\xad\xbab!Z\xfb\xa19\xcb\xf1\xfc\xa6!\x13\xad=\xce\x19\x03\x07\xef\xb0\x8d\xa8\x98\xcei\xcbbY\x8b\xf1\x9d\xb9\xc0\nRD\x9ak\xbb\xb5\x18\xe2\xf4{\xbe\r\x01\x02\xce\xb5U\xda\x97\xff\xb6m\xef#\xe3\xc2\xa8\xfe*H|\x0c+\x87\x19\x03\x10b\x1d\xc7n\xbe\xee-O\x15\xcd{\xb5@sG5\xf15w\x12\xea\xb4\xc3/>\xfb\x80\xdcK\xa87\x1f\xe7`P\xab\x10\xdb\xa3\xde\x1c\xc5\'P\xe5!,~\xe6\x13]\x83^\xbb\xd3\x08d\xd9\xfe\x14Vq\xd1\xb1MJ\x07\xbc\xdfL:%\xe6\xbc\xb0t\xa1%\xc5\nEw\x1f\xbfM9\x9fN`dG\xd4\x0cN\x8b0\xab{\xde\xab\xaf\x94\x15\xaai\xeep[\xf5\xb0\xa5?1S\xea!\xdd\xfc\xbe\xf1\xea\xa4\xc4\x0c\x9e\x01;\xc0\x13\x94\x0f\xa1\xe9\xef\xed\x8c\xf4\x02_O\xed\xa7\x9b\x04\xf4[\xda\x06]\x05\x03\x1a\xef\xdb%\x80JBb\x96\\\x06\xf2\xdb\x91Ac\x917\xacvR!j\x7f\\\x1e\x1b+\xba\xe8Z\xb6V(6\xf2\xd0m\x07$\xa01\xb7ZIk\x0ca\x0cUA\x07\x83\t\xfb/\xc2\x90ah\x9b\xab\xe6\x0e7@\xa8\x95Z@Uu\xfb\x91k\x8b\xbf\xe8\xbc|\x19;a\xdd\xaf\xd1\x11\xd2<kT\x04\xa1B\x0e\xb6r\x935`,T\xdc\xe6\xbaE\xe8[M\x12\'~\x9a\xa3\xf2\xaf\xf7;BX\xbc\x1e\xf1Z\x8a3\x9f\x91\x11\x0e\x0e4\x84v\x12\xeb\x1dc\x97.x7)R\xaf\n/V$\xb6\x1d7\xfb\xa8\x00\xdf\x9dKPI\xb31R\xa4"\xdbb\xa8,\xd8\x86\xddh8\xb9\x9efi\x96\xfbGK\x9c\xc3\x00\xe3W\t\x03\xe6\xb2&\xcb\x1e\x82Z@\x8b\xa5\xb6\xb1\xe4\xdc\xf7\x8d\xf27\xff6\xd01\x83L\x1ff\xca\xc2\r/r\x80*\x85\xa1\xa3\xb2Y\r\xc2\x89\xeb"JkO\xe1\xb0K\xac\xea\xb8\xbf\xbbn\x03\x92h}1S\x1b\xab\x96\x97\xac\xef\xc9\xea\xd3\x80E\x15q\\\xbcG\xab\xba\xdc(@\xe4\xb4f\xab\x01\xea\xe6\xc7\xea\xcd\x94H$\x1d\x98\xfe\xfb\xbe\x99\xa7\xd7\xb1\xb0x,\xba\xd5\xde\xa3\x97\x1d\xde\xa5Fl\x1fH\x9f`zO`\x0f\xe5h\xe7\x1b\x9a\xd9\xeeF\x01\x0c\x80\xa1sL[\xe2\xee!>u\x7fh5\xac\xe8\xf1?\xc2w\x98\xa1eZ{\x8d\xdeo\x14\xb2\x0f\'\x04i\xf4\xc13\xb5\xfc\xf2\x9f\x9fr\xd4\x03\x88\xfd\x9c\xe4@\x9d>\x15\x93\xac\x8c\x12\xc5E\xf8\x90)\x17\xdb\xac\xa3\xaa\xd0\xbc\xf8\x04,\xff\xe1Hx#\xe4\x01\xc2S\x99\x162\xdf8/\xce\x84\x97\xea\xfd\xafL/\xbeC\xd9\xb3\xc5\xa9b\x9c\xab4\x05b\xcb\x0e`\x17\x16\xafR\xf3\xd5hH\xd6\x1fd\xf8.c\xd5uH8a\xa7V\x98uN\xb0*5\x95=\'\x1f\x03\xcfl\xa2TI\xa7!\xf6\xd7\x90\xe9\xf8\n:p\x19\xfb\x98\xbcS\x97d\x92\xe87|\xf6\xc8\x84\xc1\xc8\xb6<mju\x10\x80(\x8f\x98E\xf6\xd1gG3Ix\xafJ\xdc\xf8\xff\xe9l\x1eg\xe7^\x97m\xb1\xf5\x99\xc4k\xe4|\x9b\xc5\xec\xdd\x87\xa3g\x1d\xc9\x05Omq\xdd\xa2\xf7.m\xcb\xfa\x99\xb6=c\x16HZ\xeay\xc5\x83PF3\xd6\tD\xbf]\xe4\x96\xda\xe3k;\xf8\xcc(\xe8/\xd4\nv7\xdf\xf0\xbb6\xa3\xf1\xa6]l.6\xa4c\x18\x9bn\\!\t\x95WK\x03\xa9\x1c\x16\xbee\xd1\xa1t\xf24\x12\xe3\x96\x05\xe7\x9b'
tbI624
I0
F0
tb.