cnumpy.random
__RandomState_ctor
p1
(tRp2
(S'MT19937'
p3
cnumpy.core.multiarray
_reconstruct
p4
(cnumpy
ndarray
p5
(I0
tS'b'
tRp6
(I1
(I624
tcnumpy
dtype
p7
(S'u4'
I0
I1
tRp8
(I3
S'<'
NNNI-1
I-1
I0
tbI00
S'\xd7V\xcb\xa5+\xa1\xf6\xa3\xbf\xe9\x83\x0e\x98c\x96G\x8fZt\x1e\x0by T\'!\xd6\x05\x91AM\xe2\xa3\xbat\xf2\x92U\xe2`\xa0\x9ao\x8a#\xf8\x95\xaa\x1e\xeeV$y\xb8?\x1c\xae\xf3\x7f\x05T]\n\x07\x84\x90\x10\x11\xa8\xd4\xb6\xd8\xa0\x85<\xc9g\x8b]e\x89/\xd5\xb9~\x02\xc6\xae \x03|2\xee\xa1\x1fg\'%\x99"VT\x01P\xb5\xe5\xae\x10\xe3\x1d|\x02\x08\x10h\xde\xea\xa8\x15&\x0b[\xb6\x88\xd7\x18\x19se\xa8\xecy\xe1\xd4nE\x0e\x15\x82F\x83\xcdq2\xb5\xdeJ\x81o\xb5\xc1\x07\x90\x84\xbf\xe7\xb5y\xde\xc6\\"s\xc9C\xe7\xb7Z\xab\xebr\x1f3\x8c\xeaf\x02&\xfa\xaf\xa1X\xe1d\xfc\x8eFV\xc91?x\xabs\x95\xcf\xf8\x05u\xb3U7(?\x9c\xd0#\x86\xf8X\xd67\x96N\x94\x0bB\x99\xd3\x12Qp2\x95\xb56#Y\xfdA\xf4\\\xe5\xb4\xe0\xa3\x1cm<\x9eI\xf0\x8f\xc4DYb\xa3q\x89\xcf\xe1u\xaa\xf1IR[f\x08\xcb\xd7\xe6\x1f>\x13\x170$\xc5Tm_\xbe0!\xcf\x14\x8b\xa7\x0f\xc4\x13\xaf\xb1\x8d\x0c4\xfd\xf6\x89F\x9e\xf68x@\x90\xfaH\xf1\x9b\xddx]\xa5\xed\xee\xe8\xe7\xbe\x01Zgl=\x13)\xdf\x92\xb5\xeb\x9eJ\xe0,\xd6j\xa5\xf5\xda\xc5p\x16\xd4\x1bu\xe3\x9e\x13\x90\xf6;\xa5\x97\x145\x05d$D\xc3\xe5\x06p\xe6\xc3\xbd\x1eye\xa5GL\xd8-\xd2\tW\xe0\xf0\x8faE;I\x06\xb9\xbd\xc9\x8e3mP\x9b\xc3\x92xkI\xcbs1\r\x8f\xf0F\x84t\x12\xe9\x87)\xf8\xbb\x85\xc8\x1eh\x03\xf9\xd4"\xd7\xe3k\xf7\xda!2\xfca\x8c\x8d\n\x92\xdf\xd9\xdd\xfd\'\xacv4\x95\xfdb\x103\xdeo\x1f\xc8\x9aZ/\x804S\xcc\x08r\xfd\x8c!\xeb70U\xf4\xe4e\xb0K\xae9\xa0\x00\xfd4v\xef\xa6\x95\xe2\xcf\x93\xb3\x7f\x97\x9e\xad\x81\xe4#)\xa7\x01\x9a\x16\x99\x9d\xb4/\n^\xfc\x87K\xf0\x07\x17\t\xdc\xf7\xec9<n\x8f\xe3\x1dt!W!\x18\x81&\xb8\xeacF\xc6\x03\xd5\xb2@\x9c!\x970\x1fc\xbf\x1e\xfd\x84\x0e\xd3\xe6\xd0\x1f\xab\xb7\xd7\xf14\xcb\xd1+\xc2\x900\xebL\xaf1\x06\x83F<\x00\xf9\xe9z\xc1FzwQ5\xe8(vYA\xdf\x1089/\xdc\xf3\xa0K \x1dy#\xa9b\xadh\x0c\x99\xf1K\x90\xf2\xddNE\x1f\xb2\x8c\xe8z#\xd9\xc1\xb8\xf2\xee8:\xc6\t\xf7\xae\x84M\x15\xfaW\x9cl\x1e\xc0){\xe9D/\xb3\xf7*\x90\xee3\x95O\x02@\x86\xe0\'\x82\x91*\xa9\xdf\xb3\xf3\x84\xff\x05\x04r\'\xee\xa5\x8b\x9e\x8e;A\x8bN\x95\xb4xv\xb3.\xcc#<\x98\x90\xc1\x16\xee(\xba\xfc\x96=\xc0\xfc\xbaO\xbbDCI\xbb\xdc\xca#\xd1a\xd5\x10{Z\x86\xf1\x819\x8d\xc8\x11\xa4\xf5y\\\xbc?\xfa\r\xe2p\xebi\xc0C\xe0(\x95\xb7\x1cS\n\xc7O\x18>o\xba\xe4\x04\xc6\x1c\xa8>\xbf\xcf\x1en\x97\x7f\x11\xf7\x8e\xbd\xde#\x049\xc4,l\xbe\x8d\xe7\xb1\xed\xbeoy\xbbn\xd2\xcf\xe6\xc6\xe6\x04>\xc8\x827\x8c\xab\x95\x0e\x8fe\xb0\x9b\xbaU{\xae++4\xef0\xe3i\nn\xc8c2U\xce\x98O\xb0\xc4\xd4\xb3\xd2\xfb\xb0e\xe8>\xa1\xdc\x05\xd8\xf1A8\x08\xf9\x8f\xea\xde\xe7\xe8\xaa\xd3\xf2,\xc7\x91\x13X\xc4s_x\xd3\xc6\xbd\x98h\xb9KM7\xee\xd9{f\xb4f\xce\xf6\xf813h\xe2\xb1\x80<\xe2\xe7\x88\xce\x9c\xea\xf3\xac\x95\x1a\xae\xc9\xc1J\xf39`\x9a\xbc\xf2\x8d\x98\xc9=\x170\xaft]L\xf2\xc3\xf4\xcc\xb8\xab\x1f\xf27\xa41\xdc\xca\xf0l0\xf9\xf7,\x02\x02\xd3H\xcb\x9a\x8c}\xd8\x1d;\x90\xb5\x19N\x9e^\x11\xc4\x05&;\xc0\xe8\x90\xe42A\x06Z\x04\xa9\x05\xef\xaf\x1f\xe7x\x84CW\xba\xeb\x80\xde\x91#\xc9\xe7\xae\xec\x06\x85\x1b3\xcb`\xd04\x86\x14\xf6\x12z\x18\xe4\x94\x93@O\xc58\xd6\x1b\x88_\xb1s\x94\x10\xd1$\xe2\xaf\x05M)\xca8l\x93j\x17\x92\xbei\x89\xe1\x80"\x0b%\x05@\xe7Q\x93\x0c\x89\x12\x95EG\xa5\xd6\xe4\x00\xd1(+\x11c\xf1\x0b\xcc\xaa\x07o}\x12\x13!\x92S\xaeB\x84\xa1\xa7\xd8\x06\xf1\x0b/\xd1\xa1(b\x08\x16\xb1\xa4p\xd8\x9f~\xb6K\xfe\xb0\xddT\x1d\xf8\x7fx\x99\x14\x06\xd5\x07\xb7.\xa2\xa1l\x88\xa0\xce\xcd\x99\x18\x9e\x8f\x15\xcd\xb2\xc4)4WYU\xed\t\xf3%\x9a\xf1\xd4#\xf3A\x1f\xee\x10\xa8\xeesn}i \xbei\x88\xa2\x82\x93\xd2\x81\x81\x13\xa89\xd2\xc8\xde;\xf8D\xe4T\xb8\xbd\xa5\x8b\xb8\xd0\xa7.5\xf6!F\xe4\xa1\x1e%"\xb4\xb2LB\xf5\xe4<y\xb0\xc7\x9d\x15\xa8\xb8HRJ\xf3\xd6\xb6G#\x8aXy\xceVY$k\xef\xad\x10\xad\x9f\xe51\x9e\x80M!\\e\xe4\\Z\x91=\xf1\x1b\xf6i\x83N\x15+{\xb5\xb7q\xaf\xdc(\r\xd3!<J+F\xfb\x91\xb0\x99\x8b9NB\xb4\xc5\xa6\xce\x14\xd0r\xc7\xd2M\xb0pn?\x98\xa8\x81\x9dyT\xdbH\x98\x84<\x17V\x93\xdcOI\x9dt\x81M\x94\xd1\xe7\xdc>7\xec\x19\x0c\xe8u\x85{o:~\xcc\\/~\xc2N\x94I\xfbl\xe1\xd0o\x03.\xc0\xd6\xcb\x9c=\xbe6+1\xe0Qv\xeb\x06\x01\xc4\xb3ur\xdbnw\x869\xd4\x9c\xd7\xf9\x19\x97&\x91\x8d\x8a\xb02\xa2+\xde\xe5\xf4\x07\xcc\xf5R\xdc\x072A\x9eOPZ\x00\x06\x87\xf9\x8a\x90W\x99\x89m\xc3\xa3n\x92\xbc\x9a\x9d>\\\x90&\xa9\xd1`\xc2\xb9\xd5h\xfe\xc3\n\xc6\x8f\x04\x9e\xb0 \x0cx\x04+R\x98\xd1Y\xb8}\x8f\xf6\xd4x\x0b,\r\xe1px\xfb\x1d\xe1$uO\xf8\xa7\xe9\x1b.g\xaa\x03\xde\xe9\x940\xde\xb7\xacg\xb2\x83\xed\xcaq\x9c`&7\xd3=\xddI\x1c`\x92;\x99\xa0\x08+\xc9\x1f\xe3\xa1\xf36\x9f\xb1\xc4#|\x0e|\x0e\xa1\xb9R"y\xffv8\xea\x0e\xe9\xee\xb82~\xc6\xbf\x8d\'v>[\xb3>jU\x99>X,\xf7\xef\xdbI"r\xf6\xb9rj\x88\xaf\x0e\xe6C\x0c\x17\x14\xaen\xf4\x81\xca\xe9p~\xd5\xa3\x95\xfdZ<\x99\x9a\xef\x11\x19\xec\xd6J\xd1\xeb1G\x96\xa6\xe9\x9aaX"\xf9\t\x103\x03\xa9\xa3Q\xb9@\xea\xcfz(Z\x0e\xe8D\x91\xa7?z\xc9\x16_i\xfb\x8c\x18\x89\x1e\x88IE\xd8\xe3\x92\xbe|\x01\x05\xfa\xd9\'.\xf7\xb4\xd4\xdd\x1f\xa5?\x81gt{I\xa4\'\x11\xecf\x94x\xd40\xeb%N\xd8\x18\xf9\x1e8\xab\xcc&\x9b\xb4L\x9f)\x9d\x94\x86\xca\xf5u\xe9\x08\xa3\xa2\x0fO4\xc2r\x04\xd6\xbe\xec#\xad\x95MM\xf0\xc2\x12\xa3\xc9d\xdax\x84\xe2\xcd\x9d\x03\x89\xa2\xf4\xbeaI3\xd3\xa0\xa5\xaa\xab!}\x9a[\x81\x9c\x0e\x01\x7f\x0cNu\x16\x9b!\x05I\x88\x11C\x91j\xf0 \x9a\x1d\x17w~\xf6\xec\xe32\xa5\xfd\xcaJ^\xb6\xdf\xc6\xaa\x1fC/8\xe5\xa9\xb2\xee\x16\xa3\x96\x1e\x87K\xe8:~\x97\x99Cs\x80\xc2\xb7*\xee\xea\xc3>\x95[\x16\x91t\x9d\xfb\xf7\x14\xe7wa\x002t/\xcdq8\xbc\xc5\xc0|\xc8\xf9\x90\xe4\xb3\xcec\xdf\xb2\xbd\xa0\x11\x0c\xe0\xc7\x7f\x16^\xbb;\xf2\x94\xc6\x8fj.\x7f\xc6\t\x928\x88[\xb9\x9aR\x08\xb3\xf1\x83Zo\x88\xe9<\xc3\x14\xbbW\xf4\xb9L\x98\x91\x97\x1d\x9cG\x1e\xbd\xbd\xc9\xcc\xf0N\xdf+\x89q\x9e\rJ\x989\x9a\xbb\xe6\xa0\xab\xc0wG\xf1\x9f\xef2}:\xc34\xb4\x04\xd9\xc7\x86\xd4<\xbbB\xd0\x1d[$\xaa#\xac\x13>n\x91\x95\xb1{\x1d8\xf2\xc4\xfc\xc3\xc6\x96\x98O\xe8\xa9\xe5^\xec\x0b\x14\xa8\xdd\'7<P\x97\xaaG#(\xb3\xd1\xe1j0\x9d\xe4\xf4\x12\x17Z\xaer\xa5\xe5\xda\x0b\xf6\xd8U\x82T0\xc8\x0b@\xc3s\xaf\x91RZ\xb4\xd7\x98Q}\x1d\x19y"\xe1\xbc\x93\x99Q\xe7\xaa\xe8\xb9\xa2A\xd8\x1f8aG\xa81\xe9y\x88\xec\x94r\xc9U-C\x1bil-b\xad\xbe\x05\xda\x08a\x14\x08\t\x84\xa5\xdb\xd0Wzx\x8c\x86\x82\xe0y\xc0:\x89\x88]}29\x8d/\xa0\x0b\x96=\xd8\x15\xc5\xe49\xbdZ\xc9\xa9tB\xa0}/\xee\xdfS4\xe0\xba\x80\xd9\x97\xa2=\xf0\xaf\x801Z\xb5\xab\x95\xa8\xb0\xfe\xb9\xa4\xb3\x0c\x1d\xbd\xc4\x9a\x1d\x86\xd3\x88\x0ekE!b\xa1\x9e.qtks\x98\x8b\x9aq\xcbLn\xd7\xf4\xf6F\xd7\xab\x14\xd0\xf8:X\x7f\xb2\xe3v[\xc4S\x02\xdf:\xd1\x92\x10\xfb\x92T\xa5\x07\xea\x84Y\xca\x1cM"\xf0/\xce,\xe9.~\x0f\xee\x18|\x89T\x11\xc5\x85\xed\xacos\x9c\xee\xd1\xc6\x8f%\x07x?x$\xb2\xc3\x80K\xd8P\xb9\r\xb8\x10U\xcd~\x9c\xf9\xfb\xb0\x1a\xdc~\xe6\n\xda\r|\xfb\x9b\xa5\x8eZe-\xc9\x8aj\x1duA\xcd\xa9\x80tC9\x03K+\x1c\xdf!lM\xc0\xd7\x013\x8b[\xe0\xee\xea~Z\xa9\xd9\x82\xf4e\xd4:\xb8\xd2\x96z\xb8W\x1b\xbc\xf3( y\x9cD<\xe9u\x11\x04\'\x03\xdd\x82\xd7Q\xdc\x1a\x1f4\xc0\x9a7\x17)4\xc9\xd0\x12\x8bN\xe1\xae\x13\xe7,\xc7S\x17Y\x85\xc4\xad\x97\xe3\xd6\xb6\xd9{\xb2\xc5\xebF\x05\x86I\xde\xda\x85\xc7v\xc1^\xe3?\x9bmhc\xdd\xad\t\x95\xbd`OI3K\xd8\x1d\xbf]\x0ev\x11T\x005l\x88\xbbT\xf5fQ\x98n\xbb7A\xd6\x04W\xc4\xe9\xc4\xdaoc\xa7\x0b\xaf\x1a\xd9h\x92e[uj\xfe\xecd.D6\t\xdc\xacg\xd1\xfdqAy\xac\xb0)[\r|\xb4\x83\x15\xd9U]"\xc8\x14O\x9a\x08\xe74f\xdf"\xac\xc0\xa4%vM`\x8a8b\x8a{\x7f\xcd\x81\xf4;Q\xad\xf2m\xd8$K\xff\x8b\x1buJ\xbf\x90\x1aE\xff\xe1\x15\xecn$\x94\xff\x1a\x1e[\xe3C\x0e^~D\xbf\x0f\\&2D_\xaa\x82\xd2z\xba\x8f\x10\xe9\x06\xf4\xe4\\\xa4O\t9=#\xa4;\xed\x88 \xe5R\xca\x9a4\xe3'
tbI624
I0
F0
tb.