cnumpy.random
__RandomState_ctor
p1
(tRp2
(S'MT19937'
p3
cnumpy.core.multiarray
_reconstruct
p4
(cnumpy
ndarray
p5
(I0
tS'b'
tRp6
(I1
(I624
tcnumpy
dtype
p7
(S'u4'
I0
I1
tRp8
(I3
S'<'
NNNI-1
I-1
I0
tbI00
S'\xab\xf1\x99\x85{\xa6\x14\xc9G\x9d\x89E\x10\xe76\xb6\x9e\x1b\xc5\xc4>;\xde-V~y?h\xae\x98\x8f\x1c\x93\xea\x84\x81\x08\xfew\xc8\xedI\xce\x83\xa5\xcc\ru|\xb8i\xa9D\xa1\xceQ\x0cS\xe1\xdc\xa2\xc3\xfa\'\x0e\x8f\xd0\xfb\xbd\xde\x9e=\xb1\x9b6\x119=\x07r\x83\xba\x0c\x1a\xb7\xde\x1aK ^TV!pE\x98t\xa8\xf4\xcf\t\xf2\x11\xb2\xfe\x86\xe1hc\x04\xbe\xbfQ\xf6C\xa9\x93\xbd\x14\x9dW\xe3\x1c\xa5\x0b\x9f\x9b\xfdvV\xa4\xd6\xc3\xf6\xf8\xf9C\xeco5nS7\xad$\xa5\x11Uf\x80\xea+"\xaf\x98\x17\xa8\xd3\r\x9de\xab\xb6y\xa4\xf8\xa4X\xda\x9f\x05\x12 \x9d}/\x98\x1b\xa36\x80\x19X\x1f\'Y\xe3\x1bw\xad\x00\xa0\xd4\xf6\x8b\t\xd7\xe5s\x00\x04\xddh\x1c\xac?5qc\x8a\xa1\xd0\xe5v\x87\x94\x80\x98#\xe2\x01aD\x1b,\xbci\xa0\t\xee\xe6eY\xc8\xc5\xe3*\x1bw]5[\x9d9\xf8\\<\xb2;\t\xa2\xd2\xe6\\)z\xf2\xe0\xab\xf6\xb6\x18\xd1\x1a\x9d@a9\x00\xf4\xd6k\xe5\xe7\x867\x08\x811Q\x15\x0c\x83\x80W\xaf\xf2\x1c[n\x8f\xe7lo\x06\xe3\xb5\x12\x7f\xc4(\x85\xfbV]\xd1\x8d\xb6\x8c\xc1Ko1R\xa9O\xd2\x1c\x9c\xae\xefJ$\xe5\x82\xbb\x11,\x9b\xbe\x069/\xfb\x91\xb6\xdc9\x06\xcb\x1e\xeb[\xcc\x17\r\xdc\xc8a\xacs\xf4\xea\x18\x18\xe4\xca\x8deH^\xfe\x9e\xc9\xd2S\xd9\x15\xdc\xa8\x9f\x01\xd0\xca2\xb2\x95\x9e\x96=\xb12|\xf8\xac\x00\xee\t\t\xfb\x97\xcf\x85\xd2n\x0e\x1d\x8e\xbb\x86N\xa5\x9d\xccq\xccR\x8dP%\xf7\x99\x95\xee\x8fl\x81cz?\x14=O\xe8\x87C\x07\xdcg\x10C\xd1P\xa9d\x95k\x82\xf9\xf9\xff\x8a\x12\xd1;\xed[f4\xbeTn\xe5\x8c\x05r\xb5>\xf848w\x83\xbfs\x03\x84\x96{\x9f-\xf6;\x15\xa9\xb5\x83\x9bX\x1e9\xa94<\xe2G\xc6\xd4\xacy\xed7\x049Bsc,\xf9}\xdfJ\x8c\xa8\xed\xe6wU^\x99L\x9a\xc2\xd7\xa6B\xe1\x18\x8e\x1bm\xfaV\xa3\xb4S\xedB\xdc\x844\x97z\xc4\x1a\xaa\'\xcb[\x90%LZF*\xe2?0\xa7\xa59w\xb0i\x97{\x86\xce\xe2!\t\xe7\xa1h\xc6\xc8\x1c\x1e\xc7\xf1\xea\xc2*\xab\xf0\xaa8\xa7\xaa\x17\x16i\xc6\xb7iy\xb8\xea4\x0f2\xe1\r\x004\n\xb7\xaej\xd9\x82\xb7\x08->H\xecL#&\xeb\xa7gD\x95\xff\x1e\x8e\xc3F\'\t\xaaN\n\x80\x18e!\xeaI2\x8fs7\xda?d>q\x1c\xc6\x02rp1\xb9\x04\xc8!\xcen>\x05K\xc2]eI\xf3\x02T\x11\x87\xa8\x1b\xb1\xe3\xee\x0c\xf4\xac\xee\xa3\xda\xb7\xa7K\xc6WH\x92\xb17\xd4\x9f\xb3\xe1\x16\xe8\xf8\xe6@fo\x15\x97B\x00e\x18q\xbdwi\xe0j\x10\x9c\xfc\x18\xfc2P\x8b\xdf%\x84\xeb\xad\x9d\x8b\x03\xc4\xec\x1f\xc1\x1a\xf8\x8b\xf6:\xaau-\x95\xa1\xfe\x06\xcb\xcdQ\xb6\x1b\x8c\xc9\xcd\xa5\xc0X\xae\xac%\x9a\x83\xcal\xe4\x0eDJ\x03\x80hc\xe8S%a\x86\xba\tP\n,\x8a\x14,\xab^xo\x93\x98\xce|u_\xa7\xe2\xa3E\xb4?\n?\x01\xed\xb5\xfb\xf0J\x0e6\xe5\xd1\x89\x88\x12\' &0\xf0^\xc8\x03\xb7R\xc1\xb6#R\xe5 =\xff\xfcSU\xc8/\x99\x82\xb1\xc4\x01\xd8\x80\xd1\xd4\xe7l\x96\xa2\xa6\xd24\xe1\x13n\x14\xd8\x8eS\xbb6\xeb\xa3\xbe\x87\x15}$\x1b64\x94$\xbf\x7fr\x99\xfa\x1aw2b\x90\'\xe00\xe1bA\x9f\xd1f\xd1\xd8\x87_\xc3.P\x97\x82\x19}\xcd\xa0n\xe0_\xd1\x13\x17T\r;\x1b\x84c\xbdF\x12e\xdd\x11\x0b\x1e\xdf\xf8\xfb\xfd\x8b\xa9\x8b&R\x04\x9a!\x85\xcb\xc1Q\x1d\x1f\xee\xbe\xab\x9d\xc0\xfc\xc5\xc0\x13\x19O\x0c8\xddqx\xddL\x06\xa3ps\x80\x12K\x90\xaap\x04\xfe<?\xf9\x84\'R\xc9\xf9\xda\x93\n`\x0e\x95:\x08B\xf2\\\xdcS\x1eVJN1k\x18\xdf=\xcbm\xa3\xb4G\x05aj\xb5aM\x03\xf3\xc0\x17\xbc\x04\x07\x9a\xafAL\xd3\xd5\x14C\xfc\x8b\xbct\xa4\x8e\xf0_fN\xa2m\x01\xe0o\xe1\xa0\xcd\xe66qU\xf4\x83\x80\xb6\x02\xe4H\xa8H\x8d)\x7f\xe5/@\x9c[\xb1lJ \xf8\xc5`\x932>\x92\x03\x90<K\x94\x83|\xfe\xb6\x82\x97\xa6\xd9V\xd7/\xb7\xf2W\xd7\xf3\xa7\x9a^\x1b\x05\xcd\xf2\xa9\xe5s\xbc\x1e\xa3V\x97v:w:a;\x821\xadC\xb6<\xd6\xf4\xec(B\t\xa0\x03e\xdf\x89B\xe9\xe2J\x08Tuk\xae\xfa\xa5\x02\xb4\xcd,\x829\xe2@s\xf3\xa8\x1ai\xd2,\xb1\xd5\xf43\xcd\x85\xb3\xee\x96\x17E{\x87w\xd0\x0b\xed\x86\x8c\x13\xcb\x19\x90\x8a4G\xaf<\xb8\xfa\xc6\x16\xdc\xc1\xe1\xea\xa0\xb7\xe1g\x98$\xdb\xe9*j_+Hw\xd7]\xae\xf4\xc7\xc2e\r\xedV\x15CzF\xb0\x9a\x9ea\x04{\x9d\xd0\x87\x04\xc9\x1d\xdd\t<\x83a\xdf@\xe4\xa96@8oN\x1dSv\xef<\x16{\xdf73\xfe\xed@\x17\x88^J\x12\x15;\x90\x9chWmL*=\xd8\x04\xf4\xcdY\x16\x04\xf1\xf2\x86\x91Y\xd4\xe4)\xdd\xca\xa0\x96\x9dx9N\xda,\xaf`[F\xfe\x8b/l\xc1\xdc\x10\xa4\x06\\\xf7 >\xcdc\xf4\xa1\xe8\x05>KI\xa5\xd4\xbcl\xea\xd3\x82m2 \x8d\x06^\x8b\x92\x12%)\xab\xb2\xd7\x8a\xfd\xb2\xffx\x1a\xc1\xe9\x8c\xbf\x93\xe3\xec\xd6\x99\xab`\xaf[\xff\xa7\xe0j\xe1y\xa0\x13\xf6\xc5\x85\xf3\xb8z\xb6\xb4\xf80rE\xf6\x8eE\x8d\xb4"b\x04\xbd_"\'\xe0t\xe6\xa7\xbcX\x9c8\x908K\xb9\xd6\xfc\xdd\xcb\x1e\x81\xb3\xed\xef\xc5^D\xbd\x84\x96y nwQ\x8f\xacs\x8fc$O\xac\x8f\x8fG\xfc\x18S\xdd\xf7p\xe7\x9fokIA\xe5\x07l\xa25Q\x089d\x18\x00\xe4|:\x85]C\xca\xbe!\xa3\x96\xb4;>\x85\xd2P\x1f8LyJ\xebL\x84\xfb\xd6_\xe2\xbc\xa7\xb2!^\xed&\x8f\x0e3\x92o\x05\x1a~\x8aG>\x0e\x1a\xe7\xf0\xd1\xaf\xb4\x8d\xb4)\xf3\xcb\xa14\xfd\'\x93\x9bg\xeb\xb7\x95\xf3\xe0\xaf\x0e\xf0\x8d\xe3\xaa,\xd5\xea\xdd\xd2\xb8\xa6\xd4\x98P\xb5\x96\xd7\xf2\xc4\xf8\xf4\xe6\xbc}[\n\x88R\xaa\xe5\xe1\xc0H\x9a\x11\xc6\x92\xdb+\x14\x9fY\xf7k\xf5"\x02\x12\xff/\x9b\xa6\xc0\x95@a?\x88T\x98\'\xc9\x87\x1d%\x8cnh\xbfK#\x05*\xa8u(\x81TJ{J\xd6BR\xc6]a\xcaz\xda\\g\xe6\xa8\xc5O\xca\x8ch\xb0\xfb\xe3\x8f\x80&\x13\'I\x89J\xc0\xf1\xc5\xc6\x0e\xb8\x81\xc7\n\xc2\xfelfr\x7f\xc4\x03!O6\xbdwyI\x81\xe5f\xdcR\x1b\xdb_H\x0e\xeb\x1d\xe3\x9c\x85z\xa9\xce\xf8\xfbU\xff<\xe1\x0c\x82\'\xca\xe8\xd8\xad\x8a\xf0\x1b/j\xb7\x1b\xb3\xfe\x15O\x88ay\x9c\x88\xb0$f2i\xc6O\xc3B\xd7\x0f\xc9ZK\xa3D\x89\xb1\x92\x9f\xdc\xb2K\xe8rg\xdc\xba\xa0u\xb3\xde\xc6u\x11<i\x00Q\xe4\xeaVt\xe3I\t-\xcd\xf1\xec\xaf\x1ev\xd4&\xe9\xe7\xde?!\xd4\xaa\x97\xb1\xa7\xbaH\x96\xa3\xca\xeen\xa37\xc8\rB\xa6!\xf0jG\xd9\xcfN\x94\xc0\xf5G\x85\x94M\xe3~\xd31\xcb\xe6\xb3\x93\x91\xc2\xe0\xc4Q;)\xb1%in\x11\xe3f\xe5\xe15\x9f\xdcw\x87\x173\\\x9e\x1eo:.1w\xc1,\xb1:\xeb\xb4\xde\x83\xcd\xaa\xb4i\xc1\xa8B\x1b\xc6-\xf8\xae\xb5\xf6n\xdc\xb5\x1a\xff;N&6\x7f\xc9:\x16A)\'\xd7\xb9Nyo\xb3\x03%SJ\xa6\xda\xd8\xd4y\xdfFj\t\t\xf8\xee\xb1\xf1\xce\xa1\xf1\x8b\x92HI\xda\xb1V\x10R\x88>5Z\xfa\x01\xf7\x0eR\x08\x8d -\xcbG\xb99\xeb\x01\x07!\xba\x18\xd4F\x91?\xa5\xd3M9?\xda\xd6\x86\xafn\x9a\xd2\xd4\x93\xb8\x83\xd6i\x022i\xd3\xb7\xe0\xab\xf9\xabC^\xd5iHZ\x07\xd5"W\x17?\x94G\x07\x88z!\xffcp&\xdb\xe3W\xc2.\xd1[\x80\xb9\xa50\xd2\xb0A^\xb2"\xd7mDxg\x95QL\xb8,\x9f\x80\xff\xddQ\xeaa4\x8b7c\x0e\tM\xce\xfcg\x18\x83\xb7\x8f\x03?\xa9\xa5\xd3\x93M$\x95\x19\xa1\xee\xec\xe8\xfc\x99\xde\x9c\xb5\x9fN\xcb\x0c\xb5\x19nN\xd6<B\xddr\x1fj~\xef\n83k5\x8f\x81\x87\x07/TZ\x1d\x89\x11\xd1WF\x13\x9et\x99\xf0M-\xfd\xaf\xac\xd8\x86%\xad\x0f\x12T_\x97/\xb1\xbd\x99\xe5\xab\xf7\x94cQ\xb23\xefCp\tsEh\xdb\xc8\xe4\xb7[\x17\xf8\xacv\xcf\x9e\xae!:y\x99\x90,/<\x9a\xea3\xcb\x10Y\x7f\xb7\r\xc6]bga\x8d\x82w\xe5\xbdF#)\x87 \x91\x1cc\xd8\x96\x12\xf1\xe9\xd2\x90ba$\xc0\xb3U\xec\x11\xaa\xe6hAj\xcd\x92\x1b\x9bl\xd5\xaaf&\xc9\x83\xd80\x13\xa1\xfc\xaa\xad\xa71D,\x11<o\x0e\x1fq\x1a\x9d\xc6i\x92\xbe\xdamO\x1b.\x15{\x1e\x82\x88R\xfb(\x05\xb1vU\x18\xc6\xed&\xe8R\x1dy\x9c\xa3\x0b#\xfa\xa8 \xa0H\xed\xc9\xb3\x18ek2T88e\xf2\x13\xdf/\x14k\x02k\x17W\xdf\xf1\xbeHB\x9c\xc8\xd1$\x99~\x81\x9a\xf9\x8d7\xaa\xeffM\xc1u\xbd$\xfbD\xfc\x80*\xe4\xce\xdch]~\xb3\xd6^\xdex\xd8\x02[\xb9\xe0\xda\x9a@-\xa5\x8bAP\x1f\xd1\x00\x92\xd5\xb4\xaf\xfeC9\xd8\xf0\x18c\xf7\xd8\xa0\x19\xa3\x9a\xc3\xb9\x9e\xb1\x00I6,/n%,\x9fo\xa0N2\xa9`\xe5\xa0\xa2\xff\xdb+(\xeag\xc9\x8d\xca\x02\x95\xbcy\xc3G\xb3\xc4\xf5\xab\xa1\xb4\x88\xddR&!\xcbMX\xfb\x17\xf1\x04&\x92-\xe7\x85\x1c\x1c\x19\x08m\x98c\xec@\xd7\xfd\xeb\xd3 \xf4\x10\xfe\xb5\x9d\x03\x08\x91\xd4\xa4m\xbb\x89\xf2B\xd4\np7[\x83!"A\xd2\x8ej\xc9B\xc4!\xc0\xf3\xf99\x84\xf9\xf6\xcd\xa1kp\x10F\x90\x8f\xdd\xec\x9a"'
tbI624
I0
F0
tb.