# time 	 divergence 	 # of mutations 	 # IGC chances 	 IGC length 	 # IGC failures 	 Changes due to IGC  	 % change due to IGC 
0.0	0.00613496932515	0	0	0	0	0	0.0
8.73611262137e-05	0.00613496932515	0	1	3	0	0	0.0
9.53024189094e-05	0.00613496932515	0	2	3	0	0	0.0
0.000472096310358	0.00613496932515	0	3	3	0	0	0.0
0.000488304809421	0.00613496932515	0	4	3	0	0	0.0
0.000944285495111	0.0081799591002	1	4	3	0	0	0.0
0.00123398830201	0.0081799591002	1	5	3	0	0	0.0
0.00126813015805	0.0081799591002	1	6	3	0	0	0.0
0.00157015017621	0.0081799591002	1	7	3	0	0	0.0
0.0020971290695	0.0081799591002	1	8	3	0	0	0.0
0.00226275246523	0.0081799591002	1	9	3	0	0	0.0
0.00231881504112	0.0081799591002	1	10	3	0	0	0.0
0.00302221664866	0.0081799591002	1	11	3	0	0	0.0
0.0031972421516	0.0081799591002	1	12	3	0	0	0.0
0.00320295259844	0.0081799591002	1	13	3	0	0	0.0
0.00398252485435	0.0102249488753	2	13	3	0	0	0.0
0.00488996341902	0.0102249488753	2	14	3	0	0	0.0
0.0050256324785	0.0102249488753	2	15	3	0	0	0.0
0.00504863250635	0.0102249488753	2	16	3	0	0	0.0
0.00509957603302	0.0102249488753	2	17	3	0	0	0.0
0.00520544600691	0.0102249488753	2	18	3	0	0	0.0
0.00525757983843	0.0102249488753	2	19	3	0	0	0.0
0.00560658889904	0.0122699386503	3	19	3	0	0	0.0
0.00580992179415	0.0122699386503	3	20	3	0	0	0.0
0.00622479646741	0.0122699386503	3	21	3	0	0	0.0
0.00634872875219	0.0122699386503	3	22	3	0	0	0.0
0.00658877956711	0.0122699386503	3	23	3	0	0	0.0
0.00669497222742	0.0122699386503	3	24	3	0	0	0.0
0.00677646546186	0.0122699386503	3	25	3	0	0	0.0
0.00684379527521	0.0122699386503	3	26	3	0	0	0.0
0.00711327527064	0.0122699386503	3	27	3	0	0	0.0
0.00723168909972	0.0122699386503	3	28	3	0	0	0.0
0.00730521102861	0.0122699386503	3	29	3	0	0	0.0
0.00731023695814	0.0122699386503	3	30	3	0	0	0.0
0.00771621113168	0.0122699386503	3	31	3	0	0	0.0
0.00778273693429	0.0102249488753	3	32	3	0	1	0.25
0.00816162372011	0.0102249488753	3	33	3	0	1	0.25
0.00830929518467	0.0102249488753	3	34	3	0	1	0.25
0.00833119643487	0.0122699386503	4	34	3	0	1	0.2
0.0089896940963	0.0102249488753	4	35	3	0	2	0.333333333333
0.00923986384462	0.0102249488753	4	36	3	0	2	0.333333333333
0.00926808709372	0.0102249488753	4	37	3	0	2	0.333333333333
0.0101136111963	0.0102249488753	4	38	3	0	2	0.333333333333
0.0102074866304	0.0102249488753	4	39	3	0	2	0.333333333333
0.0102387451343	0.0102249488753	4	40	3	0	2	0.333333333333
0.0105635010125	0.0102249488753	4	41	3	0	2	0.333333333333
0.0107887005528	0.0102249488753	4	42	3	0	2	0.333333333333
0.0114442684375	0.0122699386503	5	42	3	0	2	0.285714285714
0.0120468104544	0.0122699386503	5	43	3	0	2	0.285714285714
0.0121775641119	0.0122699386503	5	44	3	0	2	0.285714285714
0.0124068567916	0.0122699386503	5	45	3	0	2	0.285714285714
0.0124497166572	0.0122699386503	5	46	3	0	2	0.285714285714
0.0126414230429	0.0122699386503	5	47	3	0	2	0.285714285714
0.0128347083586	0.0122699386503	5	48	3	0	2	0.285714285714
0.0129277609446	0.0122699386503	5	49	3	0	2	0.285714285714
0.0129445553068	0.0122699386503	5	50	3	0	2	0.285714285714
0.013006614369	0.0122699386503	5	51	3	0	2	0.285714285714
0.0130613136976	0.0122699386503	5	52	3	0	2	0.285714285714
0.0133100285057	0.0122699386503	5	53	3	0	2	0.285714285714
0.01339848912	0.0122699386503	5	54	3	0	2	0.285714285714
0.0136126471319	0.0122699386503	5	55	3	0	2	0.285714285714
0.0141115390627	0.0122699386503	5	56	3	0	2	0.285714285714
0.0141877698069	0.0122699386503	5	57	3	0	2	0.285714285714
0.0144750374671	0.0122699386503	5	58	3	0	2	0.285714285714
0.0147599237729	0.0122699386503	5	59	3	0	2	0.285714285714
0.0149313097641	0.0122699386503	5	60	3	0	2	0.285714285714
0.0149884968071	0.0143149284254	6	60	3	0	2	0.25
0.0152818463994	0.0143149284254	6	61	3	0	2	0.25
0.015895140831	0.0122699386503	6	62	3	0	3	0.333333333333
0.0160875732079	0.0122699386503	6	63	3	0	3	0.333333333333
0.0163273677258	0.0122699386503	6	64	3	0	3	0.333333333333
0.0164005654985	0.0122699386503	6	65	3	0	3	0.333333333333
0.0164845451316	0.0122699386503	6	66	3	0	3	0.333333333333
0.0167413756685	0.0122699386503	6	67	3	0	3	0.333333333333
0.016900394854	0.0122699386503	6	68	3	0	3	0.333333333333
0.0172023053089	0.0102249488753	6	69	3	0	4	0.4
0.0176829776081	0.0102249488753	6	70	3	0	4	0.4
0.0180260185393	0.0102249488753	6	71	3	0	4	0.4
0.0180676381092	0.0102249488753	6	72	3	0	4	0.4
0.018200462973	0.0102249488753	6	73	3	0	4	0.4
0.0182903886983	0.0122699386503	7	73	3	0	4	0.363636363636
0.0184775441541	0.0122699386503	7	74	3	0	4	0.363636363636
0.0188680076975	0.0122699386503	7	75	3	0	4	0.363636363636
0.0193775861664	0.0122699386503	7	76	3	0	4	0.363636363636
0.0194588508325	0.0122699386503	7	77	3	0	4	0.363636363636
0.0197427324902	0.0122699386503	7	78	3	0	4	0.363636363636
0.0201817864156	0.0122699386503	7	79	3	0	4	0.363636363636
0.02052193383	0.0122699386503	7	80	3	0	4	0.363636363636
0.0206730085404	0.0122699386503	7	81	3	0	4	0.363636363636
0.0207162898867	0.0122699386503	7	82	3	0	4	0.363636363636
0.0210305559731	0.0102249488753	7	83	3	0	5	0.416666666667
0.0210585775005	0.0102249488753	7	84	3	0	5	0.416666666667
0.0212459078383	0.0102249488753	7	85	3	0	5	0.416666666667
0.0217983799937	0.0102249488753	7	86	3	0	5	0.416666666667
0.0219202963569	0.0102249488753	7	87	3	0	5	0.416666666667
0.0219938469051	0.0102249488753	7	88	3	0	5	0.416666666667
0.0226924685698	0.0102249488753	7	89	3	0	5	0.416666666667
0.0227178219489	0.0102249488753	7	90	3	0	5	0.416666666667
0.0228456118774	0.0122699386503	8	90	3	0	5	0.384615384615
0.0228677415895	0.0122699386503	8	91	3	0	5	0.384615384615
0.0229708655715	0.0122699386503	8	92	3	0	5	0.384615384615
0.0230194101751	0.0102249488753	8	93	3	0	6	0.428571428571
0.0231932109607	0.0102249488753	8	94	3	0	6	0.428571428571
0.0233205179423	0.0102249488753	8	95	3	0	6	0.428571428571
0.0233601955927	0.0102249488753	8	96	3	0	6	0.428571428571
0.0234794784485	0.0102249488753	8	97	3	0	6	0.428571428571
0.0239117562748	0.0102249488753	8	98	3	0	6	0.428571428571
0.0240024838661	0.0102249488753	8	99	3	0	6	0.428571428571
0.0243566056358	0.0102249488753	8	100	3	0	6	0.428571428571
0.0243626095432	0.0102249488753	8	101	3	0	6	0.428571428571
0.0245378042465	0.0102249488753	8	102	3	0	6	0.428571428571
0.0245490079674	0.0102249488753	8	103	3	0	6	0.428571428571
0.0248637684357	0.0102249488753	8	104	3	0	6	0.428571428571
0.0248772834365	0.0102249488753	8	105	3	0	6	0.428571428571
0.0249103161602	0.0122699386503	9	105	3	0	6	0.4
0.0249540513503	0.0122699386503	9	106	3	0	6	0.4
0.0252863072708	0.0122699386503	9	107	3	0	6	0.4
0.0255711723724	0.0122699386503	9	108	3	0	6	0.4
0.0256226913707	0.0122699386503	9	109	3	0	6	0.4
0.025896097034	0.0122699386503	9	110	3	0	6	0.4
0.0259144724023	0.0122699386503	9	111	3	0	6	0.4
0.0262638279294	0.0122699386503	9	112	3	0	6	0.4
0.026324289972	0.0122699386503	9	113	3	0	6	0.4
0.0264990264405	0.0143149284254	10	113	3	0	6	0.375
0.0267559844408	0.0143149284254	10	114	3	0	6	0.375
0.0275743691105	0.0122699386503	10	115	3	0	7	0.411764705882
0.0277411632718	0.0122699386503	10	116	3	0	7	0.411764705882
0.02795184697	0.0122699386503	10	117	3	0	7	0.411764705882
0.02814091731	0.0122699386503	10	118	3	0	7	0.411764705882
0.0281787005822	0.0122699386503	10	119	3	0	7	0.411764705882
0.0286024248065	0.0122699386503	10	120	3	0	7	0.411764705882
0.0286120855561	0.0122699386503	10	121	3	0	7	0.411764705882
0.0286301209272	0.0122699386503	10	122	3	0	7	0.411764705882
0.0291128664335	0.0122699386503	10	123	3	0	7	0.411764705882
0.0291198096938	0.0122699386503	10	124	3	0	7	0.411764705882
0.0291879496544	0.0122699386503	10	125	3	0	7	0.411764705882
0.0292351933539	0.0122699386503	10	126	3	0	7	0.411764705882
0.0295998798214	0.0102249488753	10	127	3	0	8	0.444444444444
0.0296180116269	0.0102249488753	10	128	3	0	8	0.444444444444
0.0300083388267	0.0102249488753	10	129	3	0	8	0.444444444444
0.0303154530752	0.0102249488753	10	130	3	0	8	0.444444444444
0.030484928385	0.0102249488753	10	131	3	0	8	0.444444444444
0.0310696131196	0.0102249488753	10	132	3	0	8	0.444444444444
0.0313586830486	0.0102249488753	10	133	3	0	8	0.444444444444
0.0315964012257	0.0102249488753	10	134	3	0	8	0.444444444444
0.0325961957312	0.0102249488753	10	135	3	0	8	0.444444444444
0.0327820789707	0.0102249488753	10	136	3	0	8	0.444444444444
0.0337153321593	0.0102249488753	10	137	3	0	8	0.444444444444
0.0337485569002	0.0102249488753	10	138	3	0	8	0.444444444444
0.0338150107152	0.0102249488753	10	139	3	0	8	0.444444444444
0.0340344069387	0.0081799591002	10	140	3	0	9	0.473684210526
0.0345255625425	0.0102249488753	11	140	3	0	9	0.45
0.0353072673782	0.0102249488753	11	141	3	0	9	0.45
0.035608784309	0.0102249488753	11	142	3	0	9	0.45
0.0356624230412	0.0102249488753	11	143	3	0	9	0.45
0.0357961946309	0.0102249488753	11	144	3	0	9	0.45
0.0364902934454	0.0102249488753	11	145	3	0	9	0.45
0.0365279959302	0.0102249488753	11	146	3	0	9	0.45
0.0371417970021	0.0102249488753	11	147	3	0	9	0.45
0.0373623519142	0.0122699386503	12	147	3	0	9	0.428571428571
0.0374434263514	0.0122699386503	12	148	3	0	9	0.428571428571
0.0375066833968	0.0122699386503	12	149	3	0	9	0.428571428571
0.0375367585227	0.0122699386503	12	150	3	0	9	0.428571428571
0.037550362468	0.0122699386503	12	151	3	0	9	0.428571428571
0.0382135963344	0.0122699386503	12	152	3	0	9	0.428571428571
0.0383082004328	0.0122699386503	12	153	3	0	9	0.428571428571
0.0384308518061	0.0122699386503	12	154	3	0	9	0.428571428571
0.0386328995807	0.0122699386503	12	155	3	0	9	0.428571428571
0.0387207296596	0.0122699386503	12	156	3	0	9	0.428571428571
0.0389254234813	0.0122699386503	12	157	3	0	9	0.428571428571
0.0391226302665	0.0122699386503	12	158	3	0	9	0.428571428571
0.0395367048355	0.0122699386503	12	159	3	0	9	0.428571428571
0.0396932362114	0.0122699386503	12	160	3	0	9	0.428571428571
0.0398278898797	0.0122699386503	12	161	3	0	9	0.428571428571
0.039877121904	0.0122699386503	12	162	3	0	9	0.428571428571
0.0401817062854	0.0122699386503	12	163	3	0	9	0.428571428571
0.0402784574271	0.0122699386503	12	164	3	0	9	0.428571428571
0.0407377521703	0.0122699386503	12	165	3	0	9	0.428571428571
0.0409175836002	0.0122699386503	12	166	3	0	9	0.428571428571
0.0409475109581	0.0122699386503	12	167	3	0	9	0.428571428571
0.0409881567623	0.0122699386503	12	168	3	0	9	0.428571428571
0.0415272534789	0.0122699386503	12	169	3	0	9	0.428571428571
0.0415382622272	0.0122699386503	12	170	3	0	9	0.428571428571
0.0415395655003	0.0122699386503	12	171	3	0	9	0.428571428571
0.041597296842	0.0122699386503	12	172	3	0	9	0.428571428571
0.0417154488867	0.0122699386503	12	173	3	0	9	0.428571428571
0.0428306167755	0.0122699386503	12	174	3	0	9	0.428571428571
0.0430406940732	0.0122699386503	12	175	3	0	9	0.428571428571
0.0431442787432	0.0122699386503	12	176	3	0	9	0.428571428571
0.0431488532666	0.0122699386503	12	177	3	0	9	0.428571428571
0.0431770645704	0.0122699386503	12	178	3	0	9	0.428571428571
0.0432233327413	0.0122699386503	12	179	3	0	9	0.428571428571
0.0432517540232	0.0122699386503	12	180	3	0	9	0.428571428571
0.0433696209793	0.0122699386503	12	181	3	0	9	0.428571428571
0.0433739960674	0.0122699386503	12	182	3	0	9	0.428571428571
0.0437019964096	0.0122699386503	12	183	3	0	9	0.428571428571
0.0437744088527	0.0122699386503	12	184	3	0	9	0.428571428571
0.0437764572355	0.0102249488753	12	185	3	0	10	0.454545454545
0.0438468577017	0.0102249488753	12	186	3	0	10	0.454545454545
0.0442905568528	0.0102249488753	12	187	3	0	10	0.454545454545
0.0443099641718	0.0102249488753	12	188	3	0	10	0.454545454545
0.0446414916268	0.0102249488753	12	189	3	0	10	0.454545454545
0.0446450076387	0.0102249488753	12	190	3	0	10	0.454545454545
0.045259297733	0.0102249488753	12	191	3	0	10	0.454545454545
0.0453677653539	0.0102249488753	12	192	3	0	10	0.454545454545
0.045561490854	0.0122699386503	13	192	3	0	10	0.434782608696
0.0455801559248	0.0143149284254	14	192	3	0	10	0.416666666667
0.0458209090052	0.0143149284254	14	193	3	0	10	0.416666666667
0.0460636462462	0.0143149284254	14	194	3	0	10	0.416666666667
0.0462350650654	0.0143149284254	14	195	3	0	10	0.416666666667
0.0464387342246	0.0143149284254	14	196	3	0	10	0.416666666667
0.0464771595191	0.0143149284254	14	197	3	0	10	0.416666666667
0.0471632403146	0.0143149284254	14	198	3	0	10	0.416666666667
0.0472518883886	0.0143149284254	14	199	3	0	10	0.416666666667
0.0473356208521	0.0143149284254	14	200	3	0	10	0.416666666667
0.0474352823839	0.0143149284254	14	201	3	0	10	0.416666666667
0.0477634594294	0.0143149284254	14	202	3	0	10	0.416666666667
0.0478556449387	0.0143149284254	14	203	3	0	10	0.416666666667
0.0479458350757	0.0163599182004	15	203	3	0	10	0.4
0.0479720818334	0.0184049079755	16	203	3	0	10	0.384615384615
0.048095787608	0.0184049079755	16	204	3	0	10	0.384615384615
0.0480979557343	0.0184049079755	16	205	3	0	10	0.384615384615
0.0482267690895	0.0184049079755	16	206	3	0	10	0.384615384615
0.0482809667857	0.0184049079755	16	207	3	0	10	0.384615384615
0.0484514549894	0.0163599182004	16	208	3	0	11	0.407407407407
0.0486951421932	0.0163599182004	16	209	3	0	11	0.407407407407
0.0487201726373	0.0163599182004	16	210	3	0	11	0.407407407407
0.0487997461353	0.0163599182004	16	211	3	0	11	0.407407407407
0.0491706621227	0.0163599182004	16	212	3	0	11	0.407407407407
0.0492778739186	0.0184049079755	17	212	3	0	11	0.392857142857
0.0502109673774	0.0184049079755	17	213	3	0	11	0.392857142857
0.0503077340773	0.0184049079755	17	214	3	0	11	0.392857142857
0.0505354761211	0.0184049079755	17	215	3	0	11	0.392857142857
0.0513320811221	0.0184049079755	17	216	3	0	11	0.392857142857
0.0515762944387	0.0184049079755	17	217	3	0	11	0.392857142857
0.0516589826935	0.0184049079755	17	218	3	0	11	0.392857142857
0.051865001143	0.0184049079755	17	219	3	0	11	0.392857142857
0.0520508770361	0.0184049079755	17	220	3	0	11	0.392857142857
0.0521345962076	0.0184049079755	17	221	3	0	11	0.392857142857
0.0522876545627	0.0184049079755	17	222	3	0	11	0.392857142857
0.0527129443934	0.0184049079755	17	223	3	0	11	0.392857142857
0.0533393531551	0.0184049079755	17	224	3	0	11	0.392857142857
0.0536559146199	0.0184049079755	17	225	3	0	11	0.392857142857
0.053918123884	0.0184049079755	17	226	3	0	11	0.392857142857
0.0540859148972	0.0184049079755	17	227	3	0	11	0.392857142857
0.0541264032669	0.0184049079755	17	228	3	0	11	0.392857142857
0.0541969621431	0.0184049079755	17	229	3	0	11	0.392857142857
0.0543499945634	0.0184049079755	17	230	3	0	11	0.392857142857
0.0544372689497	0.0184049079755	17	231	3	0	11	0.392857142857
0.0544767766071	0.0204498977505	18	231	3	0	11	0.379310344828
0.0546424668711	0.0204498977505	18	232	3	0	11	0.379310344828
0.0546630363292	0.0204498977505	18	233	3	0	11	0.379310344828
0.0547408122775	0.0204498977505	18	234	3	0	11	0.379310344828
0.0550029664626	0.0204498977505	18	235	3	0	11	0.379310344828
0.0550814122514	0.0204498977505	18	236	3	0	11	0.379310344828
0.0552257996575	0.0184049079755	18	237	3	0	12	0.4
0.0555748186984	0.0163599182004	18	238	3	0	13	0.41935483871
0.0555995110479	0.0163599182004	18	239	3	0	13	0.41935483871
0.055623423545	0.0163599182004	18	240	3	0	13	0.41935483871
0.0562899809679	0.0163599182004	18	241	3	0	13	0.41935483871
0.0563195297135	0.0163599182004	18	242	3	0	13	0.41935483871
0.0564426233503	0.0163599182004	18	243	3	0	13	0.41935483871
0.056781507309	0.0163599182004	18	244	3	0	13	0.41935483871
0.0568808313866	0.0163599182004	18	245	3	0	13	0.41935483871
0.0570422376653	0.0163599182004	18	246	3	0	13	0.41935483871
0.0571975102339	0.0163599182004	18	247	3	0	13	0.41935483871
0.0573669425244	0.0163599182004	18	248	3	0	13	0.41935483871
0.0575505679072	0.0163599182004	18	249	3	0	13	0.41935483871
0.0576260500937	0.0163599182004	18	250	3	0	13	0.41935483871
0.0578840635921	0.0163599182004	18	251	3	0	13	0.41935483871
0.058148897181	0.0163599182004	18	252	3	0	13	0.41935483871
0.0582286929421	0.0163599182004	18	253	3	0	13	0.41935483871
0.0582450148354	0.0163599182004	18	254	3	0	13	0.41935483871
0.0583021578362	0.0163599182004	18	255	3	0	13	0.41935483871
0.0586916269251	0.0163599182004	18	256	3	0	13	0.41935483871
0.058726575452	0.0163599182004	18	257	3	0	13	0.41935483871
0.0589006788388	0.0163599182004	18	258	3	0	13	0.41935483871
0.0589869374592	0.0163599182004	18	259	3	0	13	0.41935483871
0.0596211478119	0.0163599182004	18	260	3	0	13	0.41935483871
0.0601025822516	0.0163599182004	18	261	3	0	13	0.41935483871
0.0601864080663	0.0163599182004	18	262	3	0	13	0.41935483871
0.0602488061333	0.0143149284254	18	263	3	0	14	0.4375
0.0603854446126	0.0143149284254	18	264	3	0	14	0.4375
0.0605307533863	0.0143149284254	18	265	3	0	14	0.4375
0.0605711054125	0.0143149284254	18	266	3	0	14	0.4375
0.0609380921427	0.0143149284254	18	267	3	0	14	0.4375
0.0610482567415	0.0143149284254	18	268	3	0	14	0.4375
0.0610998453848	0.0143149284254	18	269	3	0	14	0.4375
0.0614483869863	0.0143149284254	18	270	3	0	14	0.4375
0.0616411338383	0.0163599182004	19	270	3	0	14	0.424242424242
0.0618093292047	0.0163599182004	19	271	3	0	14	0.424242424242
0.0618309019887	0.0163599182004	19	272	3	0	14	0.424242424242
0.0619021825318	0.0163599182004	19	273	3	0	14	0.424242424242
0.0621196389699	0.0163599182004	19	274	3	0	14	0.424242424242
0.062486342177	0.0163599182004	19	275	3	0	14	0.424242424242
0.0625535267112	0.0163599182004	19	276	3	0	14	0.424242424242
0.0627660350787	0.0163599182004	19	277	3	0	14	0.424242424242
0.0628039727907	0.0184049079755	20	277	3	0	14	0.411764705882
0.062858627858	0.0184049079755	20	278	3	0	14	0.411764705882
0.062959474924	0.0184049079755	20	279	3	0	14	0.411764705882
0.0630421004608	0.0184049079755	20	280	3	0	14	0.411764705882
0.0636230887732	0.0184049079755	20	281	3	0	14	0.411764705882
0.0642199371681	0.0204498977505	21	281	3	0	14	0.4
0.0644127638924	0.0204498977505	21	282	3	0	14	0.4
0.0644651658188	0.0204498977505	21	283	3	0	14	0.4
0.0644668380136	0.0224948875256	22	283	3	0	14	0.388888888889
0.0646085581193	0.0224948875256	22	284	3	0	14	0.388888888889
0.0646265443557	0.0224948875256	22	285	3	0	14	0.388888888889
0.0651415217954	0.0224948875256	22	286	3	0	14	0.388888888889
0.0654420977052	0.0224948875256	22	287	3	0	14	0.388888888889
0.0662824944323	0.0224948875256	22	288	3	0	14	0.388888888889
0.0663298809633	0.0245398773006	23	288	3	0	14	0.378378378378
0.0665838027014	0.0245398773006	23	289	3	0	14	0.378378378378
0.0669474858284	0.0245398773006	23	290	3	0	14	0.378378378378
0.0669614940857	0.0245398773006	23	291	3	0	14	0.378378378378
0.0669703049076	0.0245398773006	23	292	3	0	14	0.378378378378
0.0670396328403	0.0245398773006	23	293	3	0	14	0.378378378378
0.067142656529	0.0245398773006	23	294	3	0	14	0.378378378378
0.06738914013	0.0245398773006	23	295	3	0	14	0.378378378378
0.0674524805123	0.0265848670757	24	295	3	0	14	0.368421052632
0.067493064702	0.0265848670757	24	296	3	0	14	0.368421052632
0.0676112433508	0.0265848670757	24	297	3	0	14	0.368421052632
0.0676302204656	0.0265848670757	24	298	3	0	14	0.368421052632
0.0678791933452	0.0265848670757	24	299	3	0	14	0.368421052632
0.0682237799088	0.0245398773006	24	300	3	0	15	0.384615384615
0.0682389257996	0.0245398773006	24	301	3	0	15	0.384615384615
0.068721968393	0.0245398773006	24	302	3	0	15	0.384615384615
0.0687221065739	0.0245398773006	24	303	3	0	15	0.384615384615
0.0689180041794	0.0245398773006	24	304	3	0	15	0.384615384615
0.0690409393541	0.0245398773006	24	305	3	0	15	0.384615384615
0.0691233021841	0.0245398773006	24	306	3	0	15	0.384615384615
0.0691695868386	0.0265848670757	25	306	3	0	15	0.375
0.0693949360585	0.0265848670757	25	307	3	0	15	0.375
0.069535758541	0.0265848670757	25	308	3	0	15	0.375
0.0701638207334	0.0245398773006	25	309	3	0	16	0.390243902439
0.0702387523906	0.0245398773006	25	310	3	0	16	0.390243902439
0.0702854733151	0.0224948875256	25	311	3	0	17	0.404761904762
0.0704041761118	0.0224948875256	25	312	3	0	17	0.404761904762
0.0704413259224	0.0224948875256	25	313	3	0	17	0.404761904762
0.0705684394003	0.0224948875256	25	314	3	0	17	0.404761904762
0.0705926961305	0.0224948875256	25	315	3	0	17	0.404761904762
0.0711865122316	0.0224948875256	25	316	3	0	17	0.404761904762
0.0712176071411	0.0224948875256	25	317	3	0	17	0.404761904762
0.0715150435715	0.0224948875256	25	318	3	0	17	0.404761904762
0.0724203186971	0.0224948875256	25	319	3	0	17	0.404761904762
0.0725944859035	0.0224948875256	25	320	3	0	17	0.404761904762
0.0728227661909	0.0224948875256	25	321	3	0	17	0.404761904762
0.0732152202101	0.0224948875256	25	322	3	0	17	0.404761904762
0.0733122986768	0.0224948875256	25	323	3	0	17	0.404761904762
0.074552440899	0.0245398773006	26	323	3	0	17	0.395348837209
0.0746291504097	0.0245398773006	26	324	3	0	17	0.395348837209
0.0748854536427	0.0245398773006	26	325	3	0	17	0.395348837209
0.0749224375983	0.0245398773006	26	326	3	0	17	0.395348837209
0.0753026168718	0.0245398773006	26	327	3	0	17	0.395348837209
0.0755025294065	0.0245398773006	26	328	3	0	17	0.395348837209
0.0756782624838	0.0245398773006	26	329	3	0	17	0.395348837209
0.0756866394194	0.0245398773006	26	330	3	0	17	0.395348837209
0.0759235407283	0.0245398773006	26	331	3	0	17	0.395348837209
0.076092905171	0.0245398773006	26	332	3	0	17	0.395348837209
0.0762290375495	0.0245398773006	26	333	3	0	17	0.395348837209
0.0763629490374	0.0245398773006	26	334	3	0	17	0.395348837209
0.0767712270081	0.0245398773006	26	335	3	0	17	0.395348837209
0.0769050101046	0.0245398773006	26	336	3	0	17	0.395348837209
0.0770420857991	0.0245398773006	26	337	3	0	17	0.395348837209
0.0771650402743	0.0245398773006	26	338	3	0	17	0.395348837209
0.0776257067377	0.0245398773006	26	339	3	0	17	0.395348837209
0.0776481858194	0.0245398773006	26	340	3	0	17	0.395348837209
0.0777060808809	0.0245398773006	26	341	3	0	17	0.395348837209
0.0777364670131	0.0245398773006	26	342	3	0	17	0.395348837209
0.077762892753	0.0265848670757	27	342	3	0	17	0.386363636364
0.077972828052	0.0265848670757	27	343	3	0	17	0.386363636364
0.0780515111096	0.0286298568507	28	343	3	0	17	0.377777777778
0.0783734829187	0.0286298568507	28	344	3	0	17	0.377777777778
0.0783872941703	0.0265848670757	28	345	3	0	18	0.391304347826
0.0785518123637	0.0265848670757	28	346	3	0	18	0.391304347826
0.0787427569508	0.0265848670757	28	347	3	0	18	0.391304347826
0.0787626867637	0.0245398773006	28	348	3	0	19	0.404255319149
0.0790099677014	0.0245398773006	28	349	3	0	19	0.404255319149
0.0790390617774	0.0245398773006	28	350	3	0	19	0.404255319149
0.0791350501966	0.0245398773006	28	351	3	0	19	0.404255319149
0.0792759171113	0.0245398773006	28	352	3	0	19	0.404255319149
0.0796710357845	0.0245398773006	28	353	3	0	19	0.404255319149
0.0796758825416	0.0245398773006	28	354	3	0	19	0.404255319149
0.0797431425734	0.0245398773006	28	355	3	0	19	0.404255319149
0.0797655286595	0.0245398773006	28	356	3	0	19	0.404255319149
0.079768997545	0.0245398773006	28	357	3	0	19	0.404255319149
0.079919014644	0.0245398773006	28	358	3	0	19	0.404255319149
0.080264495446	0.0224948875256	28	359	3	0	20	0.416666666667
0.0803799522105	0.0224948875256	28	360	3	0	20	0.416666666667
0.0805881598673	0.0224948875256	28	361	3	0	20	0.416666666667
0.0809081629802	0.0224948875256	28	362	3	0	20	0.416666666667
0.0810270965823	0.0224948875256	28	363	3	0	20	0.416666666667
0.0810648441923	0.0224948875256	28	364	3	0	20	0.416666666667
0.0811009753962	0.0224948875256	28	365	3	0	20	0.416666666667
0.0812386559037	0.0224948875256	28	366	3	0	20	0.416666666667
0.0814540869276	0.0224948875256	28	367	3	0	20	0.416666666667
0.0814831888795	0.0224948875256	28	368	3	0	20	0.416666666667
0.0819121108073	0.0224948875256	28	369	3	0	20	0.416666666667
0.0821296215445	0.0245398773006	29	369	3	0	20	0.408163265306
0.0822362157153	0.0245398773006	29	370	3	0	20	0.408163265306
0.082876347247	0.0245398773006	29	371	3	0	20	0.408163265306
0.0829490670831	0.0245398773006	29	372	3	0	20	0.408163265306
0.0834710729606	0.0245398773006	29	373	3	0	20	0.408163265306
0.0836821713429	0.0245398773006	29	374	3	0	20	0.408163265306
0.0838367795009	0.0245398773006	29	375	3	0	20	0.408163265306
0.0841773657225	0.0245398773006	29	376	3	0	20	0.408163265306
0.0842773604908	0.0245398773006	29	377	3	0	20	0.408163265306
0.0850973616668	0.0245398773006	29	378	3	0	20	0.408163265306
0.0855394190204	0.0245398773006	29	379	3	0	20	0.408163265306
0.0857721721815	0.0265848670757	30	379	3	0	20	0.4
0.0858249410516	0.0265848670757	30	380	3	0	20	0.4
0.0864499485462	0.0286298568507	31	380	3	0	20	0.392156862745
0.0865563864338	0.0286298568507	31	381	3	0	20	0.392156862745
0.0869373909081	0.0286298568507	31	382	3	0	20	0.392156862745
0.0870070594197	0.0265848670757	31	383	3	0	21	0.403846153846
0.0871197588519	0.0265848670757	31	384	3	0	21	0.403846153846
0.0875726288567	0.0265848670757	31	385	3	0	21	0.403846153846
0.0877617865285	0.0265848670757	31	386	3	0	21	0.403846153846
0.0877907399023	0.0265848670757	31	387	3	0	21	0.403846153846
0.0879042908941	0.0265848670757	31	388	3	0	21	0.403846153846
0.0881363149753	0.0265848670757	31	389	3	0	21	0.403846153846
0.0881834240416	0.0265848670757	31	390	3	0	21	0.403846153846
0.0888300320995	0.0265848670757	31	391	3	0	21	0.403846153846
0.0890170511072	0.0265848670757	31	392	3	0	21	0.403846153846
0.0890527234652	0.0265848670757	31	393	3	0	21	0.403846153846
0.0890783883389	0.0265848670757	31	394	3	0	21	0.403846153846
0.0891499401399	0.0265848670757	31	395	3	0	21	0.403846153846
0.0893244246259	0.0265848670757	31	396	3	0	21	0.403846153846
0.0894997781368	0.0265848670757	31	397	3	0	21	0.403846153846
0.0895479666537	0.0265848670757	31	398	3	0	21	0.403846153846
0.089903931954	0.0265848670757	31	399	3	0	21	0.403846153846
0.0899269866224	0.0265848670757	31	400	3	0	21	0.403846153846
0.0900979341489	0.0265848670757	31	401	3	0	21	0.403846153846
0.0906830942437	0.0265848670757	31	402	3	0	21	0.403846153846
0.090690738875	0.0265848670757	31	403	3	0	21	0.403846153846
0.0914002004438	0.0265848670757	31	404	3	0	21	0.403846153846
0.0915895342223	0.0265848670757	31	405	3	0	21	0.403846153846
0.0916949493295	0.0265848670757	31	406	3	0	21	0.403846153846
0.0917042294783	0.0265848670757	31	407	3	0	21	0.403846153846
0.0919383723508	0.0265848670757	31	408	3	0	21	0.403846153846
0.0924545516787	0.0265848670757	31	409	3	0	21	0.403846153846
0.0924703769333	0.0265848670757	31	410	3	0	21	0.403846153846
0.0927496397365	0.0245398773006	31	411	3	0	22	0.415094339623
0.0928534285221	0.0245398773006	31	412	3	0	22	0.415094339623
0.0930213914239	0.0245398773006	31	413	3	0	22	0.415094339623
0.0930263157564	0.0245398773006	31	414	3	0	22	0.415094339623
0.0931228008303	0.0245398773006	31	415	3	0	22	0.415094339623
0.0932370390726	0.0245398773006	31	416	3	0	22	0.415094339623
0.0937524757297	0.0245398773006	31	417	3	0	22	0.415094339623
0.0939812840451	0.0245398773006	31	418	3	0	22	0.415094339623
0.0939955887329	0.0224948875256	31	419	3	0	23	0.425925925926
0.0941253617869	0.0224948875256	31	420	3	0	23	0.425925925926
0.0942589668278	0.0224948875256	31	421	3	0	23	0.425925925926
0.0944319268674	0.0224948875256	31	422	3	0	23	0.425925925926
0.0951721946487	0.0224948875256	31	423	3	0	23	0.425925925926
0.0955335418989	0.0204498977505	32	423	3	0	23	0.418181818182
0.0961164288008	0.0204498977505	32	424	3	0	23	0.418181818182
0.0968142411396	0.0204498977505	32	425	3	0	23	0.418181818182
0.0969692241221	0.0204498977505	32	426	3	0	23	0.418181818182
0.0970407556855	0.0204498977505	32	427	3	0	23	0.418181818182
0.097317637644	0.0184049079755	32	428	3	0	24	0.428571428571
0.0978890177415	0.0184049079755	32	429	3	0	24	0.428571428571
0.0979597911504	0.0204498977505	33	429	3	0	24	0.421052631579
0.0980266682308	0.0204498977505	33	430	3	0	24	0.421052631579
0.0981003584263	0.0204498977505	33	431	3	0	24	0.421052631579
0.0982066722325	0.0204498977505	33	432	3	0	24	0.421052631579
0.0982754640011	0.0204498977505	33	433	3	0	24	0.421052631579
0.0984111995984	0.0204498977505	33	434	3	0	24	0.421052631579
0.0985008612637	0.0204498977505	33	435	3	0	24	0.421052631579
0.0992533906458	0.0184049079755	33	436	3	0	25	0.431034482759
0.0994204638102	0.0184049079755	33	437	3	0	25	0.431034482759
0.0995195329151	0.0184049079755	33	438	3	0	25	0.431034482759
0.0995712014445	0.0163599182004	33	439	3	0	26	0.440677966102
0.0995916509569	0.0163599182004	33	440	3	0	26	0.440677966102
0.0996179278937	0.0163599182004	33	441	3	0	26	0.440677966102
0.0997337942812	0.0163599182004	33	442	3	0	26	0.440677966102
0.0997483731784	0.0143149284254	33	443	3	0	27	0.45
0.0998527143993	0.0143149284254	33	444	3	0	27	0.45
0.100124615835	0.0143149284254	33	445	3	0	27	0.45
0.100176193651	0.0143149284254	33	446	3	0	27	0.45
0.100573265028	0.0143149284254	33	447	3	0	27	0.45
0.10081682014	0.0143149284254	33	448	3	0	27	0.45
0.100928279145	0.0143149284254	33	449	3	0	27	0.45
0.101120627768	0.0143149284254	33	450	3	0	27	0.45
0.101161899697	0.0143149284254	33	451	3	0	27	0.45
0.101460125124	0.0143149284254	33	452	3	0	27	0.45
0.101601244963	0.0143149284254	33	453	3	0	27	0.45
0.101645588524	0.0143149284254	33	454	3	0	27	0.45
0.101845312722	0.0143149284254	33	455	3	0	27	0.45
0.101883074949	0.0143149284254	33	456	3	0	27	0.45
0.102123839575	0.0143149284254	33	457	3	0	27	0.45
0.102397123039	0.0143149284254	33	458	3	0	27	0.45
0.102574631329	0.0143149284254	33	459	3	0	27	0.45
0.102897700843	0.0143149284254	33	460	3	0	27	0.45
0.102990529363	0.0122699386503	33	461	3	0	28	0.459016393443
0.103016174321	0.0122699386503	33	462	3	0	28	0.459016393443
0.10348835269	0.0122699386503	33	463	3	0	28	0.459016393443
0.103661363684	0.0122699386503	33	464	3	0	28	0.459016393443
0.10375756232	0.0122699386503	33	465	3	0	28	0.459016393443
0.103921376376	0.0122699386503	33	466	3	0	28	0.459016393443
0.103954619085	0.0122699386503	33	467	3	0	28	0.459016393443
0.103985355113	0.0122699386503	33	468	3	0	28	0.459016393443
0.104774974767	0.0122699386503	33	469	3	0	28	0.459016393443
0.105061438772	0.0122699386503	33	470	3	0	28	0.459016393443
0.105122388253	0.0143149284254	34	470	3	0	28	0.451612903226
0.105249045469	0.0143149284254	34	471	3	0	28	0.451612903226
0.10526616126	0.0143149284254	34	472	3	0	28	0.451612903226
0.105790414781	0.0143149284254	34	473	3	0	28	0.451612903226
0.10590439394	0.0143149284254	34	474	3	0	28	0.451612903226
0.106212581571	0.0143149284254	34	475	3	0	28	0.451612903226
0.106231061613	0.0143149284254	34	476	3	0	28	0.451612903226
0.106390369947	0.0143149284254	34	477	3	0	28	0.451612903226
0.106896517756	0.0143149284254	34	478	3	0	28	0.451612903226
0.106990556784	0.0143149284254	34	479	3	0	28	0.451612903226
0.107202995881	0.0143149284254	34	480	3	0	28	0.451612903226
0.107274659123	0.0143149284254	34	481	3	0	28	0.451612903226
0.107321249686	0.0143149284254	34	482	3	0	28	0.451612903226
0.107694155796	0.0143149284254	34	483	3	0	28	0.451612903226
0.107720276215	0.0163599182004	35	483	3	0	28	0.444444444444
0.107769573317	0.0163599182004	35	484	3	0	28	0.444444444444
0.107844022732	0.0184049079755	36	484	3	0	28	0.4375
0.107870798207	0.0184049079755	36	485	3	0	28	0.4375
0.107897164462	0.0184049079755	36	486	3	0	28	0.4375
0.108144007507	0.0184049079755	36	487	3	0	28	0.4375
0.10832287576	0.0184049079755	36	488	3	0	28	0.4375
0.10836334415	0.0184049079755	36	489	3	0	28	0.4375
0.108430293026	0.0184049079755	36	490	3	0	28	0.4375
0.108445846977	0.0184049079755	36	491	3	0	28	0.4375
0.108610790488	0.0184049079755	36	492	3	0	28	0.4375
0.108627967913	0.0184049079755	36	493	3	0	28	0.4375
0.108751092462	0.0184049079755	36	494	3	0	28	0.4375
0.108776887695	0.0184049079755	36	495	3	0	28	0.4375
0.108824008242	0.0184049079755	36	496	3	0	28	0.4375
0.109077974153	0.0184049079755	36	497	3	0	28	0.4375
0.109574755456	0.0184049079755	36	498	3	0	28	0.4375
0.109606953391	0.0184049079755	36	499	3	0	28	0.4375
0.109631324235	0.0184049079755	36	500	3	0	28	0.4375
0.109822251294	0.0184049079755	36	501	3	0	28	0.4375
0.1100324982	0.0184049079755	36	502	3	0	28	0.4375
0.110276093536	0.0184049079755	36	503	3	0	28	0.4375
0.110371386119	0.0204498977505	37	503	3	0	28	0.430769230769
0.110480718986	0.0204498977505	37	504	3	0	28	0.430769230769
0.110505115971	0.0204498977505	37	505	3	0	28	0.430769230769
0.110636492812	0.0204498977505	37	506	3	0	28	0.430769230769
0.110761813802	0.0224948875256	38	506	3	0	28	0.424242424242
0.11076401648	0.0224948875256	38	507	3	0	28	0.424242424242
0.110985310256	0.0224948875256	38	508	3	0	28	0.424242424242
0.111273051999	0.0224948875256	38	509	3	0	28	0.424242424242
0.111584142354	0.0224948875256	38	510	3	0	28	0.424242424242
0.111884431724	0.0224948875256	38	511	3	0	28	0.424242424242
0.112004504209	0.0224948875256	38	512	3	0	28	0.424242424242
0.112095066042	0.0224948875256	38	513	3	0	28	0.424242424242
0.112314238964	0.0224948875256	38	514	3	0	28	0.424242424242
0.112340049236	0.0224948875256	38	515	3	0	28	0.424242424242
0.11235943335	0.0224948875256	38	516	3	0	28	0.424242424242
0.112458580228	0.0224948875256	38	517	3	0	28	0.424242424242
0.112539004111	0.0224948875256	38	518	3	0	28	0.424242424242
0.112597526325	0.0224948875256	38	519	3	0	28	0.424242424242
0.112613079139	0.0224948875256	38	520	3	0	28	0.424242424242
0.112623375155	0.0224948875256	38	521	3	0	28	0.424242424242
0.11336971744	0.0224948875256	38	522	3	0	28	0.424242424242
0.113836922399	0.0224948875256	38	523	3	0	28	0.424242424242
0.114128769293	0.0245398773006	39	523	3	0	28	0.417910447761
0.114172398176	0.0245398773006	39	524	3	0	28	0.417910447761
0.114249584233	0.0245398773006	39	525	3	0	28	0.417910447761
0.114742142857	0.0245398773006	39	526	3	0	28	0.417910447761
0.114848282172	0.0245398773006	39	527	3	0	28	0.417910447761
0.115530402428	0.0245398773006	39	528	3	0	28	0.417910447761
0.115665071508	0.0265848670757	40	528	3	0	28	0.411764705882
0.116123049936	0.0265848670757	40	529	3	0	28	0.411764705882
0.116336727024	0.0265848670757	40	530	3	0	28	0.411764705882
0.116348969402	0.0265848670757	40	531	3	0	28	0.411764705882
0.11643411483	0.0265848670757	40	532	3	0	28	0.411764705882
0.116550555638	0.0265848670757	40	533	3	0	28	0.411764705882
0.116970426563	0.0265848670757	40	534	3	0	28	0.411764705882
0.117023509011	0.0265848670757	40	535	3	0	28	0.411764705882
0.11722369417	0.0265848670757	40	536	3	0	28	0.411764705882
0.117289669887	0.0265848670757	40	537	3	0	28	0.411764705882
0.117758877635	0.0265848670757	40	538	3	0	28	0.411764705882
0.117775507221	0.0286298568507	41	538	3	0	28	0.405797101449
0.117901828959	0.0286298568507	41	539	3	0	28	0.405797101449
0.118051355922	0.0286298568507	41	540	3	0	28	0.405797101449
0.118056184427	0.0286298568507	41	541	3	0	28	0.405797101449
0.118070004266	0.0286298568507	41	542	3	0	28	0.405797101449
0.118134316192	0.0286298568507	41	543	3	0	28	0.405797101449
0.119372863145	0.0306748466258	42	543	3	0	28	0.4
0.119507222826	0.0306748466258	42	544	3	0	28	0.4
0.119917784349	0.0306748466258	42	545	3	0	28	0.4
0.119919073641	0.0286298568507	42	546	3	0	29	0.408450704225
0.120098820093	0.0286298568507	42	547	3	0	29	0.408450704225
0.120105377466	0.0286298568507	42	548	3	0	29	0.408450704225
0.120146277118	0.0286298568507	42	549	3	0	29	0.408450704225
0.120298492474	0.0286298568507	42	550	3	0	29	0.408450704225
0.120581456599	0.0286298568507	42	551	3	0	29	0.408450704225
0.12138997385	0.0286298568507	42	552	3	0	29	0.408450704225
0.121395930048	0.0286298568507	42	553	3	0	29	0.408450704225
0.121525628923	0.0286298568507	42	554	3	0	29	0.408450704225
0.121753615528	0.0286298568507	43	554	3	0	29	0.402777777778
0.122245588855	0.0286298568507	43	555	3	0	29	0.402777777778
0.122326415893	0.0286298568507	43	556	3	0	29	0.402777777778
0.122514402089	0.0286298568507	43	557	3	0	29	0.402777777778
0.122859387094	0.0286298568507	43	558	3	0	29	0.402777777778
0.123276564554	0.0286298568507	43	559	3	0	29	0.402777777778
0.123289532574	0.0286298568507	43	560	3	0	29	0.402777777778
0.123351733081	0.0265848670757	43	561	3	0	30	0.41095890411
0.123425128305	0.0265848670757	43	562	3	0	30	0.41095890411
0.123722984493	0.0265848670757	43	563	3	0	30	0.41095890411
0.124272043937	0.0265848670757	43	564	3	0	30	0.41095890411
0.124773957897	0.0265848670757	43	565	3	0	30	0.41095890411
0.1249403439	0.0265848670757	43	566	3	0	30	0.41095890411
0.125055829867	0.0265848670757	43	567	3	0	30	0.41095890411
0.125381872464	0.0265848670757	43	568	3	0	30	0.41095890411
0.125459524395	0.0265848670757	43	569	3	0	30	0.41095890411
0.125645752417	0.0265848670757	43	570	3	0	30	0.41095890411
0.125691274298	0.0265848670757	43	571	3	0	30	0.41095890411
0.126321863174	0.0265848670757	43	572	3	0	30	0.41095890411
0.126617439868	0.0265848670757	43	573	3	0	30	0.41095890411
0.126837208738	0.0265848670757	43	574	3	0	30	0.41095890411
0.127091031419	0.0265848670757	43	575	3	0	30	0.41095890411
0.127148323589	0.0265848670757	43	576	3	0	30	0.41095890411
0.127313321521	0.0265848670757	43	577	3	0	30	0.41095890411
0.127495400156	0.0265848670757	43	578	3	0	30	0.41095890411
0.127743791778	0.0265848670757	43	579	3	0	30	0.41095890411
0.127896202633	0.0286298568507	44	579	3	0	30	0.405405405405
0.127950367155	0.0286298568507	44	580	3	0	30	0.405405405405
0.12809620358	0.0286298568507	44	581	3	0	30	0.405405405405
0.128150584591	0.0286298568507	44	582	3	0	30	0.405405405405
0.128573047254	0.0286298568507	44	583	3	0	30	0.405405405405
0.129218503139	0.0286298568507	44	584	3	0	30	0.405405405405
0.129585229244	0.0286298568507	44	585	3	0	30	0.405405405405
0.129688864368	0.0286298568507	44	586	3	0	30	0.405405405405
0.12980118749	0.0286298568507	44	587	3	0	30	0.405405405405
0.129965686217	0.0265848670757	44	588	3	0	31	0.413333333333
0.130221438102	0.0245398773006	44	589	3	0	32	0.421052631579
0.13068959105	0.0245398773006	44	590	3	0	32	0.421052631579
0.130709670888	0.0245398773006	44	591	3	0	32	0.421052631579
0.130740292266	0.0245398773006	44	592	3	0	32	0.421052631579
0.130905430434	0.0245398773006	44	593	3	0	32	0.421052631579
0.13095808256	0.0245398773006	44	594	3	0	32	0.421052631579
0.131414069765	0.0245398773006	44	595	3	0	32	0.421052631579
0.131573455703	0.0245398773006	44	596	3	0	32	0.421052631579
0.131829386478	0.0245398773006	44	597	3	0	32	0.421052631579
0.131983822572	0.0265848670757	45	597	3	0	32	0.415584415584
0.132056096825	0.0265848670757	45	598	3	0	32	0.415584415584
0.132112192797	0.0265848670757	45	599	3	0	32	0.415584415584
0.132294756407	0.0265848670757	45	600	3	0	32	0.415584415584
0.13246905168	0.0265848670757	45	601	3	0	32	0.415584415584
0.133093151826	0.0265848670757	45	602	3	0	32	0.415584415584
0.133241648373	0.0265848670757	45	603	3	0	32	0.415584415584
0.133432488958	0.0286298568507	46	603	3	0	32	0.410256410256
0.133526150046	0.0286298568507	46	604	3	0	32	0.410256410256
0.133808035778	0.0286298568507	46	605	3	0	32	0.410256410256
0.133990903793	0.0306748466258	47	605	3	0	32	0.405063291139
0.134067389925	0.0306748466258	47	606	3	0	32	0.405063291139
0.134443334331	0.0306748466258	47	607	3	0	32	0.405063291139
0.134561552111	0.0306748466258	47	608	3	0	32	0.405063291139
0.134576904729	0.0306748466258	47	609	3	0	32	0.405063291139
0.134764170765	0.0306748466258	47	610	3	0	32	0.405063291139
0.134883415191	0.0306748466258	47	611	3	0	32	0.405063291139
0.134931481929	0.0306748466258	47	612	3	0	32	0.405063291139
0.135230091826	0.0306748466258	47	613	3	0	32	0.405063291139
0.135639275322	0.0306748466258	47	614	3	0	32	0.405063291139
0.135783765433	0.0306748466258	47	615	3	0	32	0.405063291139
0.136454315431	0.0306748466258	47	616	3	0	32	0.405063291139
0.136466417638	0.0306748466258	47	617	3	0	32	0.405063291139
0.136491012035	0.0306748466258	47	618	3	0	32	0.405063291139
0.136553952523	0.0306748466258	47	619	3	0	32	0.405063291139
0.136726507686	0.0286298568507	47	620	3	0	33	0.4125
0.136744848779	0.0265848670757	47	621	3	0	34	0.41975308642
0.13685894253	0.0265848670757	47	622	3	0	34	0.41975308642
0.136896741876	0.0265848670757	47	623	3	0	34	0.41975308642
0.136926631433	0.0245398773006	47	624	3	0	35	0.426829268293
0.137231538147	0.0245398773006	47	625	3	0	35	0.426829268293
0.137234007904	0.0224948875256	47	626	3	0	36	0.433734939759
0.137242343439	0.0224948875256	47	627	3	0	36	0.433734939759
0.137347725437	0.0224948875256	47	628	3	0	36	0.433734939759
0.137531914107	0.0224948875256	47	629	3	0	36	0.433734939759
0.138285152119	0.0224948875256	47	630	3	0	36	0.433734939759
0.138319499638	0.0224948875256	47	631	3	0	36	0.433734939759
0.13858954833	0.0224948875256	47	632	3	0	36	0.433734939759
0.138881409631	0.0224948875256	47	633	3	0	36	0.433734939759
0.138956117677	0.0224948875256	47	634	3	0	36	0.433734939759
0.139084770206	0.0224948875256	47	635	3	0	36	0.433734939759
0.139158866114	0.0224948875256	47	636	3	0	36	0.433734939759
0.139226044422	0.0224948875256	47	637	3	0	36	0.433734939759
0.13980906351	0.0224948875256	47	638	3	0	36	0.433734939759
0.140148747396	0.0224948875256	47	639	3	0	36	0.433734939759
0.140445887988	0.0224948875256	47	640	3	0	36	0.433734939759
0.140617915676	0.0245398773006	48	640	3	0	36	0.428571428571
0.140827647623	0.0245398773006	48	641	3	0	36	0.428571428571
0.14099128343	0.0245398773006	48	642	3	0	36	0.428571428571
0.141196268368	0.0224948875256	48	643	3	0	37	0.435294117647
0.141506312565	0.0224948875256	48	644	3	0	37	0.435294117647
0.141655689218	0.0224948875256	48	645	3	0	37	0.435294117647
0.141713376014	0.0224948875256	48	646	3	0	37	0.435294117647
0.141725232775	0.0224948875256	48	647	3	0	37	0.435294117647
0.141776723323	0.0224948875256	48	648	3	0	37	0.435294117647
0.142259739912	0.0224948875256	48	649	3	0	37	0.435294117647
0.142450002713	0.0224948875256	48	650	3	0	37	0.435294117647
0.142666110832	0.0224948875256	48	651	3	0	37	0.435294117647
0.142679893221	0.0224948875256	48	652	3	0	37	0.435294117647
0.142735621047	0.0224948875256	48	653	3	0	37	0.435294117647
0.142825936145	0.0224948875256	48	654	3	0	37	0.435294117647
0.142903699987	0.0224948875256	48	655	3	0	37	0.435294117647
0.142907759463	0.0224948875256	48	656	3	0	37	0.435294117647
0.143109875003	0.0224948875256	48	657	3	0	37	0.435294117647
0.143261241239	0.0224948875256	48	658	3	0	37	0.435294117647
0.143304323022	0.0224948875256	48	659	3	0	37	0.435294117647
0.143442013799	0.0245398773006	49	659	3	0	37	0.43023255814
0.143772841752	0.0245398773006	49	660	3	0	37	0.43023255814
0.143776540718	0.0245398773006	49	661	3	0	37	0.43023255814
0.14399915052	0.0245398773006	49	662	3	0	37	0.43023255814
0.144003121894	0.0224948875256	49	663	3	0	38	0.436781609195
0.144054792157	0.0224948875256	49	664	3	0	38	0.436781609195
0.144843577983	0.0224948875256	49	665	3	0	38	0.436781609195
0.144864756912	0.0224948875256	49	666	3	0	38	0.436781609195
0.14486547584	0.0224948875256	49	667	3	0	38	0.436781609195
0.145118489271	0.0245398773006	50	667	3	0	38	0.431818181818
0.145536490661	0.0245398773006	50	668	3	0	38	0.431818181818
0.1462290393	0.0245398773006	50	669	3	0	38	0.431818181818
0.146421125204	0.0245398773006	50	670	3	0	38	0.431818181818
0.147127218916	0.0245398773006	50	671	3	0	38	0.431818181818
0.147212831941	0.0245398773006	50	672	3	0	38	0.431818181818
0.147313481483	0.0265848670757	51	672	3	0	38	0.426966292135
0.148713383017	0.0265848670757	51	673	3	0	38	0.426966292135
0.148794347047	0.0265848670757	51	674	3	0	38	0.426966292135
0.1488252959	0.0265848670757	51	675	3	0	38	0.426966292135
0.149003275932	0.0265848670757	51	676	3	0	38	0.426966292135
0.149064599539	0.0265848670757	51	677	3	0	38	0.426966292135
0.149562128649	0.0265848670757	51	678	3	0	38	0.426966292135
0.149572554442	0.0265848670757	51	679	3	0	38	0.426966292135
0.149892024125	0.0245398773006	51	680	3	0	39	0.433333333333
0.150241426071	0.0245398773006	51	681	3	0	39	0.433333333333
0.150355757801	0.0245398773006	51	682	3	0	39	0.433333333333
0.150448892563	0.0245398773006	51	683	3	0	39	0.433333333333
0.150988692148	0.0245398773006	51	684	3	0	39	0.433333333333
0.151573405626	0.0245398773006	51	685	3	0	39	0.433333333333
0.151867827914	0.0245398773006	51	686	3	0	39	0.433333333333
0.152354609403	0.0245398773006	51	687	3	0	39	0.433333333333
0.152392093261	0.0224948875256	51	688	3	0	40	0.43956043956
0.152486285755	0.0224948875256	51	689	3	0	40	0.43956043956
0.152705408176	0.0224948875256	51	690	3	0	40	0.43956043956
0.152876802711	0.0224948875256	51	691	3	0	40	0.43956043956
0.153277696951	0.0224948875256	51	692	3	0	40	0.43956043956
0.153372952984	0.0224948875256	51	693	3	0	40	0.43956043956
0.153385121816	0.0224948875256	51	694	3	0	40	0.43956043956
0.153387448747	0.0224948875256	51	695	3	0	40	0.43956043956
0.153727274429	0.0224948875256	51	696	3	0	40	0.43956043956
0.154031025755	0.0224948875256	51	697	3	0	40	0.43956043956
0.154047983313	0.0224948875256	51	698	3	0	40	0.43956043956
0.154195444496	0.0224948875256	51	699	3	0	40	0.43956043956
0.154292199049	0.0224948875256	51	700	3	0	40	0.43956043956
0.1545669464	0.0224948875256	51	701	3	0	40	0.43956043956
0.154777963905	0.0204498977505	51	702	3	0	41	0.445652173913
0.155429601131	0.0204498977505	51	703	3	0	41	0.445652173913
0.155463999612	0.0204498977505	51	704	3	0	41	0.445652173913
0.15555040624	0.0204498977505	51	705	3	0	41	0.445652173913
0.155850902054	0.0204498977505	51	706	3	0	41	0.445652173913
0.155953626748	0.0204498977505	51	707	3	0	41	0.445652173913
0.155959697232	0.0204498977505	51	708	3	0	41	0.445652173913
0.156195849018	0.0204498977505	51	709	3	0	41	0.445652173913
0.156412471966	0.0204498977505	51	710	3	0	41	0.445652173913
0.156697583399	0.0204498977505	51	711	3	0	41	0.445652173913
0.156888791499	0.0204498977505	51	712	3	0	41	0.445652173913
0.15699240497	0.0204498977505	51	713	3	0	41	0.445652173913
0.157061061696	0.0204498977505	51	714	3	0	41	0.445652173913
0.157722358724	0.0204498977505	51	715	3	0	41	0.445652173913
0.158003347319	0.0204498977505	51	716	3	0	41	0.445652173913
0.158106517146	0.0184049079755	51	717	3	0	42	0.451612903226
0.158183693961	0.0184049079755	51	718	3	0	42	0.451612903226
0.158466946257	0.0204498977505	52	718	3	0	42	0.446808510638
0.158922673509	0.0204498977505	52	719	3	0	42	0.446808510638
0.15915629509	0.0204498977505	52	720	3	0	42	0.446808510638
0.159461876693	0.0204498977505	52	721	3	0	42	0.446808510638
0.159488733353	0.0204498977505	52	722	3	0	42	0.446808510638
0.159632528255	0.0204498977505	52	723	3	0	42	0.446808510638
0.160289503487	0.0204498977505	52	724	3	0	42	0.446808510638
0.160518396974	0.0184049079755	52	725	3	0	43	0.452631578947
0.160542688853	0.0184049079755	52	726	3	0	43	0.452631578947
0.160707591764	0.0184049079755	52	727	3	0	43	0.452631578947
0.16078019606	0.0184049079755	52	728	3	0	43	0.452631578947
0.161385918299	0.0184049079755	52	729	3	0	43	0.452631578947
0.161815458788	0.0184049079755	52	730	3	0	43	0.452631578947
0.161975553859	0.0184049079755	52	731	3	0	43	0.452631578947
0.162155655845	0.0184049079755	52	732	3	0	43	0.452631578947
0.162191329077	0.0184049079755	52	733	3	0	43	0.452631578947
0.162192001112	0.0184049079755	52	734	3	0	43	0.452631578947
0.162470240806	0.0184049079755	52	735	3	0	43	0.452631578947
0.162523303556	0.0184049079755	52	736	3	0	43	0.452631578947
0.16252528336	0.0184049079755	52	737	3	0	43	0.452631578947
0.162531065361	0.0184049079755	52	738	3	0	43	0.452631578947
0.162559660037	0.0184049079755	52	739	3	0	43	0.452631578947
0.162725062909	0.0184049079755	52	740	3	0	43	0.452631578947
0.162988602216	0.0184049079755	52	741	3	0	43	0.452631578947
0.163402997246	0.0184049079755	52	742	3	0	43	0.452631578947
0.163519206921	0.0184049079755	52	743	3	0	43	0.452631578947
0.163765224429	0.0184049079755	52	744	3	0	43	0.452631578947
0.163981920493	0.0184049079755	52	745	3	0	43	0.452631578947
0.164144391523	0.0184049079755	52	746	3	0	43	0.452631578947
0.164260806933	0.0184049079755	52	747	3	0	43	0.452631578947
0.164352681485	0.0184049079755	52	748	3	0	43	0.452631578947
0.164427105346	0.0184049079755	52	749	3	0	43	0.452631578947
0.164721672661	0.0184049079755	52	750	3	0	43	0.452631578947
0.164892247121	0.0184049079755	52	751	3	0	43	0.452631578947
0.165486392844	0.0204498977505	53	751	3	0	43	0.447916666667
0.165704195791	0.0204498977505	53	752	3	0	43	0.447916666667
0.165907653565	0.0204498977505	53	753	3	0	43	0.447916666667
0.165916379168	0.0204498977505	53	754	3	0	43	0.447916666667
0.166080569349	0.0204498977505	53	755	3	0	43	0.447916666667
0.166177572041	0.0204498977505	53	756	3	0	43	0.447916666667
0.166349248095	0.0204498977505	53	757	3	0	43	0.447916666667
0.166552175336	0.0204498977505	53	758	3	0	43	0.447916666667
0.166771526697	0.0184049079755	53	759	3	0	44	0.453608247423
0.167224235071	0.0184049079755	53	760	3	0	44	0.453608247423
0.167594618666	0.0184049079755	53	761	3	0	44	0.453608247423
0.167758838569	0.0184049079755	53	762	3	0	44	0.453608247423
0.167815611284	0.0184049079755	53	763	3	0	44	0.453608247423
0.167855219742	0.0184049079755	53	764	3	0	44	0.453608247423
0.168361708088	0.0184049079755	53	765	3	0	44	0.453608247423
0.168535434965	0.0184049079755	53	766	3	0	44	0.453608247423
0.168626963103	0.0184049079755	53	767	3	0	44	0.453608247423
0.168722083974	0.0184049079755	53	768	3	0	44	0.453608247423
0.16885688389	0.0184049079755	53	769	3	0	44	0.453608247423
0.168895429095	0.0184049079755	53	770	3	0	44	0.453608247423
0.169036982109	0.0184049079755	53	771	3	0	44	0.453608247423
0.169368581027	0.0184049079755	53	772	3	0	44	0.453608247423
0.169553127243	0.0184049079755	53	773	3	0	44	0.453608247423
0.169561053286	0.0184049079755	53	774	3	0	44	0.453608247423
0.169885948473	0.0184049079755	53	775	3	0	44	0.453608247423
0.170029610208	0.0163599182004	53	776	3	0	45	0.459183673469
0.17005794787	0.0163599182004	53	777	3	0	45	0.459183673469
0.170119750186	0.0163599182004	53	778	3	0	45	0.459183673469
0.170190979032	0.0163599182004	53	779	3	0	45	0.459183673469
0.170506518356	0.0163599182004	53	780	3	0	45	0.459183673469
0.170604123603	0.0163599182004	53	781	3	0	45	0.459183673469
0.170697542179	0.0163599182004	53	782	3	0	45	0.459183673469
0.170956240449	0.0163599182004	53	783	3	0	45	0.459183673469
0.170993537145	0.0163599182004	53	784	3	0	45	0.459183673469
0.171246921548	0.0163599182004	53	785	3	0	45	0.459183673469
0.171673650648	0.0163599182004	53	786	3	0	45	0.459183673469
