# time 	 divergence 	 # of mutations 	 # IGC chances 	 IGC length 	 # IGC failures 	 Changes due to IGC  	 % change due to IGC 
0.0	0.0143149284254	0	0	0	0	0	0.0
0.000869657936325	0.0143149284254	0	1	27	0	0	0.0
0.00163982256875	0.0163599182004	1	1	27	0	0	0.0
0.00280302164959	0.0184049079755	2	1	27	0	0	0.0
0.00343494449669	0.0204498977505	3	1	27	0	0	0.0
0.00744270354474	0.0224948875256	4	1	27	0	0	0.0
0.00812458519064	0.0245398773006	5	1	27	0	0	0.0
0.0102291518853	0.0265848670757	6	1	27	0	0	0.0
0.0139922507261	0.0286298568507	7	1	27	0	0	0.0
0.0146495483233	0.0286298568507	7	2	6	0	0	0.0
0.0171130325084	0.0306748466258	8	2	6	0	0	0.0
0.0210964252022	0.0306748466258	8	3	6	0	0	0.0
0.0213544664112	0.0327198364008	9	3	6	0	0	0.0
0.0267985390737	0.0327198364008	9	4	6	0	0	0.0
0.0281245927166	0.0347648261759	10	4	6	0	0	0.0
0.0307933463587	0.0368098159509	11	4	6	0	0	0.0
0.0331202972597	0.0368098159509	11	5	3	0	0	0.0
0.0361409094421	0.038854805726	12	5	3	0	0	0.0
0.0394388833592	0.040899795501	13	5	3	0	0	0.0
0.043587084328	0.0429447852761	14	5	3	0	0	0.0
0.0437670755793	0.040899795501	14	6	15	0	1	0.0666666666667
0.0475771436765	0.0429447852761	15	6	15	0	1	0.0625
0.0501265401316	0.0449897750511	16	6	15	0	1	0.0588235294118
0.0508410174658	0.0449897750511	16	7	18	0	1	0.0588235294118
0.0509170511377	0.0470347648262	17	7	18	0	1	0.0555555555556
0.0514036191211	0.0449897750511	18	7	18	0	1	0.0526315789474
0.0540191114345	0.0429447852761	19	7	18	0	1	0.05
0.0652350160303	0.0449897750511	20	7	18	0	1	0.047619047619
0.0669673011582	0.0470347648262	21	7	18	0	1	0.0454545454545
0.0672377459632	0.0490797546012	22	7	18	0	1	0.0434782608696
0.0688897596383	0.0490797546012	22	8	6	0	1	0.0434782608696
0.069598309849	0.0429447852761	22	9	24	0	4	0.153846153846
0.0698509328736	0.040899795501	23	9	24	0	4	0.148148148148
0.0703445464589	0.0429447852761	24	9	24	0	4	0.142857142857
0.0707615810826	0.0449897750511	25	9	24	0	4	0.137931034483
0.0733291193347	0.0470347648262	26	9	24	0	4	0.133333333333
0.0751690638136	0.0470347648262	26	10	9	0	4	0.133333333333
0.0759829105652	0.0490797546012	27	10	9	0	4	0.129032258065
0.0764438862483	0.0511247443763	28	10	9	0	4	0.125
0.0765575422432	0.0531697341513	29	10	9	0	4	0.121212121212
0.0788448576124	0.0552147239264	30	10	9	0	4	0.117647058824
0.0789923091543	0.0552147239264	30	11	3	0	4	0.117647058824
0.0796860024362	0.0531697341513	30	12	18	0	5	0.142857142857
0.0807292169698	0.0552147239264	31	12	18	0	5	0.138888888889
0.080887551422	0.0572597137014	32	12	18	0	5	0.135135135135
0.0810550319578	0.0593047034765	33	12	18	0	5	0.131578947368
0.0836467010074	0.0613496932515	34	12	18	0	5	0.128205128205
0.085541813745	0.0613496932515	34	13	15	0	5	0.128205128205
0.0940400288656	0.0613496932515	34	14	3	0	5	0.128205128205
0.0953730987315	0.0633946830266	35	14	3	0	5	0.125
0.0955167475978	0.0654396728016	36	14	3	0	5	0.121951219512
0.100601367268	0.0633946830266	36	15	12	0	6	0.142857142857
0.101191568584	0.0654396728016	37	15	12	0	6	0.139534883721
0.10157440618	0.0674846625767	38	15	12	0	6	0.136363636364
0.10306144062	0.0674846625767	38	16	6	0	6	0.136363636364
0.104277611643	0.0695296523517	39	16	6	0	6	0.133333333333
0.107873363083	0.0695296523517	39	17	6	0	6	0.133333333333
0.107906264194	0.0695296523517	39	18	3	0	6	0.133333333333
0.111502518412	0.0715746421268	40	18	3	0	6	0.130434782609
0.112587020544	0.0736196319018	41	18	3	0	6	0.127659574468
0.112730982706	0.0715746421268	41	19	15	0	7	0.145833333333
0.115626138839	0.0695296523517	41	20	6	0	8	0.163265306122
0.120004486186	0.0715746421268	42	20	6	0	8	0.16
0.120029944195	0.0736196319018	43	20	6	0	8	0.156862745098
0.120499434779	0.0736196319018	43	21	6	0	8	0.156862745098
0.121733570882	0.0736196319018	44	21	6	0	8	0.153846153846
0.121895281915	0.0756646216769	45	21	6	0	8	0.150943396226
0.127556407803	0.0777096114519	46	21	6	0	8	0.148148148148
0.130889690826	0.079754601227	47	21	6	0	8	0.145454545455
0.131279470922	0.081799591002	48	21	6	0	8	0.142857142857
0.133201363127	0.0756646216769	48	22	24	0	11	0.186440677966
0.134369855894	0.0777096114519	49	22	24	0	11	0.183333333333
0.136104780916	0.079754601227	50	22	24	0	11	0.180327868852
0.136785732743	0.081799591002	51	22	24	0	11	0.177419354839
0.141337946004	0.0838445807771	52	22	24	0	11	0.174603174603
0.142486340821	0.0838445807771	52	23	6	0	11	0.174603174603
0.143681998819	0.081799591002	52	24	12	0	12	0.1875
0.143969109657	0.0838445807771	53	24	12	0	12	0.184615384615
0.144319487701	0.0858895705521	54	24	12	0	12	0.181818181818
0.147827026504	0.0879345603272	55	24	12	0	12	0.179104477612
0.151353429594	0.0899795501022	56	24	12	0	12	0.176470588235
0.155639499797	0.0920245398773	57	24	12	0	12	0.173913043478
0.155857275098	0.0940695296524	58	24	12	0	12	0.171428571429
0.157306612951	0.0940695296524	58	25	6	0	12	0.171428571429
0.161055792339	0.0961145194274	59	25	6	0	12	0.169014084507
0.16114092695	0.0981595092025	60	25	6	0	12	0.166666666667
0.164215763089	0.100204498978	61	25	6	0	12	0.164383561644
0.164886806241	0.0961145194274	61	26	9	0	14	0.186666666667
0.167976955369	0.0940695296524	61	27	6	0	15	0.197368421053
0.169353285965	0.0961145194274	62	27	6	0	15	0.194805194805
0.169896528078	0.0940695296524	62	28	15	0	16	0.205128205128
0.170308760666	0.0961145194274	63	28	15	0	16	0.20253164557
0.172657823414	0.0940695296524	63	29	15	0	17	0.2125
0.175779183249	0.0879345603272	63	30	33	0	20	0.240963855422
0.180604628775	0.0899795501022	64	30	33	0	20	0.238095238095
0.183155975318	0.0899795501022	64	31	3	0	20	0.238095238095
0.184893482887	0.0920245398773	65	31	3	0	20	0.235294117647
0.185258575106	0.0920245398773	66	31	3	0	20	0.232558139535
0.192457798497	0.0899795501022	67	31	3	0	20	0.229885057471
0.193805936171	0.0899795501022	68	31	3	0	20	0.227272727273
0.19607996932	0.0920245398773	69	31	3	0	20	0.224719101124
0.197976663216	0.0940695296524	70	31	3	0	20	0.222222222222
0.198897114509	0.0920245398773	71	31	3	0	20	0.21978021978
0.201042685229	0.0940695296524	72	31	3	0	20	0.217391304348
0.20182698769	0.0961145194274	73	31	3	0	20	0.215053763441
0.205856625154	0.0981595092025	74	31	3	0	20	0.212765957447
0.206877653453	0.0981595092025	74	32	6	0	20	0.212765957447
0.207814834741	0.0981595092025	74	33	6	0	20	0.212765957447
