cnumpy.random
__RandomState_ctor
p1
(tRp2
(S'MT19937'
p3
cnumpy.core.multiarray
_reconstruct
p4
(cnumpy
ndarray
p5
(I0
tS'b'
tRp6
(I1
(I624
tcnumpy
dtype
p7
(S'u4'
I0
I1
tRp8
(I3
S'<'
NNNI-1
I-1
I0
tbI00
S'\xfaeg\xdaO\x97\xa4\x13\xc6\xce\xe4\x9b\x8au\xd2\x91\x87\x91\xe7\xbd\x86\x86%\x9a;\xa2iQ\xf0\x97\x05\xd4\xca1\xc3\xab\x13\xcet\xbf\x98]\xa2\x0e_\x8fI\x1fsq\x0c\xc2\xcb\xd9"!SLQH=\xe3@\x04U\xc7\xb7\x93U\x82\xa1&)\x94\x14}\xac\x01n>Z\xcbu\xc7\xa5\xf6{\x03\xffk\x145\xafi\xd1\xb7q\xa6\x93\xef\xf7\xf8\xca\x85H\xf0q\xefa\xfb\x12\x10\xcd\x93ap\x85\xff&\xf8\x02_\xfd\xd0\xff0$\x18\x9b\x9csM"\x95>\x0b\xf4o\xfe\x82.\x9f\xeb\xeaEz\xf9\xdchRO6\xa1C+\xcc\x9f\x93\r\x9ae\xd0\xf7\xbcC*\xad\xc7\xe7\xba\x1aT\xe6\xffpJ?x\xf0\xdf\x19\xfa\xa0>d\xbe\r\x8b.\xe2\xb7\xea\xba%\x98\xd4?R\xd2\x17\x9fK\x9c\x8f\x87\xc8\xe1\xab)\x88\r\xad\x84\xda!\xb4s?\xbe?\xf6\xeb\xb3i\xe9\xca\xad\x8e\xe6\n\x9f\x80\xa3\x8bXO\x07p\xe8V\x81,)\xd6\xfa^^\x8c\x0cUW\xe0=\x82u\x1f^\xec\xb2\x8a\x9e`\xf9\x8f\x80\x9d\xe8\xd0:\x04\xe7\nU\xeb\x00\x9bR|\x19\xb6aj\xba\xbdl\x8ax\x9bD\x13\xa17B\xdc\xc1(\xcf\xaf\xfb\xa9\xcd\x85Sz\x05d\xd7\'\xdet/\x0b6\xb0z?\x8f\xbe|5u\xc6\xbb\x90\xab\xda\x909\xa5\xac\x06\x84[\xffl;\xb7<}\x93\x8dc~;\xed\xe7\xc5T\xe4\xbe#^\xec\xf4\xeaM\xf2\xb9\x0b{h\x05&#IArZ\xf6t\x1d\xad\x0b\x15\xf3=\x99V\xa0\x98\xc1\'\x12\xceq\xd0a\xa6\xf1~\tA7\xd7\xd6\x17i\xce\xee\x94\xf6;~\x1ei}\x9959g\xe4y\xe5\xff\xb0Ha\xefX\xa6\xa0\xa3\xbbV\x9d\xa0\x1f\xd9\xaau\xcdQ\x81\x07j0\xea\xe2\x10N\xca\x98\xe0~\xaf\x03\x98\x87\xcb\x8b\xf2\xf1\xcf\xa2\x83\x05]\xc1n\x08\x8c\xa1`o\xe7\x92\x7ff\x88\x18\x84\xf3\xd1nOe\xb5PA\x1fD\x947\x16\x95p\xb0\x94\x1b\x90\xcf\xa9hw:\x95\x04\x1d\xf3\x8b\'e\xd1\xea\xee4\xa5]\x1f\xfa\x9b\xe8,h\x82S\xb1>o\xb1r\n(\xec\xcd\r\x8f@\xacFpye+ \x88\xff\xc2\x86\xbf\x17\xbc\xeb\x8d\x9d\x10$(\x12\xef\xc0\xf29\xf4\xbb\xebfh\xe8\xe9\x06\xfc\xcb<Re\xe3\xbc\xb7O\x9c)g\xbf\x88\x8cH\xad\x9f\x1et\xfe\x03C\xa2\xbb\x0c\x90d\xb8\xe5\x87\x12\xff\x0b\x01\xbc\xb7\x92:\x04\x83d\x9c7\xfd\xc5\x9eQ\xf6(\x19\x0e\xbf?\x82\x0b\x1a\xfa\xe8\xa8\x9f>\x90\xe2\xec\x9fs}bkt\xb11\xb0\x98c\x03\x93y\n7c\xa8\x10\x0e\xcb3\xec\xbd22\xe4\x8f,\xf2\xc6\xa0\xcbN\xea2\x9d1\x8f\xc9P\xef\x9c\x9d\x8b\xe9\x13P\xcc\xe3Y/1\x9d{\x9d\r\xd7\x13\xcfX\xe5\x13\xbe\x80\x80e\x95\x9e\xd7\xc8\xe8\xe4\xad-\x93Y\xbc?\xc1\x0e\xee]q\xe6\x0f\xcd\xab"\x04\x9b\x9dZk-1\xff\xc1>u\xb8\xdb`#\x8dJ\xfa\x9e\x8aNo\xf0\x0eb\xbaPUk\x81\xf2`\x9eYOy\xe8\xf0\x12\xfc\x1e5\xad\x9f]r\x96 \xed\x94\xcbW\n\xf7G\xd2\x16\xda\x08\x9d\xe0\x12whV\x9a3\xa5\xf3[\xf2\xa0t6\x86\xc8\xde\r.1\xad\xd6\xdf\x8c\x85\n\xfc,\x9c\x14S\x1dp\xc4^\xeb\xbf\xb8:\xf2\x97*\xb7\xb6\x8cTL\xae\x9e\xb3\xec\x976\xde9\xe3\xe1\x92\xc2\x9e[%3\xa3\x91\x92\xfc\xda\xda\xf2S\x8b\xcbO@\x1e\x8a\xec\\\xfdl\x169\xd2\xf2\x10\xb8\x8c\xce\xd0\xf6\x8f>\xbe\xc4\x0c\x80Z\x88\xaa\x9ap\x06pD\xcd\\\xa25\x16+\xa1m9{\xb5\x1b\xa1G\x9c\xd3\x93.O\x90!\xef\xb1.\x00b=+I]_\x07\xbdu\xcb#\xd3\x15\x0c\xb4!\xf2"z\xa2cDv\xec\x88\x8c&\x9e\x159\x92\xf5\xf0\xec\x019@\x11\xcf\x1cF\x17\xd7`zo2@S*W\x0fK\xf0\x82\'\x05\xd0\x81\xdf\xd38\x8b_\xa1^\xbc\x8d\x1e\xcf-D\x10\x921\x84\x08\x95w\xfb\xb1\xc5oC\xc4\xdc_\x94h-\x861x\x17\xf5:\x1f\n\x00\xbc\xbf\xf7M\x8a\xff\x95\x11X\xce\x01e$\x0b\xbe?Yy\xac\xdb3\xb5\xd4yc%\xab\x8c\xffV\x9c\xba!b\x9f\x7f\xa6\xea\x12Os\x91\xe6\xbc\xb9s\xeed\xd8;x\x08m(f\xa8\x9c\xcf(\xd6\xad^\x1aC\xd7\x05\xbe-)\xc0\xa9\xe6\t\x05\xa9e\x16\x80g\x17S!u\x9bP\xb0\x87f[b\xdf\x08.\xfbMN6\'\xfb\xc0\x1eg\x1d\xdbm\xab\x90\x9a\xb8\xd7\xa2\xce*\x1a\x11\xa0v\x1eJW\xb2\x91\xd8\x8fI\x93L\xe1\xdc\xe6M:>\x83kB\xfe\xbd{M\xa1\xa9}J|\xc0\x0f+\xc0FK\xca\xdf\xf2\x07\xefN\xa4\xc1\xe2\xe2d\xa5\xd6\xd7\xec\xe8\xfe~\xad^\xc3\x07sz\xdd\xda\x98\x9c(\xaf\xb2\xb1f\x0c\xf2\xa1aq\x85\xa7\xae\xb0\xfa\x8ae\x8d"^\xc6\x11*\xbbtrk\x80\xaa\xe8\x17F\x9b\xd9s\xd3(\xe9\xab8\xcb\xd7W/\xd1?\xf5\xb1\'\xe4\xf5\xaa\xdbex\xa6v\xe4\xf5X\x00A\xd2P\x02\x0cE\x03b\xeb\xf0\xd2\\\xb2\xfa|\xb3{\xe8\xda\xd4\xc6\x18{dM]HV\x9ch\x03\x96\x11\xd3\xfdbb"\xffS\xde!\x98\xf9\x8c\x9a\x92o\x9d\x8eM\x9d\xb71\xc9l\x8a#o\xfa<\x1b_\xdb<V\x16 6\x19\xd3\xe5\xb8\xfc\xc0\xd8:b\x95\xbd\x9bc\xae\xf86K\x80*\xbe\xcd\xdcC\xb0F\xfa\xb6\xc6W9\x86\x89Gty\x0c\xebnqR\x1bb\x8d\x8f\xbcMVw\xab\xdb0Q{\xb1\xa2\xf0\xda\x19\x07\xb47-\xa3\x8cX\x12\xd6 \x7f\xa3\x16\x92>\t^\xc8\x0b0\x84\xa06\xe6X\xad\xe0K\xb8*\nj?Fw\x02\xdb\xe8\xf8\r\xb2z?8\n\x9b\x16\xe2\xd5L,~mz\xec\x8c\x93TUy\xa7mk\xa5n9b(w\x03\xcbl\xc6D3(\xbf$[\xaaI\x90\x02\x8c\xb3\xf2\xfa\x1f\xd7\x07u\x87\xc6\xc6\xaen\xe2i\xf3\x96\xa0^wB\xdd\xcd\\0\xa1\xbc\x89\xdb\x05\xd8D\xb1\xc4\xfaP\x8b\xef\xcdd\xbe\xe3\x055Az\xa5\x85\x02X\xcd\xde\xd0\x04\xd7bB\xfa\xb8v\xa1\xb9\x89\x0e\xc3A\xd6\xb1\x99i\x19s\x08b\\\xd9\xf8\x0e\xe3}\x8a\x80\x98\x1fP$\x14Q]dm\x9b\x88\x10(3\x12\x92\x18\x0c\xeb\'\x1fzA\x0c\xf9)L\xe0\xd5\xb4\xb7U\xdc\x1a\x0b\xady\x9e\xfer\x072\x19U\xa6\xaf\xc5\x95\xd1?\xfch\x00\xd9\xf3+\x11\xce\xeaLr8m\x9eA\xc8\xa2\x7f\xb8\x82\xb2g\xc7\x82\x9f\xe2\x19^\xf3\xe2\x00SSi\xdb\x99\xd9\xbb\xc3\xe6\x12\xd5\xe8\xef\x90c\xf2\xb2\x877\xc3\xe4\xe9\xf5{3\x97j\xcd\n\xfe\x8f\x01K\x87\xa4\x06\xc0\xe6\xaa\x05\xf2\xd2AA`L\x9a\xb8V\xb6.\xc9T\xa1z\xe3\xdf\x82\x10J9U\xe7T\xe9"\xfd\xcc,R\xfeb\xa2\xfaZ\x9b\xd6JD\xc6\xf5\xf0\x89nv\n\x9a\x19\xf7\x0eB[U\xd1\'h`\xb2e\xf6W\xf68sNa2\x98\xc3\xba\x92\x1d!i\xde\xa5\xf4\x9e~c\x17\x7f\x91\xfb0\x02\xfcH\xa7\xce\x909\xb6-,D\x10!P\x18N#\xd4\r\xfe\x06I\x06u\xb4.V\xb8^\xa3k\x82\x87%\xd9\xd5\xb9f\xaa\xa8\x15@xxT\xd0h/y\xd4)Xu\xcdX8\x13x\x10\xde\x03/\\\r\x7f\x80\xd3n\x13\x94\xa6)\x87O\xa8\xdcg\x9e\x921\xbf\xb1l\x14\xc7i\xf9\xbe\xa9\x02K\xe3\xbc\xdf\xcd\xce\x92\x19p\xc1\x02Qa\xe9\xd5l\x85T\x96\x05\xcb\n\x0f\x00\xb2\xdc:\xf6\x16t\x9a\x8d\x18A&\x92w9\xe4\xaa\xf0\x88-\xf0\x17\x8eF\x8d\xff\x1e\xfc \xe2M\x9a:\x08OK\xd7\x87\xebo\x98\x13\xa2\x93\x94\\\x02dm\x9f\xd0-R.\xfa\x1a\xa6\x032\xb2r\x87\xe1G\x06\xa7\xe2\xc7\x8e\xaa\xe3>\xf5A\x87\xee\xd0C\x0e\xd7>\x08\xff\xef\x17\x9b-m\xdfwGB\xe2\xe1\x88\xb6\xee\xf7\x1f\xbfP\xf2V\xe0?Z\xf1\x88!\x19<\x85\x81\xc2\xbb=~\xbe\xd5\xeb\xca\x11D \xf4\xf0\xc1N\x19\x98e\x1f\x0b\xc7\xbe\x92\x1b=\x97\xbd\x8ac\r\xe00S\x1d\xe7\x11\xd1U\xd3\x9f\x01\xd6Z\xe2b@\x1e;\x01\x87\xb7J\x92\xdd\xd57\xbc\x14e\x7f\xe4\xbf\xef\x11b\xe7\x809\x18\xa0,\xb8\xec"O\xb7\x9b\x17\xb1(\x7f@\xe7\xa9\x00\x81\xc7\xf4\x8e\xadt;\x9d\xf0\xa0\x9e\xc6\x1b\x83\x0b<n<]^\x93\x96\x80fK\xf0\x13f\x08=\xfb\xdd\xa4v+~4\x15\xc5\xa3\xbd\xc9\xdd\xab\x87\xc8\x85\x9f:~\xc1\xbf]\x13Ts%\xed\xe5O\xe4=\xdd\xa3G~q\xaf\xc2\xe7\xc4mvh\xb2B(\xc4\xdd\xdbQ\xf6S\xfd\x0f\xa1\x15D\xb1/\xd0G?Ny\xdf\x86\x87sb\xc3(\x84\x13*\xaa\xd8\x17\x17+"i\xb0\x94\xf0\xd1\xa1\xf5\x002\xc1\xc3\x14\xbe\x85\x1f)\xceo\xd4!\x02x\x17\x80\xfbR2\xe8\xec\x9e\x06\xedSf\x1d\x7f\x8d~\xf7yW?\x1b\xea\\\xf6\'k{\xbe\x93 \xdfa\xca\x04\x92M\xa3\xeb\x98\x16\xa7\xd2\xe5\x87=o\x9eHV\xbf\xdd\x86\xdf2o"\x94\r\x19\xdb0\xd0\xec2A\x8b\xcf\xe9_.\\\x8b7\x99 [\xfdH\xa1\xcb\xed\x9d\x9exiFt\x81\xb3g\x9e\xbe\xc5O\x10\xad\x00x\xc5\x85\xeb\x84\xf30\xbf\xfd\x1a:\xc5\x1c\r8Y\xb2\xe7\xfcj\xa1\xe9\x04\xa0\x01\x95\xa0\x8c\xc7\x93\xbcJR\xa3\xcc!\xfa\xd4\xb2\x13\xc3\x16\xc9?~\x05\xfe\xc61$\x03d2\xdf\xd4\x08\x08X\x1f\xb2\xad\x8a:\x12\xa4d\xa8\xb2\x8c\x1b\xee\x9f\xa3\xdb!\x7f\xa8\xe8\x97!9\xa3\xc4\xf9%\x9b\xd45\xf9\x14k@\x95\t\xf1:5k\xf7p\xbb5\x15\x00\xb6n\xe5+\xb4\x85\x84b\xa8\x07\x80\x7f\xf5\xb0n\xd0\x81u\x97^\\\xf8i\xeb\xd0\x19}.\xbd\xc8\xd9\xf0\xf3\xf6\xba\x03Z\x83\x8b\x9b\nql\x85P\xe5\xdbG\x1c\xda`\x17D\x87\xf9\\\x07p\xf9\xcb\xba\tQ\xcf\x0c\xec\x83\xae{05\xa4\xf4-\x1e\xb7\xad\x886C\x0b\t\xa2{|\xde1\xa3\x90\xc3u\xf8\xd6\xf2>y\xee$\x83.\xe0(\xd9LY\x00\x14\x00\xfb'
tbI624
I0
F0
tb.