# time 	 divergence 	 # of mutations 	 # IGC chances 	 IGC length 	 # IGC failures 	 Changes due to IGC  	 % change due to IGC 
0.0	0.0245398773006	0	0	0	0	0	0.0
0.00068371384839	0.0245398773006	0	1	3	0	0	0.0
0.000813297544861	0.0245398773006	0	2	3	0	0	0.0
0.00111263252082	0.0245398773006	0	3	3	0	0	0.0
0.00122710558816	0.0245398773006	0	4	3	0	0	0.0
0.00124004889191	0.0245398773006	0	5	3	0	0	0.0
0.00124628054167	0.0245398773006	0	6	3	0	0	0.0
0.0015005991371	0.0245398773006	0	7	3	0	0	0.0
0.00163711004742	0.0245398773006	0	8	3	0	0	0.0
0.0024012738384	0.0245398773006	0	9	3	0	0	0.0
0.00241159085701	0.0245398773006	0	10	3	0	0	0.0
0.00264503976691	0.0245398773006	0	11	3	0	0	0.0
0.00292407975194	0.0245398773006	0	12	3	0	0	0.0
0.00330682403526	0.0224948875256	0	13	3	0	1	1.0
0.00339894804636	0.0224948875256	0	14	3	0	1	1.0
0.00341106645039	0.0224948875256	0	15	3	0	1	1.0
0.00345993030807	0.0224948875256	0	16	3	0	1	1.0
0.00358162235342	0.0184049079755	0	17	3	0	3	1.0
0.00362664666563	0.0184049079755	0	18	3	0	3	1.0
0.0038473690612	0.0184049079755	0	19	3	0	3	1.0
0.00403541226334	0.0184049079755	0	20	3	0	3	1.0
0.00410534876026	0.0184049079755	0	21	3	0	3	1.0
0.00453531139644	0.0184049079755	0	22	3	0	3	1.0
0.00456363852816	0.0184049079755	0	23	3	0	3	1.0
0.00495586455608	0.0184049079755	0	24	3	0	3	1.0
0.00528847832133	0.0184049079755	0	25	3	0	3	1.0
0.00554275111267	0.0184049079755	0	26	3	0	3	1.0
0.00584275690364	0.0184049079755	0	27	3	0	3	1.0
0.00629126630194	0.0184049079755	0	28	3	0	3	1.0
0.00664263550495	0.0184049079755	0	29	3	0	3	1.0
0.00693121982177	0.0163599182004	0	30	3	0	4	1.0
0.00722514183839	0.0163599182004	0	31	3	0	4	1.0
0.00726023513271	0.0143149284254	0	32	3	0	5	1.0
0.00743589981049	0.0143149284254	0	33	3	0	5	1.0
0.00763501948844	0.0143149284254	0	34	3	0	5	1.0
0.00786890805474	0.0143149284254	0	35	3	0	5	1.0
0.00787737457578	0.0143149284254	0	36	3	0	5	1.0
0.007942888197	0.0143149284254	0	37	3	0	5	1.0
0.00813498571865	0.0143149284254	0	38	3	0	5	1.0
0.00815138910041	0.0143149284254	0	39	3	0	5	1.0
0.00816420730656	0.0143149284254	0	40	3	0	5	1.0
0.00925589880098	0.0143149284254	0	41	3	0	5	1.0
0.00934149722787	0.0143149284254	0	42	3	0	5	1.0
0.00939126620802	0.0143149284254	0	43	3	0	5	1.0
0.00950373788642	0.0143149284254	0	44	3	0	5	1.0
0.00973982240955	0.0122699386503	0	45	3	0	6	1.0
0.0103595834005	0.0122699386503	0	46	3	0	6	1.0
0.0104572290893	0.0122699386503	0	47	3	0	6	1.0
0.0105960265622	0.0122699386503	0	48	3	0	6	1.0
0.0106844870837	0.0122699386503	0	49	3	0	6	1.0
0.0109674868494	0.0122699386503	0	50	3	0	6	1.0
0.0110685184012	0.0122699386503	0	51	3	0	6	1.0
0.0115392100026	0.0122699386503	0	52	3	0	6	1.0
0.0115954425711	0.0122699386503	0	53	3	0	6	1.0
0.0119156296188	0.0122699386503	0	54	3	0	6	1.0
0.0120250618232	0.0143149284254	1	54	3	0	6	0.857142857143
0.0122883255927	0.0143149284254	1	55	3	0	6	0.857142857143
0.0124709602591	0.0143149284254	1	56	3	0	6	0.857142857143
0.0127748797217	0.0143149284254	1	57	3	0	6	0.857142857143
0.0131317409498	0.0143149284254	1	58	3	0	6	0.857142857143
0.0131785595092	0.0143149284254	1	59	3	0	6	0.857142857143
0.013193531059	0.0143149284254	1	60	3	0	6	0.857142857143
0.0132918956796	0.0143149284254	1	61	3	0	6	0.857142857143
0.0132938769762	0.0143149284254	1	62	3	0	6	0.857142857143
0.0134473223384	0.0143149284254	1	63	3	0	6	0.857142857143
0.0134628808778	0.0143149284254	1	64	3	0	6	0.857142857143
0.0140569491068	0.0143149284254	1	65	3	0	6	0.857142857143
0.014113282765	0.0143149284254	1	66	3	0	6	0.857142857143
0.0141606647336	0.0143149284254	1	67	3	0	6	0.857142857143
0.0143429153241	0.0143149284254	1	68	3	0	6	0.857142857143
0.0144411436296	0.0143149284254	1	69	3	0	6	0.857142857143
0.0153319882815	0.0143149284254	1	70	3	0	6	0.857142857143
0.0157649469707	0.0143149284254	1	71	3	0	6	0.857142857143
0.0157761388498	0.0143149284254	1	72	3	0	6	0.857142857143
0.0159435186548	0.0143149284254	1	73	3	0	6	0.857142857143
0.0164272261411	0.0143149284254	1	74	3	0	6	0.857142857143
0.016632643487	0.0143149284254	1	75	3	0	6	0.857142857143
0.0168918365292	0.0143149284254	1	76	3	0	6	0.857142857143
0.0170471543916	0.0143149284254	1	77	3	0	6	0.857142857143
0.0173494227636	0.0143149284254	1	78	3	0	6	0.857142857143
0.0173599764958	0.0143149284254	1	79	3	0	6	0.857142857143
0.0174034058605	0.0143149284254	1	80	3	0	6	0.857142857143
0.0178151084333	0.0143149284254	1	81	3	0	6	0.857142857143
0.0180066474542	0.0143149284254	1	82	3	0	6	0.857142857143
0.0181042592369	0.0143149284254	1	83	3	0	6	0.857142857143
0.018203069975	0.0143149284254	1	84	3	0	6	0.857142857143
0.0186997313836	0.0163599182004	2	84	3	0	6	0.75
0.0198183655557	0.0163599182004	2	85	3	0	6	0.75
0.0203822813445	0.0163599182004	2	86	3	0	6	0.75
0.0204034419024	0.0163599182004	2	87	3	0	6	0.75
0.0206182271863	0.0163599182004	2	88	3	0	6	0.75
0.0207046864328	0.0163599182004	2	89	3	0	6	0.75
0.0207093762821	0.0163599182004	2	90	3	0	6	0.75
0.0209210441577	0.0143149284254	2	91	3	0	7	0.777777777778
0.020977986854	0.0143149284254	2	92	3	0	7	0.777777777778
0.0212438927024	0.0122699386503	2	93	3	0	8	0.8
0.0214272364744	0.0122699386503	2	94	3	0	8	0.8
0.0214966603176	0.0122699386503	2	95	3	0	8	0.8
0.0216260064602	0.0143149284254	3	95	3	0	8	0.727272727273
0.0217257852686	0.0143149284254	3	96	3	0	8	0.727272727273
0.0217519022299	0.0143149284254	3	97	3	0	8	0.727272727273
0.021932024606	0.0143149284254	3	98	3	0	8	0.727272727273
0.0219565101963	0.0143149284254	3	99	3	0	8	0.727272727273
0.0219853743903	0.0143149284254	3	100	3	0	8	0.727272727273
0.0220833150131	0.0143149284254	3	101	3	0	8	0.727272727273
0.0220955935161	0.0143149284254	3	102	3	0	8	0.727272727273
0.0223584932019	0.0143149284254	3	103	3	0	8	0.727272727273
0.0232290915566	0.0143149284254	3	104	3	0	8	0.727272727273
0.0234982110755	0.0143149284254	3	105	3	0	8	0.727272727273
0.0238410084928	0.0122699386503	4	105	3	0	8	0.666666666667
0.023862251869	0.0122699386503	4	106	3	0	8	0.666666666667
0.0240714063793	0.0122699386503	4	107	3	0	8	0.666666666667
0.0241552450957	0.0122699386503	4	108	3	0	8	0.666666666667
0.0241594756654	0.0122699386503	4	109	3	0	8	0.666666666667
0.0243066400354	0.0122699386503	4	110	3	0	8	0.666666666667
0.0244777584154	0.0122699386503	4	111	3	0	8	0.666666666667
0.0246832067002	0.0122699386503	4	112	3	0	8	0.666666666667
0.0254629190903	0.0122699386503	4	113	3	0	8	0.666666666667
0.0258311615295	0.0102249488753	4	114	3	0	9	0.692307692308
0.0258753229482	0.0102249488753	4	115	3	0	9	0.692307692308
0.0259094523114	0.0102249488753	4	116	3	0	9	0.692307692308
0.0260642542479	0.0102249488753	4	117	3	0	9	0.692307692308
0.0262089565281	0.0102249488753	4	118	3	0	9	0.692307692308
0.0265800047893	0.0122699386503	5	118	3	0	9	0.642857142857
