cnumpy.random
__RandomState_ctor
p1
(tRp2
(S'MT19937'
p3
cnumpy.core.multiarray
_reconstruct
p4
(cnumpy
ndarray
p5
(I0
tS'b'
tRp6
(I1
(I624
tcnumpy
dtype
p7
(S'u4'
I0
I1
tRp8
(I3
S'<'
NNNI-1
I-1
I0
tbI00
S'\x18\n\xd2\xe1,\xf7p\xff\x8ci,wW@JS!\x9f\x97$^\xad\xf9\xb8\x80\xea\x18Z\xca\x9b\xd8\x8d\xcf\xc4\xa6\xb3\xc0\x06\xfa\x7f\x87\x1eN,\xa7\xb5-v\xd5\x99&\xfd\xc1Q\xcf\xc4L\xdf\xa2\xdf\xb2\x8e\x8c\xea\x185\xf9\xdb\x99\xd8P\x19\xa7\xbc\xf3)\x15\xd5\xf0\xb7O"F\xb0+\xf9\x91[-T\x83v(w\xf8t\xf7P\x90So\xcby\xc9.D=D#R\xed\xc5{\xb7\x15\x15F\xf6\x9f)Z\xc1\xbc\t\xb5\x9e\xa0\xaa\xf60F\xf4\xf8\xbc\xc3\x99\xa3\x92p\xc0\x13\xe22\xd3\xf1\xf1\xc0\x1a\xa9\x9b\x86w\xa5\xa0\x8f\xd5\xc4\x96\x1d\xf4Qx\x88p|64\x96\xaf\x8e.\xdc\xdff\x94\x19,.\x81=\'\xceO\x82b\x81cg\xd9\xcc\x80\x9c\xb4\x07:hx\x8b\xa9\xf7\xba9\xcey\x8ce\xc8g\xb9<_\xa5Q\x04L\x029D{\xa0\xd7\x87I\x94\xfdp6\x08\xf2\xb4\xc7\xa8\xa0\xcc&\xe0\x1c*\x9e\xc4\xd0\xf6\xf9D\xf6\xdbu\x0e\xf9\x91\x93\xbd\xff~\x00\xad\x954\xd1]j\x10\xdf\xbf\xc2\xb5\xdb\x0cs\x1c\xfd7\xe6\xdd{\xdf\xfa\xd8\x07a\xbd5\xd7\xfc\xe2\x8dip\x828\xad\x1e\x8d:\xfeM\xf8\xf1\xc4\x97\x10\xac\xa2^#Z\xfa\xae^S$\xd0\x07\\FTKD\x15\x0f\xdf\xbb\'}\xdf\xe6L\xb2\x04\xf1\x1a\xfdp\xb9\\\x8cl\xe3lF!\xa8B\xd8\x19\xf1\xd3shY\x9a(\xb4\x91\x1a\x9b6Z\xd2\x05\x82\th\xfe\x9c\x1cms,\xac\xf9\xac\xe2\x18O\xaa\xb3\x13\xb39}\xf6\xe6d\xb0)\xd8l\xb7R\xdba\xb1\x1a\xc1"\xb4U)5\xf0|\xfe\xb0<pg4\xe6q\xa1Ab.I\xce.v\xac,u\x1a\x80[8\x8d\x9a\x7f\xa3W\xea\x9a\xf1\x17\xea\x19|\xd3\xda{\x04c^\x1b\xf4\x8e\xa9_\x1av\x1b\xa6\x88\xfe\x08\x07\xc7Z\xed\r\x84\xfe\x83\xa3\xd9\xbd\xc7]o\xa5\xa6$\xb9Jk\\\x9b\'\x01\xf7\xec6\xc4\n\x113\xe9-\xd2\xbf\x85\xf1K\x8f\xbe\x80\x0e\xdc\xd3\x9ddtW\xbcD\x18L\x80]\xcf\xbd \xc2\xe5\x8aL\x1c}q\x04gd!\x94\xcan\xbc\xdc\t^\x10\xf1\x9dV\x9du\xcap5\x93\xd1!V\xd9m.a\xaa5j\xf5\x0fTam\xeaa\xf1[(\xa4\x83C\x8ai\xe0E\xdf6\xc4!?\xbc\rhn\xa0\xb2o\xcc\x19Y\x00\xc7\xc9\x02\xf5s\x0f-\xf8\x82\xe5t<0\x03\n\xde\xf4\xc4\xc4\xc6\xa2pzT\xfa\xf7\x88NE\x8a\xf1\x94\x07\x906\xed\xa6\xcc\x14=(\xcc\xf8y\x91\x9a\xea\x1c\xcfZ\x88\x10\xdf\x12f\xe5Bh\xe4\xef+k\x1dhOi\xe0m\xfe,7\xdeQ\xe4\x18N\x99H\xae\xdft\x1c!\xc8\xdb\xc6\xf1t\xe6\xc4\xf2\x14\xb8)\xf3\x96\n\xac\xfe\xe82\xcc\x0f\xf8\x7f\xc9\xf5\x14A?\xef\xafm\xb4\xb1\xb5EU\x89\xcd\xb7\xcdc\xcfZ\xe9\x9a*D\x95\x06\xf0Y\x85\xda\xa4\x93\x91\xec4\xd6u)\xb1\xab\x16d\x9b{jn\xbc\xf6\x0e\xe3\x02\xca.\xbf<\xc4\xef\xf4\xe7*qL\xdc\xb1\xeb\x94\x01x.\x81\xc5g\x8d\x88\x9eU\xd3\x92\x08\xc0\xa1+B\xb4\xea[~\xce\x97\xd3\xd5\xed.d#\xcf\xd0G\xb53\xce\xf9\xd1&\xfa\x0b\xad\xdapx\x990}\xdd\xee7M"\xfe\x8c,pq\x88\x00\xcf\xcc\xed\x16\xf6\x13\xa1|{\xaf\x13v\x08J$O\xed\x9b;\xb4\xde\x8aW\x1eaa\'z\xa4U\t-\xea\x8eD7\x0c\xcf\xc1\xed\xd2\xae\xd9\xd7\x1ay\x88\xc2\xf0U\x9cIl\x15!\xe67\x16\x9d\x95\xda(V\xdc\xaf\xd7\x9aI\xa3\\\x0c-7-\x8a\x17\xea&S\xd6~G\xb7m_\xaf\xf6\xc6\xd0\xae^\x7f\x01sa\xa54\x91\x8e\xaa\xdfG\xf6\xfcdW\xac\x17\xbd\xbc\xa3`\xe9\xa2\xed\xf1\xcd\xdd\xb6\xa8}!3\xef\x81\xf9a\rUR\x14\x9cJ\xc2>y\xc6\x06\xdd\x8a*\x0b;&\xbd65\x80\xd0g*\x17\xd4\xb6v\xd07\xe2N\xba$r0#\xc1\x8f\t"\x8f_uX\xf6\x1d\xc4\xf2]\xb0\xe2\n\x9c{HoY\x92\xcb\xd8\xe0\xe4F/~\n\x0e\x87\xf9<\xca}\xeb\xb3#\xd7\x03\xe6\xf7\xc39\xc7"%I\xe7>6\x13\xb1\xab\x0c8\xe7rs\x16\xfcx\xc7\xe4\xd4%d\x9e-\xca$^\xfa\x94>\xed\\\xf7\x86\xe5I\ty\xfc\x17\xe1mC\x10\x19z\'}F )Vy\x87\xa60fx\xbb\x9f\x93\x84`\x0c\x9fz\xc2\xb0\x8a\x11dk\xfc\x8b%\xf4\xbd58\xd8.T\x9c\xda\t\xcf\xb8S\xc4\xc0\x08d\xd8\x95\x9b\xa9\x1c\x9b\x1c\xdb\x19\xd6\t[\x9f&\x8f\x96\xf3\xc57\x88\x07,R\xb7\xf8\xeaK\xaf\x897\xd1.J\xf5\x9b\x1c$+\xb6\\\xff)\xb5^T\x0c\xc5\xaaKUr\xad\x93\x92j\x12xmdy\xa3I\xe9;K\xdb\xfe\xc1\x06W\x9f\xd8^9\xc8\xaem\xb3C\x10C\xdbtW\xd4\xc6\xd7\\fV\xca\x12\xe0h\xe5y\xdb\xf5V\xf2\xe4y\x90\x03\x9f\x86S\xf4\xbb\xf4\xc5\x0e\xd2\xe8]."\x00\xb5\xb6\xf7M\xeb\xcfi\x83\xe2\xb1\xc2\xdf\xef\xafL\xbeyN\xe7\xa3\xb4*x\xcfv\xe9K\xb8\x13\xc3{(\x00\x18\x16ZC !\xac\x98\xa2\x10\x92\xd7\x88Z\xc6\xd7\x10\xd8\x8d/1O \xb0\r\xcf\xd0\xcc\xad6z#I\xda%\x061q<\x19\xf4\xa3/\xe0\x0e\xf7\x98\x89^&\xb9d%\x1a\x8a\x8fTL\x92b\xc4\xa5#wzJt\x85xP^*\x82\xaeL\x04\x8b\xc9_\'\xb4\xb4\x95\xb32\xf78\xd9\xc2\x13\xb5\x89\x96/:A*\x91\xfc\xe8\x19lr\x9c:J\xe3\xf0>\xe2\xa7n\x856\x8c\x8e\x94\xdf$\xcd\r\xb1)*=."\xed.\xc8\x18\x0f\x80\xdeR1\t\xbe0\xfd\x93\xd8X\x9bn.\xbfnG\x1fae\x1d\xc1"\x98\xa4\xb1\x011\xa4\n|\xbc0\x11\x9b\xf3\xcb\xe2\xaf7\xf4h7\x99-\x11>,=\x83@d7~\xa8\xe2\xf2\xf7\xc9\xca\xba[\x81\xa8m\x85\xf2Oj>\xb2\xc6\xb9p\xfci\xd2A\xeb\x87\xb1WBhbe\xfb\x04k\xd6~\x88\xda*\x19\xbd$\xff\xbe0\xbe\xfeS\x9e\xca|\x1a\xe2\xfd\xa8g\x9c\xd2\x01\xb5`f\x07H\x99\x02\xf62u\xbb|O\x82e8\xa1r\xe4\xbed\r5L^W\xe6\xf4\xe5$)F\x04\xbf7\x8c\xf9\x07\xdfu\xedu(JhY\xbd\x0c\x0e>\x0epA\xfa|\x86\n\xf9\xdd)\xd5\x94\xa7\xda\xfbn\xe7R6T\xa1V\x1d\x96s\x1faX9\x92\xca\x9a|\xb6\x9e\xcc\x8d:3\nyw\xe9\x01_\x83\xc4\xf5\xfcx\xed9H2\xc5\x9e6\x82\xb6\x12\x159n\xc3\xa5\xdei\x85\xac\xe2 9|\x19\xdc\xd5Gr\xfbD\x96\x1a\xa5\xbc\xa4\x9f9\x1f\xf4\xaa\xd7\x11C?\x03i|:\xa8\xbe0\xf3;/\x16\xca_\x0exZ\xa3\xd0\xd4\xa0=!\xbe\xc2\x811pC\xf7dv\xf7\n4\x11\xf8@\xefB\xac\xda\xa7\xd7\xb2(\xbc{\xd6%H\xa1#_\xd8\xca~1\xafV*\xe6s\x1dh\xc5\xdf\xbci\x9f\xccu\xff\\8\x8b#\xa5$\xcc\x81\x99D\xa4^\x8d\x1akb\x03\x1b\xd3\x98\xe7\x13*\x94\x12\x15c\xb4l w\xe9uk\xeam^\x99!\xe0>\x8f\xa7\xeb\x1a)\x01\x82\xc3#\x93\xa6\xa4\xe9\x11\xf0zg\xe8Z\xcdH*\xa9H\xeb\x8e\xc6\xc0\xec\x92\xbf\xa4\x98\x05\xd5\x19\xf6_T\xb7BS\xbd\xab\xa6X\x89\x7f\x92\xf8\x7f\xe1\x8e\x84]\xf8\x01\xa5\\\xc1\xf6\xc2j\x11g\xcf\xfe\xb9\x86\xf2\\#/\xfaU\x15\xe4\xdc\x13\xda\xdd4\xfbG\xe5\xc5o\xf8\xd6}\xe1\x8aad\xe5\xccY\xd8^(\x1a\x9c\x07e\x83i+q\xc8`\xfe"\xa4Yf\xc2y\xb5\xe7\xd66\xc0\x9a\xcb\xbcu\xae\xbf\xf8\x88\xeb\xdfV\xa6:\x1a\x9e\x1f3z\xbf\x95ubJ-pE1\x7f\xf7\x1e\xcd\x82\x08\xaa\x01)o\xb5\xc9\x9f\xb2r\xd43\x15\xf1u\xe1\xc6\xb4\xd4\x07U\x0b$\xde\xfd\xed\xd5_(\xfb\xa6*\xe5\xb1\x9d\xe6\xec\t\x1f$B`|\x005\xe8I\'\xf8,\xf5\x04\x9b\xed\xe5;\xc3\xcd\xfb\xc6YJ\xfdI\x19\xd93\x94\x9b\x1aMK\xc7\x99\xc2Jy \xdc"\xec\xbe\xa2}1\xe4\xf2\x95\xe8\x91o\xfe2\x19R\xccVt\x16\xe0\xc4\x05]\x9e!\xd3\x81\xe0kX\x11\xf8\xc9mV\x88\xe7)\x1b\xb5\x11\xe6L\x12\x94VX$\x96\x0f\x07\x02\xb8n\x14\xb4\r\xad\xb0\x93n\xeb\xcb\x94\'\x10u\'\xe8\x8d\xd6\xcb\xb9)\tt\xb9\x94\x13\x8bm\xcd \xbf\x86\x88\xae\xba\x94i\x86\x1f\x11`aC\xdf8\xb1\x16"p\xf9\xbfe\xaay\x12#^\xaa+\xe0\x8f5\x12\xc2h\x11\xb4v\xef\xd4\x9aF\x92W[-\xcd\x18?v\x064\xccN\xa0\xc4\xd0\x7f6\x82?\x7f*\xcc\xae\xd9\xa4U\xc5l\xe9\x90\x88&k\xa7\xef\xae\x16\xca\xecC\x10\xeb\x92\xf6Y\x05\xf6\r;E-+L\xf9\x81\x11]\x94\xeaO\x92&\xb3\xbc?R\x9b\x11\xa6\xf6\xab_0\xf8\x13\x8b\xe3\xc9\xf4\x163\xd3Z%\x96\x80\x92\xd6?\xec\x00\xa2\x84\xa6\xfd\x83\xeb\xachVaG\xbe\xcf\x19\n6\xd9ao\xc9\x8fW\xe9W\xaaK\x18\xfe:\x02\x11\x9d\x98\xfd\xe3\xc22=\xad\xe1\x8a\xdbn\xfb\x0c\xc4\xf4\x17#\x1a\x18q\\\xa9qm\x1aP\xf1!\xd7\x953\xe8\xa7kQ\x15\xa4q^TC\xc3\xcb,u\x86\\\x17\x83\xa8\xec\x00\x0f\xbb\x89\xfb\x1d\xab\xb8/t=7\xa2\xa5\xa0\x81\xfb\xf1\x7f\xf0r\xe5\xb7`\x9a\xce+\x18\x17\xa6\xd3\xabd:\xa1z\xa5\xc9\xcd\xf3\xe6\xaf%\xd6H\x85y\xd4e\xbd\xcc\x01\xa9\x94\xaa\xa7fAKQ\xc9\x99\xac\xf2R\xff\xaf\xc2\xa8\x14\r\xba\xad0\xb9\xf2\xe2\x977\xbe\xd7\x1b\xcf\x90w\xf75D\x12\x89\x189\x9d&\xce\xf8\xc2\xd4\xafU\xf9\xf7\xe0\x9f@Kf\xf8mZ\x18\xfa\xde\xd2\xce\x1dD\'\xcc^\x8d\x12\x99V\x94\xe8\'\xfeS-;\xd8\xcd\x8d>\xd9A\x08\xc9\x84\xc2[^\x99\xfd9i\xc0\xfa2\x11\xb6\x052\xe9\xc0W\xce*u\xc9]Zdp\x14\xca\xd4\xf8\xa7p\x12\x19\xe0\x0f\xb8\x04\x95\xcf\x1a\xbdp\xae2\xef\x86\x91\xff\x9c\xeds\xd7L/'
tbI624
I0
F0
tb.