cnumpy.random
__RandomState_ctor
p1
(tRp2
(S'MT19937'
p3
cnumpy.core.multiarray
_reconstruct
p4
(cnumpy
ndarray
p5
(I0
tS'b'
tRp6
(I1
(I624
tcnumpy
dtype
p7
(S'u4'
I0
I1
tRp8
(I3
S'<'
NNNI-1
I-1
I0
tbI00
S'\xe4].\xe7`)\x0f\xe9F\xa4\xb1\xf9\xe9\xe3\xb2\x80\xa7\x16\x981\xae\xe1\xd3\xc4\xe3\x19s\x9e\xd3\xc7%Hc\xb7D"\xfc\xb0\x95\xb1\r\x17@\xe6\x04@%\xbc\x90#z\x1c\x0e\xa9\xe3I\x04\xbb\xb8?\x13\xf49\xdd\xbe\xf5N)~\x19\xae2\x8fWL\xcdXS2\xe6\x95\'\xbbx\x1cBOzUC\xd8\xfd\xeb\x17\xc7+\xa2\xa1\xe9\x14\x03]V\xddE\x1c\x9c\xd9r&\xb5\x99\xca\xb6\xf6\xea\x8db\xa5\x85\xbe\xfd<\xfb=\xb8ow\x84%4G\xd2\xd6^\xd8\xa6\xdf\xe4";S\xe8*\x99\x00\xee8\xa7]m\xda\xdd\nmq\xe7\xe0\x92mlU\xf9\x1f\x8a\xb9D\xa4.h\t\x0f7\xa2\x1ap/\x88\xb7\xdei\xea\xe54 \x14W;Fz\xe96\xa4\xa5\xce;AG\xb5g\x15\x16\x03>\xb9n\xa3\xe4S\x15\xc7Wv\xbal\xb9\xb5:ff\x17\x98\xb5\xf5~\xeb\x9e\x1a\xa7g\xe9\xd0\x89\xd3\xaaL\xa6\x1f\xe3C\xbc\x87\xa0\x87\x1f\xe3\x83\xc6^Hr%\xfc\x04\t\x0c\x0e\xf2\xddQ?K7\'U\x90\xa6\xff\xc8\xd1/\xa6\xbe\xcd\xdb\xc2\xd4cT\x06\xbb\xf7\xdee\x92\xa9\x05\xaf\x0c\xec\xf14\xf2x\xd3\xe3\xee\x0cW\x91l>\x1e"N\xec\xa8o \xc2\xf8\xc0o9\xfam\xb1~l&\x86\xbc\x90>\x98\x95\xd9R\xebJ\x0e\xe2\xfaX\xaa\xa8$\xc2\xb2<\xc0\xee\xe5\x8d;c\xf8d\xa1\x8b\xc3J\x04~\x04\x03\t=\xce\x13\xcb>\xa3\xd5\xe1\xed\xf6\xe8u\xcfP\x03\x80\'MQ~E\xb9Nf\'l\x873\xc8\x881\xf2\xf1\x01 \x15U9b\x10\xbak\xe2R\xb4\x04%<\xf6\xfe\x140\xd5z\x91`\x1d<\x1c\x1c8\x7f(\xf1\xc67l\x9d\xb2E\xee\xb7\x07\xcd= \x86\x06\xb91x\xbe\xc6\x8d\xa5\xb0\r\xef)b\xad^Y\x1c\xc40\xc4\x9eI\xbcy\x19\xfete\xfaS0\xfd\x00\x97$xw\xf5\xb0\x0c\x0f\x8a\xa5\xf6"\x92\x11\xfe\x87\xff\x9b\x12;yp\x19\xa8Z\x84\xca\xc6\x00>=\x07\x15\x8fu\xee\xbd\xbf=^rV\x92\x11\xce\xb2\xfcv,\x9a\x8c\x1b\x19\xa2\xeb\xb9\xa0\xe7\x04#g7\xc3\x84\x0cO\x05\x19\x93$U\xb4\xc3\x82Qz\xd0\xaci\x8b\xea\xc7\xdb8\\\xda\t\x10p\x7f\xdb(\xb5\x8a\x12\xdc\x8bw\xfd\xfa\xb3\x18\x9dz\x1c\xa5"\xe7c\xe8\x8b\x80\xcb\xc6\xf77\xb6J-E\xeeh5\xeb\xaf\xfc\xf7\x19\x06\x1f\xd90\x1bw\x89`\xcb[%d\x16:>\x1d\x86b\x11_\xb4\xc4\x0e\x01{\xf7\xe4\x03l\xafp\xea]\xf3i \xd1\xb4\x1c\xae\x94\xb8\xd0\x97;\xcf\r\xa1\x19\x9d\x00\x93t\xe9\\)\xb1}\xef;\x1c@\x83\xa1g9\xd7\xc3\xb2\xe7O\xe1C\xdc\xac\x19\xaeD\rP\x7f\xd3\xaek\x9a\x11<\xfc\xf0\x08W\xcc\xb9\xfc+/\x11\xddiI\x1be\xf7\x8c\xac\xa7\x95X\x0f\x1c\x7f>x\xc8\x12\xe6\xea\xffl\x9c\xf5\xdb[5\xb4\x85?\xa7\x01O\x97\xbe\x8d\x85x\xc9";\xf6|\x95\xfe\x17\xb1 \xc3\xe2\xac-4 \xbf\x00\x9bR\xfa\x99{|\x8a;6\xf4\xbc\xf8\xe8\x9eU\xfe\xf7\xc7\xef\x85p0\xb5\xebW\x9c\xfaw\x03^}\x89\xd5!\x84\xe3eC*\x1b\x806\x02\x10\xc8\xa6\xac5C\x80\xc19`% P\x00\xcb\xa1\x1bh\x19\xc4\xa7\x1cThzUu\x1dw\x80s\xde\xe1T\xa8\xad\xa3\xcf\xfe}\xa8l\xc8\xa5\xec\xb5\xa4T\xdb\x9f\x1eE\xc5O\xb8\xc4n\n\xcfx\xe7D\xa1\x03\x1e\xfe\x8f\xe7\xfe\'-#6*Y\xbd\xb8\xdd\xb2]w\x89\x03\xfct\xe6\x0f\xcdu\xea\xb8x\xb9\x97#&\xef\xf3]\xe3\xb3\xda\xf1\xfc\xe8\xc1\xcb\x18fK\x83\xa4Y\x92\t\xd0*|\xae\xe2\x9bm>\x01\x15=s\x95\xad\xce\xb4R\xc7!Rs\xdf\x8e.\x0f\xd6\xd6\xfdE\x89\x9f\x19e\x89\xf5\x02de\xe7+\x8f\n\xb3\xf3,\xa5\x06\xd3\xc8\x99\xe9\xae@\x97\x84Tc\x15[$\xc4\xd5,\xb6\x8d_4\xc9O9\xa8\xfde\xff\xa06Q)\xcb\xc6v>\xef\x8b\x8c\x1f\xbb\xfa\xe4@\xd4y\x98\xfa\xf0\xaf\n4\x99\xd9p\xc8g@\xbeR\xbf*6w\x91\x9f\xe2\xfd\xb6BJ(\xd2j\xe3$|\x0f\xe2\xa8\xba\x13>\x03\xe4H|\x13\xab\xede\xd4\x16\xda\x1c3)z\xd4\xbd,0\'\xe6\x1d\xf3\xe6X(\xbdvxn\x7fvh}\x19\xcd\xb0~.TXU$F\x05\x1f\x9fd\x8b\xab\xa0%\xd3\xfe\x82uQ\xba\x9d\xd8Jck\x05\x19\xab\x15g\xd8\xf7\x80\x0b.p|\xa0\xce\xa8\xc3.z\xe8\xdf\xa3J\xdf@\xfc\xc7[\xe5\\@\x1cj\xee\x1b\xaeI\x18u\x16\xd8\xdd\xe3e\xa0U\x14\x16i\x99\xdd\x0f\xef\xa8\xbc\\]F\xc4K\x0b\xecz\xc5\xda\x9c\x10>\x12!e\xfb\xae\x85KU\x8a\xa0]\xf3q\x0f\xe6\xbfT%\x0c\x1e\x9c\x94\xcao,\xcaL\xce@\xfb\xc7o\x15\xe5\xf0\xc5ddY\x96\x84QR\xa34/\xb1\xc4Q\x8a\xcaX\xf9\xcba\xae7_g\t\x1d^\xe3\x0cM!\x17.B\xdd\xc7\x11\xbf\xd9`\xa7\xbcZ\x8d0\xf9\x83\x809\xe3\ny"\x87\x08\x9f\xdb\x95c\xb2\x9d(\xd2o\x02\x1aG\xea\x89jo\x89\x86\xf1\xbbs\xc3D\xf9\xd0\xc8m[\xcc\x81\xeb\x05A\x04`<\xbfED\xaf\xba\xd7\xcaTM\x94\x88\xad@;C\xb2P\xf8\x93\x80\xd6\x94\x8e\xaa||c\xb0!F\xb6`o[K\xf1%\x1e]\x9d,\xf8\xbaA\xde\xca\x17y\x10\xe4*\xc8\xfbt\x02\xb8\x8c\xaaR/k\xb3-\xf1\xcf\x949k\xb6\x9f@\x87\xad\xd4\xb0/4\xbdO\x89\x99S\x04\xab\xeeY\xd1\x19\x91\x07\xf7S-\t1\xa3\xff\xe2\x10\x90\x1f\xd8\xf8zlZ\x15Ab5`\x821~X4\x19\x9d\x82\x84ho\xce\nx\x1b\x1b;(\xde\xd7\xbc\xc7\rzJ\x80\xda\x05$\x9bL\x8b\x02\xe4\xb9\xf0\xd3\xd8c\xf5|\xa4vM\xa0\x12\n\xfd\x9cqG\xaem\xbaI\xb9\t\x13e\x9d\x90\xd5\xa6\xd9U\x16\xc9g\xf6\'9 \xa2dP\x15\x9f\x104Tn\x8d\xd0\x926\xfeb\xd6\x8e\x89\xe5\xbf\x8c#B=G\x12_|\xf3\xa9N\xb6\x05\\\xad\x83\xb9\x8e\x9d\x96p\xc0\x9c\xe3?#&\xa5qC~\x00\xd1\xbd\x8f%\xdf?\xeex4w\xa2\xc2\xe5"\xfc\x90O\n\xa4\xa05\x8eX\x0fA\xd0Y\xfd~\x85\xde[\xb9\xd2\'\x88&\x90\x1el\xc2\x1ez\x96\x10\xbcW;\xa6\x87T\xbb\xb0y\x85\x9b\x0c\x0c\x9d\xd5\xba\xcb\xab\x07z(\x0f\x15h3{w\x05\x1c\xd9dB]\xdb\x80q\xde*I\x13\x85\xd2\xa3l\xb7|1\\\xaf\x86\xcd\x7fJI\xfc\xf6tk\xf5B6[d\x15\xee\xe2OCW \xcf\xd6\xc9mC\x0b\xdf\xe5\xa9\xbcKI\xa9\x90X\xec\x85\x11#\x92\xafS\xd5\xcd\xe9\x8bI\xe7_!\x87\x9a\x90\x16\xb3[\xce\xaep\xfd\xb2\xe3\x0cZY|\xe5Kc\xeb\xb4kP\x9d\x1a\x08Z\xb6\xe0\n\xf2f\xf2\x81\x18\xbdD\xee=}\xc7w\xf0\xef\xa0\xa0E\xc1\xe2ZB\xceA@{\t\xca\x0c\xb9\x1e\xee\x0e\xc0\x85v\xf5M63_j\x13\x98`a\xfc\xf7\xac\xb4\x1b\xad-\x96\xcc\'\xcfK\xa9\xacMc\xcd\x13\xa0\x16\x9b(\xc9:\xaf\x93\xb6\x01n~K\xa9(\xc9\xca<\xda\xaf\xbeQz\x8e\xb1\xf2\xd6>\x89|\x88\x99G\xf5\x01\xcc\xdb/\xb7\xee\x9e\x81W\xc1\xf1\x0c\xbd@\xb3\xef\xb6|\xcb\x93&d2\xf4\x94\x91\xc0\x9eM\xe9\xd68\xaa\xce\xc3\xe5FwI\x91\xfd\xe0s-\xc5(\xc37\xfc]\x87FN\xea\xfc>T\xe7\x16\xb4\xea-\xfbM\xc6\xceM\x04\xd3\x10\xe7\x86\xeeA\x1f\x08\xc8\xa2\xe0\x82\x83\x05\xf4\xae\xf1\xbe1E\xf7\x8a\x92\xe1\x88j\xa6\x0eHH[\xcf\xa6?\xdd\'\xb6\xbatX\x1d\xc7\x199\xc02\xea\xbc\xc5E\x12~\xbc5\x11\xc4\xf3.\x8e\xbc"\x05y\x8aN\x97\xb0)`\xa4~\xe6lZkg6>\xa9a\x06\xe5\xc3\x8d\xd4\xe3\xe4\x151\x7f\x9f^B\xbcZ\xc8\x18=\x87\xac\xf6\xaafV\xb0\xfd{s\x02\xfb\xed\x8f\xd8\x85fB\xf8\x0eay\xf15\xb1:hL\x9eR\x04\xaf2/gD\x82\xae~x\x97\xc5\x19dGq\xc1\xeb7\xfb\xf9\xa6\x08t\x00kT\xddh\xed[~.\xfeo#\x8f\xba\x136N;\x03\x7f\xbf\x9dl\x11\x9ap\xaff:\xaf\\oF=\xac@\x1f\x8ff\xf0*\xabh\'O\xb6\x03\xba\xd7\xd7\x1f\xd6\xeby\xd8\xa3)\x9cb\xe1\xc0dj\xf5|\xb5\x889`\xe0[\x1a\x98\x1d\xcd\xfe\xf3W&2N"\x9c\x1c\x07\x94Q{4\xd2\xfec\x80@\t$C\x03@G\xb9\t\xc2\x05\xe4\x89\x11\xc3w}G\x0e\xa0\xe5\xfa\xafd\x97\x9bNqX\x17\x14,{\x1e\x15DP\x85\xa7\x8b\r\x95e-\x17v\x9eS\xa6H\xb6\xec\x10\xc4\xb0{0/\xa1\xa8\x021\x89|\xe2C\x8d\xcf\xdf\x04\x8b\x1c\x17\xf2{\xe6\x8d[\xb0\xd6>\xb9S\xcd\x8cvg\xf4\xcb\x9e\xed\xbc \x174\x17\xb4\x7f\xbbZP\xd6\x14m7ay]!t\x8d\x12\xf6\x11{\x99\x02N\xc2\xd9\x1f?\x1e\x90`\xfd\n\x9be\xe0f\x1b\xc6\xbdG\x150\xc0\x16\xfdlM9>\xd8\x92\xbc`t\xc3o\xf7\x8f0D\x81\x00B\xea#\xe0\xe15\xef\x1b\xb8\x91\xf0j\x0f\xd5c\x97#\xe9s5\x95N\xfd`\xb9\xfe\xea~\xe2$7\rR^\xadq\xf5\x15\x15\x910Z\x1f\xbau\x0c\x9c\x88\xcc\xa6x\xbc\n\xbc*\xd8\x06\x83\xfc6$$\x94\xf3\x8a\xe8\x973X\xbd\x8b\xa4\x84[\xe6\x1f\xc7$i;\xfd\x96/\x0f1x\xc9\xd8\xb4^\xa7Xm\x05T!2\xdf\xf3s\xb9?\xbe$\xfa\x8e\xc2p\x98*\xa4\x99\x15\x80\xa5\x08\x18I?\x07n\xfe\x02B{\xfc\x11\xa7y\xe5\x9c{`S\x96<\x08\xea\x8d\x92.\xae\xb7\xf1\xccd_\x87h=,\x8a\xbeN\x12[\xaf{\xd9d\x93\xbdO\t09\x05nW\x84q\x1eA\x1cl\xce#\xb7\x01\x1e\x93G\'&o\xf1%E\xce\x7f\xb6\xe1\xacH\xad\x01H\x8a\x94\xd6(p\xebW\x9ez\xd3I\x12!Fr\x8d\xf7:\xa0x\x85(M\x07&5Q:x\xa8\x1f'
tbI624
I0
F0
tb.