# time 	 divergence 	 # of mutations 	 # IGC chances 	 IGC length 	 # IGC failures 	 Changes due to IGC  	 % change due to IGC 
0.0	0.00613496932515	0	0	0	0	0	0.0
0.000210644541615	0.00613496932515	0	1	3	0	0	0.0
0.000439930281468	0.00613496932515	0	2	3	0	0	0.0
0.00105713076997	0.00613496932515	0	3	3	0	0	0.0
0.00109794537811	0.00613496932515	0	4	3	0	0	0.0
0.00138835120502	0.00613496932515	0	5	3	0	0	0.0
0.00184603421371	0.00613496932515	0	6	3	0	0	0.0
0.00198837537272	0.00613496932515	0	7	3	0	0	0.0
0.00247556665285	0.0040899795501	0	8	3	0	1	1.0
0.00249376113283	0.00613496932515	1	8	3	0	1	0.5
0.00283437312414	0.00613496932515	1	9	3	0	1	0.5
0.0028720691081	0.00613496932515	1	10	3	0	1	0.5
0.00314475540668	0.00613496932515	1	11	3	0	1	0.5
0.00331557738335	0.0081799591002	2	11	3	0	1	0.333333333333
0.00388728859773	0.0081799591002	2	12	3	0	1	0.333333333333
0.00392469547951	0.0081799591002	2	13	3	0	1	0.333333333333
0.00394494697373	0.0081799591002	2	14	3	0	1	0.333333333333
0.00401299001165	0.0081799591002	2	15	3	0	1	0.333333333333
0.00406234183456	0.0081799591002	2	16	3	0	1	0.333333333333
0.0047965866449	0.0081799591002	2	17	3	0	1	0.333333333333
0.0048414250711	0.00613496932515	2	18	3	0	2	0.5
0.00491591355741	0.00613496932515	2	19	3	0	2	0.5
0.00530926757426	0.0040899795501	2	20	3	0	3	0.6
0.00538900937006	0.0040899795501	2	21	3	0	3	0.6
0.00558050127884	0.0040899795501	2	22	3	0	3	0.6
0.0057556415014	0.0040899795501	2	23	3	0	3	0.6
0.00579363019742	0.0040899795501	2	24	3	0	3	0.6
0.00622447877207	0.0040899795501	2	25	3	0	3	0.6
0.00624817501122	0.0040899795501	2	26	3	0	3	0.6
0.00634062426553	0.0040899795501	2	27	3	0	3	0.6
0.00650643795611	0.0040899795501	2	28	3	0	3	0.6
0.00670868944237	0.0040899795501	2	29	3	0	3	0.6
0.00692379969123	0.0040899795501	2	30	3	0	3	0.6
0.00698444388047	0.0040899795501	2	31	3	0	3	0.6
0.00732636463929	0.0040899795501	2	32	3	0	3	0.6
0.00739061883299	0.0040899795501	2	33	3	0	3	0.6
0.00763500851172	0.0040899795501	2	34	3	0	3	0.6
0.00774344039061	0.00613496932515	3	34	3	0	3	0.5
0.00833951997363	0.00613496932515	3	35	3	0	3	0.5
0.00834031104437	0.00613496932515	3	36	3	0	3	0.5
0.00843508057761	0.00613496932515	3	37	3	0	3	0.5
0.00918076929783	0.00613496932515	3	38	3	0	3	0.5
0.00958787660498	0.0040899795501	3	39	3	0	4	0.571428571429
0.0096845513606	0.0040899795501	3	40	3	0	4	0.571428571429
0.0103708972987	0.0040899795501	3	41	3	0	4	0.571428571429
0.0104163007805	0.0040899795501	3	42	3	0	4	0.571428571429
0.0105801035554	0.0040899795501	3	43	3	0	4	0.571428571429
0.0107510987485	0.0040899795501	3	44	3	0	4	0.571428571429
0.0110244077857	0.0040899795501	3	45	3	0	4	0.571428571429
0.0110806724663	0.0040899795501	3	46	3	0	4	0.571428571429
0.0111540375457	0.0040899795501	3	47	3	0	4	0.571428571429
0.0115844397172	0.0040899795501	3	48	3	0	4	0.571428571429
0.0116418162604	0.0040899795501	3	49	3	0	4	0.571428571429
0.0117239494626	0.0040899795501	3	50	3	0	4	0.571428571429
0.0118082143523	0.0040899795501	3	51	3	0	4	0.571428571429
0.0123692038325	0.0040899795501	3	52	3	0	4	0.571428571429
0.0124992182749	0.0040899795501	3	53	3	0	4	0.571428571429
0.013337960523	0.0040899795501	3	54	3	0	4	0.571428571429
0.0135632374712	0.00613496932515	4	54	3	0	4	0.5
0.0136706387764	0.00613496932515	4	55	3	0	4	0.5
0.0139892380793	0.00613496932515	4	56	3	0	4	0.5
0.0142828778495	0.00613496932515	4	57	3	0	4	0.5
0.014506157353	0.00613496932515	4	58	3	0	4	0.5
0.0147512899941	0.00613496932515	4	59	3	0	4	0.5
0.0152530772206	0.00613496932515	4	60	3	0	4	0.5
0.0152723914195	0.0081799591002	5	60	3	0	4	0.444444444444
0.0152857471648	0.0081799591002	5	61	3	0	4	0.444444444444
0.015559836596	0.0081799591002	5	62	3	0	4	0.444444444444
0.0156211051761	0.0081799591002	5	63	3	0	4	0.444444444444
0.0162493351545	0.0081799591002	5	64	3	0	4	0.444444444444
0.0163630308757	0.0081799591002	5	65	3	0	4	0.444444444444
0.0166086764406	0.0081799591002	5	66	3	0	4	0.444444444444
0.0168682539589	0.0081799591002	5	67	3	0	4	0.444444444444
0.0169482564448	0.0081799591002	5	68	3	0	4	0.444444444444
0.0170907938191	0.0081799591002	5	69	3	0	4	0.444444444444
0.0182208988215	0.0081799591002	5	70	3	0	4	0.444444444444
0.0184608864925	0.0081799591002	5	71	3	0	4	0.444444444444
0.0184620309186	0.0081799591002	5	72	3	0	4	0.444444444444
0.0187141423692	0.0081799591002	5	73	3	0	4	0.444444444444
0.0190552147722	0.0081799591002	5	74	3	0	4	0.444444444444
0.0192706554542	0.0081799591002	5	75	3	0	4	0.444444444444
0.0198248016783	0.0081799591002	5	76	3	0	4	0.444444444444
0.0207385771994	0.0081799591002	5	77	3	0	4	0.444444444444
0.0207420075575	0.0102249488753	6	77	3	0	4	0.4
0.020907599417	0.0102249488753	6	78	3	0	4	0.4
0.0209390810878	0.0102249488753	6	79	3	0	4	0.4
0.0217019106617	0.0102249488753	6	80	3	0	4	0.4
0.022501998341	0.0122699386503	7	80	3	0	4	0.363636363636
0.0226755835081	0.0122699386503	7	81	3	0	4	0.363636363636
0.0228815449497	0.0122699386503	7	82	3	0	4	0.363636363636
0.0229764787487	0.0122699386503	7	83	3	0	4	0.363636363636
0.0232951786863	0.0122699386503	7	84	3	0	4	0.363636363636
0.0233951588712	0.0122699386503	7	85	3	0	4	0.363636363636
0.0234023093083	0.0122699386503	7	86	3	0	4	0.363636363636
0.0234157540525	0.0122699386503	7	87	3	0	4	0.363636363636
0.0234367491704	0.0122699386503	7	88	3	0	4	0.363636363636
0.0235801673736	0.0122699386503	7	89	3	0	4	0.363636363636
0.023716406826	0.0122699386503	7	90	3	0	4	0.363636363636
0.0237296320147	0.0122699386503	7	91	3	0	4	0.363636363636
0.0242476939155	0.0122699386503	7	92	3	0	4	0.363636363636
0.02445683609	0.0122699386503	7	93	3	0	4	0.363636363636
0.0253208146106	0.0122699386503	7	94	3	0	4	0.363636363636
0.0253829311848	0.0122699386503	7	95	3	0	4	0.363636363636
0.0259972919694	0.0122699386503	7	96	3	0	4	0.363636363636
0.0260533189149	0.0122699386503	7	97	3	0	4	0.363636363636
0.0264191439183	0.0122699386503	7	98	3	0	4	0.363636363636
0.0268766903865	0.0122699386503	7	99	3	0	4	0.363636363636
0.0269004551502	0.0122699386503	7	100	3	0	4	0.363636363636
0.0276447094267	0.0122699386503	7	101	3	0	4	0.363636363636
0.0278079529411	0.0122699386503	7	102	3	0	4	0.363636363636
0.0281971435634	0.0122699386503	7	103	3	0	4	0.363636363636
0.0282618494998	0.0122699386503	7	104	3	0	4	0.363636363636
0.0283042224752	0.0122699386503	7	105	3	0	4	0.363636363636
0.0286516028569	0.0122699386503	7	106	3	0	4	0.363636363636
0.0289717714813	0.0122699386503	7	107	3	0	4	0.363636363636
0.0299284133334	0.0102249488753	8	107	3	0	4	0.333333333333
0.0302438808791	0.0102249488753	8	108	3	0	4	0.333333333333
0.0302967653464	0.0102249488753	8	109	3	0	4	0.333333333333
0.0303918800803	0.0102249488753	8	110	3	0	4	0.333333333333
0.0305570486552	0.0102249488753	8	111	3	0	4	0.333333333333
0.0306106426064	0.0102249488753	8	112	3	0	4	0.333333333333
0.0306213927619	0.0102249488753	8	113	3	0	4	0.333333333333
0.0306936859929	0.0102249488753	8	114	3	0	4	0.333333333333
0.0307783246383	0.0102249488753	8	115	3	0	4	0.333333333333
0.0310091435895	0.0102249488753	8	116	3	0	4	0.333333333333
0.0312552079518	0.0102249488753	8	117	3	0	4	0.333333333333
0.03132467287	0.0102249488753	8	118	3	0	4	0.333333333333
0.031500258137	0.0102249488753	8	119	3	0	4	0.333333333333
0.0315616651386	0.0122699386503	9	119	3	0	4	0.307692307692
0.0322610790735	0.0122699386503	9	120	3	0	4	0.307692307692
0.0324469242149	0.0122699386503	9	121	3	0	4	0.307692307692
0.0326141290209	0.0122699386503	9	122	3	0	4	0.307692307692
0.0329309175543	0.0122699386503	9	123	3	0	4	0.307692307692
0.0330191491432	0.0122699386503	9	124	3	0	4	0.307692307692
0.0334550115	0.0122699386503	9	125	3	0	4	0.307692307692
0.0337526726468	0.0122699386503	9	126	3	0	4	0.307692307692
0.0350862092067	0.0143149284254	10	126	3	0	4	0.285714285714
0.0355234314907	0.0143149284254	10	127	3	0	4	0.285714285714
0.0355752741204	0.0143149284254	10	128	3	0	4	0.285714285714
0.0356924220057	0.0143149284254	10	129	3	0	4	0.285714285714
0.0361821193085	0.0143149284254	10	130	3	0	4	0.285714285714
0.0365473189768	0.0143149284254	10	131	3	0	4	0.285714285714
0.0366962030991	0.0143149284254	10	132	3	0	4	0.285714285714
0.0372216153421	0.0143149284254	10	133	3	0	4	0.285714285714
0.037401994659	0.0143149284254	10	134	3	0	4	0.285714285714
0.037785470464	0.0143149284254	10	135	3	0	4	0.285714285714
0.0377882500564	0.0143149284254	10	136	3	0	4	0.285714285714
0.0380851356148	0.0143149284254	10	137	3	0	4	0.285714285714
0.0381047172984	0.0143149284254	10	138	3	0	4	0.285714285714
0.0381109908404	0.0143149284254	10	139	3	0	4	0.285714285714
0.0381427153922	0.0143149284254	10	140	3	0	4	0.285714285714
0.0382446506277	0.0143149284254	10	141	3	0	4	0.285714285714
0.0384617394265	0.0143149284254	10	142	3	0	4	0.285714285714
0.0385211588719	0.0143149284254	10	143	3	0	4	0.285714285714
0.0388487487916	0.0143149284254	10	144	3	0	4	0.285714285714
0.0389194645677	0.0143149284254	10	145	3	0	4	0.285714285714
0.0390345124295	0.0143149284254	10	146	3	0	4	0.285714285714
0.039178642024	0.0143149284254	10	147	3	0	4	0.285714285714
0.0392495416765	0.0143149284254	10	148	3	0	4	0.285714285714
0.039269112685	0.0143149284254	10	149	3	0	4	0.285714285714
0.0394202984443	0.0143149284254	10	150	3	0	4	0.285714285714
0.0394818586093	0.0143149284254	10	151	3	0	4	0.285714285714
0.0395233404793	0.0143149284254	10	152	3	0	4	0.285714285714
0.039592891232	0.0163599182004	11	152	3	0	4	0.266666666667
0.0399814874586	0.0163599182004	11	153	3	0	4	0.266666666667
0.0402879994062	0.0163599182004	11	154	3	0	4	0.266666666667
0.0402964109234	0.0163599182004	11	155	3	0	4	0.266666666667
0.0403607504461	0.0163599182004	11	156	3	0	4	0.266666666667
0.0404865423269	0.0163599182004	11	157	3	0	4	0.266666666667
0.0405636579044	0.0163599182004	11	158	3	0	4	0.266666666667
0.0407743829694	0.0163599182004	11	159	3	0	4	0.266666666667
0.0416808816684	0.0163599182004	11	160	3	0	4	0.266666666667
0.0417417119933	0.0163599182004	11	161	3	0	4	0.266666666667
0.0418865584345	0.0163599182004	11	162	3	0	4	0.266666666667
0.0419209965306	0.0163599182004	11	163	3	0	4	0.266666666667
0.0422827487909	0.0163599182004	11	164	3	0	4	0.266666666667
0.042381334826	0.0163599182004	11	165	3	0	4	0.266666666667
0.0424182213627	0.0163599182004	11	166	3	0	4	0.266666666667
0.0426005031669	0.0163599182004	11	167	3	0	4	0.266666666667
0.0427910373186	0.0163599182004	11	168	3	0	4	0.266666666667
0.043657282992	0.0163599182004	11	169	3	0	4	0.266666666667
0.0436896253608	0.0163599182004	11	170	3	0	4	0.266666666667
0.0438976067707	0.0163599182004	11	171	3	0	4	0.266666666667
0.0440721322321	0.0163599182004	11	172	3	0	4	0.266666666667
0.0441375900179	0.0184049079755	12	172	3	0	4	0.25
0.0442753114736	0.0184049079755	12	173	3	0	4	0.25
0.0443145432941	0.0184049079755	12	174	3	0	4	0.25
0.0443800994261	0.0184049079755	12	175	3	0	4	0.25
0.0443858070633	0.0184049079755	12	176	3	0	4	0.25
0.0445171454326	0.0204498977505	13	176	3	0	4	0.235294117647
0.0445906268141	0.0204498977505	13	177	3	0	4	0.235294117647
0.0446645014604	0.0204498977505	13	178	3	0	4	0.235294117647
0.0449379413964	0.0204498977505	13	179	3	0	4	0.235294117647
0.0449425234661	0.0204498977505	13	180	3	0	4	0.235294117647
0.0450119049609	0.0204498977505	13	181	3	0	4	0.235294117647
0.0450388167802	0.0224948875256	14	181	3	0	4	0.222222222222
0.0452417342914	0.0224948875256	14	182	3	0	4	0.222222222222
0.0454079779884	0.0204498977505	14	183	3	0	5	0.263157894737
0.0457371580084	0.0204498977505	14	184	3	0	5	0.263157894737
0.0457811766466	0.0204498977505	14	185	3	0	5	0.263157894737
0.0461726952647	0.0204498977505	14	186	3	0	5	0.263157894737
0.0463594154637	0.0204498977505	14	187	3	0	5	0.263157894737
0.0464301142262	0.0204498977505	14	188	3	0	5	0.263157894737
0.0466111811047	0.0204498977505	14	189	3	0	5	0.263157894737
0.046640616875	0.0204498977505	14	190	3	0	5	0.263157894737
0.0468221833389	0.0204498977505	14	191	3	0	5	0.263157894737
0.0470343932992	0.0204498977505	14	192	3	0	5	0.263157894737
0.0471691362997	0.0224948875256	15	192	3	0	5	0.25
0.0472090631517	0.0224948875256	15	193	3	0	5	0.25
0.0473077879791	0.0224948875256	15	194	3	0	5	0.25
0.0474802991737	0.0224948875256	15	195	3	0	5	0.25
0.0477597027699	0.0245398773006	16	195	3	0	5	0.238095238095
0.0478545557787	0.0245398773006	16	196	3	0	5	0.238095238095
0.0479153206961	0.0245398773006	16	197	3	0	5	0.238095238095
0.0482425514548	0.0224948875256	16	198	3	0	6	0.272727272727
0.0482800509226	0.0224948875256	16	199	3	0	6	0.272727272727
0.0484354081134	0.0224948875256	16	200	3	0	6	0.272727272727
0.0488067558917	0.0224948875256	16	201	3	0	6	0.272727272727
0.0488831454777	0.0224948875256	16	202	3	0	6	0.272727272727
0.0489040479317	0.0224948875256	16	203	3	0	6	0.272727272727
0.0495663353723	0.0224948875256	16	204	3	0	6	0.272727272727
0.0496046876579	0.0224948875256	16	205	3	0	6	0.272727272727
0.0496231304732	0.0224948875256	16	206	3	0	6	0.272727272727
0.0498820039122	0.0224948875256	16	207	3	0	6	0.272727272727
0.0506190958484	0.0224948875256	16	208	3	0	6	0.272727272727
0.0507381501798	0.0224948875256	16	209	3	0	6	0.272727272727
0.0508441950176	0.0224948875256	16	210	3	0	6	0.272727272727
0.0512098969902	0.0224948875256	16	211	3	0	6	0.272727272727
0.05132691023	0.0224948875256	16	212	3	0	6	0.272727272727
0.0513825953957	0.0224948875256	16	213	3	0	6	0.272727272727
0.0516170158101	0.0224948875256	16	214	3	0	6	0.272727272727
0.0523059571125	0.0224948875256	16	215	3	0	6	0.272727272727
0.0524605421115	0.0224948875256	16	216	3	0	6	0.272727272727
0.0526410264481	0.0224948875256	16	217	3	0	6	0.272727272727
0.0526633940655	0.0224948875256	16	218	3	0	6	0.272727272727
0.0527864211096	0.0224948875256	16	219	3	0	6	0.272727272727
0.052868341559	0.0224948875256	16	220	3	0	6	0.272727272727
0.0530403093754	0.0224948875256	16	221	3	0	6	0.272727272727
0.0532341438544	0.0224948875256	16	222	3	0	6	0.272727272727
0.0537790790758	0.0224948875256	16	223	3	0	6	0.272727272727
0.0538987333987	0.0224948875256	16	224	3	0	6	0.272727272727
0.0541150624618	0.0245398773006	17	224	3	0	6	0.260869565217
0.0541877329526	0.0245398773006	17	225	3	0	6	0.260869565217
0.0542345695595	0.0245398773006	17	226	3	0	6	0.260869565217
0.0545635119222	0.0245398773006	17	227	3	0	6	0.260869565217
0.0546887276051	0.0245398773006	17	228	3	0	6	0.260869565217
0.0548952994283	0.0265848670757	18	228	3	0	6	0.25
0.0549016989845	0.0265848670757	18	229	3	0	6	0.25
0.0551697860847	0.0265848670757	18	230	3	0	6	0.25
0.0556390583872	0.0265848670757	18	231	3	0	6	0.25
0.0557090218576	0.0265848670757	18	232	3	0	6	0.25
0.0558156193251	0.0265848670757	18	233	3	0	6	0.25
0.0561931510287	0.0265848670757	18	234	3	0	6	0.25
0.0564441303185	0.0265848670757	18	235	3	0	6	0.25
0.0564686166572	0.0265848670757	18	236	3	0	6	0.25
0.0565972728781	0.0265848670757	18	237	3	0	6	0.25
0.0566254709321	0.0265848670757	18	238	3	0	6	0.25
0.0567021151745	0.0245398773006	18	239	3	0	7	0.28
0.0567412365546	0.0245398773006	18	240	3	0	7	0.28
0.0567698636614	0.0245398773006	18	241	3	0	7	0.28
0.0572381861159	0.0224948875256	18	242	3	0	8	0.307692307692
0.0573724857682	0.0224948875256	18	243	3	0	8	0.307692307692
0.0575225945919	0.0224948875256	18	244	3	0	8	0.307692307692
0.0575730913358	0.0224948875256	18	245	3	0	8	0.307692307692
0.0575877038241	0.0224948875256	18	246	3	0	8	0.307692307692
0.0577607854878	0.0245398773006	19	246	3	0	8	0.296296296296
0.0580731894865	0.0245398773006	19	247	3	0	8	0.296296296296
0.0586987370002	0.0245398773006	19	248	3	0	8	0.296296296296
0.0587271572226	0.0245398773006	19	249	3	0	8	0.296296296296
0.0587646929446	0.0245398773006	19	250	3	0	8	0.296296296296
0.0588411701181	0.0245398773006	19	251	3	0	8	0.296296296296
0.0589957770755	0.0245398773006	19	252	3	0	8	0.296296296296
0.0590159290787	0.0224948875256	19	253	3	0	9	0.321428571429
0.0591764240659	0.0245398773006	20	253	3	0	9	0.310344827586
0.0602637185118	0.0245398773006	20	254	3	0	9	0.310344827586
0.0605426476669	0.0245398773006	20	255	3	0	9	0.310344827586
0.0608724645839	0.0245398773006	20	256	3	0	9	0.310344827586
0.061505960554	0.0245398773006	20	257	3	0	9	0.310344827586
0.0615614153829	0.0245398773006	20	258	3	0	9	0.310344827586
0.0615987861845	0.0245398773006	20	259	3	0	9	0.310344827586
0.0617096126265	0.0224948875256	20	260	3	0	10	0.333333333333
0.0617663588943	0.0224948875256	20	261	3	0	10	0.333333333333
0.0617741052875	0.0224948875256	20	262	3	0	10	0.333333333333
0.0622951624142	0.0224948875256	20	263	3	0	10	0.333333333333
0.0625406746549	0.0224948875256	20	264	3	0	10	0.333333333333
0.0627175112604	0.0224948875256	20	265	3	0	10	0.333333333333
0.0628325273181	0.0224948875256	20	266	3	0	10	0.333333333333
0.0630294192076	0.0224948875256	20	267	3	0	10	0.333333333333
0.063037126092	0.0224948875256	20	268	3	0	10	0.333333333333
0.063095499154	0.0245398773006	21	268	3	0	10	0.322580645161
0.0636068115746	0.0265848670757	22	268	3	0	10	0.3125
0.0637488740995	0.0265848670757	22	269	3	0	10	0.3125
0.0637529768623	0.0265848670757	22	270	3	0	10	0.3125
0.0645616455067	0.0265848670757	22	271	3	0	10	0.3125
0.0646522109348	0.0265848670757	22	272	3	0	10	0.3125
0.064653823491	0.0265848670757	22	273	3	0	10	0.3125
0.064766728267	0.0265848670757	22	274	3	0	10	0.3125
0.0648605132984	0.0265848670757	22	275	3	0	10	0.3125
0.0648762519331	0.0265848670757	22	276	3	0	10	0.3125
0.0651400818181	0.0265848670757	22	277	3	0	10	0.3125
0.0651767376513	0.0265848670757	22	278	3	0	10	0.3125
0.0654359221617	0.0265848670757	22	279	3	0	10	0.3125
0.0655976926245	0.0265848670757	22	280	3	0	10	0.3125
0.0661937882443	0.0265848670757	22	281	3	0	10	0.3125
0.0664416983453	0.0265848670757	22	282	3	0	10	0.3125
0.0664988314224	0.0245398773006	22	283	3	0	11	0.333333333333
0.0665900467808	0.0245398773006	22	284	3	0	11	0.333333333333
0.0668981181971	0.0265848670757	23	284	3	0	11	0.323529411765
0.067060531994	0.0265848670757	23	285	3	0	11	0.323529411765
0.0670735584476	0.0265848670757	23	286	3	0	11	0.323529411765
0.067229717876	0.0265848670757	23	287	3	0	11	0.323529411765
0.0672705680756	0.0265848670757	23	288	3	0	11	0.323529411765
0.0677182854724	0.0265848670757	23	289	3	0	11	0.323529411765
0.0678226959429	0.0265848670757	23	290	3	0	11	0.323529411765
0.0681569622791	0.0265848670757	23	291	3	0	11	0.323529411765
0.0682627361037	0.0265848670757	23	292	3	0	11	0.323529411765
0.0683145146985	0.0265848670757	23	293	3	0	11	0.323529411765
0.0684251876022	0.0265848670757	23	294	3	0	11	0.323529411765
0.0684460718448	0.0265848670757	23	295	3	0	11	0.323529411765
0.0685456165058	0.0265848670757	23	296	3	0	11	0.323529411765
0.0685557909092	0.0265848670757	23	297	3	0	11	0.323529411765
0.0687861274008	0.0265848670757	23	298	3	0	11	0.323529411765
0.068814367876	0.0265848670757	23	299	3	0	11	0.323529411765
0.0694328811366	0.0265848670757	23	300	3	0	11	0.323529411765
0.0694483964277	0.0265848670757	23	301	3	0	11	0.323529411765
0.0702174770618	0.0245398773006	23	302	3	0	12	0.342857142857
0.0707842198648	0.0245398773006	23	303	3	0	12	0.342857142857
0.070904015648	0.0245398773006	23	304	3	0	12	0.342857142857
0.0716350659989	0.0245398773006	23	305	3	0	12	0.342857142857
0.071701309536	0.0245398773006	23	306	3	0	12	0.342857142857
0.072415107807	0.0224948875256	23	307	3	0	13	0.361111111111
0.0724423713401	0.0224948875256	23	308	3	0	13	0.361111111111
0.072493851086	0.0224948875256	23	309	3	0	13	0.361111111111
0.0727901050922	0.0224948875256	23	310	3	0	13	0.361111111111
0.0730707627987	0.0224948875256	23	311	3	0	13	0.361111111111
0.0732725756285	0.0224948875256	23	312	3	0	13	0.361111111111
0.0732744243292	0.0204498977505	23	313	3	0	14	0.378378378378
0.0741427763152	0.0224948875256	24	313	3	0	14	0.368421052632
0.0741764186918	0.0224948875256	24	314	3	0	14	0.368421052632
0.0743797035162	0.0224948875256	24	315	3	0	14	0.368421052632
0.0744456584162	0.0245398773006	25	315	3	0	14	0.358974358974
0.074861624237	0.0224948875256	25	316	3	0	15	0.375
0.0751453891057	0.0224948875256	25	317	3	0	15	0.375
0.075363395257	0.0224948875256	25	318	3	0	15	0.375
0.0755366521226	0.0224948875256	25	319	3	0	15	0.375
0.0756141004291	0.0224948875256	25	320	3	0	15	0.375
0.0760517171447	0.0184049079755	25	321	3	0	17	0.404761904762
0.0761835168243	0.0184049079755	25	322	3	0	17	0.404761904762
0.076748203785	0.0204498977505	26	322	3	0	17	0.395348837209
0.0769162328603	0.0204498977505	26	323	3	0	17	0.395348837209
0.0770407644552	0.0204498977505	26	324	3	0	17	0.395348837209
0.0770819528307	0.0204498977505	26	325	3	0	17	0.395348837209
0.0771063721557	0.0204498977505	26	326	3	0	17	0.395348837209
0.07712771005	0.0204498977505	26	327	3	0	17	0.395348837209
0.0775127190747	0.0204498977505	26	328	3	0	17	0.395348837209
0.0775897823123	0.0204498977505	26	329	3	0	17	0.395348837209
0.0776373787344	0.0204498977505	26	330	3	0	17	0.395348837209
0.0779746897004	0.0184049079755	26	331	3	0	18	0.409090909091
0.0784937639111	0.0143149284254	26	332	3	0	20	0.434782608696
0.0785326052802	0.0122699386503	26	333	3	0	21	0.446808510638
0.0786907200729	0.0122699386503	26	334	3	0	21	0.446808510638
0.0787571803217	0.0122699386503	26	335	3	0	21	0.446808510638
0.0788349918621	0.0122699386503	26	336	3	0	21	0.446808510638
0.0789653937593	0.0143149284254	27	336	3	0	21	0.4375
0.0791137381495	0.0143149284254	27	337	3	0	21	0.4375
0.0793103370111	0.0143149284254	27	338	3	0	21	0.4375
0.0796761625408	0.0122699386503	27	339	3	0	22	0.448979591837
0.0797834851961	0.0122699386503	27	340	3	0	22	0.448979591837
0.0798967728707	0.0122699386503	27	341	3	0	22	0.448979591837
0.0799290923577	0.0122699386503	27	342	3	0	22	0.448979591837
0.0801370730113	0.0143149284254	28	342	3	0	22	0.44
0.080186462045	0.0143149284254	28	343	3	0	22	0.44
0.0802715423924	0.0143149284254	28	344	3	0	22	0.44
0.0804942614588	0.0143149284254	28	345	3	0	22	0.44
0.0805195625915	0.0122699386503	28	346	3	0	23	0.450980392157
0.0806431459325	0.0122699386503	28	347	3	0	23	0.450980392157
0.0807421343968	0.0122699386503	28	348	3	0	23	0.450980392157
0.0808989495725	0.0122699386503	28	349	3	0	23	0.450980392157
0.080905038375	0.0122699386503	28	350	3	0	23	0.450980392157
0.0810303375929	0.0122699386503	28	351	3	0	23	0.450980392157
0.0810875128657	0.0122699386503	28	352	3	0	23	0.450980392157
0.0811619069264	0.0122699386503	28	353	3	0	23	0.450980392157
0.0815020519772	0.0122699386503	28	354	3	0	23	0.450980392157
0.081593547223	0.0122699386503	28	355	3	0	23	0.450980392157
0.081713283553	0.0143149284254	29	355	3	0	23	0.442307692308
0.0817522657139	0.0143149284254	29	356	3	0	23	0.442307692308
0.0824928554285	0.0143149284254	29	357	3	0	23	0.442307692308
0.0825536301463	0.0143149284254	29	358	3	0	23	0.442307692308
0.0827767967603	0.0122699386503	29	359	3	0	24	0.452830188679
0.0829663066478	0.0122699386503	29	360	3	0	24	0.452830188679
0.0833615858148	0.0122699386503	29	361	3	0	24	0.452830188679
0.0833641472057	0.0122699386503	29	362	3	0	24	0.452830188679
0.083564094129	0.0122699386503	29	363	3	0	24	0.452830188679
0.0839847706369	0.0122699386503	29	364	3	0	24	0.452830188679
0.0847349843635	0.0122699386503	29	365	3	0	24	0.452830188679
0.0848692361926	0.0122699386503	29	366	3	0	24	0.452830188679
0.0851015163642	0.0122699386503	29	367	3	0	24	0.452830188679
0.0852162757942	0.0122699386503	29	368	3	0	24	0.452830188679
0.0855900371885	0.0122699386503	29	369	3	0	24	0.452830188679
0.085739259866	0.0122699386503	29	370	3	0	24	0.452830188679
0.0862949407865	0.0122699386503	29	371	3	0	24	0.452830188679
0.0863805180908	0.0122699386503	29	372	3	0	24	0.452830188679
0.0867669091882	0.0122699386503	29	373	3	0	24	0.452830188679
0.0867903587827	0.0122699386503	29	374	3	0	24	0.452830188679
0.0869072090292	0.0122699386503	29	375	3	0	24	0.452830188679
0.0870136824032	0.0122699386503	29	376	3	0	24	0.452830188679
0.0870158958714	0.0122699386503	29	377	3	0	24	0.452830188679
0.0872534197964	0.0122699386503	29	378	3	0	24	0.452830188679
0.0872866839334	0.0122699386503	29	379	3	0	24	0.452830188679
0.0876012877463	0.0122699386503	29	380	3	0	24	0.452830188679
0.0876529674982	0.0122699386503	29	381	3	0	24	0.452830188679
0.0885365336807	0.0122699386503	29	382	3	0	24	0.452830188679
0.0887233712022	0.0122699386503	29	383	3	0	24	0.452830188679
0.0887972218743	0.0122699386503	29	384	3	0	24	0.452830188679
0.0890315573034	0.0122699386503	29	385	3	0	24	0.452830188679
0.0890322244385	0.0122699386503	29	386	3	0	24	0.452830188679
0.0892525543414	0.0122699386503	29	387	3	0	24	0.452830188679
0.0895925713263	0.0122699386503	29	388	3	0	24	0.452830188679
0.0896969677073	0.0122699386503	29	389	3	0	24	0.452830188679
0.0902428792897	0.0122699386503	29	390	3	0	24	0.452830188679
0.0903076356876	0.0143149284254	30	390	3	0	24	0.444444444444
0.0905899764088	0.0143149284254	30	391	3	0	24	0.444444444444
0.090598630158	0.0143149284254	30	392	3	0	24	0.444444444444
0.0906178124751	0.0163599182004	31	392	3	0	24	0.436363636364
0.090761812966	0.0163599182004	31	393	3	0	24	0.436363636364
0.0907755153573	0.0163599182004	31	394	3	0	24	0.436363636364
0.0913290891413	0.0163599182004	31	395	3	0	24	0.436363636364
0.0915282249507	0.0184049079755	32	395	3	0	24	0.428571428571
0.0918420146083	0.0163599182004	32	396	3	0	25	0.438596491228
0.0919753063534	0.0163599182004	32	397	3	0	25	0.438596491228
0.0919992662072	0.0163599182004	32	398	3	0	25	0.438596491228
0.0922917008235	0.0163599182004	32	399	3	0	25	0.438596491228
0.0925836798729	0.0163599182004	32	400	3	0	25	0.438596491228
0.0927514400944	0.0163599182004	32	401	3	0	25	0.438596491228
0.0929346161999	0.0163599182004	32	402	3	0	25	0.438596491228
0.0930214931696	0.0163599182004	32	403	3	0	25	0.438596491228
0.0931641913701	0.0163599182004	32	404	3	0	25	0.438596491228
0.0931848416409	0.0163599182004	32	405	3	0	25	0.438596491228
0.093331355843	0.0184049079755	33	405	3	0	25	0.431034482759
0.0933679318618	0.0184049079755	33	406	3	0	25	0.431034482759
0.0938168227108	0.0204498977505	34	406	3	0	25	0.423728813559
0.09383505549	0.0204498977505	34	407	3	0	25	0.423728813559
0.0947689680759	0.0224948875256	35	407	3	0	25	0.416666666667
0.0948310439734	0.0204498977505	35	408	3	0	26	0.426229508197
0.0948803284314	0.0204498977505	35	409	3	0	26	0.426229508197
0.0950082034071	0.0184049079755	35	410	3	0	27	0.435483870968
0.0952713627521	0.0184049079755	35	411	3	0	27	0.435483870968
0.095382191078	0.0184049079755	35	412	3	0	27	0.435483870968
0.0954233842135	0.0184049079755	35	413	3	0	27	0.435483870968
0.0955478288754	0.0184049079755	35	414	3	0	27	0.435483870968
0.0956689170217	0.0204498977505	36	414	3	0	27	0.428571428571
0.0956896014787	0.0204498977505	36	415	3	0	27	0.428571428571
0.0957417718242	0.0204498977505	36	416	3	0	27	0.428571428571
0.0957496349315	0.0204498977505	36	417	3	0	27	0.428571428571
0.0959001446969	0.0204498977505	36	418	3	0	27	0.428571428571
0.0959909957423	0.0204498977505	36	419	3	0	27	0.428571428571
0.0960020950354	0.0204498977505	36	420	3	0	27	0.428571428571
0.0964842262155	0.0204498977505	36	421	3	0	27	0.428571428571
0.0965853659312	0.0204498977505	36	422	3	0	27	0.428571428571
0.0966280922257	0.0204498977505	36	423	3	0	27	0.428571428571
0.0969774488226	0.0204498977505	36	424	3	0	27	0.428571428571
0.0970177656809	0.0204498977505	36	425	3	0	27	0.428571428571
0.0970902060333	0.0184049079755	36	426	3	0	28	0.4375
0.0972712866652	0.0184049079755	36	427	3	0	28	0.4375
0.097368985802	0.0184049079755	36	428	3	0	28	0.4375
0.0979417680465	0.0184049079755	36	429	3	0	28	0.4375
0.09834072057	0.0184049079755	36	430	3	0	28	0.4375
0.0984326800274	0.0184049079755	36	431	3	0	28	0.4375
0.0984756689965	0.0184049079755	36	432	3	0	28	0.4375
0.0985777894764	0.0184049079755	36	433	3	0	28	0.4375
0.0989099973446	0.0184049079755	36	434	3	0	28	0.4375
0.0989460005405	0.0163599182004	36	435	3	0	29	0.446153846154
0.0992298391631	0.0163599182004	36	436	3	0	29	0.446153846154
0.0992527712369	0.0163599182004	36	437	3	0	29	0.446153846154
0.099653828647	0.0163599182004	36	438	3	0	29	0.446153846154
0.0997298535447	0.0184049079755	37	438	3	0	29	0.439393939394
0.0997423966885	0.0184049079755	37	439	3	0	29	0.439393939394
0.0999149180201	0.0184049079755	37	440	3	0	29	0.439393939394
0.100207394458	0.0204498977505	38	440	3	0	29	0.432835820896
0.100299525563	0.0204498977505	38	441	3	0	29	0.432835820896
0.100370251937	0.0204498977505	38	442	3	0	29	0.432835820896
0.10055812882	0.0204498977505	38	443	3	0	29	0.432835820896
0.100697163409	0.0204498977505	38	444	3	0	29	0.432835820896
0.100996632571	0.0204498977505	38	445	3	0	29	0.432835820896
0.101209653163	0.0204498977505	38	446	3	0	29	0.432835820896
0.101235997982	0.0204498977505	38	447	3	0	29	0.432835820896
0.101619325774	0.0204498977505	38	448	3	0	29	0.432835820896
0.101685194298	0.0204498977505	38	449	3	0	29	0.432835820896
0.10169135097	0.0204498977505	38	450	3	0	29	0.432835820896
0.101725718717	0.0204498977505	38	451	3	0	29	0.432835820896
0.102429271232	0.0204498977505	38	452	3	0	29	0.432835820896
0.103094710599	0.0184049079755	38	453	3	0	30	0.441176470588
0.103234952303	0.0184049079755	38	454	3	0	30	0.441176470588
0.103462366534	0.0184049079755	38	455	3	0	30	0.441176470588
0.104073133876	0.0184049079755	38	456	3	0	30	0.441176470588
0.104167114698	0.0204498977505	39	456	3	0	30	0.434782608696
0.104537051971	0.0204498977505	39	457	3	0	30	0.434782608696
0.104570274249	0.0204498977505	39	458	3	0	30	0.434782608696
0.104615204394	0.0204498977505	39	459	3	0	30	0.434782608696
0.104678885207	0.0163599182004	39	460	3	0	32	0.450704225352
0.104733310537	0.0163599182004	39	461	3	0	32	0.450704225352
0.104891047165	0.0163599182004	39	462	3	0	32	0.450704225352
0.104905779702	0.0163599182004	39	463	3	0	32	0.450704225352
0.104938490068	0.0163599182004	39	464	3	0	32	0.450704225352
0.105024335833	0.0163599182004	39	465	3	0	32	0.450704225352
0.10505731367	0.0163599182004	39	466	3	0	32	0.450704225352
0.105086667842	0.0163599182004	39	467	3	0	32	0.450704225352
0.105270767	0.0163599182004	39	468	3	0	32	0.450704225352
0.105456879503	0.0163599182004	39	469	3	0	32	0.450704225352
0.105536937133	0.0163599182004	39	470	3	0	32	0.450704225352
0.105731169801	0.0163599182004	39	471	3	0	32	0.450704225352
0.105796601036	0.0163599182004	39	472	3	0	32	0.450704225352
0.106052809063	0.0163599182004	39	473	3	0	32	0.450704225352
0.106243282508	0.0163599182004	39	474	3	0	32	0.450704225352
0.106973796247	0.0184049079755	40	474	3	0	32	0.444444444444
0.107144381163	0.0184049079755	40	475	3	0	32	0.444444444444
0.107530102025	0.0184049079755	40	476	3	0	32	0.444444444444
0.108072626828	0.0184049079755	40	477	3	0	32	0.444444444444
0.108754710563	0.0184049079755	40	478	3	0	32	0.444444444444
0.108896016194	0.0184049079755	40	479	3	0	32	0.444444444444
0.108908215455	0.0184049079755	40	480	3	0	32	0.444444444444
0.109358084516	0.0184049079755	40	481	3	0	32	0.444444444444
0.109492034306	0.0184049079755	40	482	3	0	32	0.444444444444
0.109517821226	0.0184049079755	40	483	3	0	32	0.444444444444
0.110043588175	0.0184049079755	40	484	3	0	32	0.444444444444
0.110242427891	0.0184049079755	40	485	3	0	32	0.444444444444
0.110690236542	0.0184049079755	40	486	3	0	32	0.444444444444
0.110999094753	0.0184049079755	40	487	3	0	32	0.444444444444
0.111272635201	0.0184049079755	40	488	3	0	32	0.444444444444
0.111359899216	0.0184049079755	40	489	3	0	32	0.444444444444
0.11167516652	0.0184049079755	40	490	3	0	32	0.444444444444
0.111693451017	0.0184049079755	40	491	3	0	32	0.444444444444
0.111760400336	0.0184049079755	40	492	3	0	32	0.444444444444
0.111794371925	0.0184049079755	40	493	3	0	32	0.444444444444
0.111916824176	0.0184049079755	40	494	3	0	32	0.444444444444
0.112095129222	0.0204498977505	41	494	3	0	32	0.438356164384
0.112330016111	0.0204498977505	41	495	3	0	32	0.438356164384
0.112594959139	0.0204498977505	41	496	3	0	32	0.438356164384
0.112612373595	0.0204498977505	41	497	3	0	32	0.438356164384
0.112716720628	0.0224948875256	42	497	3	0	32	0.432432432432
0.112721826147	0.0224948875256	42	498	3	0	32	0.432432432432
0.112944449643	0.0224948875256	42	499	3	0	32	0.432432432432
0.11307814589	0.0224948875256	42	500	3	0	32	0.432432432432
0.113111603009	0.0224948875256	42	501	3	0	32	0.432432432432
0.113121028333	0.0224948875256	42	502	3	0	32	0.432432432432
0.113599200775	0.0224948875256	42	503	3	0	32	0.432432432432
0.113755832021	0.0224948875256	42	504	3	0	32	0.432432432432
0.113863741604	0.0224948875256	42	505	3	0	32	0.432432432432
0.113915933112	0.0224948875256	42	506	3	0	32	0.432432432432
0.114144750915	0.0224948875256	42	507	3	0	32	0.432432432432
0.114312577728	0.0224948875256	42	508	3	0	32	0.432432432432
0.114368446804	0.0245398773006	43	508	3	0	32	0.426666666667
0.114409975769	0.0245398773006	43	509	3	0	32	0.426666666667
0.114465553248	0.0245398773006	43	510	3	0	32	0.426666666667
0.114875737956	0.0245398773006	43	511	3	0	32	0.426666666667
0.115291789332	0.0245398773006	43	512	3	0	32	0.426666666667
0.115764577295	0.0265848670757	44	512	3	0	32	0.421052631579
0.115870231031	0.0286298568507	45	512	3	0	32	0.415584415584
0.1161985613	0.0286298568507	45	513	3	0	32	0.415584415584
0.11633360935	0.0306748466258	46	513	3	0	32	0.410256410256
0.116438961494	0.0306748466258	46	514	3	0	32	0.410256410256
0.116481665789	0.0306748466258	46	515	3	0	32	0.410256410256
0.116497433803	0.0306748466258	46	516	3	0	32	0.410256410256
0.11710229423	0.0306748466258	46	517	3	0	32	0.410256410256
0.117334482271	0.0306748466258	46	518	3	0	32	0.410256410256
0.117365464089	0.0306748466258	46	519	3	0	32	0.410256410256
0.117678624789	0.0286298568507	46	520	3	0	33	0.417721518987
0.117702241872	0.0286298568507	46	521	3	0	33	0.417721518987
0.117749178651	0.0286298568507	46	522	3	0	33	0.417721518987
0.11780614218	0.0286298568507	46	523	3	0	33	0.417721518987
0.117998041879	0.0286298568507	46	524	3	0	33	0.417721518987
0.11857331436	0.0286298568507	46	525	3	0	33	0.417721518987
0.119002625577	0.0286298568507	46	526	3	0	33	0.417721518987
0.119117901048	0.0286298568507	46	527	3	0	33	0.417721518987
0.119235945536	0.0306748466258	47	527	3	0	33	0.4125
0.11955112654	0.0306748466258	47	528	3	0	33	0.4125
0.119703198746	0.0306748466258	47	529	3	0	33	0.4125
0.120358031588	0.0306748466258	47	530	3	0	33	0.4125
0.120408143305	0.0306748466258	47	531	3	0	33	0.4125
0.120444705466	0.0306748466258	47	532	3	0	33	0.4125
0.120861027447	0.0306748466258	47	533	3	0	33	0.4125
0.121046453956	0.0306748466258	47	534	3	0	33	0.4125
0.121242573172	0.0306748466258	47	535	3	0	33	0.4125
0.122113536846	0.0286298568507	47	536	3	0	34	0.41975308642
0.122357420564	0.0286298568507	47	537	3	0	34	0.41975308642
0.122461339685	0.0286298568507	47	538	3	0	34	0.41975308642
0.122878717751	0.0286298568507	47	539	3	0	34	0.41975308642
0.122911692562	0.0306748466258	48	539	3	0	34	0.414634146341
0.123026031571	0.0306748466258	48	540	3	0	34	0.414634146341
0.123356182141	0.0306748466258	48	541	3	0	34	0.414634146341
0.123393038971	0.0306748466258	48	542	3	0	34	0.414634146341
0.12339931666	0.0306748466258	48	543	3	0	34	0.414634146341
0.123572143192	0.0286298568507	48	544	3	0	35	0.421686746988
0.123690261547	0.0286298568507	48	545	3	0	35	0.421686746988
0.123720957978	0.0286298568507	48	546	3	0	35	0.421686746988
0.123811141753	0.0286298568507	48	547	3	0	35	0.421686746988
0.123938250882	0.0286298568507	48	548	3	0	35	0.421686746988
0.124422818257	0.0286298568507	48	549	3	0	35	0.421686746988
0.125076723716	0.0286298568507	48	550	3	0	35	0.421686746988
0.125451163645	0.0306748466258	49	550	3	0	35	0.416666666667
0.126079052125	0.0306748466258	49	551	3	0	35	0.416666666667
0.126346424433	0.0306748466258	49	552	3	0	35	0.416666666667
0.126552477503	0.0306748466258	49	553	3	0	35	0.416666666667
0.126699394761	0.0306748466258	49	554	3	0	35	0.416666666667
0.12697980237	0.0306748466258	49	555	3	0	35	0.416666666667
0.127291760109	0.0306748466258	49	556	3	0	35	0.416666666667
0.127473323562	0.0306748466258	49	557	3	0	35	0.416666666667
0.128129426618	0.0306748466258	49	558	3	0	35	0.416666666667
0.128221273501	0.0306748466258	49	559	3	0	35	0.416666666667
0.128427088447	0.0327198364008	50	559	3	0	35	0.411764705882
0.128636685296	0.0327198364008	50	560	3	0	35	0.411764705882
0.129075879655	0.0327198364008	50	561	3	0	35	0.411764705882
0.129193993549	0.0327198364008	50	562	3	0	35	0.411764705882
0.129208277824	0.0327198364008	50	563	3	0	35	0.411764705882
0.129240068429	0.0327198364008	50	564	3	0	35	0.411764705882
0.129294288552	0.0327198364008	50	565	3	0	35	0.411764705882
0.129503525024	0.0347648261759	51	565	3	0	35	0.406976744186
0.129513997826	0.0347648261759	51	566	3	0	35	0.406976744186
0.129569922278	0.0347648261759	51	567	3	0	35	0.406976744186
0.129697633938	0.0347648261759	51	568	3	0	35	0.406976744186
0.129724808204	0.0368098159509	52	568	3	0	35	0.402298850575
0.130137018159	0.0368098159509	52	569	3	0	35	0.402298850575
0.130475111632	0.0368098159509	52	570	3	0	35	0.402298850575
0.13092832322	0.0368098159509	52	571	3	0	35	0.402298850575
0.131024418846	0.0368098159509	52	572	3	0	35	0.402298850575
0.131341348534	0.0368098159509	52	573	3	0	35	0.402298850575
0.131673951862	0.038854805726	53	573	3	0	35	0.397727272727
0.131796128281	0.040899795501	54	573	3	0	35	0.393258426966
0.131813249998	0.040899795501	54	574	3	0	35	0.393258426966
0.13246699026	0.040899795501	54	575	3	0	35	0.393258426966
0.132540695416	0.040899795501	54	576	3	0	35	0.393258426966
0.132593503186	0.040899795501	54	577	3	0	35	0.393258426966
0.132686177815	0.040899795501	54	578	3	0	35	0.393258426966
0.133169505794	0.040899795501	54	579	3	0	35	0.393258426966
0.133531629177	0.040899795501	54	580	3	0	35	0.393258426966
0.133832784636	0.040899795501	54	581	3	0	35	0.393258426966
0.13400667238	0.040899795501	54	582	3	0	35	0.393258426966
0.134040802668	0.040899795501	54	583	3	0	35	0.393258426966
0.134235674939	0.040899795501	54	584	3	0	35	0.393258426966
0.134456433903	0.040899795501	54	585	3	0	35	0.393258426966
0.134887642867	0.040899795501	54	586	3	0	35	0.393258426966
0.134935790994	0.040899795501	54	587	3	0	35	0.393258426966
0.13496836992	0.040899795501	54	588	3	0	35	0.393258426966
0.135722831959	0.040899795501	54	589	3	0	35	0.393258426966
0.135918151013	0.040899795501	54	590	3	0	35	0.393258426966
0.135937223967	0.040899795501	54	591	3	0	35	0.393258426966
0.136140532233	0.040899795501	54	592	3	0	35	0.393258426966
0.136168015526	0.040899795501	54	593	3	0	35	0.393258426966
0.136376630605	0.040899795501	54	594	3	0	35	0.393258426966
0.136535303004	0.040899795501	54	595	3	0	35	0.393258426966
0.136561774151	0.040899795501	54	596	3	0	35	0.393258426966
0.137460408852	0.040899795501	54	597	3	0	35	0.393258426966
0.138387415829	0.040899795501	54	598	3	0	35	0.393258426966
0.138897953644	0.038854805726	54	599	3	0	36	0.4
0.139105510732	0.038854805726	54	600	3	0	36	0.4
0.139129648608	0.038854805726	54	601	3	0	36	0.4
0.13919303139	0.038854805726	54	602	3	0	36	0.4
0.139542183786	0.038854805726	54	603	3	0	36	0.4
0.140025117672	0.038854805726	54	604	3	0	36	0.4
0.140203698405	0.038854805726	54	605	3	0	36	0.4
0.140427766873	0.038854805726	54	606	3	0	36	0.4
0.140501828461	0.038854805726	54	607	3	0	36	0.4
0.140760829575	0.038854805726	54	608	3	0	36	0.4
0.140790922327	0.038854805726	54	609	3	0	36	0.4
0.141149748926	0.038854805726	54	610	3	0	36	0.4
0.141166941887	0.038854805726	54	611	3	0	36	0.4
0.141258839978	0.038854805726	54	612	3	0	36	0.4
0.141341124807	0.0368098159509	54	613	3	0	37	0.406593406593
0.141409707295	0.0368098159509	54	614	3	0	37	0.406593406593
0.141415445298	0.0368098159509	54	615	3	0	37	0.406593406593
0.141480328278	0.0368098159509	54	616	3	0	37	0.406593406593
0.14180564696	0.0368098159509	54	617	3	0	37	0.406593406593
0.142477634834	0.0368098159509	54	618	3	0	37	0.406593406593
0.142491093875	0.0368098159509	54	619	3	0	37	0.406593406593
0.142747660225	0.0368098159509	54	620	3	0	37	0.406593406593
0.142763860457	0.0368098159509	54	621	3	0	37	0.406593406593
0.143064844794	0.0368098159509	54	622	3	0	37	0.406593406593
0.143822454907	0.0368098159509	54	623	3	0	37	0.406593406593
0.143849128004	0.0368098159509	54	624	3	0	37	0.406593406593
0.143991650905	0.0368098159509	54	625	3	0	37	0.406593406593
0.14424163108	0.0368098159509	54	626	3	0	37	0.406593406593
0.144585996658	0.0368098159509	54	627	3	0	37	0.406593406593
0.144586150072	0.0368098159509	54	628	3	0	37	0.406593406593
0.144804419325	0.0368098159509	54	629	3	0	37	0.406593406593
0.144884946075	0.0368098159509	54	630	3	0	37	0.406593406593
0.145083638193	0.0368098159509	54	631	3	0	37	0.406593406593
0.145658891171	0.038854805726	55	631	3	0	37	0.402173913043
0.145964557892	0.038854805726	55	632	3	0	37	0.402173913043
0.146219808875	0.038854805726	55	633	3	0	37	0.402173913043
0.146361516693	0.0368098159509	55	634	3	0	38	0.408602150538
0.146722083334	0.0368098159509	55	635	3	0	38	0.408602150538
0.14676101761	0.0368098159509	55	636	3	0	38	0.408602150538
0.146884374932	0.0368098159509	55	637	3	0	38	0.408602150538
0.146888850637	0.0368098159509	55	638	3	0	38	0.408602150538
0.147041961541	0.0368098159509	55	639	3	0	38	0.408602150538
0.14727273041	0.0368098159509	55	640	3	0	38	0.408602150538
0.147332908823	0.0368098159509	55	641	3	0	38	0.408602150538
0.147434989615	0.0368098159509	55	642	3	0	38	0.408602150538
0.147818351242	0.0368098159509	55	643	3	0	38	0.408602150538
0.147872373034	0.0347648261759	55	644	3	0	39	0.414893617021
0.148125351574	0.0327198364008	55	645	3	0	40	0.421052631579
0.148292516907	0.0327198364008	55	646	3	0	40	0.421052631579
0.148548654491	0.0327198364008	55	647	3	0	40	0.421052631579
0.148549525307	0.0327198364008	55	648	3	0	40	0.421052631579
0.148632048189	0.0327198364008	55	649	3	0	40	0.421052631579
0.148845272436	0.0327198364008	55	650	3	0	40	0.421052631579
0.148852388315	0.0327198364008	55	651	3	0	40	0.421052631579
0.149007432926	0.0306748466258	55	652	3	0	41	0.427083333333
0.149149709474	0.0286298568507	55	653	3	0	42	0.432989690722
0.149289561853	0.0286298568507	55	654	3	0	42	0.432989690722
0.149399501445	0.0286298568507	55	655	3	0	42	0.432989690722
0.14943369503	0.0286298568507	55	656	3	0	42	0.432989690722
0.149521901799	0.0286298568507	55	657	3	0	42	0.432989690722
0.14979921218	0.0286298568507	55	658	3	0	42	0.432989690722
0.15055518775	0.0286298568507	55	659	3	0	42	0.432989690722
0.150765701819	0.0286298568507	55	660	3	0	42	0.432989690722
0.150931609739	0.0286298568507	55	661	3	0	42	0.432989690722
0.151094691801	0.0286298568507	55	662	3	0	42	0.432989690722
0.151171706357	0.0286298568507	55	663	3	0	42	0.432989690722
0.15122900075	0.0286298568507	55	664	3	0	42	0.432989690722
0.151413218044	0.0286298568507	55	665	3	0	42	0.432989690722
0.151413369059	0.0286298568507	55	666	3	0	42	0.432989690722
0.151424918348	0.0286298568507	55	667	3	0	42	0.432989690722
0.151500057165	0.0286298568507	55	668	3	0	42	0.432989690722
0.151614897405	0.0306748466258	56	668	3	0	42	0.428571428571
0.151623814963	0.0286298568507	56	669	3	0	43	0.434343434343
0.151637782858	0.0286298568507	56	670	3	0	43	0.434343434343
0.151859323491	0.0286298568507	56	671	3	0	43	0.434343434343
0.152008285456	0.0286298568507	56	672	3	0	43	0.434343434343
0.152128988039	0.0286298568507	56	673	3	0	43	0.434343434343
0.152279891998	0.0286298568507	56	674	3	0	43	0.434343434343
0.152373793544	0.0286298568507	56	675	3	0	43	0.434343434343
0.152854187968	0.0286298568507	56	676	3	0	43	0.434343434343
0.152940832071	0.0286298568507	56	677	3	0	43	0.434343434343
0.153343377931	0.0286298568507	56	678	3	0	43	0.434343434343
0.153371199964	0.0265848670757	56	679	3	0	44	0.44
0.153638807609	0.0265848670757	56	680	3	0	44	0.44
0.153907640487	0.0265848670757	56	681	3	0	44	0.44
0.154073218416	0.0265848670757	56	682	3	0	44	0.44
0.1549215674	0.0265848670757	56	683	3	0	44	0.44
0.155257983492	0.0286298568507	57	683	3	0	44	0.435643564356
0.155465220065	0.0286298568507	57	684	3	0	44	0.435643564356
0.155487424594	0.0286298568507	57	685	3	0	44	0.435643564356
0.155495989119	0.0286298568507	57	686	3	0	44	0.435643564356
0.155538869757	0.0265848670757	57	687	3	0	45	0.441176470588
0.155729004413	0.0265848670757	57	688	3	0	45	0.441176470588
0.156321000938	0.0265848670757	57	689	3	0	45	0.441176470588
0.156586905891	0.0265848670757	57	690	3	0	45	0.441176470588
0.15688075992	0.0265848670757	57	691	3	0	45	0.441176470588
0.156929920309	0.0265848670757	57	692	3	0	45	0.441176470588
0.157060437557	0.0265848670757	57	693	3	0	45	0.441176470588
0.157146954765	0.0265848670757	57	694	3	0	45	0.441176470588
0.157172530072	0.0265848670757	57	695	3	0	45	0.441176470588
0.157376470075	0.0265848670757	57	696	3	0	45	0.441176470588
0.157658084829	0.0245398773006	57	697	3	0	46	0.446601941748
0.157893574283	0.0265848670757	58	697	3	0	46	0.442307692308
0.158002496794	0.0286298568507	59	697	3	0	46	0.438095238095
0.158026329765	0.0286298568507	59	698	3	0	46	0.438095238095
0.158139910524	0.0286298568507	59	699	3	0	46	0.438095238095
0.158155368918	0.0286298568507	59	700	3	0	46	0.438095238095
0.158358398176	0.0306748466258	60	700	3	0	46	0.433962264151
0.15837667632	0.0306748466258	60	701	3	0	46	0.433962264151
0.158753961746	0.0306748466258	60	702	3	0	46	0.433962264151
0.158825143921	0.0306748466258	60	703	3	0	46	0.433962264151
0.15922713247	0.0306748466258	60	704	3	0	46	0.433962264151
0.159342133903	0.0306748466258	60	705	3	0	46	0.433962264151
0.159410894914	0.0306748466258	60	706	3	0	46	0.433962264151
0.159517645986	0.0306748466258	60	707	3	0	46	0.433962264151
0.159550819488	0.0286298568507	60	708	3	0	47	0.439252336449
0.159655995188	0.0286298568507	60	709	3	0	47	0.439252336449
0.160016585177	0.0306748466258	61	709	3	0	47	0.435185185185
0.160059532373	0.0306748466258	61	710	3	0	47	0.435185185185
0.160099291774	0.0306748466258	61	711	3	0	47	0.435185185185
0.160201114789	0.0306748466258	61	712	3	0	47	0.435185185185
0.160247859973	0.0306748466258	61	713	3	0	47	0.435185185185
0.161513210253	0.0306748466258	61	714	3	0	47	0.435185185185
0.161708702685	0.0306748466258	61	715	3	0	47	0.435185185185
0.161991684972	0.0306748466258	61	716	3	0	47	0.435185185185
0.162149329801	0.0306748466258	61	717	3	0	47	0.435185185185
0.162302247896	0.0306748466258	61	718	3	0	47	0.435185185185
0.162429934134	0.0306748466258	61	719	3	0	47	0.435185185185
0.162732855411	0.0306748466258	61	720	3	0	47	0.435185185185
0.162746882236	0.0327198364008	62	720	3	0	47	0.43119266055
0.162870008129	0.0327198364008	62	721	3	0	47	0.43119266055
0.163122385	0.0327198364008	62	722	3	0	47	0.43119266055
0.16321825584	0.0327198364008	62	723	3	0	47	0.43119266055
0.163238936653	0.0327198364008	62	724	3	0	47	0.43119266055
0.163283901506	0.0347648261759	63	724	3	0	47	0.427272727273
0.163411504127	0.0347648261759	63	725	3	0	47	0.427272727273
0.163521821024	0.0347648261759	63	726	3	0	47	0.427272727273
0.163702167513	0.0347648261759	63	727	3	0	47	0.427272727273
0.164063420658	0.0347648261759	63	728	3	0	47	0.427272727273
0.164287187224	0.0347648261759	63	729	3	0	47	0.427272727273
0.164411678371	0.0347648261759	63	730	3	0	47	0.427272727273
0.164563941714	0.0347648261759	63	731	3	0	47	0.427272727273
0.165139775541	0.0347648261759	63	732	3	0	47	0.427272727273
0.165745036041	0.0347648261759	63	733	3	0	47	0.427272727273
0.165861879851	0.0347648261759	63	734	3	0	47	0.427272727273
0.165870833372	0.0347648261759	63	735	3	0	47	0.427272727273
0.166252149243	0.0347648261759	63	736	3	0	47	0.427272727273
0.167045740106	0.0347648261759	63	737	3	0	47	0.427272727273
0.167227362457	0.0347648261759	63	738	3	0	47	0.427272727273
0.167370609819	0.0347648261759	63	739	3	0	47	0.427272727273
0.167372586247	0.0368098159509	64	739	3	0	47	0.423423423423
0.167585886114	0.0368098159509	64	740	3	0	47	0.423423423423
0.167634060825	0.0368098159509	64	741	3	0	47	0.423423423423
0.167873561	0.0368098159509	64	742	3	0	47	0.423423423423
0.167923514417	0.0368098159509	64	743	3	0	47	0.423423423423
0.168262104066	0.038854805726	65	743	3	0	47	0.419642857143
0.168720872751	0.038854805726	65	744	3	0	47	0.419642857143
0.168722903136	0.038854805726	65	745	3	0	47	0.419642857143
0.168833689887	0.038854805726	65	746	3	0	47	0.419642857143
0.169074835616	0.038854805726	65	747	3	0	47	0.419642857143
0.169138471702	0.038854805726	65	748	3	0	47	0.419642857143
0.169415675464	0.038854805726	66	748	3	0	47	0.41592920354
0.16953446661	0.038854805726	66	749	3	0	47	0.41592920354
0.169584521801	0.038854805726	66	750	3	0	47	0.41592920354
0.169603712088	0.038854805726	66	751	3	0	47	0.41592920354
0.169742699967	0.038854805726	66	752	3	0	47	0.41592920354
0.169872161953	0.038854805726	66	753	3	0	47	0.41592920354
0.169912774968	0.038854805726	66	754	3	0	47	0.41592920354
0.170051186739	0.038854805726	66	755	3	0	47	0.41592920354
0.170354265442	0.038854805726	66	756	3	0	47	0.41592920354
0.170613780476	0.038854805726	66	757	3	0	47	0.41592920354
0.17100844723	0.038854805726	66	758	3	0	47	0.41592920354
0.171125591916	0.038854805726	66	759	3	0	47	0.41592920354
0.171375469659	0.038854805726	66	760	3	0	47	0.41592920354
0.171411099299	0.038854805726	66	761	3	0	47	0.41592920354
0.171474635591	0.0368098159509	67	761	3	0	47	0.412280701754
0.17147873156	0.0368098159509	67	762	3	0	47	0.412280701754
0.171858430249	0.0368098159509	67	763	3	0	47	0.412280701754
0.172057583046	0.0368098159509	67	764	3	0	47	0.412280701754
0.172063169278	0.0368098159509	67	765	3	0	47	0.412280701754
0.17208017393	0.0368098159509	67	766	3	0	47	0.412280701754
0.172157986186	0.0368098159509	67	767	3	0	47	0.412280701754
0.172179363877	0.0368098159509	67	768	3	0	47	0.412280701754
0.172471907451	0.0368098159509	67	769	3	0	47	0.412280701754
0.172558337702	0.0368098159509	67	770	3	0	47	0.412280701754
0.17301798644	0.0368098159509	67	771	3	0	47	0.412280701754
0.173586434621	0.0368098159509	67	772	3	0	47	0.412280701754
0.173708470502	0.0347648261759	67	773	3	0	48	0.417391304348
0.173888791032	0.0306748466258	67	774	3	0	50	0.42735042735
0.174746154883	0.0306748466258	67	775	3	0	50	0.42735042735
0.174787633302	0.0306748466258	67	776	3	0	50	0.42735042735
0.174825291949	0.0306748466258	67	777	3	0	50	0.42735042735
0.175226034408	0.0306748466258	67	778	3	0	50	0.42735042735
0.175327706048	0.0306748466258	67	779	3	0	50	0.42735042735
0.175364487985	0.0306748466258	67	780	3	0	50	0.42735042735
0.17554299572	0.0286298568507	67	781	3	0	51	0.432203389831
0.175544919638	0.0286298568507	67	782	3	0	51	0.432203389831
0.176226671747	0.0286298568507	67	783	3	0	51	0.432203389831
0.176256092853	0.0286298568507	67	784	3	0	51	0.432203389831
0.176400235637	0.0286298568507	67	785	3	0	51	0.432203389831
0.176712938063	0.0286298568507	67	786	3	0	51	0.432203389831
0.17681260971	0.0286298568507	67	787	3	0	51	0.432203389831
0.176895718227	0.0306748466258	68	787	3	0	51	0.428571428571
0.176943454266	0.0306748466258	68	788	3	0	51	0.428571428571
0.177195545052	0.0286298568507	68	789	3	0	52	0.433333333333
0.177475078818	0.0286298568507	68	790	3	0	52	0.433333333333
0.177621317523	0.0286298568507	68	791	3	0	52	0.433333333333
0.177730229739	0.0286298568507	68	792	3	0	52	0.433333333333
0.178172242635	0.0286298568507	68	793	3	0	52	0.433333333333
0.178807568844	0.0286298568507	68	794	3	0	52	0.433333333333
0.178855230505	0.0286298568507	68	795	3	0	52	0.433333333333
0.179358211309	0.0286298568507	68	796	3	0	52	0.433333333333
0.179544614886	0.0286298568507	68	797	3	0	52	0.433333333333
0.179681815448	0.0286298568507	68	798	3	0	52	0.433333333333
0.179811779129	0.0286298568507	68	799	3	0	52	0.433333333333
0.18011142442	0.0286298568507	68	800	3	0	52	0.433333333333
0.180144607242	0.0286298568507	68	801	3	0	52	0.433333333333
0.180376976109	0.0286298568507	68	802	3	0	52	0.433333333333
0.180507336629	0.0306748466258	69	802	3	0	52	0.429752066116
0.180614983963	0.0286298568507	69	803	3	0	53	0.434426229508
0.180893600484	0.0286298568507	69	804	3	0	53	0.434426229508
0.180917661909	0.0265848670757	69	805	3	0	54	0.439024390244
0.181666217634	0.0265848670757	69	806	3	0	54	0.439024390244
0.181712028192	0.0265848670757	69	807	3	0	54	0.439024390244
0.181717966148	0.0265848670757	69	808	3	0	54	0.439024390244
0.181931911617	0.0265848670757	69	809	3	0	54	0.439024390244
0.182078460862	0.0245398773006	69	810	3	0	55	0.443548387097
0.182161495122	0.0265848670757	70	810	3	0	55	0.44
0.182321905061	0.0265848670757	70	811	3	0	55	0.44
0.182357476552	0.0265848670757	70	812	3	0	55	0.44
0.182383376573	0.0265848670757	70	813	3	0	55	0.44
0.182471157644	0.0265848670757	70	814	3	0	55	0.44
0.182961965583	0.0265848670757	70	815	3	0	55	0.44
0.183102125201	0.0245398773006	70	816	3	0	56	0.444444444444
0.183561391672	0.0224948875256	70	817	3	0	57	0.448818897638
0.183596563771	0.0224948875256	70	818	3	0	57	0.448818897638
0.183628733922	0.0224948875256	70	819	3	0	57	0.448818897638
0.183633923751	0.0224948875256	70	820	3	0	57	0.448818897638
0.183902251236	0.0245398773006	71	820	3	0	57	0.4453125
0.18434591559	0.0265848670757	72	820	3	0	57	0.441860465116
0.184645951898	0.0265848670757	72	821	3	0	57	0.441860465116
0.184660921741	0.0265848670757	72	822	3	0	57	0.441860465116
0.184916871702	0.0265848670757	72	823	3	0	57	0.441860465116
0.185155932592	0.0265848670757	72	824	3	0	57	0.441860465116
0.185250426306	0.0224948875256	72	825	3	0	59	0.450381679389
0.185269829607	0.0224948875256	72	826	3	0	59	0.450381679389
0.185380665406	0.0224948875256	72	827	3	0	59	0.450381679389
0.185393906441	0.0224948875256	72	828	3	0	59	0.450381679389
0.185447066436	0.0224948875256	72	829	3	0	59	0.450381679389
0.185518772817	0.0204498977505	72	830	3	0	60	0.454545454545
0.185600143386	0.0204498977505	72	831	3	0	60	0.454545454545
0.185810394837	0.0204498977505	72	832	3	0	60	0.454545454545
0.185848773461	0.0204498977505	72	833	3	0	60	0.454545454545
0.185947224221	0.0224948875256	73	833	3	0	60	0.451127819549
0.186064564119	0.0224948875256	73	834	3	0	60	0.451127819549
0.186162474172	0.0204498977505	73	835	3	0	61	0.455223880597
0.186242217532	0.0204498977505	73	836	3	0	61	0.455223880597
0.186414703452	0.0204498977505	73	837	3	0	61	0.455223880597
0.186496846862	0.0204498977505	73	838	3	0	61	0.455223880597
0.186821882739	0.0204498977505	73	839	3	0	61	0.455223880597
0.187113286528	0.0204498977505	73	840	3	0	61	0.455223880597
0.187218942672	0.0204498977505	73	841	3	0	61	0.455223880597
0.187220786881	0.0204498977505	73	842	3	0	61	0.455223880597
0.187352476685	0.0204498977505	73	843	3	0	61	0.455223880597
0.187382355729	0.0204498977505	73	844	3	0	61	0.455223880597
0.187385184013	0.0204498977505	73	845	3	0	61	0.455223880597
0.187443502088	0.0204498977505	73	846	3	0	61	0.455223880597
0.187920515273	0.0204498977505	73	847	3	0	61	0.455223880597
0.18809801773	0.0204498977505	73	848	3	0	61	0.455223880597
0.188179701227	0.0204498977505	73	849	3	0	61	0.455223880597
0.188202323708	0.0204498977505	73	850	3	0	61	0.455223880597
0.188293177093	0.0204498977505	73	851	3	0	61	0.455223880597
0.188294831499	0.0204498977505	73	852	3	0	61	0.455223880597
0.188625047002	0.0204498977505	73	853	3	0	61	0.455223880597
0.18868889344	0.0224948875256	74	853	3	0	61	0.451851851852
0.188852459409	0.0224948875256	74	854	3	0	61	0.451851851852
0.189062117255	0.0224948875256	74	855	3	0	61	0.451851851852
0.189230867553	0.0224948875256	74	856	3	0	61	0.451851851852
0.189360702109	0.0224948875256	74	857	3	0	61	0.451851851852
0.189417919443	0.0204498977505	74	858	3	0	62	0.455882352941
0.189562108965	0.0184049079755	74	859	3	0	63	0.459854014599
0.190014996174	0.0184049079755	74	860	3	0	63	0.459854014599
0.190022124753	0.0163599182004	74	861	3	0	64	0.463768115942
0.190387181847	0.0163599182004	74	862	3	0	64	0.463768115942
0.190874270975	0.0143149284254	74	863	3	0	65	0.467625899281
0.191119135115	0.0143149284254	74	864	3	0	65	0.467625899281
0.191149878547	0.0143149284254	74	865	3	0	65	0.467625899281
0.191189891172	0.0143149284254	74	866	3	0	65	0.467625899281
0.191273276073	0.0143149284254	74	867	3	0	65	0.467625899281
0.191348585914	0.0143149284254	74	868	3	0	65	0.467625899281
0.191428493467	0.0143149284254	74	869	3	0	65	0.467625899281
0.191457079801	0.0143149284254	74	870	3	0	65	0.467625899281
0.191460003896	0.0143149284254	74	871	3	0	65	0.467625899281
0.19177192668	0.0143149284254	74	872	3	0	65	0.467625899281
0.191864447953	0.0143149284254	74	873	3	0	65	0.467625899281
0.191970925314	0.0143149284254	74	874	3	0	65	0.467625899281
0.192179841524	0.0143149284254	74	875	3	0	65	0.467625899281
0.192181544459	0.0143149284254	74	876	3	0	65	0.467625899281
0.192197670202	0.0143149284254	74	877	3	0	65	0.467625899281
0.192742420237	0.0143149284254	74	878	3	0	65	0.467625899281
0.192783339511	0.0143149284254	74	879	3	0	65	0.467625899281
0.193105102046	0.0143149284254	74	880	3	0	65	0.467625899281
0.193236809504	0.0143149284254	74	881	3	0	65	0.467625899281
0.193265780341	0.0143149284254	74	882	3	0	65	0.467625899281
0.193374970414	0.0143149284254	74	883	3	0	65	0.467625899281
0.193444761741	0.0143149284254	74	884	3	0	65	0.467625899281
0.193529665966	0.0143149284254	74	885	3	0	65	0.467625899281
0.193821867238	0.0143149284254	74	886	3	0	65	0.467625899281
0.193945573063	0.0143149284254	74	887	3	0	65	0.467625899281
0.194411083007	0.0143149284254	74	888	3	0	65	0.467625899281
0.194554179109	0.0163599182004	75	888	3	0	65	0.464285714286
0.194699757857	0.0163599182004	75	889	3	0	65	0.464285714286
0.195441205873	0.0163599182004	75	890	3	0	65	0.464285714286
0.195594174045	0.0122699386503	75	891	3	0	67	0.471830985915
0.195909720706	0.0122699386503	75	892	3	0	67	0.471830985915
0.195937168438	0.0122699386503	75	893	3	0	67	0.471830985915
0.196205183469	0.0122699386503	75	894	3	0	67	0.471830985915
0.196598491058	0.0122699386503	75	895	3	0	67	0.471830985915
0.196883265396	0.0122699386503	75	896	3	0	67	0.471830985915
0.197041122538	0.0143149284254	76	896	3	0	67	0.468531468531
0.197098033868	0.0143149284254	76	897	3	0	67	0.468531468531
0.197300637462	0.0143149284254	76	898	3	0	67	0.468531468531
0.197632048023	0.0143149284254	76	899	3	0	67	0.468531468531
0.197710948131	0.0143149284254	76	900	3	0	67	0.468531468531
0.197747815033	0.0143149284254	76	901	3	0	67	0.468531468531
0.198236947318	0.0143149284254	76	902	3	0	67	0.468531468531
0.198423739926	0.0143149284254	76	903	3	0	67	0.468531468531
0.198737656636	0.0143149284254	76	904	3	0	67	0.468531468531
0.19894402583	0.0163599182004	77	904	3	0	67	0.465277777778
0.199312171939	0.0163599182004	77	905	3	0	67	0.465277777778
0.199333049401	0.0163599182004	77	906	3	0	67	0.465277777778
0.199543359948	0.0163599182004	77	907	3	0	67	0.465277777778
0.1999734937	0.0163599182004	77	908	3	0	67	0.465277777778
0.20002415284	0.0184049079755	78	908	3	0	67	0.462068965517
0.200132893581	0.0184049079755	78	909	3	0	67	0.462068965517
0.200184314791	0.0184049079755	78	910	3	0	67	0.462068965517
0.200216237571	0.0184049079755	78	911	3	0	67	0.462068965517
0.200375722509	0.0184049079755	78	912	3	0	67	0.462068965517
0.2003917149	0.0184049079755	78	913	3	0	67	0.462068965517
0.200642584039	0.0184049079755	78	914	3	0	67	0.462068965517
0.200743934504	0.0184049079755	78	915	3	0	67	0.462068965517
0.200880002009	0.0184049079755	78	916	3	0	67	0.462068965517
0.201289261237	0.0184049079755	78	917	3	0	67	0.462068965517
0.201330850368	0.0204498977505	79	917	3	0	67	0.458904109589
0.20165750992	0.0224948875256	80	917	3	0	67	0.455782312925
0.201800835765	0.0224948875256	80	918	3	0	67	0.455782312925
0.202754537928	0.0224948875256	80	919	3	0	67	0.455782312925
0.203060931433	0.0224948875256	80	920	3	0	67	0.455782312925
0.203126508237	0.0224948875256	80	921	3	0	67	0.455782312925
0.203228981351	0.0224948875256	80	922	3	0	67	0.455782312925
0.20324764235	0.0224948875256	80	923	3	0	67	0.455782312925
0.203497101102	0.0224948875256	80	924	3	0	67	0.455782312925
0.203675559582	0.0204498977505	80	925	3	0	68	0.459459459459
0.203861020475	0.0204498977505	80	926	3	0	68	0.459459459459
0.203950853465	0.0204498977505	80	927	3	0	68	0.459459459459
0.204288987546	0.0204498977505	80	928	3	0	68	0.459459459459
0.204330073928	0.0204498977505	80	929	3	0	68	0.459459459459
0.204532527011	0.0204498977505	80	930	3	0	68	0.459459459459
0.204558451756	0.0224948875256	81	930	3	0	68	0.456375838926
0.204693951051	0.0224948875256	81	931	3	0	68	0.456375838926
0.20471553978	0.0245398773006	82	931	3	0	68	0.453333333333
0.205332940359	0.0245398773006	82	932	3	0	68	0.453333333333
0.205593566511	0.0245398773006	82	933	3	0	68	0.453333333333
0.205636619518	0.0245398773006	82	934	3	0	68	0.453333333333
0.20574728293	0.0245398773006	82	935	3	0	68	0.453333333333
0.205752025348	0.0245398773006	82	936	3	0	68	0.453333333333
0.205769333734	0.0224948875256	82	937	3	0	69	0.456953642384
0.205949333055	0.0224948875256	82	938	3	0	69	0.456953642384
0.206529620537	0.0224948875256	82	939	3	0	69	0.456953642384
0.206597316459	0.0224948875256	82	940	3	0	69	0.456953642384
0.207042037277	0.0224948875256	82	941	3	0	69	0.456953642384
0.207280241948	0.0224948875256	82	942	3	0	69	0.456953642384
0.207399724682	0.0224948875256	82	943	3	0	69	0.456953642384
0.207436011055	0.0224948875256	82	944	3	0	69	0.456953642384
0.207459277535	0.0224948875256	82	945	3	0	69	0.456953642384
0.207945189226	0.0224948875256	82	946	3	0	69	0.456953642384
0.208089645911	0.0224948875256	82	947	3	0	69	0.456953642384
0.208491711119	0.0224948875256	82	948	3	0	69	0.456953642384
0.208648092709	0.0224948875256	82	949	3	0	69	0.456953642384
0.209047180572	0.0224948875256	82	950	3	0	69	0.456953642384
0.209061987925	0.0204498977505	82	951	3	0	70	0.460526315789
