# time 	 divergence 	 # of mutations 	 # IGC chances 	 IGC length 	 # IGC failures 	 Changes due to IGC  	 % change due to IGC 
0.0	0.0224948875256	0	0	0	0	0	0.0
0.000498519350948	0.0224948875256	0	1	3	0	0	0.0
0.000516122307199	0.0224948875256	0	2	3	0	0	0.0
0.000708028894183	0.0224948875256	0	3	3	0	0	0.0
0.000971094230399	0.0224948875256	0	4	3	0	0	0.0
0.00122718829204	0.0224948875256	0	5	3	0	0	0.0
0.00135297670573	0.0224948875256	0	6	3	0	0	0.0
0.00205078507571	0.0224948875256	0	7	3	0	0	0.0
0.00206568106719	0.0224948875256	0	8	3	0	0	0.0
0.00218869182015	0.0224948875256	0	9	3	0	0	0.0
0.00229668934546	0.0224948875256	0	10	3	0	0	0.0
0.00230735428351	0.0224948875256	0	11	3	0	0	0.0
0.00269925961884	0.0224948875256	0	12	3	0	0	0.0
0.00271527871266	0.0224948875256	0	13	3	0	0	0.0
0.00311996320163	0.0245398773006	1	13	3	0	0	0.0
0.00321954321248	0.0245398773006	1	14	3	0	0	0.0
0.00330909893592	0.0245398773006	1	15	3	0	0	0.0
0.00368944278771	0.0245398773006	1	16	3	0	0	0.0
0.00389354031579	0.0245398773006	1	17	3	0	0	0.0
0.00439316920601	0.0245398773006	1	18	3	0	0	0.0
0.00467287970743	0.0245398773006	1	19	3	0	0	0.0
0.00468070709649	0.0245398773006	1	20	3	0	0	0.0
0.00500051584388	0.0245398773006	1	21	3	0	0	0.0
0.00511064045346	0.0224948875256	1	22	3	0	1	0.5
0.00529517330846	0.0245398773006	2	22	3	0	1	0.333333333333
0.00539455347495	0.0245398773006	2	23	3	0	1	0.333333333333
0.0057810840843	0.0245398773006	2	24	3	0	1	0.333333333333
0.00581890231437	0.0245398773006	2	25	3	0	1	0.333333333333
0.00588249946646	0.0245398773006	2	26	3	0	1	0.333333333333
0.00607280086911	0.0245398773006	2	27	3	0	1	0.333333333333
0.00632039782656	0.0265848670757	3	27	3	0	1	0.25
0.00671689327885	0.0265848670757	3	28	3	0	1	0.25
0.00707956277214	0.0265848670757	3	29	3	0	1	0.25
0.00773596926052	0.0265848670757	3	30	3	0	1	0.25
0.00810973644848	0.0265848670757	3	31	3	0	1	0.25
0.00833270411029	0.0265848670757	3	32	3	0	1	0.25
0.00839107489532	0.0265848670757	3	33	3	0	1	0.25
0.00844612993105	0.0265848670757	3	34	3	0	1	0.25
0.00885776375622	0.0265848670757	3	35	3	0	1	0.25
0.00887586100085	0.0265848670757	3	36	3	0	1	0.25
0.00903506894303	0.0265848670757	3	37	3	0	1	0.25
0.00937412170013	0.0265848670757	3	38	3	0	1	0.25
0.00952087938128	0.0265848670757	3	39	3	0	1	0.25
0.00964872914454	0.0265848670757	3	40	3	0	1	0.25
0.0099520835649	0.0265848670757	3	41	3	0	1	0.25
0.0100175369839	0.0265848670757	3	42	3	0	1	0.25
0.0102025809644	0.0265848670757	3	43	3	0	1	0.25
0.0103564383771	0.0265848670757	3	44	3	0	1	0.25
0.0103597650311	0.0286298568507	4	44	3	0	1	0.2
0.0103709116136	0.0286298568507	4	45	3	0	1	0.2
0.0107193121847	0.0286298568507	4	46	3	0	1	0.2
0.0107643264567	0.0286298568507	4	47	3	0	1	0.2
0.0108405811777	0.0286298568507	4	48	3	0	1	0.2
0.0109141606545	0.0265848670757	5	48	3	0	1	0.166666666667
0.0116531960577	0.0286298568507	6	48	3	0	1	0.142857142857
0.0116542921774	0.0286298568507	6	49	3	0	1	0.142857142857
0.0120916898785	0.0286298568507	6	50	3	0	1	0.142857142857
0.0123533976135	0.0286298568507	6	51	3	0	1	0.142857142857
0.0123872561706	0.0286298568507	6	52	3	0	1	0.142857142857
0.0129634243741	0.0286298568507	6	53	3	0	1	0.142857142857
0.0129707569249	0.0265848670757	6	54	3	0	2	0.25
0.0130553915864	0.0265848670757	6	55	3	0	2	0.25
0.0138997271135	0.0265848670757	6	56	3	0	2	0.25
0.0139458915486	0.0265848670757	6	57	3	0	2	0.25
0.0140778730594	0.0245398773006	6	58	3	0	3	0.333333333333
0.0142507056661	0.0245398773006	6	59	3	0	3	0.333333333333
0.0145845825426	0.0245398773006	6	60	3	0	3	0.333333333333
0.0145928905075	0.0245398773006	6	61	3	0	3	0.333333333333
0.0151182045798	0.0265848670757	7	61	3	0	3	0.3
0.0152650552388	0.0265848670757	7	62	3	0	3	0.3
0.0154804081174	0.0265848670757	7	63	3	0	3	0.3
0.0156247003314	0.0265848670757	7	64	3	0	3	0.3
0.015754939874	0.0265848670757	7	65	3	0	3	0.3
0.0157883923453	0.0286298568507	8	65	3	0	3	0.272727272727
0.0157942150465	0.0265848670757	8	66	3	0	4	0.333333333333
0.0159089917081	0.0265848670757	8	67	3	0	4	0.333333333333
0.0160047720461	0.0265848670757	8	68	3	0	4	0.333333333333
0.0161974061506	0.0265848670757	8	69	3	0	4	0.333333333333
0.0169179163579	0.0265848670757	8	70	3	0	4	0.333333333333
0.0170903999301	0.0224948875256	8	71	3	0	6	0.428571428571
0.0171044386677	0.0224948875256	8	72	3	0	6	0.428571428571
0.0176049043612	0.0224948875256	8	73	3	0	6	0.428571428571
0.0178704353479	0.0224948875256	8	74	3	0	6	0.428571428571
0.0179062278401	0.0224948875256	8	75	3	0	6	0.428571428571
0.0183854936012	0.0204498977505	8	76	3	0	7	0.466666666667
0.0188929394924	0.0204498977505	8	77	3	0	7	0.466666666667
0.0189236437355	0.0204498977505	8	78	3	0	7	0.466666666667
0.0190899036612	0.0204498977505	8	79	3	0	7	0.466666666667
0.0192405706913	0.0204498977505	8	80	3	0	7	0.466666666667
0.0194222159205	0.0204498977505	8	81	3	0	7	0.466666666667
0.0195783739609	0.0204498977505	8	82	3	0	7	0.466666666667
0.0197050479525	0.0204498977505	8	83	3	0	7	0.466666666667
0.0201275766337	0.0204498977505	8	84	3	0	7	0.466666666667
0.0203112167572	0.0204498977505	8	85	3	0	7	0.466666666667
0.0203847192183	0.0184049079755	8	86	3	0	8	0.5
0.0204154965467	0.0184049079755	8	87	3	0	8	0.5
0.0205697651581	0.0184049079755	8	88	3	0	8	0.5
0.0211144019841	0.0163599182004	8	89	3	0	9	0.529411764706
0.0212469231475	0.0163599182004	8	90	3	0	9	0.529411764706
0.0217032660969	0.0163599182004	8	91	3	0	9	0.529411764706
0.0218173895344	0.0163599182004	8	92	3	0	9	0.529411764706
0.0219409422375	0.0163599182004	8	93	3	0	9	0.529411764706
0.021994191204	0.0163599182004	8	94	3	0	9	0.529411764706
0.0221731741302	0.0163599182004	8	95	3	0	9	0.529411764706
0.0223993020053	0.0163599182004	8	96	3	0	9	0.529411764706
0.0224604475656	0.0163599182004	8	97	3	0	9	0.529411764706
0.0227895625304	0.0163599182004	8	98	3	0	9	0.529411764706
0.0228363695972	0.0163599182004	8	99	3	0	9	0.529411764706
0.0229760983042	0.0163599182004	8	100	3	0	9	0.529411764706
0.0230213367459	0.0163599182004	8	101	3	0	9	0.529411764706
0.0230621276325	0.0163599182004	8	102	3	0	9	0.529411764706
0.0236489940541	0.0163599182004	8	103	3	0	9	0.529411764706
0.0241051586309	0.0163599182004	8	104	3	0	9	0.529411764706
0.0243775928511	0.0163599182004	8	105	3	0	9	0.529411764706
0.0246007090897	0.0163599182004	8	106	3	0	9	0.529411764706
0.024654003695	0.0163599182004	8	107	3	0	9	0.529411764706
0.0246810359143	0.0163599182004	8	108	3	0	9	0.529411764706
0.0249508358866	0.0163599182004	8	109	3	0	9	0.529411764706
0.0250369455906	0.0163599182004	8	110	3	0	9	0.529411764706
0.025128396248	0.0163599182004	8	111	3	0	9	0.529411764706
0.0252233489874	0.0163599182004	8	112	3	0	9	0.529411764706
0.0254513086755	0.0163599182004	8	113	3	0	9	0.529411764706
0.0255599351232	0.0163599182004	8	114	3	0	9	0.529411764706
0.02564310507	0.0163599182004	8	115	3	0	9	0.529411764706
0.0256825640764	0.0163599182004	8	116	3	0	9	0.529411764706
0.025718588277	0.0163599182004	8	117	3	0	9	0.529411764706
0.0259426581177	0.0163599182004	8	118	3	0	9	0.529411764706
0.0259704457997	0.0163599182004	8	119	3	0	9	0.529411764706
0.0265120425411	0.0163599182004	8	120	3	0	9	0.529411764706
0.0268904454469	0.0163599182004	8	121	3	0	9	0.529411764706
0.0270068716366	0.0163599182004	8	122	3	0	9	0.529411764706
0.0274642798677	0.0163599182004	8	123	3	0	9	0.529411764706
0.0275272763727	0.0184049079755	9	123	3	0	9	0.5
0.0276129652012	0.0184049079755	9	124	3	0	9	0.5
0.0277101247822	0.0184049079755	9	125	3	0	9	0.5
0.0278500756567	0.0184049079755	9	126	3	0	9	0.5
0.028363170238	0.0184049079755	9	127	3	0	9	0.5
0.0284231088467	0.0184049079755	9	128	3	0	9	0.5
0.0285961545012	0.0163599182004	9	129	3	0	10	0.526315789474
0.0286291462422	0.0184049079755	10	129	3	0	10	0.5
0.0286323627038	0.0184049079755	10	130	3	0	10	0.5
0.0286706972054	0.0184049079755	10	131	3	0	10	0.5
0.0289722490767	0.0184049079755	10	132	3	0	10	0.5
0.0291447132481	0.0163599182004	10	133	3	0	11	0.52380952381
0.0294661533437	0.0163599182004	10	134	3	0	11	0.52380952381
0.0295012214844	0.0163599182004	10	135	3	0	11	0.52380952381
0.0296130180313	0.0163599182004	10	136	3	0	11	0.52380952381
0.029669432894	0.0184049079755	11	136	3	0	11	0.5
0.0297195051142	0.0184049079755	11	137	3	0	11	0.5
0.0297595022001	0.0184049079755	11	138	3	0	11	0.5
0.0299382979762	0.0184049079755	11	139	3	0	11	0.5
0.0299708696545	0.0184049079755	11	140	3	0	11	0.5
0.0301936515443	0.0204498977505	12	140	3	0	11	0.478260869565
0.0304881207819	0.0163599182004	12	141	3	0	13	0.52
0.030824151932	0.0163599182004	12	142	3	0	13	0.52
0.0308411638096	0.0163599182004	12	143	3	0	13	0.52
0.0309189838798	0.0163599182004	12	144	3	0	13	0.52
0.0311668204836	0.0143149284254	12	145	3	0	14	0.538461538462
0.0312435464516	0.0143149284254	12	146	3	0	14	0.538461538462
0.0316980606186	0.0143149284254	12	147	3	0	14	0.538461538462
0.0318606976643	0.0143149284254	12	148	3	0	14	0.538461538462
0.0324312923674	0.0122699386503	12	149	3	0	15	0.555555555556
0.0324895580093	0.0122699386503	12	150	3	0	15	0.555555555556
0.0325545880432	0.0122699386503	12	151	3	0	15	0.555555555556
0.0326357427189	0.0122699386503	12	152	3	0	15	0.555555555556
0.032667090612	0.0122699386503	12	153	3	0	15	0.555555555556
0.0329301239109	0.0122699386503	12	154	3	0	15	0.555555555556
0.0332066246998	0.0122699386503	12	155	3	0	15	0.555555555556
0.0334110271823	0.0122699386503	12	156	3	0	15	0.555555555556
0.0336939165681	0.0122699386503	12	157	3	0	15	0.555555555556
0.0342621244824	0.0122699386503	12	158	3	0	15	0.555555555556
0.0345458202083	0.0122699386503	12	159	3	0	15	0.555555555556
0.034892751548	0.0122699386503	12	160	3	0	15	0.555555555556
0.0349393941377	0.0122699386503	12	161	3	0	15	0.555555555556
0.0354415862404	0.0122699386503	12	162	3	0	15	0.555555555556
0.0356366929862	0.0143149284254	13	162	3	0	15	0.535714285714
0.036293926734	0.0143149284254	13	163	3	0	15	0.535714285714
0.0362939904211	0.0143149284254	13	164	3	0	15	0.535714285714
0.0363251457941	0.0143149284254	13	165	3	0	15	0.535714285714
0.0364503907954	0.0143149284254	13	166	3	0	15	0.535714285714
0.0364912040865	0.0143149284254	13	167	3	0	15	0.535714285714
0.0365155196774	0.0143149284254	13	168	3	0	15	0.535714285714
0.0366085359273	0.0143149284254	13	169	3	0	15	0.535714285714
0.0368125793685	0.0143149284254	13	170	3	0	15	0.535714285714
0.0369480099344	0.0143149284254	13	171	3	0	15	0.535714285714
0.0378624578514	0.0143149284254	13	172	3	0	15	0.535714285714
0.0379209029808	0.0143149284254	13	173	3	0	15	0.535714285714
0.0379460511096	0.0143149284254	13	174	3	0	15	0.535714285714
0.0379544426177	0.0163599182004	14	174	3	0	15	0.51724137931
0.0381570091498	0.0163599182004	14	175	3	0	15	0.51724137931
0.0384745446802	0.0143149284254	14	176	3	0	16	0.533333333333
0.0384838568113	0.0143149284254	14	177	3	0	16	0.533333333333
0.0385150155002	0.0143149284254	14	178	3	0	16	0.533333333333
0.0387567778655	0.0143149284254	14	179	3	0	16	0.533333333333
0.0388130420009	0.0143149284254	14	180	3	0	16	0.533333333333
0.0389978196625	0.0143149284254	14	181	3	0	16	0.533333333333
0.0395173941608	0.0143149284254	14	182	3	0	16	0.533333333333
0.0396299913417	0.0143149284254	14	183	3	0	16	0.533333333333
0.0396382521688	0.0143149284254	14	184	3	0	16	0.533333333333
0.0396607708767	0.0143149284254	14	185	3	0	16	0.533333333333
0.0397141135173	0.0143149284254	14	186	3	0	16	0.533333333333
0.0398642672079	0.0143149284254	14	187	3	0	16	0.533333333333
0.0398807730638	0.0143149284254	14	188	3	0	16	0.533333333333
0.0398963641726	0.0143149284254	14	189	3	0	16	0.533333333333
0.0401980691993	0.0143149284254	14	190	3	0	16	0.533333333333
0.040401610011	0.0143149284254	14	191	3	0	16	0.533333333333
0.0404630035541	0.0143149284254	14	192	3	0	16	0.533333333333
0.0404728845744	0.0143149284254	14	193	3	0	16	0.533333333333
0.0406387201771	0.0143149284254	14	194	3	0	16	0.533333333333
0.0406646705604	0.0143149284254	14	195	3	0	16	0.533333333333
0.0408456364156	0.0143149284254	14	196	3	0	16	0.533333333333
0.0412324928381	0.0143149284254	14	197	3	0	16	0.533333333333
0.0413736597877	0.0143149284254	14	198	3	0	16	0.533333333333
0.0413762817556	0.0143149284254	14	199	3	0	16	0.533333333333
0.0418599402043	0.0143149284254	14	200	3	0	16	0.533333333333
0.042013326957	0.0143149284254	14	201	3	0	16	0.533333333333
0.0421110910121	0.0163599182004	15	201	3	0	16	0.516129032258
0.0421687647537	0.0163599182004	15	202	3	0	16	0.516129032258
0.0426102625024	0.0163599182004	15	203	3	0	16	0.516129032258
0.0426415427158	0.0163599182004	15	204	3	0	16	0.516129032258
0.042698135199	0.0163599182004	15	205	3	0	16	0.516129032258
0.0428466541865	0.0163599182004	15	206	3	0	16	0.516129032258
0.0431687486117	0.0163599182004	15	207	3	0	16	0.516129032258
0.0432849098852	0.0163599182004	15	208	3	0	16	0.516129032258
0.0433878199908	0.0163599182004	15	209	3	0	16	0.516129032258
0.043471354889	0.0163599182004	15	210	3	0	16	0.516129032258
0.0435769973801	0.0143149284254	15	211	3	0	17	0.53125
0.0438941674316	0.0143149284254	15	212	3	0	17	0.53125
0.0439208807603	0.0143149284254	15	213	3	0	17	0.53125
0.0442187392352	0.0143149284254	15	214	3	0	17	0.53125
0.0443303666934	0.0143149284254	15	215	3	0	17	0.53125
0.0445322904321	0.0143149284254	15	216	3	0	17	0.53125
0.044772014302	0.0163599182004	16	216	3	0	17	0.515151515152
0.045632699009	0.0163599182004	16	217	3	0	17	0.515151515152
0.0457239433724	0.0163599182004	16	218	3	0	17	0.515151515152
0.0461115238722	0.0163599182004	16	219	3	0	17	0.515151515152
0.0466111061597	0.0163599182004	16	220	3	0	17	0.515151515152
0.0466202780028	0.0163599182004	16	221	3	0	17	0.515151515152
0.0468565513426	0.0163599182004	16	222	3	0	17	0.515151515152
0.0474295139264	0.0163599182004	16	223	3	0	17	0.515151515152
0.0475535327436	0.0163599182004	16	224	3	0	17	0.515151515152
0.0476414987417	0.0163599182004	16	225	3	0	17	0.515151515152
0.0477095948791	0.0163599182004	16	226	3	0	17	0.515151515152
0.0478885041829	0.0163599182004	16	227	3	0	17	0.515151515152
0.0479800869581	0.0163599182004	16	228	3	0	17	0.515151515152
0.0479974794527	0.0163599182004	16	229	3	0	17	0.515151515152
0.0482513109354	0.0163599182004	16	230	3	0	17	0.515151515152
0.0483507899066	0.0163599182004	16	231	3	0	17	0.515151515152
0.0487410694566	0.0163599182004	16	232	3	0	17	0.515151515152
0.0488652284743	0.0163599182004	16	233	3	0	17	0.515151515152
0.0488695495164	0.0163599182004	16	234	3	0	17	0.515151515152
0.0488795867023	0.0163599182004	16	235	3	0	17	0.515151515152
0.0489437724202	0.0184049079755	17	235	3	0	17	0.5
0.0490469721836	0.0204498977505	18	235	3	0	17	0.485714285714
0.049132790857	0.0184049079755	18	236	3	0	18	0.5
0.0493577113906	0.0184049079755	18	237	3	0	18	0.5
0.049954967429	0.0184049079755	18	238	3	0	18	0.5
0.0500136000086	0.0184049079755	18	239	3	0	18	0.5
0.0500798906029	0.0184049079755	18	240	3	0	18	0.5
0.0500850647803	0.0184049079755	18	241	3	0	18	0.5
0.0501197983306	0.0184049079755	18	242	3	0	18	0.5
0.0506815995169	0.0184049079755	18	243	3	0	18	0.5
0.0507146084109	0.0184049079755	18	244	3	0	18	0.5
0.0507701034222	0.0184049079755	18	245	3	0	18	0.5
0.0508039102656	0.0184049079755	18	246	3	0	18	0.5
0.0508261361705	0.0184049079755	18	247	3	0	18	0.5
0.0508732243007	0.0184049079755	18	248	3	0	18	0.5
0.051053382851	0.0184049079755	18	249	3	0	18	0.5
0.0511894355204	0.0184049079755	18	250	3	0	18	0.5
0.0513681064205	0.0184049079755	18	251	3	0	18	0.5
0.0514195643947	0.0184049079755	18	252	3	0	18	0.5
0.0518713349962	0.0184049079755	18	253	3	0	18	0.5
0.0522662697371	0.0184049079755	18	254	3	0	18	0.5
0.0523162207353	0.0184049079755	18	255	3	0	18	0.5
0.0524061208737	0.0184049079755	18	256	3	0	18	0.5
0.0525358921873	0.0184049079755	18	257	3	0	18	0.5
0.0525368327001	0.0184049079755	18	258	3	0	18	0.5
0.0527350805762	0.0184049079755	18	259	3	0	18	0.5
0.0528410600369	0.0184049079755	18	260	3	0	18	0.5
0.0530211837494	0.0184049079755	18	261	3	0	18	0.5
0.0531485429255	0.0184049079755	18	262	3	0	18	0.5
0.0533391676811	0.0184049079755	18	263	3	0	18	0.5
0.0534102777275	0.0163599182004	18	264	3	0	19	0.513513513514
0.0537139350944	0.0163599182004	18	265	3	0	19	0.513513513514
0.0541190268447	0.0163599182004	18	266	3	0	19	0.513513513514
0.0541708315076	0.0163599182004	18	267	3	0	19	0.513513513514
0.0543136727583	0.0163599182004	18	268	3	0	19	0.513513513514
0.0543975994867	0.0163599182004	18	269	3	0	19	0.513513513514
0.0544683107279	0.0163599182004	18	270	3	0	19	0.513513513514
0.0545770317365	0.0163599182004	18	271	3	0	19	0.513513513514
0.0545810388853	0.0163599182004	18	272	3	0	19	0.513513513514
0.0550928250354	0.0163599182004	18	273	3	0	19	0.513513513514
0.0552939480368	0.0163599182004	18	274	3	0	19	0.513513513514
0.0554884556814	0.0163599182004	18	275	3	0	19	0.513513513514
0.0560292262514	0.0163599182004	18	276	3	0	19	0.513513513514
0.0560655990435	0.0163599182004	18	277	3	0	19	0.513513513514
0.0560872581513	0.0163599182004	18	278	3	0	19	0.513513513514
0.0562341118705	0.0163599182004	18	279	3	0	19	0.513513513514
0.0567831322834	0.0163599182004	18	280	3	0	19	0.513513513514
0.056859633256	0.0163599182004	18	281	3	0	19	0.513513513514
0.05696849755	0.0143149284254	18	282	3	0	20	0.526315789474
0.057413761339	0.0143149284254	18	283	3	0	20	0.526315789474
0.0575637838449	0.0143149284254	18	284	3	0	20	0.526315789474
0.0578562635189	0.0143149284254	18	285	3	0	20	0.526315789474
0.0580665128395	0.0143149284254	18	286	3	0	20	0.526315789474
0.0582274693954	0.0143149284254	18	287	3	0	20	0.526315789474
0.0583173991048	0.0143149284254	18	288	3	0	20	0.526315789474
0.0585219340857	0.0143149284254	18	289	3	0	20	0.526315789474
0.0585628655687	0.0143149284254	18	290	3	0	20	0.526315789474
0.0595050711487	0.0143149284254	18	291	3	0	20	0.526315789474
0.0595312186155	0.0143149284254	18	292	3	0	20	0.526315789474
0.0595825313152	0.0143149284254	18	293	3	0	20	0.526315789474
0.059842086526	0.0143149284254	18	294	3	0	20	0.526315789474
0.0603325214089	0.0143149284254	18	295	3	0	20	0.526315789474
0.0605585990115	0.0143149284254	18	296	3	0	20	0.526315789474
0.0606718804152	0.0163599182004	19	296	3	0	20	0.512820512821
0.0609537844332	0.0163599182004	19	297	3	0	20	0.512820512821
0.0625578017674	0.0163599182004	19	298	3	0	20	0.512820512821
0.0627568381565	0.0163599182004	19	299	3	0	20	0.512820512821
0.0628808679	0.0163599182004	19	300	3	0	20	0.512820512821
0.0634463004544	0.0143149284254	19	301	3	0	21	0.525
0.0642053166291	0.0143149284254	19	302	3	0	21	0.525
0.0642820706861	0.0143149284254	19	303	3	0	21	0.525
0.0643141238301	0.0143149284254	19	304	3	0	21	0.525
0.064489289745	0.0143149284254	19	305	3	0	21	0.525
0.0645082538268	0.0122699386503	19	306	3	0	22	0.536585365854
0.0647197333238	0.0122699386503	19	307	3	0	22	0.536585365854
0.0648165351007	0.0122699386503	19	308	3	0	22	0.536585365854
0.0648790206705	0.0122699386503	19	309	3	0	22	0.536585365854
0.0648898152844	0.0122699386503	19	310	3	0	22	0.536585365854
0.0652600053168	0.0122699386503	19	311	3	0	22	0.536585365854
0.0652826444005	0.0122699386503	19	312	3	0	22	0.536585365854
0.0653767846424	0.0122699386503	19	313	3	0	22	0.536585365854
0.0654165410675	0.0122699386503	19	314	3	0	22	0.536585365854
0.0655747838898	0.0122699386503	19	315	3	0	22	0.536585365854
0.0655979800983	0.0122699386503	19	316	3	0	22	0.536585365854
0.0657358568218	0.0122699386503	19	317	3	0	22	0.536585365854
0.0657460126887	0.0122699386503	19	318	3	0	22	0.536585365854
0.0658043603528	0.0122699386503	19	319	3	0	22	0.536585365854
0.0666865877102	0.0122699386503	19	320	3	0	22	0.536585365854
0.0671309728057	0.0143149284254	20	320	3	0	22	0.52380952381
0.0678624672271	0.0143149284254	20	321	3	0	22	0.52380952381
0.0682732276717	0.0143149284254	20	322	3	0	22	0.52380952381
0.0689368270672	0.0143149284254	20	323	3	0	22	0.52380952381
0.0691244556811	0.0143149284254	20	324	3	0	22	0.52380952381
0.0691752312111	0.0143149284254	20	325	3	0	22	0.52380952381
0.0701094571969	0.0143149284254	20	326	3	0	22	0.52380952381
0.070191616044	0.0143149284254	20	327	3	0	22	0.52380952381
0.0702482356828	0.0143149284254	20	328	3	0	22	0.52380952381
0.0704729895333	0.0143149284254	20	329	3	0	22	0.52380952381
0.0704736876079	0.0143149284254	20	330	3	0	22	0.52380952381
0.0705072065341	0.0143149284254	20	331	3	0	22	0.52380952381
0.070641270072	0.0143149284254	20	332	3	0	22	0.52380952381
0.0708115181514	0.0143149284254	20	333	3	0	22	0.52380952381
0.0712865852384	0.0143149284254	20	334	3	0	22	0.52380952381
0.0713588874707	0.0163599182004	21	334	3	0	22	0.511627906977
0.0716117669299	0.0143149284254	21	335	3	0	23	0.522727272727
0.0716552090473	0.0143149284254	21	336	3	0	23	0.522727272727
0.0717086076755	0.0143149284254	21	337	3	0	23	0.522727272727
0.0718255513764	0.0143149284254	21	338	3	0	23	0.522727272727
0.0719152863235	0.0143149284254	21	339	3	0	23	0.522727272727
0.0720870505212	0.0143149284254	21	340	3	0	23	0.522727272727
0.0721462040396	0.0143149284254	21	341	3	0	23	0.522727272727
0.0721847920639	0.0143149284254	21	342	3	0	23	0.522727272727
0.0722627764718	0.0143149284254	21	343	3	0	23	0.522727272727
0.0722937047829	0.0143149284254	21	344	3	0	23	0.522727272727
0.0724754784003	0.0143149284254	21	345	3	0	23	0.522727272727
0.0726576946395	0.0143149284254	21	346	3	0	23	0.522727272727
0.0726825372011	0.0143149284254	21	347	3	0	23	0.522727272727
0.072807245603	0.0143149284254	21	348	3	0	23	0.522727272727
0.0732912099784	0.0143149284254	21	349	3	0	23	0.522727272727
0.0734906881867	0.0143149284254	21	350	3	0	23	0.522727272727
0.073681235786	0.0143149284254	21	351	3	0	23	0.522727272727
0.0738520281855	0.0143149284254	21	352	3	0	23	0.522727272727
0.0738549119084	0.0143149284254	21	353	3	0	23	0.522727272727
0.0740150333726	0.0143149284254	21	354	3	0	23	0.522727272727
0.0741447571058	0.0143149284254	21	355	3	0	23	0.522727272727
0.0743289870598	0.0143149284254	21	356	3	0	23	0.522727272727
0.0744591055057	0.0143149284254	21	357	3	0	23	0.522727272727
0.0749622431647	0.0143149284254	21	358	3	0	23	0.522727272727
0.0751842105035	0.0143149284254	21	359	3	0	23	0.522727272727
0.0752980317112	0.0143149284254	21	360	3	0	23	0.522727272727
0.0757443708722	0.0143149284254	21	361	3	0	23	0.522727272727
0.076439492427	0.0143149284254	21	362	3	0	23	0.522727272727
0.0764437384096	0.0143149284254	21	363	3	0	23	0.522727272727
0.0764654287553	0.0143149284254	21	364	3	0	23	0.522727272727
0.0769294114826	0.0143149284254	21	365	3	0	23	0.522727272727
0.0771560834344	0.0143149284254	21	366	3	0	23	0.522727272727
0.0771764566075	0.0143149284254	21	367	3	0	23	0.522727272727
0.0771847228076	0.0143149284254	21	368	3	0	23	0.522727272727
0.0775284376122	0.0143149284254	21	369	3	0	23	0.522727272727
0.0777236644703	0.0143149284254	21	370	3	0	23	0.522727272727
0.0779839326778	0.0143149284254	21	371	3	0	23	0.522727272727
0.0781419220567	0.0143149284254	21	372	3	0	23	0.522727272727
0.0783959830274	0.0143149284254	21	373	3	0	23	0.522727272727
0.0786140257397	0.0143149284254	21	374	3	0	23	0.522727272727
0.0786780404273	0.0143149284254	21	375	3	0	23	0.522727272727
0.0787916667272	0.0163599182004	22	375	3	0	23	0.511111111111
0.0788529122112	0.0163599182004	22	376	3	0	23	0.511111111111
0.0788554228713	0.0163599182004	22	377	3	0	23	0.511111111111
0.0789004330551	0.0163599182004	22	378	3	0	23	0.511111111111
0.0790452902135	0.0163599182004	22	379	3	0	23	0.511111111111
0.0792506941748	0.0163599182004	22	380	3	0	23	0.511111111111
0.0793526432894	0.0163599182004	22	381	3	0	23	0.511111111111
0.0794178922481	0.0163599182004	22	382	3	0	23	0.511111111111
0.0795206921355	0.0163599182004	22	383	3	0	23	0.511111111111
0.0798590537884	0.0163599182004	22	384	3	0	23	0.511111111111
0.0799392339582	0.0143149284254	22	385	3	0	24	0.521739130435
0.0800063364882	0.0143149284254	22	386	3	0	24	0.521739130435
0.0803189556381	0.0143149284254	22	387	3	0	24	0.521739130435
0.0803280032553	0.0163599182004	23	387	3	0	24	0.510638297872
0.0807425767084	0.0163599182004	23	388	3	0	24	0.510638297872
0.0807441290872	0.0163599182004	23	389	3	0	24	0.510638297872
0.0809403163946	0.0184049079755	24	389	3	0	24	0.5
0.0812715956756	0.0163599182004	24	390	3	0	25	0.510204081633
0.0814262905774	0.0143149284254	24	391	3	0	26	0.52
0.0816980742339	0.0143149284254	24	392	3	0	26	0.52
0.0817114475486	0.0143149284254	24	393	3	0	26	0.52
0.0817613452967	0.0143149284254	24	394	3	0	26	0.52
0.0817866999775	0.0143149284254	24	395	3	0	26	0.52
0.0818275092258	0.0143149284254	24	396	3	0	26	0.52
0.0820024087651	0.0143149284254	24	397	3	0	26	0.52
0.0820478335699	0.0143149284254	24	398	3	0	26	0.52
0.0822350481382	0.0143149284254	24	399	3	0	26	0.52
0.0822819255332	0.0143149284254	24	400	3	0	26	0.52
0.0823250005122	0.0143149284254	24	401	3	0	26	0.52
0.0824966042183	0.0143149284254	24	402	3	0	26	0.52
0.0825214241772	0.0143149284254	24	403	3	0	26	0.52
0.0831658903031	0.0143149284254	24	404	3	0	26	0.52
0.0834252472333	0.0143149284254	24	405	3	0	26	0.52
0.0836045381596	0.0143149284254	24	406	3	0	26	0.52
0.0836665172283	0.0143149284254	24	407	3	0	26	0.52
0.0837571078207	0.0163599182004	25	407	3	0	26	0.509803921569
0.0838064889009	0.0163599182004	25	408	3	0	26	0.509803921569
0.0842404638459	0.0163599182004	25	409	3	0	26	0.509803921569
0.0843004653707	0.0163599182004	25	410	3	0	26	0.509803921569
0.0843954821599	0.0163599182004	25	411	3	0	26	0.509803921569
0.0844517889036	0.0163599182004	25	412	3	0	26	0.509803921569
0.0846869520955	0.0163599182004	25	413	3	0	26	0.509803921569
0.0849248548954	0.0163599182004	25	414	3	0	26	0.509803921569
0.085249782593	0.0163599182004	25	415	3	0	26	0.509803921569
0.0853554045922	0.0163599182004	25	416	3	0	26	0.509803921569
