cnumpy.random
__RandomState_ctor
p1
(tRp2
(S'MT19937'
p3
cnumpy.core.multiarray
_reconstruct
p4
(cnumpy
ndarray
p5
(I0
tS'b'
tRp6
(I1
(I624
tcnumpy
dtype
p7
(S'u4'
I0
I1
tRp8
(I3
S'<'
NNNI-1
I-1
I0
tbI00
S'\x00\x0b\x0c\xa0t\xae\xf9x\xbd\xe0\xd8\x0f.r\xb0\x83\x1bX&\x8f*\xb6\xffv=zU\xa4\x90\x19\x90:\x196\xdd\x88\xba\x05\x9f\x8b\x01\xcb\x92\x9e1\xc7\x13\xec\x08\xdb8\x1f\x80#\xf2\xb9\xe3\xf6\x00\x1d\x16\xea\x0c\x8b\xc8\n\x861\x81\xcc#d\x9cmJ4-!U\xb4l\x82\x85\x0e\xe3\x12{\x10\x89\xda\x87\xba\x1a\xa9\x07\xda\'\x86\xdb\x0fs\xa1\xe2\x9cK\x18c\xa7\xb8\xf1\xb7\xa9\x14\x8e\xafr\xb82i\x11\xca\xd15\x8b\x13v\xb2\xe1\xc0\x0e\x93\xe9\xb03\x856Kj\x7f\xe5\x88\xf2u\xe3e<\xd2\xef\xf2\x88\xe5\x1aE\x1bxY\xef<\rS,F\xb5\x86\xdc\xc7lH\xb26\x9f\x0e\x86+\x8a\x82\xc1\xbc\xf3L*\x92\xd5\xb6\xf63\xf9\xff_p\x9f\xf0\x03\x1e\x83\xa5\x83\x95:b\xe4\x90\xbf\x98\x9c\xdfl\x84\xd3`\x8e\xb9i\\\x99TU\xadQ\x00%DU G\xb1\x08\x90\xd7\xa0\xa4\x06|a\x08\xa7MG]3\x15A\xdf\xe9\xb2\xb9\xc8\xb8\xf8"k\x8d\x00\xeeDw<:p\xe7\xae\xfa\xc4n\xda\x8ck\x08\xa2\xbf^\x95\xb6Nx\x9e\xefB\xac;\xb9\x08*\x01t\x02\xcb\xf2\xb2\xb4\x05\'xs\xdd6\xe7s>\x89\x94\x8a\xc7`E\x0fd\xbe]\x1d\x90\x98\x89p\xbbq\x15%\x9f\x99\xa8@\xa3\xae[\x8a\xfa}\xf2\xe2{\xd4\x07\xd7?\xadA\xbe`\xaf\xc8\x94\xea\xb7j\xc0\x9e\xc2q\x11\xe4\xb4\xf1\xb3\xee_\x10\x89\xf8\xca\x1ae\xe0*\x1f\xb3S)e\xa3m\x90Q\x9b\xc1S\x86v\x84\xc0S\xdf\xaa\xde\xdc\x86\xba\xc2b\xec\x04\xd1e\xe3\xa2\xe0mO\x8b\x84\xbe\x11\xc3R\xa1\xef\xe4-\x06\xca=\x16\xe5\xd2W\xe3RB\xa3\xd5\xdc\x197x\xe7\x8ffI~\xc8\x04~\xbc\xb1{\xe5\xc6\xda1\x8e\x1e\xd9.=\xdekJ\xc1\xc0bk\x84s\xb3\x87\x1c\xb7\x9aW+\t:\x06\x99\xa5\x19\x03\xd5\xbfu9\xd1\xd3\xf5x\xeb\xa9\x8c\xff.\xf4\xfd\x80\x16\xb6T\x10@n\x16\xcd\xbfXz\xb3\xc2J\xa0\xbe@\xfb,Z\xf2\x8a\xf3\x0fY]\xa5\x92\x9e\xe2\x174\xde\xc5Z\xe2\xe1D<\x84\xccMUH\x94\xb4\xd2*im\xf4n\xc5\xac89\xf1\xd8\xb5\'\xf5w\xec\xe9\x1fX(\xd6\xf7C\x8e\xda\xf7\xa6O\x8a\xb3\xe5\x0eAdn/\x12\x90\xc1\'\xfd\xa6\xa9B\x98\x83&\x1cG\x85\x83v\xa8b\xd4v\xb7j\x85\x97\x0eo\xa6M\xc8\x93f\x9d\x9c\xc9E\x1e4ec,6\x98\rf\x0b5\xf6\x195t\x05\x99|h\x89\x002O\x92\x8c\xc5\xa9Q7B\xc6(Q\x00~X?\xab\x89y\xfd\x00v\x03\x19\x07p=\x93\xa9,j\xb7X|\x0e\xe8\xab7\xe6s\\\x08*L\xaa\x85\xa8J\xdf5X\xb8\xde\x81\xe6\xf6\xf2r\x99\xb9"g\x03\xd3h\xc6;4I\x8e\xdd\x9f9\x91\rG6Go[\xea\xfc\xfd\x07F\xc7f\x08iQ\x9c\xe3\x17\x11\x18\\\xb3 ?\xe8\x03*\x86Jw\x9evC\xa8Y\xfae\x1e_w\xe1D\x96a\xfd\x87V\xf0\xf1\xf7J\xd3\xd7\xf28\xef\xc3\xa52\xc5\xe0\x9e)\x87\x19\xfa/\xc32\xeb\x0b\xb7\xc8\xe6Ef\xf7fj\xe9\xf6dp\xe8\x97?v.\x95r\xe9\x14\x11\x15\xe1g\xbb\xc9)\x9cV7\xd7\xa4\xc8\n5=\x98\xfe\xf1\xd8x[N\xd1U\xc6M\xc0\xb1\xa5\xedP\xc3m\xe1\x80\x0bNk\x08\xa9i9o\x1d1G\xd5\x05\x16w\x03\x0f\xb2\xdd\xeaR\x1d\x93!\x1f\xb9d\xd5:U\xc5qV\xd8\xd4G\xf62\xa9\xb7\xba\x91\xb8;H\x12\x86C7\xe4\x88\xf5\xad\xca\x82\x9b\x17\x8d\xa96^\xa9\xbcd;\xa8\xfa\r\xcdR\x97\x93\xf1,\x92\x14\xc6\xb5\x06\xa7\xd1:\x88\xe4\xbe\xb2\xc6\x975\x11\xf8\xf80\xbeA\xd6\x1f\xce\xe2\xb3\xf6\x1e\xe3\xc8)\xcd\x14S\xfa\x8f\x03\xef\xe7\xb5e\xc1\x83d0WV\x1et\x99\xb2\xea\x82\xecD\xcfS3\x0b\xffW\x96Q\xa3\x85\xe11\xf9\xc8\xa6\xdc\xd1\x81\xdbK\x10\xb6\x01\x8d\r\xf2\x17\xb5J\xec\xcau\xefow\x07\x96\xceh\x16~\x1b]\xf6\xb4\xac\xac=\x89\x1f\rn\x8f\x1cp\xd2M\xf5z\x85\xc2\xd8\x9a\xcf~59\rH\xe1U\x89\xe6\x83 \x9d\x1d\x9d\xd3f\x15\xea\x1bp\xcbMv\x11\xa5\x97\xe9t66\x92\x8c\xe9q\x0f2w\xaf\x17D\x90\x82\x03~\xc5\x8f\x99a8\x9a\x89\xd7J\xd3-\x9e;Z\x87{\xe8:\xbf\xcf\x8d\xebwBd\xff\\\x04l\xb7\x98\xef7\x02y\xe5\xe5+\xf3\x96\x9be>8\xe8\xbd\xb1\x1d\xeb.{\x85d\xda\x13\xfa\xd6\xc6`3A\xda\x9f~\x13\xd1\x8a<\xf9\xd9\x9cj\xc7G\xf1\xcd\xad\xc3\xcb\'\xc1\x0f\x91\xd4\x86)\xc2\xce\x01\x89"\x8bxX@\xc8R(N;e\x01\xf4\xebL\xbd\xc0\x8a\xe0\xad=\x967\x1dR\x0f\xa13\xc0L\x82\xf8\x04?f\xe3\xc3\xa5\xf4\xef\x9d\xd7\x13\xc7L7\xbb9\xc6\x0fk\xb8P\x91\xb1X\xd4\x96\xf0\xc14#\xe8\xdb\x87\xc3\x1f\tit\xeb\xa1n\xcei\x07\xfe\x9c\xb9\xb9\x02\xa4|\x17\x11f\xae\x9a\r\xd7V\x97\xc8\xb6\xfby\xc2\xbb}\x9a\xf4\xc8L\xf3\x01\xf9*$5D\xfc\x91\x01l\x00\xd9r\xe7\x1a\xdf\xdd\xd7D\xe5n\x0f\x89\xaf\x8c\x11\x80p\xfe\xfaK\xf1\xe7\xc0]\xdb\xfcu\'\xe3\x9e\xa4=+\xdby\x83L\xe3\x0c,\xe5\xd2Wy\x8cFE\x0c\xeb\xec\xfeYy\xe9\xc7\x8d:\x8d\xcbHYn\xbf\\\xb1\x0b\xf1n^u\xe8>\xbe\xb2\xba\x1e\xfe\x82\xf7\xab\x17\x1b\xe3\x96\x0c\x81=\x02\x16\xc2\x12zZ)\xa8j~\x9dal~\x82\x00\xcd\xd8\x9c\xc8Y#\x83\x88a\x94\xd3\xba\x80Ty\x962\xf3\xf8"\xb4I1\xbc\xb8\x7f\x0c\xb8u\xf5\xb3\x83\xa2\xaa\xb3\xd2\x865UyGG\x98\xcd\xbc\xbf\x95*\x88\xc0\x9f\x81\x97Re\'x\x1db\x17]\xbe\xd1\xe4\xfed`+(xB\xbfr|\x03\xb7\x92\xebN\xedcd\x02\xbf!\x85\xd8\x98\x87\x04t3\xca\xa8\xbb\xd6e\xee\xcc~\x16\x1b\n&\xf7\xf5\xd7\x1ec\x17\xf6d\xcc\xa9\\\xcb5\x9d|5\xac%\t_\xc3r\x82\x9d\xff\xf4\xbe\x03\xadIv=\xb7\xf6F\xd7`\x99Zt\xc8cO\x0f}\x08df@\x9b\xcbe\x942L\xc6\xd7k\xe6\xb8\x84Nhv\'D\xf9\xa1\x87\xa3\xd7q\x1d@\xdb\xfdx\xcc\xa9\x01%\xba\n\xc4\xdf\x02\xff\xbc\xba\t\xf2\xac\xb4\x1dr\xcf5a\xe0\x14\xf6\xffg\xc7\xa2=\xba`\xb5\xe5\xf8\xae\xb4\xe6j3E\xf0\xe1\x83B\xfeUB\xa1\xb1\xec\x00\xa6\xc7\xf4\x07\xaf%\x0c\xc4\xb1\x1f`\x99\x89\xa9<\xd1\xc2\xd4\n\x83\x8a\xb0t\x93\xd1\xff\xb0*\xe5\xad\x909p\xde\x98\x04\xcb\x9b\xb7\x97\x8a\xa6_\xa9\xb9\x85\xa3i8Dc~\xbe\xa6\xcb\xe7\x13\x16h\x9b\x81\x9d\xbf\xbey\xaa\x89|\xfd\'\xe8\xb3\x7f\x87sd\xc8\xabl\xea\x80\x19\n\xc2\xd7\x82\xf0\xba\x94h\xc3*\x9fei\xcf\xf0\x08\xe4\xc5;\xf7\xdcsIlHr\xf4],\xc5\xeeG\xb5\xa0\x82\x1fPE\x12m\xa3\xfd\xe9\x10\xbe*\xd5\x84\x94x\xd2oB\r\xbb~\x88\xc1\xb9y\xe4\xd2V\x96N!\xbc\x9a\xb7\nJ\xcfs\x92\xfb\xb3\xb9\xb5?qvu\xbc$,y\x9d\xbe\xa1\xb6\x9bY\x9e\xbd\xd5rt\xb1\xa8\xd6\xebt\xbe\xfa4\x18\xe0\xbd3\x91\xe3\x93\x84\xa4\x00\x10\x8e\xee\xfb1O\xa6H\x13\xfb\xe5\xd98\r\xd7\xe7:y\xd4\xb6^\xcc\xcc\x05\x8aN\x94\xaacnu\x19\x02\x92\xe7\x15\x88\xf3\xd6\x88\x88\xf1\x9b\x9f+|u\xfc\xdf\x04\xdc\x8d\xdd[\xdc\xbd\xd5\xce\xe1l\x84j\xd3\xf4\xe8\x85 I\x91\r$uI\xb2(\n\xb1\xab\xdeJ\x86\x81|\xbf\xfbn\xad\x1bnK\xfc\xad\xa0\x19l>!\xf1\xec\x1f\xa5\xe8\x99\xf9\xdfDrFD\xf7E\xc5\xeb\xd4\xe4\xe7\x92\xe2i\xd8$\x1d\x7f\x92\xb2\xc7\xff\x1e9^\xb3+\xcb/\x01\xca3+\xfbp\xb6\xbe\xadP\x8d\xd9\xdf\xba0\xc5>\xc8\x13\x82\xa4\xfa\xac\xde\x95\x04\xde?\xda\x08\xb7\xf6\x93T[\xa3\xa6\xd3\xad/\x19\xcaLAj\xafr\x99 \xf0e\xffH\x9d\xe9\xf3\xf4\t\xe2\x9f\x8c\x87\x05\xf4\x0e:\x0c\xd4\xc4\x15t|\xdb\xcdVoB\xff\xf8\n\xdfLtHOb\x8e\x80\x1b\xb7\xbd+A\x86\xf1hb7j\x03\x15\xa3\x96\x9a\x8cw\xc7\xf7hgzH\xe0\x81\x0e\xd1\xb3\x13ji\x1e\xbb\xbbI\xca\x9a\xf9#\xa2^\xb9\xc7\x89N\x01\xa1\xaf,\x8c8\x8a\xd0d\x9c#Q\xa0\xfb\xe7\x1bjt\xbf\xdck\xfdY\x16\t\xb3P\x9b\x13\x08\xae\x86\xda\x87\x80\x9bNPP\xa0\x16\xf4\xf4\xfe~\xf7 \xce\xa9\xa3\xafg\x80Ylv\'S\x8fl\x8c7\x16>\x05\x81\x9c>\x19\xc5%=*_\x10\xc9[\xbd\xe8\xe9>\xccB\xff\xa8v\t\x16H\xe4\xab\xc4x\x9b+\xa5\xde\xaa\xe8\xbe\xcb\xce!\xba\xf3 \xa9\x8c\x84\x8a\x0bO>c\xc5\x14\x89>cT\xdd\x9f\xec\xcc>\x08\\\x18\x15V\x8e\x03#\xba\xcf\xd7\xdeR~\x89m\x85a\xe2\xc3\x1e\x92+C\xe7n!\t\x84\x05\xcd\xa3{\x00S\xf1L\xd3\x85\x07\x8c\x9d\'Z\xf0Z,\x8e\x9a</Hx\x1f1\x04\xfb.,\xeb\xd1a\xe0\x83\xfd\x1d\x05r\x9c130\xd8T\x9al\xb0%\xd9\xee\x16\x04\xfdY\x9b\x98\xc5\xe9\xfcM\xc1\xfeR]I\x8a\xc9\x16p\x06\xdd#>\t\xa2\x99&rj\xfdG\xe5\xbd\xc4\x1a(\xfc\x13\xb4Z8\x19\x0b\x82w\xcaRl\xccy\xb8\xc4\x9d\x8d\xd1 \xb6Q\x9b\xc7\xf0\xdf\xcag\xab\xe6\xd0;\xe0<\xcd\xc6-Cpo\x9e\xbex\x99\x14\xeep4\xfdh(\xc3&\xc5\xdfM\xf6\xc4)\n\xd0\xf02\'_\x8f\rQ\xe8\xa2\xc8\x92\x9b@\x150\xdd;\xf1N\xc3\x94\xfb\xeet\xe8\xfe\x90\xed\xe7\x0eT\xf4\xf4\xcb\xd7\xf4ki\xd9\xb5\xdbE`5A\xd7\xd9\xef\x98\x05\xe9?\xe0\xe9RY\x82Z4\xcca\xee\xd7\xb6\\\x14\x9d$\x9f\xfd\x18Q\xafU)l)X\x03\xb7r\x88\x9e\x1ba\xf4\xe9\xd5/\x86\xe7\xe5\xc5\xb1\xdbg4\x05\xddY3\x17\x1ccG\xed\xbf\x05A\xa2\xb2\xa1\x93\xf7K\xa7\xbaG\x8d+\x0e\xce\x9f#\xe1\xfb\x1c'
tbI624
I0
F0
tb.