# time 	 divergence 	 # of mutations 	 # IGC chances 	 IGC length 	 # IGC failures 	 Changes due to IGC  	 % change due to IGC 
0.0	0.0163599182004	0	0	0	0	0	0.0
0.000901150148773	0.0184049079755	1	0	0	0	0	0.0
0.00217971340339	0.0163599182004	1	1	21	0	1	0.5
0.00290695205213	0.0184049079755	2	1	21	0	1	0.333333333333
0.00666286976451	0.0204498977505	3	1	21	0	1	0.25
0.00794274623828	0.0204498977505	3	2	9	0	1	0.25
0.00804093007203	0.0224948875256	4	2	9	0	1	0.2
0.00955779462925	0.0224948875256	4	3	3	0	1	0.2
0.0101890376792	0.0245398773006	5	3	3	0	1	0.166666666667
0.0115414470151	0.0265848670757	6	3	3	0	1	0.142857142857
0.0123533413711	0.0286298568507	7	3	3	0	1	0.125
0.0140629867665	0.0306748466258	8	3	3	0	1	0.111111111111
0.0241338001748	0.0286298568507	8	4	18	0	2	0.2
0.0248940324945	0.0265848670757	8	5	3	0	3	0.272727272727
0.0277197393897	0.0286298568507	9	5	3	0	3	0.25
0.0277963722126	0.0306748466258	10	5	3	0	3	0.230769230769
0.0352574712751	0.0265848670757	10	6	24	0	5	0.333333333333
0.0357999924853	0.0265848670757	10	7	6	0	5	0.333333333333
0.036022896504	0.0265848670757	10	8	18	0	5	0.333333333333
0.0372111854544	0.0286298568507	11	8	18	0	5	0.3125
0.0378539671448	0.0286298568507	11	9	6	0	5	0.3125
0.0382173264615	0.0265848670757	11	10	24	0	6	0.352941176471
0.0401435240263	0.0286298568507	12	10	24	0	6	0.333333333333
0.0419246219242	0.0306748466258	13	10	24	0	6	0.315789473684
0.0451181650546	0.0286298568507	13	11	6	0	7	0.35
0.0490082289424	0.0265848670757	13	12	12	0	8	0.380952380952
0.049085875459	0.0286298568507	14	12	12	0	8	0.363636363636
0.049117871146	0.0306748466258	15	12	12	0	8	0.347826086957
0.0513095759958	0.0306748466258	15	13	12	0	8	0.347826086957
0.0534797631399	0.0327198364008	16	13	12	0	8	0.333333333333
0.0535349938262	0.0347648261759	17	13	12	0	8	0.32
0.0535506951398	0.0347648261759	17	14	15	0	8	0.32
0.0562716991968	0.0327198364008	17	15	9	0	9	0.346153846154
0.0575459997862	0.0327198364008	17	16	6	0	9	0.346153846154
0.06172018558	0.0347648261759	18	16	6	0	9	0.333333333333
0.0652289304831	0.0368098159509	19	16	6	0	9	0.321428571429
0.0659966713899	0.0347648261759	19	17	12	0	10	0.344827586207
0.0660219011262	0.0368098159509	20	17	12	0	10	0.333333333333
0.0663931865443	0.038854805726	21	17	12	0	10	0.322580645161
0.0734104076494	0.038854805726	21	18	6	0	10	0.322580645161
0.074790963207	0.040899795501	22	18	6	0	10	0.3125
0.0760160298281	0.0429447852761	23	18	6	0	10	0.30303030303
0.077459500851	0.0449897750511	24	18	6	0	10	0.294117647059
0.0806756662102	0.040899795501	24	19	39	0	12	0.333333333333
0.0821845670296	0.0429447852761	25	19	39	0	12	0.324324324324
0.0833324742246	0.040899795501	25	20	12	0	13	0.342105263158
0.0838965340199	0.0429447852761	26	20	12	0	13	0.333333333333
0.0872484868464	0.0449897750511	27	20	12	0	13	0.325
0.0879788519906	0.0429447852761	28	20	12	0	13	0.317073170732
0.09116600235	0.038854805726	28	21	6	0	15	0.348837209302
0.0953355262381	0.040899795501	29	21	6	0	15	0.340909090909
0.0959593882499	0.038854805726	30	21	6	0	15	0.333333333333
0.0961939123219	0.040899795501	31	21	6	0	15	0.326086956522
0.0972379570454	0.0429447852761	32	21	6	0	15	0.31914893617
0.0985934634115	0.0429447852761	32	22	12	0	15	0.31914893617
0.0986762143256	0.0449897750511	33	22	12	0	15	0.3125
0.101901647138	0.0470347648262	34	22	12	0	15	0.30612244898
0.105111627664	0.0490797546012	35	22	12	0	15	0.3
0.105464237723	0.0470347648262	35	23	27	0	16	0.313725490196
0.108918935075	0.0490797546012	36	23	27	0	16	0.307692307692
0.109018934081	0.0511247443763	37	23	27	0	16	0.301886792453
0.113543207277	0.0531697341513	38	23	27	0	16	0.296296296296
0.113544217158	0.0552147239264	39	23	27	0	16	0.290909090909
0.114466593494	0.0572597137014	40	23	27	0	16	0.285714285714
0.120728873555	0.0593047034765	41	23	27	0	16	0.280701754386
0.120735595479	0.0613496932515	42	23	27	0	16	0.275862068966
0.122063862683	0.0633946830266	43	23	27	0	16	0.271186440678
0.122316997624	0.0633946830266	43	24	3	0	16	0.271186440678
0.122492796421	0.0613496932515	43	25	9	0	17	0.283333333333
0.124957497389	0.0633946830266	44	25	9	0	17	0.27868852459
0.128561322505	0.0654396728016	45	25	9	0	17	0.274193548387
0.12882008891	0.0654396728016	45	26	9	0	17	0.274193548387
0.129041258675	0.0674846625767	46	26	9	0	17	0.269841269841
0.131873728016	0.0674846625767	46	27	3	0	17	0.269841269841
0.131881194994	0.0695296523517	47	27	3	0	17	0.265625
0.132949593312	0.0715746421268	48	27	3	0	17	0.261538461538
0.133198573095	0.0736196319018	49	27	3	0	17	0.257575757576
0.134857152968	0.0756646216769	50	27	3	0	17	0.253731343284
0.139764853049	0.0777096114519	51	27	3	0	17	0.25
0.141644915957	0.079754601227	52	27	3	0	17	0.246376811594
0.142653352843	0.081799591002	53	27	3	0	17	0.242857142857
0.147754329114	0.0838445807771	54	27	3	0	17	0.239436619718
0.148623892735	0.0838445807771	54	28	9	0	17	0.239436619718
0.151950517011	0.0858895705521	55	28	9	0	17	0.236111111111
0.153605406131	0.0879345603272	56	28	9	0	17	0.232876712329
0.155892696293	0.0899795501022	57	28	9	0	17	0.22972972973
0.156105662517	0.0899795501022	57	29	6	0	17	0.22972972973
0.157395882667	0.0879345603272	57	30	6	0	18	0.24
0.158071654123	0.0899795501022	58	30	6	0	18	0.236842105263
0.159036448318	0.0899795501022	58	31	6	0	18	0.236842105263
0.163118041516	0.0899795501022	58	32	3	0	18	0.236842105263
0.167349742369	0.0920245398773	59	32	3	0	18	0.233766233766
0.17047102926	0.0940695296524	60	32	3	0	18	0.230769230769
