cnumpy.random
__RandomState_ctor
p1
(tRp2
(S'MT19937'
p3
cnumpy.core.multiarray
_reconstruct
p4
(cnumpy
ndarray
p5
(I0
tS'b'
tRp6
(I1
(I624
tcnumpy
dtype
p7
(S'u4'
I0
I1
tRp8
(I3
S'<'
NNNI-1
I-1
I0
tbI00
S'\xb4\xf8q\xde\xb7\xa4\x9e_\x9d\x80\xcb\x8b\x0fo\x08\x08\xd5/\x980c\xa6>\x05t\xec3\xca%\xbeL\xb7I\x13\x9b\x00sb$1\x8b ^\x9f\x84\x98\x03D\x84\xc1\xa8\xb3\x81&\x95\x92rF\xefj\xffk\xcbd\xbf\xe9\x9b\x87\xb8\xf8\x97\xea/\x0f\x9bf\x9e\xbcr\xf4\xcb\x8e\xe2_\xf1!n\xc6A\xa7\xe3\x82\x19\xfch\xf9t\xd8C\xfe\xc9Q\xb4\xb8\xb5\xa4~\xba\x08@8\x81\x0f\xea\x9fmPG\x03\x92\x02,\xb8\xeb\xb3\xfa\x96\x01&\x11a,*;\'\xcc\xffB3Q`M\x92\xfc0\xcd;T~\xd8p\x0c\xb8m\xe5\xfb\x8c\xa4\x9bE\xd8)\x01+j\xf87`\x9f\xf6\x00M$\x8b\xd3\x98\xea\xf20%\xf2,x\xadp1P\xf0\xa1\x04l\xd6\x1f\x80\xc8\xdd\xeb\xb6\xfb/\xc7\xb6\xfa"\xf5\x08\xf5\xd5\x01\xd6\x88Z\xd8c\xb8b\x87\xa01\xba\xbd\xec%\x9a8\xef\x855\xcc\x8b\x88\xd8\xedR*?7\xc8\x04`K\x1f\xa6\xf5i\xe7\x86\x8du\x92\xf3U\xd7\x03\xe5\x7f^\xd9\xa2\x12\x0fjS\xe3%\xc3\x86N&oT]\xf7U\xc6\xf1\x900\x85"\xe64Z\xff\x0b\xedO\x8e\xbc\x11R\xa72\x9f\xb1%\x87c\xb9\xb4\x8dq\xff\xa7\xe4\xad.\xd6\x1dw%\x84"\xba\xc2\xad\x9c\x81`\xdd\xb4n0\xb5&J6$\x0bsHF\xca\x10\xa1\x7f\xa61\x9e\x07\xea\xfb_\xbc\x9b\xe9\x9b\xf5\xda\xa7\xa0J\xf4x\xfe>\t\xe0p\xcbK\'\x83\x1a9\xa0\x05\xcb\xfe\xe96\xb4?4^\xa6\xfd\xf97\x07h\x9ci3V)\xdd\xf00\xf1e}!\x99[U|\xe7\x08`;\x06\x87q\x84K\x833\xba=?\xcb=p9\x87\xf8\xdb\xd4S\xfa\xc6\x02\xafT\x07\x16dK-\xe1\xcc\xfc\xd9\'\xdbX4\xe2;\xa7@\xdd_s3\x96\xd4\xd5\x9a\x99\xe5\t\x19\x1d\x9f-\xf9\'\xd61 :\x1fL\x0b\x12`\xa9\xd70 \xb6\xf3\xc2\xd5\xd1\xb7<%\x0bD\xd5\x12\xa9,\x02=k\xc5\xfa\x9aQ\x9ex\xee{\x94=\xf3\xce>\xbcpt^\xc9j\x1d(\xe3\x96\xc7|\x15|\xe4&\xb8\xcd\xb4/G\xd4A\xf3\xea\xdb\x80\xcd\xb7\xa6\xb8\x0f-\xe5\xad.\xc7}8\x1a\r\xb1\xf4?a\x83\xe1\xdeOC\xe5\x1e\xc2#\x10J\xce\x9a\xcf\xf3\xda\xdd\xd1q\x8a\xd23\x0c\x87\xdc\xa8zP|\xe81wU\xe3\xb8\x8d\xce:\xe1\xc16A\x1b\xc5\xdae\x9a\xf8a\x85\xca&\xfcRP\x9a\x12\x1b\xb3\x1e\xaaE>\x98f\x1c\xa8\xc8[\xd0K\x93B\x9d\x054\x1e\xb6/\x7f\x17{lzM\xd7\xe3~\xba\x82\xfe\x9b\xe5F\xb6\xc2\xcdi\xb4AD\x80\xc7\xcaG&\x96\x8d\xcb\x89(HQ^Z\x8dLi\x8a\xe65\xf5P^\xceK\x84\x9a\xec\xc4]\xa1\x90\xc7\xbd\xe3\xb8M\xb1\xb9\xb0\x07\x14\xe9ZP\x9c\x15$&Eb\x0e\xe7\xb02\xb1\x83\xe9\xb7 \x98\xd1\x8f\x9f,\xb7J\xfeK8\xfd\xc2\x83\xdaPm\xa9\xb2\x1c[\xae\x8e\x05\r\x0eM\xed\x18\xd4T\xa1\xc7\x00\x16\x13/\x0e\xaf\x88\xfc\xaa\xb5\xba4@=\x9f\xff\x9b\xbe\x00\xbd\xff~zC\xd1\xd3 G>-\xa8\xf7\xab\xc7\xa2\xf8\xff\xa0a~\xd9\x9d\x8f\x93\xe7-\x8c\x96\xf4\\5Lh\x92tA\xf0\xb2\x82\xba1\xc38n\x10\xe4)\x18M\xa2Q\x91\xd9\x80\x8d\xe2\x9d@\x10.\x07\x85\x8c\xfa\xa7\x01N\rZ\xfeQ\xdc/u\x89\xf7 \xa6\xf7,a\xbd0n\xc8r\x9c\x03\xd8.i\x10\xf5\xe3@\x12\x81\x93\xa1BO\x1a\xc1&\xb8\x08\x1e\xac\x91Q*\x18\xcdr<H\xb8\x88<\xb7\xf9~\xdb\xef\xe8\xb4\t\x92!\xbf\x89 \x0b\x83\x19\x13\x96s\xba\xc5 ^\xf461\xacH\xfe\xc3\xe9"\xa4#\xa2\xd6\xe8\xbcU%\xd5\x19\xcf\xd0\n_\xbd\x05\x14\xce\xce,\x1b_\xc7d\xa5j\\>\xf8;\xbc\x16\x84P\xdf?\x0c#\xee \x19\t\xd4[0\xb9\x14\x02m\'P\xaf\\\xc8\x81Bs\xd7RrJ\xa5c~\xc7\xa2k\x80\n\x8b(\xfb\x16c\xc1\xaf\x89\xe2S\x87\x87VR\xdbT\xf1?u|\xa7\x98o|\r\xdd\xcd:\xeb;|c\x93Xk\xf3\x1f\xe2Ql\xa7\xeb\xecVC\x07\xa4\xcc\xe3\x10\xa2\x8c\x88 \xcf\xe2\x043\xe1\x12\xb8\xb3Vf\xd6\xda_b K\x99;\xc6\xceL\xa3O\x88\xbd\xb9\xf3\x18H\xe1]G\xae\x93\t0\x11\x97gx_\xce\xafK\xe1\xcb\x8c\xf6\xf9*\xc9\x0b\x1fG\x07\xf7\xea\xc9\xc7Y\x9e\xec\xf3\xe5\xd4\x05t\x0cEt\x92\x11\x1bo]\xfe\x8d\x7f\xc4`\xe8\xa5|\xf2\x04MO\x12\x82\xf4\x90\x06\x80\xc7\xc8v\x910\xfdQ\x06\x1aBj\x18M\x98\xbdc\x95f\x8bq\x1d\x9f\xf6\x10\x94N\x18H\x85#\x96\xae\x9fS\xe3\x85 Q\xc8FT\xac\xd8\xbf\xbc\xf4H^\x8c6\xbc\x1c\xa5\nV.\xbe\xff\xe8\'F@\xf7\x95\xd3\x08\xa6T,|?j\xfc\xac\xad^\xd62\xdc&\xbcG\x19/q\x84\xd7\x9dP\xb4\x14H\xd6\xdc\xb8!s\xd6\xde{\xb9\xf3\x91ll\x12\x8e\xaa\xaf\xe3\xc7\x12\xfe\xfd\xf0\xbbLR\xc8)\x0e\x82\xcd\x02HD\xf80\xf8o\xd6\xc4f\x1f\x9e\x94u\xeeB\x14\x82\x85\xe1g\x10\x0c\x9d\x90t\x11\x11\xd2w\x86\xe6m\xf0\xd2\x12\xd0\x99\xd8\xae\xa8\xbal\x97\x9fC]S\xf3$\x9a\xf6\xad\xaf:&\xa2?\xb6P\x00V\x08\xdf\xbf\xaf\'?\x9edv(\xd8\r\xcfb\xf4\x19\xad\xf7\x84\x8e\x02\x95LQ\xaa\xb1\x0b\xba\xf7\xe0\x1bH}]+\xc6\xfbt\r\x1cW\xce\x7f\x17\xceB\x99\xca\xc2\x8cP\x96;\x8f\xe5\x80,\xaf\xbe\xad\xe4F\xb4(z\x01\xcd\xd7\xb4:`\x99\xf9#\xa8\x98\xbb\x03v\xaa\x80F\xb0\n\xff\xdc[\x8b\xd5g\x14\xf5;\x13\x08\x1d2\xd4M\x8d8&\xd1)\x1a\xee\x12\x1f\xf9o\x04\x1e\xa3?/\x9b\xeb\'A\xe9\xa4\xb8,\x96\xc8\xc7[\xcd\xc2\xd6\x8d\x97\xde\x06\xae\x18!\xf0\x1a\x1fm$i\x1b\x86\xb1\xf6\x10\x8c\xf6\xbd\x99\xc8\x7f\x8eO\x0bS\\/\xcd\xd1z\xe9\x84p\x99 9\xd8!9TH\xb6\xb4F3O\xe0\xb5\xa6\xf7\x93{\x1cSd\xf8\r\x85\xea\xe9K#Q\xe2\xb6}\xba\xbf\xdf\x1dE\xba\xcdw\xd2\x1f\xce=\xeb\x94\x11\x19\xe5=L\x01\xe2\x94s\x96\xac#\\\xc9E\xf6=\xa1\x82\xe5bTH\xce\xc0\x7f\x9a\xc4\xd20\x7f\x9e\xdb\x9d(_NH\xa0D\x0bw\xb9\xb99F\x89X\xe2\x17\xf6\xae\x02\x87\\\xd3\x11l\xdf\xd2\xc0\x9d\x1a\x12\n.\x9fh\xcbp\x97w\x02g\xed4\xf3t\xa0S\xce=\xf8\x04\xa8\xf4\x9c\x12H\x86\xa8\xe2\x04z\xdd\xb3*J\xfb\xc4\x1bW=\xb6w\xa8\xba9So\x18\xc8g\'\xe4\x86\xf7\xa9\x82\\\xb8\x85|\t`X\x17\xfd)\x0cjE\xe9\xd0/\xdd\x10\x8f\xaf\xb7S?,\xad\x062\x1f\xf0\x96\xed\x959#Z\x8e\xc9\x1a\xa6O\xa6\xb062AeU\xc6\xd8\x91\xff\x8e\xbe\xdb\xcbK\x96qM\xa4<JJ\xc7\xf8\xeb\xd0\x14\'\x9b3Y\x9fj\xfa+\x18$\t\x179\xa4G\xb2\x992Q,g\x87fx\x94\xd4\x9f\xad\xb6\xf4n\x1b\xcbB\xd2\x81\x905\xda\xccD\x8c\xc6\x97\x14r.\xd9\xf0\xfa\x10\xe4\x0f2\x98\xd9\xe44\x1cz\xac\xd0\x8e\x9f.\x1d\x87D\x9bO\x12\x95\xcdW\xf2\xe2\xa9Y\xd3\xa8\x85\x92\x92\xf0e\x87\xff2mZ\xc6?\x87\x1eL\xe2\x8c\xa1\x18\xf2\xc11\x0f\x92\x1d\xf02\x802\x85\x0c\\\x80\xe4\xd2\xf6)\x0c\xeb\xf7\xe7\x8b\xac\xdc\xba:\x00=r\xd5\xad\xf8\xbd1l\xee\xd6\xea\x8a@*\xd4&i\xee/\xa2U\xad\x17?\xca\xd7\x8f\x0e\x1a\x87\x8d\x1e\xaf\x18\xd1hY\x01\xa6\xf2\xdf\x92\xfd\xc6W\x95\xe8\xdag\xe3O\x98\x1d\x93\xc4\xb1\xd4\xf0\x16\x84x\x97\xac\xd7h%\xda*\x87\x91\x168\xd3\xb9Q`?<\x1c\xa4\xa1\xec\xe6\xda\x03\xa4\xb0\xf2b\x16\x90F\x94\xce\x06\x12V\xad\xe9\x18\x81\x8a\xe8Gla\xba\xae\xac\xf3c\x06\xc1\xb5eBVk8\xb9\xa8`\x9c\xf9LB\xef\x15\xc93\x06\xef$L4\x1cZ/q~\xf0\x1a\x93\xcf\xa3\xaa\xd5\xdd^\x07\xba\xbd\xc7\xff|\xa3\xe2\x91F\x83^\xac\xe9\xaeqK\x95\t)Z\xd4\xf4\xf4\xe4\xd7\x8dl8\xfa\xcf\xe9Y\x11\xd5_\xe4;Ix@\\\xf8\xf1\x8c\xa4\xb7\xd2\xca(o\xca_N\xe6\xd0W\xeeg\xf4l\xe9\xce}VY\xdd\x18,\xceq\xcd\x13w \xa0\x8fpX\xa8M|\xb0J \xf3\xb0\xc5\xb5\xbfW\xfe\xdfJ\x9aj\x07\xfb\xef\x8b\x7fdw\xfa\xeb\x8dK3oH\xfeq\x18\xda\xa3\x1c\x1c\x0b\x14\xcb\x18\xa9\xf5\x02\xf2a\x03\xf2\x11\x8a\xf2\x92\xcas_\xab\xb0\x01\xdf\xd5J\\C\x98\xf0\x13S\x16\x94\x9b\xd5\xc2M\xde{[\xcf\x1c\xe4LN\x9e\xaf\x84\x05ipD\xf1\xf9\xe1z\xd5\xed_\xf5]dYq\x0c\xc5\xe5\x04\xf4\xd5\xa1\x1b\xee\x80\x7f\x13\xbe\xc3\xa8\xc4\x16=\x1c\xd6J\xe49\xaf:\xffF\xdcJI\xcc\x0c7\x91\xa1\xe7\x11\x84\r\xec\x8a\xc1\x94\x15\xba\xdcc\xca\xd2\x88GK\xa5\x81r\xacC\x8a\x14\xb6g\x19z\x83\x99\x9d:\x859VWLT\x9a\xd3\xa4o\xef\\\x05#\xe2r0\x95\xcd\xd7LL5\xb3\'X\x85\xdc\x97+\x180\x9b`\xb4<\xbea\x95x\xb9{\xb5yTD\xac)qQbD\x86\xc6>\x9cHM\xe1\xe5Y\x01>\xe4\xeb\xf22\x02\xbeku\xe1g\xfa_|\xbe~\xd7\x12`\xb2\x80\xbf(\xd3x\xcd\x01:T\x05\xe2\xc6\xb6\xc5j5\x80\xc5\xc8b\xce\xc5\x8f0y\x88\x1b\xcdmt;\x81\x95\xf7\xbaN\xb7\xa3u\x89J\x06@\xb4\x049\xdby\xe2\xb3\xf2"\xc9X\xab\x0eg\xed*8Um)\xc4\x03\x1e(\x06D-\xc0\xecA\x92\xe3\xd5\xd5\x8cy\xcc-\xd3\xb1\xda\xd4\x8d\xa7\xc1\xe7\xcd"\x1dA\xc4f!]\x03mq\xf1\xbb1\x11\xdaY\xf6\x93vHr{ZVG\x87\xb7\x8f\t\xe3Q\x80_\xe0H\xc9\x1b\x13?e\xd2\x00\xb2\xa6\x8d6\xffYc\xd1\xad\x1b\x0f\xfa\x94N\xaf\xadv\xad\xb13\xb4\x01\x9f#W\x90\xe0W\x8d\xa0\xee\x1av\xa7\xf5\x8dG\xce\xd0Kz\xeasN\xe0\xe0\x10'
tbI624
I0
F0
tb.