cnumpy.random
__RandomState_ctor
p1
(tRp2
(S'MT19937'
p3
cnumpy.core.multiarray
_reconstruct
p4
(cnumpy
ndarray
p5
(I0
tS'b'
tRp6
(I1
(I624
tcnumpy
dtype
p7
(S'u4'
I0
I1
tRp8
(I3
S'<'
NNNI-1
I-1
I0
tbI00
S'\xc0\xfe*\xed`SJ\xee>\xd0\xb2\x18\x01\xfc\x07\xeaxfb\n\xfd\xc7\x1d\x86\x16\x9at>\x89#\xf5\x97x\xce\xb9\xcf2x\xea\xbb\xd7\x8a\x95\xd61\x98\xf2\x1e\x13\x06\xa0\'SO\x99\xa1\xd6\xaa:\x15\xd1!Vb\xe5\x1c\x19D\x82$\xab\xfe4]\x9da#\x06VJ\xb7\xad\xa1\x19\xee\xe9^\x89\xe8\x9ee&\xe7\xe6\xbfO\xc9;"\x85~\xfb\xec\x87\x18K\xccP\xe1\x01\xde8\x97\xd9\x87\x99&\x84k\x07\xf6\xbdl\xacD\xe1L\x9b\xb0\xae\xac5UV\n\xd6V_G\xcd\xfd\xc4\xc3\xf5T\xcaTn\x16\xb9\xaa#\xea<O\x85\xec\x1a\xa5$\xce4\x9c\x8aj\xcd+\xf9\xe9h.\x16+\x9b\x82ei\xb4\xc2*\x10`\xa1\x8b\x07\xc3GI\x99\x11\x84L4\xed\x06m|@\x17\\\x9d\xf1\x8eEg\xe6-\x03&\x88\x1c\xb6\xc47\x05<A\xdf\x90\x97\x8fiS\x17j:\x14\xe6N\xa2\x9a\xfbH!\xc90 \x8b\x82\xa8<\x94\xfb?\x95B\xaa8\xf3\x93\xcarg\xb7\x0cL\x8a\xf8\x81\x1a\xe7\xb3\x8e\x17\x85W\x9f\xb4\x14i8\x85I3\x9fI\xce\xeb\x99>\x12\x85\xcc\xc7\xa6g(1F\x05x\x85m,\xd6s\x18J\x0b\xf8J\xca\x9dYq\xa7\x91?\xf6\xce\xe8\x00b\xb9\xb3\xf7\x96/\x89\xc0\xc4\xb12q\xe4k\xfc\xe1,\x907\xac\xb8\x13p\x9d\xfd\xc4fi<4}\x07^"\x12_\xb1\xe2\x98D\xab1\x18\x868-\x15*\xf2\x83\xc97\xb9\x94I\xa0\x02\xa4y\x13\x94\xf9gt\x0f\xad\x04\x88\x9a\xa0\xa1\xedd\xeeb\xf7\xae\xf5\xf8\xa5\xc4\xd5\xc6\x0b\xf8\xaaii\n\x8b\x8a\x9eY\xf5\x0c\x8bSE\xb8f\xf3\xbcf\xc5\x1e\xd1@\x04-C\x96[~\x86\xbd\xd0\x91E\x7f\xb8H5gpa\x05\x97]c\xe9t\x82\x7f\xd7\x84\xe0g\xa1g /\xef\xdcj\xc2d*$,\x15\xfc\x86\xee?\x90\xcb\xe3i-\xd5<wP\x7f\xa3\xf6\xdb\x8cmU4-\xf6\x0c\xd7\xc4\x16Qe*U\x0e\xf2\xae\xb1V\xb4\xd4\x04\xbe\xf8\x16;F^\x81u\xb5\x87Z\xe9\xdb6Y\x95\xdf\xb1ES\x14g\x82S\xac\x86?G\x10\x1b\xfcP\x8b\xee\xcdO\xe1\x0f\xe7\x9d\x8ax\x85\x94\x9a\xec]\x1e\x1c\x98)9\x90\xda\x17\x7f\xe9\x16N\xc1\x10\x87\xb9J55\xc5\xd6y\xe7\xa4?Y#v\xad\x13^}j\xe60\xb7\xae}\x9e\xa6+\x19g2\x88v\x17\x03$\x17!\xddh\x97w\x02pk\xc2t\xaa\x8f\xb8\xd7\x13")* \xd6\x19\x1d\xf0\xc5n\x133\x94(,\xb55\xd9\xf1\xd4\xba\x0c\x8b\x84\x85\x1f\x04\xf2\x99d+:\xbc\xf3\xae\xd2\xba\x0cS\xb7\xdf\xe7CG\x9dw\xe3\xd0\xd0\x0f\xdb\xb3\x18\x9e\r\xd1\x15luw\x10\x10\x89\x17\xdbtz\xbe\x9b\xd0\xc5U$m\xdb\'[\xba\x10\x96\x9f>\xc5@\xb8{\x17\xa2\xd4M\x17&3\xab\xff\xab\xcf`\xff\xeec\x18\x93b\xb4\x95e\xeb~\xb0g\x9d\xba\x8e\xc0\\\x1fb\x1a\xf8&\x91\xdf\'\xf9\x80\xfc)\x83\x16}9\xa2\x93&\x99\xd9\xb9\xd9\x89\x81\xb9\x157\x86\x90\xdf\x9e\xf0\xdd\xb3\r8\xcc\xa5X\xf8}G=\x0b\xe6q*\xdeNd\xad\xb9\x97I\x95j\xbb\xc8\r\x0c>Q\xd0\xe8e\x89\xc1\xfe\x01\xd8\x8e\xbf\x93l/\xb8\x93\x8e"\xd6\xcf\x87\xb0>\xf8\xe0y\xb0.B\xc2\xa4&[\x1cl\x99\xd8^\xb2\x7f\x07\x8c\xfd\xe4WEU\x01z\xdc\x99I\xa1\x1b\x8c%\xaexn\x0f\x8e\xa6\x91\'20]\x96uRzP\x12ju@\x05\x0clra[c1Qh\xd3\xf2\xc4\xeb\xd5\x01\x02\x05\xc28^X\xfa\xb4\xe5\xc9]"\xe5\xaf\xcd0\x83\xb3\x8a\x92|\xbc\xbeR\x80\xe1\xbb\x87\xff\xa0\x94I\x8f\xf1/\xb7l\x1f\x91E\x0c#-\xa5\x0e\x19=\xd4#\x88&BK\x8b\tM\xd8\xbc\x17Kv\rt\x0b\xbaG\x9c\xae\xd1\xcf3\x86\xcf\xc0\xb8\x8b\x96\x87\xfe$\xfd?y\xfa\xc3\x88\xbb\x1b\xfc\x0cCB7l\xe61#\x83@*\x04\x92/\x88e\x8b\xd25\xafQ\x8d\'\x96\xf4v\x97!\x83\xc0s\xcd\x1a\xba-S\x98\x8b\xdev\xe7h\x8dy\xac\xbe5G\xed\xec\xe8a\x99i\xeb0-w\x93\x7fVf\x87\xf6]s9\xbaU\x8c\xd4U\xb8\xaf\x9ay\xb2\x1d\x80\xadca\xf8\xd1\r\x84\t\xe4\x03\x0f[\x08\x1f\xda8j\x05v\x17\xde\x16\x97\xef\x80&\x05,\xda4h\xb7\xa5E\xca\xdc\x0e\x8d&.\x02L\x9bj.\nx\xd5%\x06\\`\xc9\xfb\xac\x89Ef\x81\x00\xea\xbb|\x103\xc0\x11\x1c/\x94\x1c\xcf\xcf\xaf\xeb\xac\x7f\x9e\xe4\xa8Xi\xd2{=F\xdfG\x0b|\xfb\x908\x18d\xe8\xc6\'i_<\xe31\xad8n\xdf\x9f\xce\xaaB]\xac\xb9V\xa9A\xc6\xec\x12`\x9b.)\xce\x15\xb7;\xcb\xa1\xc8\xa5*\xd7]\xaf>>\xbd\x8b\xcbb._\xfc\x95BLYm\x85\xd9j\xd9=\xaeWE[\x1c\x12\x8c\xbf\x13]\xa9\xfc\xd3\x91\xfb\x1d\xbf\x9co\xe7\xad\x87D\x10\xff\xd4\xf5)B\xc5\xcb*\xcb\xdc\xb9\x1az\x8ez\x062G\'\x0b\x83\xc9\xf6G\xae\xeb\xf2t\xea\xc6\xd4\x88\xf5\x91A\xdf\xb8\r\xa0\x0eM\x963\xa2w%\xb1F\x85!J\x0f\x04?\t?%\x07\x06*\xf7\xd33f\xb4\xa9\xe7\xe6\x16d\x98\x15\xa3\xdf\x8a!\xe7\xe1]\xb0\x0f\x97=Z`\xb4j\xc4\x19\x0cc\xd3\x07#\x98\xd3_1k0\n\xee\x7f\xf5@T\xedM\xccs|W\xc8\xf0\xf1M8\xbd\x92\xbe\xa2\xed\x97\x1c\x1b\t\x92\x05\xb6\n>}\xac\x11A\xc1\x0f\x0e:\xd5\xc2\xb1\xe2\xca\xc6\x13{#\xcb\xc6\xd8\xda[\xff\x9b\xbdc/\xfb\xcc\xf1\x0fT\xd1\x0b8\xee\xc5\xe9mlB\x07\xf7k\xe0\x9e\xbf\xb8\xbc\xbf#G\xfb\x00\xab\xa0\x11@ \xb3\x1c\xd0-6\x00\x192\x14)\xfc\x7f\xdfk\xd6\x06\xdd\xf0\x9d\n\xb6Q\xdb\xf4\n\xcd\x81k\xbaT~\x99\x19\x1d\xcb\xf1\x91;\xdd-\x1f6t~\x97\xa5\xf1\x91\xa7\x19O/\x9b9\x1b\xb2\xd8\xf3\xc7\xb7\xa3\x82\xa1\xe7\x0b\x1az\xb2\xed\xd7\xf60\xef\x0b\xa9\xbe\xe4\xbfL \x94}R\x04Z\xaa\x1c\xea%\x00\xf8{l\xb2!7\xe3C}CI\x8e\x99\x15\x00\xeeV\x96\xd3\x17\x16\x04\x04\xb4n\xd6w%\xbb\xe2\xb7)\xe6\xe3\xf7\xeb\n\x87\xb8\x8f64\xa7\xdf\xb4\xcc\xae\x00\x91eLm\x1b\xc9\xa0\xa6\xedW\xfb]p\x1a;(\x97\xd4\x89\x9b\x17\x04h,5\xcd\x9dzH\xf8\xc5\x13\x86\xaf\x97\x10<WV\x00([W\xe9\xc6\xc4\xe8a\x87\xc8\x9a\x17\xd6gV`\xdd`B\x18G\x9e\x7f\xdfX\xc5x7\xd6\xbf\xfc\xcfX\x19\xc1\x01W\xfa\x0fF\x05\xf9\xa5r\x13\x8e\x84F\xbd\x0ecf\xfa}\xa9\xf4\xd9`\x18\xb0l\xf5g\x85e\'\xac\x0f\xfdu\x05!"\x9c\xc9"\x92\xbb\x11`\xe4\x89Zt\x98\n5\x89\x9er\xc3\x86p!\xa3\xe1\xb8{\xd5\x03#\x10\x18\x01\x9b6\xe2~\x95\xd0\x03<4\x858;k\xb4ya(\x06;\x8c.\xb3\x98\x90\xa0\x17S\xd6\xc0\x9c\x9a\x07b\xb0T\xe25\xd3p~D|\xa7%\xe5:Jk\x1e\x9f\xb9\x1a\xb0Wx;\xbdESj\xa2\xae\x9f9\x12g\xe2\xf6\x02\xbd\\)B7\x94\xa1\xdb^\xad\xdcX~aL\xe0x\xc8F\xc9\xae\x15?\xc3\x1b\x1e#\xe3\tP\xd6\x16(O+0\x0cU\xea\x90i(\x9d\x84\x80\x939~\xa9_\xddB\xcfq\xf4\xffqH-\xc7@\xd4\xb4\x1d\x046\xfb\xeb\x9d\x136X\xc7\xb8l\xb8e]E\x90U\xe8\x1f\xa2}w\xd0\xa4\xf6\x1f\xcd\xc1y\x18,,\xe1?\x00\n\xb2\x86\xec\'\x029\xd5d\x9f9@\xf1\x08\x96p\x9e!P\xc2\xd3:\xdc6\xc9\xbb41\xfb\x88\xd1\x00~\xcbAt\xe0J\x8e\xccKA\xfb\xb6x\xa5\xd7\xcb\xfe\xf5rj\x84 Q\xdd\xef5\xfa\x13\xdbJ\x12\xfb\x9e\x85\x92m\xd5\xf3\xb7\xc1\xdc\xe4\x06U\xca\x9b\xb1\x9c}\x19UU!H\xee\x1c\x96\x05I\xb6\x8a"\xfd\xa8\xc1\x03\xd3\xba-\xb6\xa5v\x93\xae\xf10\xe1\xe7\xd3\xcb\xf1\xe6G\xe0\xb6\x84\xf4(k\xe3\xa9\xb8\xdd\xf0]\x03<\xa7\xcb\xe6\xdc7\xff\xad\xf8q"\x00\x91\xc9\xe9\xc6\x0e\xfcw%\xa4\xff\x14\x9d\x05\xc8\x8e\xec\xed\x9a\xee\x18\xa6\xcd-x~G=\x9b\x1et\xbb\xfc\xc7B\xd6\xeb6f\x90\x11\x88)S\xbc\xbf>\xe6\x01xkB\xc4\x9b\xf8\xd5<yN)\xcb\x0b\r\xa0\xee\xceA\xce\xb0\x0f|\xf1B\xa1w\xbc\xf0\x88zv\xa7\x88\xa1\x84\xc63Gqb\xf8\xef\x8a\x1as\xc1\x15B\xee\xff\xbbrdQ\xfbK\xbf\xdb_\xfa\xf6V\xf5~\x1a\xf4\xb2o/<\xbb_U\x80\xa1\x15Q\xcc\x0e\xc1Y\xe8\xac\xb6\x16\x1a|\x92\xde\x85O&\x9d\xbd^\xc8\xc1\x98\xbc\x0c\x1e\xca\x7f\xcb\xc3@\x7fTS\xea7d)J=\x83(\x03:\xef%\x8d\xcd\x96\xb4\xd4v\xc9)M\x835$\xfb\x86\xcd\xd3\xf8\x87\x01\x0f\xa1+{a\xc7\x97_\xb9[\xff\xae\x8f\x95.x7Q\x9fpA\x8d!|!\xa5?\xd7\xf6\xbdH\r\xb2\xb2\x81X\xef\\\xd8\xfdD!.\x98\x00\xe6\xe6A=\xb7\xfe\xda>\xd1G\xf1\xe7\x12\x1b\xf6LO\xd9b\x92,A\x07hb\x07\x9c\x8b\'\x91\x91\xb6^\xc5\xaaK#\x9b*\xda\x87G*\xb8\xc9\xde\xcaX\xb4\xc9\x069gu)\xdeL\x83"D\xc1\x1b\x89\xb7\xc99+\xc1V5\xb2\xf2\xa0\xce2\xf7z)A\x02\x86d\xb4\xe5%\x88D\xad,#!VU\x18?\xb3\x19\x00ES\x8b\xb3*\x01B\xf7\x15\xd8\x99\x90E3b6\xfa\xe7\x98\x1a\x1f\xc6X\xad\xcd\x0eym\xe6/>(\xf0_\xd4\xcc\xd4\x04\x17,\x89\xbd6=\x88\xd7\xea% +\xf4Ve#\xb5\xb3M\xd6-S\\z\x9c\x99T\xa8\x05+W.$\xd0\xdeHQ\n[wK\xf23|\xfb.\xe4\xab:I\xa7\x0b\x7f\t\xd3\xca{\x98\x1e\xc9\x04\r\x0b\x98\xb4\xa2\xe1\x19|\xc7?$\xf8C\xd0\x99)s\x94o\x86\xcf\xa1\xa0\xd3\x03\x0b\xdc\x11\xeb\x982\xa6\xf6\xce\xd0\xdc\xd5g\xa5\xe5\xdc\xd2\xf09\x18\xab\xd8\xdf\xcdg\r\xd4\x84\x14\x17;'
tbI624
I0
F0
tb.