# time 	 divergence 	 # of mutations 	 # IGC chances 	 IGC length 	 # IGC failures 	 Changes due to IGC  	 % change due to IGC 
0.0	0.0163599182004	0	0	0	0	0	0.0
2.69567251395e-05	0.0163599182004	0	1	3	0	0	0.0
0.000122187766293	0.0163599182004	0	2	3	0	0	0.0
0.000467276557483	0.0163599182004	0	3	3	0	0	0.0
0.000587411856596	0.0163599182004	0	4	3	0	0	0.0
0.000983900745415	0.0163599182004	0	5	3	0	0	0.0
0.00127931854415	0.0163599182004	0	6	3	0	0	0.0
0.00132618132059	0.0184049079755	1	6	3	0	0	0.0
0.00132718235475	0.0184049079755	1	7	3	0	0	0.0
0.00143915967381	0.0184049079755	1	8	3	0	0	0.0
0.00177377500818	0.0184049079755	1	9	3	0	0	0.0
0.00193852971295	0.0204498977505	2	9	3	0	0	0.0
0.0019818507717	0.0204498977505	2	10	3	0	0	0.0
0.00221205184518	0.0204498977505	2	11	3	0	0	0.0
0.00229843446319	0.0204498977505	2	12	3	0	0	0.0
0.00273693379616	0.0204498977505	2	13	3	0	0	0.0
0.0030523241	0.0204498977505	2	14	3	0	0	0.0
0.00309240507948	0.0204498977505	2	15	3	0	0	0.0
0.00340034955393	0.0224948875256	3	15	3	0	0	0.0
0.00353141245679	0.0224948875256	3	16	3	0	0	0.0
0.00357116176162	0.0224948875256	3	17	3	0	0	0.0
0.00374191687732	0.0224948875256	3	18	3	0	0	0.0
0.00397012748698	0.0224948875256	3	19	3	0	0	0.0
0.00462357297724	0.0224948875256	3	20	3	0	0	0.0
0.00481796475836	0.0224948875256	3	21	3	0	0	0.0
0.00497594125556	0.0224948875256	3	22	3	0	0	0.0
0.00504294045114	0.0204498977505	3	23	3	0	1	0.25
0.00506790020396	0.0204498977505	3	24	3	0	1	0.25
0.00539818174257	0.0204498977505	3	25	3	0	1	0.25
0.00555265956285	0.0204498977505	3	26	3	0	1	0.25
0.00581074169751	0.0204498977505	3	27	3	0	1	0.25
0.00611185719162	0.0204498977505	3	28	3	0	1	0.25
0.00634836227531	0.0204498977505	3	29	3	0	1	0.25
0.0063718377488	0.0204498977505	3	30	3	0	1	0.25
0.00644591043599	0.0204498977505	3	31	3	0	1	0.25
0.00649808213796	0.0204498977505	3	32	3	0	1	0.25
0.00662514518472	0.0204498977505	3	33	3	0	1	0.25
0.00666658674247	0.0204498977505	3	34	3	0	1	0.25
0.00672365075662	0.0184049079755	3	35	3	0	2	0.4
0.00782098864986	0.0184049079755	3	36	3	0	2	0.4
0.0078344713906	0.0184049079755	3	37	3	0	2	0.4
0.00791732615586	0.0184049079755	3	38	3	0	2	0.4
0.00811745509612	0.0184049079755	3	39	3	0	2	0.4
0.00817255539578	0.0184049079755	3	40	3	0	2	0.4
0.00841935789397	0.0184049079755	3	41	3	0	2	0.4
0.00844887587934	0.0184049079755	3	42	3	0	2	0.4
0.00947684898222	0.0184049079755	3	43	3	0	2	0.4
0.00963865551205	0.0184049079755	3	44	3	0	2	0.4
0.00988529946943	0.0184049079755	3	45	3	0	2	0.4
0.0101004665827	0.0184049079755	3	46	3	0	2	0.4
0.0101105237016	0.0184049079755	3	47	3	0	2	0.4
0.010235769445	0.0184049079755	3	48	3	0	2	0.4
0.0103905815998	0.0184049079755	3	49	3	0	2	0.4
0.0103916704864	0.0184049079755	3	50	3	0	2	0.4
0.0104932197545	0.0204498977505	4	50	3	0	2	0.333333333333
0.011087311749	0.0204498977505	4	51	3	0	2	0.333333333333
0.011319876747	0.0204498977505	4	52	3	0	2	0.333333333333
0.0121127055461	0.0204498977505	4	53	3	0	2	0.333333333333
0.0123533908045	0.0204498977505	4	54	3	0	2	0.333333333333
0.012368256076	0.0204498977505	4	55	3	0	2	0.333333333333
0.0127818148853	0.0204498977505	4	56	3	0	2	0.333333333333
0.0135143361225	0.0204498977505	4	57	3	0	2	0.333333333333
0.0138401540219	0.0204498977505	4	58	3	0	2	0.333333333333
0.0139822847442	0.0204498977505	4	59	3	0	2	0.333333333333
0.0145222834939	0.0184049079755	4	60	3	0	3	0.428571428571
0.014618534659	0.0184049079755	4	61	3	0	3	0.428571428571
0.0155749361707	0.0184049079755	4	62	3	0	3	0.428571428571
0.0158176171794	0.0184049079755	4	63	3	0	3	0.428571428571
0.0159628118359	0.0204498977505	5	63	3	0	3	0.375
0.0159893049493	0.0204498977505	5	64	3	0	3	0.375
0.0160038564836	0.0184049079755	5	65	3	0	4	0.444444444444
0.0160997251327	0.0184049079755	5	66	3	0	4	0.444444444444
0.0161676292715	0.0184049079755	5	67	3	0	4	0.444444444444
0.0163142783802	0.0184049079755	5	68	3	0	4	0.444444444444
0.0165982248076	0.0184049079755	5	69	3	0	4	0.444444444444
0.0166728832783	0.0184049079755	5	70	3	0	4	0.444444444444
0.0169696131899	0.0184049079755	5	71	3	0	4	0.444444444444
0.0169847918452	0.0184049079755	5	72	3	0	4	0.444444444444
0.0172538877607	0.0184049079755	5	73	3	0	4	0.444444444444
0.0173934858256	0.0184049079755	5	74	3	0	4	0.444444444444
0.0175074467506	0.0184049079755	5	75	3	0	4	0.444444444444
0.0187884259763	0.0184049079755	5	76	3	0	4	0.444444444444
0.0188839253055	0.0184049079755	5	77	3	0	4	0.444444444444
0.0190672376749	0.0184049079755	5	78	3	0	4	0.444444444444
0.0193189770414	0.0184049079755	5	79	3	0	4	0.444444444444
0.0200020397391	0.0184049079755	5	80	3	0	4	0.444444444444
0.0200548343143	0.0184049079755	5	81	3	0	4	0.444444444444
0.0201312889858	0.0204498977505	6	81	3	0	4	0.4
0.0202086668581	0.0204498977505	6	82	3	0	4	0.4
0.0206559171914	0.0204498977505	6	83	3	0	4	0.4
0.0208016737795	0.0224948875256	7	83	3	0	4	0.363636363636
0.0208774013615	0.0224948875256	7	84	3	0	4	0.363636363636
0.0212291949248	0.0224948875256	7	85	3	0	4	0.363636363636
0.0214496899137	0.0224948875256	7	86	3	0	4	0.363636363636
0.0214558515578	0.0224948875256	7	87	3	0	4	0.363636363636
0.0215322776014	0.0204498977505	7	88	3	0	5	0.416666666667
0.02170987739	0.0204498977505	7	89	3	0	5	0.416666666667
0.0227216617018	0.0204498977505	7	90	3	0	5	0.416666666667
0.022909158272	0.0224948875256	8	90	3	0	5	0.384615384615
0.0230477531939	0.0224948875256	8	91	3	0	5	0.384615384615
0.0233505981205	0.0224948875256	8	92	3	0	5	0.384615384615
0.0234226387537	0.0224948875256	8	93	3	0	5	0.384615384615
0.0234295495313	0.0224948875256	8	94	3	0	5	0.384615384615
0.0236409918131	0.0224948875256	8	95	3	0	5	0.384615384615
0.0237293003155	0.0224948875256	8	96	3	0	5	0.384615384615
0.0238404188364	0.0224948875256	8	97	3	0	5	0.384615384615
0.024062887964	0.0224948875256	8	98	3	0	5	0.384615384615
0.0242144448979	0.0224948875256	8	99	3	0	5	0.384615384615
0.0243584222958	0.0224948875256	8	100	3	0	5	0.384615384615
0.0244659567036	0.0224948875256	8	101	3	0	5	0.384615384615
0.0247249862102	0.0224948875256	8	102	3	0	5	0.384615384615
0.0247863921424	0.0224948875256	8	103	3	0	5	0.384615384615
0.0248140412698	0.0224948875256	8	104	3	0	5	0.384615384615
0.0250701325659	0.0224948875256	8	105	3	0	5	0.384615384615
0.0262692314319	0.0224948875256	8	106	3	0	5	0.384615384615
0.0262790304649	0.0224948875256	8	107	3	0	5	0.384615384615
0.0263556274987	0.0224948875256	8	108	3	0	5	0.384615384615
0.0265919612272	0.0224948875256	8	109	3	0	5	0.384615384615
0.0266339793686	0.0245398773006	9	109	3	0	5	0.357142857143
0.0267656300281	0.0245398773006	9	110	3	0	5	0.357142857143
0.0270643265307	0.0245398773006	9	111	3	0	5	0.357142857143
0.0271552948219	0.0245398773006	9	112	3	0	5	0.357142857143
0.0271739358968	0.0245398773006	9	113	3	0	5	0.357142857143
0.0273629834305	0.0245398773006	9	114	3	0	5	0.357142857143
0.0274166943794	0.0245398773006	9	115	3	0	5	0.357142857143
0.0274980240485	0.0245398773006	9	116	3	0	5	0.357142857143
0.0275807038485	0.0265848670757	10	116	3	0	5	0.333333333333
0.0276409921778	0.0265848670757	10	117	3	0	5	0.333333333333
0.0276463723206	0.0265848670757	10	118	3	0	5	0.333333333333
0.0278172226129	0.0265848670757	10	119	3	0	5	0.333333333333
0.0278223357153	0.0265848670757	10	120	3	0	5	0.333333333333
0.0285155449311	0.0265848670757	10	121	3	0	5	0.333333333333
0.0289233703965	0.0265848670757	10	122	3	0	5	0.333333333333
0.0290027869216	0.0265848670757	10	123	3	0	5	0.333333333333
0.0298422947835	0.0265848670757	10	124	3	0	5	0.333333333333
0.029850511431	0.0265848670757	10	125	3	0	5	0.333333333333
0.0298998196743	0.0265848670757	10	126	3	0	5	0.333333333333
0.0306437188289	0.0265848670757	10	127	3	0	5	0.333333333333
0.0309009015138	0.0265848670757	10	128	3	0	5	0.333333333333
0.0319713610291	0.0265848670757	10	129	3	0	5	0.333333333333
0.0324012260253	0.0265848670757	10	130	3	0	5	0.333333333333
0.0325734241071	0.0286298568507	11	130	3	0	5	0.3125
0.0327864855638	0.0286298568507	11	131	3	0	5	0.3125
0.032956702129	0.0265848670757	11	132	3	0	6	0.352941176471
0.0331648689558	0.0265848670757	11	133	3	0	6	0.352941176471
0.0332905029602	0.0265848670757	11	134	3	0	6	0.352941176471
0.0337321725258	0.0265848670757	11	135	3	0	6	0.352941176471
0.0338493038717	0.0265848670757	11	136	3	0	6	0.352941176471
0.0339637494314	0.0265848670757	11	137	3	0	6	0.352941176471
0.0339937738339	0.0245398773006	11	138	3	0	7	0.388888888889
0.0340150907389	0.0245398773006	11	139	3	0	7	0.388888888889
0.0342834086682	0.0245398773006	11	140	3	0	7	0.388888888889
0.0347015476148	0.0245398773006	11	141	3	0	7	0.388888888889
0.0348307038133	0.0245398773006	11	142	3	0	7	0.388888888889
0.0349108989112	0.0245398773006	11	143	3	0	7	0.388888888889
0.035259999085	0.0245398773006	11	144	3	0	7	0.388888888889
0.0353297800173	0.0245398773006	11	145	3	0	7	0.388888888889
0.035513793329	0.0245398773006	11	146	3	0	7	0.388888888889
0.0361142321657	0.0245398773006	11	147	3	0	7	0.388888888889
0.0361642084434	0.0265848670757	12	147	3	0	7	0.368421052632
0.036243384975	0.0265848670757	12	148	3	0	7	0.368421052632
0.0363496204899	0.0265848670757	12	149	3	0	7	0.368421052632
0.0367434101956	0.0265848670757	12	150	3	0	7	0.368421052632
0.0370100531108	0.0265848670757	12	151	3	0	7	0.368421052632
0.037142670148	0.0286298568507	13	151	3	0	7	0.35
0.0375540801129	0.0286298568507	13	152	3	0	7	0.35
0.0375988496043	0.0286298568507	13	153	3	0	7	0.35
0.0379430680855	0.0286298568507	13	154	3	0	7	0.35
0.0380283291691	0.0286298568507	13	155	3	0	7	0.35
0.0380996523815	0.0286298568507	13	156	3	0	7	0.35
0.0382135868265	0.0286298568507	13	157	3	0	7	0.35
0.0383387900972	0.0286298568507	13	158	3	0	7	0.35
0.0384884542765	0.0286298568507	13	159	3	0	7	0.35
0.0385043150376	0.0286298568507	13	160	3	0	7	0.35
0.0385448797137	0.0286298568507	13	161	3	0	7	0.35
0.0385951715389	0.0286298568507	13	162	3	0	7	0.35
0.0388493778232	0.0286298568507	13	163	3	0	7	0.35
0.0391128321716	0.0286298568507	13	164	3	0	7	0.35
0.0392077617783	0.0265848670757	13	165	3	0	8	0.380952380952
0.0392319313325	0.0265848670757	13	166	3	0	8	0.380952380952
0.0393512976629	0.0224948875256	13	167	3	0	10	0.434782608696
0.0400399558299	0.0224948875256	13	168	3	0	10	0.434782608696
0.040182915885	0.0224948875256	13	169	3	0	10	0.434782608696
0.0402257215774	0.0224948875256	13	170	3	0	10	0.434782608696
0.040491841375	0.0224948875256	13	171	3	0	10	0.434782608696
0.0406672392678	0.0224948875256	13	172	3	0	10	0.434782608696
0.0407581644911	0.0224948875256	13	173	3	0	10	0.434782608696
0.0409585041457	0.0224948875256	13	174	3	0	10	0.434782608696
0.0410680017839	0.0224948875256	13	175	3	0	10	0.434782608696
0.0418314056068	0.0224948875256	13	176	3	0	10	0.434782608696
0.0418797911849	0.0224948875256	13	177	3	0	10	0.434782608696
0.0426173256437	0.0224948875256	13	178	3	0	10	0.434782608696
0.0431861330588	0.0204498977505	13	179	3	0	11	0.458333333333
0.0433775370034	0.0204498977505	13	180	3	0	11	0.458333333333
0.0434467983012	0.0204498977505	13	181	3	0	11	0.458333333333
0.0436892005883	0.0204498977505	13	182	3	0	11	0.458333333333
0.0437892572696	0.0204498977505	13	183	3	0	11	0.458333333333
0.0438771876348	0.0224948875256	14	183	3	0	11	0.44
0.044280362829	0.0224948875256	14	184	3	0	11	0.44
0.0446118697378	0.0224948875256	14	185	3	0	11	0.44
0.0446939153551	0.0224948875256	14	186	3	0	11	0.44
0.0447279934231	0.0224948875256	14	187	3	0	11	0.44
0.0448373814274	0.0224948875256	14	188	3	0	11	0.44
0.0448927726255	0.0224948875256	14	189	3	0	11	0.44
0.0452933500058	0.0224948875256	14	190	3	0	11	0.44
0.0454879702888	0.0224948875256	14	191	3	0	11	0.44
0.0459002293555	0.0224948875256	14	192	3	0	11	0.44
0.0462508856135	0.0184049079755	14	193	3	0	13	0.481481481481
0.0464852962047	0.0184049079755	14	194	3	0	13	0.481481481481
0.0465854234823	0.0184049079755	14	195	3	0	13	0.481481481481
0.0467257273778	0.0184049079755	14	196	3	0	13	0.481481481481
0.0474216725351	0.0184049079755	14	197	3	0	13	0.481481481481
0.0483652712882	0.0184049079755	14	198	3	0	13	0.481481481481
0.0486295186592	0.0184049079755	14	199	3	0	13	0.481481481481
0.0486416022251	0.0184049079755	14	200	3	0	13	0.481481481481
0.0486558307976	0.0184049079755	14	201	3	0	13	0.481481481481
0.0488362996375	0.0184049079755	14	202	3	0	13	0.481481481481
0.0489521999776	0.0184049079755	14	203	3	0	13	0.481481481481
0.0490609622777	0.0184049079755	14	204	3	0	13	0.481481481481
0.0492904894375	0.0184049079755	14	205	3	0	13	0.481481481481
0.0496738456216	0.0184049079755	14	206	3	0	13	0.481481481481
0.0496867916859	0.0184049079755	14	207	3	0	13	0.481481481481
0.0497456195739	0.0184049079755	14	208	3	0	13	0.481481481481
0.0499067090569	0.0184049079755	14	209	3	0	13	0.481481481481
0.050746718185	0.0184049079755	14	210	3	0	13	0.481481481481
0.0507760457096	0.0184049079755	14	211	3	0	13	0.481481481481
0.0509322449564	0.0184049079755	14	212	3	0	13	0.481481481481
0.0510149144717	0.0184049079755	14	213	3	0	13	0.481481481481
0.0515144228844	0.0184049079755	14	214	3	0	13	0.481481481481
0.0516258731671	0.0184049079755	14	215	3	0	13	0.481481481481
0.051870553528	0.0163599182004	14	216	3	0	14	0.5
0.0520280517376	0.0163599182004	14	217	3	0	14	0.5
0.0520787261253	0.0163599182004	14	218	3	0	14	0.5
0.0521410287912	0.0163599182004	14	219	3	0	14	0.5
0.0525844440867	0.0143149284254	14	220	3	0	15	0.51724137931
0.0531475433449	0.0143149284254	14	221	3	0	15	0.51724137931
0.0532176053085	0.0143149284254	14	222	3	0	15	0.51724137931
0.053245289424	0.0143149284254	14	223	3	0	15	0.51724137931
0.0533134490914	0.0143149284254	14	224	3	0	15	0.51724137931
0.0535483387417	0.0143149284254	14	225	3	0	15	0.51724137931
0.0535614346081	0.0143149284254	14	226	3	0	15	0.51724137931
0.0537184231968	0.0143149284254	14	227	3	0	15	0.51724137931
0.0542361180769	0.0143149284254	14	228	3	0	15	0.51724137931
0.055110629375	0.0143149284254	14	229	3	0	15	0.51724137931
0.0554369393649	0.0143149284254	14	230	3	0	15	0.51724137931
0.055918188219	0.0143149284254	14	231	3	0	15	0.51724137931
0.0560927273463	0.0143149284254	14	232	3	0	15	0.51724137931
0.0564778234898	0.0143149284254	14	233	3	0	15	0.51724137931
0.0564885890962	0.0143149284254	14	234	3	0	15	0.51724137931
0.0565356459492	0.0143149284254	14	235	3	0	15	0.51724137931
0.0565575636132	0.0143149284254	14	236	3	0	15	0.51724137931
0.0569955640439	0.0143149284254	14	237	3	0	15	0.51724137931
0.0570386497032	0.0143149284254	14	238	3	0	15	0.51724137931
0.0572486800991	0.0143149284254	14	239	3	0	15	0.51724137931
0.057477016875	0.0143149284254	14	240	3	0	15	0.51724137931
0.0574807288181	0.0163599182004	15	240	3	0	15	0.5
0.0575197392514	0.0163599182004	15	241	3	0	15	0.5
0.0575548125964	0.0163599182004	15	242	3	0	15	0.5
0.0577744062238	0.0184049079755	16	242	3	0	15	0.483870967742
0.0579809627742	0.0184049079755	16	243	3	0	15	0.483870967742
0.0580225120571	0.0184049079755	16	244	3	0	15	0.483870967742
0.0581433712211	0.0184049079755	16	245	3	0	15	0.483870967742
0.0581607044693	0.0184049079755	16	246	3	0	15	0.483870967742
0.0583007881749	0.0184049079755	16	247	3	0	15	0.483870967742
0.0587743708208	0.0184049079755	16	248	3	0	15	0.483870967742
0.0588131417245	0.0163599182004	16	249	3	0	16	0.5
0.0590692036026	0.0163599182004	16	250	3	0	16	0.5
0.0590855416116	0.0184049079755	17	250	3	0	16	0.484848484848
0.0591105458176	0.0184049079755	17	251	3	0	16	0.484848484848
0.059125554791	0.0184049079755	17	252	3	0	16	0.484848484848
0.0591578196385	0.0184049079755	17	253	3	0	16	0.484848484848
0.0591786280369	0.0184049079755	17	254	3	0	16	0.484848484848
0.059236674506	0.0204498977505	18	254	3	0	16	0.470588235294
0.0592862660593	0.0204498977505	18	255	3	0	16	0.470588235294
0.0594692726067	0.0204498977505	18	256	3	0	16	0.470588235294
0.0597013200955	0.0204498977505	18	257	3	0	16	0.470588235294
0.0598237073341	0.0204498977505	18	258	3	0	16	0.470588235294
0.0599401206543	0.0204498977505	18	259	3	0	16	0.470588235294
0.0600763532287	0.0204498977505	18	260	3	0	16	0.470588235294
0.0608379387925	0.0204498977505	18	261	3	0	16	0.470588235294
0.0609742228671	0.0204498977505	18	262	3	0	16	0.470588235294
0.0609855339393	0.0204498977505	18	263	3	0	16	0.470588235294
0.061183593006	0.0204498977505	18	264	3	0	16	0.470588235294
0.0611977701608	0.0204498977505	18	265	3	0	16	0.470588235294
0.0612797771229	0.0204498977505	18	266	3	0	16	0.470588235294
0.0613124215944	0.0204498977505	18	267	3	0	16	0.470588235294
0.0613979949231	0.0204498977505	18	268	3	0	16	0.470588235294
0.0614265267153	0.0204498977505	18	269	3	0	16	0.470588235294
0.0615052947249	0.0204498977505	18	270	3	0	16	0.470588235294
0.061522022028	0.0204498977505	18	271	3	0	16	0.470588235294
0.0615430044025	0.0224948875256	19	271	3	0	16	0.457142857143
0.0616586109205	0.0224948875256	19	272	3	0	16	0.457142857143
0.0617462461151	0.0224948875256	19	273	3	0	16	0.457142857143
0.0620184526712	0.0224948875256	19	274	3	0	16	0.457142857143
0.0627661476632	0.0224948875256	19	275	3	0	16	0.457142857143
0.0628029746549	0.0224948875256	19	276	3	0	16	0.457142857143
0.0629238797861	0.0224948875256	19	277	3	0	16	0.457142857143
0.063026183223	0.0224948875256	19	278	3	0	16	0.457142857143
0.0631480826481	0.0224948875256	19	279	3	0	16	0.457142857143
0.0635972268202	0.0224948875256	19	280	3	0	16	0.457142857143
0.0637102782563	0.0224948875256	19	281	3	0	16	0.457142857143
0.0638219875412	0.0224948875256	19	282	3	0	16	0.457142857143
0.0638228790578	0.0204498977505	19	283	3	0	17	0.472222222222
0.063950376575	0.0204498977505	19	284	3	0	17	0.472222222222
0.0641643396466	0.0204498977505	19	285	3	0	17	0.472222222222
0.0643086176594	0.0204498977505	19	286	3	0	17	0.472222222222
0.0648580875421	0.0224948875256	20	286	3	0	17	0.459459459459
0.0652745500373	0.0224948875256	20	287	3	0	17	0.459459459459
0.0654222004645	0.0224948875256	20	288	3	0	17	0.459459459459
0.0655211830275	0.0224948875256	20	289	3	0	17	0.459459459459
0.0659343926425	0.0245398773006	21	289	3	0	17	0.447368421053
0.0660337412652	0.0245398773006	21	290	3	0	17	0.447368421053
0.0660544589718	0.0245398773006	21	291	3	0	17	0.447368421053
0.0663500569219	0.0245398773006	21	292	3	0	17	0.447368421053
0.0665878356759	0.0224948875256	21	293	3	0	18	0.461538461538
0.0665881585471	0.0224948875256	21	294	3	0	18	0.461538461538
0.0666758680138	0.0224948875256	21	295	3	0	18	0.461538461538
0.0666856310872	0.0224948875256	21	296	3	0	18	0.461538461538
0.0669678079031	0.0224948875256	21	297	3	0	18	0.461538461538
0.067307759666	0.0204498977505	21	298	3	0	19	0.475
0.0673165709835	0.0204498977505	21	299	3	0	19	0.475
0.0675442980225	0.0224948875256	22	299	3	0	19	0.463414634146
0.0676050757939	0.0224948875256	22	300	3	0	19	0.463414634146
0.0679216478652	0.0224948875256	22	301	3	0	19	0.463414634146
0.068041064425	0.0224948875256	22	302	3	0	19	0.463414634146
0.0681359918316	0.0224948875256	22	303	3	0	19	0.463414634146
0.0681626288522	0.0224948875256	22	304	3	0	19	0.463414634146
0.0681786838271	0.0224948875256	22	305	3	0	19	0.463414634146
0.0681852547496	0.0224948875256	22	306	3	0	19	0.463414634146
0.0685214291508	0.0224948875256	22	307	3	0	19	0.463414634146
0.0686972080733	0.0224948875256	22	308	3	0	19	0.463414634146
0.0691334810078	0.0224948875256	22	309	3	0	19	0.463414634146
0.0697139988171	0.0224948875256	22	310	3	0	19	0.463414634146
0.0699610775046	0.0224948875256	22	311	3	0	19	0.463414634146
0.0702722933154	0.0224948875256	22	312	3	0	19	0.463414634146
0.070273553675	0.0224948875256	22	313	3	0	19	0.463414634146
0.0703774696269	0.0224948875256	22	314	3	0	19	0.463414634146
0.0704321076508	0.0224948875256	22	315	3	0	19	0.463414634146
0.070452902045	0.0224948875256	22	316	3	0	19	0.463414634146
0.0705129784879	0.0224948875256	22	317	3	0	19	0.463414634146
0.0705758898592	0.0224948875256	22	318	3	0	19	0.463414634146
0.0706278893476	0.0224948875256	22	319	3	0	19	0.463414634146
0.0707498996739	0.0224948875256	22	320	3	0	19	0.463414634146
0.0707795709788	0.0224948875256	22	321	3	0	19	0.463414634146
0.0709461513344	0.0224948875256	22	322	3	0	19	0.463414634146
0.0711568095691	0.0224948875256	22	323	3	0	19	0.463414634146
0.0712099675868	0.0224948875256	22	324	3	0	19	0.463414634146
0.0713568281526	0.0224948875256	22	325	3	0	19	0.463414634146
0.0714731751199	0.0224948875256	22	326	3	0	19	0.463414634146
0.0717270927669	0.0204498977505	22	327	3	0	20	0.47619047619
0.0718932096325	0.0204498977505	22	328	3	0	20	0.47619047619
0.0719427446294	0.0204498977505	22	329	3	0	20	0.47619047619
0.0720778469284	0.0204498977505	22	330	3	0	20	0.47619047619
0.0721504662194	0.0184049079755	22	331	3	0	21	0.488372093023
0.0721952635062	0.0184049079755	22	332	3	0	21	0.488372093023
0.0728471304448	0.0184049079755	22	333	3	0	21	0.488372093023
0.0731375008144	0.0184049079755	22	334	3	0	21	0.488372093023
0.0733654399932	0.0163599182004	22	335	3	0	22	0.5
0.0733727157326	0.0163599182004	22	336	3	0	22	0.5
0.0734931985901	0.0163599182004	22	337	3	0	22	0.5
0.0736089425189	0.0163599182004	22	338	3	0	22	0.5
0.0737756904972	0.0163599182004	22	339	3	0	22	0.5
0.0741916127843	0.0163599182004	22	340	3	0	22	0.5
0.0743456532354	0.0163599182004	22	341	3	0	22	0.5
0.0746551568197	0.0163599182004	22	342	3	0	22	0.5
0.0747421665292	0.0163599182004	22	343	3	0	22	0.5
0.0747970265624	0.0163599182004	22	344	3	0	22	0.5
0.0749321786896	0.0163599182004	22	345	3	0	22	0.5
0.0756334340193	0.0143149284254	22	346	3	0	23	0.511111111111
0.0758494853263	0.0143149284254	22	347	3	0	23	0.511111111111
0.0758987484355	0.0143149284254	22	348	3	0	23	0.511111111111
0.0762851267438	0.0143149284254	22	349	3	0	23	0.511111111111
0.0763454166012	0.0143149284254	22	350	3	0	23	0.511111111111
0.0763918455079	0.0143149284254	22	351	3	0	23	0.511111111111
0.0764415163308	0.0143149284254	22	352	3	0	23	0.511111111111
0.0764531941921	0.0143149284254	22	353	3	0	23	0.511111111111
0.0766347935128	0.0143149284254	22	354	3	0	23	0.511111111111
0.0766769586719	0.0143149284254	22	355	3	0	23	0.511111111111
0.0772823828481	0.0143149284254	22	356	3	0	23	0.511111111111
0.0772872398874	0.0143149284254	22	357	3	0	23	0.511111111111
0.0773055151527	0.0143149284254	22	358	3	0	23	0.511111111111
0.077323576008	0.0143149284254	22	359	3	0	23	0.511111111111
0.0773534374863	0.0143149284254	22	360	3	0	23	0.511111111111
0.0774958858863	0.0143149284254	22	361	3	0	23	0.511111111111
0.0777702797178	0.0143149284254	22	362	3	0	23	0.511111111111
0.077979785826	0.0143149284254	22	363	3	0	23	0.511111111111
0.0781612949602	0.0143149284254	22	364	3	0	23	0.511111111111
0.0782769291788	0.0122699386503	22	365	3	0	24	0.521739130435
0.0790067178656	0.0122699386503	22	366	3	0	24	0.521739130435
0.0790087949478	0.0122699386503	22	367	3	0	24	0.521739130435
0.0794717414959	0.0122699386503	22	368	3	0	24	0.521739130435
0.0795952200851	0.0122699386503	22	369	3	0	24	0.521739130435
0.0797506653303	0.0122699386503	22	370	3	0	24	0.521739130435
0.079759557282	0.0122699386503	22	371	3	0	24	0.521739130435
0.079827703241	0.0122699386503	22	372	3	0	24	0.521739130435
0.0799465068309	0.0122699386503	22	373	3	0	24	0.521739130435
0.0799869052565	0.0122699386503	22	374	3	0	24	0.521739130435
0.080004486433	0.0143149284254	23	374	3	0	24	0.510638297872
0.0803191416117	0.0143149284254	23	375	3	0	24	0.510638297872
0.0803836443978	0.0143149284254	23	376	3	0	24	0.510638297872
0.0807393739655	0.0143149284254	23	377	3	0	24	0.510638297872
0.0808344898501	0.0143149284254	23	378	3	0	24	0.510638297872
0.080923341369	0.0163599182004	24	378	3	0	24	0.5
0.0810169819974	0.0163599182004	24	379	3	0	24	0.5
0.0813718273539	0.0163599182004	24	380	3	0	24	0.5
0.0814332693472	0.0184049079755	25	380	3	0	24	0.489795918367
0.0819156208246	0.0184049079755	25	381	3	0	24	0.489795918367
0.0821730481917	0.0184049079755	25	382	3	0	24	0.489795918367
0.0827565550289	0.0184049079755	25	383	3	0	24	0.489795918367
0.0830924653082	0.0184049079755	25	384	3	0	24	0.489795918367
0.0832767000911	0.0184049079755	25	385	3	0	24	0.489795918367
0.0835400789174	0.0184049079755	25	386	3	0	24	0.489795918367
0.0835480500736	0.0184049079755	25	387	3	0	24	0.489795918367
0.0836299579307	0.0184049079755	25	388	3	0	24	0.489795918367
0.0837545651862	0.0184049079755	25	389	3	0	24	0.489795918367
0.0838432338804	0.0184049079755	25	390	3	0	24	0.489795918367
0.0839682940913	0.0184049079755	25	391	3	0	24	0.489795918367
0.0840004965217	0.0184049079755	25	392	3	0	24	0.489795918367
0.0840142474212	0.0184049079755	25	393	3	0	24	0.489795918367
0.0841541569057	0.0184049079755	25	394	3	0	24	0.489795918367
0.0847504134174	0.0184049079755	25	395	3	0	24	0.489795918367
0.0850801803915	0.0184049079755	25	396	3	0	24	0.489795918367
0.0855241445345	0.0184049079755	25	397	3	0	24	0.489795918367
0.0856115491711	0.0184049079755	25	398	3	0	24	0.489795918367
0.0857010488405	0.0184049079755	25	399	3	0	24	0.489795918367
0.085976340723	0.0184049079755	25	400	3	0	24	0.489795918367
0.0861187589611	0.0184049079755	25	401	3	0	24	0.489795918367
0.0863031796798	0.0184049079755	25	402	3	0	24	0.489795918367
0.0863381606915	0.0184049079755	25	403	3	0	24	0.489795918367
0.0866433153457	0.0184049079755	25	404	3	0	24	0.489795918367
0.0866948172779	0.0204498977505	26	404	3	0	24	0.48
0.0875566357477	0.0204498977505	26	405	3	0	24	0.48
0.0877666034364	0.0204498977505	26	406	3	0	24	0.48
0.0879436705913	0.0204498977505	26	407	3	0	24	0.48
0.0880402605473	0.0204498977505	26	408	3	0	24	0.48
0.0882442015931	0.0204498977505	26	409	3	0	24	0.48
0.0883811500904	0.0204498977505	26	410	3	0	24	0.48
0.0887138858513	0.0204498977505	26	411	3	0	24	0.48
0.0890167691037	0.0204498977505	26	412	3	0	24	0.48
0.0890839965015	0.0204498977505	26	413	3	0	24	0.48
0.0892022576244	0.0204498977505	26	414	3	0	24	0.48
0.0893663355953	0.0204498977505	26	415	3	0	24	0.48
0.0894306158622	0.0204498977505	26	416	3	0	24	0.48
0.0895301122078	0.0204498977505	26	417	3	0	24	0.48
0.089660682122	0.0204498977505	26	418	3	0	24	0.48
0.0897026885704	0.0184049079755	26	419	3	0	25	0.490196078431
0.0900353741747	0.0184049079755	26	420	3	0	25	0.490196078431
0.0901511303079	0.0184049079755	26	421	3	0	25	0.490196078431
0.0908004895084	0.0184049079755	26	422	3	0	25	0.490196078431
0.0909888607841	0.0184049079755	26	423	3	0	25	0.490196078431
0.0917460673263	0.0204498977505	27	423	3	0	25	0.480769230769
0.0917596870673	0.0204498977505	27	424	3	0	25	0.480769230769
0.092290145639	0.0204498977505	27	425	3	0	25	0.480769230769
0.092573555581	0.0184049079755	27	426	3	0	26	0.490566037736
0.0925951754792	0.0184049079755	27	427	3	0	26	0.490566037736
0.092769455149	0.0184049079755	27	428	3	0	26	0.490566037736
0.0928053860707	0.0184049079755	27	429	3	0	26	0.490566037736
0.0932423547569	0.0204498977505	28	429	3	0	26	0.481481481481
0.093355380708	0.0204498977505	28	430	3	0	26	0.481481481481
0.0933964425043	0.0204498977505	28	431	3	0	26	0.481481481481
0.0937127575498	0.0204498977505	28	432	3	0	26	0.481481481481
0.0944819246691	0.0204498977505	28	433	3	0	26	0.481481481481
0.0946859420625	0.0184049079755	28	434	3	0	27	0.490909090909
0.0947366505555	0.0184049079755	28	435	3	0	27	0.490909090909
0.094811593083	0.0184049079755	28	436	3	0	27	0.490909090909
0.0949588536163	0.0184049079755	28	437	3	0	27	0.490909090909
0.0950106837688	0.0184049079755	28	438	3	0	27	0.490909090909
0.0951107895801	0.0184049079755	28	439	3	0	27	0.490909090909
0.0953901624904	0.0184049079755	28	440	3	0	27	0.490909090909
0.0955193264753	0.0184049079755	28	441	3	0	27	0.490909090909
0.095740754402	0.0184049079755	28	442	3	0	27	0.490909090909
0.0958164589477	0.0204498977505	29	442	3	0	27	0.482142857143
0.0959058022054	0.0224948875256	30	442	3	0	27	0.473684210526
0.0961182246742	0.0245398773006	31	442	3	0	27	0.465517241379
0.0962568312579	0.0245398773006	31	443	3	0	27	0.465517241379
0.0965751561537	0.0245398773006	31	444	3	0	27	0.465517241379
0.0965933536323	0.0245398773006	31	445	3	0	27	0.465517241379
0.0968514789788	0.0245398773006	31	446	3	0	27	0.465517241379
0.0971322295584	0.0224948875256	31	447	3	0	28	0.474576271186
0.0972513905386	0.0204498977505	31	448	3	0	29	0.483333333333
0.0973832567989	0.0204498977505	31	449	3	0	29	0.483333333333
0.0974481642586	0.0204498977505	31	450	3	0	29	0.483333333333
0.0981009867996	0.0204498977505	31	451	3	0	29	0.483333333333
0.0983419579075	0.0204498977505	31	452	3	0	29	0.483333333333
0.0984791521581	0.0204498977505	31	453	3	0	29	0.483333333333
0.098809045826	0.0204498977505	31	454	3	0	29	0.483333333333
0.0994568587169	0.0204498977505	31	455	3	0	29	0.483333333333
0.0995258052435	0.0204498977505	31	456	3	0	29	0.483333333333
0.0995608344894	0.0204498977505	31	457	3	0	29	0.483333333333
0.0995656830294	0.0204498977505	31	458	3	0	29	0.483333333333
0.0996061241746	0.0204498977505	31	459	3	0	29	0.483333333333
0.0999009526476	0.0204498977505	31	460	3	0	29	0.483333333333
0.0999816897065	0.0204498977505	31	461	3	0	29	0.483333333333
0.100153456305	0.0204498977505	31	462	3	0	29	0.483333333333
0.100193608805	0.0204498977505	31	463	3	0	29	0.483333333333
0.100311434036	0.0204498977505	31	464	3	0	29	0.483333333333
0.100351322069	0.0224948875256	32	464	3	0	29	0.475409836066
0.100386814243	0.0224948875256	32	465	3	0	29	0.475409836066
0.100753410086	0.0224948875256	32	466	3	0	29	0.475409836066
0.10080291882	0.0224948875256	32	467	3	0	29	0.475409836066
0.101121181085	0.0224948875256	32	468	3	0	29	0.475409836066
0.101389036406	0.0224948875256	32	469	3	0	29	0.475409836066
0.101419249377	0.0224948875256	32	470	3	0	29	0.475409836066
0.101633687486	0.0224948875256	32	471	3	0	29	0.475409836066
0.101663568853	0.0224948875256	32	472	3	0	29	0.475409836066
0.10207547856	0.0224948875256	32	473	3	0	29	0.475409836066
0.102079602848	0.0224948875256	32	474	3	0	29	0.475409836066
0.102189551883	0.0204498977505	32	475	3	0	30	0.483870967742
0.102222266665	0.0184049079755	32	476	3	0	31	0.492063492063
0.102351600297	0.0184049079755	32	477	3	0	31	0.492063492063
0.102624015259	0.0184049079755	32	478	3	0	31	0.492063492063
0.102813288096	0.0184049079755	32	479	3	0	31	0.492063492063
0.102910008624	0.0184049079755	32	480	3	0	31	0.492063492063
0.103373971947	0.0163599182004	32	481	3	0	32	0.5
0.103425236294	0.0163599182004	32	482	3	0	32	0.5
0.103691307902	0.0163599182004	32	483	3	0	32	0.5
0.104249488825	0.0163599182004	32	484	3	0	32	0.5
0.104454956433	0.0163599182004	32	485	3	0	32	0.5
0.104518343772	0.0163599182004	32	486	3	0	32	0.5
0.104524757592	0.0163599182004	32	487	3	0	32	0.5
0.10459662	0.0163599182004	32	488	3	0	32	0.5
0.104820400723	0.0163599182004	32	489	3	0	32	0.5
0.104872486966	0.0163599182004	32	490	3	0	32	0.5
0.10490452245	0.0163599182004	32	491	3	0	32	0.5
0.104958870559	0.0163599182004	32	492	3	0	32	0.5
0.105059286871	0.0163599182004	32	493	3	0	32	0.5
0.105060375879	0.0163599182004	32	494	3	0	32	0.5
0.105155261354	0.0163599182004	32	495	3	0	32	0.5
0.105244557992	0.0163599182004	32	496	3	0	32	0.5
0.105473572601	0.0184049079755	33	496	3	0	32	0.492307692308
0.105691123663	0.0184049079755	33	497	3	0	32	0.492307692308
0.105896175009	0.0184049079755	33	498	3	0	32	0.492307692308
0.105930522458	0.0184049079755	33	499	3	0	32	0.492307692308
0.106093070811	0.0184049079755	33	500	3	0	32	0.492307692308
0.106148790149	0.0184049079755	33	501	3	0	32	0.492307692308
0.106205528039	0.0163599182004	33	502	3	0	33	0.5
0.106224819198	0.0163599182004	33	503	3	0	33	0.5
0.10674407918	0.0163599182004	33	504	3	0	33	0.5
0.107000147734	0.0184049079755	34	504	3	0	33	0.492537313433
0.107108215445	0.0184049079755	34	505	3	0	33	0.492537313433
0.107214491201	0.0184049079755	34	506	3	0	33	0.492537313433
0.108178100697	0.0204498977505	35	506	3	0	33	0.485294117647
0.108191768718	0.0204498977505	35	507	3	0	33	0.485294117647
0.108385758935	0.0204498977505	35	508	3	0	33	0.485294117647
0.108386298295	0.0204498977505	35	509	3	0	33	0.485294117647
0.108676611045	0.0204498977505	35	510	3	0	33	0.485294117647
0.108757203006	0.0204498977505	35	511	3	0	33	0.485294117647
0.109591234627	0.0204498977505	35	512	3	0	33	0.485294117647
0.109661137005	0.0204498977505	35	513	3	0	33	0.485294117647
0.109908026143	0.0204498977505	35	514	3	0	33	0.485294117647
0.110120156322	0.0204498977505	35	515	3	0	33	0.485294117647
0.110170526164	0.0204498977505	36	515	3	0	33	0.478260869565
0.110434090524	0.0204498977505	36	516	3	0	33	0.478260869565
0.110586925191	0.0204498977505	36	517	3	0	33	0.478260869565
0.111024208061	0.0204498977505	36	518	3	0	33	0.478260869565
0.111348951504	0.0204498977505	36	519	3	0	33	0.478260869565
0.11190142874	0.0204498977505	36	520	3	0	33	0.478260869565
0.111969578574	0.0204498977505	36	521	3	0	33	0.478260869565
0.111979187294	0.0204498977505	36	522	3	0	33	0.478260869565
0.112136788804	0.0204498977505	36	523	3	0	33	0.478260869565
0.112316857058	0.0204498977505	36	524	3	0	33	0.478260869565
0.112645214588	0.0204498977505	36	525	3	0	33	0.478260869565
0.1130186489	0.0204498977505	36	526	3	0	33	0.478260869565
0.113096244484	0.0204498977505	36	527	3	0	33	0.478260869565
0.113430336146	0.0204498977505	36	528	3	0	33	0.478260869565
0.114265221542	0.0204498977505	36	529	3	0	33	0.478260869565
0.11445938857	0.0204498977505	36	530	3	0	33	0.478260869565
0.114781358252	0.0204498977505	36	531	3	0	33	0.478260869565
0.115129468577	0.0204498977505	36	532	3	0	33	0.478260869565
0.115161984943	0.0204498977505	36	533	3	0	33	0.478260869565
0.115200211696	0.0204498977505	36	534	3	0	33	0.478260869565
0.115240759728	0.0204498977505	36	535	3	0	33	0.478260869565
0.115317284917	0.0204498977505	36	536	3	0	33	0.478260869565
0.11533757511	0.0204498977505	36	537	3	0	33	0.478260869565
0.115955278891	0.0204498977505	36	538	3	0	33	0.478260869565
0.116009947935	0.0204498977505	36	539	3	0	33	0.478260869565
0.1160278871	0.0204498977505	36	540	3	0	33	0.478260869565
0.11620728168	0.0204498977505	36	541	3	0	33	0.478260869565
0.116213238997	0.0204498977505	36	542	3	0	33	0.478260869565
0.116291595419	0.0204498977505	36	543	3	0	33	0.478260869565
0.116359148682	0.0204498977505	36	544	3	0	33	0.478260869565
0.116494119118	0.0224948875256	37	544	3	0	33	0.471428571429
0.116575333282	0.0245398773006	38	544	3	0	33	0.464788732394
0.116606924315	0.0245398773006	38	545	3	0	33	0.464788732394
0.117328453561	0.0245398773006	38	546	3	0	33	0.464788732394
0.117374508731	0.0245398773006	38	547	3	0	33	0.464788732394
0.117907789693	0.0245398773006	38	548	3	0	33	0.464788732394
0.118225083145	0.0245398773006	38	549	3	0	33	0.464788732394
0.118291858733	0.0245398773006	38	550	3	0	33	0.464788732394
0.118324325214	0.0245398773006	38	551	3	0	33	0.464788732394
0.118464922837	0.0265848670757	39	551	3	0	33	0.458333333333
0.118679226139	0.0265848670757	39	552	3	0	33	0.458333333333
0.118958904439	0.0265848670757	39	553	3	0	33	0.458333333333
0.119165151379	0.0265848670757	39	554	3	0	33	0.458333333333
0.119488839424	0.0245398773006	39	555	3	0	34	0.465753424658
0.11965138937	0.0245398773006	39	556	3	0	34	0.465753424658
0.120154722724	0.0245398773006	39	557	3	0	34	0.465753424658
0.120345838994	0.0245398773006	39	558	3	0	34	0.465753424658
0.121059102397	0.0245398773006	39	559	3	0	34	0.465753424658
0.121333797468	0.0245398773006	39	560	3	0	34	0.465753424658
0.121775999299	0.0245398773006	39	561	3	0	34	0.465753424658
0.121847147403	0.0245398773006	39	562	3	0	34	0.465753424658
0.12202706839	0.0245398773006	39	563	3	0	34	0.465753424658
0.122546294918	0.0245398773006	39	564	3	0	34	0.465753424658
0.122746016234	0.0245398773006	39	565	3	0	34	0.465753424658
0.122863615697	0.0245398773006	39	566	3	0	34	0.465753424658
0.12289121942	0.0245398773006	39	567	3	0	34	0.465753424658
0.122999624404	0.0245398773006	39	568	3	0	34	0.465753424658
0.123044984873	0.0245398773006	39	569	3	0	34	0.465753424658
0.123086144724	0.0245398773006	39	570	3	0	34	0.465753424658
0.123440795217	0.0245398773006	39	571	3	0	34	0.465753424658
0.123504470499	0.0245398773006	39	572	3	0	34	0.465753424658
0.123693096898	0.0245398773006	39	573	3	0	34	0.465753424658
0.124077844477	0.0245398773006	39	574	3	0	34	0.465753424658
0.124134160239	0.0224948875256	39	575	3	0	35	0.472972972973
0.124177140776	0.0245398773006	40	575	3	0	35	0.466666666667
0.124317153135	0.0245398773006	40	576	3	0	35	0.466666666667
0.124350760929	0.0265848670757	41	576	3	0	35	0.460526315789
0.124369924325	0.0265848670757	41	577	3	0	35	0.460526315789
0.12478551669	0.0265848670757	41	578	3	0	35	0.460526315789
0.124990116884	0.0286298568507	42	578	3	0	35	0.454545454545
0.125100571066	0.0286298568507	42	579	3	0	35	0.454545454545
0.125377153947	0.0306748466258	43	579	3	0	35	0.448717948718
0.125504363386	0.0306748466258	43	580	3	0	35	0.448717948718
0.125716367969	0.0306748466258	43	581	3	0	35	0.448717948718
0.12572175689	0.0306748466258	43	582	3	0	35	0.448717948718
0.125912528137	0.0327198364008	44	582	3	0	35	0.443037974684
0.12591324767	0.0347648261759	45	582	3	0	35	0.4375
0.126082470851	0.0347648261759	45	583	3	0	35	0.4375
0.126198690764	0.0368098159509	46	583	3	0	35	0.432098765432
0.126835468988	0.038854805726	47	583	3	0	35	0.426829268293
0.127392649582	0.038854805726	47	584	3	0	35	0.426829268293
0.127612183793	0.038854805726	47	585	3	0	35	0.426829268293
0.127684658837	0.038854805726	47	586	3	0	35	0.426829268293
0.128014648684	0.038854805726	47	587	3	0	35	0.426829268293
0.128334104218	0.0368098159509	47	588	3	0	36	0.433734939759
0.12847814458	0.0368098159509	47	589	3	0	36	0.433734939759
0.128649989866	0.0368098159509	47	590	3	0	36	0.433734939759
0.128834797933	0.0368098159509	47	591	3	0	36	0.433734939759
0.128920196947	0.0368098159509	47	592	3	0	36	0.433734939759
0.129120019828	0.0368098159509	47	593	3	0	36	0.433734939759
0.129530385198	0.0368098159509	47	594	3	0	36	0.433734939759
0.129723527732	0.0368098159509	47	595	3	0	36	0.433734939759
0.129836170891	0.0368098159509	47	596	3	0	36	0.433734939759
0.129870989193	0.0368098159509	47	597	3	0	36	0.433734939759
0.129961918907	0.0368098159509	47	598	3	0	36	0.433734939759
0.130154264229	0.0347648261759	47	599	3	0	37	0.440476190476
0.130415996486	0.0347648261759	47	600	3	0	37	0.440476190476
0.130439190812	0.0327198364008	47	601	3	0	38	0.447058823529
0.130891402786	0.0327198364008	47	602	3	0	38	0.447058823529
0.13115281379	0.0327198364008	47	603	3	0	38	0.447058823529
0.131168027962	0.0347648261759	48	603	3	0	38	0.441860465116
0.131404863915	0.0347648261759	48	604	3	0	38	0.441860465116
0.131938285639	0.0347648261759	48	605	3	0	38	0.441860465116
0.13196994389	0.0347648261759	48	606	3	0	38	0.441860465116
0.13203990157	0.0347648261759	48	607	3	0	38	0.441860465116
0.13262070249	0.0327198364008	48	608	3	0	39	0.448275862069
0.132815931566	0.0327198364008	48	609	3	0	39	0.448275862069
0.132912878499	0.0327198364008	48	610	3	0	39	0.448275862069
0.133139856406	0.0327198364008	48	611	3	0	39	0.448275862069
0.133268546793	0.0327198364008	48	612	3	0	39	0.448275862069
0.13333176843	0.0327198364008	48	613	3	0	39	0.448275862069
0.133525985642	0.0327198364008	48	614	3	0	39	0.448275862069
0.133749509871	0.0327198364008	48	615	3	0	39	0.448275862069
0.133941646058	0.0327198364008	48	616	3	0	39	0.448275862069
0.134287446126	0.0327198364008	48	617	3	0	39	0.448275862069
0.134497774266	0.0327198364008	48	618	3	0	39	0.448275862069
0.134497905632	0.0327198364008	48	619	3	0	39	0.448275862069
0.134587488896	0.0327198364008	48	620	3	0	39	0.448275862069
0.134802610815	0.0347648261759	49	620	3	0	39	0.443181818182
0.135738306455	0.0347648261759	49	621	3	0	39	0.443181818182
0.136010357223	0.0347648261759	49	622	3	0	39	0.443181818182
0.136020565087	0.0347648261759	49	623	3	0	39	0.443181818182
0.136291320921	0.0347648261759	49	624	3	0	39	0.443181818182
0.136618973995	0.0347648261759	49	625	3	0	39	0.443181818182
0.136670587074	0.0347648261759	49	626	3	0	39	0.443181818182
0.136712189044	0.0368098159509	50	626	3	0	39	0.438202247191
0.136820945212	0.038854805726	51	626	3	0	39	0.433333333333
0.136920636138	0.038854805726	51	627	3	0	39	0.433333333333
0.137016261532	0.038854805726	51	628	3	0	39	0.433333333333
0.137764893412	0.038854805726	51	629	3	0	39	0.433333333333
0.138047014915	0.038854805726	51	630	3	0	39	0.433333333333
0.138265517865	0.038854805726	51	631	3	0	39	0.433333333333
0.138297075452	0.038854805726	51	632	3	0	39	0.433333333333
0.138566386279	0.038854805726	51	633	3	0	39	0.433333333333
0.139276579852	0.038854805726	51	634	3	0	39	0.433333333333
0.139360069088	0.038854805726	51	635	3	0	39	0.433333333333
0.139380582502	0.038854805726	51	636	3	0	39	0.433333333333
0.139621431435	0.0368098159509	51	637	3	0	40	0.43956043956
0.140038172353	0.0368098159509	51	638	3	0	40	0.43956043956
0.140225242763	0.038854805726	52	638	3	0	40	0.434782608696
0.140514812388	0.038854805726	52	639	3	0	40	0.434782608696
0.140880880619	0.038854805726	52	640	3	0	40	0.434782608696
0.140957689662	0.038854805726	52	641	3	0	40	0.434782608696
0.141061802887	0.038854805726	52	642	3	0	40	0.434782608696
0.14115524218	0.038854805726	52	643	3	0	40	0.434782608696
0.141173246868	0.038854805726	52	644	3	0	40	0.434782608696
0.141455769899	0.038854805726	52	645	3	0	40	0.434782608696
0.141507559089	0.038854805726	52	646	3	0	40	0.434782608696
0.141522252372	0.040899795501	53	646	3	0	40	0.430107526882
0.14171163875	0.040899795501	53	647	3	0	40	0.430107526882
0.141836697771	0.040899795501	53	648	3	0	40	0.430107526882
0.142142490836	0.040899795501	53	649	3	0	40	0.430107526882
0.142295058845	0.040899795501	53	650	3	0	40	0.430107526882
0.142351154843	0.0429447852761	54	650	3	0	40	0.425531914894
0.143241903363	0.0429447852761	54	651	3	0	40	0.425531914894
0.143453193152	0.0429447852761	54	652	3	0	40	0.425531914894
0.143600223458	0.0429447852761	54	653	3	0	40	0.425531914894
0.143672632158	0.0429447852761	54	654	3	0	40	0.425531914894
0.144024765317	0.0429447852761	54	655	3	0	40	0.425531914894
0.144299903641	0.040899795501	54	656	3	0	41	0.431578947368
0.144363612494	0.040899795501	54	657	3	0	41	0.431578947368
0.14467135366	0.040899795501	54	658	3	0	41	0.431578947368
0.144707741508	0.040899795501	54	659	3	0	41	0.431578947368
0.144959074352	0.040899795501	54	660	3	0	41	0.431578947368
0.145025426171	0.040899795501	54	661	3	0	41	0.431578947368
0.145237605771	0.040899795501	54	662	3	0	41	0.431578947368
0.145272322389	0.040899795501	54	663	3	0	41	0.431578947368
0.145709505526	0.040899795501	54	664	3	0	41	0.431578947368
0.145786185832	0.040899795501	54	665	3	0	41	0.431578947368
0.146382209658	0.040899795501	54	666	3	0	41	0.431578947368
0.146553314056	0.040899795501	54	667	3	0	41	0.431578947368
0.147007194507	0.040899795501	54	668	3	0	41	0.431578947368
0.147097982028	0.040899795501	54	669	3	0	41	0.431578947368
0.147108874142	0.040899795501	54	670	3	0	41	0.431578947368
0.14733385219	0.040899795501	54	671	3	0	41	0.431578947368
0.147472071453	0.0429447852761	55	671	3	0	41	0.427083333333
0.147524887934	0.0429447852761	55	672	3	0	41	0.427083333333
0.147538744323	0.0429447852761	55	673	3	0	41	0.427083333333
0.147666162627	0.0429447852761	55	674	3	0	41	0.427083333333
0.147915726942	0.0429447852761	55	675	3	0	41	0.427083333333
0.147962384959	0.0429447852761	55	676	3	0	41	0.427083333333
0.148190626135	0.0429447852761	55	677	3	0	41	0.427083333333
0.148335896559	0.0429447852761	55	678	3	0	41	0.427083333333
0.148696290888	0.0429447852761	55	679	3	0	41	0.427083333333
0.148864761637	0.0429447852761	55	680	3	0	41	0.427083333333
0.148959033821	0.0429447852761	55	681	3	0	41	0.427083333333
0.148972301066	0.0429447852761	55	682	3	0	41	0.427083333333
0.149211382339	0.0429447852761	55	683	3	0	41	0.427083333333
0.149565940622	0.0429447852761	55	684	3	0	41	0.427083333333
0.149982731153	0.0429447852761	55	685	3	0	41	0.427083333333
0.150103939945	0.0429447852761	55	686	3	0	41	0.427083333333
0.150354148147	0.0429447852761	55	687	3	0	41	0.427083333333
0.15041851803	0.0429447852761	55	688	3	0	41	0.427083333333
0.15081276109	0.0429447852761	55	689	3	0	41	0.427083333333
0.151239561508	0.0429447852761	55	690	3	0	41	0.427083333333
0.151377124237	0.0429447852761	55	691	3	0	41	0.427083333333
0.151608952113	0.0429447852761	55	692	3	0	41	0.427083333333
0.152001188305	0.0429447852761	55	693	3	0	41	0.427083333333
0.152030279419	0.038854805726	55	694	3	0	43	0.438775510204
0.153018260808	0.038854805726	55	695	3	0	43	0.438775510204
0.153352721733	0.0368098159509	55	696	3	0	44	0.444444444444
0.153461830415	0.0347648261759	55	697	3	0	45	0.45
0.153529969914	0.0347648261759	55	698	3	0	45	0.45
0.153923851191	0.0347648261759	55	699	3	0	45	0.45
0.154539183701	0.0347648261759	55	700	3	0	45	0.45
0.154570835007	0.0347648261759	55	701	3	0	45	0.45
0.154585383616	0.0347648261759	55	702	3	0	45	0.45
0.154917227264	0.0347648261759	55	703	3	0	45	0.45
0.155058624089	0.0347648261759	55	704	3	0	45	0.45
0.155182859721	0.0327198364008	55	705	3	0	46	0.455445544554
0.155183497965	0.0327198364008	55	706	3	0	46	0.455445544554
0.155330761391	0.0306748466258	55	707	3	0	47	0.460784313725
0.155669233457	0.0306748466258	55	708	3	0	47	0.460784313725
0.155671470946	0.0306748466258	55	709	3	0	47	0.460784313725
0.155770536013	0.0286298568507	55	710	3	0	48	0.466019417476
0.155958286361	0.0286298568507	55	711	3	0	48	0.466019417476
0.155987634418	0.0286298568507	55	712	3	0	48	0.466019417476
0.156055496475	0.0286298568507	55	713	3	0	48	0.466019417476
0.156079809351	0.0286298568507	55	714	3	0	48	0.466019417476
0.156372333535	0.0286298568507	55	715	3	0	48	0.466019417476
0.156435641267	0.0286298568507	55	716	3	0	48	0.466019417476
0.156748001705	0.0286298568507	55	717	3	0	48	0.466019417476
0.157129484979	0.0286298568507	55	718	3	0	48	0.466019417476
0.158124959666	0.0286298568507	55	719	3	0	48	0.466019417476
0.158143043406	0.0286298568507	55	720	3	0	48	0.466019417476
0.158171629703	0.0286298568507	55	721	3	0	48	0.466019417476
0.158364085347	0.0286298568507	55	722	3	0	48	0.466019417476
0.158522622105	0.0286298568507	55	723	3	0	48	0.466019417476
0.158802685561	0.0286298568507	55	724	3	0	48	0.466019417476
0.158939507014	0.0286298568507	55	725	3	0	48	0.466019417476
0.158973364963	0.0306748466258	56	725	3	0	48	0.461538461538
0.15933324142	0.0306748466258	56	726	3	0	48	0.461538461538
0.159822603728	0.0306748466258	56	727	3	0	48	0.461538461538
0.160673834578	0.0327198364008	57	727	3	0	48	0.457142857143
0.160722487852	0.0327198364008	57	728	3	0	48	0.457142857143
0.160860733806	0.0327198364008	57	729	3	0	48	0.457142857143
0.160887088325	0.0327198364008	57	730	3	0	48	0.457142857143
0.161484847692	0.0327198364008	57	731	3	0	48	0.457142857143
0.161656945907	0.0327198364008	57	732	3	0	48	0.457142857143
0.161837219513	0.0327198364008	57	733	3	0	48	0.457142857143
0.16199865466	0.0327198364008	57	734	3	0	48	0.457142857143
0.162084035728	0.0327198364008	57	735	3	0	48	0.457142857143
0.162215469183	0.0327198364008	57	736	3	0	48	0.457142857143
0.162241248288	0.0327198364008	57	737	3	0	48	0.457142857143
0.162441191048	0.0327198364008	57	738	3	0	48	0.457142857143
0.162921854701	0.0306748466258	57	739	3	0	49	0.462264150943
0.163225029016	0.0306748466258	57	740	3	0	49	0.462264150943
0.163241155272	0.0306748466258	57	741	3	0	49	0.462264150943
0.163447698061	0.0327198364008	58	741	3	0	49	0.457943925234
0.163678064693	0.0327198364008	58	742	3	0	49	0.457943925234
0.163838007761	0.0327198364008	58	743	3	0	49	0.457943925234
0.163954759376	0.0327198364008	58	744	3	0	49	0.457943925234
0.164892086943	0.0327198364008	58	745	3	0	49	0.457943925234
0.164924048502	0.0327198364008	58	746	3	0	49	0.457943925234
0.164964736489	0.0327198364008	58	747	3	0	49	0.457943925234
0.16515114948	0.0327198364008	58	748	3	0	49	0.457943925234
0.165175861284	0.0327198364008	58	749	3	0	49	0.457943925234
0.165302426505	0.0327198364008	58	750	3	0	49	0.457943925234
0.165512915381	0.0327198364008	58	751	3	0	49	0.457943925234
0.165649883591	0.0306748466258	59	751	3	0	49	0.453703703704
0.16586059219	0.0306748466258	59	752	3	0	49	0.453703703704
0.165977923037	0.0306748466258	59	753	3	0	49	0.453703703704
0.166014670711	0.0306748466258	59	754	3	0	49	0.453703703704
0.166240387937	0.0306748466258	59	755	3	0	49	0.453703703704
0.166256291283	0.0306748466258	59	756	3	0	49	0.453703703704
0.166332666309	0.0306748466258	59	757	3	0	49	0.453703703704
0.166484263545	0.0306748466258	59	758	3	0	49	0.453703703704
0.166542242048	0.0306748466258	59	759	3	0	49	0.453703703704
0.166740430587	0.0306748466258	59	760	3	0	49	0.453703703704
0.166743703825	0.0265848670757	59	761	3	0	51	0.463636363636
0.166943983822	0.0265848670757	59	762	3	0	51	0.463636363636
0.166981344366	0.0265848670757	59	763	3	0	51	0.463636363636
0.167193648698	0.0265848670757	59	764	3	0	51	0.463636363636
0.167862808748	0.0286298568507	60	764	3	0	51	0.459459459459
0.16786459721	0.0286298568507	60	765	3	0	51	0.459459459459
0.168074158038	0.0286298568507	60	766	3	0	51	0.459459459459
0.168118301042	0.0286298568507	60	767	3	0	51	0.459459459459
0.168190526599	0.0286298568507	60	768	3	0	51	0.459459459459
0.168516178412	0.0286298568507	60	769	3	0	51	0.459459459459
0.168598132306	0.0286298568507	60	770	3	0	51	0.459459459459
0.16862156592	0.0286298568507	60	771	3	0	51	0.459459459459
0.168892683857	0.0286298568507	60	772	3	0	51	0.459459459459
0.16894670583	0.0286298568507	60	773	3	0	51	0.459459459459
0.169044785029	0.0286298568507	60	774	3	0	51	0.459459459459
0.169243221471	0.0286298568507	60	775	3	0	51	0.459459459459
0.169634917474	0.0286298568507	60	776	3	0	51	0.459459459459
0.170311128596	0.0286298568507	60	777	3	0	51	0.459459459459
0.170564421463	0.0286298568507	60	778	3	0	51	0.459459459459
0.170702964251	0.0286298568507	60	779	3	0	51	0.459459459459
0.170891862143	0.0306748466258	61	779	3	0	51	0.455357142857
0.171022847486	0.0306748466258	61	780	3	0	51	0.455357142857
0.171559574508	0.0306748466258	61	781	3	0	51	0.455357142857
0.171624150004	0.0306748466258	61	782	3	0	51	0.455357142857
