cnumpy.random
__RandomState_ctor
p1
(tRp2
(S'MT19937'
p3
cnumpy.core.multiarray
_reconstruct
p4
(cnumpy
ndarray
p5
(I0
tS'b'
tRp6
(I1
(I624
tcnumpy
dtype
p7
(S'u4'
I0
I1
tRp8
(I3
S'<'
NNNI-1
I-1
I0
tbI00
S'C\xa3\xf0\x8d\xf8\xe7t\xbc\xd8\x9e\xe8\xe4\xfc|\xc0\xbb\x0e\x85(\xa4U\x90\xe0;\x8dK\x94\x114\x99\xe9\x126\x98M\xec\xa9^X\xb5\x9au\xc62f<Q\x8b\xde.\xec\x04\xf1C\x81j\x0fWN\xc5u\xed\x15\x07\xc6\x1b\xc1W\xf8\xa5\xb9\t\xf6\x0f\xe5vuQ\xa6\xe4\xae=\x98\x07dMw\xca\xe0\xf9\x13\xe1D\xa2\x7f\xc4\xb9\x96\xf2ZG\xa5\x12\xf3\x17\x8d\x86<W\xb9&\x901\x0f\x9d\xbd\xb1\x94#\n\xca\x16\x81\xb4+\xcf\xed\x9b\xd3\xb7U\x9fv\xefZw\xebY\xa3\xad\xbf2\xce\xf9\xaf\xf9\xa2{ \x8a.\x88\xb3\x02\xc8\n\x1c\x0c\x91u\xf7\xf56\x0e\xf4\xd9\n\xa3\x86\xd1\x0c\x87\xb8\xe9\x87VM\xca@\xa9~K\xe8\xce\x99/\x81\xbd\x94\x1b\xf0\x10\'p\xd6\xf5g\xc8\x86S\x8ep}\xfc\xc0\x93eY\xe0G:`\xae\xc3\x98\x1ax\xdf\x1a\xb6z\xbaq\x131\xc4eE\xfe\x15\xa4\xe6\xa7\xea\xab\xd8\xd0\xe5\xd7\xe0Q-\xf7\xec\xf2aV\xe1\xe0\xd5\x81<\xa7\xd3\xc9BrI\xa8\x10\x9e\x81\xd7\xdc)\xd0\x02\x13\xc0\'\x1a\x9bv\ra!~\x96\x8b\xf6\\h)\xfc\x1e6\x0b\x059\x80}j}k\x9e\x19\x03\xe9\xd0\xe2&7\x17\x0b\xaf(\xeah\x01\x0e\x1d$[\x05\xaa\x92\xcc\xef\xbeP\x1cB\xbc\xa7\xac\xa3\x89\xd3\xc1G\x86\x10\xfdU\xaez\xb2\xa3\xe1f\xbc\x1b\xd3\x91\x88\xf2\t^\x02\x9f\x14\xaa*\xf4Fz0\xbd:\x933\xb9\xa9%\xba\xe4\xfb.i\xd8Q5\xca\xfea\xa3\xaa#\x99\x94\x17\x84O\xb5\xf1t[d3\x0b/\x9f\xf3\xcd\x1dHE\x9e-\xc5\x1d\xcfK\xb92\x86V\xc0\x1dG\x0f\x9a\n\xa1\xe4\xea\xb6.\x93n\x97"\x81/\xa4\x81\xa1\x96\xc2\xb2l\xde\xd6\xc9\x01+\x0bc\x10.\x0f\xfc\xb8\x1a<x1\xcf2Y\xf8\x9d\xd9[\xb6(\xb3)\xbb\xbd\xce\xad2\x14\ny\xfc\xc0?\xb6\xc3\xe4\xd6\x0f\t\xb6\xe4\xab\x17\x8e\xc3\'\xb2M\xba\x0f\xeb\xc0rG\xcdr\x98\xba\x0f\x98\xd6(\x92\x1e\xeb\xee\xf4\xdc\xc46#i\x117\x85\x95\xd8\x19\x85\xc4\xe8\xae\xff\xb78\x9f8yc#\x1db;\x8c\xe9%o\xb0\xa1\xf0\x15J\xadF\xab:\x11\x03\xef\xe0\xa7\x91\xfa\x8c\xb0\xa2\xf2\t\x19\xb8\'\xd3)2\x1e\xf9\x9b\x813\xbe\xa2\x9a\xcc\xf9~r\xf7\x8b\xc2\x8aG\x95\x85\xa8\x80\x1fH\xa9\xcb\xc8\xf1\xc5\xbe\xdf\xee\xdb\x01\x19"\xb4\xe4\x97\xe6Oe\xa1"h\xc5\xeb\xe43\x9e\x93\x1b\xd0\x8dBE>\n\xb0\xa0\x1f\xb8\x82\xb3c:\xfc\x90\xb5\x10~\x1e\x1de\x14\xabD\x99\tq\x805\x84\xfb\xf8c\x0f\xfc\x01\x05\xcd\x18 \x01\x83z5\xd2\xdc3d\xa0U\x10\x0e%[\xe7\x8c\xbf\x8a\xa1%$_\n\x9e\xe7\xee\xd5\x04_Qg\'-^\xbc\x18\x1f\xfb\xee\x92\xacM\xc1\xf4\xa0\xf4\xe5\xc5\xaa\xd9\x15S\x05;\x9f\x10\xd6\xf0\xa9\x16\'\x1e\x1d\\\x04\x17\xb0\t#m\xf1B\xf2.\xdb\x93W\xd46(\xb9X\xa4PD\xc1\xc63TOW\xb7\xdf\xa5\x93\x15\xda5\xcem\x16\xe5\xbf\x82\x96\x13\x86&$\xb2-\x81\x1ee\x89\xe1\x0c\xf0E\xcd\xe8;U=5\x1fP\xe8\x8d\xec\x8cL\xcdH\x93\xef\xb1\x02\xf5\xdcJI`\xfc3\xccd\xbb\xc7\xc35\xf0\r\xaeL\x97\x7f\xcex\x7f\xd2rd\xdc\x84\x07\xa0\n\xf4\x05\x9a\xaf.J\xb4\xa9\xacf\x98\x80`n\xd7\x86\xf8\xdd\x8e\x1a\xe1\xe9*\xab\xfc(&\x90\x9c\x9fk\xc4ma\xff\xef\x10f|_<p@s\xe0\xb5f\xbbD\x1a\xe1\xefl\xcb\xbf\xcc\x1e\x11\x14DT9\x92\x95\\*\xc6`qK\r\xa8Vq\x95\xdb\xb3(\xf4\xae\x11\xd2\x94\x98\xbc0\x8f\xd5e{\xfb\x91\xc8\t3\x1e\xbf\xf7`k%3:\x7f,\xd4\x17\xcd\x16\x89\xd8/P\xc2\xad\xb6\xf0\xae\xdf\xf5G*&Z_\xdf\x01\xe4\xd7\n\x1b\x8f\xefZ\xfc@\xd9\xa0\x1a\x10\x8e6\xd9Zu7\x07c\x11\xb9Q\x08\xc8\x01\x86C\xf9\xc9*\xc9\x12\x1a\xc6\x8b\x15\x11\xf5/\xa8S\xfam?\x84\xf40\xf2H\x89uX|\xe7\xc7\x8d\xc1zo\x95\x85LO\xe8\xbb\x9a\x0bu\xae\x9c)\xc0BC\xdehV\x05]-5\xdb\xddt+\x19\x00\x1c=\x8f7\xf7\xc5@K\xc2\x83y\x1e \xb6\xfeo\xa3\xfb6\xb6\xea\x86\x02\xcc$\x05{\xe5\xff\xfa#\x0eO\x9c\xc0\xf9\x87\x90!y\xf5\x7f;\xdc\xdf\xe1\x8b\xd6$\x88x\xffn\x82> \xcb\x13\xcfI>A\xda\xe5?!\xf9X\x97\xb3y\xf3\x99X\xee(:$%2I\x0c\x93\x91+@\xa1v\xb5I\xb8F5\x053\x02\xca2\x8dBt\xe78T\xf2;\x8e\xcc\xf6\xe2R\xda\xbe\xc7\x18\xcf\xa5\xeb\x00\xc9\xea\xdc\xfd\xa6\xfd\xdb\x8a \x13L\x85\x0bQ\xcf\xe1\xe8\x0bX}\xc3\xc2Q=6!S\xcb\xa2\xbb\xc7\xa8w\x1d06\xac%\xea.J7iKv#\r\x14\xdd\x84\x90\xa0\x06\xf3.\x8b7\xa7\x1ah\x18Ng\x15\x93:\x8d\xa3\x1c\xb9\xbf\xeb\xd8q\xd8~KP%\xde\xcc\x1d \xdd$\xbc7fB@\xdd>\x83\xf1\xfd\t\xbeJ\xb0(Z\xda\xda\xb0\xbb\x05\xd9\xd8\xcdy~\xbf\xab\xe1\xb4\xfeC\xb8\xcc9E\xe4\xb2,>\xf8\x7f\x03\xe8q\xcf\xc8,?\xdd\xbe\x93\r#\x83W\x1f\xc9\xb8F\x06\xdcl]\xec\xca\xf5\x10\x16>\xcb7\x12\xfb\xb0\x05[\x9a\x8b\x1f\x87\xad\x06F\xdbUB\xdd\xba\xb0\xf6\x0b\x1f\x94\x05\xc4\x99vH\xea\x95\xb2h\x93@\x12\x1ci\xbdu\x85\xfe\xd2P\xbd\x1b\xf2VH\x19\xa2\xc8\x8c\xbb0\xdc\xda\x04\xcbwQ]\xa0\x12\x90}g\x9d\r|\xed\xb4N.9\t\x9ca;\x1e\xef\x81\xc1\xaf\r{\x01\xb8\xcb$\t;`\xa6\xd8\x89in\xbe\xb8\xaf8\xa6\xbc\xb3\x11X\xd2CpF{m\x1fx%\xd8S\xc7\xadL\xcb|d\x8f\xe9\x86Spp\xdd\xbd\x9e\xd0\x90P\xdd\x85\xfbdrE\x07Z\xc7X\xe5\xc5\xf0\x86\x81\x0e4t\xf8\xc2\xca+z$\r~ \xe7\xfd\x19\x86E\xdep-\xc7\xc5_)\x95Gu\xba\xd2y<\x89Y\x15\xbe\xb3TD\xb7a[\xdeP\x85\xb6\xa0=\x13\xad4\xd6MS\xc2\xc2\x01\xbc\xe7o\xad\xa8N\xa8m{k\xebt=\xe2@k\xf1\xabc\x11\xf0\xf8\xe2;\x0ev\x1d\xe6\x1f\xba)d\xe1\xef\xaeT\xa4%\x99\xc4\xdaD\xc6\xfb\x94\x13\x8e\xfe\x02\xab\xc29\x03?\x1e\x0f\xe6\x86\\\t\xf3~\x16v\x97\xac{\x199\xa3\xd5=\xfd\xb5:\xa0\xef\xf6\xed$\x99Y4\x05d\xad\\\x9e\xad9{\xc0\xaa\xa8\x83VJ\xe8\xab\xfdh\x01\x13[ei\x8c\xb6:\xbd\r7g\x8bB\xd5\xc4\xc0\x9f*>\xa5\xb6>\xc3\xa7\x85\x19Io\x9e\xa4\xb3\xc2G\xb4|\x9a\xc2+Z\xaa\x0b\x13\xcayy\xe3j\xf6\xee\x85\x99\xf2\x86E\xe8\xac\t\xab\xc2\xaa\x82\xf5\xaf\x17\x93\x1cav\xad\xe1\x7f#\x82\xce\xd3\x10tO _\x9f\xd4\xd38\xe3\xcb\xe0\x92=\x89\x99~\x9fU\xa4@\x99?(\x00\xd02\xc8\x85H\x98[*a\xdb\x0eRYJ\x88\x0c\x0f.\xdd\xe8g)"\xf0 \xfd\x032b\xcc`\x1e\xf9=\x00\x82\xa6\xc5\tm\xadB\x04\x1c\xcd\x93\xebHa\xb6\xc601\xba\xa38\xd4\x8d\x9c[]\xfd\x95\xa7u\x0ewh\x93mI\xfa\x96kr\xe3 \x8by\xf0}@G\xd4m\x1a\x9a\xdc\x1c"\x7f\xbe\xd2~~\xf1s\xb0\xae\x7f\xba\x08K[\xe6Z@*\xeaYv[\xdb8FJ\xb9.@\x93\xe9\xd5\x96Y\xecq\xfe0\x08/\x88\x89\xce^PT\xd6\x16\xe1\xef\xae\x04\x06\xd6\xcc_\xe7\x1do\x9b\x86 \xdf\xa7\xb44B\xac$\xc5M\xb7DgI\x9e\xdc\xecd\x13\xb1!\x81>\xd4\xbf$\x11I\x1a\xd3&\xad\xea\xb0\xfb\xd2\xf1\xd3L}\xaa\xc61\x8e\x97OOI\xa2\xef\xa7?t\xa5T\xdb\xec7J\x0f\x9bL\xc3}\xae\xdc\xaf\xe7nR\x01\x99\xe1\xcd;\xd2bE\xa0\xe5^\x92\xb6\xbd\xfa\xed\x95\x81)\x19\x14\x03\x86\xc3iFP\x0b?\xbe\xb5\x05\xd2\xe4\xc5Uyb*\xf861\x04\x99Z\xf7\x9fqH[!\xd7\x01T/\xef\xd6s\x1a\x8a\xaa(\xaf7[\xa5\xb3\x0b>T\xd8\xa2\x17\xc4\x0b\x06&\x93yz\x13z\xd2<R!\xcc\x98\xca\x12q\x9c\xf2\x82\xcfg\x1e\\g\x17lahZ\x85\xbf\xc7q\rj\xf4}^U\x07\xba\x06\x13DB\x85\xe9:j\x1c\x02F(~\xd8\x9cRq\x81\t\xed\xf1\x91\x85a|M\x82*\xa0\xea\xa9\xdb\xc2?\x9f\xd8\xc8*J\x1e6\xad\x97\x90\xb9bA\xd5\xc5\xe8\x05\xec\xab\xe4Gk\xf6\x88\x03\xfaz\xbb\x13\xd3\xc3\x06~.\x0b\x97\xa2|W\x0b6\xdf\x1c\xec\xf0\xe6\x85\xf0A\xc1\xc2\x8b\xd8\xd8\x13\xe8\x94\xac\x17\xd5\xdf\xa1\x91L\xe9\xaa\x8fk\xd3t\xed\x1d\xacS!VM\xf0\xfa\xfb\x0b$)P6P\xb6\x0cT\x1a\xb2w\x1dt\x11$em\xd3\nF\x14E\xff\x06f\x8b\xd9.\x81\xd1,\xdb\x0c+\xf9a\x9a0\xf4\x01x\xdf2\xb1\x12\xb2\x1e\xb3\x87O\xce\x86^\xbc\x82\x02\xeaN\x82\x06S\xef\x82\x13\xe5s\x8a\xbd\xad\x16\t\xf0\xff\xe9\x8d{\xb23\x81\xd3\x9bTN\t\x1f\xfdp\xb1c\xd9\xef\x9ecO\x7fb\x9ch\xaf\xd0\xb0X\x8d\xa9B#F@\xf2F\t\n\x10l\xf7w\xbf\x0b\x8fU\xb3TL1\xf3O\xa0\xbc\'\xe9\xd6\xeb6\x85^.\x1f\x8b$T\x8e\xd2\xd3\xb1WQ\x81Y\x9b\xc1b\x01\xe6\xeeQ\xd1\x11\x8b\xae\xc6\xdf\x1c\xef\xe3\xb1\xc2BT\xd8\xb4\x85\x01_\xb6\xe7Y|\x8f\xd0\xc6%n\x05w\xedze\xe0A\xad\x99\x0e\xef\xb5F\x8a\x1d9\xf7{\xd1m\xf2(\xcdy\xfc\x8f-"9r/\xf7\xa8\xc2\x87\xab\xceh\xc1_)\xaa\x82r\xc5g\xe3,\x89\x9d\x0e\xa5\xd1\xb6\xd9V\x99\xa9O\xf2\x14\xfb\x82g\xd5Y\x941\xaf\x9aX\xe8\x0f\x9b\xcc\xd4\x84\x8f\x0e3]\x1c\x94\xefA\xd5d\xfb\xdc\xd6\xe3/>7\x8d+e\x9d\x8d*\xfc\xd5\xcf\x8f\x04\xa6[z\xd0\x1c\xcel\xb8A\xcf\x0f\xb6\x1e[\xa2\x0ey\x99?\x93U5V\xd7l;BX\x0b@\xe8\x9eBD\xc9\x0ed\x0e'
tbI624
I0
F0
tb.