cnumpy.random
__RandomState_ctor
p1
(tRp2
(S'MT19937'
p3
cnumpy.core.multiarray
_reconstruct
p4
(cnumpy
ndarray
p5
(I0
tS'b'
tRp6
(I1
(I624
tcnumpy
dtype
p7
(S'u4'
I0
I1
tRp8
(I3
S'<'
NNNI-1
I-1
I0
tbI00
S'\xedF\x87\xeb`\x17\x0f\xf1`_\xabP.\'\x88?\xbb\xd5\x047R)i\xe7\x883\xb83sOK\x90\x13A\xb0\xa6\xb9D\x94`\x8a\x8a%\xd6\x92#\x8e\'e\xaf>\x06\xd9\x020\xa4\xf52\xc0\xd7\x1fWZ\x8co\xa4\xb8s8\x1cm\xe2\xcc\x8bAr\xf8\xbe\xe9\x80\xbf\x1f\x838\x90\x10Un\x8c>kc/\xb7\xc4Q\x06\xa6\x0f\xea\x0e\xa65\xdefK!\xdcTi\x8eT\x086\xc7\xa8\xe1=\x91\xb3W\xca\'\xccz\x0b\xa2\xbf\xec\xb3\xd9\xfb\xb6+\x9c04iDp\x9d\xd1\xce\x93B9o\xba\xd4k\xe1\xe1\xae\x1f\x19\xdb\x92\x8c\xdcP08H\x16?\xc0A\x9f\xf5J\x0bb\xf2\xea\xcd\xf7\x17\xf7\xf6N\xf0\xd4so\x86\xd9\x16\xfdb\x9c\xce\xa0\xeabL\x00:\xbf\x8c0\x12I[\xe7\xf3\x87\xa2\x00\xbb\x90R\xba\x12Y@\x82\xb9\x0by\\gl\x1e\x9e\x16<\xfb\xedwvY\xd45\xe4\xc4ZOm\x06\xd4\xff\xd3\xca\\\xd7\xdepIP\x9b\x1c\x0e\x8e\xd4\xed:X\xb2\xca<\xba|\xdc\xa6\xc6\xa8v\xae\xc6\xd5p\x08p#\x18\x16\xb1\xc5\xbb^M\xea\t#T\x9f\xdc\x13\xa0\x11\xed\x82\xa3\xf4\x03\xbb3(\xf0\x8d\x1c\x19\x83bX\xe7V\xcdONJ\x18\xf5=\xb6z*@?\x90%X\x1b&\x18G1I\xc2\x06\xe6\xea\xe5\xf1\x7f\xe65\xe4W\x92\xa3\xef\xa2:nk\x86\x15\xad=\xa2\xa8k\xe0\x9d\x87T"\xad\xa0\tXC\xd6\xd6\xd10\xae\xec\xcd\x08\xb75\xd6\x88\x07)7\xa4\xa7\xdf\xcc\xbaeB[2fX.\x0cQ\xda_\xa2a\x0fq\xbb\xa6\x88$\x12\xc2\x17\xaa\xaf\xc1Z\r #{\x92.\x17\xa2\xcbs6\xa8\xf4\x84\'9*\\N+\xbe\xcfG\x0b\xf5\xcdX\r!\x7f\xdf\x18l|\xce\xdb\xda\xf7\xd4\xd4fXo\xdb\xb7\x05\x10\x05\xf7\xa13y(\xa1\x02\xf0\x8e\xd7\xc0\x05\xb8[\x99\xf5\x88\xa0\xcc\x81\xc9\xb6\xae\x9bb\'\x84\xb4.\xac8`#\xa9\x90\x8c\xaf?\x08~\xfb(F\xd0\xc5\xec5\xae\xf1\xe6\x04\xa5\x14Y\xcf\xad\xc2[\xa6\x80\x04`\x9f\xca`\n\xd4\x19OT1f\xc2\x83\x87h\x8a\xf0B\xd2?\xb3S\xe0}\xde\xe5\xd6~\x9c\xda\xb5\x01\x8c\x11\xb6\xa3sq\xa1ok=\x96!\x830<\x0c\xfb\xc3\xa6\x1a/\\\xd6\xbd\xe5\xcd\xdfG4)\xa0\xa5\xe4\xc8\n^\x825\xad\xbe]\xed2g\x98t\x86\xa1\x8a\xbeP\x0b8(;\x1c\xcd\x987\x1d\xb9HBd$r\x05P\xe6`\x91\xc1&\r \xb7\xab \\h\xd7\xbf\xa8\xcf\xff\x87\xa1bE\xa7V\x07\x1a\xd1\xe6v$\x9c\xe7\x1cZ\xaaNF\xe9|Xgj\xa6\xa9\xec\xdedT#\xf0\xfeW<\xce\xc3\xa0\x98?/\x02#\x92\xeb4\x87C\xc9\x0e$\xdc\x06l\xa5\xcd\xac*\xa4\xcc\xd4\xb7\x8c\xe7\xb4\xe4BP\xcaO1\xaa\xfa\xa2\x88\x03\x16\xcfvae\x98"2{\x89\xda6\xdd\ri\xf6\xa6\xef\xbeY\xd2[8\xc4\xd7\x8a#\xec\x0b\x80\xb7\xd8\xc5In#\n\xf3\xe7;\xd5\xfa<2\xce\xe8\xdd\xef\xa3\xfa\xa2\xc1\x05\x1e\xda?1\xc7\xd0\xcf3\r\xb2\xae\xd6\x1e>#\xb3\x11\x17\x9b\xd3\xf6\x86\x0bqr\x1a\n\xa0\xa7<:\xbcG\x1a.Ay\xa0\xa7\xb0U-*.Wj\xdfxP4\xaa\x06\'\xf4Z\nk\x99\x07\xdb\xec\x86&x\xfb\xdbxn\xb4 d/\xdd5\xa4;\xdd<\x97\xc1\x94\x8a\xffR\xc5\xe7\xc4\xa9\xac\x94Dy\n\x10\xab\x0fR\xc1\x0c\xb9\x8e\xfe]<\xebS}|[\x1b0\x95V\xfd\x86!\xc6\x14b\xa4\xab}\x01n0Z\x0c|\x03\xeb\x99r`^\xaf\x16X~\xf32\xe6\xf4\xfbc\xc1:w\xa3\x88\x9a\xfb\x84VB\xe3\xee\x1d\xc1\xf3$\xac\x19x\x08\x19\xb6p\x9f\xad\xbe\xdc\xb7>\xd8\xbe\xc4\x19\x96sN\x91\xcc\xc1\xaa\xe6\xd2w\x1e\xf4\x8c\x8eAY\xd0HmU\xa3\xd62\xfc\xbbb79\xf2w\'a0\x93d\xe9Tw\x07\x03[{6\x97g\x06\x06s\xec\x1b\xc8\x04\xd72\n\x06\x92\x9b\x1d\xc7\xd7\x03j\xf0\xaa\xfc\xdd\xb0\x17\x1a\xc2\xb9\x93\x8d\xc8\xf7\xcdd\xf0SB&%6\xdf\xd0\xe7\xc6\xa6E\x93=)V\xf2-n}\xec\x85\xc5\x9b\x95N\xe5\xbc\xb4\xbd\x8e\x18\xafP\xaf>Z\xeb%\xb3\xa2\xbc? \xf5\x8a\xae\xc2\x9an\xd2\xa4\x03\xb6\xcc\x18\x9dv\xda\xca\xfc\x08R0\x17\xc3\xdc\xeb\x86\x1c\xc5\xc6\\\xf6c\x15\xa3J\x1dt\xb9\xd7\xdeXM\x8e.C\x05\xb5Y\xf6\xc1\xf8o\xff3\xd6\xa5\x916\x1d0\xb9\x03&\xe5\xc8\x8f"\xe1!\xdd\xaa\x8a18\xc5\xd9\xc15\xb9"\xb5\x06,\xf0|B>\xa7\xfbT\x92CWo\xffO\xdc\x93l/d\rT\xd89\xd0\xd7\xc0\x7fn\xcdB2\x11p\x01\xdeE\xe2\xa4\xf0\xe4\x96.\x10S\x9a\x97-|\xc0\xa074\x95Oy\xabZk\xad\x07\xca\x13\xd6\xa3\x17\xa3\xf0QS-x\xbd\xf8\x0f\x1ePj\xed\xbf\x93}\xbfe\xaaH\xa4N<b\xbfR\x959\x1d\xc3\x17\xad\x8d\x8c4\xf5\x03\x0b\xf34\x04\x84_^\x89\xfa\xe1\xaf\xae\xb4\xa8n\xcc@\xd5\x92\xf3x\x9f[\x1a=\xce\xe2\xa5\xf9\x16\xc8\x17\x8b1$X\x7f*j\xc1\xd3=\x1fu|\xc2\n$\x1b\x9fd\tV\xf7"\x91\xfb|\x8e\xfa \xec\x9d\x07^\x90\xf3\xbcm\xc2\x19[\xd2-o[/\x9b\x85|)L\xf5\x12\x02^\xa9\x8a\xbc\xe7\xdf:\xb4\x80\x98Ya\x9e\xab*\x86\xe2^\xccX\xde\x84\xd8d\xb0\xadu\xe5<Oq\xd4\xae?\x95\xffG\xb4\x1d\x1f\x016\xa1\x81\xb9\xaa\x91\xfb\xbe\xcaq\xa4\xbdlgp\xe9\xf0\xe0\x97\xd0_\xf2\xb5\xac\xe9y\x80(:\xee\x1b~\x9e\xc3\xbb0U\xb0(\xab\xfcbUq\x85\xa2\xef\x8b0DW\x0b\x8b|\x9c2\xe0\xf0\xef\xbf\xcd\xfe<U\xbch\x1c\xc6\x97\xb2\xb6$5\n\xbf\xdb\x10^*\xc40CyBR\xd87\x9d\xc4W\xb4\xb4\xdeu\x087\x88\xca\xcd\xfb\x14-%\xd8E\xd7\x93M\xb8\xf5\xa4c\xa0\'\xa5\x99\xe7\xf9\x98\xe3\x9b\x8a\xaae\xb4F\x9d5xz\xf0\n\xab\x81\xabQ\x1a\x02\xb7+}H [\x18\x86\xb9\xb4\x1a/)r#\tm%\x87\x99\x1b\xcf\xb02\xfee\xb1cX7\xb9\x06b\xa5\xe3\x12\xceWx\x1e!\x16\xff4T\x8f`\xa3\x95\xee)\x8f\x9f\t6h\xebKJ\xb3N\xfa}\x83\xbbt\xb6\xc8\x98\x97\xe4",\x91uyh\x1cw\xba\x04\xf1\xe0\x98qTz\x8e\xa6\x1c\x0b\xdb5\r?\xce\xe5\xf1\xf0\xc52\xc1\x8e\x0fC\x04\xb8`\'w\xe0oAc\x08\x16:\x13B\x9a\x85G~E\x86@j\xec\x8f(\x0e\x15Z\xde\xe0\x9c\xd3\x85\xb7`b9\xb8y\xae:\xf2_\xe4\xa0\x9e\xb2X\x974\xbf\xa5\x1a\xcd\xf6\xa1\xa7\xf4\xc0\xaeg\x0fbT\x80\x04\xbf\xbc\x8f3s\xcd\xc7a\x04\xc2\xb1d\xa4\xe4RS\xaf\x996^\x19\xe1\x08\x9d\xfd\xb2\'\xa8x8;\x8e\xda\xff\xa2\x17\xdb~\xf7\x9d\xee,\xa8\x1e\xbc rM\xb8\xa4\x11\xa0\xe9\x89\x84u,\x9dw\xac:\xf7\x1b\xef\\]\xa9@\x0eL\x86\xb3xl\x16\xb1\xca\xed.:\x9a\xb9\xc1\xe2\x0c\xf9k\xdb\xb6\xfdvY.\xafT\xcdM@Q!\n\xb2\xfa\xfc\'\xb8\x11\xb2\x06\x03\xe9G\xce;b\x7f\xd2\r\x86\xdfZ\xddG\x97M$\x96\xf9J\x86%\xe8)\xb6t\xf5\xf8\'\xff/\xda\xc2\x9c\x82\xfc.\xd1%\x02!oHB\xc3\x9c\x8c~\xf6\xb7\x13\xb1t\xdaJ \x1d\x9a\x843\xc0\xce\x7f9\xbaY\xd2!R\xffp\x94\xbbh\x9d\xeb\xe3wD/\xf4/\n\x1c\xb7NU\xf1BJ]\xec:\xc8\xccO\xc8\x1d\x12M\xab\x90\x18\x7f^\x94\xc1\xa1p\xb0m\xb3\x9a\x0ctkW1\xa6\xc1N\xee[\x069\x0e^r\xe2\xa1|V\xe8Qe\x17\xcb\xdcF1\xef\x0e\x1e\xa0K^\xe0E\xccU\x08\xb5\xe8\x8f\x1bA\x0e\x11N\xfa\xd7*\x84\xa2\x87L\xc1\xbc\x93\xa5/\\\x99\xe2,\xfc7\xd4\r\xbctQ~+\x93\xc5\xcf\x8d\xba($w\xce\xd7\xe7L\x1d\xc0\xac\xf2\xbe\x84l\xb5\xe4\x88S\xf6\xf7\x97\xc6<05\xdcu\xad\x05f1w\xab\xda\xa2\xdfaA\xfd\x00\xaf}\x1b\xf1\xf5E\xd6\xaa\xfa\xbb\xdc\x90\x81\xfa\xa2J\x84\xfc\xab\x00*\x97\xc4\xe3\xa2\xd9\xc5q\x97\xa8\xa3/s\xae\x11^\x9d\x98\'\x92I\xde\xd3b\xd4\xeb\x94\xbd6\xdd\xa7\xcd(\x1f\xc9$z\x7f\x82X$\xb4\xf3\xd5\x14VR\xd4\xd5\xd8\x9f\xb8\x92h\x86%b1\xac\xb4\xa8\xfaw\xb7\xee[\x9ab\xf1\t\xf1\x96\xfc\x82\x9c\tj\xc3\xfb-\x0e\xf6Y\xbf\xdb\xc8\x0bB\xbc/\xfc\xb8;\x86\xff\xa7Z\x06\'\xcabs\x86\xf1\x98\x87\xa8\x84\t\xea?T\x03\xfca\x0e\xd2\xfd )\xc3\xf9\xbbm5t}.\x14\x1c\xe0\x87\x95!\r\xa7\xcc\xd9\x18\t\x94rg\x89b\x19\xf5*\xb9S^\\\x8f\'\xa7D\xd5\xa8^~\xc9\x85\x18\xd4g\xb1\x88;\xe7\xd1=\xf5k\xd0\xff\xe4\xbe\xb1\xa1\xaf\x85\xdd\x12 \x17\xe6Q\xb0>\x81\xeb\xfc\x14\xd5D\n\xcb\xcf\xef\xa5\x80g\x9e\x8b\xe6\xce\xcf\xed\xf1\xfe8\xa6\x1d\x81\x8d\x02\xc9Y9>b\xfdI\xeep\x05\xfa.\x9c\xfc\xdb\xb1\x07\x9c\xf3\xb8_\x90\xb3\xf6\x92^\xa3u\x0e\x1f\xf9\x08\xee\xf2\x1e\xf8\xb7\xc0/\x7f\x05\x80Dn\xe4\x1b\xe8\xd6-O\r\xb6\xabVR\xd1j] \xc1E\x1a\xc4\xe3\x8fR-V@w&\xa7\x98\xc8/\xd1\xf99\xee\x9aUf!\xb0\x99gU\x13\xf9\xd6\xff\xfd2\xc5\xa1\xb6\xc2tC\xf0\xae*3K\r\x8d\xb4>M\xa0T\x1e\xad\xd8nR\xb9=u_\xd9\xbaw9gDQ\xddGj\xbe\xf3\xa0\x8dV9\x03\xc7E\xf0\'\xc3I\xea\x01\x81\x16\xfcF\xb7%6\nN#\xee\xd6\xf7\xde,V\xf3\x91tu0\x0c\x82\xc0\xabAw\xa6\x1a\xfdn\x96\xd7\x1d\n\xc91\xcb\x9b\xbe\x0cx\n\xfd\xf3\x9c\x9dp\xfd\xca\x91\xfa\x81\x91\xb9\xc3\xb6\xb7\xcb\x17+\xf8\x19\x1f\xd0\xaf~\xd9\xf9\x16$\x8c\xde\xae\xb6U\x93\xed\x92\xb45\xb8\xce=M\xb52k=I\xdcb\x95}O\xa0'
tbI624
I0
F0
tb.