# time 	 divergence 	 # of mutations 	 # IGC chances 	 IGC length 	 # IGC failures 	 Changes due to IGC  	 % change due to IGC 
0.0	0.0102249488753	0	0	0	0	0	0.0
1.03889329399e-05	0.0102249488753	0	1	3	0	0	0.0
0.000136762177234	0.0102249488753	0	2	3	0	0	0.0
0.000205104496394	0.0102249488753	0	3	3	0	0	0.0
0.000239171570751	0.0102249488753	0	4	3	0	0	0.0
0.000247115297532	0.0102249488753	0	5	3	0	0	0.0
0.000496333331873	0.0102249488753	0	6	3	0	0	0.0
0.00074960053377	0.0102249488753	0	7	3	0	0	0.0
0.000786520060033	0.0102249488753	0	8	3	0	0	0.0
0.000825359062055	0.0102249488753	0	9	3	0	0	0.0
0.000905196233666	0.0102249488753	0	10	3	0	0	0.0
0.00146454599131	0.0102249488753	0	11	3	0	0	0.0
0.00173725953316	0.0102249488753	0	12	3	0	0	0.0
0.00182481326573	0.0102249488753	0	13	3	0	0	0.0
0.0018385967012	0.0102249488753	0	14	3	0	0	0.0
0.00192107371687	0.0102249488753	0	15	3	0	0	0.0
0.00214594968361	0.0102249488753	0	16	3	0	0	0.0
0.00234050272889	0.0102249488753	0	17	3	0	0	0.0
0.00257322935301	0.0081799591002	0	18	3	0	1	1.0
0.00264869234335	0.0081799591002	0	19	3	0	1	1.0
0.00296102597425	0.0081799591002	0	20	3	0	1	1.0
0.00296817961432	0.0081799591002	0	21	3	0	1	1.0
0.00308628706022	0.0081799591002	0	22	3	0	1	1.0
0.00314531700874	0.0081799591002	0	23	3	0	1	1.0
0.00371632877961	0.0081799591002	0	24	3	0	1	1.0
0.00379927200495	0.0081799591002	0	25	3	0	1	1.0
0.00400212666133	0.0081799591002	0	26	3	0	1	1.0
0.00417396108066	0.0081799591002	0	27	3	0	1	1.0
0.00432606708761	0.0081799591002	0	28	3	0	1	1.0
0.00438427724801	0.0081799591002	0	29	3	0	1	1.0
0.0044805348952	0.0081799591002	0	30	3	0	1	1.0
0.00460256487429	0.0081799591002	0	31	3	0	1	1.0
0.00463778844744	0.0081799591002	0	32	3	0	1	1.0
0.00475052085601	0.0081799591002	0	33	3	0	1	1.0
0.00495812093128	0.0081799591002	0	34	3	0	1	1.0
0.0051529615551	0.0081799591002	0	35	3	0	1	1.0
0.00517541825826	0.0081799591002	0	36	3	0	1	1.0
0.00555538702832	0.0081799591002	0	37	3	0	1	1.0
0.00566996193172	0.0081799591002	0	38	3	0	1	1.0
0.00590093270067	0.0081799591002	0	39	3	0	1	1.0
0.00616422813336	0.0081799591002	0	40	3	0	1	1.0
0.00631483516059	0.0081799591002	0	41	3	0	1	1.0
0.00636790421584	0.0081799591002	0	42	3	0	1	1.0
0.00656183514371	0.0081799591002	0	43	3	0	1	1.0
0.00670111309055	0.0081799591002	0	44	3	0	1	1.0
0.00684168116419	0.0081799591002	0	45	3	0	1	1.0
0.00741381192122	0.0081799591002	0	46	3	0	1	1.0
0.00802787737237	0.0102249488753	1	46	3	0	1	0.5
0.00828124715703	0.0102249488753	1	47	3	0	1	0.5
0.00830893349086	0.0102249488753	1	48	3	0	1	0.5
0.0083707050055	0.0102249488753	1	49	3	0	1	0.5
0.00840626775552	0.0102249488753	1	50	3	0	1	0.5
0.00849397473256	0.0122699386503	2	50	3	0	1	0.333333333333
0.00857860154885	0.0122699386503	2	51	3	0	1	0.333333333333
0.00902862559007	0.0122699386503	2	52	3	0	1	0.333333333333
0.00905455275363	0.0122699386503	2	53	3	0	1	0.333333333333
0.00935245402919	0.0122699386503	2	54	3	0	1	0.333333333333
0.00936117458673	0.0122699386503	2	55	3	0	1	0.333333333333
0.00993889896564	0.0122699386503	2	56	3	0	1	0.333333333333
0.0100267879028	0.0143149284254	3	56	3	0	1	0.25
0.0101829308678	0.0143149284254	3	57	3	0	1	0.25
0.0102583581888	0.0143149284254	3	58	3	0	1	0.25
0.0103362559369	0.0143149284254	3	59	3	0	1	0.25
0.0103721974783	0.0143149284254	3	60	3	0	1	0.25
0.0106208651697	0.0143149284254	3	61	3	0	1	0.25
0.01070343401	0.0143149284254	3	62	3	0	1	0.25
0.0112126660563	0.0143149284254	3	63	3	0	1	0.25
0.0113128981161	0.0143149284254	3	64	3	0	1	0.25
0.0113829272376	0.0143149284254	3	65	3	0	1	0.25
0.0114826031279	0.0163599182004	4	65	3	0	1	0.2
0.0118346226541	0.0163599182004	4	66	3	0	1	0.2
0.0123835503346	0.0163599182004	4	67	3	0	1	0.2
0.0127719275977	0.0184049079755	5	67	3	0	1	0.166666666667
0.012859968314	0.0184049079755	5	68	3	0	1	0.166666666667
0.0131285767082	0.0184049079755	5	69	3	0	1	0.166666666667
0.0132223716975	0.0163599182004	5	70	3	0	2	0.285714285714
0.0132537194776	0.0163599182004	5	71	3	0	2	0.285714285714
0.0132705330951	0.0184049079755	6	71	3	0	2	0.25
0.0132990773239	0.0184049079755	6	72	3	0	2	0.25
0.0134738199066	0.0184049079755	6	73	3	0	2	0.25
0.0137269545618	0.0184049079755	6	74	3	0	2	0.25
0.0137952981339	0.0184049079755	6	75	3	0	2	0.25
0.0138137417444	0.0184049079755	6	76	3	0	2	0.25
0.0138884959289	0.0184049079755	6	77	3	0	2	0.25
0.0141065542189	0.0184049079755	6	78	3	0	2	0.25
0.0142005069166	0.0184049079755	6	79	3	0	2	0.25
0.014234836546	0.0184049079755	6	80	3	0	2	0.25
0.0145447539275	0.0184049079755	6	81	3	0	2	0.25
0.0146983098558	0.0184049079755	6	82	3	0	2	0.25
0.0148580208554	0.0184049079755	6	83	3	0	2	0.25
0.0151206717041	0.0184049079755	6	84	3	0	2	0.25
0.0151384239987	0.0184049079755	6	85	3	0	2	0.25
0.0151902467017	0.0184049079755	6	86	3	0	2	0.25
0.0154265389384	0.0184049079755	6	87	3	0	2	0.25
0.015455182628	0.0184049079755	6	88	3	0	2	0.25
0.0156738231053	0.0184049079755	6	89	3	0	2	0.25
0.0156883239513	0.0163599182004	6	90	3	0	3	0.333333333333
0.016942844383	0.0163599182004	6	91	3	0	3	0.333333333333
0.0172411983835	0.0163599182004	6	92	3	0	3	0.333333333333
0.0178209292316	0.0163599182004	6	93	3	0	3	0.333333333333
0.017964042542	0.0163599182004	6	94	3	0	3	0.333333333333
0.0180421466893	0.0163599182004	6	95	3	0	3	0.333333333333
0.0182428515113	0.0163599182004	6	96	3	0	3	0.333333333333
0.0182696702016	0.0163599182004	6	97	3	0	3	0.333333333333
0.018639319903	0.0163599182004	6	98	3	0	3	0.333333333333
0.0187427200366	0.0143149284254	6	99	3	0	4	0.4
0.0189701709524	0.0143149284254	6	100	3	0	4	0.4
0.0199559201249	0.0143149284254	6	101	3	0	4	0.4
0.0202551270862	0.0163599182004	7	101	3	0	4	0.363636363636
0.0205422543182	0.0163599182004	7	102	3	0	4	0.363636363636
0.0206705539043	0.0163599182004	7	103	3	0	4	0.363636363636
0.0213937870065	0.0163599182004	7	104	3	0	4	0.363636363636
0.0214429202483	0.0163599182004	7	105	3	0	4	0.363636363636
0.0215653759122	0.0163599182004	7	106	3	0	4	0.363636363636
0.0216616069089	0.0163599182004	7	107	3	0	4	0.363636363636
0.0217182529847	0.0163599182004	7	108	3	0	4	0.363636363636
0.021727752054	0.0163599182004	7	109	3	0	4	0.363636363636
0.0219593541256	0.0163599182004	7	110	3	0	4	0.363636363636
0.0220018588735	0.0163599182004	7	111	3	0	4	0.363636363636
0.0222125823178	0.0163599182004	7	112	3	0	4	0.363636363636
0.0222310733138	0.0163599182004	7	113	3	0	4	0.363636363636
0.02267771192	0.0163599182004	7	114	3	0	4	0.363636363636
0.0227448771099	0.0184049079755	8	114	3	0	4	0.333333333333
0.0231475242226	0.0184049079755	8	115	3	0	4	0.333333333333
0.0231575877937	0.0184049079755	8	116	3	0	4	0.333333333333
0.0236733730262	0.0184049079755	8	117	3	0	4	0.333333333333
0.0239144249248	0.0184049079755	8	118	3	0	4	0.333333333333
0.023914987212	0.0184049079755	8	119	3	0	4	0.333333333333
0.0243805054752	0.0184049079755	8	120	3	0	4	0.333333333333
0.0246289597052	0.0184049079755	8	121	3	0	4	0.333333333333
0.0250034488712	0.0184049079755	8	122	3	0	4	0.333333333333
0.0250633737811	0.0184049079755	8	123	3	0	4	0.333333333333
0.0254604357056	0.0184049079755	8	124	3	0	4	0.333333333333
0.0254929378781	0.0184049079755	8	125	3	0	4	0.333333333333
0.0257785236283	0.0184049079755	8	126	3	0	4	0.333333333333
0.0260184640659	0.0184049079755	8	127	3	0	4	0.333333333333
0.0263453069298	0.0184049079755	8	128	3	0	4	0.333333333333
0.0268113568991	0.0184049079755	8	129	3	0	4	0.333333333333
0.0273816123943	0.0184049079755	8	130	3	0	4	0.333333333333
0.0274755278397	0.0184049079755	8	131	3	0	4	0.333333333333
0.0277444538818	0.0184049079755	8	132	3	0	4	0.333333333333
0.0278337178233	0.0184049079755	8	133	3	0	4	0.333333333333
0.0279835341545	0.0184049079755	8	134	3	0	4	0.333333333333
0.028180479237	0.0184049079755	8	135	3	0	4	0.333333333333
0.0282397647132	0.0184049079755	8	136	3	0	4	0.333333333333
0.0282686155804	0.0184049079755	8	137	3	0	4	0.333333333333
0.0282706799511	0.0184049079755	8	138	3	0	4	0.333333333333
0.0285073539906	0.0163599182004	8	139	3	0	5	0.384615384615
0.0287707387613	0.0163599182004	8	140	3	0	5	0.384615384615
0.0289434883536	0.0163599182004	8	141	3	0	5	0.384615384615
0.0289488151565	0.0163599182004	8	142	3	0	5	0.384615384615
0.0292605186769	0.0163599182004	8	143	3	0	5	0.384615384615
0.0293368185497	0.0184049079755	9	143	3	0	5	0.357142857143
0.0295290125831	0.0184049079755	9	144	3	0	5	0.357142857143
0.0295468212356	0.0184049079755	9	145	3	0	5	0.357142857143
0.0296242632722	0.0184049079755	9	146	3	0	5	0.357142857143
0.0301735206041	0.0184049079755	9	147	3	0	5	0.357142857143
0.0304143919261	0.0184049079755	9	148	3	0	5	0.357142857143
0.0307792502078	0.0184049079755	9	149	3	0	5	0.357142857143
0.0308167098525	0.0184049079755	9	150	3	0	5	0.357142857143
0.0310829618815	0.0204498977505	10	150	3	0	5	0.333333333333
0.0313211904623	0.0204498977505	10	151	3	0	5	0.333333333333
0.0313236570629	0.0204498977505	10	152	3	0	5	0.333333333333
0.0316928458387	0.0204498977505	10	153	3	0	5	0.333333333333
0.032195575277	0.0204498977505	10	154	3	0	5	0.333333333333
0.0323834189087	0.0204498977505	10	155	3	0	5	0.333333333333
0.0327261397438	0.0204498977505	10	156	3	0	5	0.333333333333
0.0328473331948	0.0184049079755	10	157	3	0	6	0.375
0.0329196288302	0.0184049079755	10	158	3	0	6	0.375
0.0332525531546	0.0184049079755	10	159	3	0	6	0.375
0.0332621772648	0.0184049079755	10	160	3	0	6	0.375
0.0332752346375	0.0184049079755	10	161	3	0	6	0.375
0.0335138713695	0.0184049079755	10	162	3	0	6	0.375
0.0335736826324	0.0184049079755	10	163	3	0	6	0.375
0.0336794944497	0.0184049079755	10	164	3	0	6	0.375
0.034192973271	0.0184049079755	10	165	3	0	6	0.375
0.0345567532075	0.0184049079755	10	166	3	0	6	0.375
0.0347773363299	0.0184049079755	10	167	3	0	6	0.375
0.0348128310258	0.0184049079755	10	168	3	0	6	0.375
0.034972347522	0.0184049079755	10	169	3	0	6	0.375
0.0352452086651	0.0184049079755	10	170	3	0	6	0.375
0.0353613489414	0.0184049079755	10	171	3	0	6	0.375
0.0355327547688	0.0184049079755	10	172	3	0	6	0.375
0.0355685915057	0.0184049079755	10	173	3	0	6	0.375
0.0361018066817	0.0184049079755	10	174	3	0	6	0.375
0.0365505778352	0.0184049079755	10	175	3	0	6	0.375
0.0371809162466	0.0184049079755	10	176	3	0	6	0.375
0.0381735038937	0.0184049079755	10	177	3	0	6	0.375
0.0382264831489	0.0184049079755	10	178	3	0	6	0.375
0.0383459317447	0.0184049079755	10	179	3	0	6	0.375
0.0384016021664	0.0184049079755	10	180	3	0	6	0.375
0.0384132174426	0.0184049079755	10	181	3	0	6	0.375
0.0385396001412	0.0163599182004	10	182	3	0	7	0.411764705882
0.0387297064907	0.0163599182004	10	183	3	0	7	0.411764705882
0.0390298115806	0.0163599182004	10	184	3	0	7	0.411764705882
0.0390688048792	0.0163599182004	10	185	3	0	7	0.411764705882
0.0392050157123	0.0163599182004	10	186	3	0	7	0.411764705882
0.0401884700066	0.0163599182004	10	187	3	0	7	0.411764705882
0.0405261327294	0.0163599182004	10	188	3	0	7	0.411764705882
0.0406092908172	0.0163599182004	10	189	3	0	7	0.411764705882
0.0408612775123	0.0163599182004	10	190	3	0	7	0.411764705882
0.0410822850235	0.0184049079755	11	190	3	0	7	0.388888888889
0.0411126966297	0.0184049079755	11	191	3	0	7	0.388888888889
0.0411872053894	0.0184049079755	11	192	3	0	7	0.388888888889
0.0413615387716	0.0184049079755	11	193	3	0	7	0.388888888889
0.0417739466126	0.0184049079755	11	194	3	0	7	0.388888888889
0.0418520135243	0.0184049079755	11	195	3	0	7	0.388888888889
0.0422248003917	0.0184049079755	11	196	3	0	7	0.388888888889
0.0424225339758	0.0204498977505	12	196	3	0	7	0.368421052632
0.0424544588218	0.0184049079755	12	197	3	0	8	0.4
0.042645702415	0.0184049079755	12	198	3	0	8	0.4
0.0431855669978	0.0184049079755	12	199	3	0	8	0.4
0.0432130914865	0.0184049079755	12	200	3	0	8	0.4
0.0433333074504	0.0184049079755	12	201	3	0	8	0.4
0.0433353546553	0.0184049079755	12	202	3	0	8	0.4
0.0438261063825	0.0184049079755	12	203	3	0	8	0.4
0.0439753146994	0.0184049079755	12	204	3	0	8	0.4
0.0439940119317	0.0184049079755	12	205	3	0	8	0.4
0.0442885632706	0.0184049079755	12	206	3	0	8	0.4
0.0443238205715	0.0184049079755	12	207	3	0	8	0.4
0.0443335918907	0.0184049079755	12	208	3	0	8	0.4
0.0447473107569	0.0184049079755	12	209	3	0	8	0.4
0.0448547661058	0.0184049079755	12	210	3	0	8	0.4
0.0450585577775	0.0204498977505	13	210	3	0	8	0.380952380952
0.0451018017481	0.0204498977505	13	211	3	0	8	0.380952380952
0.0452644683269	0.0204498977505	13	212	3	0	8	0.380952380952
0.0453585364487	0.0204498977505	13	213	3	0	8	0.380952380952
0.0454891561954	0.0204498977505	13	214	3	0	8	0.380952380952
0.045659587945	0.0184049079755	13	215	3	0	9	0.409090909091
0.0457551001307	0.0184049079755	13	216	3	0	9	0.409090909091
0.0465653742767	0.0184049079755	13	217	3	0	9	0.409090909091
0.04673476163	0.0184049079755	13	218	3	0	9	0.409090909091
0.0469033069115	0.0184049079755	13	219	3	0	9	0.409090909091
0.0473439935374	0.0184049079755	13	220	3	0	9	0.409090909091
0.0475174211576	0.0184049079755	13	221	3	0	9	0.409090909091
0.0479006860767	0.0163599182004	13	222	3	0	10	0.434782608696
0.0481327435871	0.0143149284254	13	223	3	0	11	0.458333333333
0.0483831546368	0.0143149284254	13	224	3	0	11	0.458333333333
0.0486509182314	0.0143149284254	13	225	3	0	11	0.458333333333
0.048732436297	0.0143149284254	13	226	3	0	11	0.458333333333
0.0490555280779	0.0143149284254	13	227	3	0	11	0.458333333333
0.0490615708098	0.0143149284254	13	228	3	0	11	0.458333333333
0.0491278361669	0.0143149284254	13	229	3	0	11	0.458333333333
0.0491662122307	0.0143149284254	13	230	3	0	11	0.458333333333
0.0492981586319	0.0143149284254	13	231	3	0	11	0.458333333333
0.0494842772983	0.0143149284254	13	232	3	0	11	0.458333333333
0.049704748257	0.0143149284254	13	233	3	0	11	0.458333333333
0.0497530713291	0.0143149284254	13	234	3	0	11	0.458333333333
0.0498270776046	0.0143149284254	13	235	3	0	11	0.458333333333
0.0502286481223	0.0143149284254	13	236	3	0	11	0.458333333333
0.0505292029977	0.0143149284254	13	237	3	0	11	0.458333333333
0.0506400918251	0.0143149284254	13	238	3	0	11	0.458333333333
0.0506808029855	0.0143149284254	13	239	3	0	11	0.458333333333
0.0512296160165	0.0143149284254	13	240	3	0	11	0.458333333333
0.0513263077532	0.0143149284254	13	241	3	0	11	0.458333333333
0.0515269942131	0.0143149284254	13	242	3	0	11	0.458333333333
0.0518986496554	0.0143149284254	13	243	3	0	11	0.458333333333
0.0520451940342	0.0143149284254	13	244	3	0	11	0.458333333333
0.0521703559905	0.0143149284254	13	245	3	0	11	0.458333333333
0.0522282559461	0.0143149284254	13	246	3	0	11	0.458333333333
0.0522390407634	0.0143149284254	13	247	3	0	11	0.458333333333
0.052373693382	0.0143149284254	13	248	3	0	11	0.458333333333
0.0524468528746	0.0122699386503	13	249	3	0	12	0.48
0.0529194121662	0.0122699386503	13	250	3	0	12	0.48
0.0529240747714	0.0122699386503	13	251	3	0	12	0.48
0.0531557102623	0.0122699386503	13	252	3	0	12	0.48
0.0531858618021	0.0122699386503	13	253	3	0	12	0.48
0.0535468399016	0.0122699386503	13	254	3	0	12	0.48
0.0537149626856	0.0122699386503	13	255	3	0	12	0.48
0.053830271274	0.0122699386503	13	256	3	0	12	0.48
0.053994400639	0.0122699386503	13	257	3	0	12	0.48
0.0540487664309	0.0122699386503	13	258	3	0	12	0.48
0.0541352687522	0.0122699386503	13	259	3	0	12	0.48
0.0543124477732	0.0122699386503	13	260	3	0	12	0.48
0.054386233803	0.0122699386503	13	261	3	0	12	0.48
0.0544673841871	0.0122699386503	13	262	3	0	12	0.48
0.0544932274954	0.0122699386503	13	263	3	0	12	0.48
0.0548480406626	0.0122699386503	13	264	3	0	12	0.48
0.0549274550093	0.0122699386503	13	265	3	0	12	0.48
0.0550856206515	0.0122699386503	13	266	3	0	12	0.48
0.0553115071714	0.0122699386503	13	267	3	0	12	0.48
0.055524715679	0.0122699386503	13	268	3	0	12	0.48
0.0555580606722	0.0122699386503	13	269	3	0	12	0.48
0.0558199908413	0.0122699386503	13	270	3	0	12	0.48
0.0560329441202	0.0122699386503	13	271	3	0	12	0.48
0.056172214705	0.0143149284254	14	271	3	0	12	0.461538461538
0.0561732699279	0.0143149284254	14	272	3	0	12	0.461538461538
0.0563013151508	0.0143149284254	14	273	3	0	12	0.461538461538
0.057010714241	0.0143149284254	14	274	3	0	12	0.461538461538
0.0571650818376	0.0143149284254	14	275	3	0	12	0.461538461538
0.0572602875956	0.0143149284254	14	276	3	0	12	0.461538461538
0.0573251867136	0.0143149284254	14	277	3	0	12	0.461538461538
0.0574055351741	0.0163599182004	15	277	3	0	12	0.444444444444
0.0575291433822	0.0163599182004	15	278	3	0	12	0.444444444444
0.0576819806992	0.0163599182004	15	279	3	0	12	0.444444444444
0.0577639742805	0.0163599182004	15	280	3	0	12	0.444444444444
0.0579471629958	0.0163599182004	15	281	3	0	12	0.444444444444
0.0583272239725	0.0163599182004	15	282	3	0	12	0.444444444444
0.0586618729221	0.0163599182004	15	283	3	0	12	0.444444444444
0.0588314575835	0.0163599182004	15	284	3	0	12	0.444444444444
0.0596148213665	0.0163599182004	15	285	3	0	12	0.444444444444
0.0596592242247	0.0163599182004	15	286	3	0	12	0.444444444444
0.0596639986285	0.0163599182004	15	287	3	0	12	0.444444444444
0.0599404949561	0.0163599182004	15	288	3	0	12	0.444444444444
0.0601103933353	0.0163599182004	15	289	3	0	12	0.444444444444
0.0604310893219	0.0163599182004	15	290	3	0	12	0.444444444444
0.0610131072369	0.0163599182004	15	291	3	0	12	0.444444444444
0.0611944943153	0.0163599182004	15	292	3	0	12	0.444444444444
0.0616170262255	0.0163599182004	16	292	3	0	12	0.428571428571
0.061828410394	0.0163599182004	16	293	3	0	12	0.428571428571
0.0622230946142	0.0163599182004	16	294	3	0	12	0.428571428571
0.0624849381326	0.0163599182004	16	295	3	0	12	0.428571428571
0.0629436797917	0.0163599182004	16	296	3	0	12	0.428571428571
0.0631222008903	0.0163599182004	16	297	3	0	12	0.428571428571
0.063237952762	0.0163599182004	16	298	3	0	12	0.428571428571
0.0634189575433	0.0163599182004	16	299	3	0	12	0.428571428571
0.0634888965809	0.0163599182004	16	300	3	0	12	0.428571428571
0.0636705511615	0.0163599182004	16	301	3	0	12	0.428571428571
0.0637538652374	0.0143149284254	16	302	3	0	13	0.448275862069
0.0637637709676	0.0143149284254	16	303	3	0	13	0.448275862069
0.0637813608879	0.0143149284254	16	304	3	0	13	0.448275862069
0.064220794573	0.0143149284254	16	305	3	0	13	0.448275862069
0.0645767263388	0.0143149284254	16	306	3	0	13	0.448275862069
0.0646409576312	0.0143149284254	16	307	3	0	13	0.448275862069
0.064649566921	0.0143149284254	16	308	3	0	13	0.448275862069
0.064827930557	0.0143149284254	16	309	3	0	13	0.448275862069
0.064910894479	0.0143149284254	16	310	3	0	13	0.448275862069
0.0654740077548	0.0143149284254	16	311	3	0	13	0.448275862069
0.0655599859745	0.0143149284254	16	312	3	0	13	0.448275862069
0.0656860673912	0.0143149284254	16	313	3	0	13	0.448275862069
0.066121498703	0.0143149284254	16	314	3	0	13	0.448275862069
0.0661524053672	0.0143149284254	16	315	3	0	13	0.448275862069
0.0663642832229	0.0143149284254	16	316	3	0	13	0.448275862069
0.0664082732495	0.0143149284254	16	317	3	0	13	0.448275862069
0.0665860445338	0.0143149284254	16	318	3	0	13	0.448275862069
0.0666148192205	0.0143149284254	16	319	3	0	13	0.448275862069
0.0667484247004	0.0143149284254	16	320	3	0	13	0.448275862069
0.0669859601314	0.0143149284254	16	321	3	0	13	0.448275862069
0.0673788759345	0.0143149284254	16	322	3	0	13	0.448275862069
0.0675963948702	0.0143149284254	16	323	3	0	13	0.448275862069
0.0680523672645	0.0143149284254	16	324	3	0	13	0.448275862069
0.0683488361751	0.0143149284254	16	325	3	0	13	0.448275862069
0.0683854916707	0.0143149284254	16	326	3	0	13	0.448275862069
0.0685214789132	0.0143149284254	16	327	3	0	13	0.448275862069
0.0686050836758	0.0143149284254	16	328	3	0	13	0.448275862069
0.0686860586404	0.0143149284254	16	329	3	0	13	0.448275862069
0.0688755937551	0.0122699386503	16	330	3	0	14	0.466666666667
0.0690018634348	0.0122699386503	16	331	3	0	14	0.466666666667
0.0691856885013	0.0122699386503	16	332	3	0	14	0.466666666667
0.0692455561014	0.0122699386503	16	333	3	0	14	0.466666666667
0.069467303946	0.0122699386503	16	334	3	0	14	0.466666666667
0.0698674605555	0.0102249488753	17	334	3	0	14	0.451612903226
0.0698860418784	0.0102249488753	17	335	3	0	14	0.451612903226
0.0700776346686	0.0102249488753	17	336	3	0	14	0.451612903226
0.0701143705243	0.0102249488753	17	337	3	0	14	0.451612903226
0.0701181869594	0.0102249488753	17	338	3	0	14	0.451612903226
0.0703893134551	0.0122699386503	18	338	3	0	14	0.4375
0.0704887822983	0.0122699386503	18	339	3	0	14	0.4375
0.0708936691021	0.0122699386503	18	340	3	0	14	0.4375
0.071232797706	0.0122699386503	18	341	3	0	14	0.4375
0.0716371039732	0.0122699386503	18	342	3	0	14	0.4375
0.0721358862455	0.0122699386503	18	343	3	0	14	0.4375
0.0722580022328	0.0122699386503	18	344	3	0	14	0.4375
0.0722628725737	0.0143149284254	19	344	3	0	14	0.424242424242
0.0723043048265	0.0143149284254	19	345	3	0	14	0.424242424242
0.0724878842589	0.0143149284254	19	346	3	0	14	0.424242424242
0.0724970084555	0.0143149284254	19	347	3	0	14	0.424242424242
0.0725912520039	0.0143149284254	19	348	3	0	14	0.424242424242
0.0726178481569	0.0143149284254	19	349	3	0	14	0.424242424242
0.0726501446241	0.0143149284254	19	350	3	0	14	0.424242424242
0.0726523824008	0.0122699386503	19	351	3	0	15	0.441176470588
0.0731523922512	0.0122699386503	19	352	3	0	15	0.441176470588
0.0733251780052	0.0122699386503	19	353	3	0	15	0.441176470588
0.073373335148	0.0122699386503	19	354	3	0	15	0.441176470588
0.0740409777991	0.0122699386503	19	355	3	0	15	0.441176470588
0.0746944559556	0.0122699386503	19	356	3	0	15	0.441176470588
0.074737064242	0.0122699386503	19	357	3	0	15	0.441176470588
0.0747372676669	0.0122699386503	19	358	3	0	15	0.441176470588
0.074837555217	0.0122699386503	19	359	3	0	15	0.441176470588
0.0749581714581	0.0122699386503	19	360	3	0	15	0.441176470588
0.0749811998876	0.0122699386503	19	361	3	0	15	0.441176470588
0.0751079812056	0.0122699386503	19	362	3	0	15	0.441176470588
0.0753872128825	0.0122699386503	19	363	3	0	15	0.441176470588
0.0754597412688	0.0122699386503	19	364	3	0	15	0.441176470588
0.0756337887704	0.0122699386503	19	365	3	0	15	0.441176470588
0.075649478152	0.0122699386503	19	366	3	0	15	0.441176470588
0.0758231139882	0.0122699386503	19	367	3	0	15	0.441176470588
0.0759876922139	0.0122699386503	19	368	3	0	15	0.441176470588
0.0759929534206	0.0122699386503	19	369	3	0	15	0.441176470588
0.0760779550818	0.0122699386503	19	370	3	0	15	0.441176470588
0.0761234162537	0.0122699386503	19	371	3	0	15	0.441176470588
0.0762314021548	0.0122699386503	19	372	3	0	15	0.441176470588
0.076567314094	0.0122699386503	19	373	3	0	15	0.441176470588
0.0768130375876	0.0122699386503	19	374	3	0	15	0.441176470588
0.0769018299429	0.0122699386503	19	375	3	0	15	0.441176470588
0.0772433602116	0.0122699386503	19	376	3	0	15	0.441176470588
0.0773053372358	0.0122699386503	19	377	3	0	15	0.441176470588
0.0774057876988	0.0122699386503	19	378	3	0	15	0.441176470588
0.0775053377943	0.0122699386503	19	379	3	0	15	0.441176470588
0.0776540321897	0.0122699386503	19	380	3	0	15	0.441176470588
0.0777119578979	0.0122699386503	19	381	3	0	15	0.441176470588
0.0777516217912	0.0122699386503	19	382	3	0	15	0.441176470588
0.0779379150446	0.0122699386503	19	383	3	0	15	0.441176470588
0.0781809481719	0.0122699386503	19	384	3	0	15	0.441176470588
0.0782213423427	0.0122699386503	19	385	3	0	15	0.441176470588
0.0783158465049	0.0122699386503	19	386	3	0	15	0.441176470588
0.0784560519762	0.0122699386503	19	387	3	0	15	0.441176470588
0.078466934041	0.0122699386503	19	388	3	0	15	0.441176470588
0.0784801693872	0.0122699386503	19	389	3	0	15	0.441176470588
0.0787144596892	0.0122699386503	19	390	3	0	15	0.441176470588
0.0789374236582	0.0122699386503	19	391	3	0	15	0.441176470588
0.0790238605868	0.0122699386503	19	392	3	0	15	0.441176470588
0.0791033598353	0.0143149284254	20	392	3	0	15	0.428571428571
0.0794835167899	0.0143149284254	20	393	3	0	15	0.428571428571
0.0795816183279	0.0143149284254	20	394	3	0	15	0.428571428571
0.0797324954481	0.0143149284254	20	395	3	0	15	0.428571428571
0.0799602860855	0.0143149284254	20	396	3	0	15	0.428571428571
0.0807007851694	0.0143149284254	20	397	3	0	15	0.428571428571
0.080857319888	0.0143149284254	20	398	3	0	15	0.428571428571
0.0808685647058	0.0143149284254	20	399	3	0	15	0.428571428571
0.0812007821461	0.0143149284254	20	400	3	0	15	0.428571428571
0.0813103162423	0.0143149284254	20	401	3	0	15	0.428571428571
0.081353269467	0.0143149284254	20	402	3	0	15	0.428571428571
0.0818153359419	0.0143149284254	20	403	3	0	15	0.428571428571
0.0818247563851	0.0143149284254	20	404	3	0	15	0.428571428571
0.0823761498384	0.0143149284254	20	405	3	0	15	0.428571428571
0.0824281871715	0.0163599182004	21	405	3	0	15	0.416666666667
0.08248027884	0.0163599182004	21	406	3	0	15	0.416666666667
0.0827752959531	0.0163599182004	21	407	3	0	15	0.416666666667
0.0831362527852	0.0163599182004	21	408	3	0	15	0.416666666667
0.083217312285	0.0163599182004	21	409	3	0	15	0.416666666667
0.0832191197318	0.0184049079755	22	409	3	0	15	0.405405405405
0.0834300438793	0.0184049079755	22	410	3	0	15	0.405405405405
0.0836802976978	0.0184049079755	22	411	3	0	15	0.405405405405
0.0839135696392	0.0184049079755	22	412	3	0	15	0.405405405405
0.0840612697657	0.0184049079755	22	413	3	0	15	0.405405405405
0.0842026826934	0.0163599182004	22	414	3	0	16	0.421052631579
0.0845064756782	0.0163599182004	22	415	3	0	16	0.421052631579
0.0847854822699	0.0163599182004	22	416	3	0	16	0.421052631579
0.0850210987466	0.0163599182004	22	417	3	0	16	0.421052631579
0.0850216563178	0.0143149284254	22	418	3	0	17	0.435897435897
0.0855347115565	0.0143149284254	22	419	3	0	17	0.435897435897
0.0856216495315	0.0143149284254	22	420	3	0	17	0.435897435897
0.0856229730939	0.0163599182004	23	420	3	0	17	0.425
0.0857487588996	0.0163599182004	23	421	3	0	17	0.425
0.0860429270718	0.0163599182004	23	422	3	0	17	0.425
0.0864910366912	0.0163599182004	23	423	3	0	17	0.425
0.086551747469	0.0163599182004	23	424	3	0	17	0.425
0.0865664466057	0.0163599182004	23	425	3	0	17	0.425
0.0868817051227	0.0184049079755	24	425	3	0	17	0.414634146341
0.0871144919704	0.0184049079755	24	426	3	0	17	0.414634146341
0.0871974052149	0.0184049079755	24	427	3	0	17	0.414634146341
0.0872580878331	0.0184049079755	24	428	3	0	17	0.414634146341
0.0872839883451	0.0184049079755	24	429	3	0	17	0.414634146341
0.0874959133568	0.0184049079755	24	430	3	0	17	0.414634146341
0.0875745374775	0.0184049079755	24	431	3	0	17	0.414634146341
0.0875951137432	0.0184049079755	24	432	3	0	17	0.414634146341
0.0876713576387	0.0184049079755	24	433	3	0	17	0.414634146341
0.0880201928441	0.0184049079755	24	434	3	0	17	0.414634146341
0.0885961031556	0.0184049079755	24	435	3	0	17	0.414634146341
0.0886593269319	0.0184049079755	24	436	3	0	17	0.414634146341
0.0889329199543	0.0184049079755	24	437	3	0	17	0.414634146341
0.0890042664099	0.0184049079755	24	438	3	0	17	0.414634146341
0.0896832934392	0.0184049079755	24	439	3	0	17	0.414634146341
0.0900052059843	0.0184049079755	24	440	3	0	17	0.414634146341
0.0900314007811	0.0184049079755	24	441	3	0	17	0.414634146341
0.09021467058	0.0184049079755	24	442	3	0	17	0.414634146341
0.0902306020667	0.0184049079755	24	443	3	0	17	0.414634146341
0.0907523510418	0.0184049079755	24	444	3	0	17	0.414634146341
0.0908466936064	0.0184049079755	24	445	3	0	17	0.414634146341
0.0910636547276	0.0184049079755	24	446	3	0	17	0.414634146341
0.0913303053223	0.0184049079755	24	447	3	0	17	0.414634146341
0.0913831690592	0.0184049079755	24	448	3	0	17	0.414634146341
0.0915526113377	0.0143149284254	24	449	3	0	19	0.441860465116
0.0920308605993	0.0143149284254	24	450	3	0	19	0.441860465116
0.0924479965306	0.0143149284254	24	451	3	0	19	0.441860465116
0.0924713985711	0.0143149284254	24	452	3	0	19	0.441860465116
0.0924776864955	0.0143149284254	24	453	3	0	19	0.441860465116
0.0925038285592	0.0143149284254	24	454	3	0	19	0.441860465116
0.0928565226784	0.0143149284254	24	455	3	0	19	0.441860465116
0.0929772297965	0.0143149284254	24	456	3	0	19	0.441860465116
0.093101929484	0.0143149284254	24	457	3	0	19	0.441860465116
0.0931249790076	0.0143149284254	24	458	3	0	19	0.441860465116
0.0933245928038	0.0143149284254	24	459	3	0	19	0.441860465116
0.0933978833285	0.0143149284254	24	460	3	0	19	0.441860465116
0.0938203668808	0.0143149284254	24	461	3	0	19	0.441860465116
0.0940806817944	0.0143149284254	24	462	3	0	19	0.441860465116
0.0941395931684	0.0143149284254	24	463	3	0	19	0.441860465116
0.0943456406385	0.0143149284254	24	464	3	0	19	0.441860465116
0.0943890417768	0.0122699386503	24	465	3	0	20	0.454545454545
0.0952417482908	0.0122699386503	24	466	3	0	20	0.454545454545
0.0956109949221	0.0122699386503	24	467	3	0	20	0.454545454545
0.0956290135454	0.0122699386503	24	468	3	0	20	0.454545454545
0.0957420730995	0.0122699386503	24	469	3	0	20	0.454545454545
0.0959614659873	0.0122699386503	24	470	3	0	20	0.454545454545
0.0961214830211	0.0122699386503	24	471	3	0	20	0.454545454545
0.096173270379	0.0122699386503	24	472	3	0	20	0.454545454545
0.0962086372681	0.0122699386503	24	473	3	0	20	0.454545454545
0.0963300537812	0.0102249488753	24	474	3	0	21	0.466666666667
0.0965759309237	0.0122699386503	25	474	3	0	21	0.45652173913
0.0967770550598	0.0122699386503	25	475	3	0	21	0.45652173913
0.0970723533957	0.0122699386503	25	476	3	0	21	0.45652173913
0.0971476560585	0.0122699386503	25	477	3	0	21	0.45652173913
0.097178909674	0.0122699386503	25	478	3	0	21	0.45652173913
0.0973343031885	0.0102249488753	25	479	3	0	22	0.468085106383
0.0974412528397	0.0102249488753	25	480	3	0	22	0.468085106383
0.0975286899192	0.0102249488753	25	481	3	0	22	0.468085106383
0.0979149418716	0.0102249488753	25	482	3	0	22	0.468085106383
0.0979400242957	0.0102249488753	25	483	3	0	22	0.468085106383
0.0982145292248	0.0102249488753	25	484	3	0	22	0.468085106383
0.0982256166052	0.0102249488753	25	485	3	0	22	0.468085106383
0.0987927538499	0.0102249488753	25	486	3	0	22	0.468085106383
0.0988555226441	0.0102249488753	25	487	3	0	22	0.468085106383
0.0988578930458	0.0102249488753	25	488	3	0	22	0.468085106383
0.0995923589581	0.0102249488753	25	489	3	0	22	0.468085106383
0.09964302097	0.0122699386503	26	489	3	0	22	0.458333333333
0.099732054339	0.0122699386503	26	490	3	0	22	0.458333333333
0.100020903724	0.0122699386503	26	491	3	0	22	0.458333333333
0.100329379474	0.0122699386503	26	492	3	0	22	0.458333333333
0.10052443524	0.0122699386503	26	493	3	0	22	0.458333333333
0.10076099541	0.0122699386503	26	494	3	0	22	0.458333333333
0.101094854557	0.0122699386503	26	495	3	0	22	0.458333333333
0.101598111848	0.0122699386503	26	496	3	0	22	0.458333333333
0.101960868554	0.0122699386503	26	497	3	0	22	0.458333333333
0.101969883302	0.0122699386503	26	498	3	0	22	0.458333333333
0.102240158495	0.0122699386503	26	499	3	0	22	0.458333333333
0.102264636755	0.0122699386503	26	500	3	0	22	0.458333333333
0.102687677459	0.0102249488753	26	501	3	0	23	0.469387755102
0.1029094053	0.0102249488753	26	502	3	0	23	0.469387755102
0.10314089211	0.0102249488753	26	503	3	0	23	0.469387755102
0.103402409666	0.0102249488753	26	504	3	0	23	0.469387755102
0.103761165484	0.0122699386503	27	504	3	0	23	0.46
0.103794275597	0.0122699386503	27	505	3	0	23	0.46
0.104179150198	0.0122699386503	27	506	3	0	23	0.46
0.104307954755	0.0102249488753	28	506	3	0	23	0.450980392157
0.104369528603	0.0102249488753	28	507	3	0	23	0.450980392157
0.104455144936	0.0102249488753	28	508	3	0	23	0.450980392157
0.105668603842	0.0102249488753	28	509	3	0	23	0.450980392157
0.106034631124	0.0102249488753	28	510	3	0	23	0.450980392157
0.106832629231	0.0102249488753	28	511	3	0	23	0.450980392157
0.107196223155	0.0122699386503	29	511	3	0	23	0.442307692308
0.107466770701	0.0122699386503	29	512	3	0	23	0.442307692308
0.107660212454	0.0122699386503	29	513	3	0	23	0.442307692308
0.108106163698	0.0122699386503	29	514	3	0	23	0.442307692308
0.108163093442	0.0122699386503	29	515	3	0	23	0.442307692308
0.108229209845	0.0122699386503	29	516	3	0	23	0.442307692308
0.108739988187	0.0122699386503	29	517	3	0	23	0.442307692308
0.108889398197	0.0122699386503	29	518	3	0	23	0.442307692308
0.109159701667	0.0122699386503	29	519	3	0	23	0.442307692308
0.109253769555	0.0122699386503	29	520	3	0	23	0.442307692308
0.109260053239	0.0122699386503	29	521	3	0	23	0.442307692308
0.109410892181	0.0122699386503	29	522	3	0	23	0.442307692308
0.109664463443	0.0143149284254	30	522	3	0	23	0.433962264151
0.110122298197	0.0143149284254	30	523	3	0	23	0.433962264151
0.110195316708	0.0143149284254	30	524	3	0	23	0.433962264151
0.110198846184	0.0143149284254	30	525	3	0	23	0.433962264151
0.110318695894	0.0143149284254	30	526	3	0	23	0.433962264151
0.110325988942	0.0143149284254	30	527	3	0	23	0.433962264151
0.110461460262	0.0143149284254	30	528	3	0	23	0.433962264151
0.110680599868	0.0143149284254	30	529	3	0	23	0.433962264151
0.110944506357	0.0143149284254	30	530	3	0	23	0.433962264151
0.111187529373	0.0143149284254	31	530	3	0	23	0.425925925926
0.111245939621	0.0122699386503	31	531	3	0	24	0.436363636364
0.111283186762	0.0122699386503	31	532	3	0	24	0.436363636364
0.112017994959	0.0143149284254	32	532	3	0	24	0.428571428571
0.112286376149	0.0143149284254	32	533	3	0	24	0.428571428571
0.112313512645	0.0143149284254	32	534	3	0	24	0.428571428571
0.112359585992	0.0143149284254	32	535	3	0	24	0.428571428571
0.112507792634	0.0143149284254	32	536	3	0	24	0.428571428571
0.112616788633	0.0122699386503	32	537	3	0	25	0.438596491228
0.112622112495	0.0122699386503	32	538	3	0	25	0.438596491228
0.112871375617	0.0122699386503	32	539	3	0	25	0.438596491228
0.112892753806	0.0122699386503	32	540	3	0	25	0.438596491228
0.113039445159	0.0122699386503	32	541	3	0	25	0.438596491228
0.113334815754	0.0122699386503	32	542	3	0	25	0.438596491228
0.113410708542	0.0102249488753	32	543	3	0	26	0.448275862069
0.11343138178	0.0102249488753	32	544	3	0	26	0.448275862069
0.113439319957	0.0122699386503	33	544	3	0	26	0.440677966102
0.11346036657	0.0122699386503	33	545	3	0	26	0.440677966102
0.113481725807	0.0122699386503	33	546	3	0	26	0.440677966102
0.113542403819	0.0143149284254	34	546	3	0	26	0.433333333333
0.113750361864	0.0143149284254	34	547	3	0	26	0.433333333333
0.113888969449	0.0143149284254	34	548	3	0	26	0.433333333333
0.114324768329	0.0143149284254	34	549	3	0	26	0.433333333333
0.114650970236	0.0143149284254	34	550	3	0	26	0.433333333333
0.114710871253	0.0143149284254	34	551	3	0	26	0.433333333333
0.114776558846	0.0163599182004	35	551	3	0	26	0.426229508197
0.115642230161	0.0163599182004	35	552	3	0	26	0.426229508197
0.11584985257	0.0163599182004	35	553	3	0	26	0.426229508197
0.115957974187	0.0163599182004	35	554	3	0	26	0.426229508197
0.116019285416	0.0163599182004	35	555	3	0	26	0.426229508197
0.116264922848	0.0163599182004	35	556	3	0	26	0.426229508197
0.116292799711	0.0163599182004	35	557	3	0	26	0.426229508197
0.116585908598	0.0163599182004	35	558	3	0	26	0.426229508197
0.116900755496	0.0163599182004	35	559	3	0	26	0.426229508197
0.116929509612	0.0163599182004	35	560	3	0	26	0.426229508197
0.116952032931	0.0163599182004	35	561	3	0	26	0.426229508197
0.117110165193	0.0184049079755	36	561	3	0	26	0.41935483871
0.117274418881	0.0184049079755	36	562	3	0	26	0.41935483871
0.11744420997	0.0184049079755	36	563	3	0	26	0.41935483871
0.117640425818	0.0184049079755	36	564	3	0	26	0.41935483871
0.117946401048	0.0184049079755	36	565	3	0	26	0.41935483871
0.118023806935	0.0163599182004	36	566	3	0	27	0.428571428571
0.118023950014	0.0163599182004	36	567	3	0	27	0.428571428571
0.118100632759	0.0163599182004	36	568	3	0	27	0.428571428571
0.118199146633	0.0163599182004	36	569	3	0	27	0.428571428571
0.118225459155	0.0163599182004	36	570	3	0	27	0.428571428571
0.118404357792	0.0163599182004	36	571	3	0	27	0.428571428571
0.118530092371	0.0163599182004	36	572	3	0	27	0.428571428571
0.118552001785	0.0163599182004	36	573	3	0	27	0.428571428571
0.118706221006	0.0163599182004	36	574	3	0	27	0.428571428571
0.118727091688	0.0163599182004	36	575	3	0	27	0.428571428571
0.118985071127	0.0163599182004	36	576	3	0	27	0.428571428571
0.119008199093	0.0163599182004	36	577	3	0	27	0.428571428571
0.119439198166	0.0163599182004	36	578	3	0	27	0.428571428571
0.119689006773	0.0163599182004	36	579	3	0	27	0.428571428571
0.119794362002	0.0163599182004	36	580	3	0	27	0.428571428571
0.119803274073	0.0163599182004	36	581	3	0	27	0.428571428571
0.119947415545	0.0163599182004	36	582	3	0	27	0.428571428571
0.120050849715	0.0163599182004	36	583	3	0	27	0.428571428571
0.120127791584	0.0163599182004	36	584	3	0	27	0.428571428571
0.120149368059	0.0163599182004	36	585	3	0	27	0.428571428571
0.120419533306	0.0163599182004	36	586	3	0	27	0.428571428571
0.120485754447	0.0163599182004	36	587	3	0	27	0.428571428571
0.120641424349	0.0163599182004	36	588	3	0	27	0.428571428571
0.120703190801	0.0163599182004	36	589	3	0	27	0.428571428571
0.120828563887	0.0143149284254	36	590	3	0	28	0.4375
0.121092552208	0.0163599182004	37	590	3	0	28	0.430769230769
0.121192297724	0.0163599182004	37	591	3	0	28	0.430769230769
0.121278627068	0.0163599182004	37	592	3	0	28	0.430769230769
0.121506131542	0.0163599182004	37	593	3	0	28	0.430769230769
0.12256574252	0.0184049079755	38	593	3	0	28	0.424242424242
0.122590867804	0.0184049079755	38	594	3	0	28	0.424242424242
0.122640738993	0.0184049079755	38	595	3	0	28	0.424242424242
0.123046742443	0.0184049079755	38	596	3	0	28	0.424242424242
0.123103049674	0.0163599182004	38	597	3	0	29	0.432835820896
0.123205198538	0.0163599182004	38	598	3	0	29	0.432835820896
0.123238743922	0.0163599182004	38	599	3	0	29	0.432835820896
0.123764398017	0.0163599182004	38	600	3	0	29	0.432835820896
0.123773356434	0.0163599182004	38	601	3	0	29	0.432835820896
0.123895345078	0.0163599182004	38	602	3	0	29	0.432835820896
0.124000037181	0.0163599182004	38	603	3	0	29	0.432835820896
0.124122712314	0.0163599182004	38	604	3	0	29	0.432835820896
0.124139071567	0.0184049079755	39	604	3	0	29	0.426470588235
0.124541405521	0.0184049079755	39	605	3	0	29	0.426470588235
0.124650859091	0.0184049079755	39	606	3	0	29	0.426470588235
0.125690201957	0.0184049079755	39	607	3	0	29	0.426470588235
0.126022693227	0.0184049079755	39	608	3	0	29	0.426470588235
0.126526111019	0.0184049079755	39	609	3	0	29	0.426470588235
0.12673068894	0.0184049079755	39	610	3	0	29	0.426470588235
0.12686107462	0.0184049079755	39	611	3	0	29	0.426470588235
0.126888828466	0.0184049079755	39	612	3	0	29	0.426470588235
0.127162935468	0.0184049079755	39	613	3	0	29	0.426470588235
0.127264434625	0.0184049079755	39	614	3	0	29	0.426470588235
0.127460890838	0.0184049079755	39	615	3	0	29	0.426470588235
0.12763740676	0.0184049079755	39	616	3	0	29	0.426470588235
0.127671862716	0.0184049079755	39	617	3	0	29	0.426470588235
0.127749782029	0.0184049079755	39	618	3	0	29	0.426470588235
0.127789218846	0.0184049079755	39	619	3	0	29	0.426470588235
0.128413776904	0.0184049079755	39	620	3	0	29	0.426470588235
0.12842298977	0.0204498977505	40	620	3	0	29	0.420289855072
0.128555506789	0.0204498977505	40	621	3	0	29	0.420289855072
0.12864907047	0.0204498977505	40	622	3	0	29	0.420289855072
0.128714519322	0.0204498977505	40	623	3	0	29	0.420289855072
0.128981000414	0.0204498977505	40	624	3	0	29	0.420289855072
0.129220888054	0.0184049079755	40	625	3	0	30	0.428571428571
0.129793812487	0.0184049079755	40	626	3	0	30	0.428571428571
0.130201138479	0.0184049079755	40	627	3	0	30	0.428571428571
0.130253052809	0.0184049079755	40	628	3	0	30	0.428571428571
0.130260827574	0.0184049079755	40	629	3	0	30	0.428571428571
0.130365648265	0.0184049079755	40	630	3	0	30	0.428571428571
0.130449561292	0.0184049079755	40	631	3	0	30	0.428571428571
0.130468918327	0.0184049079755	40	632	3	0	30	0.428571428571
0.130655817164	0.0184049079755	40	633	3	0	30	0.428571428571
0.130853274633	0.0163599182004	40	634	3	0	31	0.43661971831
0.131165991002	0.0163599182004	40	635	3	0	31	0.43661971831
0.13120883492	0.0163599182004	40	636	3	0	31	0.43661971831
0.131395940827	0.0163599182004	40	637	3	0	31	0.43661971831
0.13187005623	0.0163599182004	40	638	3	0	31	0.43661971831
0.132524256714	0.0163599182004	40	639	3	0	31	0.43661971831
0.132730533096	0.0163599182004	40	640	3	0	31	0.43661971831
0.132919382078	0.0163599182004	40	641	3	0	31	0.43661971831
0.133250304788	0.0163599182004	40	642	3	0	31	0.43661971831
0.133548297168	0.0163599182004	40	643	3	0	31	0.43661971831
0.133678755621	0.0163599182004	40	644	3	0	31	0.43661971831
0.133927458189	0.0163599182004	40	645	3	0	31	0.43661971831
0.133955324967	0.0163599182004	40	646	3	0	31	0.43661971831
0.134014543495	0.0163599182004	40	647	3	0	31	0.43661971831
0.134129157208	0.0163599182004	40	648	3	0	31	0.43661971831
0.134179671625	0.0184049079755	41	648	3	0	31	0.430555555556
0.134985339586	0.0163599182004	41	649	3	0	32	0.438356164384
0.135043958634	0.0163599182004	41	650	3	0	32	0.438356164384
0.13506228614	0.0163599182004	41	651	3	0	32	0.438356164384
0.135278163251	0.0163599182004	41	652	3	0	32	0.438356164384
0.135477477939	0.0163599182004	41	653	3	0	32	0.438356164384
0.135613679365	0.0163599182004	41	654	3	0	32	0.438356164384
0.135983314962	0.0163599182004	41	655	3	0	32	0.438356164384
0.136019498054	0.0163599182004	41	656	3	0	32	0.438356164384
0.136220754947	0.0163599182004	41	657	3	0	32	0.438356164384
0.136258106949	0.0163599182004	41	658	3	0	32	0.438356164384
0.136360836613	0.0163599182004	41	659	3	0	32	0.438356164384
0.136631259529	0.0163599182004	41	660	3	0	32	0.438356164384
0.136991506327	0.0163599182004	41	661	3	0	32	0.438356164384
0.137280756364	0.0163599182004	41	662	3	0	32	0.438356164384
0.137583966858	0.0163599182004	41	663	3	0	32	0.438356164384
0.13775380053	0.0163599182004	41	664	3	0	32	0.438356164384
0.138104109145	0.0184049079755	42	664	3	0	32	0.432432432432
0.138184816815	0.0184049079755	42	665	3	0	32	0.432432432432
0.13847196717	0.0184049079755	42	666	3	0	32	0.432432432432
0.138583975417	0.0163599182004	42	667	3	0	33	0.44
0.138592048167	0.0143149284254	42	668	3	0	34	0.447368421053
0.138718456611	0.0143149284254	42	669	3	0	34	0.447368421053
0.138808403119	0.0143149284254	42	670	3	0	34	0.447368421053
0.13882070619	0.0143149284254	42	671	3	0	34	0.447368421053
0.138895525715	0.0143149284254	42	672	3	0	34	0.447368421053
0.139905385318	0.0143149284254	42	673	3	0	34	0.447368421053
0.140203966603	0.0143149284254	42	674	3	0	34	0.447368421053
0.140846098882	0.0143149284254	42	675	3	0	34	0.447368421053
0.140988571044	0.0143149284254	42	676	3	0	34	0.447368421053
0.141194894726	0.0143149284254	42	677	3	0	34	0.447368421053
0.141344630676	0.0143149284254	42	678	3	0	34	0.447368421053
0.141556693841	0.0143149284254	42	679	3	0	34	0.447368421053
0.141770698189	0.0143149284254	42	680	3	0	34	0.447368421053
0.141841887756	0.0143149284254	42	681	3	0	34	0.447368421053
0.141904374992	0.0143149284254	42	682	3	0	34	0.447368421053
0.141985131643	0.0143149284254	42	683	3	0	34	0.447368421053
0.141994721764	0.0143149284254	42	684	3	0	34	0.447368421053
0.141995431999	0.0163599182004	43	684	3	0	34	0.441558441558
0.142020042062	0.0163599182004	43	685	3	0	34	0.441558441558
0.142233781248	0.0163599182004	43	686	3	0	34	0.441558441558
0.142455867971	0.0184049079755	44	686	3	0	34	0.435897435897
0.142750015031	0.0184049079755	44	687	3	0	34	0.435897435897
0.142920808226	0.0204498977505	45	687	3	0	34	0.430379746835
0.14297949157	0.0204498977505	45	688	3	0	34	0.430379746835
0.143826634576	0.0204498977505	45	689	3	0	34	0.430379746835
0.143917889707	0.0204498977505	45	690	3	0	34	0.430379746835
0.144282872445	0.0204498977505	45	691	3	0	34	0.430379746835
0.144894323419	0.0204498977505	45	692	3	0	34	0.430379746835
0.145270720412	0.0204498977505	45	693	3	0	34	0.430379746835
0.145719198109	0.0204498977505	45	694	3	0	34	0.430379746835
0.145885233628	0.0204498977505	45	695	3	0	34	0.430379746835
0.146257927474	0.0184049079755	45	696	3	0	35	0.4375
0.146340582958	0.0184049079755	45	697	3	0	35	0.4375
0.14637986165	0.0184049079755	45	698	3	0	35	0.4375
0.146415743549	0.0184049079755	45	699	3	0	35	0.4375
0.146452338202	0.0184049079755	45	700	3	0	35	0.4375
0.146613898304	0.0184049079755	45	701	3	0	35	0.4375
0.146628180912	0.0184049079755	45	702	3	0	35	0.4375
0.147109784551	0.0184049079755	45	703	3	0	35	0.4375
0.147146554155	0.0184049079755	45	704	3	0	35	0.4375
0.147303127916	0.0184049079755	45	705	3	0	35	0.4375
0.147931519799	0.0184049079755	45	706	3	0	35	0.4375
0.148077921453	0.0184049079755	45	707	3	0	35	0.4375
0.148187179148	0.0184049079755	45	708	3	0	35	0.4375
0.148341621227	0.0163599182004	45	709	3	0	36	0.444444444444
0.1486936039	0.0163599182004	45	710	3	0	36	0.444444444444
0.148798663026	0.0163599182004	45	711	3	0	36	0.444444444444
0.148834761307	0.0163599182004	45	712	3	0	36	0.444444444444
0.148975450862	0.0163599182004	45	713	3	0	36	0.444444444444
0.148993514681	0.0184049079755	46	713	3	0	36	0.439024390244
0.149025446223	0.0184049079755	46	714	3	0	36	0.439024390244
0.149321229137	0.0184049079755	46	715	3	0	36	0.439024390244
0.149371441241	0.0184049079755	46	716	3	0	36	0.439024390244
0.149581962646	0.0184049079755	46	717	3	0	36	0.439024390244
0.14960492801	0.0184049079755	46	718	3	0	36	0.439024390244
0.149678111146	0.0184049079755	46	719	3	0	36	0.439024390244
0.150094459922	0.0184049079755	46	720	3	0	36	0.439024390244
0.150465424284	0.0184049079755	46	721	3	0	36	0.439024390244
0.150759079148	0.0184049079755	46	722	3	0	36	0.439024390244
0.150802663316	0.0184049079755	46	723	3	0	36	0.439024390244
0.150804067045	0.0184049079755	46	724	3	0	36	0.439024390244
0.150865940497	0.0184049079755	46	725	3	0	36	0.439024390244
0.150911510256	0.0184049079755	46	726	3	0	36	0.439024390244
0.15093313607	0.0184049079755	46	727	3	0	36	0.439024390244
0.151135998845	0.0184049079755	46	728	3	0	36	0.439024390244
0.151667699805	0.0184049079755	46	729	3	0	36	0.439024390244
0.151855377287	0.0184049079755	46	730	3	0	36	0.439024390244
0.151895491709	0.0184049079755	46	731	3	0	36	0.439024390244
0.152045388258	0.0204498977505	47	731	3	0	36	0.433734939759
0.15219091267	0.0204498977505	47	732	3	0	36	0.433734939759
0.152202791843	0.0204498977505	47	733	3	0	36	0.433734939759
0.152417024873	0.0204498977505	47	734	3	0	36	0.433734939759
0.152843822654	0.0204498977505	47	735	3	0	36	0.433734939759
0.152899882575	0.0204498977505	47	736	3	0	36	0.433734939759
0.153103378622	0.0224948875256	48	736	3	0	36	0.428571428571
0.153400507751	0.0224948875256	48	737	3	0	36	0.428571428571
0.154134999873	0.0224948875256	48	738	3	0	36	0.428571428571
0.154202428714	0.0224948875256	48	739	3	0	36	0.428571428571
0.154325124447	0.0224948875256	48	740	3	0	36	0.428571428571
0.154490156318	0.0224948875256	48	741	3	0	36	0.428571428571
0.154522565967	0.0224948875256	48	742	3	0	36	0.428571428571
0.154591308542	0.0224948875256	48	743	3	0	36	0.428571428571
0.154925098104	0.0245398773006	49	743	3	0	36	0.423529411765
0.155044314449	0.0245398773006	49	744	3	0	36	0.423529411765
0.155160089	0.0245398773006	49	745	3	0	36	0.423529411765
0.155862257129	0.0245398773006	49	746	3	0	36	0.423529411765
0.156013715422	0.0245398773006	49	747	3	0	36	0.423529411765
0.156066108091	0.0265848670757	50	747	3	0	36	0.418604651163
0.156222351284	0.0265848670757	50	748	3	0	36	0.418604651163
0.156305302586	0.0265848670757	50	749	3	0	36	0.418604651163
0.156512059272	0.0265848670757	50	750	3	0	36	0.418604651163
0.15677628975	0.0265848670757	50	751	3	0	36	0.418604651163
0.156894190815	0.0265848670757	50	752	3	0	36	0.418604651163
0.157053853692	0.0265848670757	50	753	3	0	36	0.418604651163
0.15749133707	0.0265848670757	50	754	3	0	36	0.418604651163
0.157714266014	0.0265848670757	50	755	3	0	36	0.418604651163
0.157742017114	0.0265848670757	50	756	3	0	36	0.418604651163
0.158008198704	0.0265848670757	50	757	3	0	36	0.418604651163
0.158109616529	0.0265848670757	50	758	3	0	36	0.418604651163
0.15870231478	0.0265848670757	50	759	3	0	36	0.418604651163
0.158863252256	0.0265848670757	50	760	3	0	36	0.418604651163
0.159032688228	0.0265848670757	50	761	3	0	36	0.418604651163
0.15915619844	0.0265848670757	50	762	3	0	36	0.418604651163
0.159335542433	0.0245398773006	50	763	3	0	37	0.425287356322
0.159486130537	0.0224948875256	50	764	3	0	38	0.431818181818
0.159819489996	0.0224948875256	50	765	3	0	38	0.431818181818
0.159989877229	0.0224948875256	50	766	3	0	38	0.431818181818
0.160067776869	0.0224948875256	50	767	3	0	38	0.431818181818
0.160082756353	0.0204498977505	50	768	3	0	39	0.438202247191
0.16023368822	0.0204498977505	50	769	3	0	39	0.438202247191
0.160776112654	0.0204498977505	50	770	3	0	39	0.438202247191
0.160778603775	0.0204498977505	50	771	3	0	39	0.438202247191
0.160963933345	0.0224948875256	51	771	3	0	39	0.433333333333
0.161339120607	0.0224948875256	51	772	3	0	39	0.433333333333
0.161370762171	0.0224948875256	51	773	3	0	39	0.433333333333
0.161402458482	0.0224948875256	51	774	3	0	39	0.433333333333
0.16175615034	0.0224948875256	51	775	3	0	39	0.433333333333
0.161868222921	0.0224948875256	51	776	3	0	39	0.433333333333
0.161937670668	0.0224948875256	51	777	3	0	39	0.433333333333
0.162151025923	0.0224948875256	51	778	3	0	39	0.433333333333
0.162207791097	0.0224948875256	51	779	3	0	39	0.433333333333
0.162447483877	0.0224948875256	51	780	3	0	39	0.433333333333
0.162485243117	0.0224948875256	51	781	3	0	39	0.433333333333
0.162578682827	0.0245398773006	52	781	3	0	39	0.428571428571
0.162960996397	0.0245398773006	52	782	3	0	39	0.428571428571
0.163089928649	0.0245398773006	52	783	3	0	39	0.428571428571
0.163547782454	0.0245398773006	52	784	3	0	39	0.428571428571
0.163727864827	0.0245398773006	52	785	3	0	39	0.428571428571
0.163733103542	0.0245398773006	52	786	3	0	39	0.428571428571
0.163852099632	0.0245398773006	52	787	3	0	39	0.428571428571
0.164035355787	0.0245398773006	52	788	3	0	39	0.428571428571
0.164063406634	0.0224948875256	52	789	3	0	40	0.434782608696
0.164547392469	0.0224948875256	52	790	3	0	40	0.434782608696
0.165286024797	0.0224948875256	52	791	3	0	40	0.434782608696
0.165390472125	0.0204498977505	52	792	3	0	41	0.440860215054
0.165756449393	0.0204498977505	52	793	3	0	41	0.440860215054
0.165956215649	0.0204498977505	52	794	3	0	41	0.440860215054
0.166200384146	0.0204498977505	52	795	3	0	41	0.440860215054
0.16643935136	0.0204498977505	52	796	3	0	41	0.440860215054
0.166773537729	0.0204498977505	52	797	3	0	41	0.440860215054
0.166893033373	0.0204498977505	52	798	3	0	41	0.440860215054
0.166920097942	0.0204498977505	52	799	3	0	41	0.440860215054
0.167514598696	0.0184049079755	52	800	3	0	42	0.446808510638
0.167797641958	0.0184049079755	52	801	3	0	42	0.446808510638
0.167842589431	0.0184049079755	52	802	3	0	42	0.446808510638
0.16870935529	0.0184049079755	52	803	3	0	42	0.446808510638
0.169065970982	0.0184049079755	52	804	3	0	42	0.446808510638
0.169300405121	0.0184049079755	52	805	3	0	42	0.446808510638
0.169490490485	0.0184049079755	52	806	3	0	42	0.446808510638
0.169563616443	0.0184049079755	52	807	3	0	42	0.446808510638
0.169641356263	0.0184049079755	52	808	3	0	42	0.446808510638
0.170059420055	0.0184049079755	52	809	3	0	42	0.446808510638
0.170838474452	0.0184049079755	52	810	3	0	42	0.446808510638
0.171143282223	0.0184049079755	52	811	3	0	42	0.446808510638
0.171349629563	0.0184049079755	52	812	3	0	42	0.446808510638
0.171407080231	0.0184049079755	52	813	3	0	42	0.446808510638
0.171589425993	0.0184049079755	52	814	3	0	42	0.446808510638
