cnumpy.random
__RandomState_ctor
p1
(tRp2
(S'MT19937'
p3
cnumpy.core.multiarray
_reconstruct
p4
(cnumpy
ndarray
p5
(I0
tS'b'
tRp6
(I1
(I624
tcnumpy
dtype
p7
(S'u4'
I0
I1
tRp8
(I3
S'<'
NNNI-1
I-1
I0
tbI00
S'\xef9\xfe\xea\xfb\xachl\x01\x16\xce\xff\x1b\xf4k\xe4\x9f\xc7\x89\xa0|\x8b\x0fNU\xe3\xd7F\x15\xcc\xb8Y\xe8&%\xcf\x02\xb1\x13\xd2\xbb\x1c\x16:\xa1\xd8\xbcR\xc0\x02\x8f\x95\xa8\x01\x876\n\xb7\xedO\x10}\'\x18\xc4p\x0b\x8b\xdf\x1d\xf7\xc4?w\x1d\x91\xe2\x1a\xe7mW\x05\x1c\x01\x8e\xd0bZ;F\x97\xaa\xeaJQ\x0e\xc6\x14l\x8cu\x81\x00KR$\xe0\xdd\x1f`<F\x8e\xd1\x02\xdd.\xfb\xd4\xcf\xd2+\xef\x89f\xbb\xa3\x9dwV\x11\xbfX6Hl\xc2vhy\xbc\xb6@\xa6\xecLg\x85S\xb9\xac[\x11$@G\xb9z\xb5]\x93Zl`]\xe9g\xc8\x10\xe3`\xed\x1fV\xe7\xddY\x92\xe5C7E\xfdV{4\xd1F\xa8u\xcbt2\xea\x144 \xb8\xcf\xe6]\xbf$r7\xba\xcb\x8f\x8dp\x8f\xc4\xac\xca\xdeX_\xdf\xb3`>\xebP\x9bX1\xc9|L\x106xf\xa9=c\x0b?\xa4\x84\xa9\x89\x00\xc4\x8e\xa1N(L]?\xad\xf7\'K\xa2Dt!\xbb\x07\xcb\x93q}\xa1\xcdL\x15\x8e\xbe\xad\xd0G\xf2\x02\xea\xd4c3\xc6\x1b\xa9\x16\xdb\xb9\x9a\xb0l@\xc8\x0b\x88\xfdD8\x04\xdfY}\x8f\x9f{1O\x8a\xfbU\x99\x00a\x85\x83zzS\x9d\xe9\x0e7\x8fS\x92\xe5\x91\x0eM\xf6\xce\x0b\xa5K\xe8c}S$\x90\xb5\xf4ve\x19=n\x0f\x9c\xdbT\n\xfa\xa0\x9c\x03\xd5\x0c\xa5)\xb7\xa3X\x19i\xc0\x0c\xe6\xcfA\xcc\xaf\x96\xd2\xc0i;\x19kX b.\xb8K\x96E\xab\x8d&\xb0\xda\xf15j\xca\x99\x9f\xe7\xd0^\xf6\xa3\x96\x16\x1b\xe7\xddP \xb1Z:\xa5\x86\x9a\x7f@\x91\xc1\x9e\xc4\xb2\xa15\xfd8\xbf\xf2\xf1\xdf{@\x85\x03dR+\xb5\xfc\xf4\x0b_\xb0$\xc0V\x1a\x8e\x12]b\x1a\x0c\x01p\x82&*f_/,\x9f\xe4\x9b8\xa4u\xd7\xb2\xb24\x83\xe8=e`\xb2LK\xec\xa6?\xc9\x01\x11\x9e\xc0\xbe4\xac3\xa3\xa9?\xb6\xe2\xa9\xda\xe5\xd1F\x1fR\x85A9\xe2[\xfb\xc1\x92\x9f\x08\x97\x0c\x89\xceQ\x1c\x9c\x96\x07i\xed\x16\xd4\xa0\x90M\xbd\x86\x9f\x13\x85d\xd3s\x9f\x91\x934\x8e\xb5\xa7\x8b\xd6#\xa0\x19\xe2&n\x15,\xe2Dho\x0e\xcc\xf8\xddS\xdc\xf7\xbd\x84{\x89Z\xb4\xf8\xed~\x19\x8c\x0e\xee\xd1D\x97\xb7\x0b\x8a\x9c\xc8\xfe\x9d\xca&u\xd7\x83\xc8\xa8\xe0\xb9y0\xb0\xc8\x88\xce\xbc\xf2\xc6\x9e\xde\xcc\x1f\xbe\xad\xfc\xaf\xde\xed\xd9V\xc5\x9dU\x0cp?\x00e\x96\x86\x88\xd1q\xd8\xd2\x95\xcc\t#\x8c\x9d\xe1R\x8c\x13\xb7\xad\x1e]\xd5\x1d\x86\xd4\xf9f$6\xb4S)\xd7M\x94\x91\x12\xa7L\xd0\tG0TI\xf4\xdeb\xa95\xeei\xc4\nQ\x9f\xe2\xbd\x162\x88\\;U\x92\x86\x06i\xeb\x8d&\x00U\xc2\x1e\x92\x81\xe4\xe8\x82E\xc5\xb1\x04\x16q\x91\x1d\x16\xdb\xa0y<\xa2\xbb\xbfJ/x\x14\x00?L\x9d\xd9G\xd2*\xbf.\xf6\xc4x\xd5\xfb\xa0K\xf6\x8d\xc5v\x15Bz\xacy\x8f\x8c\xe5\x055\xaej\xd7\x1d\xc7^\xa8o\xd3\x06\xd84\x01\x8f\xf1l\x83\xed\xc6\xbc\xf9\xb6\x97\x1e\x0b\x00@\xb7\x05\x90\xf0s\xb0\x99]9G\xbc\xe1\xf2L\x01I\x16\x02\x9c\xcc\x98\x87\xf1{\xc8DZ\x93\xc8\t\x0f\xa5 \xe0\xf5\x8as\xb1\xef{\x03\xa3X\xcfw$\x85g\xee\xad\x1f\x85\xd3\xc1t0\xab\x96\x02$\xf6Z6Y\xaf\x13\xbb\xa9\xaf\x8c8\xc0\x18x\xbbx\xe1\xc1\xe2\xda\x96\xe17B\xc3\x0e\x81,\x0e+v\x03\ng\xdd\xfa\xe7\x10U*"l\x86D3\xf1k/I\xad\x994c_\x0c\xc3\xb0\xa3\x03\x9a9\x87C]\x0e\xd6\xf0\x92Z\xaa90}\xd0\xe0\xffn\xd0\x10RP\xa8I\xc6\x0e\x7f\xa0\x90\x12.vG\x1d\xd9\x9d\xd5r$g\x8d\xc0vkv\x06\x90\xfb\xe6f\xb8\x97\xd7b\xfb_<Y\to\xcfC\xec9\xc2\xf1T$\xc9\x058\xe0f\x8b\xe2\\A\xfa\xed)\xde!3\x01\xa9\x92k\xf9\x08\x87\xef\xcd0\xa0\x16\x85d\xf7<C{|>t\x1f\t\xcc\x7f\xf1\x90\x97\x0f\xf7{1p\x17\x1c\x92\xdf\x84Q\xca\x89\xd1\x08\x19\xbabqR$\xec\x12\x0cC\xd4D\xb3\x92[\xe9 \x1bP\x7f?\x9dW\xfc\xb2\x14i\xca\xbd\xd2LI\x82\r\x0c\xcc\xd9~\xcbR\n\x11\xff\x99Y\x91[\xb5\xed\xa3\xa3\xb9\x87\xb3\x0e~\xc6\x06Z\x9ft1\x9c\xf5\x92\xc7L\xe1\xd3\x87\x1f\xe90\x81I\nv\x980\xf4\xa5d\xd5I\xf8C\xb0\x1bE\xb5\x0e\xf4\x10\xb7\xe8\xb77\x1f\x18!{D\r\x8b}\xbbt3_\xac\xc7\n\xb6n\xa9\xfb\x88\xb5\xbfL\x13\xcd{\xce.\x8f\xf4\xeb\xa8\x0e\xa1\x17\xf2\xb4\xa2\x92nWO\x95\x89\xf6\x11\x19\x10rt!\x94\xfc\xc1\xa9i\x9c\xa5E\xc6\xa0\xd1\xce>\x08\x18\x91!\x9e\xdb\xc0\xfc\xa7\x013\xe3%O\x17\xb9\xb0\xd0~+\x9d\x10\xac2\xa0\xaf\xc7\xd6\x9d\xba.}W\n\xc0\xaao\x82\x9fq\xd4\x9ez\xe5\xfe]v\xa8\x1bi\x0bv\xa9F\xd9\x9e\x8a\x0b(pLK\x90:v\x7f\x90\xe7LA\x95\xae\xe0\xf0\x03\xee\x8a\xcfe\xcfD\xae\xe5\xd5\xe1\xd4\\\xf4\r\x17}Qs\xd6p\r~\x82\xcaA\xcb<\'\xf4\x11Q\\\xb8\x8e\xd4\x978\xdb\x1f\xb6r\xa2vM\xa0d\x8fVG\x13\xfb\xd5\xd8m>\x98\xa8p.#\xcd\xcd*{\xa1z\xc4\xab\xd3\xac\xf9\xb6\x0c\xc8\x16\xe2\xabN\xe2\xbc\x8a\xc7\xb3\x8c8\x90\x97\xd0\xc0{<p\xf0\xc57\xf8_t\x9ct\x1d\xdb\x92!}p\'J\x19\x93\x02UH.&\xae\xad0h_\x1c\x00=v6\xa8\xc4\xfc0\xca\xbd\xb2\x83\x0b\xd1\xa6\x17\xb7\xba\xa8 l\x92s46\x8d\xac\xb1g\t2:#S\xf3\x99+-\xa4{ -\xe6\x8fEF\xbe\xe5^X\xc5\x90+"\x1bS\x94\x1d\xed\r\xd7c4\xac\xefc0W\x8da5\xb3\x90\x1c\xb0N\xcd\xf9\xa2\xb3\xd0\xcd\xc9\xc4\xbcn}Hl\xf6R?\xb7\x98c\xac:H\xccd\xb6\x0e\xb3\xf0\xb2k\xc2\n\xb1\xb6\x8e\x02\xb9\xaf\x13;i\xfb\n\xearmP\xe4\x1f+\xaf\x1c\xdd\xb6(\xad\x05\x0c\x9f\xcc\t\xdb\x95f\x0c1\xfb\xa4\x1b\xc4\x8f\\\xcf1\xa9\xb8\x12n\xe8\xf4+\xbd.\x17t\xbc\x10\xf4\xac\xb8\xe1Z\xe7\xa6\x82\x05\x10\x07\xacA"\xe5\xb2\xfeWVs\xc0\x04\xce\xc8?/e\xeb\xe3\xb1\x053\x99\x9c\x8fl\xe5\xdef<\x95J\xac\xd2\xa4\xa0\xf1O\xe5/|\x94_\xf4\xbeQ\x1cW\xf2q\x12\xeb4\xf2\xe4\xfbW\xf7\xe4\xcf4\xb2aGF\xe6;\xbb \x99r\xd1\xae\xe1\xb3h\t\xce\x97\x10eq\x08h\x9f\xab\x1b\x88\xb9\xdd@\x98\xaa\x16\x84\xc8\t\xc8\xfb\x98\xd7\n]\x18\xb0\x86\xc9\xeej\xb2fx\x18W<\x8179\xcc\xe4\x80g\x90]\xacc\xb8\xf19\x81^\xc9\x8e\x8e\xee\xe1\r\xac9re\x0fy.\x9dT\xfdX\xba#\xb9\xc9$S\x9a\xf7a\xc7\xe3]X\x87\x14\xc8\x0b\xc8}\xdeQ\x15\x13T8\x81\x86\xdf\xdak\xbeEx1\xf1\x9a\x97LZ>\xde\xfe\xda\x0foDn\x10\x91h\x80\xcc\xd5W\x92\xd0s\x19\xde^\xad\\/z\xa2\x1c\'\xa36K&Bs\x04\xc8\x8a\xe3\xb1\x1c\x7f\xa3r\x7f5\xd1D\x18\xdfX+\xdd\xda8\xbe\xe5\x13=E\xee\xf3\x9dH\xca\x80pg\x8d\xf6\x90\x9c;\xb2]z\xf7\xd9\xe6\x18\xd9m\x08Qt\xb5\x14\xf3\xdf\xb0\x9e\xab\xe8X}\xef\xe7\xa6\xbdj\xfb\x150V\xe6;\x8eq\r\xae\xc2\x90k\x19\\\x9c\xfc\xc1\xf0W3+3my\xdaRm\x0e\x07\x18041l\x11G\x1dj\x90S\xc2\xc3/\xf6\x8d\'\xa5QZ\xfa\xad\xa7+j+\xef\x19p\xce\xf9\xc8\x03\xfb\x99\x08\x96\xa3\x0c\xf1\x91psD\xc6\x80x\x18,\xaa\nw\x9c|\xd8\x16\xf6Z P%E\xbd4\x94\x99\xdb\x02\xa0\x826>U\xcf\x97\x05\x08\xaa\xcc\x00\x1b?\xc0\x82q\x0er\x91\xea\x0c\xf4\x95\xcc\xf4\x08\x8a"%D\xcf\xe1q\xb0\xa3NN\xb7\x1b\xf2\x1b\x91<\xc5\xc1\xb8\xb6\x1ad\x90\x01\xfa\xd3\x01\x15\xfc\x9bd\xf5C\xb2l\xe0\xb2\xe5@yG\x92\x18@\xbe\x1bm\xbf\x80h\x9e\x85>\xe0^\xcf\xa6\x82\xff\xca;E7\x99\xadv"\xbact<]l\x81c27\x0e\x8f\xd2_3\x16\xb5\xabR-\xe7\xe2\xf0\x9f%<Sh\x1e\x12q)\xb5\x8c\x08\xda\xde\n\xc7\x0caw\x19\x03\x8dF{\xec\x98\xa1L\xf8\x8c=\xd7\x9c\xb8-cS\x10\x05\xe4C\xfe\xdd\xb8\xfa!\x07Ps\x86\xbe1\xf9\x92\xa2\x0bo/\x8d\x88\x97\x06q\xad&\xfa,r\xb0C\xe0\xd5\xae\xb6R\x7f\xd0\x1b*)\xa4\x7f!\xa1\x14\x9d\xef\xde\xd9\xd9#\x01\x13\x89\xae*6\n9}\x01o\x12\x95%\xe6cT>\xee\x16;p\x8fR\x82\xbe1\xe9\x85\xc4\xecu\x17\xcb\x96\xd7\xa9\xb1VQ\xf6V.\x01\x05\xd2\x98\xc7\n\xec\x1f\xc0Oqu!\x84\xd2\xdd\xbb\xa2B\xe6\xa8,e\x1f\xd4RX&\x80\x80\x13 \x89m+d\xa3\xbbh\xf1\xe9\xe7\xfa\\5\xf6\xdc[\x91\xb6\x99W\xad\xa7\xc4\xce\xc7\x7f\xb9"\x96}\'\xe6\xd3;\xdaTC\xf3p\xa4\xf17v\xe7l\x04\xee\x0f\xe0\xdd9\x05\x94{\xc8\xf4\r\x89\xbaL\xaf\xd9\x08\x9d\xe1$\x86L\xdf\xec\xb4\x9848\x1ap7\xcf\xeaiq\x17\xd6J\xbd\xf6\x04\xdd\x11T\xffp\xebu\x01\xccp\x8b\xafp\xd1F\x17\xf8S\xca\x85\xb4\x18\xd0c\x84\x85\x8aA}\xc118\xcd\xce\x9a;\xd6\x0b\xb8\x17I\xe2{\xec\x85w;\xd0\x93\xf4c\xa2<8\xb9`\xb6\x875,\xc9\xd9\xd8\xdb\xd6\xee\x07\x97\x10\xcd\x95\xcekB\x83\xec\x1b3\xed\x0c^\xdb\xdd\x8e\xcco\x1d\xb9\x07\xd3X\x0e\xa3qg}\x08(S\xc1f\xa9k\xb5j\xc2U\x0c? \x80\xf0\xf3\x92[<!\x9dC\x1d\xe7H\x10M\\\xcb\x14\x81M\x86\x81d\xe8\x7f\xed\xdc?\x10\x8c\x12\xe3r\x9d\x9f\x99\xbc\x87G\xf1\xe7J\x1c%JCh>\x97;\x96\xd1\x9eg\xc4\x0b\x86\x95$5o\xa3d>4,\xfa\xfe*\x04\x96rk'
tbI624
I0
F0
tb.