# time 	 divergence 	 # of mutations 	 # IGC chances 	 IGC length 	 # IGC failures 	 Changes due to IGC  	 % change due to IGC 
0.0	0.0286298568507	0	0	0	0	0	0.0
0.000148090129384	0.0286298568507	0	1	3	0	0	0.0
0.000171894122485	0.0286298568507	0	2	3	0	0	0.0
0.000380975364944	0.0265848670757	0	3	3	0	1	1.0
0.000393179078577	0.0265848670757	0	4	3	0	1	1.0
0.00109688678393	0.0265848670757	0	5	3	0	1	1.0
0.00119246060202	0.0265848670757	0	6	3	0	1	1.0
0.00131055285794	0.0265848670757	0	7	3	0	1	1.0
0.00137571933357	0.0265848670757	0	8	3	0	1	1.0
0.00176559429834	0.0265848670757	0	9	3	0	1	1.0
0.0021259175627	0.0265848670757	0	10	3	0	1	1.0
0.00229123061738	0.0265848670757	0	11	3	0	1	1.0
0.00236602492198	0.0265848670757	0	12	3	0	1	1.0
0.00236694208949	0.0265848670757	0	13	3	0	1	1.0
0.00279574274476	0.0265848670757	0	14	3	0	1	1.0
0.00279633043138	0.0265848670757	0	15	3	0	1	1.0
0.00294632586957	0.0265848670757	0	16	3	0	1	1.0
0.00368841558191	0.0265848670757	0	17	3	0	1	1.0
0.0039939803706	0.0265848670757	0	18	3	0	1	1.0
0.00399935244635	0.0265848670757	0	19	3	0	1	1.0
0.00413730191491	0.0265848670757	0	20	3	0	1	1.0
0.00521546436633	0.0265848670757	0	21	3	0	1	1.0
0.0054539554707	0.0265848670757	0	22	3	0	1	1.0
0.00556200065042	0.0265848670757	0	23	3	0	1	1.0
0.00644138558811	0.0265848670757	0	24	3	0	1	1.0
0.00683929690885	0.0265848670757	0	25	3	0	1	1.0
0.00727765891772	0.0286298568507	1	25	3	0	1	0.5
0.00736134870028	0.0286298568507	1	26	3	0	1	0.5
0.00760069369669	0.0286298568507	1	27	3	0	1	0.5
0.0080424312536	0.0286298568507	1	28	3	0	1	0.5
0.00804761924615	0.0306748466258	2	28	3	0	1	0.333333333333
0.00826326995679	0.0306748466258	2	29	3	0	1	0.333333333333
0.00829217575251	0.0306748466258	2	30	3	0	1	0.333333333333
0.00855756852468	0.0306748466258	2	31	3	0	1	0.333333333333
0.00908637819007	0.0286298568507	2	32	3	0	2	0.5
0.00981097058365	0.0286298568507	2	33	3	0	2	0.5
0.00982819624283	0.0286298568507	2	34	3	0	2	0.5
0.0101387854142	0.0286298568507	2	35	3	0	2	0.5
0.0104487262332	0.0286298568507	2	36	3	0	2	0.5
0.0108038150554	0.0286298568507	2	37	3	0	2	0.5
0.0109179723625	0.0286298568507	2	38	3	0	2	0.5
0.0111307143108	0.0286298568507	2	39	3	0	2	0.5
0.0113175788692	0.0286298568507	2	40	3	0	2	0.5
0.0114258461376	0.0286298568507	2	41	3	0	2	0.5
0.0114719718657	0.0286298568507	2	42	3	0	2	0.5
0.0116387388221	0.0286298568507	2	43	3	0	2	0.5
0.0117042618832	0.0286298568507	2	44	3	0	2	0.5
0.011864225164	0.0286298568507	2	45	3	0	2	0.5
0.0124918511358	0.0286298568507	2	46	3	0	2	0.5
0.0125626123891	0.0286298568507	2	47	3	0	2	0.5
0.0128699592874	0.0286298568507	2	48	3	0	2	0.5
0.0129224280916	0.0286298568507	2	49	3	0	2	0.5
0.0131784875103	0.0286298568507	2	50	3	0	2	0.5
0.0134389130662	0.0286298568507	2	51	3	0	2	0.5
0.0134656429231	0.0286298568507	2	52	3	0	2	0.5
0.0138172725495	0.0306748466258	3	52	3	0	2	0.4
0.0140192330586	0.0306748466258	3	53	3	0	2	0.4
0.0140832947697	0.0306748466258	3	54	3	0	2	0.4
0.0141103922008	0.0306748466258	3	55	3	0	2	0.4
0.0141850842068	0.0306748466258	3	56	3	0	2	0.4
0.0142978615652	0.0306748466258	3	57	3	0	2	0.4
0.0143521900126	0.0306748466258	3	58	3	0	2	0.4
0.014492600583	0.0306748466258	3	59	3	0	2	0.4
0.0148527367935	0.0306748466258	3	60	3	0	2	0.4
0.0149381342521	0.0306748466258	3	61	3	0	2	0.4
0.0150067482134	0.0306748466258	3	62	3	0	2	0.4
0.0154160355877	0.0306748466258	3	63	3	0	2	0.4
0.0154786116739	0.0286298568507	3	64	3	0	3	0.5
0.0158432478061	0.0286298568507	3	65	3	0	3	0.5
0.0159598452134	0.0286298568507	3	66	3	0	3	0.5
0.0160735376855	0.0286298568507	3	67	3	0	3	0.5
0.0162492755137	0.0265848670757	3	68	3	0	4	0.571428571429
0.0163536664411	0.0265848670757	3	69	3	0	4	0.571428571429
0.0166222359921	0.0265848670757	3	70	3	0	4	0.571428571429
0.0168105037029	0.0286298568507	4	70	3	0	4	0.5
0.0168946004122	0.0286298568507	4	71	3	0	4	0.5
0.0170215266595	0.0286298568507	4	72	3	0	4	0.5
0.0171057114387	0.0286298568507	4	73	3	0	4	0.5
0.0173637047237	0.0286298568507	4	74	3	0	4	0.5
0.0174030018745	0.0286298568507	4	75	3	0	4	0.5
0.0175383187505	0.0286298568507	4	76	3	0	4	0.5
0.0175403682007	0.0286298568507	4	77	3	0	4	0.5
0.0177096091221	0.0286298568507	4	78	3	0	4	0.5
0.0177989717062	0.0286298568507	4	79	3	0	4	0.5
0.0183806381174	0.0286298568507	4	80	3	0	4	0.5
0.0187605152413	0.0286298568507	4	81	3	0	4	0.5
0.0192887119767	0.0286298568507	4	82	3	0	4	0.5
0.019392653822	0.0286298568507	4	83	3	0	4	0.5
0.0195663684426	0.0306748466258	5	83	3	0	4	0.444444444444
0.019673127206	0.0306748466258	5	84	3	0	4	0.444444444444
0.0196934572807	0.0306748466258	5	85	3	0	4	0.444444444444
0.0197238375911	0.0306748466258	5	86	3	0	4	0.444444444444
0.0197335057416	0.0327198364008	6	86	3	0	4	0.4
0.0197982307593	0.0327198364008	6	87	3	0	4	0.4
0.0198652337791	0.0327198364008	6	88	3	0	4	0.4
0.0199778061084	0.0327198364008	6	89	3	0	4	0.4
0.0200034004791	0.0327198364008	6	90	3	0	4	0.4
0.0200838418127	0.0327198364008	6	91	3	0	4	0.4
0.0206235827043	0.0327198364008	6	92	3	0	4	0.4
0.0206546831906	0.0327198364008	6	93	3	0	4	0.4
0.0206583993295	0.0327198364008	6	94	3	0	4	0.4
0.0206652541523	0.0327198364008	6	95	3	0	4	0.4
0.0208678840692	0.0327198364008	6	96	3	0	4	0.4
0.0209010217935	0.0327198364008	6	97	3	0	4	0.4
0.0209579369088	0.0327198364008	6	98	3	0	4	0.4
0.0212382416021	0.0327198364008	6	99	3	0	4	0.4
0.0212526802644	0.0306748466258	6	100	3	0	5	0.454545454545
0.021318964727	0.0327198364008	7	100	3	0	5	0.416666666667
0.0215177292086	0.0327198364008	7	101	3	0	5	0.416666666667
0.0217309048314	0.0327198364008	7	102	3	0	5	0.416666666667
0.0220088308084	0.0327198364008	7	103	3	0	5	0.416666666667
0.0220355597627	0.0306748466258	7	104	3	0	6	0.461538461538
0.0220812944315	0.0306748466258	7	105	3	0	6	0.461538461538
0.0223997693354	0.0306748466258	7	106	3	0	6	0.461538461538
0.0230097082209	0.0306748466258	7	107	3	0	6	0.461538461538
0.0230829092552	0.0306748466258	7	108	3	0	6	0.461538461538
0.0234433309808	0.0306748466258	7	109	3	0	6	0.461538461538
0.023571204589	0.0306748466258	7	110	3	0	6	0.461538461538
0.0239132500086	0.0306748466258	7	111	3	0	6	0.461538461538
0.0242869375865	0.0306748466258	7	112	3	0	6	0.461538461538
0.0244089168287	0.0306748466258	7	113	3	0	6	0.461538461538
0.0247601888052	0.0306748466258	7	114	3	0	6	0.461538461538
0.0247980651775	0.0306748466258	7	115	3	0	6	0.461538461538
0.0249936890439	0.0306748466258	7	116	3	0	6	0.461538461538
0.0256657704111	0.0306748466258	7	117	3	0	6	0.461538461538
0.0257876765788	0.0306748466258	7	118	3	0	6	0.461538461538
0.0259685332559	0.0306748466258	7	119	3	0	6	0.461538461538
