cnumpy.random
__RandomState_ctor
p1
(tRp2
(S'MT19937'
p3
cnumpy.core.multiarray
_reconstruct
p4
(cnumpy
ndarray
p5
(I0
tS'b'
tRp6
(I1
(I624
tcnumpy
dtype
p7
(S'u4'
I0
I1
tRp8
(I3
S'<'
NNNI-1
I-1
I0
tbI00
S'\x17$\x18\xed\xb3A-\xc7B\xf7;\xd23o\xd3\x8d\xad$\x13:S]\xd9k\x14$\xe0\x9fsAw\x11)\xce\xa4\x19\xcb\xbd\xb0T;\x8f6\xfe+\xe3\x89\xb3,\x7fz\xc9\xa3\x1b\x95Q\x95\x95\x83\x05\xcb\x83Z\x80\xe0\x8a\xfe\xf1*S\xc0sQ\r\xb26\x17\xe8\x9dr\xda\xa8\x92Y,\xc9\xea\xed\xfc\x83!\xc2\xff\xd1\xc8\xe9*%P\x8eA\xac\xc1\xa7\x85~\x9c\xfd\x04\x08\x0f\x8e\xff\xe1\x92\x1cC\xa6\xbe\xa7\xf4\xbf)\xfa;\xb5L\x92\x065\xa2\xb51\xf2\xfafz\x8f\xb2\x9b\x00\xc1\xef38g:0\xc3\'\x1d_\xf59\x9f\x079\x18Z\x863\x89\xd3\xc8\x88\xd0\x92K\x04\xd2)\xf4\x90\xa0+\x11\x7f1IN\x11\x15\xdb\x007\xb2\xcf\xfb\x90S)i.\xc0&\xc2R\xcd/\x8c\x10Om\xa8\xaaC\x13\'q\xbb\xc1\x0e7\xf0Xw\xcc\x97\xc7@\x9e\xb8\xdc\x9eK\x0c\x08\x1a\xce\xe1\xf3\xbe\xf6XE\x8d\x8bc5t\xb8M\x9a\xa6\x8a\xc1\xf2t\x1e\xea\x8dM\x01w\xdc\xf5j\x13\xc6\xed\x80\xbe\xc2\x82\xfb\x99X\xda\xa4.\xfd\n@\xc2\xfd\x12\x02!\xadv\x18u\x17\xb4\x94\x05\xe5\x9eE\xf2\xb5\x8e\xca\xe4Y\x13\x80(]S\xb2M\xf3\x1ej\x93\xcf5\x94\x8dp\x840lF\xa2\x9c\xefU\x93,\xfb\x10\xca\x06\x92\xc00:\xa2\x0b\n\x9fC\xa8\xc4\x02]\x81\xd1\x8a\x89\'r\xcb?\xa5n\xde\x84\t\x14\xb6#\x99\xea]\xb4\xebx\xb4\xcd\xb8\xd4^\x8afd2\xecbHj=\x1ftLu\xd2cr\x9c\xe8\xf90\xf3\x16X\x0b\xa8\x83\xdd\x0b\xfb\x9b\x9c+"\x1c$\xd9\t\xd0\xc3\x8cY\xbf\x94\xaf\xe1\x06\nO\xdbjQ<S\x11\x12\x8dMH\nl\xe5:\xef\xc5\xdfe\xb4s\x84\xdcK_\xf6\x9f\\\xdd\x1d\xc8\xf1\x87x\xf0\x80\xbeV<\xdf&\x18:\x96,;\x0f\xa4@\xa3\n:\xae\xa6\x84\xbf\xfeV\x9b\xb6_\xdd\xd7\xf5t\xc2\xc8\x08!\xd6\x9d\x8e{\xf5\x8c\xdd L\xd2\xd9\x1f\x9e\x8aW\x19_\x17\xa2\xbcb\r\x15\x9b\xb0\xe1\xfa\x8f&\xa0}\xc9\t\xefC\xe3J\x9e\r\xce\x8aC\x10\x81R\xffe\xabN\xeei\xf8\xd1\x0b=\xbc\x9b\x97J\xcee>\x8d\x90\x10{+;b\xe4\xd5\x12}\xaf\xc7\x9e{Z\xfa\x17\x86\x19)\xd5\x80dq\xcd\x1b;s\x85\xef\xe5Vn\xd5\xb1\xe9\xa3\xa7\xde\xbf\xab\xbfz\xc0\xddu\x8c\xcd\x12\xcc\xf1\x81B\xe8H~\x8f\xc2\x89\x81\xb6\xb5\x9e\x19\n\xf2\xfb\xde\xf2\xa3<$\xa3\xa0a\xb6\xcf\x99v\xe4\xbc\x04\xcf\x81\x17U\xc7\xca\x82b\xceP\xa8\x1718*`U1\xa74\xf5\xc9\x9bj\xa9S\xdc\xa1\x9cR\'p<\'\xeb\x14\n~\x015\x96\x00\xb3t\xf7\xd8\xbf\x11\xec\xdf\xe2\x8b\xbe\xc8\x7f\x02a@p6Y\x1f\xfd\xf6\x8d7<\x1f7*r=\xc8\xb0p\x80&\x96@\x15\xe1h\xb1i\x9bm\xb1Q|\xcd\xf6\x08\xcds\xe7\xfc\xc3\xd2\xd8p8W\x0c\x1e\x94\x13\xff\x8bHl\x03\xf2I\xa9\xb7&d_\xaa\xba`\xdd.\x18\xa4\xd4\x1a\xb2\xfe\xdd\x01m\xd7\xbc\xc9Q\xeaNI\x10=\xa1n\x93!\x7fp\xfa\xbc:\x1f\xbd\xf0\xc3\x1e\x94\x95\'\xd6eT\x04\xd9\xad\xfbK\xaf\\\xfc\xd10\xb1\\\xb3\xa9\xd5s\xb6,l\x03B\xac\xc5E^\xd0\x90\xa6\x8c\x9a_\xfd7kF\xd5\x15T\xf3\x0e\xb5\x96\x9e\xea&\xcd\x01Jv{\x03\x82,\xa0\xb1\x1f\xd1Z\xd6;\xbbSi\xba\x94\xb0\r\xd2\xfa[\xa5\x19z\x8f\x83\xbdk\xdb\xae\n\x18\xa1\x19wv\x13n\xb4Q\x1b]b\xdf[\x83\xce\x8c\x01\xa6"#4&\x1b\xa5\x85\xe47,\xff\x1c\x9d\xe7\xc1`fY\xeb\xdb-\x87=\x96\x1f\x1b\x9c\xd6\x9f\'c\x17M\n\xdd?I\xc1\xc9\xcb\xdd\xfc\xd1\xdf\xfa\x1dR\xc1F\xde\x9a^\xce\r\xc8\xf7\t\xf0\xfc\xf2\x10B\xd49\'Q\xed\xf7\x00\x9e\x13%;\x1da\xbcK$,\xcaJ\x82_\x1eJ)\xdb"bI/\xab\xf8\x92Xeg\xe7\n\x83\xc2\xe2=\x0e[\x9eX\x07\xb9\x1el\x10\xc7\x16Q\x015\xcd\x06\xa7&\xb9\xc1\\>\xa5\xc0e\xe9j\xab\xafO\xc3u\\\x87\x87Y\x95\xf8FDf\x12<yk\xda\xb7YL\xd0q\xe2F~1\'\xc4\xba\x86\xa0\xfc\xdd\xb4\xf2\x10\xc1D<7\xf6\xe8\x8f\xb1)\x96\xc2)\xc6\x13{\xff\x85y\x0eJ\xa9\x16\xb7^\x85\xc8dB\xe9S\x90\xf4\xd6\xde\x8f\xeaf_\x8ab\xd5\xb4\x05NA\x00\x8d&Z\xdc|h.\xf2\x9d\x05\xca\xc2\xee\xea\xee\xb7\xe5\xbb\x0b\xad\xa0\xa6*?\xc0\xf3]&$\xceJ1\x03z-\x03\xa2\x1b\xf4\xa3_\xd5\xc2\xb1\xfd\xae\xfc\x9a2\x0eg\xbaE\x88X*\xc8\x85\x89\x87\xd5\xe5\xc4=\x8a.\xc5\xb9[\x7f\x90I \x93\xe8\xe0f\x00\x99\xcdMVl\xe2T\x8c\x91t\xa2;\x90SY\xe9b<\xc9\xd2fR~\x06))\x98\x10\xe4m\x881\xd2\xb44\x03`\x19\x7f\x8d\xeaL]\xb1\xb6,\x00\xd2HMR\xed\x03\xd1\x9f\x9a\x97\xcd\\8?\xaa\xe3\xe2\xa2\x0c\x8b\xd7A<\xb77o\xc9?\r\r\x8a\xbc\x83\xb8f\xb2G\xac\x92\xc4>j\xf98\xf8\x1a%V%A\xe8<\xffY\xbb\x8dzS1\xae\xee\x9eu\xbfx\xe0D\xbb\x7f\xcd5W\x85\tk*\x16FC?+\xd8C\xc4\xe9hA,_]0J\xb5#P\xc1{52\xd1\x82\xcf\x0b\xe6vu\xe1\xb8\x06\x08,\xcf\x10\x1d\x96\xcb\xc6\xea\x0f\xcf1Y\xd1o6\x88.&.u\x15\x1aE\x18\xa0zx"\x04u\xc6\xcc\rE\xf8Z\xff\xb6)\x8fL\xe9\xda\x9b\xe7\xa4W\x0e]\xae\x96\x87\xfe\x8a\x86\xe0\xc9\xff\xaf)\x1b\x04\xe7sZ\xd2\xe1\xb7\xef\xd6\x14\xf7\xc7d\x02\x89\xcc\xf4\xbd\x8c\xfb\xb1\xaf\xda\x89\xa3\xbb\x8dvPiX\'4\xc7\x1b\x92t\xc50$\xcc\xdbB\xfa\xee\xc4\xa4\x8a\x8fm\xf3\xac\x02\xadk\xa6\xa7$7s\xa4\xbexV\xcf^\xf6\xb0\x9c\xc6d9n}\xe6b\x93\xca\xaf#6\xfc@\xba?\x02[\xabP\x988m\x8f\x0b\xcf>\xbd\xbcR}\x8c\x01*:C=\x88\x16L\x8b+\xe0\xb6\xcclNH\x7f\x16\xfd\xc9\x9a}?\xf9\xcaB\xa28`\xe3s_\x9d\xb1u\xdb\xed\xde\x1a\xa2\xf9\xe1i\xa5\xca0\xc3!\xedk4\xee\x19d\xb3)5\xf52\x1b\xfcy\xbf>\xdc4\xc1um)\x16\x19U\xd81\xad\x18\'\xe9\xfa\xc2\xe0\x87\xb9=\xfb\'\xf3\x1cR\x17\x8b\xee\xd5\xaak\xf5\xfb\xe1\xd8\x87l\x17A\xe4\xe3\x82\x1a\xc2)\xeb\xbf\xfe\x8bZ\xbd\xa4\x06\xca\xa7\xde\xe4\xd5\xe2#k\x9f\x8c!o}\x04\x08\x12Q\xa9\xcf\xa0\xdd\xb3\xca\x9aT5\xd0\x89n\x11\xa6.\x86l*:\x96\xe9\x8f\xedS8\xc1f\x8a|\x96\xc8\xb6(\xe3L\xcd\xcd\x0f\x91\x8c\xc6\xcc\x0e\xe2\xb3D\x91\x8f\xcdG\x1f\xd5\xb8j\x1aX\xd5L]\xb9L\x11+\'\x8b\xdf\xa8\xf0\x97\x1b\xc0\x97u\xeeORx\x00<\xc0\x88\x9b\x00*\x1e\xe7!\xf9\x11\x16\x8d\xda\x01\x83\xc3\xd4\xbbY\x08z\x9d\xd5x\x0f!\x06\xd5Ra\x83\xc9\x0b\t\xf0Nk\xd6G\x0f\'w\x81u\x00\nvl\xd01\xb0\xd3\x8e@$\x9f <<\x12\t\xff\x13<Shc\xd0\x05\xf5\x00\x0f1\xe2\x8eC\xe0\xd4\xee\xa4V[T\x88]\x8c\x19\xd4\xd8+\xec\xd4\xed6\xa5\xa4I6\xedt(\xc3p\t\x8e\xcf\x92\x9c\n\x83\xa3\x86\xc0\x9b\xe8W\xda\xfcQ\xe24\x8a=\x9fN\t{\x1a\xf5M\xd4k\x0c\xa0\x83\xce\xe6\x9b\x06{\x03\x8eo\x03\x80\x19P\xc4\xd8\x15\x16F\xa2.l\xce\xc4\xcc.\xe2J\xae\xa9;\xbdS\xf7\xdb\xac\x00\x9am\xaa\x16^\xed\xef\xe9,[Y\xc8&\x06\x84!\xc6\xcbuL\xbcy\xe6\xee\xe1\xf5\x97M\xf6\x9e/\x87\x1f`\x16`a\xacF\xe2\x1fQm\x97\xe4$\xb3\xc4\xaep\xf3\xc9\x92\xdf\xc80\xd5S\x06\x19Z\x90;\x1dO\x85\xea\xf3\x11\xf88\xae\xacbW\xba\x80QR>p\x0f.\x88\t\x8a\xa4\x00\xc0\x99A\xda!)g\xe2\x90\x06E5F\xb95m\xae\r\x19\xa4\x9d\x82\x94h\xd0\xc7\x96\x9e|\xcf\xa5x\x1a)mQ#\xa1o\x1bu\xb4\xd8\xd4R\xf8u\xaf\xa4kh\xd9*;\x80\x0b\xb5#0U+\xb3\xf2)\xafp[\xb8p\x9e\xc9\xdb\xb8\x00\xcck\xa5\xc8\xcd,\x11B~\x14\xfeJ\xf5\x1e.\xdad\xd1\xb8\x99\xf11\x04\xe3<\xd3\xb4\x9c\xe0@\x84P\xca\x16">\x92]\x80\xf5K0\t\xa41\xc8\xfc\xe23e\xea-x\xb7\xc4\xf1\'l\x8fbz\xd9\xc7\xc0d\x04-\x1aB]\x95\xb1\x10\xcc\x91E\x1b\xcaXZ\x00\t\xcc\xf3\x16\xd6\x1df\x04\x99\xf3\xb9m\xc9\xcf\xdd\xa0\xbex&_P\t\x9dE5W\x1e\x10$8\xf7\xdfE\xad\xa28\xd2u[QQ\xffF0 \xfc\xed\xb5\x04XX\x0f\xa3\x834\xbd)$\xc1\xe7\x84\xb7n)\xafy^\xd1\xb0\x03\xe7\x96"$I\x8f\xce\xe3\xaf\xe1(&pwQ\xe1\xfcR\x13Ng\x8b\xe2\x17\xbfbnr!7}\x7fL\x10T\xa9\xcc\x9du\xdd\xf7xa\xbc}k\x97\x0b\x06\xd4Y;\x17\xe1\x15\xdf\xfe\t\xea9\xfb\x84GB\xd1\x07\x1bv\x93Iz4a4<E\x9a\xb6\x03V\xf2\x02)\x97>\x18G\xf8<\xcf\x9c\xc0}Fv\xa1d+\x17\xe1\xee=\xc4\xaf]z\xb4\x98a(A\x1aS\x157ni\x9e\xe6X\xe4\xda\x88\x84\n\xa7\xa7\xc4\x87\xebM\x1c\xb0\xf3\xdb\x01=\xe6\xc0\t\xe1VJ\xe1II#\xd2\xe4G\xefuM\xd1\xef\xc6\xd9W\x9b\xd3\xd4\x9cu\xbb\xbd\xa7\x96\x8a\xfc\x1aq\x8b\xde\x1f\xcb\xc2\xb4\xb8\xfbU\x1b\x107\x9a\x03\xa3\x14\xfel\xc1^\xb8\xa5Q\x80a\xec[p3\xc1\xbb\xe0\n\xd3\xfbav\x89=~\x01\xf2$\x07\x17amU\xd0\\\xec\xcf\xfc\x12&X\x0c\x1f\xbe\x1b2\xe1\x87j\x9b\x8a\xf2gX\xa1\x0e\x1bx6\xd1\x1d\x88\xa1\xe9\x94\xc5"!$YnI\xd6\xc8\xc2\xbd^\xe3\x85\xfb\xb15\xad\x1ft\x0f\xc2\x9b\x9ac\xbfR\x7f\x828\x048\xea\xc2|\xf7\xff<\xe0\x00M\xeefc\x1aH9\x0ba\x955'
tbI624
I0
F0
tb.