cnumpy.random
__RandomState_ctor
p1
(tRp2
(S'MT19937'
p3
cnumpy.core.multiarray
_reconstruct
p4
(cnumpy
ndarray
p5
(I0
tS'b'
tRp6
(I1
(I624
tcnumpy
dtype
p7
(S'u4'
I0
I1
tRp8
(I3
S'<'
NNNI-1
I-1
I0
tbI00
S'9\xcbG\xe4\x03\x81\x00y\x1d2\x0fx\x83NX\xd6W\x81\x0e\xc2Z\n\n\x02\x83\t\xa7op\x0f\x0c\xa55\x9b\x0f\x1f\x8ay\xf9&\xf3w\x98`\xe3\x8b\x87\xc0\x88Y\x04\x7fJ\x8e\'\x8dl\xeb\x84H\xa6.\xf6\xda\xe0\x8b\x90\xa3>\xee7\xb8x\xd3h\x92\xffb\xf5f\xc0B\xd3\x8c\xc0)\x04\t\xbf9\xf4\x08.\x87\x00T\xe8"\xfa\x84\xb1Y\xa7\xbb\xa3\r\xe7\x86\xc5\xdc\xf0\xbb\x15x\x17+[d\xa4\xa8QLO\xfb\x1e(\xc0\x00\xd1\xa8w+\xe9H\xd5j\xc8\xeeYc\x87\xa5\x88Y[G&<\x87f\xe2^\x8e\x05\xf3<\xce1@\xcc\xf2 \xe0,..Od\x9a\xf4D\xe4A\xfd\x96G*\x9a3\xe0\xf3\xec\x0c\x13r\x1e\x9ai\x0c\x99\xbc2\x95R9{+\xca\x1cn\t\xf9\xcaw`S\x16\xc0fa\x90\x10=fQ0*bu\xd2PX\xe5xH\xbb\x81\xba\x0f\x08\xc6\xbb\xde\x1e\xd7\x1d\xd7\xc0d\xae7\xe4-!\xc2\x8efR\x96M\xdaH0~?\xa2\x03S\xcb\x8a\xf9}\xa0&\x1c\xb5\x97\xb5a\x96\xd8\xc0\xa54&\xbc\xc7\x9e\xa3\x01\xdau\x02\xc7\x1a\x10\x113\x1af\xc5\\\xfb%]>W\xc6\xa5\xf5\xec\x99I\xf79\xaa\xcap>P\x7f\x01\xe3W\xbcB2\xedIx\x95\x05a"\x0bs\xc3A/p\xcb\x82\xe0\xb6\xa7&fv\x9e\xfa\xf1\t\xa4\x03\x9d\x9b\xe6\xca1\xa3O\x17\x82\x0e\xb0z\xa1\x13\x00\xb5\x8a\xe60T\xe5\xaf\xdc\x14\xba\x1c\x08\x84\x03\x1e\xdf\xb5\x14\x9a\x04y\xde\xde\x7f\xfc*\n\x05\x89\xab.\xd0Z`\t\xd8\xaa\xe1\x8cE\xa9\x14\xc0\xd6\xb4\x92\xb2U\xfdvI\xb8f\x91\xe4\xec6k\xd4#>?\xc2\tkX=\x98\x9c\x8f\xf0\x18p\x98\xad%\x14\n\x07\r98\x05\x04\xd1\xec]E|(~I\xed\xb2\x92}#FT%D\xf7\xe4"\xedR\x9c\x81r\x08\xfc\xe9\xbbd\xfc\xac\xb4\x85\xc1"\x91\xce)\x8cGE\ri0\x99\x08\xbd\x0e \xa4e\x8c\\\xb1\xff\xad\xe1\x19N\x92\xc7\xcam`S\xa8;\xe0\xc4\x83\x9e\x08\x8fP\xaa3\x80m\xf0}\x8d\xe1^3\x0ee\rM\xfa\x19\xb2w\xcd\xa8m]\xff<c\xc0\xd5!\xbd\x19}\xcbD\xcdP4\x7f\xe4\xddC\t\x11\xd5\x02\xd7\x92\xc2\xae(\x16\xce\xc4\x03\x0f\xbe\xbdQ\xbc\xf4F\n\x00\x10\xad\x87b\xfa\x1d\xf1\x1e\xac^;\x93\x12\x90\x03P\x068RHu?\xa35\xca\xdfs\xf1\xe6\xdf\xdd\xbeB\xd0\x1a.\x87\xf3\x9e\xc8\xf3\xf0q\xf5AYj\xd1\xce\xa1H\x06t\xb7\xb9\xa8\xac\'\xcb\x9b\x03\xadF\xee\xa2|\xb6\x94\x00\x9b8\xd1\xd7\x81UBg\xc9H\xa2\x14.+\xb2\xd8\x8a\xc9&\xb4\xa0yHo\x82 \xeb\x87%\xed\xab\x02\xa4J\xbc;S\'\xfb\xb4\x9d\xc4\xa5\x8c`\x13P\xf1\xff\x18\x0bS\xf9\xb32\xeb\xc9XU\xd2\xb9\xdd]E\xd2\x98\xc8\xe7j\xab\x9e\xbe\xc8\xbc\xc5u\xb3\xa7*\x8b\xad\xaev\x81\xde\x10\xde\x82\xd7/qU\xa5h\xd7\x9f\x1e\xe74\xbe\x0fw(\xee\x9d\xa6?n\xfc\xa9B\xd66q\xf8\x81\xd1\xf3\x94,5\t\x90\x94L&\xfbF)\x11!\\\xd9\x17\xc1\xabP\xf7y\xf0\x84\x97\xa6\xdde\x11"j\xfb\xf6/\x06B\xa3T\x1d<\xb5Br\xd97E>>\x15\xf0\xb6\x07\xfb\xf3\x03\x82\xb7\xbd6v{\xf8\x7f\t\x0f\xb3\xc0\xcb\x8c\x08\xcb\xd0HM\xda\x8a\xce\x92\x85\x941ut\xc2w\x19\xc0rv+W*\x1a&>!AO\xa4\xf6\xdfl0\x1e\xfaFM\x98\xb6\xa8m\xd7D\xd8\xb7Q\x9a\x975\xb2y\xc0\xcc\xe3\xa0\x97\x13J\x83\x9b6\x1eF\xb9\xc98\xa7.\xe6\x07\x02o\xf4\xdbC_\xa6\xfa3\xf2\x1f\x94?\xda:\xadT\x014\x16\x87\xe3\xb6qA\xc0\xbdd\xb3\x08\xc8\xf2\xc4:;\xab\x0f\xd4\xb0\x103^T3,\xdb\xf2\x8a\xd6\xd3\xd9\xc63\xd5\x95\x1eo\xc4\xc8\x18$\xd3_b\xc4\x1e\x86\xeb \xe3\xd2\nO\xf6x7\xadGD"_\x8e\xc8\x18\x1b\xb1:[W\x99\xe8?P\x84}|I\x04\x9fdm\xef\x81B\x15\x9b\xb4\\".\xc3\x82\xd2!W.G\x1a\x1c\xc0\x81\xde\xffViv^)\xc9>H\xd2\xcd\xfc\x11\x10.\x8b\x9f\xdcM\x8d\xd0\xb7\xb7EX\x84\xb0\xfa\xf5\xf5WQ\n\x99R\x87?\xff\x9a\xd4\x0eS\xb4h\xb9\x04s+\xea\xda\xfd\xc6\x8a\xaf#\x9eSyG\x99M\xc2O\xb7V~\xd5a;_u\xc2\xc9]\xfcA>\x03\xc0\x7f\xd9\xa6\x88\xb5xs\xd1cw)\x0c\xb7\x05TS\xba69\x01\x94,}\xe5\xf1\x8d\x0c\xec\x81\xb1N\n\xa5\xa2\xa5w\xe7\x9e1{\x91\xab~"\xc4\x97\xc6D\x10mr\xe8S\xe5>\xd1(\xa5\x81\r\xed\xda\xcd~\x87\x12\xcb\xbe\xdb)\xe1\xe6N\xa0D\xf9\xf6\xfd\xc2\x13f\xb9\x96Z\xed\xe8\x1b\xa7\xe4\xdf\xdb"\x90\xbeB\xee0 \xa7\x96\x86\x8b\xb5\x01R\xd4\xe4\xbdf`\xf8\x9a["\xe2\xcc\xc2\t\x01\x9cn\'\xa0t7T\xc6\x07\x19\x83\xf3{\x04$\\o\xf4T{\x88\x06x`\x8c\x8b\xd2\xc5\x98\xa9\x0f\x02\xe5j\x14H\xbf\xa3@9\x8e\x05o\r\xc38$\x86\xc3@\xd1\x7f\xe0\xbc\xfe\'q\xdbu\xbc\xd8\xa2\xbe\xdbn\xc6\x16\x9e\xa1pT3\xde\n3s*\x05o\xdfd\xec\x8e\x05\x9a\x98\x07|\x80\xb5\xdb\xca\x92\x10$\x84Wt\xede\xf78\xf8\x83\x8a{\x1a0w\xfe\x8e\xf9\x13\x83\xb5\x8b\xaa\x9c\xb6F\xd9\x94\xbfe\\\x95\x94\x9a!\xb2\xb1\xe83\xd2\xafW\xee\xf2\xaa\xa1\xbb\x9f\x14\xe4$\x15F\x84\xa7\xa8\x083M\x89dC\xaf\x1f\r\x16e\x9e\x19\x8b2\\\xdc\x8b\x1eO\'\xfei)I\xbc(,\xdc\xa0\xe1=\xa2\xa3\xc3\xaa\xb9nfY\x8c>\xbb\x16\xd5T\x8dlm\xf4\xd0\xb1\xb4&\xb5]\xffn\xa2\xe4\xa3\xab\x82\xc9i_\xe4\xa6\xac\x8a\xa7\x1e\xa4\xfb\xebI\xc0\x95\x19\xd9\x81\x80\xb2\x98\xdcy!Zq9\x06NC\xe0\xadN\xd1\x9aU\xe4\xce\xc7\xd5\xa6y\xa9\xde\x93\x94-wy\xeb\x80\x973\xf67\xf7\xdc\xaf)\xd5\x0e\x86di\xdbZ\xf4r\x17\x01\x05\x9e\x1cB\x13};*\xefsi\x01j\xad:\xd0W\x0f\x19\xe4\x8e\x8c\xc1\x196\x04U\x8e\xf6Z\x94\x95in\xcb\xfd\xb9\x17\xbfl\xf8x.\xb1\xab\xb9\xcf\xe9s\x06\x16\xe1\xbc\x1dc\xf1h\x88\x9e\x9c?Lq\xa8\xdf\x92"\x04|\x9f\xda\xf5\r\x99M\xd5\x85\x12nQ\x0e\t\xec\xb3w9\xfc\x07a\x820\xbaM^<\xc0P9xG\x08\x84\xc1\x10\xf0\x83\xc1\x04\xcf\x81\x84\xa2w\xca\x00\xab5\xecA\xe0\xca\x1db6J\x7f\xf02v&\x14\xdbm?Png$7\xfe\x12\xbc\xaa%\xa5\xc1\xb4\xc8\x0b[s|E\xc5\xc4e\x98\xea\xe6\x085\xbdB\x84q\xf8b\x03h\x92\x0c\xc6t\xfc\x85\x80$N\x99\x1cp\x8f|\xc8\x05\xdbN\rd\xd78\xb9\xbc\x176\x98\xc6\x8a37\x1d\x8d\xde\xdd\xbf\x16\x1d6\xdd\xd3<\xddrWQD\x8e\xc5"=\xacEU\xa0\xbe\xf2\x14\xefz\xd7\x0c\xfc\x8b]\xb6\xea\xd5n\xb2\xc3\xc9.\x05\xa6\x9b\x92\xea\x03\x1c\xdd[O7\x82\x9bn\x7f\xa2\xe4=\xda>&\xae\xb0_)\xc3\x97\xe3\x89\x07+\xcb3f\xc6\x92_\x86\xf4\xb4t\x93\xc9\xc4\xbap\xee\xf6\xe4z\x1d\x81D\xa5\xe4&\x1c\xc4\xc7\x87\xf6\xfc(\xf2]`\xa2\x8a\x9d\xbaag\xdf\xb2?\xc1\xb3\xf0\xdf\xcajY\x8eWP^e\x7f\x83\x1d\x80\xcb%r\xde4\x81\x81\xa3\x80M\x1cHX\x94\xe7X+~\x9c\xf0\xbb\xdfU\x0b\x9b\x14\x90k\xa7\xb4\xaf\xdc)\x9c\x98nT5pk\xd0J\xab\xb2\xe7=\x1c\xa2\x9d\xf5\xb9\xb3\x07\xf5\x10\xbc;\xb4C\x01z\x8fb\xf2\x18\\\xd9\x89\x173\xb7\xae\x05s\xbbf\x82Eq\xf9\xb4\x88\xf7\xb3`^9\xd3p\xa5L\x839\xe7i{@z9\xdb\x07\xff\xcb\'\xa5\xb2\x03\xc7\xe8\xbe\x01\x8c\x8ab\xac*\x1fd\x1a\xcd\xfc\xd4\xc9\xe9\x98j`\x97j\xbe\xe0\x83+<\x7f\xb7n\xf2\xf3E\xb1\xd3\x8a\xc5\xb7#\xb7\x97\xf9\xf1]\x1fX\xa2\xb6yv]\x03a\nN\xc9B\xf2\x0c\x8da\xaa\xf71\xea\x1a\x01\xa9\xe9\x150N\x19#\x1eR_\xc1\x88S\x8b\r#\x10\x03\xd2\xef\xa5\x84l\xcc\xb9\xa0@\xd5qb\xc3\x00E#ZgKBRe\xbcY$ \xb5\x9b\xf2\xe6g\xbe\xd6\xa8\xe7^&~\x16\x97\xf2\xda;\x80c\xde\x84\xc2\x9d\xb2t\xe6\xc6\n\x13\x19\xe1\xd3\xbf\xd71\x97\xaf\x08\x85\x8c\xc1\xfc\x19\x07X\xd4\xa0\xf6\xd0I$\xfd\xaaF\x17<!\xfb\xaa\xf5\xbc\r\xde\xb9~\xfdr\xa8B)}h\x8fql\xad)\xea\xac\x1a>\xd0Q;\xbc\x8a\xa0\xa6LFb\x98 \xbdF\xdb\xd0\x15\x18\x8972\x9eP\x1e\xae\xac.r\xa9\x99s8\xad\xa6\x90{\xcc\x1e0\x7f\x98\xbf\xb4\xb6\xf3z\x8a9\xf8\r\xd6n\xc2\xf8L\xd2\x7f\xe9\x84\x85\xa3\x024\xb9i\x13*\xff\x88\t\xa4\xcd!~\xe3\xc6<\xe2\xcb\xad\xea`\x97\xf8\xef\x0c\xbc\xbe\x93\x95b\x7fAK?5d\xcf\xd1\xcc\x83\x19A\x17/\t\'4\n\x07d7\xe4R\xea\xcd\xac\xe4d\xb3]\x85\x1b\xe3\xd2\x01\xf8\xee\x08S\x90\\\xf2\xdc\xda\x88\xcf\xb3\x93\xb1\xceur\xf2\xb5\x0c\xf8oQ\xec\xdf^\x02\xbe9\xd6\xb9f\xec\xcb9\xb3\xd5^^:\x89k2\xf9\xd6\x14\xc1\x1b\xb4\x14\xbf\xcf\xc9\xacT\xaf\xb6\r\xf4\x98\xfd\xc4\xe6|\x9a\x11\xbb5^\xc5\xb8\xd1\xedq\xb2N\x89dY\xc3\xd3\x17\xa3(\x11\xc1\x88\xach\x08m\xfc\x8c\x9c\xfa\xde\xfc\x0cm\xbb\x18\x0e\xe2*\x81\xa0q\xb7\xdbL"r\x17}\xc9e\xbep\x8d\xc4\x92\x10y\xe8\xc8\xac\xfbg0\xe8\x0e\xd4dL\xbf\x02\xd3Y\xcb\x15\r\x0b\xcc7\xb3\xbf2\xdc<\x1b\xe0\xd01\xef_\x01\xc1C\x08\xec\x8f\xd0.\x17\xe4J\xf1FU\x85v\xda\xaf\xddwW\x92\x0b\xfa\x1d\xf9\xb2^\xa4\n\x1d\x13\x83\xea\x966\x08\xd9mia\xcb\xe8\r=\x98\x8e\x98c\xafU\x8d\xa8\t\x94\xc4m\xf4\x11#l4oe\xf4\x81\x1fr7\xc9.c\x9b8'
tbI624
I0
F0
tb.