# time 	 divergence 	 # of mutations 	 # IGC chances 	 IGC length 	 # IGC failures 	 Changes due to IGC  	 % change due to IGC 
0.0	0.00613496932515	0	0	0	0	0	0.0
5.15700510167e-05	0.00613496932515	0	1	3	0	0	0.0
0.000159868542307	0.00613496932515	0	2	3	0	0	0.0
0.000187612626647	0.00613496932515	0	3	3	0	0	0.0
0.000397962468467	0.00613496932515	0	4	3	0	0	0.0
0.000812631418912	0.00613496932515	0	5	3	0	0	0.0
0.00084086451147	0.00613496932515	0	6	3	0	0	0.0
0.000955589128222	0.00613496932515	0	7	3	0	0	0.0
0.0010513173294	0.00613496932515	0	8	3	0	0	0.0
0.00125910922552	0.00613496932515	0	9	3	0	0	0.0
0.00133529597997	0.00613496932515	0	10	3	0	0	0.0
0.00201411742281	0.00613496932515	0	11	3	0	0	0.0
0.00224192692828	0.00613496932515	0	12	3	0	0	0.0
0.00228939308292	0.00613496932515	0	13	3	0	0	0.0
0.00267430573573	0.00613496932515	0	14	3	0	0	0.0
0.002709791729	0.00613496932515	0	15	3	0	0	0.0
0.00294755426608	0.00613496932515	0	16	3	0	0	0.0
0.00296729426445	0.00613496932515	0	17	3	0	0	0.0
0.00304155073945	0.0081799591002	1	17	3	0	0	0.0
0.00304842627916	0.0081799591002	1	18	3	0	0	0.0
0.00327118538873	0.0081799591002	1	19	3	0	0	0.0
0.00339543955846	0.0081799591002	1	20	3	0	0	0.0
0.00356010089731	0.0081799591002	1	21	3	0	0	0.0
0.00364866484577	0.0081799591002	1	22	3	0	0	0.0
0.00371333499031	0.0081799591002	1	23	3	0	0	0.0
0.00410695956376	0.0081799591002	1	24	3	0	0	0.0
0.00412305944854	0.0081799591002	1	25	3	0	0	0.0
0.0042058166229	0.0081799591002	1	26	3	0	0	0.0
0.00438686698066	0.0081799591002	1	27	3	0	0	0.0
0.00441614662314	0.0081799591002	1	28	3	0	0	0.0
0.0047533204294	0.0081799591002	1	29	3	0	0	0.0
0.00510427757478	0.0081799591002	1	30	3	0	0	0.0
0.00527003089624	0.0081799591002	1	31	3	0	0	0.0
0.00536254993291	0.0081799591002	1	32	3	0	0	0.0
0.00536686107328	0.0081799591002	1	33	3	0	0	0.0
0.0056155391228	0.0081799591002	1	34	3	0	0	0.0
0.00602514322679	0.0081799591002	1	35	3	0	0	0.0
0.00614704076894	0.0081799591002	1	36	3	0	0	0.0
0.00632724946333	0.0081799591002	1	37	3	0	0	0.0
0.00642337518714	0.0081799591002	1	38	3	0	0	0.0
0.00666947065292	0.0081799591002	1	39	3	0	0	0.0
0.0067112300636	0.0081799591002	1	40	3	0	0	0.0
0.00717392009284	0.0081799591002	1	41	3	0	0	0.0
0.00720702971821	0.0081799591002	1	42	3	0	0	0.0
0.00753317067631	0.0081799591002	1	43	3	0	0	0.0
0.00768695871064	0.0081799591002	1	44	3	0	0	0.0
0.00787222655155	0.0081799591002	1	45	3	0	0	0.0
0.00788451840721	0.0081799591002	1	46	3	0	0	0.0
0.00830529457138	0.0081799591002	1	47	3	0	0	0.0
0.00857997216102	0.0081799591002	1	48	3	0	0	0.0
0.00879739303552	0.0081799591002	1	49	3	0	0	0.0
0.00912144326998	0.0081799591002	1	50	3	0	0	0.0
0.00941201569369	0.0081799591002	1	51	3	0	0	0.0
0.00942068847357	0.0081799591002	1	52	3	0	0	0.0
0.00965807197124	0.0081799591002	1	53	3	0	0	0.0
0.0097010218222	0.0081799591002	1	54	3	0	0	0.0
0.00981277401532	0.0081799591002	1	55	3	0	0	0.0
0.0101797514735	0.0081799591002	1	56	3	0	0	0.0
0.0102331254325	0.0102249488753	2	56	3	0	0	0.0
0.0102556394864	0.0102249488753	2	57	3	0	0	0.0
0.0105298940631	0.0102249488753	2	58	3	0	0	0.0
0.0105346555579	0.0102249488753	2	59	3	0	0	0.0
0.0108784270155	0.0102249488753	2	60	3	0	0	0.0
0.0112908120752	0.0102249488753	2	61	3	0	0	0.0
0.011431384851	0.0102249488753	2	62	3	0	0	0.0
0.0115094733256	0.0102249488753	2	63	3	0	0	0.0
0.0115578897288	0.0122699386503	3	63	3	0	0	0.0
0.0116264464061	0.0122699386503	3	64	3	0	0	0.0
0.0116839557239	0.0122699386503	3	65	3	0	0	0.0
0.0117757902705	0.0122699386503	3	66	3	0	0	0.0
0.0119802197997	0.0122699386503	3	67	3	0	0	0.0
0.0120953186992	0.0122699386503	3	68	3	0	0	0.0
0.012160035155	0.0122699386503	3	69	3	0	0	0.0
0.0122178268463	0.0143149284254	4	69	3	0	0	0.0
0.0123060083661	0.0143149284254	4	70	3	0	0	0.0
0.0125211935459	0.0143149284254	4	71	3	0	0	0.0
0.0125781909117	0.0143149284254	4	72	3	0	0	0.0
0.0125870348071	0.0143149284254	4	73	3	0	0	0.0
0.0128233500892	0.0143149284254	4	74	3	0	0	0.0
0.0129144585019	0.0163599182004	5	74	3	0	0	0.0
0.013035246797	0.0163599182004	5	75	3	0	0	0.0
0.0130787128491	0.0163599182004	5	76	3	0	0	0.0
0.0130930737778	0.0163599182004	5	77	3	0	0	0.0
0.0132702544758	0.0163599182004	5	78	3	0	0	0.0
0.0133898717664	0.0163599182004	5	79	3	0	0	0.0
0.0134770386324	0.0143149284254	5	80	3	0	1	0.166666666667
0.0135407667025	0.0143149284254	5	81	3	0	1	0.166666666667
0.0135609775377	0.0143149284254	5	82	3	0	1	0.166666666667
0.0142610171701	0.0143149284254	5	83	3	0	1	0.166666666667
0.0147392899996	0.0143149284254	5	84	3	0	1	0.166666666667
0.0148528420556	0.0143149284254	5	85	3	0	1	0.166666666667
0.0148796837712	0.0143149284254	5	86	3	0	1	0.166666666667
0.0150919548757	0.0143149284254	5	87	3	0	1	0.166666666667
0.0151081294718	0.0143149284254	5	88	3	0	1	0.166666666667
0.0151527317119	0.0143149284254	5	89	3	0	1	0.166666666667
0.0155488071066	0.0143149284254	5	90	3	0	1	0.166666666667
0.0157564686779	0.0143149284254	5	91	3	0	1	0.166666666667
0.0157986861665	0.0143149284254	5	92	3	0	1	0.166666666667
0.0162697067048	0.0143149284254	5	93	3	0	1	0.166666666667
0.0163145139795	0.0143149284254	5	94	3	0	1	0.166666666667
0.0168497994607	0.0163599182004	6	94	3	0	1	0.142857142857
0.0169465952493	0.0143149284254	6	95	3	0	2	0.25
0.0169824646623	0.0143149284254	6	96	3	0	2	0.25
0.0171881717136	0.0143149284254	6	97	3	0	2	0.25
0.0172680487924	0.0143149284254	6	98	3	0	2	0.25
0.0173365949573	0.0143149284254	6	99	3	0	2	0.25
0.0173421447478	0.0143149284254	6	100	3	0	2	0.25
0.0175057584238	0.0143149284254	6	101	3	0	2	0.25
0.0175468586458	0.0143149284254	6	102	3	0	2	0.25
0.0176523132109	0.0143149284254	6	103	3	0	2	0.25
0.0178027932635	0.0143149284254	6	104	3	0	2	0.25
0.0178171831861	0.0143149284254	6	105	3	0	2	0.25
0.0180941012878	0.0143149284254	6	106	3	0	2	0.25
0.0187339689795	0.0143149284254	6	107	3	0	2	0.25
0.0188663720224	0.0143149284254	6	108	3	0	2	0.25
0.0190610813939	0.0122699386503	6	109	3	0	3	0.333333333333
0.0192014367329	0.0122699386503	6	110	3	0	3	0.333333333333
0.0192376362839	0.0122699386503	6	111	3	0	3	0.333333333333
0.0194254381954	0.0122699386503	6	112	3	0	3	0.333333333333
0.019554240009	0.0122699386503	6	113	3	0	3	0.333333333333
0.0196737033595	0.0122699386503	6	114	3	0	3	0.333333333333
0.0198067588309	0.0122699386503	6	115	3	0	3	0.333333333333
0.0198252715467	0.0122699386503	6	116	3	0	3	0.333333333333
0.0198852950379	0.0122699386503	6	117	3	0	3	0.333333333333
0.0199007344884	0.0122699386503	6	118	3	0	3	0.333333333333
0.0200522726007	0.0122699386503	6	119	3	0	3	0.333333333333
0.0203368279867	0.0122699386503	6	120	3	0	3	0.333333333333
0.0203964634588	0.0122699386503	6	121	3	0	3	0.333333333333
0.0205285503533	0.0143149284254	7	121	3	0	3	0.3
0.0209820868918	0.0143149284254	7	122	3	0	3	0.3
0.0210544751136	0.0143149284254	7	123	3	0	3	0.3
0.0211636549622	0.0143149284254	7	124	3	0	3	0.3
0.0213556873089	0.0143149284254	7	125	3	0	3	0.3
0.021614350332	0.0163599182004	8	125	3	0	3	0.272727272727
0.021673694801	0.0184049079755	9	125	3	0	3	0.25
0.0217049757569	0.0184049079755	9	126	3	0	3	0.25
0.0218665265951	0.0184049079755	9	127	3	0	3	0.25
0.0219236689926	0.0184049079755	9	128	3	0	3	0.25
0.0230268144886	0.0184049079755	9	129	3	0	3	0.25
0.0231156925381	0.0184049079755	9	130	3	0	3	0.25
0.0232683842997	0.0184049079755	9	131	3	0	3	0.25
0.0233364180439	0.0184049079755	9	132	3	0	3	0.25
0.0233377300041	0.0184049079755	9	133	3	0	3	0.25
0.0234651354281	0.0184049079755	9	134	3	0	3	0.25
0.0239798471429	0.0184049079755	9	135	3	0	3	0.25
0.0240897921234	0.0184049079755	9	136	3	0	3	0.25
0.0241427335554	0.0184049079755	9	137	3	0	3	0.25
0.0241755010327	0.0184049079755	9	138	3	0	3	0.25
0.0243914427473	0.0184049079755	9	139	3	0	3	0.25
0.024608721676	0.0184049079755	9	140	3	0	3	0.25
0.0246459413886	0.0184049079755	9	141	3	0	3	0.25
0.0247124943886	0.0184049079755	9	142	3	0	3	0.25
0.0253768932826	0.0184049079755	9	143	3	0	3	0.25
0.025498138882	0.0184049079755	9	144	3	0	3	0.25
0.0255524786945	0.0184049079755	9	145	3	0	3	0.25
0.0256079498262	0.0184049079755	9	146	3	0	3	0.25
0.0256109130299	0.0163599182004	9	147	3	0	4	0.307692307692
0.0256640056393	0.0184049079755	10	147	3	0	4	0.285714285714
0.0258100457999	0.0184049079755	10	148	3	0	4	0.285714285714
0.0262033063485	0.0184049079755	10	149	3	0	4	0.285714285714
0.0262693702855	0.0184049079755	10	150	3	0	4	0.285714285714
0.0263332972066	0.0184049079755	10	151	3	0	4	0.285714285714
0.0263989900283	0.0184049079755	10	152	3	0	4	0.285714285714
0.0268904354643	0.0184049079755	10	153	3	0	4	0.285714285714
0.0269341999261	0.0184049079755	10	154	3	0	4	0.285714285714
0.027124767924	0.0184049079755	10	155	3	0	4	0.285714285714
0.0274068412263	0.0204498977505	11	155	3	0	4	0.266666666667
0.0276292712031	0.0204498977505	11	156	3	0	4	0.266666666667
0.027660222558	0.0204498977505	11	157	3	0	4	0.266666666667
0.0277337486774	0.0204498977505	11	158	3	0	4	0.266666666667
0.0277763240408	0.0204498977505	11	159	3	0	4	0.266666666667
0.0278033887922	0.0204498977505	11	160	3	0	4	0.266666666667
0.0279061373526	0.0204498977505	11	161	3	0	4	0.266666666667
0.0279193541909	0.0204498977505	11	162	3	0	4	0.266666666667
0.0279269250429	0.0204498977505	11	163	3	0	4	0.266666666667
0.0279401019549	0.0204498977505	11	164	3	0	4	0.266666666667
0.0282722457968	0.0204498977505	11	165	3	0	4	0.266666666667
0.0284288662719	0.0204498977505	11	166	3	0	4	0.266666666667
0.0284750529194	0.0204498977505	11	167	3	0	4	0.266666666667
0.0286056770715	0.0204498977505	11	168	3	0	4	0.266666666667
0.0286974693143	0.0204498977505	11	169	3	0	4	0.266666666667
0.0288092130802	0.0204498977505	11	170	3	0	4	0.266666666667
0.0288696522966	0.0184049079755	11	171	3	0	5	0.3125
0.0294379753337	0.0184049079755	11	172	3	0	5	0.3125
0.0294433514373	0.0163599182004	11	173	3	0	6	0.352941176471
0.0295905307452	0.0163599182004	11	174	3	0	6	0.352941176471
0.0298002437407	0.0163599182004	11	175	3	0	6	0.352941176471
0.0299103978229	0.0163599182004	11	176	3	0	6	0.352941176471
0.0299874372977	0.0163599182004	11	177	3	0	6	0.352941176471
0.0301511654782	0.0163599182004	11	178	3	0	6	0.352941176471
0.0302010311669	0.0184049079755	12	178	3	0	6	0.333333333333
0.0305690251395	0.0184049079755	12	179	3	0	6	0.333333333333
0.0306576573589	0.0184049079755	12	180	3	0	6	0.333333333333
0.0307223995575	0.0204498977505	13	180	3	0	6	0.315789473684
0.0307705244508	0.0204498977505	13	181	3	0	6	0.315789473684
0.0308010383023	0.0184049079755	13	182	3	0	7	0.35
0.030910625741	0.0184049079755	13	183	3	0	7	0.35
0.0311148880694	0.0184049079755	13	184	3	0	7	0.35
0.0313714007233	0.0184049079755	13	185	3	0	7	0.35
0.031396504437	0.0184049079755	13	186	3	0	7	0.35
0.0314226643944	0.0184049079755	13	187	3	0	7	0.35
0.0319072530441	0.0184049079755	13	188	3	0	7	0.35
0.0322666443705	0.0163599182004	13	189	3	0	8	0.380952380952
0.0323552557407	0.0163599182004	13	190	3	0	8	0.380952380952
0.0324788804602	0.0163599182004	13	191	3	0	8	0.380952380952
0.0327356822529	0.0163599182004	13	192	3	0	8	0.380952380952
0.0328682648763	0.0184049079755	14	192	3	0	8	0.363636363636
0.0329532498199	0.0184049079755	14	193	3	0	8	0.363636363636
0.0329928132376	0.0184049079755	14	194	3	0	8	0.363636363636
0.033028802986	0.0184049079755	14	195	3	0	8	0.363636363636
0.0332595377502	0.0184049079755	14	196	3	0	8	0.363636363636
0.0333442413577	0.0184049079755	14	197	3	0	8	0.363636363636
0.0336704923325	0.0184049079755	14	198	3	0	8	0.363636363636
0.033688428531	0.0184049079755	14	199	3	0	8	0.363636363636
0.0337637400194	0.0184049079755	14	200	3	0	8	0.363636363636
0.0340245558074	0.0184049079755	14	201	3	0	8	0.363636363636
0.0342294740173	0.0204498977505	15	201	3	0	8	0.347826086957
0.0343340650036	0.0204498977505	15	202	3	0	8	0.347826086957
0.0345470499399	0.0204498977505	15	203	3	0	8	0.347826086957
0.0347650960895	0.0204498977505	15	204	3	0	8	0.347826086957
0.034947536308	0.0204498977505	15	205	3	0	8	0.347826086957
0.0350966605429	0.0204498977505	15	206	3	0	8	0.347826086957
0.0351692570801	0.0204498977505	15	207	3	0	8	0.347826086957
0.0351731163567	0.0204498977505	15	208	3	0	8	0.347826086957
0.0353695215064	0.0224948875256	16	208	3	0	8	0.333333333333
0.0356669362393	0.0224948875256	16	209	3	0	8	0.333333333333
0.0358236874179	0.0204498977505	16	210	3	0	9	0.36
0.0361027211853	0.0204498977505	16	211	3	0	9	0.36
0.036964677155	0.0204498977505	16	212	3	0	9	0.36
0.0372547722981	0.0204498977505	16	213	3	0	9	0.36
0.0378771332121	0.0204498977505	16	214	3	0	9	0.36
0.0380829818829	0.0204498977505	16	215	3	0	9	0.36
0.0381048922288	0.0204498977505	16	216	3	0	9	0.36
0.0381790743027	0.0204498977505	16	217	3	0	9	0.36
0.0382809472958	0.0184049079755	16	218	3	0	10	0.384615384615
0.0383490458723	0.0184049079755	16	219	3	0	10	0.384615384615
0.0384024594044	0.0184049079755	16	220	3	0	10	0.384615384615
0.0386638412224	0.0184049079755	16	221	3	0	10	0.384615384615
0.0393285428304	0.0184049079755	16	222	3	0	10	0.384615384615
0.0393894301202	0.0184049079755	16	223	3	0	10	0.384615384615
0.0398177736542	0.0184049079755	16	224	3	0	10	0.384615384615
0.0398811095304	0.0184049079755	16	225	3	0	10	0.384615384615
0.0399207318682	0.0184049079755	16	226	3	0	10	0.384615384615
0.0400239502028	0.0184049079755	16	227	3	0	10	0.384615384615
0.0401920746148	0.0184049079755	16	228	3	0	10	0.384615384615
0.0404754135469	0.0184049079755	16	229	3	0	10	0.384615384615
0.0405885068596	0.0184049079755	16	230	3	0	10	0.384615384615
0.0407515114811	0.0184049079755	16	231	3	0	10	0.384615384615
0.040826411504	0.0184049079755	16	232	3	0	10	0.384615384615
0.0413519283486	0.0163599182004	16	233	3	0	11	0.407407407407
0.041849254108	0.0163599182004	16	234	3	0	11	0.407407407407
0.041871263329	0.0163599182004	16	235	3	0	11	0.407407407407
0.0419746718314	0.0163599182004	16	236	3	0	11	0.407407407407
0.0422618475892	0.0163599182004	16	237	3	0	11	0.407407407407
0.0422738422292	0.0163599182004	16	238	3	0	11	0.407407407407
0.0423619145569	0.0163599182004	16	239	3	0	11	0.407407407407
0.0424519756778	0.0163599182004	16	240	3	0	11	0.407407407407
0.042468459635	0.0184049079755	17	240	3	0	11	0.392857142857
0.0425057105707	0.0204498977505	18	240	3	0	11	0.379310344828
0.0429182560414	0.0204498977505	18	241	3	0	11	0.379310344828
0.0431051963981	0.0204498977505	18	242	3	0	11	0.379310344828
0.0431442172305	0.0204498977505	18	243	3	0	11	0.379310344828
0.0431765252264	0.0204498977505	18	244	3	0	11	0.379310344828
0.0431867852078	0.0204498977505	18	245	3	0	11	0.379310344828
0.0432038647885	0.0204498977505	18	246	3	0	11	0.379310344828
0.0434123641347	0.0204498977505	18	247	3	0	11	0.379310344828
0.0437194738234	0.0204498977505	18	248	3	0	11	0.379310344828
0.0437663837568	0.0204498977505	18	249	3	0	11	0.379310344828
0.0439903137618	0.0204498977505	18	250	3	0	11	0.379310344828
0.0441000503947	0.0204498977505	18	251	3	0	11	0.379310344828
0.0442311763294	0.0204498977505	18	252	3	0	11	0.379310344828
0.0443912907365	0.0204498977505	18	253	3	0	11	0.379310344828
0.044440518009	0.0204498977505	18	254	3	0	11	0.379310344828
0.0444975797528	0.0204498977505	18	255	3	0	11	0.379310344828
0.0446763119578	0.0204498977505	18	256	3	0	11	0.379310344828
0.0446980495217	0.0204498977505	18	257	3	0	11	0.379310344828
0.0446999225933	0.0224948875256	19	257	3	0	11	0.366666666667
0.0447130173247	0.0224948875256	19	258	3	0	11	0.366666666667
0.0448977779418	0.0224948875256	19	259	3	0	11	0.366666666667
0.0451181297509	0.0224948875256	19	260	3	0	11	0.366666666667
0.0453394012464	0.0224948875256	19	261	3	0	11	0.366666666667
0.0454647825315	0.0204498977505	19	262	3	0	12	0.387096774194
0.0455024476848	0.0204498977505	19	263	3	0	12	0.387096774194
0.0455342257378	0.0204498977505	19	264	3	0	12	0.387096774194
0.0455478223268	0.0204498977505	19	265	3	0	12	0.387096774194
0.0455738093252	0.0204498977505	19	266	3	0	12	0.387096774194
0.0461917074405	0.0204498977505	19	267	3	0	12	0.387096774194
0.0463824950165	0.0204498977505	19	268	3	0	12	0.387096774194
0.0467008223801	0.0204498977505	19	269	3	0	12	0.387096774194
0.046869475704	0.0224948875256	20	269	3	0	12	0.375
0.0469039230276	0.0224948875256	20	270	3	0	12	0.375
0.047074181493	0.0224948875256	20	271	3	0	12	0.375
0.047195779419	0.0224948875256	20	272	3	0	12	0.375
0.0472522414753	0.0224948875256	20	273	3	0	12	0.375
0.0472830622652	0.0224948875256	20	274	3	0	12	0.375
0.0474322952431	0.0224948875256	20	275	3	0	12	0.375
0.0476666929011	0.0224948875256	20	276	3	0	12	0.375
0.0481950732002	0.0224948875256	20	277	3	0	12	0.375
0.0483039408654	0.0224948875256	20	278	3	0	12	0.375
0.0485829317222	0.0224948875256	20	279	3	0	12	0.375
0.0493969914501	0.0224948875256	20	280	3	0	12	0.375
0.0494196492305	0.0224948875256	20	281	3	0	12	0.375
0.0494962425678	0.0224948875256	20	282	3	0	12	0.375
0.049772243011	0.0224948875256	20	283	3	0	12	0.375
0.0500641741066	0.0224948875256	20	284	3	0	12	0.375
0.0501648594905	0.0245398773006	21	284	3	0	12	0.363636363636
0.0502281917425	0.0245398773006	21	285	3	0	12	0.363636363636
0.0509777287617	0.0245398773006	21	286	3	0	12	0.363636363636
0.0512260750926	0.0245398773006	21	287	3	0	12	0.363636363636
0.0512646671875	0.0224948875256	21	288	3	0	13	0.382352941176
0.0513672560882	0.0224948875256	21	289	3	0	13	0.382352941176
0.0515624397934	0.0224948875256	21	290	3	0	13	0.382352941176
0.0517688058531	0.0224948875256	21	291	3	0	13	0.382352941176
0.0518933931102	0.0204498977505	21	292	3	0	14	0.4
0.0521502025992	0.0224948875256	22	292	3	0	14	0.388888888889
0.0522050648844	0.0224948875256	22	293	3	0	14	0.388888888889
0.0523354132946	0.0224948875256	22	294	3	0	14	0.388888888889
0.053045808283	0.0224948875256	22	295	3	0	14	0.388888888889
0.0533912798683	0.0224948875256	22	296	3	0	14	0.388888888889
0.0535575391376	0.0224948875256	22	297	3	0	14	0.388888888889
0.0536233066576	0.0204498977505	22	298	3	0	15	0.405405405405
0.0536675946297	0.0204498977505	22	299	3	0	15	0.405405405405
0.0539267452343	0.0184049079755	22	300	3	0	16	0.421052631579
0.0539948356078	0.0184049079755	22	301	3	0	16	0.421052631579
0.0540162260083	0.0184049079755	22	302	3	0	16	0.421052631579
0.0542995989717	0.0184049079755	22	303	3	0	16	0.421052631579
0.0544266900717	0.0184049079755	22	304	3	0	16	0.421052631579
0.0547108819126	0.0184049079755	22	305	3	0	16	0.421052631579
0.0548327967986	0.0184049079755	22	306	3	0	16	0.421052631579
0.0552715276625	0.0184049079755	22	307	3	0	16	0.421052631579
0.055509183681	0.0184049079755	22	308	3	0	16	0.421052631579
0.0555260265271	0.0184049079755	22	309	3	0	16	0.421052631579
0.0555294616609	0.0184049079755	22	310	3	0	16	0.421052631579
0.0559887673844	0.0184049079755	22	311	3	0	16	0.421052631579
0.0559943412533	0.0184049079755	22	312	3	0	16	0.421052631579
0.0562539542555	0.0184049079755	22	313	3	0	16	0.421052631579
0.0563020310609	0.0163599182004	22	314	3	0	17	0.435897435897
0.0564670323729	0.0163599182004	22	315	3	0	17	0.435897435897
0.0567386505413	0.0163599182004	22	316	3	0	17	0.435897435897
0.0567464261683	0.0163599182004	22	317	3	0	17	0.435897435897
0.0567489616911	0.0163599182004	22	318	3	0	17	0.435897435897
0.0570874593963	0.0163599182004	22	319	3	0	17	0.435897435897
0.0571497139033	0.0163599182004	22	320	3	0	17	0.435897435897
0.0573696738657	0.0163599182004	22	321	3	0	17	0.435897435897
0.0574448435629	0.0163599182004	22	322	3	0	17	0.435897435897
0.0577747196278	0.0163599182004	22	323	3	0	17	0.435897435897
0.0580289261573	0.0163599182004	22	324	3	0	17	0.435897435897
0.058995479346	0.0163599182004	22	325	3	0	17	0.435897435897
0.0591060813446	0.0163599182004	22	326	3	0	17	0.435897435897
0.0607020203169	0.0163599182004	22	327	3	0	17	0.435897435897
0.0609713860592	0.0163599182004	22	328	3	0	17	0.435897435897
0.061014969029	0.0163599182004	22	329	3	0	17	0.435897435897
0.0611844376358	0.0163599182004	22	330	3	0	17	0.435897435897
0.0614773711194	0.0184049079755	23	330	3	0	17	0.425
0.0615311746498	0.0184049079755	23	331	3	0	17	0.425
0.0617168559508	0.0184049079755	23	332	3	0	17	0.425
0.061987803529	0.0184049079755	23	333	3	0	17	0.425
0.0621191668332	0.0184049079755	23	334	3	0	17	0.425
0.0624366013739	0.0184049079755	23	335	3	0	17	0.425
0.0626754801469	0.0184049079755	23	336	3	0	17	0.425
0.0635204776389	0.0184049079755	23	337	3	0	17	0.425
0.0639935298472	0.0184049079755	23	338	3	0	17	0.425
0.0642516746137	0.0184049079755	23	339	3	0	17	0.425
0.0642897296111	0.0184049079755	23	340	3	0	17	0.425
0.0643124108071	0.0184049079755	23	341	3	0	17	0.425
0.0656391582128	0.0184049079755	23	342	3	0	17	0.425
0.0662676959621	0.0184049079755	23	343	3	0	17	0.425
0.0665582546767	0.0184049079755	23	344	3	0	17	0.425
0.0665973739005	0.0184049079755	23	345	3	0	17	0.425
0.0666524137805	0.0184049079755	23	346	3	0	17	0.425
0.0666539970683	0.0184049079755	23	347	3	0	17	0.425
0.0667769463356	0.0184049079755	23	348	3	0	17	0.425
0.066807911303	0.0184049079755	23	349	3	0	17	0.425
0.0674170959195	0.0184049079755	23	350	3	0	17	0.425
0.0674237500329	0.0184049079755	23	351	3	0	17	0.425
0.0675784192455	0.0204498977505	24	351	3	0	17	0.414634146341
0.0677866518493	0.0204498977505	24	352	3	0	17	0.414634146341
0.0678797368984	0.0184049079755	24	353	3	0	18	0.428571428571
0.0684568212807	0.0184049079755	24	354	3	0	18	0.428571428571
0.068571429137	0.0184049079755	24	355	3	0	18	0.428571428571
0.0687622892544	0.0184049079755	24	356	3	0	18	0.428571428571
0.0688172103829	0.0184049079755	24	357	3	0	18	0.428571428571
0.0688368514309	0.0184049079755	24	358	3	0	18	0.428571428571
0.0688889998752	0.0184049079755	24	359	3	0	18	0.428571428571
0.0694934073666	0.0184049079755	24	360	3	0	18	0.428571428571
0.069606414769	0.0163599182004	24	361	3	0	19	0.441860465116
0.0696495399261	0.0163599182004	24	362	3	0	19	0.441860465116
0.0703816078648	0.0163599182004	24	363	3	0	19	0.441860465116
0.0705115340422	0.0163599182004	24	364	3	0	19	0.441860465116
0.0706295914654	0.0163599182004	24	365	3	0	19	0.441860465116
0.0708528926848	0.0163599182004	24	366	3	0	19	0.441860465116
0.0710613554535	0.0163599182004	24	367	3	0	19	0.441860465116
0.071288329831	0.0163599182004	24	368	3	0	19	0.441860465116
0.0718340511397	0.0163599182004	24	369	3	0	19	0.441860465116
0.0718931318411	0.0184049079755	25	369	3	0	19	0.431818181818
0.0719732566015	0.0184049079755	25	370	3	0	19	0.431818181818
0.07222743378	0.0184049079755	25	371	3	0	19	0.431818181818
0.0725085016531	0.0184049079755	25	372	3	0	19	0.431818181818
0.0725206254173	0.0184049079755	25	373	3	0	19	0.431818181818
0.0728226536398	0.0184049079755	25	374	3	0	19	0.431818181818
0.0729189893204	0.0184049079755	25	375	3	0	19	0.431818181818
0.0733454320162	0.0204498977505	26	375	3	0	19	0.422222222222
0.0733636686835	0.0204498977505	26	376	3	0	19	0.422222222222
0.0735018433706	0.0204498977505	26	377	3	0	19	0.422222222222
0.0735733817249	0.0184049079755	26	378	3	0	20	0.434782608696
0.0737887946152	0.0184049079755	26	379	3	0	20	0.434782608696
0.0737939679908	0.0184049079755	26	380	3	0	20	0.434782608696
0.0738981265639	0.0184049079755	26	381	3	0	20	0.434782608696
0.0740314191945	0.0184049079755	26	382	3	0	20	0.434782608696
0.0742816386734	0.0184049079755	26	383	3	0	20	0.434782608696
0.0743748572782	0.0184049079755	26	384	3	0	20	0.434782608696
0.0744451926982	0.0184049079755	26	385	3	0	20	0.434782608696
0.0746251226381	0.0184049079755	26	386	3	0	20	0.434782608696
0.0750006974503	0.0184049079755	26	387	3	0	20	0.434782608696
0.075080929184	0.0184049079755	26	388	3	0	20	0.434782608696
0.075453530498	0.0204498977505	27	388	3	0	20	0.425531914894
0.0757318314988	0.0224948875256	28	388	3	0	20	0.416666666667
0.0757407097078	0.0224948875256	28	389	3	0	20	0.416666666667
0.0761214389695	0.0224948875256	28	390	3	0	20	0.416666666667
0.0764880214929	0.0224948875256	28	391	3	0	20	0.416666666667
0.0765672292723	0.0224948875256	28	392	3	0	20	0.416666666667
0.0769640219424	0.0224948875256	28	393	3	0	20	0.416666666667
0.0769755297227	0.0224948875256	28	394	3	0	20	0.416666666667
0.0769888330665	0.0224948875256	28	395	3	0	20	0.416666666667
0.0770240242918	0.0245398773006	29	395	3	0	20	0.408163265306
0.0773497616251	0.0245398773006	29	396	3	0	20	0.408163265306
0.0776319215202	0.0245398773006	29	397	3	0	20	0.408163265306
0.0778227185646	0.0245398773006	29	398	3	0	20	0.408163265306
0.0781127730705	0.0245398773006	29	399	3	0	20	0.408163265306
0.0781420762468	0.0245398773006	29	400	3	0	20	0.408163265306
0.0784356007436	0.0245398773006	29	401	3	0	20	0.408163265306
0.0793165419675	0.0224948875256	29	402	3	0	21	0.42
0.0793501874855	0.0224948875256	29	403	3	0	21	0.42
0.0799796579197	0.0224948875256	29	404	3	0	21	0.42
0.0800750121673	0.0224948875256	29	405	3	0	21	0.42
0.0802282702262	0.0224948875256	29	406	3	0	21	0.42
0.0807166135957	0.0224948875256	29	407	3	0	21	0.42
0.0807393610336	0.0224948875256	29	408	3	0	21	0.42
0.0807464700221	0.0224948875256	29	409	3	0	21	0.42
0.0808295556503	0.0224948875256	29	410	3	0	21	0.42
0.080834064922	0.0224948875256	29	411	3	0	21	0.42
0.0812698188238	0.0224948875256	29	412	3	0	21	0.42
0.0813124750809	0.0245398773006	30	412	3	0	21	0.411764705882
0.0814703630566	0.0245398773006	30	413	3	0	21	0.411764705882
0.0814867754747	0.0245398773006	30	414	3	0	21	0.411764705882
0.0817317205847	0.0245398773006	30	415	3	0	21	0.411764705882
0.0818555125206	0.0245398773006	30	416	3	0	21	0.411764705882
0.0823000407259	0.0245398773006	30	417	3	0	21	0.411764705882
0.0823558507498	0.0245398773006	30	418	3	0	21	0.411764705882
0.0825507537665	0.0245398773006	30	419	3	0	21	0.411764705882
0.0826113947144	0.0245398773006	30	420	3	0	21	0.411764705882
0.082706513275	0.0245398773006	30	421	3	0	21	0.411764705882
0.0828933881031	0.0245398773006	30	422	3	0	21	0.411764705882
0.0828942370345	0.0245398773006	30	423	3	0	21	0.411764705882
0.0836166142362	0.0265848670757	31	423	3	0	21	0.403846153846
0.0836273325252	0.0265848670757	31	424	3	0	21	0.403846153846
0.0842359948023	0.0265848670757	31	425	3	0	21	0.403846153846
0.0844390205894	0.0265848670757	31	426	3	0	21	0.403846153846
0.0844864632273	0.0245398773006	31	427	3	0	22	0.415094339623
0.0846216168563	0.0245398773006	31	428	3	0	22	0.415094339623
0.0847205294267	0.0224948875256	31	429	3	0	23	0.425925925926
0.0847845324438	0.0224948875256	31	430	3	0	23	0.425925925926
0.0848521392838	0.0224948875256	31	431	3	0	23	0.425925925926
0.0849698924481	0.0224948875256	31	432	3	0	23	0.425925925926
0.0849922104911	0.0224948875256	31	433	3	0	23	0.425925925926
0.0853500173908	0.0224948875256	31	434	3	0	23	0.425925925926
0.0853978027433	0.0224948875256	31	435	3	0	23	0.425925925926
0.0856247173011	0.0245398773006	32	435	3	0	23	0.418181818182
0.0856770875155	0.0245398773006	32	436	3	0	23	0.418181818182
0.0856924132588	0.0245398773006	32	437	3	0	23	0.418181818182
0.0857857439484	0.0245398773006	32	438	3	0	23	0.418181818182
0.0858548143879	0.0245398773006	32	439	3	0	23	0.418181818182
0.0858991107025	0.0245398773006	32	440	3	0	23	0.418181818182
0.0861717634862	0.0245398773006	32	441	3	0	23	0.418181818182
0.086830266044	0.0245398773006	32	442	3	0	23	0.418181818182
0.0868678345594	0.0245398773006	32	443	3	0	23	0.418181818182
0.0871458723044	0.0245398773006	32	444	3	0	23	0.418181818182
0.0872069808992	0.0245398773006	32	445	3	0	23	0.418181818182
0.0872796320081	0.0265848670757	33	445	3	0	23	0.410714285714
0.087281417588	0.0286298568507	34	445	3	0	23	0.40350877193
0.0874450536401	0.0286298568507	34	446	3	0	23	0.40350877193
0.0876536736765	0.0286298568507	34	447	3	0	23	0.40350877193
0.0877338607421	0.0286298568507	34	448	3	0	23	0.40350877193
0.0877754808878	0.0265848670757	34	449	3	0	24	0.413793103448
0.0879008654878	0.0265848670757	34	450	3	0	24	0.413793103448
0.0888059475588	0.0286298568507	35	450	3	0	24	0.406779661017
0.089172189936	0.0286298568507	35	451	3	0	24	0.406779661017
0.0896262889107	0.0286298568507	35	452	3	0	24	0.406779661017
0.0900268336379	0.0286298568507	35	453	3	0	24	0.406779661017
0.0901190974469	0.0286298568507	35	454	3	0	24	0.406779661017
0.0902171352833	0.0286298568507	35	455	3	0	24	0.406779661017
0.0908113935218	0.0265848670757	35	456	3	0	25	0.416666666667
0.0912037963307	0.0265848670757	35	457	3	0	25	0.416666666667
0.0913552324621	0.0265848670757	35	458	3	0	25	0.416666666667
0.0916296994053	0.0265848670757	35	459	3	0	25	0.416666666667
0.0917858259781	0.0265848670757	35	460	3	0	25	0.416666666667
0.0921222571322	0.0265848670757	35	461	3	0	25	0.416666666667
0.0922836770958	0.0265848670757	35	462	3	0	25	0.416666666667
0.0923576512203	0.0245398773006	35	463	3	0	26	0.426229508197
0.0925002716234	0.0265848670757	36	463	3	0	26	0.41935483871
0.0927224464869	0.0265848670757	36	464	3	0	26	0.41935483871
0.0928070940072	0.0265848670757	36	465	3	0	26	0.41935483871
0.0928823115956	0.0265848670757	36	466	3	0	26	0.41935483871
0.0932164654031	0.0286298568507	37	466	3	0	26	0.412698412698
0.0933138615346	0.0286298568507	37	467	3	0	26	0.412698412698
0.0933271613426	0.0265848670757	37	468	3	0	27	0.421875
0.0935675458371	0.0265848670757	37	469	3	0	27	0.421875
0.0936813709836	0.0265848670757	37	470	3	0	27	0.421875
0.0937740895239	0.0286298568507	38	470	3	0	27	0.415384615385
0.0938038962601	0.0286298568507	38	471	3	0	27	0.415384615385
0.0938266661259	0.0286298568507	38	472	3	0	27	0.415384615385
0.0942525504793	0.0286298568507	38	473	3	0	27	0.415384615385
0.0955068300959	0.0265848670757	38	474	3	0	28	0.424242424242
0.0956620001965	0.0265848670757	38	475	3	0	28	0.424242424242
0.0960422986573	0.0265848670757	38	476	3	0	28	0.424242424242
0.0962767307228	0.0265848670757	38	477	3	0	28	0.424242424242
0.0963225579881	0.0265848670757	38	478	3	0	28	0.424242424242
0.0967569215507	0.0265848670757	38	479	3	0	28	0.424242424242
0.0970705532478	0.0265848670757	38	480	3	0	28	0.424242424242
0.0971064135421	0.0265848670757	38	481	3	0	28	0.424242424242
0.097487813289	0.0265848670757	38	482	3	0	28	0.424242424242
0.0975081636762	0.0265848670757	38	483	3	0	28	0.424242424242
0.0979086714249	0.0265848670757	38	484	3	0	28	0.424242424242
0.0981710905254	0.0265848670757	38	485	3	0	28	0.424242424242
0.0983734877168	0.0265848670757	38	486	3	0	28	0.424242424242
0.0984981780087	0.0265848670757	38	487	3	0	28	0.424242424242
0.0985546887779	0.0265848670757	38	488	3	0	28	0.424242424242
0.0986497618	0.0265848670757	38	489	3	0	28	0.424242424242
0.0991367812908	0.0265848670757	38	490	3	0	28	0.424242424242
0.0992759573176	0.0265848670757	38	491	3	0	28	0.424242424242
0.0993937386507	0.0265848670757	38	492	3	0	28	0.424242424242
0.0994060792079	0.0265848670757	38	493	3	0	28	0.424242424242
0.0996154866758	0.0265848670757	38	494	3	0	28	0.424242424242
0.0999127250395	0.0265848670757	38	495	3	0	28	0.424242424242
0.100229269486	0.0265848670757	38	496	3	0	28	0.424242424242
0.100277290578	0.0265848670757	38	497	3	0	28	0.424242424242
0.100815977286	0.0265848670757	38	498	3	0	28	0.424242424242
0.101275141392	0.0286298568507	39	498	3	0	28	0.417910447761
0.101300352408	0.0286298568507	39	499	3	0	28	0.417910447761
0.101417352496	0.0286298568507	39	500	3	0	28	0.417910447761
0.101869044265	0.0286298568507	39	501	3	0	28	0.417910447761
0.102096426788	0.0286298568507	39	502	3	0	28	0.417910447761
0.102102697199	0.0286298568507	39	503	3	0	28	0.417910447761
0.102254927852	0.0286298568507	39	504	3	0	28	0.417910447761
0.1025691775	0.0286298568507	39	505	3	0	28	0.417910447761
0.102615938906	0.0286298568507	39	506	3	0	28	0.417910447761
0.102660360882	0.0286298568507	39	507	3	0	28	0.417910447761
0.102773110388	0.0265848670757	39	508	3	0	29	0.426470588235
0.103161353003	0.0265848670757	39	509	3	0	29	0.426470588235
0.103509204403	0.0265848670757	39	510	3	0	29	0.426470588235
0.103688830064	0.0265848670757	39	511	3	0	29	0.426470588235
0.103910170776	0.0265848670757	39	512	3	0	29	0.426470588235
0.104006861743	0.0265848670757	39	513	3	0	29	0.426470588235
0.104066204211	0.0265848670757	39	514	3	0	29	0.426470588235
0.104239679548	0.0265848670757	39	515	3	0	29	0.426470588235
0.104327797977	0.0265848670757	39	516	3	0	29	0.426470588235
0.105152676768	0.0265848670757	39	517	3	0	29	0.426470588235
0.105374903262	0.0265848670757	39	518	3	0	29	0.426470588235
0.105529785973	0.0265848670757	39	519	3	0	29	0.426470588235
0.105650776823	0.0286298568507	40	519	3	0	29	0.420289855072
0.105936706058	0.0286298568507	40	520	3	0	29	0.420289855072
0.105980155262	0.0286298568507	40	521	3	0	29	0.420289855072
0.106163259233	0.0265848670757	40	522	3	0	30	0.428571428571
0.106257976136	0.0265848670757	40	523	3	0	30	0.428571428571
0.10660918605	0.0265848670757	40	524	3	0	30	0.428571428571
0.106697786598	0.0265848670757	40	525	3	0	30	0.428571428571
0.107015888161	0.0245398773006	40	526	3	0	31	0.43661971831
0.107062325669	0.0245398773006	40	527	3	0	31	0.43661971831
0.107083198791	0.0245398773006	40	528	3	0	31	0.43661971831
0.107307795155	0.0245398773006	40	529	3	0	31	0.43661971831
0.107376069248	0.0224948875256	40	530	3	0	32	0.444444444444
0.107412428138	0.0224948875256	40	531	3	0	32	0.444444444444
0.107488542793	0.0204498977505	40	532	3	0	33	0.452054794521
0.10765311102	0.0204498977505	40	533	3	0	33	0.452054794521
0.10774249763	0.0204498977505	40	534	3	0	33	0.452054794521
0.107907593874	0.0204498977505	40	535	3	0	33	0.452054794521
0.107960751016	0.0204498977505	40	536	3	0	33	0.452054794521
0.10802885877	0.0204498977505	40	537	3	0	33	0.452054794521
0.108122076962	0.0204498977505	40	538	3	0	33	0.452054794521
0.108217367141	0.0204498977505	40	539	3	0	33	0.452054794521
0.108271272091	0.0204498977505	40	540	3	0	33	0.452054794521
0.108705476164	0.0204498977505	40	541	3	0	33	0.452054794521
0.109237273711	0.0224948875256	41	541	3	0	33	0.445945945946
0.109485916592	0.0224948875256	41	542	3	0	33	0.445945945946
0.109525319967	0.0224948875256	41	543	3	0	33	0.445945945946
0.109772674624	0.0204498977505	41	544	3	0	34	0.453333333333
0.110162316198	0.0204498977505	41	545	3	0	34	0.453333333333
0.110390738042	0.0204498977505	41	546	3	0	34	0.453333333333
0.110442920919	0.0204498977505	41	547	3	0	34	0.453333333333
0.110462923721	0.0204498977505	41	548	3	0	34	0.453333333333
0.110672343288	0.0204498977505	41	549	3	0	34	0.453333333333
0.110713193134	0.0204498977505	41	550	3	0	34	0.453333333333
0.110840890258	0.0204498977505	41	551	3	0	34	0.453333333333
0.11086812641	0.0204498977505	41	552	3	0	34	0.453333333333
0.110925925704	0.0204498977505	41	553	3	0	34	0.453333333333
0.111008402072	0.0204498977505	41	554	3	0	34	0.453333333333
0.111482078029	0.0204498977505	41	555	3	0	34	0.453333333333
0.111717764869	0.0224948875256	42	555	3	0	34	0.447368421053
0.11189563125	0.0224948875256	42	556	3	0	34	0.447368421053
0.112502742252	0.0224948875256	42	557	3	0	34	0.447368421053
0.112651649424	0.0224948875256	42	558	3	0	34	0.447368421053
0.113146727549	0.0224948875256	42	559	3	0	34	0.447368421053
0.113496240561	0.0224948875256	42	560	3	0	34	0.447368421053
0.113562642749	0.0204498977505	42	561	3	0	35	0.454545454545
0.113634577143	0.0204498977505	42	562	3	0	35	0.454545454545
0.113784759606	0.0204498977505	42	563	3	0	35	0.454545454545
0.113853127323	0.0204498977505	42	564	3	0	35	0.454545454545
0.113885275902	0.0204498977505	42	565	3	0	35	0.454545454545
0.11417507817	0.0204498977505	42	566	3	0	35	0.454545454545
0.114191338158	0.0204498977505	42	567	3	0	35	0.454545454545
0.11426752784	0.0204498977505	42	568	3	0	35	0.454545454545
0.114628063872	0.0204498977505	42	569	3	0	35	0.454545454545
0.11471728373	0.0204498977505	42	570	3	0	35	0.454545454545
0.115087542623	0.0204498977505	42	571	3	0	35	0.454545454545
0.115887883376	0.0204498977505	42	572	3	0	35	0.454545454545
0.116115343827	0.0204498977505	42	573	3	0	35	0.454545454545
0.116189937925	0.0184049079755	42	574	3	0	36	0.461538461538
0.116214807053	0.0184049079755	42	575	3	0	36	0.461538461538
0.116571115686	0.0184049079755	42	576	3	0	36	0.461538461538
0.116573505594	0.0184049079755	42	577	3	0	36	0.461538461538
0.116608544506	0.0184049079755	42	578	3	0	36	0.461538461538
0.116630535268	0.0204498977505	43	578	3	0	36	0.455696202532
0.117071860776	0.0204498977505	43	579	3	0	36	0.455696202532
0.117150970203	0.0224948875256	44	579	3	0	36	0.45
0.117233378503	0.0224948875256	44	580	3	0	36	0.45
0.118091879923	0.0204498977505	44	581	3	0	37	0.456790123457
0.118097209322	0.0204498977505	44	582	3	0	37	0.456790123457
0.118395852921	0.0224948875256	45	582	3	0	37	0.451219512195
0.11868982079	0.0224948875256	45	583	3	0	37	0.451219512195
0.118854064705	0.0245398773006	46	583	3	0	37	0.44578313253
0.118949153115	0.0245398773006	46	584	3	0	37	0.44578313253
0.119037659224	0.0224948875256	46	585	3	0	38	0.452380952381
0.119044718222	0.0224948875256	46	586	3	0	38	0.452380952381
0.119270304904	0.0224948875256	46	587	3	0	38	0.452380952381
0.119591343031	0.0224948875256	46	588	3	0	38	0.452380952381
0.119657654034	0.0224948875256	46	589	3	0	38	0.452380952381
0.119961099198	0.0224948875256	46	590	3	0	38	0.452380952381
0.120200292099	0.0204498977505	46	591	3	0	39	0.458823529412
0.120295590807	0.0204498977505	46	592	3	0	39	0.458823529412
0.120831327911	0.0204498977505	46	593	3	0	39	0.458823529412
0.120940229131	0.0204498977505	46	594	3	0	39	0.458823529412
0.12095182841	0.0204498977505	46	595	3	0	39	0.458823529412
0.120997398561	0.0204498977505	46	596	3	0	39	0.458823529412
0.121306610432	0.0204498977505	46	597	3	0	39	0.458823529412
0.121457368416	0.0204498977505	46	598	3	0	39	0.458823529412
0.121495558769	0.0204498977505	46	599	3	0	39	0.458823529412
0.121707275262	0.0204498977505	46	600	3	0	39	0.458823529412
0.122063516095	0.0204498977505	46	601	3	0	39	0.458823529412
0.122317864853	0.0204498977505	46	602	3	0	39	0.458823529412
0.122345040649	0.0204498977505	46	603	3	0	39	0.458823529412
0.122447457033	0.0224948875256	47	603	3	0	39	0.453488372093
0.122576241633	0.0224948875256	47	604	3	0	39	0.453488372093
0.122669028336	0.0224948875256	47	605	3	0	39	0.453488372093
0.122958793436	0.0224948875256	47	606	3	0	39	0.453488372093
0.123556029694	0.0224948875256	47	607	3	0	39	0.453488372093
0.123734567723	0.0204498977505	47	608	3	0	40	0.459770114943
0.123902895918	0.0204498977505	47	609	3	0	40	0.459770114943
0.124331473838	0.0204498977505	47	610	3	0	40	0.459770114943
0.124628145535	0.0204498977505	47	611	3	0	40	0.459770114943
0.124861591457	0.0204498977505	47	612	3	0	40	0.459770114943
0.124902781407	0.0204498977505	47	613	3	0	40	0.459770114943
0.125104731633	0.0204498977505	47	614	3	0	40	0.459770114943
0.125213410632	0.0224948875256	48	614	3	0	40	0.454545454545
0.125284955593	0.0224948875256	48	615	3	0	40	0.454545454545
0.125421085256	0.0224948875256	48	616	3	0	40	0.454545454545
0.126397337003	0.0245398773006	49	616	3	0	40	0.449438202247
0.126834575366	0.0245398773006	49	617	3	0	40	0.449438202247
0.126953793344	0.0245398773006	49	618	3	0	40	0.449438202247
0.127053255362	0.0245398773006	49	619	3	0	40	0.449438202247
0.127416180199	0.0245398773006	49	620	3	0	40	0.449438202247
0.127630253354	0.0245398773006	49	621	3	0	40	0.449438202247
0.127736696253	0.0245398773006	49	622	3	0	40	0.449438202247
0.128129045262	0.0245398773006	49	623	3	0	40	0.449438202247
0.128204141688	0.0245398773006	49	624	3	0	40	0.449438202247
0.12828623728	0.0245398773006	49	625	3	0	40	0.449438202247
0.128468031515	0.0245398773006	49	626	3	0	40	0.449438202247
0.128608611783	0.0245398773006	49	627	3	0	40	0.449438202247
0.128864880079	0.0245398773006	49	628	3	0	40	0.449438202247
0.128901830156	0.0245398773006	49	629	3	0	40	0.449438202247
0.129115742446	0.0245398773006	49	630	3	0	40	0.449438202247
0.129210748997	0.0245398773006	49	631	3	0	40	0.449438202247
0.129363597467	0.0245398773006	49	632	3	0	40	0.449438202247
0.129423993032	0.0245398773006	49	633	3	0	40	0.449438202247
0.130129314535	0.0245398773006	49	634	3	0	40	0.449438202247
0.130216780607	0.0245398773006	49	635	3	0	40	0.449438202247
0.130221364049	0.0245398773006	49	636	3	0	40	0.449438202247
0.130259580856	0.0245398773006	49	637	3	0	40	0.449438202247
0.130308506626	0.0265848670757	50	637	3	0	40	0.444444444444
0.130440374339	0.0265848670757	50	638	3	0	40	0.444444444444
0.130474113024	0.0265848670757	50	639	3	0	40	0.444444444444
0.130767119832	0.0265848670757	50	640	3	0	40	0.444444444444
0.130784082686	0.0265848670757	50	641	3	0	40	0.444444444444
0.130974513786	0.0245398773006	50	642	3	0	41	0.450549450549
0.131102476794	0.0245398773006	50	643	3	0	41	0.450549450549
0.131475100331	0.0265848670757	51	643	3	0	41	0.445652173913
0.131832454379	0.0265848670757	51	644	3	0	41	0.445652173913
0.131921253033	0.0265848670757	51	645	3	0	41	0.445652173913
0.132640774998	0.0245398773006	51	646	3	0	42	0.451612903226
0.132687188855	0.0245398773006	51	647	3	0	42	0.451612903226
0.133222496597	0.0245398773006	51	648	3	0	42	0.451612903226
0.13323484091	0.0245398773006	51	649	3	0	42	0.451612903226
0.133410386747	0.0245398773006	51	650	3	0	42	0.451612903226
0.133413788305	0.0265848670757	52	650	3	0	42	0.446808510638
0.13353094271	0.0265848670757	52	651	3	0	42	0.446808510638
0.133712074608	0.0265848670757	52	652	3	0	42	0.446808510638
0.133944694159	0.0265848670757	52	653	3	0	42	0.446808510638
0.134051604544	0.0265848670757	52	654	3	0	42	0.446808510638
0.134321436263	0.0265848670757	52	655	3	0	42	0.446808510638
0.134447248612	0.0265848670757	52	656	3	0	42	0.446808510638
0.134547682846	0.0265848670757	52	657	3	0	42	0.446808510638
0.134700061765	0.0265848670757	52	658	3	0	42	0.446808510638
0.134819711564	0.0265848670757	52	659	3	0	42	0.446808510638
0.135076536265	0.0265848670757	52	660	3	0	42	0.446808510638
0.135135652352	0.0265848670757	52	661	3	0	42	0.446808510638
0.135175778355	0.0265848670757	52	662	3	0	42	0.446808510638
0.135254989839	0.0265848670757	52	663	3	0	42	0.446808510638
0.135266286009	0.0265848670757	52	664	3	0	42	0.446808510638
0.135367740632	0.0265848670757	52	665	3	0	42	0.446808510638
0.135758238295	0.0265848670757	52	666	3	0	42	0.446808510638
0.1357968122	0.0265848670757	52	667	3	0	42	0.446808510638
0.135946284069	0.0265848670757	52	668	3	0	42	0.446808510638
0.136341417607	0.0265848670757	52	669	3	0	42	0.446808510638
0.136430505521	0.0265848670757	52	670	3	0	42	0.446808510638
0.136740323316	0.0286298568507	53	670	3	0	42	0.442105263158
0.136877479259	0.0286298568507	53	671	3	0	42	0.442105263158
0.136940920093	0.0286298568507	53	672	3	0	42	0.442105263158
0.137017484476	0.0286298568507	53	673	3	0	42	0.442105263158
0.137668696774	0.0286298568507	53	674	3	0	42	0.442105263158
0.13771956622	0.0306748466258	54	674	3	0	42	0.4375
0.137914270639	0.0306748466258	54	675	3	0	42	0.4375
0.137942713122	0.0327198364008	55	675	3	0	42	0.432989690722
0.139137180815	0.0327198364008	55	676	3	0	42	0.432989690722
0.139352613572	0.0327198364008	55	677	3	0	42	0.432989690722
0.139537350163	0.0327198364008	55	678	3	0	42	0.432989690722
0.139717556415	0.0327198364008	55	679	3	0	42	0.432989690722
0.139777471348	0.0327198364008	55	680	3	0	42	0.432989690722
0.140094552315	0.0327198364008	55	681	3	0	42	0.432989690722
0.140360882468	0.0327198364008	55	682	3	0	42	0.432989690722
0.140712055433	0.0327198364008	55	683	3	0	42	0.432989690722
0.140839268849	0.0327198364008	55	684	3	0	42	0.432989690722
0.141168514019	0.0327198364008	55	685	3	0	42	0.432989690722
0.14160391015	0.0347648261759	56	685	3	0	42	0.428571428571
0.142063755418	0.0347648261759	56	686	3	0	42	0.428571428571
0.143054783917	0.0347648261759	56	687	3	0	42	0.428571428571
0.143213984566	0.0347648261759	56	688	3	0	42	0.428571428571
0.143349228898	0.0347648261759	56	689	3	0	42	0.428571428571
0.143613811237	0.0347648261759	56	690	3	0	42	0.428571428571
0.143824124698	0.0347648261759	56	691	3	0	42	0.428571428571
0.143862777447	0.0368098159509	57	691	3	0	42	0.424242424242
0.144084108092	0.0368098159509	57	692	3	0	42	0.424242424242
0.14412617049	0.0368098159509	57	693	3	0	42	0.424242424242
0.144199398245	0.0368098159509	57	694	3	0	42	0.424242424242
0.144695722785	0.0368098159509	57	695	3	0	42	0.424242424242
0.144802365436	0.038854805726	58	695	3	0	42	0.42
0.144920043876	0.0368098159509	58	696	3	0	43	0.425742574257
0.145141441171	0.0368098159509	58	697	3	0	43	0.425742574257
0.145191034923	0.0368098159509	58	698	3	0	43	0.425742574257
0.145211736197	0.0368098159509	58	699	3	0	43	0.425742574257
0.145246582308	0.0347648261759	58	700	3	0	44	0.43137254902
0.145399061843	0.0347648261759	58	701	3	0	44	0.43137254902
0.145578192819	0.0347648261759	58	702	3	0	44	0.43137254902
0.145645573664	0.0347648261759	58	703	3	0	44	0.43137254902
0.14627459029	0.0347648261759	58	704	3	0	44	0.43137254902
0.146611858768	0.0347648261759	58	705	3	0	44	0.43137254902
0.146632624561	0.0347648261759	58	706	3	0	44	0.43137254902
0.146872538604	0.0347648261759	58	707	3	0	44	0.43137254902
0.146964759708	0.0347648261759	58	708	3	0	44	0.43137254902
0.147332660218	0.0347648261759	58	709	3	0	44	0.43137254902
0.147436716205	0.0347648261759	58	710	3	0	44	0.43137254902
0.147660815137	0.0347648261759	58	711	3	0	44	0.43137254902
0.147701203138	0.0347648261759	58	712	3	0	44	0.43137254902
0.148500781461	0.0327198364008	58	713	3	0	45	0.436893203883
0.148504751276	0.0327198364008	58	714	3	0	45	0.436893203883
0.148672177826	0.0327198364008	58	715	3	0	45	0.436893203883
0.148820196127	0.0327198364008	58	716	3	0	45	0.436893203883
0.148919451263	0.0327198364008	58	717	3	0	45	0.436893203883
0.148942035781	0.0327198364008	58	718	3	0	45	0.436893203883
0.148968193289	0.0327198364008	58	719	3	0	45	0.436893203883
0.149095748628	0.0306748466258	58	720	3	0	46	0.442307692308
0.149369586204	0.0306748466258	58	721	3	0	46	0.442307692308
0.149505409258	0.0306748466258	58	722	3	0	46	0.442307692308
0.149696859778	0.0306748466258	58	723	3	0	46	0.442307692308
0.149711112637	0.0306748466258	58	724	3	0	46	0.442307692308
0.149899434389	0.0286298568507	58	725	3	0	47	0.447619047619
0.150150240914	0.0306748466258	59	725	3	0	47	0.443396226415
0.150168331447	0.0306748466258	59	726	3	0	47	0.443396226415
0.150180091646	0.0306748466258	59	727	3	0	47	0.443396226415
0.150248164681	0.0306748466258	59	728	3	0	47	0.443396226415
0.15049668168	0.0306748466258	59	729	3	0	47	0.443396226415
0.150568585948	0.0306748466258	59	730	3	0	47	0.443396226415
0.15080559448	0.0306748466258	59	731	3	0	47	0.443396226415
0.150852022074	0.0306748466258	59	732	3	0	47	0.443396226415
0.151139146844	0.0306748466258	59	733	3	0	47	0.443396226415
0.151388231129	0.0286298568507	59	734	3	0	48	0.448598130841
0.151419841329	0.0286298568507	59	735	3	0	48	0.448598130841
0.151563583096	0.0286298568507	59	736	3	0	48	0.448598130841
0.151823624713	0.0286298568507	59	737	3	0	48	0.448598130841
0.152703559652	0.0286298568507	59	738	3	0	48	0.448598130841
0.152793178811	0.0286298568507	59	739	3	0	48	0.448598130841
0.15296769512	0.0286298568507	59	740	3	0	48	0.448598130841
0.153459539387	0.0286298568507	59	741	3	0	48	0.448598130841
0.153475559646	0.0286298568507	59	742	3	0	48	0.448598130841
0.153667938119	0.0286298568507	59	743	3	0	48	0.448598130841
0.153887135382	0.0286298568507	59	744	3	0	48	0.448598130841
0.154210323644	0.0286298568507	59	745	3	0	48	0.448598130841
0.155083278431	0.0286298568507	59	746	3	0	48	0.448598130841
0.155100326801	0.0286298568507	59	747	3	0	48	0.448598130841
0.155290316272	0.0286298568507	59	748	3	0	48	0.448598130841
0.155296831325	0.0286298568507	59	749	3	0	48	0.448598130841
0.155396331986	0.0286298568507	59	750	3	0	48	0.448598130841
0.155872326798	0.0286298568507	59	751	3	0	48	0.448598130841
0.155922898836	0.0286298568507	59	752	3	0	48	0.448598130841
0.156092166818	0.0286298568507	59	753	3	0	48	0.448598130841
0.156491805012	0.0286298568507	59	754	3	0	48	0.448598130841
0.156659337983	0.0286298568507	59	755	3	0	48	0.448598130841
0.156718744498	0.0286298568507	59	756	3	0	48	0.448598130841
0.157162879122	0.0286298568507	59	757	3	0	48	0.448598130841
0.157238239906	0.0286298568507	59	758	3	0	48	0.448598130841
0.157305766216	0.0286298568507	59	759	3	0	48	0.448598130841
0.157466487197	0.0286298568507	59	760	3	0	48	0.448598130841
0.157678585983	0.0306748466258	60	760	3	0	48	0.444444444444
0.157839567232	0.0306748466258	60	761	3	0	48	0.444444444444
0.1578721157	0.0327198364008	61	761	3	0	48	0.440366972477
0.158147042564	0.0327198364008	61	762	3	0	48	0.440366972477
0.158245299426	0.0327198364008	61	763	3	0	48	0.440366972477
0.158488800612	0.0327198364008	61	764	3	0	48	0.440366972477
0.158495082253	0.0306748466258	61	765	3	0	49	0.445454545455
0.158636294906	0.0306748466258	61	766	3	0	49	0.445454545455
0.158680313321	0.0286298568507	61	767	3	0	50	0.45045045045
0.158765968796	0.0286298568507	61	768	3	0	50	0.45045045045
0.158773297037	0.0286298568507	61	769	3	0	50	0.45045045045
0.158916214603	0.0286298568507	61	770	3	0	50	0.45045045045
0.159056491542	0.0286298568507	61	771	3	0	50	0.45045045045
0.159191605003	0.0286298568507	61	772	3	0	50	0.45045045045
0.159194000485	0.0286298568507	61	773	3	0	50	0.45045045045
0.159242171982	0.0286298568507	61	774	3	0	50	0.45045045045
0.159573728002	0.0286298568507	61	775	3	0	50	0.45045045045
0.159946747934	0.0286298568507	61	776	3	0	50	0.45045045045
0.159987978466	0.0286298568507	61	777	3	0	50	0.45045045045
0.16013791381	0.0265848670757	61	778	3	0	51	0.455357142857
0.160619034837	0.0265848670757	61	779	3	0	51	0.455357142857
0.161279353295	0.0265848670757	61	780	3	0	51	0.455357142857
0.161486982659	0.0265848670757	61	781	3	0	51	0.455357142857
0.161674677204	0.0265848670757	61	782	3	0	51	0.455357142857
0.162414956611	0.0265848670757	61	783	3	0	51	0.455357142857
0.162654062985	0.0265848670757	61	784	3	0	51	0.455357142857
0.162743811234	0.0265848670757	61	785	3	0	51	0.455357142857
0.163053226831	0.0265848670757	61	786	3	0	51	0.455357142857
0.163130807641	0.0265848670757	61	787	3	0	51	0.455357142857
0.163145535829	0.0265848670757	61	788	3	0	51	0.455357142857
0.163216437317	0.0265848670757	61	789	3	0	51	0.455357142857
0.163538731154	0.0265848670757	61	790	3	0	51	0.455357142857
0.163603587619	0.0286298568507	62	790	3	0	51	0.451327433628
0.163980347602	0.0286298568507	62	791	3	0	51	0.451327433628
0.16414877325	0.0286298568507	62	792	3	0	51	0.451327433628
0.164178076861	0.0286298568507	62	793	3	0	51	0.451327433628
0.164206171485	0.0286298568507	62	794	3	0	51	0.451327433628
0.164239756583	0.0286298568507	62	795	3	0	51	0.451327433628
0.164311377627	0.0286298568507	62	796	3	0	51	0.451327433628
0.164438942958	0.0286298568507	62	797	3	0	51	0.451327433628
0.16448131057	0.0286298568507	62	798	3	0	51	0.451327433628
0.16476471447	0.0286298568507	62	799	3	0	51	0.451327433628
0.165341116702	0.0286298568507	62	800	3	0	51	0.451327433628
0.16572927164	0.0286298568507	62	801	3	0	51	0.451327433628
0.165923686585	0.0286298568507	62	802	3	0	51	0.451327433628
0.166240917325	0.0286298568507	62	803	3	0	51	0.451327433628
0.166603604552	0.0286298568507	62	804	3	0	51	0.451327433628
0.166765517411	0.0286298568507	62	805	3	0	51	0.451327433628
0.167013346039	0.0286298568507	62	806	3	0	51	0.451327433628
0.167039619588	0.0286298568507	62	807	3	0	51	0.451327433628
0.16718257494	0.0286298568507	62	808	3	0	51	0.451327433628
0.167285834718	0.0286298568507	62	809	3	0	51	0.451327433628
0.167867093982	0.0286298568507	62	810	3	0	51	0.451327433628
0.168042492784	0.0265848670757	62	811	3	0	52	0.456140350877
0.168871277938	0.0265848670757	62	812	3	0	52	0.456140350877
0.168879565073	0.0265848670757	62	813	3	0	52	0.456140350877
0.168900716552	0.0265848670757	62	814	3	0	52	0.456140350877
0.168955653557	0.0265848670757	62	815	3	0	52	0.456140350877
0.169260647562	0.0265848670757	62	816	3	0	52	0.456140350877
0.169384227692	0.0265848670757	62	817	3	0	52	0.456140350877
0.169437604317	0.0286298568507	63	817	3	0	52	0.452173913043
0.169569042592	0.0306748466258	64	817	3	0	52	0.448275862069
0.170076618403	0.0306748466258	64	818	3	0	52	0.448275862069
0.170479218366	0.0306748466258	64	819	3	0	52	0.448275862069
0.17050420777	0.0306748466258	64	820	3	0	52	0.448275862069
0.170675259458	0.0286298568507	64	821	3	0	53	0.452991452991
0.171453171007	0.0286298568507	64	822	3	0	53	0.452991452991
0.17166692218	0.0286298568507	64	823	3	0	53	0.452991452991
0.172047539607	0.0306748466258	65	823	3	0	53	0.449152542373
0.172107227376	0.0306748466258	65	824	3	0	53	0.449152542373
0.172119586443	0.0306748466258	65	825	3	0	53	0.449152542373
0.172412008391	0.0306748466258	65	826	3	0	53	0.449152542373
0.172428536463	0.0306748466258	65	827	3	0	53	0.449152542373
0.172446419259	0.0306748466258	65	828	3	0	53	0.449152542373
0.172605690154	0.0306748466258	65	829	3	0	53	0.449152542373
0.172722258563	0.0306748466258	65	830	3	0	53	0.449152542373
0.172836302772	0.0306748466258	65	831	3	0	53	0.449152542373
0.173293525916	0.0306748466258	65	832	3	0	53	0.449152542373
0.173438208131	0.0306748466258	65	833	3	0	53	0.449152542373
0.173530671695	0.0306748466258	65	834	3	0	53	0.449152542373
0.173588849023	0.0306748466258	65	835	3	0	53	0.449152542373
0.17368491636	0.0306748466258	65	836	3	0	53	0.449152542373
0.173741037078	0.0306748466258	65	837	3	0	53	0.449152542373
0.174016150003	0.0306748466258	65	838	3	0	53	0.449152542373
0.174090011928	0.0306748466258	65	839	3	0	53	0.449152542373
0.174138142473	0.0306748466258	65	840	3	0	53	0.449152542373
0.174272542473	0.0306748466258	65	841	3	0	53	0.449152542373
0.174756278697	0.0265848670757	65	842	3	0	55	0.458333333333
0.175144751001	0.0265848670757	65	843	3	0	55	0.458333333333
0.175468479152	0.0265848670757	65	844	3	0	55	0.458333333333
0.175703227495	0.0265848670757	65	845	3	0	55	0.458333333333
0.175758195768	0.0265848670757	65	846	3	0	55	0.458333333333
0.175868802166	0.0265848670757	65	847	3	0	55	0.458333333333
0.176033715212	0.0265848670757	65	848	3	0	55	0.458333333333
0.176204209089	0.0286298568507	66	848	3	0	55	0.454545454545
0.176357139086	0.0286298568507	66	849	3	0	55	0.454545454545
0.177163169564	0.0286298568507	66	850	3	0	55	0.454545454545
0.177555684458	0.0286298568507	66	851	3	0	55	0.454545454545
0.177914979882	0.0286298568507	66	852	3	0	55	0.454545454545
0.177935132398	0.0286298568507	66	853	3	0	55	0.454545454545
0.178268210048	0.0286298568507	66	854	3	0	55	0.454545454545
0.17826967583	0.0306748466258	67	854	3	0	55	0.450819672131
0.178545694027	0.0306748466258	67	855	3	0	55	0.450819672131
0.178831990608	0.0306748466258	67	856	3	0	55	0.450819672131
0.179073034632	0.0306748466258	67	857	3	0	55	0.450819672131
0.179128567592	0.0306748466258	67	858	3	0	55	0.450819672131
0.17948239194	0.0327198364008	68	858	3	0	55	0.447154471545
0.179753637401	0.0327198364008	68	859	3	0	55	0.447154471545
0.179887584583	0.0327198364008	68	860	3	0	55	0.447154471545
0.179910482093	0.0327198364008	68	861	3	0	55	0.447154471545
0.180002628217	0.0347648261759	69	861	3	0	55	0.443548387097
0.180151567851	0.0347648261759	69	862	3	0	55	0.443548387097
0.180170877353	0.0347648261759	69	863	3	0	55	0.443548387097
0.180408982684	0.0347648261759	69	864	3	0	55	0.443548387097
0.180750227608	0.0347648261759	69	865	3	0	55	0.443548387097
0.181066923326	0.0347648261759	69	866	3	0	55	0.443548387097
0.181263145122	0.0347648261759	69	867	3	0	55	0.443548387097
0.181277999476	0.0347648261759	69	868	3	0	55	0.443548387097
0.181335051691	0.0347648261759	69	869	3	0	55	0.443548387097
0.181591628456	0.0347648261759	69	870	3	0	55	0.443548387097
0.181931096421	0.0368098159509	70	870	3	0	55	0.44
0.182065151962	0.0368098159509	70	871	3	0	55	0.44
0.182583063211	0.0368098159509	70	872	3	0	55	0.44
0.18291886082	0.0368098159509	70	873	3	0	55	0.44
0.182923792712	0.0327198364008	70	874	3	0	57	0.448818897638
0.183036797371	0.0327198364008	70	875	3	0	57	0.448818897638
0.183160844286	0.0306748466258	70	876	3	0	58	0.453125
0.183501880248	0.0306748466258	70	877	3	0	58	0.453125
0.183682425646	0.0286298568507	70	878	3	0	59	0.457364341085
0.183786243869	0.0286298568507	70	879	3	0	59	0.457364341085
0.184116840206	0.0286298568507	70	880	3	0	59	0.457364341085
0.184481329342	0.0286298568507	70	881	3	0	59	0.457364341085
0.184575353865	0.0286298568507	70	882	3	0	59	0.457364341085
0.184926198497	0.0265848670757	70	883	3	0	60	0.461538461538
0.184976441233	0.0265848670757	70	884	3	0	60	0.461538461538
0.185018926686	0.0265848670757	70	885	3	0	60	0.461538461538
0.185225232359	0.0265848670757	70	886	3	0	60	0.461538461538
0.185347064003	0.0265848670757	70	887	3	0	60	0.461538461538
0.185755412742	0.0245398773006	70	888	3	0	61	0.465648854962
0.186568934864	0.0245398773006	70	889	3	0	61	0.465648854962
0.186583710729	0.0245398773006	70	890	3	0	61	0.465648854962
0.186697739751	0.0245398773006	70	891	3	0	61	0.465648854962
0.187152481948	0.0245398773006	70	892	3	0	61	0.465648854962
0.187285506009	0.0245398773006	70	893	3	0	61	0.465648854962
0.18770894071	0.0245398773006	70	894	3	0	61	0.465648854962
0.187761965018	0.0265848670757	71	894	3	0	61	0.462121212121
0.187774470749	0.0265848670757	71	895	3	0	61	0.462121212121
0.187835740955	0.0265848670757	71	896	3	0	61	0.462121212121
0.188160881321	0.0265848670757	71	897	3	0	61	0.462121212121
0.188188100515	0.0265848670757	71	898	3	0	61	0.462121212121
0.188258727138	0.0265848670757	71	899	3	0	61	0.462121212121
0.188461852698	0.0265848670757	71	900	3	0	61	0.462121212121
0.188819282097	0.0286298568507	72	900	3	0	61	0.458646616541
0.188844318053	0.0286298568507	72	901	3	0	61	0.458646616541
0.188995034665	0.0286298568507	72	902	3	0	61	0.458646616541
0.189053081566	0.0286298568507	72	903	3	0	61	0.458646616541
0.189195053375	0.0286298568507	72	904	3	0	61	0.458646616541
0.19012958879	0.0265848670757	72	905	3	0	62	0.462686567164
0.190370362308	0.0265848670757	72	906	3	0	62	0.462686567164
0.190585880156	0.0265848670757	72	907	3	0	62	0.462686567164
0.190637181954	0.0265848670757	72	908	3	0	62	0.462686567164
0.190871326655	0.0265848670757	72	909	3	0	62	0.462686567164
0.191262381456	0.0265848670757	72	910	3	0	62	0.462686567164
0.191681283837	0.0265848670757	72	911	3	0	62	0.462686567164
0.191705416372	0.0265848670757	72	912	3	0	62	0.462686567164
0.19197588226	0.0265848670757	72	913	3	0	62	0.462686567164
0.191990232288	0.0265848670757	72	914	3	0	62	0.462686567164
0.192183667064	0.0265848670757	72	915	3	0	62	0.462686567164
0.192641325176	0.0265848670757	72	916	3	0	62	0.462686567164
0.192711340635	0.0265848670757	72	917	3	0	62	0.462686567164
0.192716121672	0.0265848670757	72	918	3	0	62	0.462686567164
0.192881621205	0.0265848670757	72	919	3	0	62	0.462686567164
0.193476936228	0.0265848670757	72	920	3	0	62	0.462686567164
0.193737865383	0.0265848670757	72	921	3	0	62	0.462686567164
0.193980222493	0.0265848670757	72	922	3	0	62	0.462686567164
0.194602017284	0.0265848670757	72	923	3	0	62	0.462686567164
0.194774556269	0.0265848670757	72	924	3	0	62	0.462686567164
0.194821405208	0.0265848670757	72	925	3	0	62	0.462686567164
0.195002497048	0.0245398773006	72	926	3	0	63	0.466666666667
0.195047233567	0.0245398773006	72	927	3	0	63	0.466666666667
0.195096212168	0.0245398773006	72	928	3	0	63	0.466666666667
0.195280766351	0.0245398773006	72	929	3	0	63	0.466666666667
0.195829883246	0.0245398773006	72	930	3	0	63	0.466666666667
0.196327914468	0.0245398773006	72	931	3	0	63	0.466666666667
0.196462209793	0.0245398773006	72	932	3	0	63	0.466666666667
0.196595588568	0.0245398773006	72	933	3	0	63	0.466666666667
0.196868492533	0.0245398773006	72	934	3	0	63	0.466666666667
0.197001462735	0.0245398773006	72	935	3	0	63	0.466666666667
0.197175749099	0.0245398773006	72	936	3	0	63	0.466666666667
0.197701189143	0.0245398773006	72	937	3	0	63	0.466666666667
0.197718234707	0.0245398773006	72	938	3	0	63	0.466666666667
0.197801585105	0.0245398773006	72	939	3	0	63	0.466666666667
0.197939383219	0.0245398773006	72	940	3	0	63	0.466666666667
0.198110872795	0.0245398773006	72	941	3	0	63	0.466666666667
0.198363710773	0.0245398773006	72	942	3	0	63	0.466666666667
0.198471931931	0.0245398773006	72	943	3	0	63	0.466666666667
0.198527752914	0.0245398773006	72	944	3	0	63	0.466666666667
0.198931902718	0.0245398773006	72	945	3	0	63	0.466666666667
0.199011844903	0.0245398773006	72	946	3	0	63	0.466666666667
0.199020414485	0.0245398773006	72	947	3	0	63	0.466666666667
0.19917480834	0.0245398773006	72	948	3	0	63	0.466666666667
0.199247829574	0.0245398773006	72	949	3	0	63	0.466666666667
0.19946101805	0.0245398773006	72	950	3	0	63	0.466666666667
0.199727115876	0.0245398773006	72	951	3	0	63	0.466666666667
0.199859854248	0.0245398773006	72	952	3	0	63	0.466666666667
0.200862895162	0.0245398773006	72	953	3	0	63	0.466666666667
0.201327604948	0.0245398773006	72	954	3	0	63	0.466666666667
0.201581491868	0.0245398773006	72	955	3	0	63	0.466666666667
0.202335649545	0.0245398773006	72	956	3	0	63	0.466666666667
0.202403488388	0.0245398773006	72	957	3	0	63	0.466666666667
0.202457862112	0.0245398773006	72	958	3	0	63	0.466666666667
0.202527147113	0.0245398773006	72	959	3	0	63	0.466666666667
0.202571918351	0.0245398773006	72	960	3	0	63	0.466666666667
0.202571983153	0.0245398773006	72	961	3	0	63	0.466666666667
0.203059271761	0.0224948875256	72	962	3	0	64	0.470588235294
0.203060359393	0.0224948875256	72	963	3	0	64	0.470588235294
0.203624696824	0.0224948875256	72	964	3	0	64	0.470588235294
0.203675190878	0.0224948875256	72	965	3	0	64	0.470588235294
0.20403829477	0.0224948875256	72	966	3	0	64	0.470588235294
0.204333793165	0.0224948875256	72	967	3	0	64	0.470588235294
0.204594531146	0.0224948875256	72	968	3	0	64	0.470588235294
0.205111492529	0.0224948875256	72	969	3	0	64	0.470588235294
0.205184801961	0.0224948875256	72	970	3	0	64	0.470588235294
0.205248589957	0.0224948875256	72	971	3	0	64	0.470588235294
0.205379484635	0.0204498977505	72	972	3	0	65	0.474452554745
0.205708900251	0.0204498977505	72	973	3	0	65	0.474452554745
0.205795210142	0.0204498977505	72	974	3	0	65	0.474452554745
0.20587321072	0.0204498977505	72	975	3	0	65	0.474452554745
0.20587588377	0.0204498977505	72	976	3	0	65	0.474452554745
0.206227326916	0.0204498977505	72	977	3	0	65	0.474452554745
0.206649689903	0.0204498977505	72	978	3	0	65	0.474452554745
0.206710365312	0.0204498977505	72	979	3	0	65	0.474452554745
0.206724245643	0.0204498977505	72	980	3	0	65	0.474452554745
0.206860666755	0.0204498977505	72	981	3	0	65	0.474452554745
0.207409869341	0.0204498977505	72	982	3	0	65	0.474452554745
0.207490138655	0.0184049079755	72	983	3	0	66	0.478260869565
0.207490997793	0.0184049079755	72	984	3	0	66	0.478260869565
0.208079697184	0.0184049079755	72	985	3	0	66	0.478260869565
0.208271833362	0.0184049079755	72	986	3	0	66	0.478260869565
0.208283037926	0.0204498977505	73	986	3	0	66	0.474820143885
0.208411518355	0.0204498977505	73	987	3	0	66	0.474820143885
0.208520733298	0.0204498977505	73	988	3	0	66	0.474820143885
0.208855155888	0.0204498977505	73	989	3	0	66	0.474820143885
0.209096926194	0.0204498977505	73	990	3	0	66	0.474820143885
