cnumpy.random
__RandomState_ctor
p1
(tRp2
(S'MT19937'
p3
cnumpy.core.multiarray
_reconstruct
p4
(cnumpy
ndarray
p5
(I0
tS'b'
tRp6
(I1
(I624
tcnumpy
dtype
p7
(S'u4'
I0
I1
tRp8
(I3
S'<'
NNNI-1
I-1
I0
tbI00
S'>jU\xd0\xd9~\xf5\xc2\xcf\xa3\xdee\xab\xf55y\xbb\xb2l,\xddT\xe4\xe6\x1d\xc2\xa6\xc4&\x95\xe9>\xd2?\xe92\xc7\xe4\xbb\x02g\xaa\x01\x0e\xfc\x15\xd3g\x86\xab\xd7\x86\xd6\xf1\xf1\xbb\x18\x08\x8b\x99z\xbb\\\x10\x1f\xfd\xf3-\xd7\xf4o\xfeN5\xf23$1\xd2\xda\xea?\xc9<\xd9\x8dL\x1d\xe9\x1f= C\xf6\xfd\x80\xa4\xa2\xeaJ\xd5\xf5\n.b\x19\x03\xf2+\'g\x02\xcee\x9dq\xf8\xb9\x7fy\x9c\x8ao\x98\x7f;\xa8\xa0\x03\x0b~\xa4\x9f[\xb10\xee\x15\x86\xe4\xd3=!vR:\xf2\x19\xf7w\r,\xb7ug\x1a\xc5\xc8\x94L\xc2\xed|M\xd0\xd5\xf5\xbbj\xd7\xfc\x1b\xdb\xf2\xac.\x13gwe{\x80\x89\x9a\t\xd1\rn\xb0y\xbb2\x06\xb9h\x18\x81\xed}\xc3\xd4\x9d\xb8\x89\x1bi\x18\x19.3\xa6n\xbc\x97N\x82\xf1\xeei\x90\x1e\xe1U,?\xcd\xe8\x1d\xb0\x1b0\xc0\x1dxX\xdb\xf5\x97\x0f\x1a\xfa\xd8\xfe\xb3?\x11\x0f\x14\x93\x87Z[1\xe3`\xa5\xef\xf5\xc6\x11\xc4\xb5[\xf3\xad>!\xf6\xeb\x90=\xf1\xb2\xaf\xba\xfd\xb9\xec\x1f\xb3w\xeb\xec\xb3\xe3_\xe7\xa5\xe7\xae\r\x9c|\xa4\xb2\xbb\x9a\xb4\xdc6\xb7\xa2\xb1\x18\x84b\x06\xc1\xe1|%\x10P\xd9\x9c\xef\x19\x87\xe0\x14%:G\xb6\xe4\xfc\x190x\xb7\x8f\xd0\x0c\xb5\xe5\xfe\\\xf2\x99\x1e\xdd[Z\xa9\x94\xc0\x064`>\x08\xb2\xaf\xc8\xf2\xa5+,\xdf\xb8\x1d\xf0\xbd,b\xbec\xfdH\xd6\xf4\xcc\x11\xb8\x7f\x97\xc2\'\x04\x10\x06\xb1\x95\x95\x13J4\xa0\xbb\x9f_\xc8\xb0\x0f7\xb2}\xb5\x8c\xae\xbag@\x10\xc6\x81r`]]\xc2\x16s\x90f\xc8_*o\x954\xd8%\x15\xbb#\xea$\xbe\x9e\xea\x93\x88S\x8d@\xc6u\x84\xd4\x8b\xb4\x1e&BE\x04%\\`\x11\x97j7\x8f\xa3\xdb\x06\xe8\xbd\xd9\x8c\xb2G?\xc7\xcb\x9d\x1bkw;>\xc7b\x02\xc7\xe9\x86^$\x82\xec\xe6\xba\xbf\x8a\xbc\xe7\xc8^%2^B\x196\x13\x0e(\x04D4;\xc1\xb1n\xf0\x80\x8eq\xc1T[\x1d\x13\rA\xc9\x95F\x94\xa1$\x00\x01\xcd\xeb\x05\x9e\xd5H$"\xd5\x1c(\xddTk\xe0\x9e\xa8\xa7\x9e\xff\x14{\xac\xab\x19r\xde\x97i0\x9c\xb8\x12\xb7*\x9d\xa9`\x02m\xe4Y\x88{\xb6\xfed\x16\xc1\xc0\xb5\xe1L\x8aL! \xc2y\x82\xbf\\\xae\x89\xcd5Y\xf4`\xf6g\xbfC\xbaC\x8dM\xe3\xc6\xaf\xb5*\xbcT\xcd\xec~atBI\xa3\x1b:E\xbaB\x06\x0e\xca\x1dv\x87\x9dyEv\x13\x88\x14\xd4\xb4\x87\xb3\x83\x8f\xaf\x82\x84\xfd\x8f\x08;\xf4-\xb94g$\xa5R\x07\x8dh\xe2\x89\xdd\xe9 \xfc?T\xf1\xbe\x19\x80\xa5\xeb4\xc59\x96p\xebz~\xcd{\xb4\xd0^\x0e\x97?i7\xe4{A\x94\xefg\x96W\xc8\xb6\xe3\x9bR\x866\x0c\xf76\x08n\r\xa3~}\x91HR/\xdc!V\r\xfeX\x1c\xb9<\x03\xfe\xceiF\x91I\x02E\xa7\xaecS\x14\xac3\xb9\xbb\xc2-\xaem\x0f\x05ZQ\\\x95\n;\xdeT\x02*\xfc\xfc4\xbc\xbaU\x91\x9b\x8a\x86>\x91\xde\xfb\xe5\xd2\xbd\xbe\xb5T%+\xb9\xd7\xa2\xb2p=p\xebvA\x11\xfaX\xe4\xdb/\x07\xbb\xda\xea\xf3\xd5\x05\x9c81\xb9\xebsf\x9f\x16af\x9f\x1b\x94\xe2\x01\xdc\x7f\r\xbf\x148bJ\xac\xb3\xfe;\xc9nt\xad\x14\xccU\x11G=\xea.j\x99\xe5n\xaa@\xe2\xbd\xf2S\xa0\x98\x9d\x9d\xbc\x1f\xce\xf6\xab:\x00\x11\xf8\xc5\xc2\x87Qe*acixq\xd8\xb0S\x87\x0cq\x08\xd3\xd0\x06\x0c7T\xefZ\xf7\x89\x00\xaccl\x95=\x0e`\xfaH\x8b#;\xcd(\xa7\r\'C`O@ai\xde0\xe0-ry\x8f\x94\xbc\xc0\xfduB\x19z!\xec\x92\x12oH{\x1bp\x04\xca$#Y\x1dQ\xa9\x05Z\xc0v\xd7}\xa3\x8e\xbddm\xc7}\xff|_\'\xa2a\xabC\xec\x16\'M}[\xcaH%{n\x9c\xab\x99I~\xd9\xbft\xfc\xef\xf7Wn\xec\xf4K\xf9\x03\x91\xb3\xf1Bg\xb5\x0e,\x90\xc5\xcbu\xa3j\xeb\xcc\x82\xcd\xa0a\x1c\xdb\xa8\x97/3\x15~\xe7$\xfb\xdc/ET\xeb)\xf9\x1e\x1e\x8ev\x92\xd0\x9a5\xe1\xdb7.\xad\xf1Z\xe4\xb4{1&b\xe2\x91g\xbf\xd3\xfalDw\xce\xc3k2)=\xc0\x83D}]QJ/\x86\x92\x1b\x04t\x04\x86\xe4bY\xd2dk\xb4\xdd\xa6i|X@)\xd3\xe0\xcb\x05\xdf\x0f\x8b\xf1\xf3Q\x99\x10\xcc(C\x13\xe4\\\x01\nz\xd0\xf1\xfb\xcc.\xed\xf2\xd3-\xf6\xaezRR\xb0\x1cv\x8c~\xab\xb5\xf7\xec\x12\x07V\xec\x05\xcc)}\x83\x9c\xdd\x8f\xa7\x0f\xc8\xcfv\xa4\x9e\xff\xd4"}\x01\xb9\xa9\xf3/\xf5Ml\x05bM\x0f\xcf\xea\xba\xd8t\xcf2\xb2\x01\x97\\\xf3\xc6\x07T\xa69\x04\xa4Xs\xa8\x83\x12C\xeb\xd3I\xce\xaez\x86\xab\xac\t\xac\x82\xf4\xf5\xb3c\xa7\xf4Q,\\<\xb1,\xcc\xaa\x80I=r`>}\xcd\xd9V\x8c\xdf\xd5\x0e\xdf\xa1\x1f\x8a\x88\x99\\\x06\x8f\xaa\xa8\xa3Q\xb7\xf2\x94\x8a\xe2r\x8bi\x87\x9d\xe7[s\xcd\xa8{\x85\xb8W\x87\xe6z\xc4\xb6\xcc\xd3\xb2W1i\x9cA_\xb5\xcf\xb1\xcbj\xe3\xc2p\x94\x16\xac\xff%\xd5\xfa\xd6\xa4\x93\x7fI$\xcc\xad;+\xc1*4Z\xf2\xb3\xbb\x04MD\x0f\x10\x15\\^\xc5m\xfd\xa4u\x97\x83\x8d\x0cI1\xd0p\xcb\t\x1f&\xfdA\xce\x15\x8b\xf1\x7f\x95`\xce\xbd\xf0\x17N\xb9\xe7ZK\xee\xe0\xe8\xb5\x9f3\xa2T!\xf3R\xb33\xd1>\xbc\xb0B\r?\x84\t\xbc\xe8\x95P\x13<\xb4\x9a\xbf\x8eez\x9d\xfc\x14\x06\x0f\xd0\xb6\xa8wj\xa7g\x07\'4MePT!\x0b\tO\xa5>\xe5\xc5D\xe7\xbbxJ\xd4\xd0a\xa8\x03/\x91/\'\xb8\x0e:S\xa3\xcb8($\x18U\xe9\x82\\Y\xe6k.M\xbb\xe6\xed\x96\x18\xec\xb7\xcc>J\xb8\xb2/\xda\xe6\xebG\x16\x0f\xf4\xbc\xebh>\xcb.\xdc\x9a\xfan\xb8\xd2\x9eG\xd8\xbfP\xc6\xe3\xaf C\xec\x18\xd2\xe2\xdat|\xf6-\x9d}\xfaa/>\x1e\x9e\xfe\xef\x1ew\xf7\xa02\x9c\x95h\xd2\xcfZ}6\x7f\x0f!5E\xe3\x86?B9>\xbb\xacY\x05\xc5f\xea\xc4\xa9f\xc7\xb8\x06\xfdt\x7f\xdd\x99\xe0\x10\x84\x1c<v\xed\x90\x8dS\x9b\xf0\x04\x0c\xd9\x86.\x84\xb9a\xe4\xf0\xa7`\xa9\xf4\x91G-\xd7\xfe\xafUr\x95\xdbL\x1e\x1c\x16\xfd\xc1A}\x86\xd9D\xed`\xf7i\xd1B\xd6\x08\xc6\xb6\xb0K\xf8\xd5\x15\xb2]1NZ\x1f\x9c\xe4\x7f\\\xf5\xe8H\x93\x9b\xf7 FK\xc8\xe6\r\x04TM\xa0\x91"x\xa2\xaf\x9d\xdfj\xa0\x12\xd7)7\xf7\xb6e\x94\xbfZ\x0f\xebT\xedc\t\xe5H\xab;\x1df)\xefc7\xbc\n\xcb\xe1\xa3_\n@\xb6\x84\x10\r\x10\x99\x98\xf0h\xa1\x963>\x9f\xbc\xe5\xe4\x03\x05\x86Q)T\x8a\xc8,\xb2\x8e\x13f\xf8\xd2\xaf\xd3\xda4[\xbd\x04c\xc8\xc7\x17\x04S\x7f\xe2\xbc\xb0"\xe5\xcf#\xa1y\x8a\xa9U\x1c\x0b\xd4w\x84\xc4\x84:\x83\xfb0Q\x8b\xf9\x10B\x83K\xbd\xc4\x12\x15;?\xbf\x11\xd6\xdd\x13\xeb\xe2\xc0\xfe\xda7\x1e\x92\x16\x8c\xb5\x85,\xf30A\x04%Y8\x1bN\x1f\xf6\x8a\xcdh\xa9\x99\x0ezk=\xff\xc2\x8b\x89L\xf5\x99A\xd0\x9c\xd8{\xd1\x115\x98\xaem\xcab\xde\x9ag\xb0U\x150\x00P\x18\xda\x12\xae1D\x82\x1e<M\xb1@\x91Ht\xf5\xc9"9"\xfdxQp\x85ql7\xa6!)\xce\xb2\x15\xe9\r\xb0s\xd2,\x1fq\x92\xe9\x9d$\xc9\x0b\xc5\x96\xad{\xc94S\xb1+m\x874|\x81\x08c@a\xf6C\xa2xsp\xf2V\xfc\x1br\x00\xd7\x18\xb3\x8b\x86\xb6\x98O\x85L\x94\xb5\xce\xf4#*\x1f=b\x89\xb8\xbaP\xa24%D\xdc\x03-\x92\x81\x15^\x98\x0b\'\xa0|#\xfd\x02%\x03\x02nG\x08&\x97\xd7<\xda\xad\xd4\xb1\x86\x1b\xc6e\xef\xe7\x03\xaeX\xa6\xd5\x8d~\xa36=\rh\xb8\xd4GW\xe8\\\x11H!\x9a\xcf\xd7~\xc52\xb5\xeaO\xe4Z\xc0\xd7\xf5\x85\xe7\xbf"r\xc7\x82\xf6p\x10\x1e\xbd\xb5B/NI\xb2\x9aN\xf7\xc1\xc1\x89m\xd6~\xdb\xf2\xf9\x9f,\xc5\xce\xf2\xf0}\x15\x8aU\xaaiMg\xa4\xb1\x84\x96~\xfdcv7S\xd9\xd7\xec\x7f\xf0|\xc9.\xbbb\xe1\'F\x05$\x18\x85\x03\xf7l\x97;g3o\xe5\x01=t]\xb6e\x9fn\xc9\xd5\xb6\xd3\t\xb0\x9ej\x14\x96\x11\x1f\xbf\x93\x1b\x8e!\xf7\xbd\x91\x1b\x96:\x01\x1aJ1)\x8a\xdc\xad\xa5\xc6\xe5c`\x91\xef\xa2(:Zz\x837b\xc7DaY\x06Uu\xec\x19\x8c\xe4Y\xff\x8b\xbdH\xf6\xa0.\xb0\x8eP\x0c\xf3\x97w\x1do\xaa\xb5L&\xf9\xa8[f\x7f8\xe0\xe7%\x12`\xa1\x80Sc\xad\xd8L5\xfb1\x13\xcbw\xf8\x07\x9aq\xd7\xc2\x89\x9e\xda;[x\xb3\xbe\x05\x85\x1a\xdf\xc2\x90\x06\x9b\xf3\x98\xcaQ\xee<\x86\x8b\x90\xfa\x836\x02\xbd\x11)\xae\x0b\x18\n\x00C\xdf\xbe\x0bdG\xf5\xf3H\\B\x94j\xb8j\x01\xcc%\xc8A\x1byE\xae\xaf\xcb\x84\xc00M\xea\x02\x15\x83k\x11\xfb\xaa\xc5\x18\xaa\xe2\x02cb\x84T\\L\xdd\x1aO]\xa53\xf9n\xcf\xfc \xd0\xafyd|Y\xea}\'Ly\x04\x02\xe7\xf71&\x1c\xfec\xa0Q\xb3\x9f\x10\xa2\xce\x19P\xb0;\x8c\x1b\x17(e\xc7X\xa5\x1f|\x86O\xd9\xc3\xf7\x91\x82\xc80\xd7\x88\xe5\xe32;\x91\'\xeaHi\xb43\xd5K\xe9\x82\x19\x9b\x17}\x01\xde\x83\x1a&\xe2\x026\xabp\xff\x9b\xa4FI\t;\xa8\xbf\xf7[\x99\x8c&\xb4\xc4\xda\xf2)\x1b\x06\xc9C\xe4?&\xd7\xbew\xbf\x88\x9bb\x9e\xd0\xfb\x92\xcfQ\xd4\x9ex\xb9\xa0[\x9bw\xe4\xe6\xd3`*e\x08\x82\xfdQ\x87\x1b\x13\xed\xea\xd9\xcb\'\xe0\xba^\rz\xf2cK\x8a\'\xfa\x1b3A\x86\x98\x9d\xb7\xe6\\\x8d\x19!<\xcc\xf52\xd4\xa7\xc3\x0eg'
tbI624
I0
F0
tb.