cnumpy.random
__RandomState_ctor
p1
(tRp2
(S'MT19937'
p3
cnumpy.core.multiarray
_reconstruct
p4
(cnumpy
ndarray
p5
(I0
tS'b'
tRp6
(I1
(I624
tcnumpy
dtype
p7
(S'u4'
I0
I1
tRp8
(I3
S'<'
NNNI-1
I-1
I0
tbI00
S'\x94K\xfa\xa4\x14V\x9a\x93I\x9f1b\xc8\xbc\xa4[\xac\x83\rj\xc9\x9a?V\xca\x8b\xd3\xdbB\xc9W\x84\x90\xf4\x0fJn\xcct\xe2\xbfS$\x9d!U}\xe8\xfe>\xf6\x16*\x87\xd2\x9d]GEw\\\xd8\xe2\x9dp\xf5yy\xaf\x92\x1aQ\xbd\x93\xe4\xac7\xa8\xec7\xfa>\xf0\xcb\xde\x90\x11|_\x99<\x96\r\xd4+\x9e\xec\x9b/\xb5a\xf0\x97V\xd5\x13:\xcaw\xc6z\xf9\xcd\x02kKQ`4\xcf\xc5\xb1\xd8\x82\x12\xa1\xd5> }\x07)p1N\x80\x97T\x8d\x81Se\xe5\x1c[\xd0\x9f\x80\x02\xa6\x8d\xae\xfe\x86\x17YqZy\xa2\xa0H?t\xe5\xb8\x97\xa3\x03x\xb9\xa6\xb0\xb93\x1e\x9d\xc9M\xa1.tf\x1a\x1ey71\xb9\x9d\xfc\xf3\xc0\x8a<\x07\x1f\x98\xc4\x86\xd90\xbdT@\xc1\x9e\xdd\x94T\x1b\x9b`\x85\x0c\xbb\xc4e\x1d\xa8!"\x848\xa9\xa1\xe9Lg8v\\\x16\x15\x01\x94\xe26\xbb\xb4\x96\x87\xd3\xa1\xcf\xb3T4\xfa\xe9\xc9S\x91\x9e\xc5\xf8\x9a\x07\xe3_\xcen\xf5\xeb\xf5\x067\xc9f\xe0Gfz\xc0K\xbd\xf5\xbb)\'\x1c\xfd\xb1@\xad\x93t\x9eh\x14JV\xa6\xb4^\xdf\x8a\xeb\xdd\x83t~\x80\nN\x18\tpC\xf1S~\x9d\x95\xf2<\x9e\xc1\xeb_\x95O\xfc\x94\xec\x02\xde<v\xe3\xdcVi\x8e\xe1\xb6\xb8\x1a/?\x12\xbb\x02\xf2\x9d\xbav/\x85\x99r~\x8d,F\xff\x98\x97zi~>\xdfRS\x03]\x8a+>\x1aWr`9\xce$\xe0KVty\xa9\x1b\xfe#Y\xde\xd0P{,\x03\xf7\xba\xcc2\xfe\xfd\x1f\xd4\x1d.;glM\xf7m\xb65\x82I\xbe\x17\x1b\xdaJ?\xd0\xc6\x05\xb7\x10b\x86\x987O\xe6\xea\x1b\x89H\rL<\xf5\xec-\xa1\\O\x1fR\x03C\xc25H)=#\x0br\x0c@\xd0\xe7Q\x8f\xf1\xad\x10WF\xdc\xbf\x07\xbd\xac\xf0\xd6\xdba8J\x1f\xd2\x95,\xb7\xbf\x00D2\x14N\xdb\xd8\x01\xe0f\x97\xc6\xb1=j^j\x85\xc3\\C\xc1\x83^hn\xcb\xe79\x1c\xb3\'\xc0\x02]\xe02\xb5X\x80\x8c\x93\xa9\x9bI\x97\x07Z7%\xc8KX\xa9av\xd5\xd4.s\xc0\x06\x11\xab\xc8\xec\xa8\x8d(\x17\xa9o\x88\xedZ\x96\xed\x90\xa4\xa6H\xfcJA\x0f<\n\xc4\xacE\xd5VQ6\x1e}\x17\x15CcN\xc9I6\xdd\xd1;\x19]\xa7#\xa5\x97 2<\xca\xb8\xd9\x8a,\xd5\xd8a\xb6\xb7\x13DJ\x13\xcd\xb8;\xe3\x8d\xee\x85\t\x1a\x80p>=\x14\xd3\x1aw\x80<\xeb\xab\xe2\xf3\xc6\xb2\xb8\xd9\xd1k\x8e\x99V&i\xed9\x04C\xad\x1dk8\x1b3\xce\xa2\xcb\x87X\xa2?X\xf0\x19P?\xdd\x14\xc7\xdb\xc2\xe7-\xdb!gjR\xb6\x14\xf4\x8dY\xc5zD`\xc0O\xf3\xfb\xaaS\x18\xc1\xa1\xc2\xa6\xc9\xb0\xffv\xab\xbd\xd6\xc3\x85\x88\xe81\xc3\xf4\xc5\x97\x19MF\xba\xa63\x9b\xf9lD\xbcs\xd7\xd3\x00\xa5d\x1bG\x13\xb7\xbe\xbba\xc23,Q\x9as\xc5\x0c\x9bZ&\xfc\x97\x0e\x91\xa1\xc1\xe4\xb3\xa7\x04\xce=\x85\xa9\xb0\xe5\\\xfa\x04!\xcd\xd5(\x10Z\xb8\xfb\x9f\xe1`"\xbe\x94\x14d\xcb\xa9\x93{Q\xc1\xe8\xdb\xd5l\xca\xad \xc1\xb9\x93\x10\x96\xa7\x16\xbc8h\x8e\xbaz\xb0\xe3\x05\xd7\xf3\x1f\x0f\x99\xa1\xe2\xef T\x86Z%&)\xe8Z\x15\xb7\x1e\x19\xd0Y\x8c\x17\xd5\x99\\\x08\xaa#\x87\x8dp\xbe\xf9;\x12\x1f\x91_\x96\xc2\x17z\x9c=\xdc\xd5\xab\xa8\x19\xe7D\x97&"\x04\xba\x10I\x86i1VO-Ay\x92\xd8\xd3\xb6\xb3\x99\xb71k\x1ds\x89\xbcx\x08\x1f\x8d\x13\x9eP\xb88\xb9\xd2\x19\xab\x82\x01\xc5\xdf\xabP\x13\xeb,\xdc\x8c\xd5\x15\x89R\xaf\xd9\x1c\xb9377\r\x89L\x8a\xdd8\xd0\x9b\xb1\xaa\xc3\xec\x92\xee_s\xf1\x0c\xe4L3!\xfe\x07\xcd\t\xe5\x10\xdc0\xcciQ&\x04u\xa1\xc1,m\xc9\xac_[\xe0]\xd1\xbf\xc8~\xe9\xe7\xfe\xd9\x91\xd2c\xf8\x1fu\x8e\xf0\'\xdc2\xf7\xcb\xba\x0e\xd9\x92Iu(\xc3d\x7f\x0b\xa5\xbc\x90\xa0C\xe3\x15\x1b2\xb2\xb1`\xe5\xcb\xa7l\x8dmU\x9c\xf2\x1e\x87\xee5C\xca\xe7\xee\x15\x0cI\xfa!\x82CA\xe0\x94\xcb\xaa\x9c\xdf\xef\xfeRZ\xd4\xf6B\xe8\r\xfa\x8c\xbdF\xff\xc7\x86x\xf9\xcc\x9d\x9e\xbb\xc9_\x96\xb3\x15n\xb1\xb8\xc7\xcaCb=\xf0\x94\x0fD\x07\xabg\xa0\x1d\xb6@w\xfd\xae\x14\xda\'T\xf9\x97\xcf%S\xa5\xe4\xdd\x14\xba\x92z1\xa4.6G\xe1\x99\x1f\x1ba\x19\xeb\x11S+R)K\xf8\x9d\xee\x11\x92}\x04\x07\xd8\x91\xc7\xf8\xb4\xaaPy\xd2T2-\x95\x12\x11\x9f\xffW\xb0\x88r`\xce1\xcbw1\xa8\x91\xc6\x0b\xbaH\xb2@\x01TEE\x15\x97C\xe8x\x86g\xd7\xc0(\x80\x03K0\xac\xd3[L\x9e\xba\xcf*z=\x00\x96\x16\x90\xd8\xef@\xc5\x04\xe9\x9f+\xf0\xf3\xfb\xf2\xe3\xbb\xdfn\x1e[\xe2b\xe5\x1c\xea\xe2\xb8\xa4\xb8\xcbFvJ5\x95\x1fhp&\x1f2\x18\xd9\x11=\xd4{q\xf1\xba\x92\x88Q\xb5\xcc\x10]\xe8\x8e\x8c\xfb\xf1*[\x99\xcd\xa2\x91\x8e\x02\x95\xd4\xee\x01jl\xc8\xa0\x1e\x0bb\xa3\xd0\xb9\xc7;w9\xdd\xf2\x11\xbag\xff\xa9\xc8\xe4\x0e\xbdLJ\xb49\xfeB\nLV\xb3\x1e"\xbc\x8d\xbd\xbb\xe8\xbc\xb3\rf7\x9fF\xb2\xb3e\xc0C\xe0\x03\x11\x92G\xe3:\xe6I\xab\x14\x05\xc2\xa4i\x11\xb8\xac_\xc0\xa0Cd7\xbf\xaf\xc3j3_+ c\x8b\x96\xc4\xea\xddv4\xca\x91\n\xf7\x08!\x9f\x88v\x92\x1d\xee\xd4\xf5\xa3&\x06\xadE\xe3\xd7AP\xcf\x1c\xb3eL\xebE@\x91\xf3\xfd\xc6i\xd9)\xce\xed\x0c\xberd\x1b\xf9bo\xd1\x13\x87\x1c9\x8e\xa0\xb9\x13f\xf6\'\xe1\xdc\x1b\x9e\x99,\x8e\x9f\x1c\xd5\xd6g+\x97\xde.\x18\xb1\xbc\x1e\xdc\x92\xc4`\x982\xfd\xa4\xacw\xbd\x95\xb1y\xb2*I\x9fg{\xfcW\x03vt6O\x08\xca)\xa1\xf0Q\xc3\x99S}y\xda5{@A\xbc\xe7\x96DH\x19\xe8\xe4\xd8\x88\xf3P)\xc2\xb0\xb6tm\x88\x16\xf7\xd4\x92`i\xa0\xb0\x11\xa0\xe9\x81\x1e\x95\xa5I\xc6A\x055\xc7\x059\xd61:\xea\x9eIi\xe6\xa2\x8a\xb0\x88\x91H|\xbe\xe8Y;\xfb\xb6!\xce\x00\x0e\x03\x0b\xbc\xb7;\xd4\xc9\xa9\x93}-d\x19%\xa9\'\xd1}\xd7\xb3\xa1\xb4\x9d\xbb\r\xc4\xe7=v\x188\xc4\x8c\xeeO^\xf5\xe4\r[b\x8c\xec}1R\x9c\xd6\x94\x13\xfe\xf7x\xd0\xd41xF:\x81\x07\xa3\xd0\\\x9b\xb2\xb7\xc0\x9e\x80w\xc4\x14R`n\x15\xbe\r\x8b\xb2]\x9d\xf8\xcbmw0\xbf\x14\x89\xd0\x8a)?\xfd7\x97\x1d\x0b\xe8\xa2a\x16zq1M\xe7C\xb0\x9az\x11P\x0c-\xbe^\x140\x15\x86\xccOW.4\x96\xbe^\nTzo\xc5B\xe0\xd8\xe5\x97\x1de\xbaV\x8d\xf2iU\t\x14-\xcc\xe4\xd6\xe1c=\x86)\xa9h\xefS\xc8\xa2\x87\t\x9d\xbc\xdd\x11\xb4\xd4Trk\x1b\xb2\xb7W\x05\x8f\xc13\xe1Vw\x1e\xba\x15\x13\x99\xa9\x94\xea\x19\x0b\n\xd4(\xfd=\xfbH,\xb7&\x8d2\xcd&\n\xb7z\xa7\xad\xc2#+\xed\x80#\x9dz&\xf8\xe3\xfb\xf0\xbeOe\x85\x8er\x14\rtK\x97\x8a7\xc6\xd30\x8e\x9e\x93\xb0-\xb4\x801U\xf4\xe2\xf2\x93\xc0U\xb58\xaf\xe5\xf6\x9d\x85\xe5\xa4t\xe8\xd3a\xe4:\x0e\x0e#6\x95\r \xcf\xcea\xd6\x05/m\xff\xa1l\x95\xfc\'\xce\xe5\xed\xac\xff\xd9\x98\x1a\x01d\xbe\xde\xd5\xed\xa3\xee\xbdX(V\x02\x03H+Wi\xa3pO\xa2/t\xdd\xde\xe0\xb2\xac\xaf\xa96\xf5\xd04\x1aah\xf5^\xf5u\xd2\xe6\xf2$\xc9\x95\x94\x17\xf5\xf7"\x16\x12\xbb\x82\x91:E\xd9\xa4y\x1a\xd5\x1f\xc9\x8f\xde\x7f\xbe\x97\x7f\x18\xfdI9/=\x1flv#9Id\xfc\x96\xbb%\x08\x15\x8bl\x83"\xa7\x9b\x88\x8c\xed\x89{\xbbOr\xd2\xe5\x1b\xbb\x8b\xe9\n\xe0\xec\x94\x19\x07w?\xb6\x16K\x90\xeaD\xe4+\xba\xd6\x81k\xfbo\x91\xf5\xff\x11\xf16\x80\xd1f\xd2\xb8N: \xa3\'\xf6\xb3\x811\xf4c\x05\x95\xa9\xcb\xeeUy\x96@n&\xc8/\x85\x00\xf9T\x9e\x04\x80H\x10\xfe\xe9\xd5\xb0W*\xf7\x03\xe3P\xd2\x93z\xa6\xf0+\xbe\x9e@\x96\x03\x8c\xd1\xe3`M\xb9\x86j,\xd2\x9fR\x15\xbf\xf8\x80\x97\xcfhX\xd6\xff\xf7(\xd2\xb9z\xa5vP(\xa9\xc3\xc9\xf3\xc0U\x1f\x8c\xff\xf7\xb6\x9d[\xfe\x0f\xa0\xba\x12\xca\x1eYn\x12\xb5\xb6T\xc2\xe8\x9a\x94bf\xce\x91q\xd2\xfd\xd9Z\x02\xefr\x99twuU\xb1\xe5"<<M\x0e\x12\x1dt\xdfi\xa6\x98\x0bArB\xe9\x9c\xb8r\xdb\xe0\xa5A\xb96%C\xc5\x0c\x9f\xb6\xebt\xc6N\xc9\x07\x93\xe76\x1f\xfd\x95\xef\xfe\x1e\n+:f\xf7\xd1\xfc\xfd \xe3\xca\xb2\xeb\x9d\x12\x9fW\xd7\xce\x81\x89\x05&\xd8\xb7\xc3-\x15\x12\x98UGe:MI\xc9\x87f}\xb0\xed\x85\xac\'{|\xba\xe7\xbf\x02\x03~\xa2\x8e\xed\xc0-\x04s\x98\xf6x\xd4\x0f\x82\x7f*\x04\x0f\xf3\xc7Sp!\x17\x9e\x82!m?\xd1\x88\xc3\xb1\xf5\x7f\xec\nu\xd4\x00\x95\xd3H\rj\n[q\xf04\x87\xe4s\x0c\xa4&\xf0\xbc\xb0{\xa7\x0c\x12$\x0e\xe0\x13\xffD\x13YX\xec\xff\x14\xfc\xe2\x83HD\xa5\xc7\xb9oe\x82\xd6,)\xb7\x1dd\xf1@Nr\xc0\xaf=\xdc\xcd\xf9N\xee8\x82\t\xaa\xcdXS,\xcc\x95\xf2\x9f\x16C\xee\x13u\x0ek\xdbp\xcf\xbd\x85\xfb4\x04\x97\x95\x10\t-D\nv\xc7z\xbe\x8brs\n\xd2J7\x00\xc5\x0f/\x9f\xdcs\xd6&h\xb2r\xdd|HBa\x88\x94\x18\xc2\tD\x06u\x02\xc6J\x00\xf9\xb1\x96\x99\x01\x16\xcfA\xa0}\x97\xbbQ\xb6\x0fs\x1db\x86I\x9e\xa9\x02\x10\x004\xefN<f\x87^\xd2t\xb2Ks\x9a\xdf.m\x06\xfd\x0b\x82\xf6\x19\x18\x9aS\x07Y\xc8\x15n\xa6#\x0fI\xbe\xda\xaa\x9dr\x0ew\x96w'
tbI624
I0
F0
tb.