cnumpy.random
__RandomState_ctor
p1
(tRp2
(S'MT19937'
p3
cnumpy.core.multiarray
_reconstruct
p4
(cnumpy
ndarray
p5
(I0
tS'b'
tRp6
(I1
(I624
tcnumpy
dtype
p7
(S'u4'
I0
I1
tRp8
(I3
S'<'
NNNI-1
I-1
I0
tbI00
S'\xb5nC\xb7`\x14\x99Y\xb8\x82\xc6\xaf\x19\xe1\xb5\xa7\x0b\xf9\xe2\xf5\xc2\xafuQ\x8e\xe4\xd6\x9a\xc8\x0c\t\xe1i\x9c\\\x0cF\x9ei\t\x0eU\xbd\x1e\x1f\xcd;!g\xf9\x15&\xe0W=w\xe4\xc2\x03i\x88\xea\x1f\xf7 \r\x81\xcf:\x02sT6\xd5-zS\x8bD\xa3\x93]O\xe1\x14l\x19\xa2\xf4|b\xf2H\xabt\x93Ea\xf7+dY\xea\x92\n\x1e\xab\xcev00\x04\xbb\xeeK\x9dY\xa9\xb07!\x1fV-\x13\x18\rm\r\xe4\xb7.K,\xaa\xdb\x1a\xf7\x905o\xb8\xdd+I[L\xf5zc\xbbp\x90R\xe6\xa4\xa4\xc8r,\x98]P\xae\xccRx7\xf3\x97\xc6\xe8\x16s\xc4S8\xdb/\xf1\xca\xca\xbb\x9fy\x89\x92\xc1\xd6#\x8fW\xb6\x02[\x8b\x16\xed\xfa5\xd8\xca.\xc0m\xf0\xe4\x90\xd0\xfc\xf2u\x95\x9b\x8c\x96\xac,o1\xb8*w\xc2k\xcb\xfc\x9c<E\xd8\x16\xc3\x90\t\xder\xdc\xc3\x95\xd7Q\xb8\xe2j36\xc5)\xa0\xd3.\xdd\xb6R\x8eD\x7f\x95_6TH=S\xe0As\xcb@\xee\x15\xc4( \x17h\xcdv\xb6\xaeO\xba\xa6i\xbd\x89\x8c0B\x8ehn\x89\x99\xa08\x81{\x90h5S<b\xd4\xea\xe0\xd7\x8f@.\xbdc\x98\xca\x84\x83,\xaaf\xf9\xc9\xef\xfd9\x89\x04\xbb\x83\xa4b\xbd\xea/\xfe\xe1\x9e\xdf_\xaeLt\xd5\x8e\xe6!\t\xfc\x8f\xf5\xe0\xbd(\xf2\xbfS\xa5h3e\t Sqkg\xc0\x01\x0b\x97\x11\xc3.l\xf0q\xfe\xc5\x03\x98q\xa8\xe3\xe6\xd55?\x9c\xd6F\x9f\xfc\xb3\xccT\xe0\x90\x9a\xa5"\t\xe3@h}\x03\x98w\x91\xab\xfe\x8d\xf0\x18\x9e\x18\xe5\xf2\xa5\x94\xf9z>T\x1eB\xa68=\xf7v\xc8u\x01\xcd6\xf4i\xb4*\xa9\x04\x1d\xf9\x8a\xdb\xb0\xb8\xb3\xd5\xbe@\x9d\xf4\xc3\x80\x92|\xfeY\x8c\xc6~\xa2\\\xd1\xbf\x88\xba^\xea#\x9b\xe4\x1b\xc5\xe7\x1a\xe2\xc8\xb4\x15\\\x8d@\x95\xc7o\xa3\xd7j~S\x15\x16h\x8c\xa0\x8ec\x1d\xff\x16\xe3\x0c\xc3E?\xb0\t\xf46\xd4e6\x05k\tU\x18\xbaZ\x9fI\xc5\xf8\xde6[\xf4\x90\x1d\xf9\xdf\xfa*\x81 \x1c\x86\xb6\x8d\xe5n\'|\xce\x82\xd9{\xc3[\x99\xe8^\xae\xc8\xf9!\xb8\xf5\x9aB\xf4\xac\xbb~\xb9N\xdc[\x91\xbaA\t\x0e\xc4h\xc5t<\x9d0\xeb\xdf{\xa6\xf7\xf0U\xeb\x06^\xe3\x80(\xa8\x1b\x81d\xf3\xaeA\xcf\x8d\xa6\x0cM\x98\x14\xc21\x17\xca$\x98`\xa91_\x9d\nd4\xe3\xda\x12\xeb*A\')\xb6$\n\\j\xb8\xbf\x85\xfe;\x87\x05\x1b \xec\xd6s\x170:\xbf\x0c\xa8\xfa\xe6\x9cE\x96D\xc4n\xcd\xfc\x0f2\xdf;\x7fL{\xa1j7_K\xb5KG\xb5Q\n\x9c7\x17\xb3\xdb\x15\xb3r\x7f\xa3\xceDp\xc4q\x08}0\xe3\x97\xdd\'X\x8c\x8cp\x12\x0b\xf4e8=\xd6e&\xb5\xb3N+\x92\xaa@3\'\xe5\xc0\xf4?\x19\xaac^\xf9\x08o\xcf-4\x9f\x9f\xbd\xa5z\x9d\xea\x8cb\xfb\xf8\x10\xc1\x89\xb4ge\xf4\n|jZ\xfb0\xfbp}"h\xa9@uQ\x84\xb0k\x185e b\xed)\x16$t\x99\xce\x97\x97\xf5\xa7\xf6\xa6\x00E\xed\xea\x10w]\xad*\xa4\'\xb5\xfe\x8a\x01@\x8fV\xebk\x012bq_N\xec\x85l\x1a\x89\xd8\xe2\xd5\xbd\xc1\x9flw\x8b\x10\xba\x81$\xcd\x0e%\n_hL\x14\xd9\xbd7\x14\x8c\xa4r\xc7\x96 \x84\x1f\x12\xded\x01\n\x0e6\x11\xdf\xfa\x00\xf9\xb8\xff9\xb9[\x93&Pf\x01\x96h\rE\x86\xad\xdbC\xe9\xb5\xaf\xbej\xe7\x9d\xfff\x96\xd3e-{\xa9%\xd5\x94\xae\x0e\xf3]\xb9\xcd\xc4u\xc6\xc5\\;\xef\xb2j\r\xdb\x1e5\xb6p\x15\x0e\x04\xb7\xe8/so\x8b^v\xd4\x15\xedq\xff\x99\x11\xc9\x8f\x1f\xc4n\x8bp\xce:"\xce1Q\xb3n\x9f\xda\xebS]\xecG\xc6y\x8c.\xe1\t\x93\x95\xb6!\xb3\x05\x07!\xe1s\x93;F\xf4\xc8\xf3\xbc\xef\x06@\xc5\xa9Id\xc2j\xc3\x89J\xf5t\x1f\x19\xfb\xf1\x0e\x8a\x87\xab\xe4\xba\xf1m\xd5\xca\x8cAp\xb2U\t\xea\x15j\xc8\\\xea\xa05\x8e\xddfY\t$\x1c\xcaiC\x85\xe4\xf75\x9a\xf92?\xf4\t67\x97?\x81\xa1\xe3/\xd2\xccFv\x17G\x80\x0cU4U~\xea7\xae\xb3\xc4:9\t\xd6\xf0\xb2P\xfc\x96\xd3\x1d~\x8c\xc5\xafoR\xd3\x94T\x1b\x90\xc7\x015\xc6\xcc\xdf\xd8S\x0c\x9a\xa1\xee*\xd2\xad\xed=\x1d\xd1\xcb\x86P\xd5\xb7\xaa7\xb4+\xd8\xf9\xf3\t\xd8\xf9\x9d\x9f\xb6J2\xa2\xdb\xd8u(\x1d9\xccEl)\xfa\x17\xbbU}z}N\xfc\xad\xdf5\x0b\xc0\xfb>\x85}\xa2\x14t\xa4\x95\xac\xfb\x83\x0e\xda\x7f1\x9d\xec\xaa\x93\xd7\xd3\x94\xe7\xce\x10S\xda`\xc8\x86<&\x17\xbf\x81\xf3\xaa[\xad&_\xce\xda\x16\xa2\xaa0\xf81\x84\xec\xed\x86\x06\xf0F\xed\xbf\xef1h\x9e\xf5\x08^*$ \xe4\xb3-\xd0]\x86\x0c\xc0w\xbb;\x9f\xbf\x17qIr\xe4\x9c%E\xf8\x1f\xf50\x11R\xafcO\xfc\xf6\x1a\xc8<\xf1x\xf7\xb0\xfd/\xe6\x9f\xe5\xf6\xc5\xc0\x1f\x16W\xcc*I\x91\xadU9\xa8\x0cE\xbf\x1d>\xe1\xd5\xa9\xa7Y\x8c\xe0\x80h\xff\xbf\x1d\xed{?b%\x1c\x96\xad\t\x1b\xe6*\xff\x93\xfbH\xc6m\xde\xe5\xc3\x92\xdf9\xeb\xe9\xf6\xfe\xaf\x9f\xbd?\x91`\x83\x9e3\xe5\xb7\xc3\xfa\xd6\xe7\xe1jz\xb8k\xe6\x16\xa6(\x8f\x00\x1e\xf2A8\x8f\xe4\x08\x10\xb9\x9e\x13\xb6\xe8\xc3]\xf1I\xfbUcPC\x82\x98A\x138\x12K\xf5\xd2u_\xc3\xe76\xc1`[\xe4\xc9\x05sK\xbe\xd6q\xed\x99\xbeT\x1c\xaa\xa8\xb7\xc5\x08r7\xdb\xcf\x9c\xa9 \xd2\x8d\xd8\x1c\xab6A\xb4B\xed\xa5\xef\x0c;G\xcc`.\xea\xb0t\x9e\xf9\x13\x0b\x93\xfb\xb1e\xad\x1eGe\xf4\xe5\xa2\xe3\xf7\x890\xf3\x1d&\x19\xaf\x12\x18\xd4y+\x98\x8f\x1d\x07Q\xc4\x1f8\x1f\x08\x13\xa2B\xc7m\x08\xe2\x11r\xae8\x8ei\x9a\x18\xc67\xab\xb6/T\xfb\t\xaf\xffO#\xb2E\xcb\xe7.\xff\x0e\xd3\xc4f\xab\xb3hE\xa1L\xd9L\xbe\xc2\xa0z\x81\x08\xd9%f\x12\x9e\xac\xb1\xc3Q\x9d\x84\xf2\xf5\x18\x99z\xeb@\x05\xcb\xb9\x8f\x01\x02\x7f\x83\xf6\x11\x14CH\xdd\x0cZ\xa7\xc7\xd4\x0e\xbf\xc7\xd74\xb8\x08\x15\xe62\xe6\xd8z\xd8Q\xd6\xc3\xb2-\x0c\x1a\xd3\'\xb8g\\;JK\xb5\xa7w\x11E\x91 P\xb0\xb6WTm\x90\xd8\xa5H\xba\xe0^07\xdd\x1e\xbbN\x8a:\x96\xf44\x94\x82\xcc\xfeu>\xe5\xcf\xe2\r\x1d@tg\x05\x1b.|\x06\xf2\xce\x9e\xb0\xbfr\x06\x93jb\xfa^\x00\xb0}\x19M\x05m\xfc\xb6\xee\xa9\x114\xe3\xad\xa0\xe7\xa9\xb4\x01\xa7\x06\x86\xe9gl\t\x04-\xa5-Y\xb1J\x17W\xe8\xdas\x18\x82}"@\xa6\x03X\xd6\x89T?\x8f\x11\x07x\x07\xc0\x97T\x91\x1e\x03\x16\xd0\x8d\xe9\x8fY+\x12\xa2\x0c\xe8\x8c\xf5\xf3?\x02\xc6fY:\xec\xd7M\xc2\xfa\x1dzl\x0c\xa1\xfb\x87\xadn\x18\'\xce\xc7yv\xf0\x1eFR\xbfB&7i(8\xfem\xd3\x18\xbc\\xh\xa5\x96\xcfs\x99\x1b\x7f\x95^\xbc\xaf0f\x07\xf8[\x15U\xc9H\xb2\x83\xf2\x17\x10\xe8\x8d\xcf\xcaT\xa0\xb6\x1dt\x05\xe5\xdbW_e\x8aUt\xe5\xda\xae>\x0e\xb9\xa2\xf0\xf6\x83YF0e\xc4\xd9\xe9W\x07\x9d\xbf 6\x89\x96|\x16\x8fW\xe1%M\xf9&\xea&\xfc\x1bY\xbd\xdc\x93;h\xa6\xfed\xff\xab\xdd\xac\xb5\xa4M\xd6\xe4\x05\x85kZR\xbc\x00\xd9N\x9d\xd4\x18\xf4\xec:qp\xf5/\xfd*/\x96\xcc\x00\xff=\xa0Ut\xb6/\xdc\x93\x1f\xb2\xabf\xe7\xf07\xa8e!\x08X\xe1\xc7\xad*\xd1\x91g\xb1\xa7\xc7\xec\x80\xb1\x95\xaf\xe5\xd2\xeb\xcb\xb4\xc4\xc5\x9d\xf5\xb83\xbbx5ZLj\xe8A]t;@\x88\xac\x06=K\x9e\xe1\x16S\x08\x15P\x90R\xd7\xadV\x10\x804{Y\xb03\x96\xed!j\xf9\xfd\xad\xf8\xf1G\xf7~\xa7U\x08\x17c\xfb\x8b \x80\x13\x8e\xc9$F\xbd\x90=N\xd3\xfd)\xa3\xdb\x91\xebl\x88\\\xd1#\x87(\xff\x18E\xbe\xd3\xf0\x05\x16M\x1cT\x07\x0e>>\x18\x08\xfbn\xb5A\xde\xa2R\x89\x9e\xf4m\x17\xf3+\x1fU\x07E(p\x9ac\xfe\x8co\xd4$\xfd1\xd7\x8eS\xe3"5\xb0\xe1\x7fxTJ\x87\x08\x8a\x00m\x19P\x9f\xfd]W\xe7\x05\xcb\xbc\x8eqn\x17\x97f\xec\xc2\xa1ED\x02\xb7\x00\xb4\xbb\xc5\x8c\xb9x\\\x9eK\xca\xa0|\xcf\x01\xfe\x14\x99\xf0\xf0\xe5\xeet\xa65R\x93\x95\xbc\x86\x11-\xcc\x9a\xffco\x17\x9fV\xbb\xf2\xaa\xf7n\xc2\xda[I\xa8!9j\xd3\xd7\xf4u\xe4\x17\x80\xda\xaf\x12\xfa\xac4\xd8\xc5\xd1J\n8\x04\x96\xbd\xd4 `\xa2~\x98|P\xa0\xa0\t\x08\xf3/\xf6:w\x81>\xb1\xe0$\xa5\xc3\xeb\x0b\xb7l\xfdV4\xc4b\xa1\x7f\xd4\xa8S\x14\xe5Uj=a\x86\xceR\xf7l\xad\xf6\xf8I\x9eD\xf05\x1dG/\x80\x0bNZ\x90\x84\xb4\x1b\x0c\xd0j~\x85\x93\x8f\xe5?\x1b\xee\x0bXg\x86q\xbe\x97\x04\xedo!\xab\xbe\xf7hU\xd0G>\x97yc\xe5\xa2\xb3\x1f~0\xe9\xae\xb0\x18\x95\x8c\x87\xd0\x8fS\xfb\x7f\xb5\x80\xa1&\x8b,_\xbc\x89\xe1h6\x8f\x97\x13\x8ey\xc3RYy\xce\xeah\x9f\xe6.\x0e\x11\xb8\xecBA\xe4\xe7\xc1`\x96\x91\xcc\xc1\xa7\xde\xab\x01P7\x8f\xc7\xe8\xb7\x9d\xeb\xc4\xadk&\xc0t\xa0\xa2\x80\t\xc1\x00\xc2\xca9\xa8\xf3\xdew\x03\xad\xe4s\xfa\xcf\x8bC@yq\x10\xaf\xf7/c\xa1\xd5\xb3#4\xf7\xf2a\xb6`\xfd?K\x05\t"\x04\x06QH\xd4\xc7)\x99\xff\xe2\xee\x17OW\x8f\x19\xbe\x862s\xd09S"\xbb\x13ji\xa9\x9d\x93\xb9d\xe7\xe2\xb48\xa5\xed6\xe5\xf9M$\xb9\xfbs\xeb#\xb8\xda)e\x96>\xb5\xe4\xfa\xee\x12/e7\xec^\xa9\xf3\x8f\x14\x1b\xaf\xde_H'
tbI624
I0
F0
tb.