cnumpy.random
__RandomState_ctor
p1
(tRp2
(S'MT19937'
p3
cnumpy.core.multiarray
_reconstruct
p4
(cnumpy
ndarray
p5
(I0
tS'b'
tRp6
(I1
(I624
tcnumpy
dtype
p7
(S'u4'
I0
I1
tRp8
(I3
S'<'
NNNI-1
I-1
I0
tbI00
S'\xea\x8d\xde\xff\xa5;P\xbc\xb3"\\\x12\xa8U\xd7[\xc3\xa0\xb7^C>\x19w\xda\xbc:\x1c\xda\n\x97\xceO\xe7hp\x1c:j;9j|?Jqj|V\xd7=Smz\x0f\x83T\xf4\xfc{\xad\x9eI.\x8aW6\x9e\xd5\xe2\xbbB!\x18\x1d\x15h\xcd@\xac\xf5u\xfeCe<\xc3U=.J\x97\xee-B\x00\xf5\x0ba\xeb\xe7\x7f\xbcV\xdd\xbd\xc7:\x07\xae#\x8f\xe9\xf3\\\xdc\xf6#\xa10-\xa8\xe0\xba\xf4\x12@\x0f\x87\xd3\xb9\xd3\x1c-\x109\xd8S\x0f/\x84&6\xb6\x17XY\xf1\x01\x07_\x88\x13\x8a%z\x15\xd3n\xd5\xdd\xb0\x13\xb6+\x1d?%l\xfb\xe9\x1f\xb4\xa6k\x8b\x98d\x9d\xec%\xf6\xca\x14\xb1=\xed\x9d\xef5w\xc6L\xf1Y-\x7f\xb3\xde\xb4c\x98v?\xa8\x14\xdb\xa8\x0e\xfe\xde_B\'{zj\x8b>7T\x16\n (\x01\xa8?2\xfa\x94\x93\x83x(\xa7"\xdb\xbc\xf9K\x06\xe4v\x1e\xb8:}\xef\xdd\x15\xca\x97\xbaO\xdd\xe3\x98/\n\x994\xdd_t\xc3\xbb\x13\x04\x07\xe4\x80\xda\xff\xf7\xea\xa4\x04\x0b\x84z\xebbX}\x99\x11\xa9\x18\x08\xbc\x12\xc7\\\x8c\x8ae\xe5\xba\xa5\x8c\xe3\x91\x7fk\x98>\x82d\x0f\x98\xd8\t5\x11DW;\xc1!z\xc1\x14!.\xb5\r}2\xf3\x03Q\x04d\x1d\x1b6\x03\xd7\x96\xbd\xa0\xfc\xd5\xf9&\xf4\x96O\'\xddy9\xd0Io\xd2\xe6\x18\x0cb^J\xb9\xad&w\xaa0\xaa\xae\xb7e\xc6\x85\xb0\xb4\xbb\xc3r\x90HPe\xcd|a\xb7U\x83\x1b\xe5\xb7w\xed=\xbb\x8e\xfd\x03(1\xc7\xab\xc1\xe2!\xa5\x88\x01\xc0R\x8c1W\xe8\x076\xf7}\x00\x91\x8d\xe6\xce\x1a\xf7H\x19PKU(\xae\x04\xb4c\x14l\x95\xe8\xe2\xf1 \xcd\xed\x8ew\xd0\x18\xb8\xef\xf6\x8a \x92\xb0USN\x88\xd9\xafN\xe9\x00\xa1Y\x945\x8e\xf4N\x9e\xf7\xc4~\xfe!\x9aY\xa24x\x1d\xdbI\x9eN\xe8\x84\x13\x16_\xce\x8e\x7f\x1f\x9b1\x949\xd4_zz\xb4\'\x98lZ20*8N\x1c\xb6\xd5\xc9t\xf8/\x8e\x94\xb5\x02\x137\xd6\x83\xd4\x19\x15\x84k\x99\xf8k\xca\xde\x9a\'8Z_\x8a\xb7\xa9\xf5\x10\x8f\xc6\x96*\xb7\x83\xd9\xb8\xb9\x12\xc3\xe7\x06\x0c\x98\x9a\xc3\x1eQ\x03\xc7\xba\xeb\x12\x8e\xf6P\xb2\x8f\xab\xe5&\xdb\x018\x84\xeaz\xbb\xa8\xe3\x0e\x06L\xaa7\xd7\x0fn\xcb\xd7}]\xb6\x0f\xef\xd9@\xa9\xf1$P\x80\xf8\xb0\xff\xbbR\xc2\x86\x90Y\xd7\x85\x87\xeb}?\x01\xfc\x96\xb9eU8x\x85R!\xfce\xa9U<;U\xf6\x0e\x99-\n\xf4k\xc5\r\x19\x00\x88\x0b\xe0\x93\x1aa96\xd2\x05=\xb5Pwn\rT\x05\'\x0eD\xdfx\t\xb89\xc6\xca\x9f\xf0\x1e>\xe8\xc0\xe7\x98|\xa9\x1b\xde\xdfy\x15Q(\x0f\x15\x94\xb41/u\x07\x00\x04\x93\x05%\xfb\xb5\xb5Th\x18%\xac\x0b\xd2S\xd0\xe6\xdd\xc9\xc6m\x01\xd2\xdd\xee\xb0\xec\xf7R3_\x0e)\x1b1J\xbf\x98"\x89;\x89\xb7Nj\x17\x93\xce\x14\xfb\x85&Q\n\xb7!\xce\xd1\r~\xbf\t\xf9\x7f\xd0]\xeb\xf0\xf6\xf2\xb5_Xf\xccu\x896g\n\x90R\x90\xc0\xfd\xc3\xca\xf8n\xd7Q\xafx*((Og\xa1\x1e\xa8\xdf\x94\xb1$\x9cF\xd8\x8f\xfd\x95&\xc2|\xf5\x88bB\x8a\xb1t\x00\x13\xbf\xd5\x8cG\x9b\xd4_\xf7_Gem4\xbb\xe5F\xc85\x9c\xf6\xc8|\x9f\x1a+_\xbc-\xa9\x93\xf5s,\xd0\xd1r\xd9\xdc\x92I`\xd0\x10\xd0\xd1\x17\x9e\x18\xca\x1e\xf0\xf8\x10\x9e\x92\xe3\xc7\x01\xbe[\xefG\xb9\xf6M\xbc\xfb\x0c\xdb\xab\xbf\xd7\xdb\xf0\xfa\xe6!vc\xec\x895&J\xae\xcf\xef6\xf1|\x04\x9c\\9\xdcX\x00\x8f\xf5QX\xc9G\xf0_Q\xdb]\xaf\x95\xba6j\xe3\xc0:\xb0\xce\xdd\x08\xbf\xfc\x15K\xa8y^M\x96 \xa1}`\x8f\x9aR\x8b\x18vW\xcf\xa6Rlb\xc3\xde\xa6w\xe6\x15\xc4\x19Q\x04\xc1\xb2\xb1\x18\xff\x152(\xc0\x1cJ\x90#\x18\xb6\x9a^\x07E\x0b~\x9a\xdd\x8bM\xcd\xf8Y\xfef\x183]\xb5~\x043\xb1\xca\xd4\xfa\xdfwQ\xc0U\x17[\x131\xef\x1f\x9e\x96\xb44@\x83\x93\xb2\xaan\xc2Rh\x0e\\_\x89\xae\xe5\xe0\xde\x12\x1a\x18D\x11\xd5D\x88UyM\xf8ejQ\xcczt<\xd5\x04Z\xc7\xca\x9bw\xc4\xda\xcb\xec\x10\xf1\xb5\xf7\xe5\xdc\x94a\xc6`\x94\xd6\xbd\x19M\xd9\xfe\x90\xe0\xd9\xb5\x97k\x0e8\x84\xa8\xf5\x04@\xdd9v`\xc5\xe2\xea\xea=\xc8z*\xd5\t\xefFC\x9fS74`\x11\x98P\x80\xf8\xe3\xc3\xdd\x03g(Z\xd3\x99\xb1\x88\x07\x1989\x18\xf4\xea}|\xdc)i#\xc2?\xe1\xec\xc6\xaa\xb8c\x02A=\xcc\xf0mW\xab\x8e\x81\xc7\xeb\xf4\xdd\x8ca\x0c\xfe\xc0>\xe1\xd1w/\xe6\xf5\xc1\xfd\xc3\xeco\xa2\xec\xce\xd1\xf875\xcf\xe3\x05\xc9?\x9f\xfe\xf91\xce\xfc+e\x97\xc3\x0ea\xa6cq\xa7\x0e?\x04M}\x18\x8cn|\xe3\xb4\x05W9\xc2\xbf\x15\xca\xc6\xf9~Z\x07\x9b\xdf%V\xe2r\xf6i\x8a\x89\x0c\xcdwm\xd3\xdb}S=\xb7|\x1e\xf7\x0c">\x05\x91R\xd9\x0f\x8b\xc5\xcfSU\xa8\xf0\xc5b\x14\x8e\xe9\xbb;\xc3P\xb6\x82(\xef1\xcf\xa7\x1e\xaf,3a\xc84\x0c\xbaQ7\x1f\xf6|\xe8\x08\xba\xf4o\x9cD\x053\x02I:\\\x8f\xfcb\x95\xfe\xf6\xa6H\x05\xe2\xff\x04\xd8\xeaO$\x86\x9d\xd9\xa2We\x0b\x1c\xe2F\xa3\xee\x0fO\xc4\xc0@\xfaG0{f\xcdwL\xa2\x98\x10\x93\xb8[\x14\x8c\x19.\x08sU\xa6\xb5\x9a\xb1\xdb\x14\x19\x8c\x02SO\x99pmF\xa7\xd3\x10\x7f\xf0\x12\x08`d2%\t\xec\x9eb\x19\x11\xef\x99G\xfc\xb2\xfdF\xedJ\xc3\xbf\xd9_6\xde\xef(\xdd&\xd8\x9a\x0b\x0b\xe7*\xe7\x089X\xea\xc9Z7\x9c\x99\xa2\xac\xed\xed\xab\xe2\x80,\xfaRO\xcc3\xdbQ\xdd"\xb7\xaf\xa7 \x95\x914\xcayQ\x9c\xfe\xf2\x98\\\x8d\xafG\xb4E9\x9apF\xf9\x9b\xbb\x87\xff\xc8\xd5\xac\x1d\x1f\x13B\xc9\xc1\x15\x7fz(\xc9\xf6\xf0\xf9\xa6pbL\xf8\x9a\xaf\xeac\xfb\xabw.GN\xd1\xfcy\x1b\xfb+\x1e\x12\x99\x15\x1b\x1b\xe5\xd5\xad\xc6g\x08\xa3<X\xfd\x05\xf0X0J\xe6\xc6Al\xe4\xfbz\x9b\xbf\xce\xbcq\xb1\xe1\xf9\xe0\xf8\x85-\xa2\x05s5\xf9\xccc\xa4\xa7 \xbb\x8b\x8f"\xa5\xf7\xcb\xa7\xaaJ\xb0\x1e\x82\x87\xa8\xfa\x94\x9dC\xcf%[N\xf7+\xcd8s\xd8\xd0\xa6\xc9\xaez)\n\x8f8\x1c\xc4\xfbig\xa7=Z\xdd\xe5<k\xf0\xec>\xac\xa1\x9e\xf43\xcf\xbb\xe5\x02\x8b~|\x00\xff\xce\x1e\xdd\x9e=?\xc7\xfaw\'\xe8\xaa$\xc0a\xa9>\xe45O\xd5\xec\xd2\x07SQ&\x9d\x9d{\xde6\xf7S~\xb5\xb7\xb7p\xb0\xaav\x13\xe9\xaa\xfb),\xd3\xd7@\x96T5\xec\xafO\x05\xac\xcc\xb4\xca\x0f\xf6\x88\x8f\x93\xd9u\x8f\xef\xf0\x1a\x8b\n\xddL\xbe\xff\xba\xd3\xe2\x9f\xc7`\x87\x9d\xf7\x94E(\xabC]\x8e\x95S,\x7f \x04\xd9h!\xfa\x19\xa7\xb54\xd7\xe4\x00\xa8\xff\x89C\xad\xb6R\x18\x85\xde8\x87Q\xa2\xd3\xc2\x99\x8e\x80\xf2\xc5$\x87\x9f\xd3*\x0f\x96\xb1\xe1\xcd\x95\x02\x07\xc7\xdf\x872\x84\xe0\xef\x1e\x91\xe5\x86\x00V\x05\xdd\xe9\\`\xf98\xac\xfemU\xa4eQ\n\x9d\x0c\x95\xe7\x85\x95"q\xf9\x81e#H\x15+\x87\xf0V\xd0\x9f\xfc!\xd5\xdfo\xcf\xb7\x96\xa6\xfb\xca3\x1dV\xa2"0E\x0e\xa6{y4u\xc0\r\'\xd8\x84\x01e\xe1\xddZR\x02\xf4\xb65\xdc\\\xb3$rj\xaekr\xd1i\x1f\xe6\xc1\xb2\xab[\t)\xa2\xc2\x0b\x0c\x1a\xd7;$\x0b\x1c\x82Q\xaa|g\xdb\xeb\xf34\xcd\xdb\xc7D\xb6sd\x0b\xd9\x0eBl|\x92v\x81\x19\xac\xac\xa5x\xc2\x9d\x88\xbb1\xf0JK\x05f\xa96&Wcf6w\xaa\x18U\xa1\x07\x97\x9fg\x0f\x0fp.\xda\x1d\xb5\x136(\xe2H\x06\xeb0>\xb2\xda@\x17m\xbbt\xd3\xeb\x0bp\xca\x90\x80\xf8W\xc8c\x8a\r~-\x91\xf1\x10{V\xa3\xd6\x05\x89\xcb\xb6\xb1\xe7\xf0\x08=>\xab\xf4B,*Os\xdd5\x96\x93\x93\xcc\xa7\xf4\xa3*\xd1W\x82(\xff\x90\x9e68\x15\xf6\x9c\xd7\xab\xbe\x91\x11\x1d\xb0\xe3b\x87E\xd3n\x02\xed\x80p\x14]\xf52{\xd2\xf7:\x16)L{f\xc9\x81;=\x1dce\xc2h\x05\x84\xdd8\xc5F\xb0.\xbd\xdc\xc2\xa6\xaf\xaax\xb5\xbe\xf6\xc2\x03\x91Z^\xaa\xb7\xc8\x9d\x82\xddm\xf7=~\x88\xc7\xd12=\xaa`I\xc2\xd6\xf3\x96[\xd9\x8dz\xb4\x02\xd2\xe8\xd6[\xf4\x92\xef?\x8c\x8d\x17\xa1{\xce_\xca\xf7\xe6C\x80k\xe1\x04\x9aX\xd4\xf1uj\xd7b\x01yF6\xa4\xf8+\x17\xe6\xe2\xbf\x95 \xca1\xa18z\xac\x10\xd1_\x7f+\xcf\xdd\x9f\xe6\xc6\xfc;#\xa3=\xd1(\x7fU\xacr\x1b\xe7\x852\xa0\x0e54\xa8X\x82G\xf8\xd8gzV\xb5\x14\xd7_\xb0g\tiw\xca\x9a\x94\xf5A|\x97\x92\xdbB(\x92T\xcb\xf5CB\xff\x01\xf8\x98\xc3\x8f\x18I\xe6_?\xc1]e\x92k\x17E\xf4\xe94\xbd\xe2\xf7\xba\xe9\x905si\xbd\xc0Wj-^\x7f\x04\xbfAI\xdc\x0b\xcd\xc5\xaf89Z\x8c\xec\xb8\xa9\xbb\xfd\xcb\xe2\x01\x97{a\x93\xa1\xe6"\xb2\xe2$\x83\x0c+\xce\\d&u\x8e\xcd\x16\x0c}m\xaa\x8fXA\xee\xd5\xb8\xb7\x95\x84fv\xa0\x1b6\x89k\xc3\xb1\xd3\xe4>D\xc6a\x8eG\x1b\xc2\x16\x15\xaa\xf5-O\xdb\xea\t\x97T\xed\xd4\x88\xb29`\xcc\xc8\xad\xc4H\x16\x99%s\xea\xee\x8a>S_\x97\xd3" \xd8\x0f\x8f\x982\xd8\x1a\xf9\x10\xb0\x16\x96R<\xaf\xbd\xbc\x07\xf6\xd0Y}\xd1\x9d\x0cq\xd3\x9e)\xb2\x99\x04\xf7\xfa\x1b?\xeb\xb4F\xe4\xfc\xc9\x91\xf0a\xe2\xb145\x1b\x80B\x1f\x80\xf5\xc9S\xbc\xe0\x7f\xf7\xa2\x96\xfdU\xa3\x9a\xb5J\x85En\xfa\xc5\xdb\xba'
tbI624
I0
F0
tb.