cnumpy.random
__RandomState_ctor
p1
(tRp2
(S'MT19937'
p3
cnumpy.core.multiarray
_reconstruct
p4
(cnumpy
ndarray
p5
(I0
tS'b'
tRp6
(I1
(I624
tcnumpy
dtype
p7
(S'u4'
I0
I1
tRp8
(I3
S'<'
NNNI-1
I-1
I0
tbI00
S'\x91\tr\xf4l\xb1|?\xe8\xee\x9aM\x8b5\xe7\xbc9\xd4\xd6;\x04zDr\x83\x9f\x16\x87G\xc8\x8bpl\xf9}a\x04\xc6\xfe\xda\x08\x0e\xf9.\x81mW\xa1\xa9\xcb\n4(\x1c\xe3\x88/=t\x89\xfc\x8f\x15C\xed\xcd\xb6\xa88\'\xc3\nHG\x88\xb8\xb0Z4\xd4\xa0\xf5\x80w{Q\x8aM\xc2\xec\xeb{e\x89)e\x90.\xee\x85\x1c\x86J\xc9\xb6r\x8ccN\xe1\xe9\xb9d\xbc\x03\t\x99\xddb\xc8\xce,@\xc4\xfa\xd5\x80V!\x0c\x93\x89\x1d\x92\xe0^h\xd2UK1I\x895TB\x05\x04\xa5*^7:\xb2\xb3\x16\xad\x88JXN(\xeb\xda\xd8\x8bf\xca\xf3\xa9=PM\xac\xa5R\x14\xc2\xe0\xb7\x81\x08"\xb0!\x18\xf2\xc7\xc3\xba G\xcf\xb1\xcc\xa9\xa8\xf9\xd59\xb5\xe9\xda\xee*U\xf0\xf2=;s\xc2C4)\xd2\xa1t`d}\xf6\xad\x85\xdb\x9e\x0f\xa7\xc4\xf0=D\x98\xc7\xc8\xbb\xbeB\x15}\xdcu\xcd@\x81\xa9\xf7\x1fAFY&\x03\x03\x8f\x8c>\xfb\r0\x9a\x9e\xa5\x93\x95\x87\x06 \x9b\x826/\xe5\x8f"\x978\x9b\xf3\xb1u/\x16\x18\x1c\xa6N\x82\xf61\xf8Q\xad\xb5\x17\n\x08\xf5\xbf\xa8\x93\xef\xb2f\xdb\xf7\x07YA\xf3\x81\xcd\x1a\xa9\x06y\xad\x18\xa7\xae\x8a\xa1p+\x83\xf1\x97\xb9\xd9\xfc\xbb\x7fs#\x95S\x8cY\xac\x18\xf4\xbe\x1cN\rs\x1dw\xe9\xd8\xb3C\xb8\xa5\xd2\xdd\x97%\xde\xbe\x01\xcc\xa8\xbbT\xcd\x89\x13\xeee\x14v\x8c\x13\xfa\xa3i\xcae\xeau\xdc8(\xb1\\\xaa\x95\xa0gx\xb6}\x81t\x9d\x0b\xee\xecA/\xf0\x9fR\xda:\x91\xa8U\x9dw\xefkT\xc1Q\x922\xc5\x0f\xb1\xa0l\xa0\x03\xa8w\xba\xda(\x8a\x96\x08t\x07\xf7|\xc6\xb0}\xd5\xb3\xb9|\x95\xcc& \xcf\xcaz\x96\x1b\xb1\x95\xa9Rs\x95\xed~\xdaH4!;X^>G^\x81\x01\xfc\x16T\xb6\xbei\xfa!C3k\x8b\xa8\xb6\xba\xb2E\xe4\x9b\x18F\xe0\xd9\x8e@@\x12\x7fI\xc2\x04\x83V\x9d:+\xed\xa8\x00=\x85W\xc5\xe6Ul\xc6"\x1d\xa1\xa2\x17\xd8S\xd2\xd8\xd1\xd8\x89$\xd1\xa7IAW)\x995\xbf\xdf4\x8b\xc9w5\n\x8f\xf6\xcf\x85)\x8b\x0ecg\x16\'\xe7[\xeb\xa09\xb2\x16\xbbD\xa2\x15S\xca\xcf>\x8fG\x174\x06\xceuO7\x0b\x02x0o\xc5\xc8\x9c\xe2\xbb\xda\x0f\'\xe9a\x8d\xb4\x99}\x97\xb0\x8cu\xcf\x17/\x19\xabS\x8b\x85%\x13\x90N\xe0\xe0L\x1a\x97Ah\x98N\xdf\x0c\xc1{\xaf\xfc\x04\xd7>\xe8M/T0%\xb9GQz\x06~9\x9c\x0c\xa0X\xd8\xc2\'\xa0M\x9fm\x87b\xb2\xcb3\xc80yx||\xca|\xb12n\x98\xb1`E\x08,\xbby\x8f\x9c\x8c\x00\x0b\x0c_\x94\xf0#\xa6\x1e\xa63\xb9\x10\xda\x84\x9d\x8a\x12\xa0\x1a2\xe4\xb2\x98\xad\x1f \xea\xd0\xb8R\xc2\xd7\xe1\x87\xe20\xa5\xce;:?[C\xa5.I1\xbe7(\x82\x15\xdd:`\xe2\xee\xc6\xff\xf1\xf0\x9f\x1e6\xa2\x9b\xabo&\xdc9?\xf7\x92\x83\xa3JQ\xac\x86,_0\xd3r\x8c> \xd9H\x93\x03\x0b@\x08>\xd0\xb9\xdf\xe4\x0e\xcd\xe1]$\x91_\x85p[\x02\x05Dh\x8e\xa5v\xd0\xa4\xb8\xc44BsQ-\x19\x11\x9d<\xd5\xc0\xe4)=\xab\xf0\xcf\xa1\x1cB\x01\xe2\x05\xd7Y\x16\xb5P\xac\xe7\x01^D\xb7\xc1\x1b\x9d"\x9f\x81\xf0hi\xd1\xfd&\x00\xba\xc7:\xd8\x85b%\xb6\'\xecC\xf9\xe5\xfc\xee!\x8atvW+\xa4 vqt\xb6\xa9wGf\xac\x8a\x16Bunn\xcbti\x81w\xa5\xc9\x0b2\x9d}l\x1e\x04\x1a\n\x9e/ZP(\xd03~4\x99\\a\x83\xc0\x8bj\xc7\xf6\xf8\xe7\xcaj\x06D\xdb\x96\x94\xea\xbc\xd2^\xbd\x96\xe9\xea\xbagx8\xea\xf8\xe1\xd2\x10q\xa9\xe4\xad\xdd\x91l\x10\xcbb\x1a\xc8\xd1\xf8q\x89~+\xd8\xf4\xc5;\xe7Sk]\x07\xad~N\xb5\x98\xe9\x8d\xc3e\x94F\x8e\x15`\x1bT\xadr$\xaf}\xc2\xe4\xff\x1c\xf8[O\x00\x02\x07\xa5h\xff\xc2\x82\xe55\xe18\x9cVY\xcb\xe0\xb2h\xfdd\xd5q\xa6F\xcd"\x0c\x17\x97\x86\xf7?\xc6P]\xb2t\xe4\xeaO\x1eD\x11\xb6G\xb4\x03\xad\x12\xcdW\x9c\xf4l\x96\xa4\xac\x055\xd1\x12p\x88\xadRV\xf6\x81\x1fi\xe18\x06\x8a\xba\xbc^\x19\xd7G\xac\xf6e\xb4G\xa4\x12\xc8\xb7s\xc1\xe1g\x19(\x90\'\xeb\xf4{\xde\xce\xa4/\x81\x81\x89{\x16\x9e\xa1\xa3\xe5\x9b\x13\x91\x18\xde\xb6\x17\x8b}A\xec\x13\xad\x03z\x92l_\xd8!\xf2\r*\x9d\xd4{\x95\xea\xc2\xa0r\xfc\x85\xd9W\x14\xfdS\xe9_2\xd0UQ\x95^]\xda\x03+K\xa2\x19\xc38ibO\xe40\x0e"p\xd9,\x98M5&?\xdc\x8b\xcdl\x9ck?\t\xe3YL \xd6\xa33\xe6o\xc5i9PK\x9d\xc9\xa2\xc6m\x89\x84\x83R=\xbf\xefD(\xc6\xf3\xaa\xca\x9bD\x9eYv\x1c\x03C7\xf4\x8cg\xc8$kV\xc8\x7f\xf7% \xe1H\x08\x19r\x1e\xf2\xa2y\xf3\xe9\x0263\xc5\x86[\x16\x8c\x08t\xc3\x10LQ\xa3\xf7\x01\xc4\x0f\x8cu" w\xaa\xf9Di\xa9*Z\xc4\xd1\xd8gz\xbd\x14\x84\xf3(\x83\x82#GGiB\xf57&;\xcf\x0c\xb8\xf3\xc4\xdf\xb6\xa2\xf26\xd3f\xa9\xde>\x9b\xbe\xba\x0f\x9cS\x94\x98P\x9b\x8d\xa0\xc8Aj\xfc@\xa9\xd7Y\xfe:4\xbab\xa8|\xeb\xb3\xe0\xf1R,\xc4^\xf2\xb0,\xc6\x85\xb6L\xe2\xd7\xe8|\x18\xb4\xbat\xf4\x16?pE\\\xf5Um\x19\xd1\xfd\xa6\x8cN\x11m\xb9\xfa\xb7//uI!pm\xf0/\x99\xfeBe>\x06\x98\xf9\xfc\xd1\xfd\xaf\x00\xc4=j\xa7\x81\xda\xf4\x1b\x1b\xcf\x00\xa0\xdd\x1f\x00\x02\xa8}\xbca\xb1\xf08e\xf3^lbCc\xb3)\xad\x7f7\xb5\x01!T\x96odm\x81\xe7\x0b\xadA\xd0\xa3i4\xb8\xb9\x91\xbeE\xc7\xa1\xd7|\xf7D5\xc4\xdcJbs\xbb\xaf}Y\xc8\xf6\xa4\x82gq\xfa\xe7\xd4\x105\xd9\xc9\xf5\x96!\x17\x8c`\x8e,n\xed\xff\xc5\xf0:}\x8a\x04\xf7\xfcs\x81\x93\xc0o\xf89\x9b)BfGn\x80\xdf\xf3(/\xde\xe0\x81ak\xec1\x11\xe7"ND\x13\x0b\x9c<\xc0=\xcbZaq\xe2dBv\xa2%\xe5\x7f(\xc3\x9a\x94\x8b\xc4V\xed{bcj\xe8\x04\x15x\x00\x83\x97\xd9\x85\xe4\xa4\xb6\x86I\x01\x9c\x13\xc2\xbd\xe6l\x92\xd3\xb7\xd3\x84h\x03\xd8/9,\xf7S\xdd\x97&"mj\x87b\x06\xba\x85n\xc5\xaca\x15\xa3\xf0\xfb\xf2\x15{Uq\x19\xa1\xab\x03\x7f\ttzVi~s\xa1\xc4\xd59\xb9\xfe%\x03UEt\x10\x93\x9f\x9a\xcc\xf3\xc3\xb1\xa1\xf3\xdd\xdeY9\x1d\x93"u\xc0\xfb\xc2,:\x10\x04\xfd\xdc\'"V+\xfa\x06=\x0e3giCd$\xdeg\x91\x0f\x0c\xe1\x9fe\x7fZ\x08\xb4\xaao\xd0\xcb\xf1\xb7X\x02\xf4Y\xb3.\x1d&BA\xa1m\x8atB\xda\xa8c$`\xe7\x1032\xa0\x9a"FG\xb7\xfe\'sa\xee\xec\xc3\xe9\x00\x82X\xb7\x99>\xb7qu\x9f\xb0\xd6\x8f\xe5<\xb1\xaf\xce\xbc1\x1ex\xa4\xabAI\xabF\xc8\x83S\xe0z\x98\xf5*\xd5}g\xd0\xeeuL\xeb\x15\x14pq\xd1t\x8d\x84\xcd2\xffT\xd1\xdb^E\x18\xfe\x9e\xab\xcc\xfd\xb1\xfb\x01\xbf\xfd\xd7j\x00\x04B\xa7\x13z\'\xa9F\x05`\xb5\xd0t96dC\x97\xfb\xba\xd5\x96\xb2\xd5y\xa3\x19\x1b3\xf8\xe6l8j\x14\xa5\xeag \xb9b\xa3\x1b\xb1\xaa\xdeC\xbc\xe6\xe0\xef\xef\xb2V`\xbb\xb6wI\xc9\xc9\xd8Abdj\xba\x7f\x8e\xa7\x07\xb9\xc6e\x90\xc6\x19/\x93\x88l\x03\x9e\xe9\x99!3\x92\x166\x9c\x9a*\xb6\xcb\x8d\\\x06\xa6\x83p\xe5\xb5\xf2T\x14w\xf4\x15\xacN\xd0\xf3=\xc5\xea\xce\x86$\x1f\xfc\xb9\xc8F\x97:\xb0\x95\xc5\x97\x9a*:\xe2@\xe7209\xd9\xd2\xbc\xfc[\x82\xd60Q\x1e\x018\xcf\xae\xbb\xfbA\x96[\xa7=\x99w\x9f5\x10\xef\xae\x8c\xd6{\xbe\x9e\x94\x85p.w\xbd=q\xf6\xea(\xfb<y\xcc9\x9e\xc2\xd0\xbe\xc5\x15\xc3\x8d\xcb\x98\xd5\x14F\x96"d\x86\x17E\xab\x88e\x1b\x99@\xa5\xdf!\x00\xc3\xfd7\x82L\x9e\xda\xacp\xbc\xcd\x14\xd2\xf6\xe5\xca\xee\x90\x96\x805\x87\x01\xd7}f\xdb? k\x19\xbe\x897\x12\xc4\xfcf\x95\xce\xf5\x9fe\x05|R\x92%`$\xfd5e\xb7c\x98\xd8\x8c\x9b\xf2\xb6fS\xbe\x81\xeb\xa1\x80\xd5\xa0\x048\x91&\xb8\xad\xb8\x94\xbdf,\xbcs\x07y~\xa6\'.\x99B]\xb2\x9d\x02\x88\x85\xd7\xb0\xc9\xe0\xc5\x87+\x8b2\xd9\xb9\xe7\xd5*\x96\xee\xbdgp\x88y:Lf\n\xf5.\x9c\xb9w\x05\xeb\x95RI7\xce\xdb\xfcy\x92\x03C;*\x16\x1f\xdd\xb1\x9b\x10\xeax2\xd2\xda4?\xbdxP\xae\xa4\x82\xa3\xff\xae\xdd\xa0\xb4h\xa4\x14\x86i\xc6\x8c\xecz\xbd\x14\xd3\xfeD\xd2\xc8\x01\x97\x14#\x023Y\x16\xbdc\x19\x9e\x13\x95\xb3\xc9F\x8c\xb4+\x87Vw\xfd\xb1\xa5L5\x99T\x7f\xd0\xf1Dz\x99}J\xba\xad\xf4\x1d\xa7a\xa7\xe6{\x07\xd0Q%kwq#q\xdc\\,7\x95!\xd1\xdc~\xa7 \xd8\x88\xed\x0f#\xaa4\x9d\xaaCs4\xcd\xcfs\xdb~\x1c\xb4W\x0e\x8b\xa8*F\xa0\xd2B\x0e\xb4\xd1e\x08\x03%\xf4\x93N\xcdm\xdd\xa3\x07u\xfb\xc98\x1f\xa7\x1fM.\xe7z\xb1|\xce\xca[\x00@\x1ev\xd6\x1e\x88\xbb\x08\xc5\x84\xbcgV\xe6\xca\xa0r\x86\x12\'\xb4\xc6\xe8$\xc2\x9a\x84|l\\.4\x17\x02\xc1[\xad\xb5\xbf\x8b\x0f\x0b\x1c-\xcb\xb9\x0c\xd2}9\x95\x08\x00\x97\x86\xb8\xcf\xb37\x91g\xf7t%\x99\xbe\xab\xd8\xe5\x85\x87\xf1\x10\x1d]\xdb\x08A\x1f\xf1+\xb6\xe2\x0f\xe0\x96\xf8\x1f|R4N\x9b\xb8\\\x1c\xa0\xac\xebDiVa\x06\xb7\xc1c\xdc\\\x1ej\xab?\x06\x0cox\nS\xa3\x8b\x073\xf0\xbb\x1f\x97'
tbI624
I0
F0
tb.