# time 	 divergence 	 # of mutations 	 # IGC chances 	 IGC length 	 # IGC failures 	 Changes due to IGC  	 % change due to IGC 
0.0	0.0184049079755	0	0	0	0	0	0.0
1.1983588957e-05	0.0184049079755	0	1	3	0	0	0.0
2.01671761222e-05	0.0184049079755	0	2	3	0	0	0.0
0.000270938951365	0.0184049079755	0	3	3	0	0	0.0
0.000745242274796	0.0163599182004	0	4	3	0	1	1.0
0.00137024977932	0.0163599182004	0	5	3	0	1	1.0
0.00144862606934	0.0163599182004	0	6	3	0	1	1.0
0.00153372102455	0.0163599182004	0	7	3	0	1	1.0
0.00172144772158	0.0184049079755	1	7	3	0	1	0.5
0.00185262849396	0.0184049079755	1	8	3	0	1	0.5
0.00191403117339	0.0184049079755	1	9	3	0	1	0.5
0.00223680382491	0.0184049079755	1	10	3	0	1	0.5
0.00257176131631	0.0184049079755	1	11	3	0	1	0.5
0.00276228174939	0.0184049079755	1	12	3	0	1	0.5
0.00282590759604	0.0184049079755	1	13	3	0	1	0.5
0.00297397223427	0.0184049079755	1	14	3	0	1	0.5
0.0030409964626	0.0184049079755	1	15	3	0	1	0.5
0.00308692044302	0.0184049079755	1	16	3	0	1	0.5
0.00325760077829	0.0184049079755	1	17	3	0	1	0.5
0.00334017758391	0.0184049079755	1	18	3	0	1	0.5
0.00368832104826	0.0184049079755	1	19	3	0	1	0.5
0.00374894493599	0.0184049079755	1	20	3	0	1	0.5
0.00422665054094	0.0184049079755	1	21	3	0	1	0.5
0.0043319548369	0.0184049079755	1	22	3	0	1	0.5
0.00444955131298	0.0184049079755	1	23	3	0	1	0.5
0.00469292074015	0.0184049079755	1	24	3	0	1	0.5
0.00493273778756	0.0184049079755	1	25	3	0	1	0.5
0.00508472226872	0.0184049079755	1	26	3	0	1	0.5
0.00522316747354	0.0184049079755	1	27	3	0	1	0.5
0.00601588188864	0.0184049079755	1	28	3	0	1	0.5
0.00671953127953	0.0184049079755	1	29	3	0	1	0.5
0.0068706081083	0.0204498977505	2	29	3	0	1	0.333333333333
0.00696397626244	0.0204498977505	2	30	3	0	1	0.333333333333
0.00705470876801	0.0204498977505	2	31	3	0	1	0.333333333333
0.0071011587129	0.0204498977505	2	32	3	0	1	0.333333333333
0.00714210002397	0.0204498977505	2	33	3	0	1	0.333333333333
0.00741187644107	0.0184049079755	2	34	3	0	2	0.5
0.007574350829	0.0163599182004	2	35	3	0	3	0.6
0.00759325022353	0.0163599182004	2	36	3	0	3	0.6
0.00830564069703	0.0163599182004	2	37	3	0	3	0.6
0.00893573774135	0.0163599182004	2	38	3	0	3	0.6
0.00897068380239	0.0163599182004	2	39	3	0	3	0.6
0.00920227229712	0.0163599182004	2	40	3	0	3	0.6
0.00929226675217	0.0163599182004	2	41	3	0	3	0.6
0.00929921101779	0.0163599182004	2	42	3	0	3	0.6
0.00930899552717	0.0163599182004	2	43	3	0	3	0.6
0.00945455318441	0.0184049079755	3	43	3	0	3	0.5
0.00979242754933	0.0184049079755	3	44	3	0	3	0.5
0.00987299640735	0.0184049079755	3	45	3	0	3	0.5
0.0101740604667	0.0184049079755	3	46	3	0	3	0.5
0.0101870888789	0.0184049079755	3	47	3	0	3	0.5
0.0102952971123	0.0184049079755	3	48	3	0	3	0.5
0.0109158673281	0.0184049079755	3	49	3	0	3	0.5
0.0110442690932	0.0184049079755	3	50	3	0	3	0.5
0.0111380448835	0.0184049079755	3	51	3	0	3	0.5
0.0115287609836	0.0184049079755	3	52	3	0	3	0.5
0.01154733018	0.0184049079755	3	53	3	0	3	0.5
0.0115614755883	0.0184049079755	3	54	3	0	3	0.5
0.0116361348277	0.0184049079755	3	55	3	0	3	0.5
0.0119078975112	0.0184049079755	3	56	3	0	3	0.5
0.0120675005876	0.0163599182004	3	57	3	0	4	0.571428571429
0.0124189365639	0.0163599182004	3	58	3	0	4	0.571428571429
0.0124252133248	0.0163599182004	3	59	3	0	4	0.571428571429
0.012490255361	0.0163599182004	3	60	3	0	4	0.571428571429
0.0129229691693	0.0163599182004	3	61	3	0	4	0.571428571429
0.0130114188722	0.0163599182004	3	62	3	0	4	0.571428571429
0.0130710629687	0.0163599182004	3	63	3	0	4	0.571428571429
0.0132241852922	0.0163599182004	3	64	3	0	4	0.571428571429
0.0134169983381	0.0163599182004	3	65	3	0	4	0.571428571429
0.0134456646597	0.0163599182004	3	66	3	0	4	0.571428571429
0.0135445959881	0.0163599182004	3	67	3	0	4	0.571428571429
0.0137125106245	0.0163599182004	3	68	3	0	4	0.571428571429
0.013938884731	0.0163599182004	3	69	3	0	4	0.571428571429
0.0139437919297	0.0163599182004	3	70	3	0	4	0.571428571429
0.0140454374982	0.0143149284254	3	71	3	0	5	0.625
0.0155816620237	0.0143149284254	3	72	3	0	5	0.625
0.015679255625	0.0143149284254	3	73	3	0	5	0.625
0.0158775951564	0.0143149284254	3	74	3	0	5	0.625
0.015889754575	0.0143149284254	3	75	3	0	5	0.625
0.0161024089911	0.0143149284254	3	76	3	0	5	0.625
0.0161720185851	0.0143149284254	3	77	3	0	5	0.625
0.0162964811864	0.0143149284254	3	78	3	0	5	0.625
0.0164024444184	0.0143149284254	3	79	3	0	5	0.625
0.0167368358434	0.0143149284254	3	80	3	0	5	0.625
0.0168974355798	0.0143149284254	3	81	3	0	5	0.625
0.0171727929827	0.0143149284254	3	82	3	0	5	0.625
0.0173166512587	0.0143149284254	3	83	3	0	5	0.625
0.0174102405183	0.0143149284254	3	84	3	0	5	0.625
0.0174496570639	0.0143149284254	3	85	3	0	5	0.625
0.0179108144212	0.0143149284254	3	86	3	0	5	0.625
0.0179198881695	0.0143149284254	3	87	3	0	5	0.625
0.0179220096488	0.0143149284254	3	88	3	0	5	0.625
0.018189369715	0.0143149284254	3	89	3	0	5	0.625
0.0184083226189	0.0143149284254	3	90	3	0	5	0.625
0.018476831378	0.0143149284254	3	91	3	0	5	0.625
0.0189745297076	0.0143149284254	3	92	3	0	5	0.625
0.0190711505014	0.0143149284254	3	93	3	0	5	0.625
0.0191922799354	0.0143149284254	3	94	3	0	5	0.625
0.0192015820936	0.0122699386503	3	95	3	0	6	0.666666666667
0.0194214487297	0.0143149284254	4	95	3	0	6	0.6
0.0195102174509	0.0143149284254	4	96	3	0	6	0.6
0.019878604188	0.0163599182004	5	96	3	0	6	0.545454545455
0.0201472473523	0.0163599182004	5	97	3	0	6	0.545454545455
0.0204347129738	0.0163599182004	5	98	3	0	6	0.545454545455
0.0213019003264	0.0163599182004	5	99	3	0	6	0.545454545455
0.0213047566809	0.0163599182004	5	100	3	0	6	0.545454545455
0.0213432719171	0.0163599182004	5	101	3	0	6	0.545454545455
0.0214566786016	0.0163599182004	5	102	3	0	6	0.545454545455
0.0218092725353	0.0163599182004	5	103	3	0	6	0.545454545455
0.0220072662993	0.0163599182004	5	104	3	0	6	0.545454545455
0.0221497822023	0.0163599182004	5	105	3	0	6	0.545454545455
0.022237666932	0.0163599182004	5	106	3	0	6	0.545454545455
0.0225344671863	0.0163599182004	5	107	3	0	6	0.545454545455
0.0225763133166	0.0163599182004	5	108	3	0	6	0.545454545455
0.0227404706326	0.0163599182004	5	109	3	0	6	0.545454545455
0.0227734463532	0.0163599182004	5	110	3	0	6	0.545454545455
0.0229732367292	0.0163599182004	5	111	3	0	6	0.545454545455
0.0232137783276	0.0143149284254	5	112	3	0	7	0.583333333333
0.0234389281465	0.0143149284254	5	113	3	0	7	0.583333333333
0.0236375266902	0.0143149284254	5	114	3	0	7	0.583333333333
0.0236910896706	0.0143149284254	5	115	3	0	7	0.583333333333
0.0237525757882	0.0163599182004	6	115	3	0	7	0.538461538462
0.0238812819971	0.0163599182004	6	116	3	0	7	0.538461538462
0.0238880875701	0.0163599182004	6	117	3	0	7	0.538461538462
0.0240930426518	0.0163599182004	6	118	3	0	7	0.538461538462
0.0245422132824	0.0163599182004	6	119	3	0	7	0.538461538462
0.0246217504227	0.0163599182004	6	120	3	0	7	0.538461538462
0.0246633041874	0.0163599182004	6	121	3	0	7	0.538461538462
0.0250277788819	0.0163599182004	6	122	3	0	7	0.538461538462
0.0252155276609	0.0163599182004	6	123	3	0	7	0.538461538462
0.0256757339647	0.0163599182004	6	124	3	0	7	0.538461538462
0.0262669133389	0.0163599182004	6	125	3	0	7	0.538461538462
0.0262783365889	0.0163599182004	6	126	3	0	7	0.538461538462
0.0266209335712	0.0163599182004	6	127	3	0	7	0.538461538462
0.0267167276654	0.0163599182004	6	128	3	0	7	0.538461538462
0.0270204054293	0.0184049079755	7	128	3	0	7	0.5
0.0273372560698	0.0184049079755	7	129	3	0	7	0.5
0.0275056295327	0.0184049079755	7	130	3	0	7	0.5
0.0276794993431	0.0204498977505	8	130	3	0	7	0.466666666667
0.027848739215	0.0204498977505	8	131	3	0	7	0.466666666667
0.0279286885874	0.0204498977505	8	132	3	0	7	0.466666666667
0.0280608678958	0.0204498977505	8	133	3	0	7	0.466666666667
0.0283606625529	0.0204498977505	8	134	3	0	7	0.466666666667
0.028644412602	0.0224948875256	9	134	3	0	7	0.4375
0.0290470188302	0.0224948875256	9	135	3	0	7	0.4375
0.0292860063818	0.0224948875256	9	136	3	0	7	0.4375
0.0295143486296	0.0224948875256	9	137	3	0	7	0.4375
0.0295689910627	0.0224948875256	9	138	3	0	7	0.4375
0.0296800635394	0.0224948875256	9	139	3	0	7	0.4375
0.0297998341303	0.0224948875256	9	140	3	0	7	0.4375
0.0303070628739	0.0224948875256	9	141	3	0	7	0.4375
0.0303109090854	0.0224948875256	9	142	3	0	7	0.4375
0.0303357749068	0.0224948875256	9	143	3	0	7	0.4375
0.0304692448929	0.0224948875256	9	144	3	0	7	0.4375
0.0308474465604	0.0245398773006	10	144	3	0	7	0.411764705882
0.0308663922269	0.0265848670757	11	144	3	0	7	0.388888888889
0.0310513254648	0.0265848670757	11	145	3	0	7	0.388888888889
0.0311352445995	0.0265848670757	11	146	3	0	7	0.388888888889
0.0313104720384	0.0265848670757	11	147	3	0	7	0.388888888889
0.0313130502308	0.0265848670757	11	148	3	0	7	0.388888888889
0.0314055069462	0.0265848670757	11	149	3	0	7	0.388888888889
0.0315305806969	0.0265848670757	11	150	3	0	7	0.388888888889
0.0317428072828	0.0265848670757	11	151	3	0	7	0.388888888889
0.0319567839013	0.0265848670757	11	152	3	0	7	0.388888888889
0.0320608843015	0.0245398773006	11	153	3	0	8	0.421052631579
0.0323749032521	0.0245398773006	11	154	3	0	8	0.421052631579
0.0324521877456	0.0245398773006	11	155	3	0	8	0.421052631579
0.0329318608847	0.0245398773006	11	156	3	0	8	0.421052631579
0.0329874378095	0.0245398773006	11	157	3	0	8	0.421052631579
0.0331373660633	0.0245398773006	11	158	3	0	8	0.421052631579
0.034013346157	0.0245398773006	11	159	3	0	8	0.421052631579
0.0344649876157	0.0224948875256	11	160	3	0	9	0.45
0.0346752560162	0.0224948875256	11	161	3	0	9	0.45
0.03482325288	0.0224948875256	11	162	3	0	9	0.45
0.0348494565403	0.0224948875256	11	163	3	0	9	0.45
0.0348815934749	0.0224948875256	11	164	3	0	9	0.45
0.0349569303459	0.0224948875256	11	165	3	0	9	0.45
0.035220749101	0.0224948875256	11	166	3	0	9	0.45
0.0358213173397	0.0224948875256	11	167	3	0	9	0.45
0.035838884001	0.0245398773006	12	167	3	0	9	0.428571428571
0.0360598612507	0.0245398773006	12	168	3	0	9	0.428571428571
0.0361748071118	0.0245398773006	12	169	3	0	9	0.428571428571
0.036244133923	0.0245398773006	12	170	3	0	9	0.428571428571
0.0362744744723	0.0245398773006	12	171	3	0	9	0.428571428571
0.0364829737898	0.0245398773006	12	172	3	0	9	0.428571428571
0.0364861662246	0.0245398773006	12	173	3	0	9	0.428571428571
0.0365362375845	0.0245398773006	12	174	3	0	9	0.428571428571
0.0367535863749	0.0265848670757	13	174	3	0	9	0.409090909091
0.0370016981941	0.0265848670757	13	175	3	0	9	0.409090909091
0.037566873907	0.0245398773006	13	176	3	0	10	0.434782608696
0.0380687370383	0.0245398773006	13	177	3	0	10	0.434782608696
0.0381232971299	0.0245398773006	13	178	3	0	10	0.434782608696
0.0381775814433	0.0245398773006	13	179	3	0	10	0.434782608696
0.0382687810643	0.0245398773006	13	180	3	0	10	0.434782608696
0.038435623195	0.0245398773006	13	181	3	0	10	0.434782608696
0.0389319566777	0.0245398773006	13	182	3	0	10	0.434782608696
0.0390549005187	0.0245398773006	13	183	3	0	10	0.434782608696
0.0391034841936	0.0245398773006	13	184	3	0	10	0.434782608696
0.039134466225	0.0224948875256	13	185	3	0	11	0.458333333333
0.0399326611528	0.0224948875256	13	186	3	0	11	0.458333333333
0.0400149179175	0.0224948875256	13	187	3	0	11	0.458333333333
0.0407043826989	0.0204498977505	13	188	3	0	12	0.48
0.0407663690775	0.0184049079755	13	189	3	0	13	0.5
0.0410986387591	0.0204498977505	14	189	3	0	13	0.481481481481
0.0411231582629	0.0204498977505	14	190	3	0	13	0.481481481481
0.0412607489987	0.0204498977505	14	191	3	0	13	0.481481481481
0.0415436547527	0.0204498977505	14	192	3	0	13	0.481481481481
0.042110916081	0.0204498977505	14	193	3	0	13	0.481481481481
0.0421904252295	0.0204498977505	14	194	3	0	13	0.481481481481
0.0422054454763	0.0204498977505	14	195	3	0	13	0.481481481481
0.0424079231317	0.0204498977505	14	196	3	0	13	0.481481481481
0.0424486203708	0.0204498977505	14	197	3	0	13	0.481481481481
0.0425560027256	0.0204498977505	14	198	3	0	13	0.481481481481
0.042699346434	0.0204498977505	14	199	3	0	13	0.481481481481
0.0427991483674	0.0224948875256	15	199	3	0	13	0.464285714286
0.0428231858672	0.0224948875256	15	200	3	0	13	0.464285714286
0.0429050051005	0.0224948875256	15	201	3	0	13	0.464285714286
0.0430107593974	0.0245398773006	16	201	3	0	13	0.448275862069
0.0431871314151	0.0265848670757	17	201	3	0	13	0.433333333333
0.0432655639455	0.0265848670757	17	202	3	0	13	0.433333333333
0.0432895391646	0.0265848670757	17	203	3	0	13	0.433333333333
0.0433486929751	0.0265848670757	17	204	3	0	13	0.433333333333
0.0441539577742	0.0265848670757	17	205	3	0	13	0.433333333333
0.0441873037201	0.0265848670757	17	206	3	0	13	0.433333333333
0.0446161306547	0.0265848670757	17	207	3	0	13	0.433333333333
0.0450607756815	0.0265848670757	17	208	3	0	13	0.433333333333
0.0451636937504	0.0265848670757	17	209	3	0	13	0.433333333333
0.0453603608654	0.0265848670757	17	210	3	0	13	0.433333333333
0.0454759973239	0.0265848670757	17	211	3	0	13	0.433333333333
0.0455544987404	0.0245398773006	17	212	3	0	14	0.451612903226
0.0458576584987	0.0245398773006	17	213	3	0	14	0.451612903226
0.0461684548948	0.0245398773006	17	214	3	0	14	0.451612903226
0.0462821457456	0.0245398773006	17	215	3	0	14	0.451612903226
0.0463393850434	0.0245398773006	17	216	3	0	14	0.451612903226
0.0476019778435	0.0245398773006	17	217	3	0	14	0.451612903226
0.0476354084572	0.0245398773006	17	218	3	0	14	0.451612903226
0.0480247243043	0.0245398773006	17	219	3	0	14	0.451612903226
0.0481749445717	0.0245398773006	17	220	3	0	14	0.451612903226
0.0485911082122	0.0265848670757	18	220	3	0	14	0.4375
0.0486114051827	0.0265848670757	18	221	3	0	14	0.4375
0.0486152745075	0.0286298568507	19	221	3	0	14	0.424242424242
0.0487805190061	0.0286298568507	19	222	3	0	14	0.424242424242
0.0492481413355	0.0286298568507	19	223	3	0	14	0.424242424242
0.0493017573377	0.0286298568507	19	224	3	0	14	0.424242424242
0.0495117740939	0.0265848670757	19	225	3	0	15	0.441176470588
0.0496691717955	0.0265848670757	19	226	3	0	15	0.441176470588
0.049728246255	0.0265848670757	19	227	3	0	15	0.441176470588
0.0501969250837	0.0286298568507	20	227	3	0	15	0.428571428571
0.0504043550018	0.0286298568507	20	228	3	0	15	0.428571428571
0.0506601222885	0.0286298568507	20	229	3	0	15	0.428571428571
0.0508784769192	0.0286298568507	20	230	3	0	15	0.428571428571
0.0509635668482	0.0306748466258	21	230	3	0	15	0.416666666667
0.0510026761821	0.0306748466258	21	231	3	0	15	0.416666666667
0.0514642582171	0.0306748466258	21	232	3	0	15	0.416666666667
0.0516883373926	0.0286298568507	21	233	3	0	16	0.432432432432
0.0518016186335	0.0286298568507	21	234	3	0	16	0.432432432432
0.0520083199071	0.0286298568507	21	235	3	0	16	0.432432432432
0.0520138090341	0.0286298568507	21	236	3	0	16	0.432432432432
0.0520467702538	0.0286298568507	21	237	3	0	16	0.432432432432
0.0528109018104	0.0286298568507	21	238	3	0	16	0.432432432432
0.0529397494592	0.0265848670757	21	239	3	0	17	0.447368421053
0.0529667255906	0.0265848670757	21	240	3	0	17	0.447368421053
0.0532281551431	0.0265848670757	21	241	3	0	17	0.447368421053
0.0532952166605	0.0265848670757	21	242	3	0	17	0.447368421053
0.0535951762522	0.0265848670757	21	243	3	0	17	0.447368421053
0.0538075983012	0.0265848670757	21	244	3	0	17	0.447368421053
0.0538898874063	0.0265848670757	21	245	3	0	17	0.447368421053
0.0543064775748	0.0265848670757	21	246	3	0	17	0.447368421053
0.0547323916008	0.0265848670757	21	247	3	0	17	0.447368421053
0.0550217708962	0.0265848670757	21	248	3	0	17	0.447368421053
0.0551235881948	0.0265848670757	21	249	3	0	17	0.447368421053
0.0554579167731	0.0265848670757	21	250	3	0	17	0.447368421053
0.0555729483414	0.0265848670757	21	251	3	0	17	0.447368421053
0.0556389426804	0.0265848670757	21	252	3	0	17	0.447368421053
0.0561478270799	0.0245398773006	21	253	3	0	18	0.461538461538
0.056164146436	0.0245398773006	21	254	3	0	18	0.461538461538
0.0563175961602	0.0245398773006	21	255	3	0	18	0.461538461538
0.0566419967156	0.0245398773006	21	256	3	0	18	0.461538461538
0.0570533133033	0.0245398773006	21	257	3	0	18	0.461538461538
0.0571218460125	0.0245398773006	21	258	3	0	18	0.461538461538
0.0572789588832	0.0245398773006	21	259	3	0	18	0.461538461538
0.0573732714207	0.0245398773006	21	260	3	0	18	0.461538461538
0.057624232349	0.0245398773006	21	261	3	0	18	0.461538461538
0.0578232174366	0.0245398773006	21	262	3	0	18	0.461538461538
0.0579518625437	0.0224948875256	22	262	3	0	18	0.45
0.0580256468486	0.0224948875256	22	263	3	0	18	0.45
0.0581497837614	0.0224948875256	22	264	3	0	18	0.45
0.0589060604479	0.0224948875256	22	265	3	0	18	0.45
0.0589840568431	0.0224948875256	22	266	3	0	18	0.45
0.0590450284954	0.0224948875256	22	267	3	0	18	0.45
0.0593532566605	0.0224948875256	22	268	3	0	18	0.45
0.0594129216731	0.0224948875256	22	269	3	0	18	0.45
0.0594197671008	0.0224948875256	22	270	3	0	18	0.45
0.0594727942013	0.0224948875256	22	271	3	0	18	0.45
0.059523996801	0.0224948875256	22	272	3	0	18	0.45
0.0596887149193	0.0224948875256	22	273	3	0	18	0.45
0.0601622545012	0.0224948875256	22	274	3	0	18	0.45
0.0603558028614	0.0224948875256	22	275	3	0	18	0.45
0.0604639211753	0.0224948875256	22	276	3	0	18	0.45
0.0605480376252	0.0224948875256	22	277	3	0	18	0.45
0.0610320193781	0.0224948875256	22	278	3	0	18	0.45
0.0610899912215	0.0224948875256	22	279	3	0	18	0.45
0.0611198975439	0.0224948875256	22	280	3	0	18	0.45
0.0616402998945	0.0224948875256	22	281	3	0	18	0.45
0.0616656706214	0.0224948875256	22	282	3	0	18	0.45
0.0620659214813	0.0204498977505	22	283	3	0	19	0.463414634146
0.0620842379021	0.0204498977505	22	284	3	0	19	0.463414634146
0.0622383430229	0.0204498977505	22	285	3	0	19	0.463414634146
0.0624205096412	0.0204498977505	22	286	3	0	19	0.463414634146
0.0626493199425	0.0204498977505	22	287	3	0	19	0.463414634146
0.0631285603696	0.0204498977505	22	288	3	0	19	0.463414634146
0.0634311548028	0.0204498977505	22	289	3	0	19	0.463414634146
0.0638829799742	0.0204498977505	22	290	3	0	19	0.463414634146
0.0639717548457	0.0204498977505	22	291	3	0	19	0.463414634146
0.0644039337963	0.0204498977505	22	292	3	0	19	0.463414634146
0.0649740856426	0.0204498977505	22	293	3	0	19	0.463414634146
0.0651195248992	0.0204498977505	22	294	3	0	19	0.463414634146
0.0652671084164	0.0204498977505	22	295	3	0	19	0.463414634146
0.0653833403945	0.0204498977505	22	296	3	0	19	0.463414634146
0.0655802991115	0.0204498977505	22	297	3	0	19	0.463414634146
0.0656419569197	0.0204498977505	22	298	3	0	19	0.463414634146
0.0656450860786	0.0204498977505	22	299	3	0	19	0.463414634146
0.0657643249655	0.0204498977505	22	300	3	0	19	0.463414634146
0.0658469338018	0.0184049079755	22	301	3	0	20	0.47619047619
0.0658517667609	0.0184049079755	22	302	3	0	20	0.47619047619
0.0658923156817	0.0184049079755	22	303	3	0	20	0.47619047619
0.0659479474761	0.0184049079755	22	304	3	0	20	0.47619047619
0.0659487694138	0.0184049079755	22	305	3	0	20	0.47619047619
0.0661568474674	0.0184049079755	22	306	3	0	20	0.47619047619
0.0663689123472	0.0184049079755	22	307	3	0	20	0.47619047619
0.0671536085618	0.0184049079755	22	308	3	0	20	0.47619047619
0.0671869335227	0.0204498977505	23	308	3	0	20	0.46511627907
0.0674864745547	0.0204498977505	23	309	3	0	20	0.46511627907
0.067756403788	0.0204498977505	23	310	3	0	20	0.46511627907
0.0681301778266	0.0204498977505	23	311	3	0	20	0.46511627907
0.0682440917871	0.0204498977505	23	312	3	0	20	0.46511627907
0.0683686252076	0.0204498977505	23	313	3	0	20	0.46511627907
0.0683699138854	0.0204498977505	23	314	3	0	20	0.46511627907
0.0685272989911	0.0204498977505	23	315	3	0	20	0.46511627907
0.0691258516147	0.0204498977505	23	316	3	0	20	0.46511627907
0.0693309919996	0.0204498977505	23	317	3	0	20	0.46511627907
0.0694210930815	0.0204498977505	23	318	3	0	20	0.46511627907
0.0694955897542	0.0204498977505	23	319	3	0	20	0.46511627907
0.0695105567254	0.0204498977505	23	320	3	0	20	0.46511627907
0.0697139437365	0.0204498977505	23	321	3	0	20	0.46511627907
0.0697512785267	0.0204498977505	23	322	3	0	20	0.46511627907
0.069998411637	0.0204498977505	23	323	3	0	20	0.46511627907
0.0700068212465	0.0204498977505	23	324	3	0	20	0.46511627907
0.0700447832066	0.0204498977505	23	325	3	0	20	0.46511627907
0.0701408769983	0.0204498977505	23	326	3	0	20	0.46511627907
0.0702676844208	0.0204498977505	23	327	3	0	20	0.46511627907
0.0705043461108	0.0204498977505	23	328	3	0	20	0.46511627907
0.0705470562342	0.0204498977505	23	329	3	0	20	0.46511627907
0.0705693031684	0.0204498977505	23	330	3	0	20	0.46511627907
0.0709765519993	0.0204498977505	23	331	3	0	20	0.46511627907
0.0711351655874	0.0204498977505	23	332	3	0	20	0.46511627907
0.0712201143267	0.0204498977505	23	333	3	0	20	0.46511627907
0.0712243073173	0.0204498977505	23	334	3	0	20	0.46511627907
0.0716260774664	0.0204498977505	23	335	3	0	20	0.46511627907
0.0717527432839	0.0204498977505	23	336	3	0	20	0.46511627907
0.0722828408151	0.0204498977505	23	337	3	0	20	0.46511627907
0.072736989264	0.0204498977505	23	338	3	0	20	0.46511627907
0.0727866614157	0.0184049079755	23	339	3	0	21	0.477272727273
0.0734095485182	0.0184049079755	23	340	3	0	21	0.477272727273
0.0734146612012	0.0184049079755	23	341	3	0	21	0.477272727273
0.0735416600653	0.0184049079755	23	342	3	0	21	0.477272727273
0.0737899983101	0.0184049079755	23	343	3	0	21	0.477272727273
0.0740595870427	0.0204498977505	24	343	3	0	21	0.466666666667
0.0741970491986	0.0204498977505	24	344	3	0	21	0.466666666667
0.0742586217942	0.0204498977505	24	345	3	0	21	0.466666666667
0.0743810376284	0.0204498977505	24	346	3	0	21	0.466666666667
0.0746066770099	0.0204498977505	24	347	3	0	21	0.466666666667
0.0746789630989	0.0204498977505	24	348	3	0	21	0.466666666667
0.0748147340424	0.0204498977505	24	349	3	0	21	0.466666666667
0.0751706616904	0.0204498977505	24	350	3	0	21	0.466666666667
0.0753889506117	0.0204498977505	24	351	3	0	21	0.466666666667
0.0754411870065	0.0204498977505	24	352	3	0	21	0.466666666667
0.075507447003	0.0204498977505	24	353	3	0	21	0.466666666667
0.0762035353099	0.0204498977505	24	354	3	0	21	0.466666666667
0.0762927080591	0.0204498977505	24	355	3	0	21	0.466666666667
0.0764988909523	0.0204498977505	24	356	3	0	21	0.466666666667
0.0765911047215	0.0204498977505	24	357	3	0	21	0.466666666667
0.0767544280723	0.0204498977505	24	358	3	0	21	0.466666666667
0.0769361149001	0.0204498977505	24	359	3	0	21	0.466666666667
0.0773874555351	0.0204498977505	24	360	3	0	21	0.466666666667
0.0775828016877	0.0204498977505	24	361	3	0	21	0.466666666667
0.077960510255	0.0204498977505	24	362	3	0	21	0.466666666667
0.0780978192653	0.0204498977505	24	363	3	0	21	0.466666666667
0.078191244618	0.0184049079755	24	364	3	0	22	0.478260869565
0.0783173814423	0.0184049079755	24	365	3	0	22	0.478260869565
0.0784007762905	0.0184049079755	24	366	3	0	22	0.478260869565
0.078513437739	0.0184049079755	24	367	3	0	22	0.478260869565
0.0787415466932	0.0184049079755	24	368	3	0	22	0.478260869565
0.0789580544012	0.0184049079755	24	369	3	0	22	0.478260869565
0.0790277591677	0.0184049079755	24	370	3	0	22	0.478260869565
0.0791051343312	0.0184049079755	24	371	3	0	22	0.478260869565
0.0792830461258	0.0184049079755	24	372	3	0	22	0.478260869565
0.0793203836511	0.0184049079755	24	373	3	0	22	0.478260869565
0.0794303214451	0.0184049079755	24	374	3	0	22	0.478260869565
0.0798638656621	0.0184049079755	24	375	3	0	22	0.478260869565
0.0798919737414	0.0163599182004	24	376	3	0	23	0.489361702128
0.0800314688802	0.0163599182004	24	377	3	0	23	0.489361702128
0.0800452852699	0.0163599182004	24	378	3	0	23	0.489361702128
0.0803800889671	0.0163599182004	24	379	3	0	23	0.489361702128
0.0803875761743	0.0163599182004	24	380	3	0	23	0.489361702128
0.0804566532617	0.0163599182004	24	381	3	0	23	0.489361702128
0.0807253151351	0.0163599182004	24	382	3	0	23	0.489361702128
0.081125364633	0.0163599182004	24	383	3	0	23	0.489361702128
0.081545203159	0.0163599182004	24	384	3	0	23	0.489361702128
0.0816038355792	0.0184049079755	25	384	3	0	23	0.479166666667
0.0816121282559	0.0184049079755	25	385	3	0	23	0.479166666667
0.0821348563723	0.0163599182004	25	386	3	0	24	0.489795918367
0.0822343173568	0.0163599182004	25	387	3	0	24	0.489795918367
0.082328872343	0.0163599182004	25	388	3	0	24	0.489795918367
0.082437160782	0.0184049079755	26	388	3	0	24	0.48
0.0825771280288	0.0184049079755	26	389	3	0	24	0.48
0.0825858076139	0.0184049079755	26	390	3	0	24	0.48
0.0828949531346	0.0184049079755	26	391	3	0	24	0.48
0.0829321946896	0.0184049079755	26	392	3	0	24	0.48
0.0835090584057	0.0184049079755	26	393	3	0	24	0.48
0.0835628819176	0.0184049079755	26	394	3	0	24	0.48
0.0837054845568	0.0184049079755	26	395	3	0	24	0.48
0.0839808085931	0.0184049079755	26	396	3	0	24	0.48
0.0841898162512	0.0184049079755	26	397	3	0	24	0.48
0.0844559938431	0.0184049079755	26	398	3	0	24	0.48
0.0844672492571	0.0184049079755	26	399	3	0	24	0.48
0.0845016839734	0.0184049079755	26	400	3	0	24	0.48
0.0848334619223	0.0184049079755	26	401	3	0	24	0.48
0.0849741403264	0.0163599182004	26	402	3	0	25	0.490196078431
0.0850919339845	0.0163599182004	26	403	3	0	25	0.490196078431
0.0854657384068	0.0163599182004	26	404	3	0	25	0.490196078431
0.0856450434804	0.0163599182004	26	405	3	0	25	0.490196078431
0.0856727457779	0.0163599182004	26	406	3	0	25	0.490196078431
0.0861189319484	0.0163599182004	26	407	3	0	25	0.490196078431
0.0861531797025	0.0163599182004	26	408	3	0	25	0.490196078431
0.0862537941107	0.0163599182004	26	409	3	0	25	0.490196078431
0.0863051886184	0.0163599182004	26	410	3	0	25	0.490196078431
0.0864636563221	0.0163599182004	26	411	3	0	25	0.490196078431
0.086569077254	0.0163599182004	26	412	3	0	25	0.490196078431
0.086591181206	0.0163599182004	26	413	3	0	25	0.490196078431
0.0868344618443	0.0163599182004	26	414	3	0	25	0.490196078431
0.0869417690678	0.0163599182004	26	415	3	0	25	0.490196078431
0.0870459142528	0.0163599182004	26	416	3	0	25	0.490196078431
0.0875187143711	0.0163599182004	26	417	3	0	25	0.490196078431
0.087771571765	0.0163599182004	26	418	3	0	25	0.490196078431
0.0878530603222	0.0184049079755	27	418	3	0	25	0.480769230769
0.0881414255024	0.0204498977505	28	418	3	0	25	0.471698113208
0.0881930069489	0.0204498977505	28	419	3	0	25	0.471698113208
0.0883219831995	0.0204498977505	28	420	3	0	25	0.471698113208
0.0883635157638	0.0204498977505	28	421	3	0	25	0.471698113208
0.08841518964	0.0224948875256	29	421	3	0	25	0.462962962963
0.0890584115928	0.0224948875256	29	422	3	0	25	0.462962962963
0.089358408828	0.0224948875256	29	423	3	0	25	0.462962962963
0.0894869761803	0.0224948875256	29	424	3	0	25	0.462962962963
0.0895324003363	0.0245398773006	30	424	3	0	25	0.454545454545
0.0899264927161	0.0245398773006	30	425	3	0	25	0.454545454545
0.0901739555575	0.0245398773006	30	426	3	0	25	0.454545454545
0.0902777753981	0.0245398773006	30	427	3	0	25	0.454545454545
0.0905624105669	0.0245398773006	30	428	3	0	25	0.454545454545
0.0913364017754	0.0245398773006	30	429	3	0	25	0.454545454545
0.0915500717685	0.0245398773006	30	430	3	0	25	0.454545454545
0.0919038864019	0.0245398773006	30	431	3	0	25	0.454545454545
0.091918037095	0.0245398773006	30	432	3	0	25	0.454545454545
0.092213285086	0.0245398773006	30	433	3	0	25	0.454545454545
0.0923869384483	0.0245398773006	30	434	3	0	25	0.454545454545
0.0926358126662	0.0245398773006	30	435	3	0	25	0.454545454545
0.0927293390013	0.0265848670757	31	435	3	0	25	0.446428571429
0.0927974461315	0.0265848670757	31	436	3	0	25	0.446428571429
0.09304322651	0.0265848670757	31	437	3	0	25	0.446428571429
0.0931393429154	0.0265848670757	31	438	3	0	25	0.446428571429
0.0932279253236	0.0265848670757	31	439	3	0	25	0.446428571429
0.0932977215404	0.0265848670757	31	440	3	0	25	0.446428571429
0.0933330417467	0.0265848670757	31	441	3	0	25	0.446428571429
0.0934430450114	0.0245398773006	31	442	3	0	26	0.456140350877
0.0935648840704	0.0245398773006	31	443	3	0	26	0.456140350877
0.0939830898158	0.0245398773006	31	444	3	0	26	0.456140350877
0.0944406045538	0.0245398773006	31	445	3	0	26	0.456140350877
0.094872590413	0.0245398773006	31	446	3	0	26	0.456140350877
0.095189167033	0.0224948875256	31	447	3	0	27	0.465517241379
0.0953092803882	0.0224948875256	31	448	3	0	27	0.465517241379
0.0953600100491	0.0245398773006	32	448	3	0	27	0.457627118644
0.0954613813063	0.0224948875256	32	449	3	0	28	0.466666666667
0.0955128042565	0.0224948875256	32	450	3	0	28	0.466666666667
0.0957448943255	0.0224948875256	32	451	3	0	28	0.466666666667
0.0964595078125	0.0224948875256	32	452	3	0	28	0.466666666667
0.0965088050006	0.0204498977505	32	453	3	0	29	0.475409836066
0.096685658326	0.0204498977505	32	454	3	0	29	0.475409836066
0.0968590282599	0.0204498977505	32	455	3	0	29	0.475409836066
0.0968733010513	0.0204498977505	32	456	3	0	29	0.475409836066
0.096902356053	0.0204498977505	32	457	3	0	29	0.475409836066
0.0971518019075	0.0204498977505	32	458	3	0	29	0.475409836066
0.097470054414	0.0204498977505	32	459	3	0	29	0.475409836066
0.0977287961945	0.0204498977505	32	460	3	0	29	0.475409836066
0.0977581060563	0.0224948875256	33	460	3	0	29	0.467741935484
0.0977606237654	0.0224948875256	33	461	3	0	29	0.467741935484
0.0979345277433	0.0224948875256	33	462	3	0	29	0.467741935484
0.0981049357026	0.0224948875256	33	463	3	0	29	0.467741935484
0.0983745939319	0.0224948875256	33	464	3	0	29	0.467741935484
0.0984380272095	0.0224948875256	33	465	3	0	29	0.467741935484
0.0986438872437	0.0224948875256	33	466	3	0	29	0.467741935484
0.0987821590038	0.0224948875256	33	467	3	0	29	0.467741935484
0.0992242122923	0.0224948875256	33	468	3	0	29	0.467741935484
0.0993440588169	0.0224948875256	33	469	3	0	29	0.467741935484
0.0993464513983	0.0224948875256	33	470	3	0	29	0.467741935484
0.100034435553	0.0224948875256	33	471	3	0	29	0.467741935484
0.100112183932	0.0224948875256	33	472	3	0	29	0.467741935484
0.100115217723	0.0224948875256	33	473	3	0	29	0.467741935484
0.100286599493	0.0224948875256	33	474	3	0	29	0.467741935484
0.100484576078	0.0224948875256	33	475	3	0	29	0.467741935484
0.100657727201	0.0224948875256	33	476	3	0	29	0.467741935484
0.100700383673	0.0224948875256	33	477	3	0	29	0.467741935484
0.101032690076	0.0224948875256	33	478	3	0	29	0.467741935484
0.101681946812	0.0224948875256	33	479	3	0	29	0.467741935484
0.101822678961	0.0204498977505	33	480	3	0	30	0.47619047619
0.101911760092	0.0204498977505	33	481	3	0	30	0.47619047619
0.102335122624	0.0204498977505	33	482	3	0	30	0.47619047619
0.102364597303	0.0204498977505	33	483	3	0	30	0.47619047619
0.102596647402	0.0204498977505	33	484	3	0	30	0.47619047619
0.102613170723	0.0204498977505	33	485	3	0	30	0.47619047619
0.103204013251	0.0204498977505	33	486	3	0	30	0.47619047619
0.103285611486	0.0204498977505	33	487	3	0	30	0.47619047619
0.103372151393	0.0184049079755	33	488	3	0	31	0.484375
0.103755457651	0.0184049079755	33	489	3	0	31	0.484375
0.103812447984	0.0184049079755	33	490	3	0	31	0.484375
0.10382489138	0.0184049079755	33	491	3	0	31	0.484375
0.103949512967	0.0184049079755	33	492	3	0	31	0.484375
0.104087968439	0.0184049079755	33	493	3	0	31	0.484375
0.104246814918	0.0184049079755	33	494	3	0	31	0.484375
0.104611649826	0.0184049079755	33	495	3	0	31	0.484375
0.10516257528	0.0184049079755	33	496	3	0	31	0.484375
0.105168141353	0.0184049079755	33	497	3	0	31	0.484375
0.105171934696	0.0184049079755	33	498	3	0	31	0.484375
0.1052313068	0.0184049079755	33	499	3	0	31	0.484375
0.105266907338	0.0184049079755	33	500	3	0	31	0.484375
0.105340022173	0.0184049079755	33	501	3	0	31	0.484375
0.105803139556	0.0184049079755	33	502	3	0	31	0.484375
0.105865773643	0.0184049079755	33	503	3	0	31	0.484375
0.10622493829	0.0204498977505	34	503	3	0	31	0.476923076923
0.106346428682	0.0204498977505	34	504	3	0	31	0.476923076923
0.106404461735	0.0204498977505	34	505	3	0	31	0.476923076923
0.106454896018	0.0204498977505	34	506	3	0	31	0.476923076923
0.106680145072	0.0204498977505	34	507	3	0	31	0.476923076923
0.106691549104	0.0204498977505	34	508	3	0	31	0.476923076923
0.106697796766	0.0204498977505	34	509	3	0	31	0.476923076923
0.106830539921	0.0204498977505	34	510	3	0	31	0.476923076923
0.107221182974	0.0204498977505	34	511	3	0	31	0.476923076923
0.107762959028	0.0204498977505	34	512	3	0	31	0.476923076923
0.108523983439	0.0204498977505	34	513	3	0	31	0.476923076923
0.108595971174	0.0204498977505	34	514	3	0	31	0.476923076923
0.108885570774	0.0184049079755	34	515	3	0	32	0.484848484848
0.109566552583	0.0184049079755	34	516	3	0	32	0.484848484848
0.109762709311	0.0204498977505	35	516	3	0	32	0.477611940299
0.110233116385	0.0204498977505	35	517	3	0	32	0.477611940299
0.110289477654	0.0204498977505	35	518	3	0	32	0.477611940299
0.110355788123	0.0204498977505	35	519	3	0	32	0.477611940299
0.110461086699	0.0204498977505	35	520	3	0	32	0.477611940299
0.111055298817	0.0204498977505	35	521	3	0	32	0.477611940299
0.111538534835	0.0204498977505	35	522	3	0	32	0.477611940299
0.112019161776	0.0204498977505	35	523	3	0	32	0.477611940299
0.112212123886	0.0204498977505	35	524	3	0	32	0.477611940299
0.112360835287	0.0204498977505	35	525	3	0	32	0.477611940299
0.112776997289	0.0204498977505	35	526	3	0	32	0.477611940299
0.113085875721	0.0204498977505	35	527	3	0	32	0.477611940299
0.113115809535	0.0204498977505	35	528	3	0	32	0.477611940299
0.113199128198	0.0204498977505	35	529	3	0	32	0.477611940299
0.113301572786	0.0204498977505	35	530	3	0	32	0.477611940299
0.113500416527	0.0204498977505	35	531	3	0	32	0.477611940299
0.113695656957	0.0204498977505	35	532	3	0	32	0.477611940299
0.113884001533	0.0204498977505	35	533	3	0	32	0.477611940299
0.114309601064	0.0224948875256	36	533	3	0	32	0.470588235294
0.114574926768	0.0224948875256	36	534	3	0	32	0.470588235294
0.114833217207	0.0224948875256	36	535	3	0	32	0.470588235294
0.114910571025	0.0224948875256	36	536	3	0	32	0.470588235294
0.114980504708	0.0224948875256	36	537	3	0	32	0.470588235294
0.11509905761	0.0224948875256	36	538	3	0	32	0.470588235294
0.115149395	0.0224948875256	36	539	3	0	32	0.470588235294
0.115358556775	0.0224948875256	36	540	3	0	32	0.470588235294
0.115898137291	0.0224948875256	36	541	3	0	32	0.470588235294
0.11663747152	0.0224948875256	36	542	3	0	32	0.470588235294
0.116746526647	0.0204498977505	36	543	3	0	33	0.478260869565
0.11677529149	0.0184049079755	36	544	3	0	34	0.485714285714
0.11684037276	0.0184049079755	36	545	3	0	34	0.485714285714
0.117371057287	0.0184049079755	36	546	3	0	34	0.485714285714
0.117735003563	0.0184049079755	36	547	3	0	34	0.485714285714
0.117900966063	0.0163599182004	36	548	3	0	35	0.492957746479
0.117940285529	0.0163599182004	36	549	3	0	35	0.492957746479
0.118590831499	0.0163599182004	36	550	3	0	35	0.492957746479
0.118956981927	0.0163599182004	36	551	3	0	35	0.492957746479
0.119000667315	0.0163599182004	36	552	3	0	35	0.492957746479
0.119080762197	0.0163599182004	36	553	3	0	35	0.492957746479
0.119130395764	0.0163599182004	36	554	3	0	35	0.492957746479
0.119330894753	0.0163599182004	36	555	3	0	35	0.492957746479
0.119718678362	0.0163599182004	36	556	3	0	35	0.492957746479
0.119755243221	0.0163599182004	36	557	3	0	35	0.492957746479
0.119860783857	0.0163599182004	36	558	3	0	35	0.492957746479
0.120235925229	0.0163599182004	36	559	3	0	35	0.492957746479
0.120293144958	0.0163599182004	36	560	3	0	35	0.492957746479
0.120436532927	0.0163599182004	36	561	3	0	35	0.492957746479
0.120476417444	0.0163599182004	36	562	3	0	35	0.492957746479
0.120645780719	0.0163599182004	36	563	3	0	35	0.492957746479
0.120725819258	0.0163599182004	36	564	3	0	35	0.492957746479
0.120822535923	0.0163599182004	36	565	3	0	35	0.492957746479
0.121012043661	0.0163599182004	36	566	3	0	35	0.492957746479
0.121057656282	0.0163599182004	36	567	3	0	35	0.492957746479
0.121224160367	0.0143149284254	36	568	3	0	36	0.5
0.121556531366	0.0143149284254	36	569	3	0	36	0.5
0.122218145918	0.0143149284254	36	570	3	0	36	0.5
0.122218989947	0.0143149284254	36	571	3	0	36	0.5
0.122377543954	0.0143149284254	36	572	3	0	36	0.5
0.122552616242	0.0143149284254	36	573	3	0	36	0.5
0.122608356992	0.0143149284254	36	574	3	0	36	0.5
0.122632553103	0.0143149284254	36	575	3	0	36	0.5
0.122691297987	0.0143149284254	36	576	3	0	36	0.5
0.122798401004	0.0143149284254	36	577	3	0	36	0.5
0.123343004309	0.0143149284254	36	578	3	0	36	0.5
0.123346451153	0.0143149284254	36	579	3	0	36	0.5
0.123401061599	0.0143149284254	36	580	3	0	36	0.5
0.123933137466	0.0143149284254	36	581	3	0	36	0.5
0.123938736978	0.0143149284254	36	582	3	0	36	0.5
0.12412579438	0.0163599182004	37	582	3	0	36	0.493150684932
0.124143035496	0.0163599182004	37	583	3	0	36	0.493150684932
0.124152955674	0.0163599182004	37	584	3	0	36	0.493150684932
0.12453231078	0.0163599182004	37	585	3	0	36	0.493150684932
0.12506268627	0.0163599182004	37	586	3	0	36	0.493150684932
0.125173492378	0.0163599182004	37	587	3	0	36	0.493150684932
0.125691918148	0.0163599182004	37	588	3	0	36	0.493150684932
0.125960492345	0.0163599182004	37	589	3	0	36	0.493150684932
0.125960508083	0.0163599182004	37	590	3	0	36	0.493150684932
0.126012925047	0.0163599182004	37	591	3	0	36	0.493150684932
0.126303590729	0.0163599182004	37	592	3	0	36	0.493150684932
0.126359432422	0.0163599182004	37	593	3	0	36	0.493150684932
0.126807528486	0.0163599182004	37	594	3	0	36	0.493150684932
0.126831054149	0.0163599182004	37	595	3	0	36	0.493150684932
0.127176578785	0.0163599182004	37	596	3	0	36	0.493150684932
0.127251362178	0.0184049079755	38	596	3	0	36	0.486486486486
0.127543289794	0.0184049079755	38	597	3	0	36	0.486486486486
0.12756061768	0.0184049079755	38	598	3	0	36	0.486486486486
0.127629669998	0.0184049079755	38	599	3	0	36	0.486486486486
0.127694516216	0.0204498977505	39	599	3	0	36	0.48
0.127796988554	0.0204498977505	39	600	3	0	36	0.48
0.127890766624	0.0204498977505	39	601	3	0	36	0.48
0.128076615681	0.0204498977505	39	602	3	0	36	0.48
0.128180873084	0.0204498977505	39	603	3	0	36	0.48
0.128367036904	0.0204498977505	39	604	3	0	36	0.48
0.128821119221	0.0204498977505	39	605	3	0	36	0.48
0.128850684963	0.0204498977505	39	606	3	0	36	0.48
0.129376644858	0.0204498977505	39	607	3	0	36	0.48
0.129612578741	0.0204498977505	39	608	3	0	36	0.48
0.129700672296	0.0204498977505	39	609	3	0	36	0.48
0.130644361507	0.0204498977505	39	610	3	0	36	0.48
0.130757810401	0.0204498977505	39	611	3	0	36	0.48
0.130758887937	0.0204498977505	39	612	3	0	36	0.48
0.130858671226	0.0204498977505	39	613	3	0	36	0.48
0.131021345784	0.0204498977505	39	614	3	0	36	0.48
0.131051845778	0.0204498977505	39	615	3	0	36	0.48
0.131129473094	0.0224948875256	40	615	3	0	36	0.473684210526
0.131567809735	0.0224948875256	40	616	3	0	36	0.473684210526
0.131687969065	0.0224948875256	40	617	3	0	36	0.473684210526
0.131703405609	0.0224948875256	40	618	3	0	36	0.473684210526
0.131892317614	0.0224948875256	40	619	3	0	36	0.473684210526
0.132666755986	0.0224948875256	40	620	3	0	36	0.473684210526
0.132796324524	0.0224948875256	40	621	3	0	36	0.473684210526
0.132805647306	0.0224948875256	40	622	3	0	36	0.473684210526
0.132996773233	0.0224948875256	40	623	3	0	36	0.473684210526
0.133197404951	0.0224948875256	40	624	3	0	36	0.473684210526
0.133337732126	0.0224948875256	40	625	3	0	36	0.473684210526
0.13353930614	0.0224948875256	40	626	3	0	36	0.473684210526
0.133556221278	0.0224948875256	40	627	3	0	36	0.473684210526
0.133619692721	0.0224948875256	40	628	3	0	36	0.473684210526
0.133620232387	0.0204498977505	40	629	3	0	37	0.480519480519
0.133657552768	0.0204498977505	40	630	3	0	37	0.480519480519
0.133900010857	0.0204498977505	40	631	3	0	37	0.480519480519
0.133953611577	0.0204498977505	40	632	3	0	37	0.480519480519
0.134089612812	0.0184049079755	40	633	3	0	38	0.487179487179
0.134160381274	0.0184049079755	40	634	3	0	38	0.487179487179
0.134229519221	0.0184049079755	40	635	3	0	38	0.487179487179
0.134257008172	0.0184049079755	40	636	3	0	38	0.487179487179
0.134730810453	0.0184049079755	40	637	3	0	38	0.487179487179
0.134743554877	0.0184049079755	40	638	3	0	38	0.487179487179
0.134770715039	0.0163599182004	40	639	3	0	39	0.493670886076
0.134794732171	0.0163599182004	40	640	3	0	39	0.493670886076
0.134859510466	0.0163599182004	40	641	3	0	39	0.493670886076
0.135287892865	0.0184049079755	41	641	3	0	39	0.4875
0.135603040695	0.0184049079755	41	642	3	0	39	0.4875
0.135655673126	0.0184049079755	41	643	3	0	39	0.4875
0.13569849891	0.0184049079755	41	644	3	0	39	0.4875
0.136156937942	0.0184049079755	41	645	3	0	39	0.4875
0.136315240555	0.0184049079755	41	646	3	0	39	0.4875
0.136348205283	0.0184049079755	41	647	3	0	39	0.4875
0.136490118986	0.0184049079755	41	648	3	0	39	0.4875
0.136822701425	0.0184049079755	41	649	3	0	39	0.4875
0.136920909674	0.0184049079755	41	650	3	0	39	0.4875
0.136985686625	0.0204498977505	42	650	3	0	39	0.481481481481
0.137338199904	0.0204498977505	42	651	3	0	39	0.481481481481
0.137425067366	0.0224948875256	43	651	3	0	39	0.475609756098
0.137584377881	0.0245398773006	44	651	3	0	39	0.469879518072
0.137932287494	0.0245398773006	44	652	3	0	39	0.469879518072
0.137986501526	0.0224948875256	44	653	3	0	40	0.47619047619
0.138052612131	0.0224948875256	44	654	3	0	40	0.47619047619
0.138298730614	0.0224948875256	44	655	3	0	40	0.47619047619
0.138661711673	0.0224948875256	44	656	3	0	40	0.47619047619
0.138712634601	0.0245398773006	45	656	3	0	40	0.470588235294
0.138742237464	0.0245398773006	45	657	3	0	40	0.470588235294
0.138897466713	0.0245398773006	45	658	3	0	40	0.470588235294
0.139137575859	0.0245398773006	45	659	3	0	40	0.470588235294
0.139380066552	0.0245398773006	45	660	3	0	40	0.470588235294
0.139571606094	0.0245398773006	45	661	3	0	40	0.470588235294
0.139665052601	0.0265848670757	46	661	3	0	40	0.46511627907
0.139882081291	0.0265848670757	46	662	3	0	40	0.46511627907
0.13988993198	0.0265848670757	46	663	3	0	40	0.46511627907
0.140460409746	0.0265848670757	46	664	3	0	40	0.46511627907
0.140486897861	0.0265848670757	46	665	3	0	40	0.46511627907
0.140562108269	0.0265848670757	46	666	3	0	40	0.46511627907
0.140791599396	0.0265848670757	46	667	3	0	40	0.46511627907
0.140825647327	0.0265848670757	46	668	3	0	40	0.46511627907
0.140859131636	0.0265848670757	46	669	3	0	40	0.46511627907
0.141041908218	0.0286298568507	47	669	3	0	40	0.459770114943
0.141070391412	0.0286298568507	47	670	3	0	40	0.459770114943
0.141240630824	0.0286298568507	47	671	3	0	40	0.459770114943
0.141416295019	0.0286298568507	47	672	3	0	40	0.459770114943
0.141484401459	0.0286298568507	47	673	3	0	40	0.459770114943
0.141568142682	0.0286298568507	47	674	3	0	40	0.459770114943
0.14182107334	0.0286298568507	47	675	3	0	40	0.459770114943
0.142120042311	0.0286298568507	47	676	3	0	40	0.459770114943
0.142140951355	0.0286298568507	47	677	3	0	40	0.459770114943
0.142179652192	0.0286298568507	47	678	3	0	40	0.459770114943
0.142319873237	0.0265848670757	47	679	3	0	41	0.465909090909
0.142459872486	0.0265848670757	47	680	3	0	41	0.465909090909
0.142780878214	0.0265848670757	47	681	3	0	41	0.465909090909
0.142935240495	0.0265848670757	47	682	3	0	41	0.465909090909
0.143184084918	0.0265848670757	47	683	3	0	41	0.465909090909
0.144486403544	0.0265848670757	47	684	3	0	41	0.465909090909
0.144591951112	0.0265848670757	47	685	3	0	41	0.465909090909
0.144787452095	0.0265848670757	47	686	3	0	41	0.465909090909
0.144867781517	0.0265848670757	47	687	3	0	41	0.465909090909
0.144998595063	0.0265848670757	47	688	3	0	41	0.465909090909
0.145293343784	0.0265848670757	47	689	3	0	41	0.465909090909
0.145491476716	0.0265848670757	47	690	3	0	41	0.465909090909
0.145623119035	0.0265848670757	47	691	3	0	41	0.465909090909
0.145844458418	0.0265848670757	47	692	3	0	41	0.465909090909
0.145875556053	0.0265848670757	47	693	3	0	41	0.465909090909
0.146137004665	0.0265848670757	47	694	3	0	41	0.465909090909
0.146332199538	0.0265848670757	47	695	3	0	41	0.465909090909
0.146583629488	0.0265848670757	47	696	3	0	41	0.465909090909
0.147055908902	0.0265848670757	47	697	3	0	41	0.465909090909
0.147074729109	0.0265848670757	47	698	3	0	41	0.465909090909
0.147395410479	0.0265848670757	47	699	3	0	41	0.465909090909
0.147636690612	0.0265848670757	47	700	3	0	41	0.465909090909
0.147829174707	0.0265848670757	47	701	3	0	41	0.465909090909
0.148200882323	0.0265848670757	47	702	3	0	41	0.465909090909
0.148324672571	0.0265848670757	47	703	3	0	41	0.465909090909
0.148588213873	0.0265848670757	47	704	3	0	41	0.465909090909
0.148832188938	0.0265848670757	47	705	3	0	41	0.465909090909
0.149157161987	0.0265848670757	47	706	3	0	41	0.465909090909
0.149655383909	0.0265848670757	47	707	3	0	41	0.465909090909
0.149907836377	0.0265848670757	47	708	3	0	41	0.465909090909
0.149937969169	0.0265848670757	47	709	3	0	41	0.465909090909
0.149983286233	0.0265848670757	47	710	3	0	41	0.465909090909
0.150073240227	0.0265848670757	47	711	3	0	41	0.465909090909
0.150751649989	0.0286298568507	48	711	3	0	41	0.460674157303
0.1512594027	0.0286298568507	48	712	3	0	41	0.460674157303
0.151323283086	0.0286298568507	48	713	3	0	41	0.460674157303
0.151349786533	0.0286298568507	48	714	3	0	41	0.460674157303
0.151715913421	0.0286298568507	48	715	3	0	41	0.460674157303
0.151813652208	0.0286298568507	48	716	3	0	41	0.460674157303
0.152043851453	0.0286298568507	48	717	3	0	41	0.460674157303
0.152486358562	0.0286298568507	48	718	3	0	41	0.460674157303
0.153016850507	0.0306748466258	49	718	3	0	41	0.455555555556
0.153204066183	0.0306748466258	49	719	3	0	41	0.455555555556
0.153410674802	0.0306748466258	49	720	3	0	41	0.455555555556
0.153982681211	0.0306748466258	49	721	3	0	41	0.455555555556
0.153997542714	0.0306748466258	49	722	3	0	41	0.455555555556
0.155078318135	0.0306748466258	49	723	3	0	41	0.455555555556
0.155161666642	0.0306748466258	49	724	3	0	41	0.455555555556
0.155204695019	0.0306748466258	49	725	3	0	41	0.455555555556
0.155267401211	0.0306748466258	49	726	3	0	41	0.455555555556
0.155420077861	0.0286298568507	49	727	3	0	42	0.461538461538
0.155757282142	0.0286298568507	49	728	3	0	42	0.461538461538
0.156792379967	0.0265848670757	49	729	3	0	43	0.467391304348
0.15682800545	0.0265848670757	49	730	3	0	43	0.467391304348
0.157194496695	0.0265848670757	49	731	3	0	43	0.467391304348
0.157649405816	0.0265848670757	49	732	3	0	43	0.467391304348
0.157652637271	0.0265848670757	49	733	3	0	43	0.467391304348
0.157677168634	0.0265848670757	49	734	3	0	43	0.467391304348
0.157727110324	0.0245398773006	49	735	3	0	44	0.47311827957
0.15778895926	0.0245398773006	49	736	3	0	44	0.47311827957
0.157814233812	0.0245398773006	49	737	3	0	44	0.47311827957
0.157997068363	0.0245398773006	49	738	3	0	44	0.47311827957
0.158554447977	0.0245398773006	49	739	3	0	44	0.47311827957
0.158563747921	0.0245398773006	49	740	3	0	44	0.47311827957
0.158767097451	0.0245398773006	49	741	3	0	44	0.47311827957
0.158918485108	0.0245398773006	49	742	3	0	44	0.47311827957
0.159356801704	0.0245398773006	49	743	3	0	44	0.47311827957
0.159406016378	0.0224948875256	49	744	3	0	45	0.478723404255
0.159501718805	0.0224948875256	49	745	3	0	45	0.478723404255
0.159577816458	0.0224948875256	49	746	3	0	45	0.478723404255
0.159747475062	0.0224948875256	49	747	3	0	45	0.478723404255
0.159934958535	0.0224948875256	49	748	3	0	45	0.478723404255
0.160263413431	0.0224948875256	49	749	3	0	45	0.478723404255
0.160275179107	0.0224948875256	49	750	3	0	45	0.478723404255
0.161086764315	0.0224948875256	49	751	3	0	45	0.478723404255
0.161089280468	0.0224948875256	49	752	3	0	45	0.478723404255
0.161647561432	0.0224948875256	49	753	3	0	45	0.478723404255
0.161648836576	0.0224948875256	49	754	3	0	45	0.478723404255
0.162125014671	0.0224948875256	49	755	3	0	45	0.478723404255
0.162274075911	0.0204498977505	49	756	3	0	46	0.484210526316
0.162670536056	0.0204498977505	49	757	3	0	46	0.484210526316
0.163147295827	0.0204498977505	49	758	3	0	46	0.484210526316
0.163362108609	0.0204498977505	49	759	3	0	46	0.484210526316
0.163717041004	0.0204498977505	49	760	3	0	46	0.484210526316
0.164105420967	0.0204498977505	49	761	3	0	46	0.484210526316
0.164694222996	0.0204498977505	49	762	3	0	46	0.484210526316
0.165328637567	0.0224948875256	50	762	3	0	46	0.479166666667
0.165798526072	0.0224948875256	50	763	3	0	46	0.479166666667
0.165961869036	0.0224948875256	50	764	3	0	46	0.479166666667
0.166327761764	0.0204498977505	50	765	3	0	47	0.484536082474
0.166630811734	0.0204498977505	50	766	3	0	47	0.484536082474
0.166655538117	0.0184049079755	50	767	3	0	48	0.489795918367
0.166765366011	0.0184049079755	50	768	3	0	48	0.489795918367
0.167263382864	0.0184049079755	50	769	3	0	48	0.489795918367
0.167426884065	0.0184049079755	50	770	3	0	48	0.489795918367
0.167793842059	0.0184049079755	50	771	3	0	48	0.489795918367
0.167822271062	0.0184049079755	50	772	3	0	48	0.489795918367
0.167829239624	0.0184049079755	50	773	3	0	48	0.489795918367
0.168008555146	0.0184049079755	50	774	3	0	48	0.489795918367
0.168124560068	0.0184049079755	50	775	3	0	48	0.489795918367
0.168490877374	0.0184049079755	50	776	3	0	48	0.489795918367
0.168500545399	0.0184049079755	50	777	3	0	48	0.489795918367
0.168534418783	0.0184049079755	50	778	3	0	48	0.489795918367
0.168659453709	0.0184049079755	50	779	3	0	48	0.489795918367
0.169414148609	0.0184049079755	50	780	3	0	48	0.489795918367
0.169487576859	0.0184049079755	50	781	3	0	48	0.489795918367
0.169712479236	0.0184049079755	50	782	3	0	48	0.489795918367
0.169862470472	0.0184049079755	50	783	3	0	48	0.489795918367
0.169904805253	0.0184049079755	50	784	3	0	48	0.489795918367
0.170083005717	0.0184049079755	50	785	3	0	48	0.489795918367
0.170090289414	0.0184049079755	50	786	3	0	48	0.489795918367
0.170169404515	0.0184049079755	50	787	3	0	48	0.489795918367
0.170945320415	0.0184049079755	50	788	3	0	48	0.489795918367
0.171290629727	0.0184049079755	50	789	3	0	48	0.489795918367
0.171348812186	0.0184049079755	50	790	3	0	48	0.489795918367
