# time 	 divergence 	 # of mutations 	 # IGC chances 	 IGC length 	 # IGC failures 	 Changes due to IGC  	 % change due to IGC 
0.0	0.0184049079755	0	0	0	0	0	0.0
0.000887374411705	0.0184049079755	0	1	3	0	0	0.0
0.000895575665422	0.0184049079755	0	2	3	0	0	0.0
0.0011523545457	0.0184049079755	0	3	3	0	0	0.0
0.00132653676782	0.0184049079755	0	4	3	0	0	0.0
0.00145458059484	0.0184049079755	0	5	3	0	0	0.0
0.00173218253787	0.0184049079755	0	6	3	0	0	0.0
0.00225794095019	0.0184049079755	0	7	3	0	0	0.0
0.00237796541229	0.0184049079755	0	8	3	0	0	0.0
0.00245326241045	0.0184049079755	0	9	3	0	0	0.0
0.00281230020142	0.0184049079755	0	10	3	0	0	0.0
0.0029772134787	0.0184049079755	0	11	3	0	0	0.0
0.00321518481464	0.0184049079755	0	12	3	0	0	0.0
0.00334913985703	0.0184049079755	0	13	3	0	0	0.0
0.0033865797043	0.0184049079755	0	14	3	0	0	0.0
0.00391378090838	0.0163599182004	0	15	3	0	1	1.0
0.00396113054946	0.0163599182004	0	16	3	0	1	1.0
0.0039821109643	0.0143149284254	0	17	3	0	2	1.0
0.00403308070038	0.0143149284254	0	18	3	0	2	1.0
0.00405461410734	0.0143149284254	0	19	3	0	2	1.0
0.00423082799858	0.0143149284254	0	20	3	0	2	1.0
0.00448457648124	0.0163599182004	1	20	3	0	2	0.666666666667
0.00460264737749	0.0163599182004	1	21	3	0	2	0.666666666667
0.0055068561674	0.0163599182004	1	22	3	0	2	0.666666666667
0.00566195324098	0.0163599182004	1	23	3	0	2	0.666666666667
0.00577378979111	0.0163599182004	1	24	3	0	2	0.666666666667
0.00604959981261	0.0163599182004	1	25	3	0	2	0.666666666667
0.00605991340851	0.0163599182004	1	26	3	0	2	0.666666666667
0.00620985075488	0.0163599182004	1	27	3	0	2	0.666666666667
0.00645336592674	0.0163599182004	1	28	3	0	2	0.666666666667
0.00652732131652	0.0163599182004	1	29	3	0	2	0.666666666667
0.00668548907091	0.0143149284254	1	30	3	0	3	0.75
0.00680794785872	0.0143149284254	1	31	3	0	3	0.75
0.00684984240388	0.0143149284254	1	32	3	0	3	0.75
0.00708271384124	0.0143149284254	1	33	3	0	3	0.75
0.00730316372535	0.0143149284254	1	34	3	0	3	0.75
0.00753389834982	0.0143149284254	1	35	3	0	3	0.75
0.00771625143137	0.0143149284254	1	36	3	0	3	0.75
0.0077658444593	0.0143149284254	1	37	3	0	3	0.75
0.00779916866641	0.0143149284254	1	38	3	0	3	0.75
0.00791486902734	0.0143149284254	1	39	3	0	3	0.75
0.00862829381275	0.0143149284254	1	40	3	0	3	0.75
0.00921284637925	0.0163599182004	2	40	3	0	3	0.6
0.00940040156984	0.0163599182004	2	41	3	0	3	0.6
0.00964170904785	0.0163599182004	2	42	3	0	3	0.6
0.00987465149146	0.0163599182004	2	43	3	0	3	0.6
0.0099083399222	0.0163599182004	2	44	3	0	3	0.6
0.00998853840237	0.0163599182004	2	45	3	0	3	0.6
0.0100483518718	0.0163599182004	2	46	3	0	3	0.6
0.0105103485206	0.0163599182004	2	47	3	0	3	0.6
0.010571862314	0.0143149284254	2	48	3	0	4	0.666666666667
0.0107469704016	0.0143149284254	2	49	3	0	4	0.666666666667
0.0107650203604	0.0143149284254	2	50	3	0	4	0.666666666667
0.0111189074839	0.0143149284254	2	51	3	0	4	0.666666666667
0.011938165424	0.0143149284254	2	52	3	0	4	0.666666666667
0.0119396347263	0.0143149284254	2	53	3	0	4	0.666666666667
0.011977588245	0.0143149284254	2	54	3	0	4	0.666666666667
0.0120223794724	0.0143149284254	2	55	3	0	4	0.666666666667
0.0121515259759	0.0143149284254	2	56	3	0	4	0.666666666667
0.0122228348888	0.0143149284254	2	57	3	0	4	0.666666666667
0.0124537424563	0.0143149284254	2	58	3	0	4	0.666666666667
0.0130811418533	0.0143149284254	2	59	3	0	4	0.666666666667
0.0133206493782	0.0143149284254	2	60	3	0	4	0.666666666667
0.0133332340308	0.0143149284254	2	61	3	0	4	0.666666666667
0.0136777899932	0.0143149284254	2	62	3	0	4	0.666666666667
0.0137166100638	0.0143149284254	2	63	3	0	4	0.666666666667
0.0138617433051	0.0163599182004	3	63	3	0	4	0.571428571429
0.0139773077815	0.0163599182004	3	64	3	0	4	0.571428571429
0.0141169021451	0.0163599182004	3	65	3	0	4	0.571428571429
0.0144114342778	0.0163599182004	3	66	3	0	4	0.571428571429
0.0145014739327	0.0163599182004	3	67	3	0	4	0.571428571429
0.0148895207691	0.0143149284254	3	68	3	0	5	0.625
0.0149989840355	0.0143149284254	3	69	3	0	5	0.625
0.0150239929838	0.0143149284254	3	70	3	0	5	0.625
0.0153792166536	0.0143149284254	3	71	3	0	5	0.625
0.0156779181485	0.0143149284254	3	72	3	0	5	0.625
0.0156868420386	0.0143149284254	3	73	3	0	5	0.625
0.0157134721974	0.0143149284254	3	74	3	0	5	0.625
0.0158396710875	0.0143149284254	3	75	3	0	5	0.625
0.0158872977762	0.0143149284254	3	76	3	0	5	0.625
0.0162378794826	0.0143149284254	3	77	3	0	5	0.625
0.0166909243082	0.0143149284254	3	78	3	0	5	0.625
0.0168987942857	0.0143149284254	3	79	3	0	5	0.625
0.0171200910934	0.0143149284254	3	80	3	0	5	0.625
0.0172866203561	0.0143149284254	3	81	3	0	5	0.625
0.0173811825229	0.0143149284254	3	82	3	0	5	0.625
0.0176494041058	0.0143149284254	3	83	3	0	5	0.625
0.017852753157	0.0143149284254	3	84	3	0	5	0.625
0.018202085267	0.0143149284254	3	85	3	0	5	0.625
0.0182848480919	0.0143149284254	3	86	3	0	5	0.625
0.0185110976695	0.0143149284254	3	87	3	0	5	0.625
0.0186688080691	0.0143149284254	3	88	3	0	5	0.625
0.0187142041443	0.0163599182004	4	88	3	0	5	0.555555555556
0.0188347424487	0.0163599182004	4	89	3	0	5	0.555555555556
0.0190929717808	0.0163599182004	4	90	3	0	5	0.555555555556
0.0192919226122	0.0163599182004	4	91	3	0	5	0.555555555556
0.0194651548622	0.0184049079755	5	91	3	0	5	0.5
0.0196600176496	0.0184049079755	5	92	3	0	5	0.5
0.0198704146543	0.0184049079755	5	93	3	0	5	0.5
0.0201304622051	0.0184049079755	5	94	3	0	5	0.5
0.0201892623836	0.0184049079755	5	95	3	0	5	0.5
0.0202015395876	0.0184049079755	5	96	3	0	5	0.5
0.0202072942854	0.0184049079755	5	97	3	0	5	0.5
0.0204007375283	0.0184049079755	5	98	3	0	5	0.5
0.0210968575015	0.0184049079755	5	99	3	0	5	0.5
0.0220133357099	0.0163599182004	5	100	3	0	6	0.545454545455
0.0222429000057	0.0163599182004	5	101	3	0	6	0.545454545455
0.0223693049467	0.0163599182004	5	102	3	0	6	0.545454545455
0.0224581268827	0.0163599182004	5	103	3	0	6	0.545454545455
0.022567834585	0.0163599182004	5	104	3	0	6	0.545454545455
0.0231430931591	0.0163599182004	5	105	3	0	6	0.545454545455
0.0231784588103	0.0163599182004	5	106	3	0	6	0.545454545455
0.0235074919019	0.0163599182004	5	107	3	0	6	0.545454545455
0.0235348034765	0.0184049079755	6	107	3	0	6	0.5
0.0238180706932	0.0184049079755	6	108	3	0	6	0.5
0.023931013333	0.0184049079755	6	109	3	0	6	0.5
0.0239598012044	0.0204498977505	7	109	3	0	6	0.461538461538
0.0240737963	0.0204498977505	7	110	3	0	6	0.461538461538
0.0242787884383	0.0204498977505	7	111	3	0	6	0.461538461538
0.0244212345205	0.0204498977505	7	112	3	0	6	0.461538461538
0.0245765950452	0.0204498977505	7	113	3	0	6	0.461538461538
0.0251833786484	0.0184049079755	7	114	3	0	7	0.5
0.0251890215458	0.0184049079755	7	115	3	0	7	0.5
0.0253612914869	0.0184049079755	7	116	3	0	7	0.5
0.0253827629761	0.0184049079755	7	117	3	0	7	0.5
0.026264700627	0.0184049079755	7	118	3	0	7	0.5
0.0263152998762	0.0184049079755	7	119	3	0	7	0.5
0.0265649931141	0.0184049079755	7	120	3	0	7	0.5
0.02667165008	0.0163599182004	7	121	3	0	8	0.533333333333
0.026710011495	0.0163599182004	7	122	3	0	8	0.533333333333
0.0269226980961	0.0163599182004	7	123	3	0	8	0.533333333333
0.0270766572558	0.0184049079755	8	123	3	0	8	0.5
0.027378885324	0.0184049079755	8	124	3	0	8	0.5
0.0276106237495	0.0184049079755	8	125	3	0	8	0.5
0.0277610892091	0.0184049079755	8	126	3	0	8	0.5
0.0278745531574	0.0184049079755	8	127	3	0	8	0.5
0.0278922907775	0.0204498977505	9	127	3	0	8	0.470588235294
0.0281052135552	0.0204498977505	9	128	3	0	8	0.470588235294
0.0281111709903	0.0204498977505	9	129	3	0	8	0.470588235294
0.0284677148008	0.0204498977505	9	130	3	0	8	0.470588235294
0.0290230566157	0.0224948875256	10	130	3	0	8	0.444444444444
0.0298114769614	0.0224948875256	10	131	3	0	8	0.444444444444
0.030100365264	0.0224948875256	10	132	3	0	8	0.444444444444
0.0305683524388	0.0224948875256	10	133	3	0	8	0.444444444444
0.0313382025533	0.0224948875256	10	134	3	0	8	0.444444444444
0.0313663776447	0.0224948875256	10	135	3	0	8	0.444444444444
0.0317638944501	0.0224948875256	10	136	3	0	8	0.444444444444
0.0317728539746	0.0224948875256	10	137	3	0	8	0.444444444444
0.0318011165032	0.0224948875256	10	138	3	0	8	0.444444444444
0.0319488117082	0.0224948875256	10	139	3	0	8	0.444444444444
0.0327845027142	0.0224948875256	10	140	3	0	8	0.444444444444
0.0332944718416	0.0204498977505	10	141	3	0	9	0.473684210526
0.0336484058832	0.0204498977505	10	142	3	0	9	0.473684210526
0.0336640369739	0.0204498977505	10	143	3	0	9	0.473684210526
0.0343702195663	0.0204498977505	10	144	3	0	9	0.473684210526
0.0344734702158	0.0204498977505	10	145	3	0	9	0.473684210526
0.0346768338062	0.0204498977505	10	146	3	0	9	0.473684210526
0.0351172532255	0.0184049079755	10	147	3	0	10	0.5
0.0352497821141	0.0184049079755	10	148	3	0	10	0.5
0.0352778654739	0.0184049079755	10	149	3	0	10	0.5
0.0353761435143	0.0184049079755	10	150	3	0	10	0.5
0.035377338	0.0184049079755	10	151	3	0	10	0.5
0.0354066693409	0.0184049079755	10	152	3	0	10	0.5
0.0356470652568	0.0184049079755	10	153	3	0	10	0.5
0.0360466971725	0.0184049079755	10	154	3	0	10	0.5
0.0360588433495	0.0184049079755	10	155	3	0	10	0.5
0.0360915172729	0.0184049079755	10	156	3	0	10	0.5
0.0361234419452	0.0204498977505	11	156	3	0	10	0.47619047619
0.0365746608814	0.0204498977505	11	157	3	0	10	0.47619047619
0.0369752170561	0.0204498977505	11	158	3	0	10	0.47619047619
0.0371192741512	0.0204498977505	11	159	3	0	10	0.47619047619
0.0379114569877	0.0204498977505	11	160	3	0	10	0.47619047619
0.0382244841241	0.0204498977505	11	161	3	0	10	0.47619047619
0.038430310261	0.0204498977505	11	162	3	0	10	0.47619047619
0.0400635123124	0.0204498977505	11	163	3	0	10	0.47619047619
0.0402098775183	0.0204498977505	11	164	3	0	10	0.47619047619
0.0404181607874	0.0204498977505	11	165	3	0	10	0.47619047619
0.0405522243148	0.0204498977505	11	166	3	0	10	0.47619047619
0.0405737007201	0.0204498977505	11	167	3	0	10	0.47619047619
0.0408007416687	0.0204498977505	11	168	3	0	10	0.47619047619
0.0408016791472	0.0204498977505	11	169	3	0	10	0.47619047619
0.0408891876794	0.0224948875256	12	169	3	0	10	0.454545454545
0.0410160293533	0.0224948875256	12	170	3	0	10	0.454545454545
0.0410255828925	0.0224948875256	12	171	3	0	10	0.454545454545
0.0410377004801	0.0224948875256	12	172	3	0	10	0.454545454545
0.0410917473698	0.0224948875256	12	173	3	0	10	0.454545454545
0.0413213430797	0.0245398773006	13	173	3	0	10	0.434782608696
0.0416670733898	0.0245398773006	13	174	3	0	10	0.434782608696
0.0416722773448	0.0245398773006	13	175	3	0	10	0.434782608696
0.04208800235	0.0245398773006	13	176	3	0	10	0.434782608696
0.0429347849874	0.0245398773006	13	177	3	0	10	0.434782608696
0.0430239395065	0.0265848670757	14	177	3	0	10	0.416666666667
0.0430294913239	0.0265848670757	14	178	3	0	10	0.416666666667
0.0430487204602	0.0265848670757	14	179	3	0	10	0.416666666667
0.0431609793291	0.0265848670757	14	180	3	0	10	0.416666666667
0.0433767725132	0.0265848670757	14	181	3	0	10	0.416666666667
0.0434036802549	0.0245398773006	14	182	3	0	11	0.44
0.0435511846293	0.0245398773006	14	183	3	0	11	0.44
0.0437920600412	0.0245398773006	14	184	3	0	11	0.44
0.0439916343887	0.0245398773006	14	185	3	0	11	0.44
0.0440829780723	0.0245398773006	14	186	3	0	11	0.44
0.0441359196871	0.0245398773006	14	187	3	0	11	0.44
0.044394849823	0.0245398773006	14	188	3	0	11	0.44
0.0448396826242	0.0245398773006	14	189	3	0	11	0.44
0.0452128186015	0.0245398773006	14	190	3	0	11	0.44
0.0452346273659	0.0245398773006	14	191	3	0	11	0.44
0.0455292352779	0.0245398773006	14	192	3	0	11	0.44
0.0456091981449	0.0245398773006	14	193	3	0	11	0.44
0.0457994296739	0.0245398773006	14	194	3	0	11	0.44
0.0460365430574	0.0245398773006	14	195	3	0	11	0.44
0.0460892458282	0.0265848670757	15	195	3	0	11	0.423076923077
0.0462702771546	0.0265848670757	15	196	3	0	11	0.423076923077
0.0463264539053	0.0265848670757	15	197	3	0	11	0.423076923077
0.0465791768931	0.0265848670757	15	198	3	0	11	0.423076923077
0.0466623504238	0.0265848670757	15	199	3	0	11	0.423076923077
0.0466842159634	0.0265848670757	15	200	3	0	11	0.423076923077
0.0467562862945	0.0286298568507	16	200	3	0	11	0.407407407407
0.0470371447958	0.0286298568507	16	201	3	0	11	0.407407407407
0.0477766739187	0.0286298568507	16	202	3	0	11	0.407407407407
0.0479218844808	0.0265848670757	16	203	3	0	12	0.428571428571
0.0485381043836	0.0265848670757	16	204	3	0	12	0.428571428571
0.0486406893455	0.0265848670757	16	205	3	0	12	0.428571428571
0.048731090081	0.0265848670757	16	206	3	0	12	0.428571428571
0.048918076646	0.0224948875256	16	207	3	0	14	0.466666666667
0.0489589233	0.0224948875256	16	208	3	0	14	0.466666666667
0.0490576317494	0.0224948875256	16	209	3	0	14	0.466666666667
0.0490922324321	0.0224948875256	16	210	3	0	14	0.466666666667
0.0494266151497	0.0224948875256	16	211	3	0	14	0.466666666667
0.0498436450098	0.0224948875256	16	212	3	0	14	0.466666666667
0.0499572037527	0.0224948875256	16	213	3	0	14	0.466666666667
0.0499641519472	0.0224948875256	16	214	3	0	14	0.466666666667
0.0501401593391	0.0224948875256	16	215	3	0	14	0.466666666667
0.0503596186431	0.0224948875256	16	216	3	0	14	0.466666666667
0.0504776758327	0.0224948875256	16	217	3	0	14	0.466666666667
0.0504927462883	0.0224948875256	16	218	3	0	14	0.466666666667
0.0506588749383	0.0224948875256	16	219	3	0	14	0.466666666667
0.0507533704867	0.0224948875256	16	220	3	0	14	0.466666666667
0.050756674035	0.0224948875256	16	221	3	0	14	0.466666666667
0.050965329014	0.0224948875256	16	222	3	0	14	0.466666666667
0.0510253681026	0.0224948875256	16	223	3	0	14	0.466666666667
0.0511514559144	0.0224948875256	16	224	3	0	14	0.466666666667
0.0513667030226	0.0204498977505	16	225	3	0	15	0.483870967742
0.0513994910152	0.0204498977505	16	226	3	0	15	0.483870967742
0.0515923805903	0.0204498977505	16	227	3	0	15	0.483870967742
0.0517340226338	0.0204498977505	16	228	3	0	15	0.483870967742
0.0518677508821	0.0204498977505	16	229	3	0	15	0.483870967742
0.0519437910507	0.0204498977505	16	230	3	0	15	0.483870967742
0.0521359196618	0.0224948875256	17	230	3	0	15	0.46875
0.0535601866257	0.0224948875256	17	231	3	0	15	0.46875
0.0537305317979	0.0224948875256	17	232	3	0	15	0.46875
0.0539003836278	0.0224948875256	17	233	3	0	15	0.46875
0.0539973916564	0.0224948875256	17	234	3	0	15	0.46875
0.0540857223959	0.0204498977505	17	235	3	0	16	0.484848484848
0.0540896928268	0.0204498977505	17	236	3	0	16	0.484848484848
0.0541570820621	0.0204498977505	17	237	3	0	16	0.484848484848
0.0541948976054	0.0204498977505	17	238	3	0	16	0.484848484848
0.054519886555	0.0204498977505	17	239	3	0	16	0.484848484848
0.054838823533	0.0224948875256	18	239	3	0	16	0.470588235294
0.0549741071031	0.0224948875256	18	240	3	0	16	0.470588235294
0.055139234598	0.0204498977505	18	241	3	0	17	0.485714285714
0.0554754968569	0.0184049079755	18	242	3	0	18	0.5
0.0559049162866	0.0184049079755	18	243	3	0	18	0.5
0.0561252274117	0.0184049079755	18	244	3	0	18	0.5
0.056872317081	0.0163599182004	18	245	3	0	19	0.513513513514
0.0572008404905	0.0163599182004	18	246	3	0	19	0.513513513514
0.0572523755285	0.0163599182004	18	247	3	0	19	0.513513513514
0.057307326224	0.0163599182004	18	248	3	0	19	0.513513513514
0.0575325365841	0.0163599182004	18	249	3	0	19	0.513513513514
0.0578963138142	0.0163599182004	18	250	3	0	19	0.513513513514
0.0579485973909	0.0163599182004	18	251	3	0	19	0.513513513514
0.0584080961119	0.0163599182004	18	252	3	0	19	0.513513513514
0.0586777269468	0.0163599182004	18	253	3	0	19	0.513513513514
0.0591899909622	0.0184049079755	19	253	3	0	19	0.5
0.0593014818857	0.0184049079755	19	254	3	0	19	0.5
0.0593312629754	0.0184049079755	19	255	3	0	19	0.5
0.059344791711	0.0163599182004	19	256	3	0	20	0.512820512821
0.059652708163	0.0163599182004	19	257	3	0	20	0.512820512821
0.0597462129282	0.0163599182004	19	258	3	0	20	0.512820512821
0.0599334358593	0.0163599182004	19	259	3	0	20	0.512820512821
0.0602590771896	0.0163599182004	19	260	3	0	20	0.512820512821
0.0603600198632	0.0163599182004	19	261	3	0	20	0.512820512821
0.0605001142566	0.0163599182004	19	262	3	0	20	0.512820512821
0.0605780976354	0.0163599182004	19	263	3	0	20	0.512820512821
0.0608613311957	0.0163599182004	19	264	3	0	20	0.512820512821
0.0608755595454	0.0163599182004	19	265	3	0	20	0.512820512821
0.0613082549513	0.0163599182004	19	266	3	0	20	0.512820512821
0.0613259436765	0.0163599182004	19	267	3	0	20	0.512820512821
0.0613455890414	0.0163599182004	19	268	3	0	20	0.512820512821
0.0614015473954	0.0163599182004	19	269	3	0	20	0.512820512821
0.0614511660672	0.0163599182004	19	270	3	0	20	0.512820512821
0.0616154957599	0.0163599182004	19	271	3	0	20	0.512820512821
0.0618382160623	0.0143149284254	19	272	3	0	21	0.525
0.0619156631001	0.0143149284254	19	273	3	0	21	0.525
0.0619683851347	0.0143149284254	19	274	3	0	21	0.525
0.0620329857849	0.0143149284254	19	275	3	0	21	0.525
0.0627303188687	0.0143149284254	19	276	3	0	21	0.525
0.0629560153007	0.0143149284254	19	277	3	0	21	0.525
0.0632324672415	0.0143149284254	19	278	3	0	21	0.525
0.0635318991454	0.0143149284254	19	279	3	0	21	0.525
0.0636040115786	0.0143149284254	19	280	3	0	21	0.525
0.0636911600088	0.0143149284254	19	281	3	0	21	0.525
0.0639261723674	0.0143149284254	19	282	3	0	21	0.525
0.0643922744548	0.0143149284254	19	283	3	0	21	0.525
0.06464525035	0.0143149284254	19	284	3	0	21	0.525
0.0646485447838	0.0143149284254	19	285	3	0	21	0.525
0.0652113671412	0.0143149284254	19	286	3	0	21	0.525
0.0656650163314	0.0143149284254	19	287	3	0	21	0.525
0.0659199695282	0.0143149284254	19	288	3	0	21	0.525
0.0664244985763	0.0143149284254	19	289	3	0	21	0.525
0.0666774810465	0.0143149284254	19	290	3	0	21	0.525
0.0668376380916	0.0143149284254	19	291	3	0	21	0.525
0.0669265785491	0.0143149284254	19	292	3	0	21	0.525
0.0669645890013	0.0143149284254	19	293	3	0	21	0.525
0.0671066892777	0.0143149284254	19	294	3	0	21	0.525
0.0672978980368	0.0143149284254	19	295	3	0	21	0.525
0.0674261216866	0.0163599182004	20	295	3	0	21	0.512195121951
0.0678996440091	0.0163599182004	20	296	3	0	21	0.512195121951
0.068441863622	0.0163599182004	20	297	3	0	21	0.512195121951
0.0690224898832	0.0163599182004	20	298	3	0	21	0.512195121951
0.0691439081523	0.0163599182004	20	299	3	0	21	0.512195121951
0.0691656679444	0.0163599182004	20	300	3	0	21	0.512195121951
0.0692925104596	0.0163599182004	20	301	3	0	21	0.512195121951
0.0694242612013	0.0163599182004	20	302	3	0	21	0.512195121951
0.0696235739	0.0163599182004	20	303	3	0	21	0.512195121951
0.0702484090864	0.0163599182004	20	304	3	0	21	0.512195121951
0.0704312897664	0.0143149284254	20	305	3	0	22	0.52380952381
0.0705042885773	0.0143149284254	20	306	3	0	22	0.52380952381
0.0707124640352	0.0143149284254	20	307	3	0	22	0.52380952381
0.0708345804384	0.0143149284254	20	308	3	0	22	0.52380952381
0.0708839711407	0.0122699386503	20	309	3	0	23	0.53488372093
0.0710360614106	0.0122699386503	20	310	3	0	23	0.53488372093
0.0710891824907	0.0122699386503	20	311	3	0	23	0.53488372093
0.0711349831551	0.0122699386503	20	312	3	0	23	0.53488372093
0.0711928842615	0.0122699386503	20	313	3	0	23	0.53488372093
0.0722645356598	0.0122699386503	20	314	3	0	23	0.53488372093
0.0725818796986	0.0122699386503	20	315	3	0	23	0.53488372093
0.0726190062479	0.0122699386503	20	316	3	0	23	0.53488372093
0.0726879059558	0.0122699386503	20	317	3	0	23	0.53488372093
0.0728578829936	0.0122699386503	20	318	3	0	23	0.53488372093
0.0731166909102	0.0122699386503	20	319	3	0	23	0.53488372093
0.0739418664473	0.0143149284254	21	319	3	0	23	0.522727272727
0.0740117222384	0.0143149284254	21	320	3	0	23	0.522727272727
0.0741428962715	0.0143149284254	21	321	3	0	23	0.522727272727
0.0742096976264	0.0143149284254	21	322	3	0	23	0.522727272727
0.0742924658497	0.0143149284254	21	323	3	0	23	0.522727272727
0.0744259128098	0.0143149284254	21	324	3	0	23	0.522727272727
0.0744655236457	0.0143149284254	21	325	3	0	23	0.522727272727
0.0747729304301	0.0143149284254	21	326	3	0	23	0.522727272727
0.075172392029	0.0143149284254	21	327	3	0	23	0.522727272727
0.0752046583839	0.0143149284254	21	328	3	0	23	0.522727272727
0.0758760052187	0.0143149284254	21	329	3	0	23	0.522727272727
0.0761309977115	0.0143149284254	21	330	3	0	23	0.522727272727
0.0761820569097	0.0143149284254	21	331	3	0	23	0.522727272727
0.0762298515561	0.0143149284254	21	332	3	0	23	0.522727272727
0.0762833020623	0.0143149284254	21	333	3	0	23	0.522727272727
0.0764276633203	0.0143149284254	21	334	3	0	23	0.522727272727
0.077219095223	0.0143149284254	21	335	3	0	23	0.522727272727
0.0776704046687	0.0143149284254	21	336	3	0	23	0.522727272727
0.0779696854919	0.0143149284254	21	337	3	0	23	0.522727272727
0.0782718123637	0.0143149284254	21	338	3	0	23	0.522727272727
0.0787694716214	0.0143149284254	21	339	3	0	23	0.522727272727
0.0788985265359	0.0143149284254	21	340	3	0	23	0.522727272727
0.0790201472618	0.0143149284254	21	341	3	0	23	0.522727272727
0.0790982996911	0.0143149284254	21	342	3	0	23	0.522727272727
0.0791364794375	0.0143149284254	21	343	3	0	23	0.522727272727
0.079321258354	0.0143149284254	21	344	3	0	23	0.522727272727
0.0793266305906	0.0143149284254	21	345	3	0	23	0.522727272727
0.0793785487708	0.0163599182004	22	345	3	0	23	0.511111111111
0.0793992726536	0.0163599182004	22	346	3	0	23	0.511111111111
0.0798640651264	0.0163599182004	22	347	3	0	23	0.511111111111
0.0806520260827	0.0163599182004	22	348	3	0	23	0.511111111111
0.0807646366671	0.0163599182004	22	349	3	0	23	0.511111111111
0.0809547543084	0.0163599182004	22	350	3	0	23	0.511111111111
0.0809627310621	0.0163599182004	22	351	3	0	23	0.511111111111
0.0813015785619	0.0163599182004	22	352	3	0	23	0.511111111111
0.0814723281516	0.0143149284254	22	353	3	0	24	0.521739130435
0.0816792503714	0.0163599182004	23	353	3	0	24	0.510638297872
0.081875810644	0.0143149284254	23	354	3	0	25	0.520833333333
0.0820906706593	0.0143149284254	23	355	3	0	25	0.520833333333
0.0823472094106	0.0143149284254	23	356	3	0	25	0.520833333333
0.0824166531375	0.0143149284254	23	357	3	0	25	0.520833333333
0.082573451108	0.0143149284254	23	358	3	0	25	0.520833333333
0.0829669905445	0.0122699386503	23	359	3	0	26	0.530612244898
0.0830897065602	0.0122699386503	23	360	3	0	26	0.530612244898
0.0834867335144	0.0122699386503	23	361	3	0	26	0.530612244898
0.0835898626165	0.0122699386503	23	362	3	0	26	0.530612244898
0.0838479300058	0.0122699386503	23	363	3	0	26	0.530612244898
0.084111744221	0.0122699386503	23	364	3	0	26	0.530612244898
0.0848774067273	0.0122699386503	23	365	3	0	26	0.530612244898
0.0852274606094	0.0102249488753	23	366	3	0	27	0.54
0.0854685535036	0.0102249488753	23	367	3	0	27	0.54
0.085706612258	0.0102249488753	23	368	3	0	27	0.54
0.0857392556173	0.0102249488753	23	369	3	0	27	0.54
0.0859903842451	0.0102249488753	23	370	3	0	27	0.54
0.0860414844367	0.0102249488753	23	371	3	0	27	0.54
0.0880939576337	0.0102249488753	23	372	3	0	27	0.54
0.0881098905804	0.0102249488753	23	373	3	0	27	0.54
0.0883179556234	0.0102249488753	23	374	3	0	27	0.54
0.0889664796868	0.0102249488753	23	375	3	0	27	0.54
0.0890026052416	0.0102249488753	23	376	3	0	27	0.54
0.0891350802426	0.0102249488753	23	377	3	0	27	0.54
0.0891751374811	0.0102249488753	23	378	3	0	27	0.54
0.0893014135733	0.0102249488753	23	379	3	0	27	0.54
0.0895467573563	0.0102249488753	23	380	3	0	27	0.54
0.0897796683207	0.0102249488753	23	381	3	0	27	0.54
0.0897941451747	0.0102249488753	23	382	3	0	27	0.54
0.0900368086441	0.0102249488753	23	383	3	0	27	0.54
0.090222334544	0.0102249488753	23	384	3	0	27	0.54
0.0904126666209	0.0102249488753	23	385	3	0	27	0.54
0.0904243350075	0.0102249488753	23	386	3	0	27	0.54
0.0905501045015	0.0102249488753	23	387	3	0	27	0.54
0.0908171978436	0.0102249488753	23	388	3	0	27	0.54
0.0909624593014	0.0102249488753	23	389	3	0	27	0.54
0.0911009279769	0.0102249488753	23	390	3	0	27	0.54
0.0913100532917	0.0122699386503	24	390	3	0	27	0.529411764706
0.0916111352967	0.0122699386503	24	391	3	0	27	0.529411764706
0.0916121913643	0.0122699386503	24	392	3	0	27	0.529411764706
0.0916452442937	0.0122699386503	24	393	3	0	27	0.529411764706
0.0917758086553	0.0143149284254	25	393	3	0	27	0.519230769231
0.0918308763609	0.0143149284254	25	394	3	0	27	0.519230769231
0.0921226249475	0.0163599182004	26	394	3	0	27	0.509433962264
0.0922156314863	0.0163599182004	26	395	3	0	27	0.509433962264
0.0923006506483	0.0163599182004	26	396	3	0	27	0.509433962264
0.0923195583423	0.0163599182004	26	397	3	0	27	0.509433962264
0.0927681561018	0.0163599182004	26	398	3	0	27	0.509433962264
0.0928198362937	0.0163599182004	26	399	3	0	27	0.509433962264
0.0929678559613	0.0163599182004	26	400	3	0	27	0.509433962264
0.0930271394456	0.0163599182004	26	401	3	0	27	0.509433962264
0.0930895844947	0.0163599182004	26	402	3	0	27	0.509433962264
0.0931712933769	0.0163599182004	26	403	3	0	27	0.509433962264
0.0934960493722	0.0163599182004	26	404	3	0	27	0.509433962264
0.0935414955144	0.0163599182004	26	405	3	0	27	0.509433962264
0.0936171439888	0.0163599182004	26	406	3	0	27	0.509433962264
0.0936458547971	0.0163599182004	26	407	3	0	27	0.509433962264
0.0943875308079	0.0163599182004	26	408	3	0	27	0.509433962264
0.0953239238816	0.0163599182004	26	409	3	0	27	0.509433962264
0.0954111934599	0.0163599182004	26	410	3	0	27	0.509433962264
0.0954418210178	0.0163599182004	26	411	3	0	27	0.509433962264
0.0956177912865	0.0163599182004	26	412	3	0	27	0.509433962264
0.0960115441468	0.0163599182004	26	413	3	0	27	0.509433962264
0.096242591242	0.0163599182004	26	414	3	0	27	0.509433962264
0.0963282212395	0.0163599182004	26	415	3	0	27	0.509433962264
0.0963826457435	0.0163599182004	26	416	3	0	27	0.509433962264
0.096548672834	0.0163599182004	26	417	3	0	27	0.509433962264
0.0965972824113	0.0163599182004	26	418	3	0	27	0.509433962264
0.0969521529456	0.0163599182004	26	419	3	0	27	0.509433962264
0.0971926016316	0.0143149284254	26	420	3	0	28	0.518518518519
0.0972907797982	0.0143149284254	26	421	3	0	28	0.518518518519
0.0975105042882	0.0143149284254	26	422	3	0	28	0.518518518519
0.0988673524756	0.0143149284254	26	423	3	0	28	0.518518518519
0.0992872059211	0.0143149284254	26	424	3	0	28	0.518518518519
0.0996470016929	0.0143149284254	26	425	3	0	28	0.518518518519
0.0998109216638	0.0143149284254	26	426	3	0	28	0.518518518519
0.0999063798306	0.0143149284254	26	427	3	0	28	0.518518518519
0.100258893349	0.0163599182004	27	427	3	0	28	0.509090909091
0.100598244834	0.0163599182004	27	428	3	0	28	0.509090909091
0.100625824713	0.0163599182004	27	429	3	0	28	0.509090909091
0.101076453369	0.0163599182004	27	430	3	0	28	0.509090909091
0.101162771708	0.0163599182004	27	431	3	0	28	0.509090909091
0.101218005507	0.0163599182004	27	432	3	0	28	0.509090909091
0.101457671208	0.0163599182004	27	433	3	0	28	0.509090909091
0.101592159708	0.0163599182004	27	434	3	0	28	0.509090909091
0.101661624365	0.0163599182004	27	435	3	0	28	0.509090909091
0.101665163254	0.0163599182004	27	436	3	0	28	0.509090909091
0.101714153447	0.0184049079755	28	436	3	0	28	0.5
0.101976291351	0.0184049079755	28	437	3	0	28	0.5
0.102050314315	0.0184049079755	28	438	3	0	28	0.5
0.102284239723	0.0184049079755	28	439	3	0	28	0.5
0.102497984257	0.0204498977505	29	439	3	0	28	0.491228070175
0.10345667453	0.0204498977505	29	440	3	0	28	0.491228070175
0.103641624537	0.0204498977505	29	441	3	0	28	0.491228070175
0.103713331346	0.0184049079755	29	442	3	0	29	0.5
0.10376716939	0.0184049079755	29	443	3	0	29	0.5
0.104098335809	0.0163599182004	29	444	3	0	30	0.508474576271
0.104106081647	0.0163599182004	29	445	3	0	30	0.508474576271
0.104542990883	0.0163599182004	29	446	3	0	30	0.508474576271
0.104587123706	0.0163599182004	29	447	3	0	30	0.508474576271
0.104751129308	0.0184049079755	30	447	3	0	30	0.5
0.104967707612	0.0184049079755	30	448	3	0	30	0.5
0.10578688794	0.0184049079755	30	449	3	0	30	0.5
0.105848531018	0.0184049079755	30	450	3	0	30	0.5
0.105867630397	0.0163599182004	30	451	3	0	31	0.508196721311
0.106063186388	0.0163599182004	30	452	3	0	31	0.508196721311
0.106341983637	0.0163599182004	30	453	3	0	31	0.508196721311
0.107014117437	0.0163599182004	30	454	3	0	31	0.508196721311
0.107690450698	0.0163599182004	30	455	3	0	31	0.508196721311
0.107749022641	0.0163599182004	30	456	3	0	31	0.508196721311
0.107772589511	0.0163599182004	30	457	3	0	31	0.508196721311
0.107828439916	0.0184049079755	31	457	3	0	31	0.5
0.107887513283	0.0184049079755	31	458	3	0	31	0.5
0.107905890112	0.0204498977505	32	458	3	0	31	0.492063492063
0.107923028194	0.0204498977505	32	459	3	0	31	0.492063492063
0.10801352996	0.0204498977505	32	460	3	0	31	0.492063492063
0.108565882805	0.0204498977505	32	461	3	0	31	0.492063492063
0.108920950638	0.0204498977505	32	462	3	0	31	0.492063492063
0.109003672769	0.0204498977505	32	463	3	0	31	0.492063492063
0.109023457457	0.0224948875256	33	463	3	0	31	0.484375
0.111060867273	0.0224948875256	33	464	3	0	31	0.484375
0.111186175702	0.0224948875256	33	465	3	0	31	0.484375
0.111299689036	0.0224948875256	33	466	3	0	31	0.484375
0.111590911266	0.0224948875256	33	467	3	0	31	0.484375
0.112034412705	0.0224948875256	33	468	3	0	31	0.484375
0.112143047505	0.0224948875256	33	469	3	0	31	0.484375
0.11255163472	0.0224948875256	33	470	3	0	31	0.484375
0.112953787525	0.0224948875256	33	471	3	0	31	0.484375
0.11348889488	0.0224948875256	33	472	3	0	31	0.484375
0.113784661259	0.0204498977505	33	473	3	0	32	0.492307692308
0.113798271753	0.0204498977505	33	474	3	0	32	0.492307692308
0.114148668796	0.0204498977505	33	475	3	0	32	0.492307692308
0.114255239307	0.0204498977505	33	476	3	0	32	0.492307692308
0.114414994163	0.0204498977505	33	477	3	0	32	0.492307692308
0.114545109837	0.0204498977505	33	478	3	0	32	0.492307692308
0.114573579025	0.0204498977505	33	479	3	0	32	0.492307692308
0.114676857413	0.0204498977505	33	480	3	0	32	0.492307692308
0.114688091736	0.0204498977505	33	481	3	0	32	0.492307692308
0.114707315346	0.0204498977505	33	482	3	0	32	0.492307692308
0.115325123453	0.0204498977505	33	483	3	0	32	0.492307692308
0.11572979452	0.0204498977505	33	484	3	0	32	0.492307692308
0.115758584611	0.0204498977505	33	485	3	0	32	0.492307692308
0.115825896278	0.0204498977505	33	486	3	0	32	0.492307692308
0.115882051432	0.0204498977505	33	487	3	0	32	0.492307692308
0.116097482063	0.0204498977505	33	488	3	0	32	0.492307692308
0.116737284914	0.0204498977505	33	489	3	0	32	0.492307692308
0.117141827861	0.0184049079755	33	490	3	0	33	0.5
0.117585361262	0.0204498977505	34	490	3	0	33	0.492537313433
0.117974623295	0.0184049079755	34	491	3	0	34	0.5
0.117988303929	0.0184049079755	34	492	3	0	34	0.5
0.118007181524	0.0184049079755	34	493	3	0	34	0.5
0.11801322427	0.0184049079755	34	494	3	0	34	0.5
0.118089477963	0.0184049079755	34	495	3	0	34	0.5
0.118102063848	0.0184049079755	34	496	3	0	34	0.5
0.118135614359	0.0184049079755	34	497	3	0	34	0.5
0.118182038088	0.0204498977505	35	497	3	0	34	0.492753623188
0.118522604071	0.0204498977505	35	498	3	0	34	0.492753623188
0.118526959097	0.0204498977505	35	499	3	0	34	0.492753623188
0.118586038566	0.0204498977505	35	500	3	0	34	0.492753623188
0.118686752085	0.0204498977505	35	501	3	0	34	0.492753623188
0.118737132773	0.0204498977505	35	502	3	0	34	0.492753623188
0.118923248792	0.0204498977505	35	503	3	0	34	0.492753623188
0.118958478858	0.0204498977505	35	504	3	0	34	0.492753623188
0.119046690938	0.0204498977505	35	505	3	0	34	0.492753623188
0.119154451253	0.0204498977505	35	506	3	0	34	0.492753623188
0.119242267794	0.0224948875256	36	506	3	0	34	0.485714285714
0.119351902084	0.0204498977505	36	507	3	0	35	0.492957746479
0.119536066527	0.0204498977505	36	508	3	0	35	0.492957746479
0.119560892965	0.0204498977505	36	509	3	0	35	0.492957746479
0.119934165613	0.0204498977505	36	510	3	0	35	0.492957746479
0.120004667198	0.0224948875256	37	510	3	0	35	0.486111111111
0.120111630742	0.0224948875256	37	511	3	0	35	0.486111111111
0.120278078854	0.0224948875256	37	512	3	0	35	0.486111111111
0.120375048033	0.0224948875256	37	513	3	0	35	0.486111111111
0.120416291651	0.0224948875256	37	514	3	0	35	0.486111111111
0.12091709314	0.0224948875256	37	515	3	0	35	0.486111111111
0.12152246913	0.0224948875256	37	516	3	0	35	0.486111111111
0.121757578466	0.0224948875256	37	517	3	0	35	0.486111111111
0.12178405487	0.0204498977505	37	518	3	0	36	0.493150684932
0.121835130122	0.0204498977505	37	519	3	0	36	0.493150684932
0.121888740995	0.0204498977505	37	520	3	0	36	0.493150684932
0.121958115444	0.0204498977505	37	521	3	0	36	0.493150684932
0.122163352333	0.0204498977505	37	522	3	0	36	0.493150684932
0.122199384666	0.0204498977505	37	523	3	0	36	0.493150684932
0.122333417851	0.0204498977505	37	524	3	0	36	0.493150684932
0.122343091547	0.0204498977505	37	525	3	0	36	0.493150684932
0.122526344399	0.0204498977505	37	526	3	0	36	0.493150684932
0.122955840358	0.0204498977505	37	527	3	0	36	0.493150684932
0.122996794349	0.0204498977505	37	528	3	0	36	0.493150684932
0.123011678009	0.0204498977505	37	529	3	0	36	0.493150684932
0.123169075716	0.0204498977505	37	530	3	0	36	0.493150684932
0.123262286269	0.0204498977505	37	531	3	0	36	0.493150684932
0.123380967298	0.0204498977505	37	532	3	0	36	0.493150684932
0.123517264978	0.0204498977505	37	533	3	0	36	0.493150684932
0.123667702236	0.0204498977505	37	534	3	0	36	0.493150684932
0.12369774797	0.0204498977505	37	535	3	0	36	0.493150684932
0.12380328564	0.0204498977505	37	536	3	0	36	0.493150684932
0.123922708853	0.0204498977505	37	537	3	0	36	0.493150684932
0.123952957447	0.0204498977505	37	538	3	0	36	0.493150684932
0.123974093414	0.0204498977505	37	539	3	0	36	0.493150684932
0.124164098838	0.0184049079755	37	540	3	0	37	0.5
0.124192622758	0.0204498977505	38	540	3	0	37	0.493333333333
0.124652711859	0.0204498977505	38	541	3	0	37	0.493333333333
0.125412561956	0.0204498977505	38	542	3	0	37	0.493333333333
0.125598118078	0.0184049079755	38	543	3	0	38	0.5
0.12581777239	0.0184049079755	38	544	3	0	38	0.5
0.126181963749	0.0184049079755	38	545	3	0	38	0.5
0.126496231447	0.0184049079755	38	546	3	0	38	0.5
0.126880626529	0.0184049079755	38	547	3	0	38	0.5
0.127101085219	0.0184049079755	38	548	3	0	38	0.5
0.127136744687	0.0184049079755	38	549	3	0	38	0.5
0.127207595286	0.0184049079755	38	550	3	0	38	0.5
0.127410654819	0.0184049079755	38	551	3	0	38	0.5
0.127682666663	0.0184049079755	38	552	3	0	38	0.5
0.127851914915	0.0204498977505	39	552	3	0	38	0.493506493506
0.128065989067	0.0204498977505	39	553	3	0	38	0.493506493506
0.12829731658	0.0184049079755	39	554	3	0	39	0.5
0.128719119456	0.0184049079755	39	555	3	0	39	0.5
0.128835903551	0.0184049079755	39	556	3	0	39	0.5
0.128997548819	0.0184049079755	39	557	3	0	39	0.5
0.129005307558	0.0184049079755	39	558	3	0	39	0.5
0.129443525817	0.0163599182004	39	559	3	0	40	0.506329113924
0.129589074934	0.0163599182004	39	560	3	0	40	0.506329113924
0.129764966128	0.0163599182004	39	561	3	0	40	0.506329113924
0.129781702225	0.0163599182004	39	562	3	0	40	0.506329113924
0.130114040074	0.0163599182004	39	563	3	0	40	0.506329113924
0.130515672828	0.0163599182004	39	564	3	0	40	0.506329113924
0.130572438739	0.0163599182004	39	565	3	0	40	0.506329113924
0.130694836816	0.0163599182004	39	566	3	0	40	0.506329113924
0.130748324221	0.0163599182004	39	567	3	0	40	0.506329113924
0.131142644201	0.0163599182004	39	568	3	0	40	0.506329113924
0.131182695574	0.0184049079755	40	568	3	0	40	0.5
0.131195314393	0.0184049079755	40	569	3	0	40	0.5
0.131611604964	0.0184049079755	40	570	3	0	40	0.5
0.131675207322	0.0184049079755	40	571	3	0	40	0.5
0.131883857752	0.0184049079755	40	572	3	0	40	0.5
0.131922244362	0.0184049079755	40	573	3	0	40	0.5
0.131958923005	0.0184049079755	40	574	3	0	40	0.5
0.132145498386	0.0184049079755	40	575	3	0	40	0.5
0.132177732664	0.0184049079755	40	576	3	0	40	0.5
0.132323684124	0.0184049079755	40	577	3	0	40	0.5
0.132337817449	0.0184049079755	40	578	3	0	40	0.5
0.132625946146	0.0163599182004	40	579	3	0	41	0.506172839506
0.132671731989	0.0163599182004	40	580	3	0	41	0.506172839506
0.132809909925	0.0163599182004	40	581	3	0	41	0.506172839506
0.133566401628	0.0163599182004	40	582	3	0	41	0.506172839506
0.133615156116	0.0184049079755	41	582	3	0	41	0.5
0.133767714486	0.0184049079755	41	583	3	0	41	0.5
0.134415733909	0.0184049079755	41	584	3	0	41	0.5
0.13456023341	0.0184049079755	41	585	3	0	41	0.5
0.135346540359	0.0184049079755	41	586	3	0	41	0.5
0.135410547808	0.0163599182004	41	587	3	0	42	0.506024096386
0.135421546807	0.0163599182004	41	588	3	0	42	0.506024096386
0.135512666689	0.0184049079755	42	588	3	0	42	0.5
0.13585032141	0.0184049079755	42	589	3	0	42	0.5
0.136735441488	0.0184049079755	42	590	3	0	42	0.5
0.136950090055	0.0184049079755	42	591	3	0	42	0.5
0.137113109295	0.0184049079755	42	592	3	0	42	0.5
0.137177442588	0.0184049079755	42	593	3	0	42	0.5
0.137248778766	0.0184049079755	42	594	3	0	42	0.5
0.137262735703	0.0184049079755	42	595	3	0	42	0.5
0.137329876929	0.0184049079755	42	596	3	0	42	0.5
0.137433740095	0.0184049079755	42	597	3	0	42	0.5
0.137792051571	0.0184049079755	42	598	3	0	42	0.5
0.138195020181	0.0184049079755	42	599	3	0	42	0.5
0.138231133099	0.0204498977505	43	599	3	0	42	0.494117647059
0.138250678848	0.0204498977505	43	600	3	0	42	0.494117647059
0.138459596529	0.0204498977505	43	601	3	0	42	0.494117647059
0.138538615421	0.0204498977505	43	602	3	0	42	0.494117647059
0.138793497899	0.0204498977505	43	603	3	0	42	0.494117647059
0.139019854921	0.0204498977505	43	604	3	0	42	0.494117647059
0.139340744717	0.0204498977505	43	605	3	0	42	0.494117647059
0.139919065957	0.0204498977505	43	606	3	0	42	0.494117647059
0.139970555317	0.0204498977505	43	607	3	0	42	0.494117647059
0.140878588605	0.0224948875256	44	607	3	0	42	0.488372093023
0.140914651608	0.0224948875256	44	608	3	0	42	0.488372093023
0.140985773394	0.0224948875256	44	609	3	0	42	0.488372093023
0.14103921001	0.0224948875256	44	610	3	0	42	0.488372093023
0.141115949371	0.0224948875256	44	611	3	0	42	0.488372093023
0.141474027741	0.0224948875256	44	612	3	0	42	0.488372093023
0.141643647748	0.0224948875256	44	613	3	0	42	0.488372093023
0.141781202503	0.0224948875256	44	614	3	0	42	0.488372093023
0.142649796728	0.0224948875256	44	615	3	0	42	0.488372093023
0.142833803044	0.0224948875256	44	616	3	0	42	0.488372093023
0.143091463386	0.0204498977505	44	617	3	0	43	0.494252873563
0.143103650798	0.0204498977505	44	618	3	0	43	0.494252873563
0.143136369219	0.0204498977505	44	619	3	0	43	0.494252873563
0.143207282269	0.0204498977505	44	620	3	0	43	0.494252873563
0.143405097544	0.0224948875256	45	620	3	0	43	0.488636363636
0.143419818289	0.0245398773006	46	620	3	0	43	0.483146067416
0.143539087657	0.0245398773006	46	621	3	0	43	0.483146067416
0.144006995626	0.0245398773006	46	622	3	0	43	0.483146067416
0.144325589813	0.0245398773006	46	623	3	0	43	0.483146067416
0.14443697952	0.0245398773006	46	624	3	0	43	0.483146067416
0.144452088185	0.0245398773006	46	625	3	0	43	0.483146067416
0.145023295201	0.0224948875256	46	626	3	0	44	0.488888888889
0.145065968508	0.0224948875256	46	627	3	0	44	0.488888888889
0.145199009833	0.0224948875256	46	628	3	0	44	0.488888888889
0.145407262868	0.0224948875256	46	629	3	0	44	0.488888888889
0.145567153363	0.0224948875256	46	630	3	0	44	0.488888888889
0.145840352559	0.0204498977505	46	631	3	0	45	0.494505494505
0.146258578689	0.0204498977505	46	632	3	0	45	0.494505494505
0.146349253598	0.0204498977505	46	633	3	0	45	0.494505494505
0.14636251968	0.0204498977505	46	634	3	0	45	0.494505494505
0.146430379549	0.0204498977505	46	635	3	0	45	0.494505494505
0.147009430013	0.0204498977505	46	636	3	0	45	0.494505494505
0.147022656531	0.0184049079755	46	637	3	0	46	0.5
0.147435728418	0.0184049079755	46	638	3	0	46	0.5
0.147468894706	0.0184049079755	46	639	3	0	46	0.5
0.147478989164	0.0184049079755	46	640	3	0	46	0.5
0.147692333777	0.0184049079755	46	641	3	0	46	0.5
0.148043191948	0.0184049079755	46	642	3	0	46	0.5
0.148258475314	0.0184049079755	46	643	3	0	46	0.5
0.148555870462	0.0184049079755	46	644	3	0	46	0.5
0.149275253773	0.0184049079755	46	645	3	0	46	0.5
0.149384538134	0.0184049079755	46	646	3	0	46	0.5
0.14957122326	0.0184049079755	46	647	3	0	46	0.5
0.149673608175	0.0184049079755	46	648	3	0	46	0.5
0.149764523042	0.0184049079755	46	649	3	0	46	0.5
0.149982763801	0.0184049079755	46	650	3	0	46	0.5
0.15061415189	0.0184049079755	46	651	3	0	46	0.5
0.150797418792	0.0184049079755	46	652	3	0	46	0.5
0.150878175116	0.0184049079755	46	653	3	0	46	0.5
0.151044850887	0.0184049079755	46	654	3	0	46	0.5
0.151122582293	0.0184049079755	46	655	3	0	46	0.5
0.151206584672	0.0204498977505	47	655	3	0	46	0.494623655914
0.151329290632	0.0224948875256	48	655	3	0	46	0.489361702128
0.151332443406	0.0224948875256	48	656	3	0	46	0.489361702128
0.151972458006	0.0224948875256	48	657	3	0	46	0.489361702128
0.152103690351	0.0224948875256	48	658	3	0	46	0.489361702128
0.152461523087	0.0224948875256	48	659	3	0	46	0.489361702128
0.152718827359	0.0224948875256	48	660	3	0	46	0.489361702128
0.152784558426	0.0224948875256	48	661	3	0	46	0.489361702128
0.153007365888	0.0224948875256	48	662	3	0	46	0.489361702128
0.153083894838	0.0224948875256	48	663	3	0	46	0.489361702128
0.153133685279	0.0224948875256	48	664	3	0	46	0.489361702128
0.153206123295	0.0224948875256	48	665	3	0	46	0.489361702128
0.153281152697	0.0224948875256	48	666	3	0	46	0.489361702128
0.153347026601	0.0224948875256	48	667	3	0	46	0.489361702128
0.154278620427	0.0224948875256	48	668	3	0	46	0.489361702128
0.154465244626	0.0224948875256	48	669	3	0	46	0.489361702128
0.154549889981	0.0224948875256	48	670	3	0	46	0.489361702128
0.154684207398	0.0224948875256	48	671	3	0	46	0.489361702128
0.154692597549	0.0224948875256	48	672	3	0	46	0.489361702128
0.154791944672	0.0224948875256	48	673	3	0	46	0.489361702128
0.154858414634	0.0224948875256	48	674	3	0	46	0.489361702128
0.155200385318	0.0224948875256	48	675	3	0	46	0.489361702128
0.155326287643	0.0224948875256	48	676	3	0	46	0.489361702128
0.155528293199	0.0224948875256	48	677	3	0	46	0.489361702128
0.155950193423	0.0224948875256	48	678	3	0	46	0.489361702128
0.156712045746	0.0224948875256	48	679	3	0	46	0.489361702128
0.156917013101	0.0224948875256	48	680	3	0	46	0.489361702128
0.157022376774	0.0224948875256	48	681	3	0	46	0.489361702128
0.157625655955	0.0224948875256	48	682	3	0	46	0.489361702128
0.157917278382	0.0204498977505	48	683	3	0	47	0.494736842105
0.15792343488	0.0204498977505	48	684	3	0	47	0.494736842105
0.158054493601	0.0204498977505	48	685	3	0	47	0.494736842105
0.158226528092	0.0204498977505	48	686	3	0	47	0.494736842105
0.158276132653	0.0204498977505	48	687	3	0	47	0.494736842105
0.158572516242	0.0204498977505	48	688	3	0	47	0.494736842105
0.15875759984	0.0204498977505	48	689	3	0	47	0.494736842105
0.158766713693	0.0204498977505	48	690	3	0	47	0.494736842105
0.159037528909	0.0204498977505	48	691	3	0	47	0.494736842105
0.159113269117	0.0204498977505	48	692	3	0	47	0.494736842105
0.15920649349	0.0204498977505	48	693	3	0	47	0.494736842105
0.159742048835	0.0204498977505	48	694	3	0	47	0.494736842105
0.159824792828	0.0204498977505	48	695	3	0	47	0.494736842105
0.160729408971	0.0204498977505	48	696	3	0	47	0.494736842105
0.161338049888	0.0204498977505	48	697	3	0	47	0.494736842105
0.161763345327	0.0204498977505	48	698	3	0	47	0.494736842105
0.162026860273	0.0204498977505	48	699	3	0	47	0.494736842105
0.162175196188	0.0204498977505	48	700	3	0	47	0.494736842105
0.162660984376	0.0204498977505	48	701	3	0	47	0.494736842105
0.162838841781	0.0204498977505	48	702	3	0	47	0.494736842105
0.16288772971	0.0204498977505	48	703	3	0	47	0.494736842105
0.16335055773	0.0204498977505	48	704	3	0	47	0.494736842105
0.163361713281	0.0224948875256	49	704	3	0	47	0.489583333333
0.163389160134	0.0224948875256	49	705	3	0	47	0.489583333333
0.163574808437	0.0224948875256	49	706	3	0	47	0.489583333333
0.163589803665	0.0224948875256	49	707	3	0	47	0.489583333333
0.164258046567	0.0204498977505	49	708	3	0	48	0.494845360825
0.164500834091	0.0204498977505	49	709	3	0	48	0.494845360825
0.16452221473	0.0204498977505	49	710	3	0	48	0.494845360825
0.164680131614	0.0204498977505	49	711	3	0	48	0.494845360825
0.164810178386	0.0204498977505	49	712	3	0	48	0.494845360825
0.164844804436	0.0204498977505	49	713	3	0	48	0.494845360825
0.16507575624	0.0204498977505	49	714	3	0	48	0.494845360825
0.165375527201	0.0204498977505	49	715	3	0	48	0.494845360825
0.165496572557	0.0204498977505	49	716	3	0	48	0.494845360825
0.16570995962	0.0224948875256	50	716	3	0	48	0.489795918367
0.165804610058	0.0224948875256	50	717	3	0	48	0.489795918367
0.16585079744	0.0224948875256	50	718	3	0	48	0.489795918367
0.166105166979	0.0224948875256	50	719	3	0	48	0.489795918367
0.16650417903	0.0204498977505	50	720	3	0	49	0.494949494949
0.1666325266	0.0204498977505	50	721	3	0	49	0.494949494949
0.166652562725	0.0204498977505	50	722	3	0	49	0.494949494949
0.166751483574	0.0204498977505	50	723	3	0	49	0.494949494949
0.16704344949	0.0204498977505	50	724	3	0	49	0.494949494949
0.167289272382	0.0204498977505	50	725	3	0	49	0.494949494949
0.167421147104	0.0204498977505	50	726	3	0	49	0.494949494949
0.167473287199	0.0184049079755	50	727	3	0	50	0.5
0.167516510723	0.0163599182004	50	728	3	0	51	0.50495049505
0.167578723397	0.0143149284254	50	729	3	0	52	0.509803921569
0.167659933606	0.0143149284254	50	730	3	0	52	0.509803921569
0.167697518894	0.0143149284254	50	731	3	0	52	0.509803921569
0.16770622347	0.0143149284254	50	732	3	0	52	0.509803921569
0.167778714761	0.0143149284254	50	733	3	0	52	0.509803921569
0.167975623333	0.0143149284254	50	734	3	0	52	0.509803921569
0.168465672312	0.0143149284254	50	735	3	0	52	0.509803921569
0.168538338727	0.0122699386503	50	736	3	0	53	0.514563106796
0.168588820596	0.0122699386503	50	737	3	0	53	0.514563106796
0.168936232741	0.0122699386503	50	738	3	0	53	0.514563106796
0.169097114645	0.0143149284254	51	738	3	0	53	0.509615384615
0.169154668211	0.0143149284254	51	739	3	0	53	0.509615384615
0.169226295157	0.0143149284254	51	740	3	0	53	0.509615384615
0.169482376466	0.0143149284254	51	741	3	0	53	0.509615384615
0.169804655545	0.0143149284254	51	742	3	0	53	0.509615384615
0.169932456849	0.0143149284254	51	743	3	0	53	0.509615384615
0.170235909146	0.0143149284254	51	744	3	0	53	0.509615384615
0.170614097529	0.0143149284254	51	745	3	0	53	0.509615384615
0.170673329794	0.0143149284254	51	746	3	0	53	0.509615384615
0.171471624614	0.0143149284254	51	747	3	0	53	0.509615384615
0.171621083379	0.0143149284254	51	748	3	0	53	0.509615384615
0.171792416566	0.0143149284254	51	749	3	0	53	0.509615384615
0.171873651828	0.0143149284254	51	750	3	0	53	0.509615384615
0.172498345799	0.0143149284254	51	751	3	0	53	0.509615384615
0.172776041978	0.0143149284254	51	752	3	0	53	0.509615384615
0.172883757811	0.0143149284254	51	753	3	0	53	0.509615384615
0.173197029425	0.0143149284254	51	754	3	0	53	0.509615384615
0.173415403448	0.0143149284254	51	755	3	0	53	0.509615384615
0.173605272639	0.0143149284254	51	756	3	0	53	0.509615384615
0.173980793502	0.0143149284254	51	757	3	0	53	0.509615384615
0.174028577786	0.0143149284254	51	758	3	0	53	0.509615384615
0.174050292349	0.0143149284254	51	759	3	0	53	0.509615384615
0.174139490716	0.0143149284254	51	760	3	0	53	0.509615384615
0.174197176597	0.0143149284254	51	761	3	0	53	0.509615384615
0.174201844836	0.0143149284254	51	762	3	0	53	0.509615384615
0.174321336977	0.0143149284254	51	763	3	0	53	0.509615384615
0.174751650716	0.0143149284254	51	764	3	0	53	0.509615384615
0.174893652162	0.0143149284254	51	765	3	0	53	0.509615384615
0.175018909158	0.0143149284254	51	766	3	0	53	0.509615384615
0.175229306055	0.0143149284254	51	767	3	0	53	0.509615384615
0.175341966921	0.0143149284254	51	768	3	0	53	0.509615384615
0.175398138392	0.0143149284254	51	769	3	0	53	0.509615384615
0.175594051272	0.0143149284254	51	770	3	0	53	0.509615384615
0.175983070442	0.0143149284254	51	771	3	0	53	0.509615384615
0.175998462537	0.0143149284254	51	772	3	0	53	0.509615384615
0.176577213746	0.0143149284254	51	773	3	0	53	0.509615384615
0.176589084704	0.0143149284254	51	774	3	0	53	0.509615384615
0.176643650873	0.0143149284254	51	775	3	0	53	0.509615384615
0.176893844596	0.0143149284254	51	776	3	0	53	0.509615384615
0.177214483074	0.0143149284254	51	777	3	0	53	0.509615384615
0.177259090303	0.0122699386503	51	778	3	0	54	0.514285714286
0.177357324827	0.0122699386503	51	779	3	0	54	0.514285714286
0.177365375549	0.0122699386503	51	780	3	0	54	0.514285714286
0.177373036973	0.0122699386503	51	781	3	0	54	0.514285714286
0.177532733535	0.0122699386503	51	782	3	0	54	0.514285714286
0.177575362234	0.0122699386503	51	783	3	0	54	0.514285714286
0.177594139583	0.0122699386503	51	784	3	0	54	0.514285714286
0.177763097948	0.0143149284254	52	784	3	0	54	0.509433962264
0.177779676199	0.0143149284254	52	785	3	0	54	0.509433962264
0.177911845374	0.0143149284254	52	786	3	0	54	0.509433962264
0.178551271876	0.0143149284254	52	787	3	0	54	0.509433962264
0.178711208744	0.0143149284254	52	788	3	0	54	0.509433962264
0.178890678863	0.0143149284254	52	789	3	0	54	0.509433962264
0.179059017018	0.0143149284254	52	790	3	0	54	0.509433962264
0.17908253355	0.0163599182004	53	790	3	0	54	0.504672897196
0.179085135159	0.0143149284254	53	791	3	0	55	0.509259259259
0.179086197886	0.0143149284254	53	792	3	0	55	0.509259259259
0.179760574046	0.0143149284254	53	793	3	0	55	0.509259259259
0.179784216083	0.0143149284254	53	794	3	0	55	0.509259259259
0.180227163983	0.0143149284254	53	795	3	0	55	0.509259259259
0.180481755474	0.0122699386503	53	796	3	0	56	0.51376146789
0.180543595188	0.0143149284254	54	796	3	0	56	0.509090909091
0.180599997863	0.0143149284254	54	797	3	0	56	0.509090909091
0.180929389876	0.0143149284254	54	798	3	0	56	0.509090909091
0.181069329968	0.0143149284254	54	799	3	0	56	0.509090909091
0.181125141901	0.0143149284254	54	800	3	0	56	0.509090909091
0.181189531096	0.0143149284254	54	801	3	0	56	0.509090909091
0.181355148469	0.0143149284254	54	802	3	0	56	0.509090909091
0.181611732043	0.0143149284254	54	803	3	0	56	0.509090909091
0.181732544165	0.0143149284254	54	804	3	0	56	0.509090909091
0.182497677811	0.0143149284254	54	805	3	0	56	0.509090909091
0.18265249665	0.0143149284254	54	806	3	0	56	0.509090909091
0.182707242851	0.0143149284254	54	807	3	0	56	0.509090909091
0.182813212782	0.0143149284254	54	808	3	0	56	0.509090909091
0.182816704058	0.0143149284254	54	809	3	0	56	0.509090909091
0.183097953592	0.0143149284254	54	810	3	0	56	0.509090909091
0.183629444531	0.0143149284254	54	811	3	0	56	0.509090909091
0.184092503722	0.0143149284254	54	812	3	0	56	0.509090909091
0.184123507222	0.0143149284254	54	813	3	0	56	0.509090909091
0.184288457378	0.0143149284254	54	814	3	0	56	0.509090909091
0.18429683598	0.0143149284254	54	815	3	0	56	0.509090909091
0.184308335423	0.0143149284254	54	816	3	0	56	0.509090909091
0.184424184939	0.0143149284254	54	817	3	0	56	0.509090909091
0.184894463329	0.0143149284254	54	818	3	0	56	0.509090909091
0.185047495377	0.0143149284254	54	819	3	0	56	0.509090909091
0.185576498407	0.0143149284254	54	820	3	0	56	0.509090909091
0.186197389811	0.0143149284254	54	821	3	0	56	0.509090909091
0.186456788038	0.0143149284254	54	822	3	0	56	0.509090909091
0.186635777036	0.0143149284254	54	823	3	0	56	0.509090909091
0.186676159947	0.0143149284254	54	824	3	0	56	0.509090909091
0.186789359491	0.0143149284254	54	825	3	0	56	0.509090909091
0.18691123765	0.0143149284254	54	826	3	0	56	0.509090909091
0.18704111531	0.0143149284254	54	827	3	0	56	0.509090909091
0.187109339654	0.0143149284254	54	828	3	0	56	0.509090909091
0.187109419736	0.0143149284254	54	829	3	0	56	0.509090909091
0.187196242895	0.0143149284254	54	830	3	0	56	0.509090909091
0.187415980691	0.0143149284254	54	831	3	0	56	0.509090909091
0.187618964137	0.0143149284254	54	832	3	0	56	0.509090909091
0.187738869245	0.0143149284254	54	833	3	0	56	0.509090909091
0.187772918552	0.0143149284254	54	834	3	0	56	0.509090909091
0.188751219442	0.0143149284254	54	835	3	0	56	0.509090909091
0.189020549538	0.0143149284254	54	836	3	0	56	0.509090909091
0.189050305994	0.0143149284254	54	837	3	0	56	0.509090909091
0.189114534876	0.0143149284254	54	838	3	0	56	0.509090909091
0.189613926662	0.0163599182004	55	838	3	0	56	0.504504504505
0.190031958057	0.0163599182004	55	839	3	0	56	0.504504504505
0.190130248018	0.0163599182004	55	840	3	0	56	0.504504504505
0.190252197389	0.0163599182004	55	841	3	0	56	0.504504504505
0.190256115003	0.0163599182004	55	842	3	0	56	0.504504504505
0.19040718926	0.0163599182004	55	843	3	0	56	0.504504504505
0.190496766677	0.0163599182004	55	844	3	0	56	0.504504504505
0.19136568709	0.0163599182004	55	845	3	0	56	0.504504504505
0.191434335095	0.0184049079755	56	845	3	0	56	0.5
0.191545906024	0.0184049079755	56	846	3	0	56	0.5
0.191710137138	0.0184049079755	56	847	3	0	56	0.5
0.191721042901	0.0184049079755	56	848	3	0	56	0.5
0.191736064609	0.0184049079755	56	849	3	0	56	0.5
0.191965567044	0.0143149284254	56	850	3	0	58	0.508771929825
0.192038671198	0.0143149284254	56	851	3	0	58	0.508771929825
0.192081674442	0.0143149284254	56	852	3	0	58	0.508771929825
0.192483455796	0.0143149284254	56	853	3	0	58	0.508771929825
0.192806560493	0.0143149284254	56	854	3	0	58	0.508771929825
0.192884486738	0.0143149284254	56	855	3	0	58	0.508771929825
0.192917462098	0.0143149284254	56	856	3	0	58	0.508771929825
0.193108240609	0.0143149284254	56	857	3	0	58	0.508771929825
0.193600349823	0.0143149284254	56	858	3	0	58	0.508771929825
0.193746597958	0.0143149284254	56	859	3	0	58	0.508771929825
0.193851639774	0.0143149284254	56	860	3	0	58	0.508771929825
0.193977297242	0.0143149284254	56	861	3	0	58	0.508771929825
0.194185951876	0.0143149284254	56	862	3	0	58	0.508771929825
0.194391037254	0.0143149284254	56	863	3	0	58	0.508771929825
0.194735323349	0.0102249488753	56	864	3	0	60	0.51724137931
0.194957276777	0.0102249488753	56	865	3	0	60	0.51724137931
0.195009848228	0.0102249488753	56	866	3	0	60	0.51724137931
0.195095480689	0.0102249488753	56	867	3	0	60	0.51724137931
0.195268815344	0.0102249488753	56	868	3	0	60	0.51724137931
0.195576330403	0.0102249488753	56	869	3	0	60	0.51724137931
0.195761514626	0.0102249488753	56	870	3	0	60	0.51724137931
0.195981421542	0.0102249488753	56	871	3	0	60	0.51724137931
0.196225120752	0.0102249488753	56	872	3	0	60	0.51724137931
0.196476869528	0.0102249488753	56	873	3	0	60	0.51724137931
0.196533528581	0.0102249488753	56	874	3	0	60	0.51724137931
0.196871853648	0.0102249488753	56	875	3	0	60	0.51724137931
0.197050792411	0.0102249488753	56	876	3	0	60	0.51724137931
0.197276947936	0.0102249488753	56	877	3	0	60	0.51724137931
0.197492221247	0.0102249488753	56	878	3	0	60	0.51724137931
0.197497624529	0.0081799591002	56	879	3	0	61	0.521367521368
0.197586534085	0.0081799591002	56	880	3	0	61	0.521367521368
0.197639809437	0.0081799591002	56	881	3	0	61	0.521367521368
0.197764393864	0.0081799591002	56	882	3	0	61	0.521367521368
0.199748607603	0.0081799591002	56	883	3	0	61	0.521367521368
0.199788501383	0.0081799591002	56	884	3	0	61	0.521367521368
0.199939240498	0.0081799591002	56	885	3	0	61	0.521367521368
0.199975203249	0.0081799591002	56	886	3	0	61	0.521367521368
0.200761749731	0.0081799591002	56	887	3	0	61	0.521367521368
0.201234148943	0.0081799591002	56	888	3	0	61	0.521367521368
0.201260346285	0.0081799591002	56	889	3	0	61	0.521367521368
0.201447854323	0.0081799591002	56	890	3	0	61	0.521367521368
0.201650090032	0.0102249488753	57	890	3	0	61	0.516949152542
0.201957075142	0.0102249488753	57	891	3	0	61	0.516949152542
0.202035277004	0.0102249488753	57	892	3	0	61	0.516949152542
0.202303518354	0.0102249488753	57	893	3	0	61	0.516949152542
0.202844502106	0.0102249488753	57	894	3	0	61	0.516949152542
0.203170026408	0.0122699386503	58	894	3	0	61	0.512605042017
0.203199547109	0.0122699386503	58	895	3	0	61	0.512605042017
0.203644579949	0.0122699386503	58	896	3	0	61	0.512605042017
0.203664191667	0.0122699386503	58	897	3	0	61	0.512605042017
0.203707439133	0.0122699386503	58	898	3	0	61	0.512605042017
0.203826139272	0.0122699386503	58	899	3	0	61	0.512605042017
0.203916408527	0.0122699386503	58	900	3	0	61	0.512605042017
0.203991845906	0.0122699386503	58	901	3	0	61	0.512605042017
0.204400740816	0.0122699386503	58	902	3	0	61	0.512605042017
0.204480147019	0.0122699386503	58	903	3	0	61	0.512605042017
0.20461721945	0.0122699386503	58	904	3	0	61	0.512605042017
0.204758472538	0.0102249488753	58	905	3	0	62	0.516666666667
0.204810454371	0.0102249488753	58	906	3	0	62	0.516666666667
0.204961853949	0.0102249488753	58	907	3	0	62	0.516666666667
0.205274119174	0.0102249488753	58	908	3	0	62	0.516666666667
0.205529770387	0.0102249488753	58	909	3	0	62	0.516666666667
0.205947812508	0.0102249488753	58	910	3	0	62	0.516666666667
0.206016185549	0.0102249488753	58	911	3	0	62	0.516666666667
0.206173363937	0.0102249488753	58	912	3	0	62	0.516666666667
0.206323786073	0.0102249488753	58	913	3	0	62	0.516666666667
0.206727644813	0.0102249488753	58	914	3	0	62	0.516666666667
0.206727874324	0.0122699386503	59	914	3	0	62	0.512396694215
0.206780152934	0.0122699386503	59	915	3	0	62	0.512396694215
0.207020138128	0.0122699386503	59	916	3	0	62	0.512396694215
0.207028687791	0.0122699386503	59	917	3	0	62	0.512396694215
0.207029741568	0.0122699386503	59	918	3	0	62	0.512396694215
0.207173955996	0.0122699386503	59	919	3	0	62	0.512396694215
0.207534839372	0.0143149284254	60	919	3	0	62	0.508196721311
0.207559418768	0.0143149284254	60	920	3	0	62	0.508196721311
0.208215138084	0.0143149284254	60	921	3	0	62	0.508196721311
0.208229557349	0.0122699386503	60	922	3	0	63	0.512195121951
0.208495181037	0.0122699386503	60	923	3	0	63	0.512195121951
0.208567901004	0.0122699386503	60	924	3	0	63	0.512195121951
0.208651272128	0.0122699386503	60	925	3	0	63	0.512195121951
0.208888068845	0.0122699386503	60	926	3	0	63	0.512195121951
0.209038008681	0.0122699386503	60	927	3	0	63	0.512195121951
