# time 	 divergence 	 # of mutations 	 # IGC chances 	 IGC length 	 # IGC failures 	 Changes due to IGC  	 % change due to IGC 
0.0	0.0102249488753	0	0	0	0	0	0.0
0.000292311875894	0.0102249488753	0	1	3	0	0	0.0
0.000422685682802	0.0102249488753	0	2	3	0	0	0.0
0.000581372223465	0.0102249488753	0	3	3	0	0	0.0
0.000587305969147	0.0102249488753	0	4	3	0	0	0.0
0.00063932091636	0.0102249488753	0	5	3	0	0	0.0
0.00130062682359	0.0102249488753	0	6	3	0	0	0.0
0.0014183682948	0.0102249488753	0	7	3	0	0	0.0
0.00167717707098	0.0102249488753	0	8	3	0	0	0.0
0.00176734656439	0.0102249488753	0	9	3	0	0	0.0
0.00245287615534	0.0102249488753	0	10	3	0	0	0.0
0.00257945608738	0.0102249488753	0	11	3	0	0	0.0
0.00266509130083	0.0102249488753	0	12	3	0	0	0.0
0.00270914462613	0.0102249488753	0	13	3	0	0	0.0
0.00286572206969	0.0102249488753	0	14	3	0	0	0.0
0.00310633631801	0.0102249488753	0	15	3	0	0	0.0
0.00380877670283	0.0102249488753	0	16	3	0	0	0.0
0.00404171461925	0.0102249488753	0	17	3	0	0	0.0
0.00483906040973	0.0102249488753	0	18	3	0	0	0.0
0.00497274667298	0.0102249488753	0	19	3	0	0	0.0
0.00503357439682	0.0102249488753	0	20	3	0	0	0.0
0.00521656883554	0.0102249488753	0	21	3	0	0	0.0
0.00524452982556	0.0102249488753	0	22	3	0	0	0.0
0.00544818325499	0.0102249488753	0	23	3	0	0	0.0
0.0058683577311	0.0102249488753	0	24	3	0	0	0.0
0.00616387680807	0.0102249488753	0	25	3	0	0	0.0
0.0062782990767	0.0102249488753	0	26	3	0	0	0.0
0.00783670447478	0.0102249488753	0	27	3	0	0	0.0
0.00807383363482	0.0102249488753	0	28	3	0	0	0.0
0.00826550244301	0.0102249488753	0	29	3	0	0	0.0
0.00848996065581	0.0102249488753	0	30	3	0	0	0.0
0.00917748698666	0.0102249488753	0	31	3	0	0	0.0
0.00933936034448	0.0102249488753	0	32	3	0	0	0.0
0.00970017911005	0.0102249488753	0	33	3	0	0	0.0
0.00974607694214	0.0102249488753	0	34	3	0	0	0.0
0.00981937249253	0.0102249488753	0	35	3	0	0	0.0
0.0101572028572	0.0102249488753	0	36	3	0	0	0.0
0.0103617951409	0.0102249488753	0	37	3	0	0	0.0
0.0103738955184	0.0102249488753	0	38	3	0	0	0.0
0.0104382294143	0.0102249488753	0	39	3	0	0	0.0
0.0108773931482	0.0102249488753	0	40	3	0	0	0.0
0.0110750702578	0.0102249488753	0	41	3	0	0	0.0
0.0113557185303	0.0102249488753	0	42	3	0	0	0.0
0.0115243859333	0.0102249488753	0	43	3	0	0	0.0
0.0122370766599	0.0102249488753	0	44	3	0	0	0.0
0.0125605135407	0.0102249488753	0	45	3	0	0	0.0
0.0128488388024	0.0102249488753	0	46	3	0	0	0.0
0.0128973154056	0.0102249488753	0	47	3	0	0	0.0
0.0129047981566	0.0102249488753	0	48	3	0	0	0.0
0.0129920699262	0.0102249488753	0	49	3	0	0	0.0
0.0130142639362	0.0102249488753	0	50	3	0	0	0.0
0.0137671767292	0.0102249488753	0	51	3	0	0	0.0
0.0139295197848	0.0102249488753	0	52	3	0	0	0.0
0.0143584149214	0.0102249488753	0	53	3	0	0	0.0
0.015019601559	0.0102249488753	0	54	3	0	0	0.0
0.0151598089608	0.0102249488753	0	55	3	0	0	0.0
0.0156807140645	0.0102249488753	0	56	3	0	0	0.0
0.0157403963782	0.0102249488753	0	57	3	0	0	0.0
0.0158659630157	0.0102249488753	0	58	3	0	0	0.0
0.0159821895166	0.0102249488753	0	59	3	0	0	0.0
0.0159863658224	0.0102249488753	0	60	3	0	0	0.0
0.0159979558423	0.0102249488753	0	61	3	0	0	0.0
0.0160553535314	0.0102249488753	0	62	3	0	0	0.0
0.0160708469228	0.0081799591002	0	63	3	0	1	1.0
0.0162063263107	0.0081799591002	0	64	3	0	1	1.0
0.0163729395758	0.0081799591002	0	65	3	0	1	1.0
0.0167030167365	0.0081799591002	0	66	3	0	1	1.0
0.0170197787971	0.0081799591002	0	67	3	0	1	1.0
0.0170888813492	0.0081799591002	0	68	3	0	1	1.0
0.0173020261607	0.0102249488753	1	68	3	0	1	0.5
0.0175778100029	0.0102249488753	1	69	3	0	1	0.5
0.0180927397458	0.0122699386503	2	69	3	0	1	0.333333333333
0.0181192489769	0.0122699386503	2	70	3	0	1	0.333333333333
0.0182774851725	0.0122699386503	2	71	3	0	1	0.333333333333
0.0186672196966	0.0122699386503	2	72	3	0	1	0.333333333333
0.0187596188947	0.0122699386503	2	73	3	0	1	0.333333333333
0.0187654399225	0.0143149284254	3	73	3	0	1	0.25
0.018849459405	0.0143149284254	3	74	3	0	1	0.25
0.01901956902	0.0163599182004	4	74	3	0	1	0.2
0.019299977271	0.0163599182004	4	75	3	0	1	0.2
0.0194071685331	0.0163599182004	4	76	3	0	1	0.2
0.0195262007202	0.0163599182004	4	77	3	0	1	0.2
0.0198092214666	0.0163599182004	4	78	3	0	1	0.2
0.0198260318491	0.0163599182004	4	79	3	0	1	0.2
0.0199010421489	0.0163599182004	4	80	3	0	1	0.2
0.0202872680803	0.0163599182004	4	81	3	0	1	0.2
0.0203619914297	0.0163599182004	4	82	3	0	1	0.2
0.0205570478246	0.0163599182004	4	83	3	0	1	0.2
0.0206356369481	0.0163599182004	4	84	3	0	1	0.2
0.0208482791393	0.0163599182004	4	85	3	0	1	0.2
0.0210880168839	0.0163599182004	4	86	3	0	1	0.2
0.0211649969276	0.0163599182004	4	87	3	0	1	0.2
0.0212231692871	0.0163599182004	4	88	3	0	1	0.2
0.0214039120927	0.0163599182004	4	89	3	0	1	0.2
0.0214523466702	0.0163599182004	4	90	3	0	1	0.2
0.0214624160208	0.0163599182004	4	91	3	0	1	0.2
0.0215070577685	0.0163599182004	4	92	3	0	1	0.2
0.021641769323	0.0143149284254	4	93	3	0	2	0.333333333333
0.0217713920372	0.0143149284254	4	94	3	0	2	0.333333333333
0.0220503632642	0.0143149284254	4	95	3	0	2	0.333333333333
0.0222822921049	0.0143149284254	4	96	3	0	2	0.333333333333
0.0225081965088	0.0143149284254	4	97	3	0	2	0.333333333333
0.0225194712905	0.0143149284254	4	98	3	0	2	0.333333333333
0.0225826965989	0.0143149284254	4	99	3	0	2	0.333333333333
0.02290314677	0.0143149284254	4	100	3	0	2	0.333333333333
0.0230418724493	0.0143149284254	4	101	3	0	2	0.333333333333
0.0231359243823	0.0143149284254	4	102	3	0	2	0.333333333333
0.0235822443744	0.0143149284254	4	103	3	0	2	0.333333333333
0.0241554819417	0.0143149284254	4	104	3	0	2	0.333333333333
0.0243554446697	0.0143149284254	4	105	3	0	2	0.333333333333
0.0244182477864	0.0122699386503	4	106	3	0	3	0.428571428571
0.0246234194375	0.0122699386503	4	107	3	0	3	0.428571428571
0.0246562926955	0.0122699386503	4	108	3	0	3	0.428571428571
0.0246663853199	0.0122699386503	4	109	3	0	3	0.428571428571
0.0246677404154	0.0122699386503	4	110	3	0	3	0.428571428571
0.0250436091736	0.0122699386503	4	111	3	0	3	0.428571428571
0.025094127629	0.0122699386503	4	112	3	0	3	0.428571428571
0.0251623626081	0.0122699386503	4	113	3	0	3	0.428571428571
0.0251779188213	0.0122699386503	4	114	3	0	3	0.428571428571
0.025330592019	0.0122699386503	4	115	3	0	3	0.428571428571
0.025355994475	0.0122699386503	4	116	3	0	3	0.428571428571
0.0257076715255	0.0122699386503	4	117	3	0	3	0.428571428571
0.025806800333	0.0122699386503	4	118	3	0	3	0.428571428571
0.0260633555592	0.0122699386503	4	119	3	0	3	0.428571428571
0.0265483497821	0.0122699386503	4	120	3	0	3	0.428571428571
0.0266253651737	0.0122699386503	4	121	3	0	3	0.428571428571
0.0269705458195	0.0143149284254	5	121	3	0	3	0.375
0.0271001969325	0.0143149284254	5	122	3	0	3	0.375
0.0271299528813	0.0163599182004	6	122	3	0	3	0.333333333333
0.0274314979884	0.0163599182004	6	123	3	0	3	0.333333333333
0.0280211338874	0.0143149284254	6	124	3	0	4	0.4
0.0280384570331	0.0143149284254	6	125	3	0	4	0.4
0.0280710320055	0.0143149284254	6	126	3	0	4	0.4
0.0281389455506	0.0143149284254	6	127	3	0	4	0.4
0.0281724777803	0.0143149284254	6	128	3	0	4	0.4
0.0282868339907	0.0143149284254	6	129	3	0	4	0.4
0.0285341194984	0.0143149284254	6	130	3	0	4	0.4
0.0292246403183	0.0143149284254	6	131	3	0	4	0.4
0.0292389991947	0.0143149284254	6	132	3	0	4	0.4
0.0292711080548	0.0163599182004	7	132	3	0	4	0.363636363636
0.0297189833683	0.0163599182004	7	133	3	0	4	0.363636363636
0.0298284495504	0.0163599182004	7	134	3	0	4	0.363636363636
0.0298696490999	0.0163599182004	7	135	3	0	4	0.363636363636
0.0300682348538	0.0163599182004	7	136	3	0	4	0.363636363636
0.0302939942795	0.0163599182004	7	137	3	0	4	0.363636363636
0.0304658899751	0.0163599182004	7	138	3	0	4	0.363636363636
0.0306999326242	0.0163599182004	7	139	3	0	4	0.363636363636
0.0311280912824	0.0163599182004	7	140	3	0	4	0.363636363636
0.0319938063971	0.0163599182004	7	141	3	0	4	0.363636363636
0.0320012895707	0.0163599182004	7	142	3	0	4	0.363636363636
0.0320540698168	0.0163599182004	7	143	3	0	4	0.363636363636
0.0320888864035	0.0143149284254	7	144	3	0	5	0.416666666667
0.032266817657	0.0143149284254	7	145	3	0	5	0.416666666667
0.0326882137119	0.0143149284254	7	146	3	0	5	0.416666666667
0.0328688074241	0.0143149284254	7	147	3	0	5	0.416666666667
0.0331748047188	0.0163599182004	8	147	3	0	5	0.384615384615
0.033534582385	0.0163599182004	8	148	3	0	5	0.384615384615
0.0335382447165	0.0143149284254	8	149	3	0	6	0.428571428571
0.0335543098235	0.0143149284254	8	150	3	0	6	0.428571428571
0.0337418816735	0.0143149284254	8	151	3	0	6	0.428571428571
0.0342293623601	0.0122699386503	8	152	3	0	7	0.466666666667
0.0344868724329	0.0122699386503	8	153	3	0	7	0.466666666667
0.0346883336453	0.0143149284254	9	153	3	0	7	0.4375
0.0347209837097	0.0143149284254	9	154	3	0	7	0.4375
0.0348416001069	0.0143149284254	9	155	3	0	7	0.4375
0.0349719491283	0.0143149284254	9	156	3	0	7	0.4375
0.0352490552579	0.0143149284254	9	157	3	0	7	0.4375
0.0352527005906	0.0143149284254	9	158	3	0	7	0.4375
0.0353022156258	0.0143149284254	9	159	3	0	7	0.4375
0.0357447409938	0.0143149284254	9	160	3	0	7	0.4375
0.0357506769411	0.0143149284254	9	161	3	0	7	0.4375
0.0358246097927	0.0143149284254	9	162	3	0	7	0.4375
0.0358516323384	0.0143149284254	9	163	3	0	7	0.4375
0.036066814464	0.0163599182004	10	163	3	0	7	0.411764705882
0.0362302299746	0.0163599182004	10	164	3	0	7	0.411764705882
0.0362631721105	0.0163599182004	10	165	3	0	7	0.411764705882
0.0364373140056	0.0163599182004	10	166	3	0	7	0.411764705882
0.036559918867	0.0163599182004	10	167	3	0	7	0.411764705882
0.0376684014527	0.0163599182004	10	168	3	0	7	0.411764705882
0.0377424799855	0.0163599182004	10	169	3	0	7	0.411764705882
0.0378513050811	0.0163599182004	10	170	3	0	7	0.411764705882
0.0380103524264	0.0163599182004	10	171	3	0	7	0.411764705882
0.0380172202696	0.0163599182004	10	172	3	0	7	0.411764705882
0.0381764660696	0.0163599182004	10	173	3	0	7	0.411764705882
0.0388688372999	0.0163599182004	10	174	3	0	7	0.411764705882
0.038980600914	0.0163599182004	10	175	3	0	7	0.411764705882
0.039064614864	0.0163599182004	10	176	3	0	7	0.411764705882
0.039653082146	0.0163599182004	10	177	3	0	7	0.411764705882
0.0397205064304	0.0163599182004	10	178	3	0	7	0.411764705882
0.0397272859892	0.0163599182004	10	179	3	0	7	0.411764705882
0.0401237006464	0.0163599182004	10	180	3	0	7	0.411764705882
0.040147960767	0.0163599182004	10	181	3	0	7	0.411764705882
0.0403006739636	0.0163599182004	10	182	3	0	7	0.411764705882
0.0403311592585	0.0143149284254	10	183	3	0	8	0.444444444444
0.0404829416035	0.0163599182004	11	183	3	0	8	0.421052631579
0.0406204184003	0.0163599182004	11	184	3	0	8	0.421052631579
0.0407515668454	0.0143149284254	11	185	3	0	9	0.45
0.0407609691556	0.0143149284254	11	186	3	0	9	0.45
0.0408291950175	0.0143149284254	11	187	3	0	9	0.45
0.0408378265398	0.0143149284254	11	188	3	0	9	0.45
0.0409391992221	0.0143149284254	11	189	3	0	9	0.45
0.0412070936134	0.0143149284254	11	190	3	0	9	0.45
0.0421434977272	0.0143149284254	11	191	3	0	9	0.45
0.0422287510499	0.0143149284254	11	192	3	0	9	0.45
0.0422916666981	0.0143149284254	11	193	3	0	9	0.45
0.0423696119789	0.0143149284254	11	194	3	0	9	0.45
0.0435596830556	0.0143149284254	11	195	3	0	9	0.45
0.0439038351983	0.0143149284254	11	196	3	0	9	0.45
0.0446052615043	0.0163599182004	12	196	3	0	9	0.428571428571
0.0446840572394	0.0163599182004	12	197	3	0	9	0.428571428571
0.0449618708123	0.0163599182004	12	198	3	0	9	0.428571428571
0.0449980925617	0.0163599182004	12	199	3	0	9	0.428571428571
0.0453651621763	0.0163599182004	12	200	3	0	9	0.428571428571
0.0454462907813	0.0163599182004	12	201	3	0	9	0.428571428571
0.0456775559696	0.0163599182004	12	202	3	0	9	0.428571428571
0.045765623102	0.0163599182004	12	203	3	0	9	0.428571428571
0.0457715374338	0.0163599182004	12	204	3	0	9	0.428571428571
0.0458028755453	0.0163599182004	12	205	3	0	9	0.428571428571
0.0461014901295	0.0143149284254	12	206	3	0	10	0.454545454545
0.0464376157457	0.0143149284254	12	207	3	0	10	0.454545454545
0.0464713307834	0.0143149284254	12	208	3	0	10	0.454545454545
0.0468841088234	0.0143149284254	12	209	3	0	10	0.454545454545
0.0469003242294	0.0143149284254	12	210	3	0	10	0.454545454545
0.0471699344095	0.0143149284254	12	211	3	0	10	0.454545454545
0.0472744118445	0.0143149284254	12	212	3	0	10	0.454545454545
0.0481670103232	0.0143149284254	12	213	3	0	10	0.454545454545
0.0483747830899	0.0143149284254	12	214	3	0	10	0.454545454545
0.0484556741618	0.0143149284254	12	215	3	0	10	0.454545454545
0.0486629285474	0.0163599182004	13	215	3	0	10	0.434782608696
0.0486871958992	0.0163599182004	13	216	3	0	10	0.434782608696
0.0488346578221	0.0163599182004	13	217	3	0	10	0.434782608696
0.0488631120495	0.0163599182004	13	218	3	0	10	0.434782608696
0.0490350185368	0.0184049079755	14	218	3	0	10	0.416666666667
0.0492812364463	0.0204498977505	15	218	3	0	10	0.4
0.0494380374955	0.0204498977505	15	219	3	0	10	0.4
0.0494848430238	0.0224948875256	16	219	3	0	10	0.384615384615
0.049897802234	0.0224948875256	16	220	3	0	10	0.384615384615
0.0499736988806	0.0224948875256	16	221	3	0	10	0.384615384615
0.0502574874924	0.0224948875256	16	222	3	0	10	0.384615384615
0.0506547513456	0.0224948875256	16	223	3	0	10	0.384615384615
0.0509359633064	0.0224948875256	16	224	3	0	10	0.384615384615
0.0509810205047	0.0245398773006	17	224	3	0	10	0.37037037037
0.0510981866563	0.0265848670757	18	224	3	0	10	0.357142857143
0.0511280776305	0.0265848670757	18	225	3	0	10	0.357142857143
0.051220077263	0.0265848670757	18	226	3	0	10	0.357142857143
0.051398971691	0.0265848670757	18	227	3	0	10	0.357142857143
0.0515548678151	0.0265848670757	18	228	3	0	10	0.357142857143
0.0516282154595	0.0265848670757	18	229	3	0	10	0.357142857143
0.0517342444729	0.0265848670757	18	230	3	0	10	0.357142857143
0.051761425494	0.0265848670757	18	231	3	0	10	0.357142857143
0.0519603782396	0.0265848670757	18	232	3	0	10	0.357142857143
0.0522731450044	0.0265848670757	18	233	3	0	10	0.357142857143
0.0527597589338	0.0245398773006	18	234	3	0	11	0.379310344828
0.0533527679906	0.0245398773006	18	235	3	0	11	0.379310344828
0.0535242702972	0.0245398773006	18	236	3	0	11	0.379310344828
0.0538210785573	0.0245398773006	18	237	3	0	11	0.379310344828
0.0538753986236	0.0245398773006	18	238	3	0	11	0.379310344828
0.0541909403752	0.0245398773006	18	239	3	0	11	0.379310344828
0.054214031991	0.0245398773006	18	240	3	0	11	0.379310344828
0.0544854376817	0.0245398773006	18	241	3	0	11	0.379310344828
0.0546113082613	0.0245398773006	18	242	3	0	11	0.379310344828
0.0547664609485	0.0245398773006	18	243	3	0	11	0.379310344828
0.0549532639903	0.0245398773006	18	244	3	0	11	0.379310344828
0.0551444528917	0.0245398773006	18	245	3	0	11	0.379310344828
0.0557708148265	0.0245398773006	18	246	3	0	11	0.379310344828
0.0558298224378	0.0245398773006	18	247	3	0	11	0.379310344828
0.0558346076406	0.0245398773006	18	248	3	0	11	0.379310344828
0.0561780434517	0.0245398773006	18	249	3	0	11	0.379310344828
0.0561873499771	0.0245398773006	18	250	3	0	11	0.379310344828
0.0562527754131	0.0245398773006	18	251	3	0	11	0.379310344828
0.0562581029304	0.0245398773006	18	252	3	0	11	0.379310344828
0.0571702600622	0.0245398773006	18	253	3	0	11	0.379310344828
0.0575632530833	0.0245398773006	18	254	3	0	11	0.379310344828
0.0577579657326	0.0245398773006	18	255	3	0	11	0.379310344828
0.0582363805431	0.0245398773006	18	256	3	0	11	0.379310344828
0.0582872715732	0.0245398773006	18	257	3	0	11	0.379310344828
0.0586760574709	0.0245398773006	18	258	3	0	11	0.379310344828
0.0590703997407	0.0245398773006	18	259	3	0	11	0.379310344828
0.0592486666882	0.0224948875256	18	260	3	0	12	0.4
0.0592858043543	0.0224948875256	18	261	3	0	12	0.4
0.0595044641111	0.0224948875256	18	262	3	0	12	0.4
0.0595273510414	0.0224948875256	18	263	3	0	12	0.4
0.0596103602728	0.0224948875256	18	264	3	0	12	0.4
0.0599248082716	0.0224948875256	18	265	3	0	12	0.4
0.0602378087927	0.0224948875256	18	266	3	0	12	0.4
0.0605027123375	0.0224948875256	18	267	3	0	12	0.4
0.0605478725062	0.0224948875256	18	268	3	0	12	0.4
0.0610613216147	0.0224948875256	18	269	3	0	12	0.4
0.0615700731835	0.0224948875256	18	270	3	0	12	0.4
0.0616690652105	0.0224948875256	18	271	3	0	12	0.4
0.0619751890431	0.0224948875256	18	272	3	0	12	0.4
0.0623153496833	0.0224948875256	18	273	3	0	12	0.4
0.0623227935702	0.0224948875256	18	274	3	0	12	0.4
0.0623518441311	0.0224948875256	18	275	3	0	12	0.4
0.0626112666317	0.0224948875256	18	276	3	0	12	0.4
0.0627715366666	0.0224948875256	18	277	3	0	12	0.4
0.0631980402588	0.0224948875256	18	278	3	0	12	0.4
0.0633341032847	0.0224948875256	18	279	3	0	12	0.4
0.0639735098572	0.0224948875256	18	280	3	0	12	0.4
0.0640782718953	0.0224948875256	18	281	3	0	12	0.4
0.0642757440949	0.0224948875256	18	282	3	0	12	0.4
0.0645904136218	0.0224948875256	18	283	3	0	12	0.4
0.0651922379777	0.0224948875256	18	284	3	0	12	0.4
0.0652442051597	0.0224948875256	18	285	3	0	12	0.4
0.0653056224287	0.0204498977505	18	286	3	0	13	0.41935483871
0.0657348351703	0.0204498977505	18	287	3	0	13	0.41935483871
0.0658655674824	0.0204498977505	18	288	3	0	13	0.41935483871
0.0658808757277	0.0204498977505	18	289	3	0	13	0.41935483871
0.0659163010877	0.0184049079755	18	290	3	0	14	0.4375
0.066452146521	0.0184049079755	18	291	3	0	14	0.4375
0.0665085520043	0.0204498977505	19	291	3	0	14	0.424242424242
0.0667302996684	0.0204498977505	19	292	3	0	14	0.424242424242
0.0670762949725	0.0204498977505	19	293	3	0	14	0.424242424242
0.0673978539554	0.0204498977505	19	294	3	0	14	0.424242424242
0.0678515025421	0.0204498977505	19	295	3	0	14	0.424242424242
0.0680121213421	0.0204498977505	19	296	3	0	14	0.424242424242
0.0681334475131	0.0204498977505	19	297	3	0	14	0.424242424242
0.0681758715258	0.0204498977505	19	298	3	0	14	0.424242424242
0.068347993336	0.0204498977505	19	299	3	0	14	0.424242424242
0.0687694746739	0.0204498977505	19	300	3	0	14	0.424242424242
0.0687777473392	0.0204498977505	19	301	3	0	14	0.424242424242
0.0688195040809	0.0204498977505	19	302	3	0	14	0.424242424242
0.0692444305304	0.0204498977505	19	303	3	0	14	0.424242424242
0.069422682177	0.0204498977505	19	304	3	0	14	0.424242424242
0.069753676359	0.0204498977505	19	305	3	0	14	0.424242424242
0.0699237605233	0.0204498977505	19	306	3	0	14	0.424242424242
0.0699636721657	0.0204498977505	19	307	3	0	14	0.424242424242
0.0704742251019	0.0204498977505	19	308	3	0	14	0.424242424242
0.0706310911312	0.0204498977505	19	309	3	0	14	0.424242424242
0.070639782565	0.0204498977505	19	310	3	0	14	0.424242424242
0.0706462451609	0.0204498977505	19	311	3	0	14	0.424242424242
0.0706531243093	0.0204498977505	19	312	3	0	14	0.424242424242
0.0710585986183	0.0204498977505	19	313	3	0	14	0.424242424242
0.0715094022989	0.0204498977505	19	314	3	0	14	0.424242424242
0.0717377961703	0.0204498977505	19	315	3	0	14	0.424242424242
0.0718558429188	0.0224948875256	20	315	3	0	14	0.411764705882
0.0721419688644	0.0224948875256	20	316	3	0	14	0.411764705882
0.072614395602	0.0224948875256	20	317	3	0	14	0.411764705882
0.0728953181338	0.0224948875256	20	318	3	0	14	0.411764705882
0.072930896907	0.0224948875256	20	319	3	0	14	0.411764705882
0.0732884082701	0.0224948875256	20	320	3	0	14	0.411764705882
0.0732960967061	0.0224948875256	20	321	3	0	14	0.411764705882
0.0734756620302	0.0224948875256	20	322	3	0	14	0.411764705882
0.0735311045301	0.0224948875256	20	323	3	0	14	0.411764705882
0.0742091158397	0.0224948875256	20	324	3	0	14	0.411764705882
0.0744765008718	0.0224948875256	20	325	3	0	14	0.411764705882
0.0746583711283	0.0224948875256	20	326	3	0	14	0.411764705882
0.0748799145058	0.0245398773006	21	326	3	0	14	0.4
0.0749622430461	0.0245398773006	21	327	3	0	14	0.4
0.0749744345353	0.0245398773006	21	328	3	0	14	0.4
0.0756713808915	0.0245398773006	21	329	3	0	14	0.4
0.0758055774086	0.0245398773006	21	330	3	0	14	0.4
0.0760289776814	0.0204498977505	21	331	3	0	16	0.432432432432
0.076055353247	0.0204498977505	21	332	3	0	16	0.432432432432
0.0762007916799	0.0224948875256	22	332	3	0	16	0.421052631579
0.0766730410485	0.0224948875256	22	333	3	0	16	0.421052631579
0.0767621961484	0.0224948875256	22	334	3	0	16	0.421052631579
0.0768233240544	0.0224948875256	22	335	3	0	16	0.421052631579
0.0771586660139	0.0224948875256	22	336	3	0	16	0.421052631579
0.0774161357296	0.0224948875256	22	337	3	0	16	0.421052631579
0.0777445163753	0.0224948875256	22	338	3	0	16	0.421052631579
0.0778233230184	0.0224948875256	22	339	3	0	16	0.421052631579
0.0780367552701	0.0245398773006	23	339	3	0	16	0.410256410256
0.0786524194872	0.0224948875256	23	340	3	0	17	0.425
0.0790766031824	0.0224948875256	23	341	3	0	17	0.425
0.0790841654219	0.0224948875256	23	342	3	0	17	0.425
0.0791846490585	0.0204498977505	23	343	3	0	18	0.439024390244
0.0791949167008	0.0204498977505	23	344	3	0	18	0.439024390244
0.0792165756869	0.0204498977505	23	345	3	0	18	0.439024390244
0.0792703505991	0.0204498977505	23	346	3	0	18	0.439024390244
0.0792747158806	0.0204498977505	23	347	3	0	18	0.439024390244
0.0793950792355	0.0204498977505	23	348	3	0	18	0.439024390244
0.0796648748121	0.0204498977505	23	349	3	0	18	0.439024390244
0.0797684521457	0.0204498977505	23	350	3	0	18	0.439024390244
0.0798387572455	0.0204498977505	23	351	3	0	18	0.439024390244
0.0803488974974	0.0204498977505	23	352	3	0	18	0.439024390244
0.0807744038787	0.0204498977505	23	353	3	0	18	0.439024390244
0.0808013754248	0.0204498977505	23	354	3	0	18	0.439024390244
0.0808014297735	0.0204498977505	23	355	3	0	18	0.439024390244
0.0808737861605	0.0204498977505	23	356	3	0	18	0.439024390244
0.0809612070269	0.0204498977505	23	357	3	0	18	0.439024390244
0.0812981240421	0.0204498977505	23	358	3	0	18	0.439024390244
0.0813486084597	0.0204498977505	23	359	3	0	18	0.439024390244
0.0814094914436	0.0204498977505	23	360	3	0	18	0.439024390244
0.081453906333	0.0204498977505	23	361	3	0	18	0.439024390244
0.0817165381522	0.0204498977505	23	362	3	0	18	0.439024390244
0.0825916220438	0.0224948875256	24	362	3	0	18	0.428571428571
0.0828664575661	0.0245398773006	25	362	3	0	18	0.418604651163
0.0828828628489	0.0245398773006	25	363	3	0	18	0.418604651163
0.0830933470134	0.0224948875256	25	364	3	0	19	0.431818181818
0.0832046171954	0.0224948875256	25	365	3	0	19	0.431818181818
0.0832475776727	0.0224948875256	25	366	3	0	19	0.431818181818
0.0834056523107	0.0224948875256	25	367	3	0	19	0.431818181818
0.0835793838832	0.0224948875256	25	368	3	0	19	0.431818181818
0.0837814230671	0.0224948875256	25	369	3	0	19	0.431818181818
0.0839471610525	0.0224948875256	25	370	3	0	19	0.431818181818
0.0844113581993	0.0224948875256	25	371	3	0	19	0.431818181818
0.0846622913299	0.0224948875256	25	372	3	0	19	0.431818181818
0.0846711677883	0.0224948875256	25	373	3	0	19	0.431818181818
0.0848518287305	0.0224948875256	25	374	3	0	19	0.431818181818
0.084856136379	0.0224948875256	25	375	3	0	19	0.431818181818
0.0850066898231	0.0224948875256	25	376	3	0	19	0.431818181818
0.0852753149386	0.0224948875256	25	377	3	0	19	0.431818181818
0.0854294740614	0.0224948875256	25	378	3	0	19	0.431818181818
0.0854765953493	0.0224948875256	25	379	3	0	19	0.431818181818
0.0855732687398	0.0245398773006	26	379	3	0	19	0.422222222222
0.0857171084749	0.0265848670757	27	379	3	0	19	0.413043478261
0.0858773839713	0.0265848670757	27	380	3	0	19	0.413043478261
0.0860864031375	0.0265848670757	27	381	3	0	19	0.413043478261
0.08621650152	0.0245398773006	27	382	3	0	20	0.425531914894
0.0865663780332	0.0245398773006	27	383	3	0	20	0.425531914894
0.0866945413241	0.0245398773006	27	384	3	0	20	0.425531914894
0.0871451951998	0.0245398773006	27	385	3	0	20	0.425531914894
0.0872584751588	0.0245398773006	27	386	3	0	20	0.425531914894
0.087520920088	0.0245398773006	27	387	3	0	20	0.425531914894
0.0875215164459	0.0245398773006	27	388	3	0	20	0.425531914894
0.0883819967994	0.0265848670757	28	388	3	0	20	0.416666666667
0.0885655464587	0.0265848670757	28	389	3	0	20	0.416666666667
0.0887270181846	0.0265848670757	28	390	3	0	20	0.416666666667
0.0888795993475	0.0286298568507	29	390	3	0	20	0.408163265306
0.0889669252195	0.0286298568507	29	391	3	0	20	0.408163265306
0.0890324450853	0.0286298568507	29	392	3	0	20	0.408163265306
0.0891460600447	0.0286298568507	29	393	3	0	20	0.408163265306
0.0892771682505	0.0286298568507	29	394	3	0	20	0.408163265306
0.0894371648999	0.0286298568507	29	395	3	0	20	0.408163265306
0.0895553391551	0.0286298568507	29	396	3	0	20	0.408163265306
0.0900055650511	0.0286298568507	29	397	3	0	20	0.408163265306
0.0900437324931	0.0286298568507	29	398	3	0	20	0.408163265306
0.0902558133936	0.0286298568507	29	399	3	0	20	0.408163265306
0.0907269220446	0.0286298568507	29	400	3	0	20	0.408163265306
0.090760597438	0.0286298568507	29	401	3	0	20	0.408163265306
0.0917398140415	0.0286298568507	29	402	3	0	20	0.408163265306
0.0922183831584	0.0286298568507	29	403	3	0	20	0.408163265306
0.0928942906728	0.0286298568507	29	404	3	0	20	0.408163265306
0.0931616882014	0.0286298568507	29	405	3	0	20	0.408163265306
0.0931914481125	0.0286298568507	29	406	3	0	20	0.408163265306
0.0933878075578	0.0306748466258	30	406	3	0	20	0.4
0.0938182757742	0.0306748466258	30	407	3	0	20	0.4
0.0938955971333	0.0306748466258	30	408	3	0	20	0.4
0.0939860986779	0.0306748466258	30	409	3	0	20	0.4
0.0940759587979	0.0306748466258	30	410	3	0	20	0.4
0.0945180160804	0.0306748466258	30	411	3	0	20	0.4
0.0946211221254	0.0306748466258	30	412	3	0	20	0.4
0.0948364875475	0.0306748466258	30	413	3	0	20	0.4
0.0951631325978	0.0306748466258	30	414	3	0	20	0.4
0.0953151464977	0.0306748466258	30	415	3	0	20	0.4
0.0956080677826	0.0306748466258	30	416	3	0	20	0.4
0.0957586010844	0.0306748466258	30	417	3	0	20	0.4
0.0959976631754	0.0286298568507	30	418	3	0	21	0.411764705882
0.0961373099988	0.0286298568507	30	419	3	0	21	0.411764705882
0.0962685596723	0.0286298568507	30	420	3	0	21	0.411764705882
0.0964217776761	0.0286298568507	30	421	3	0	21	0.411764705882
0.0966708035944	0.0286298568507	30	422	3	0	21	0.411764705882
0.0966940578656	0.0286298568507	30	423	3	0	21	0.411764705882
0.0967399211306	0.0286298568507	30	424	3	0	21	0.411764705882
0.0973626281795	0.0286298568507	30	425	3	0	21	0.411764705882
0.097585445498	0.0286298568507	30	426	3	0	21	0.411764705882
0.0981237865665	0.0286298568507	30	427	3	0	21	0.411764705882
0.0985204345411	0.0286298568507	30	428	3	0	21	0.411764705882
0.098538718683	0.0286298568507	30	429	3	0	21	0.411764705882
0.0985963197749	0.0286298568507	30	430	3	0	21	0.411764705882
0.0988269811763	0.0286298568507	30	431	3	0	21	0.411764705882
0.0992257665408	0.0286298568507	30	432	3	0	21	0.411764705882
0.0995623239655	0.0286298568507	30	433	3	0	21	0.411764705882
0.099670008441	0.0265848670757	30	434	3	0	22	0.423076923077
0.0998347260553	0.0265848670757	30	435	3	0	22	0.423076923077
0.100093073244	0.0265848670757	30	436	3	0	22	0.423076923077
0.100116039447	0.0265848670757	30	437	3	0	22	0.423076923077
0.100198191071	0.0265848670757	30	438	3	0	22	0.423076923077
0.100230087841	0.0265848670757	30	439	3	0	22	0.423076923077
0.10074080174	0.0265848670757	30	440	3	0	22	0.423076923077
0.100874551828	0.0265848670757	30	441	3	0	22	0.423076923077
0.100932604598	0.0265848670757	30	442	3	0	22	0.423076923077
0.100976920779	0.0265848670757	30	443	3	0	22	0.423076923077
0.101001018592	0.0265848670757	30	444	3	0	22	0.423076923077
0.101448562658	0.0265848670757	30	445	3	0	22	0.423076923077
0.10153441396	0.0265848670757	30	446	3	0	22	0.423076923077
0.101814388861	0.0265848670757	30	447	3	0	22	0.423076923077
0.101821818581	0.0265848670757	30	448	3	0	22	0.423076923077
0.10196322584	0.0265848670757	30	449	3	0	22	0.423076923077
0.102084637569	0.0286298568507	31	449	3	0	22	0.415094339623
0.102141000618	0.0286298568507	31	450	3	0	22	0.415094339623
0.102178729636	0.0286298568507	31	451	3	0	22	0.415094339623
0.102547851086	0.0286298568507	31	452	3	0	22	0.415094339623
0.102996828007	0.0286298568507	31	453	3	0	22	0.415094339623
0.103438697824	0.0286298568507	31	454	3	0	22	0.415094339623
0.103586306941	0.0286298568507	31	455	3	0	22	0.415094339623
0.103639265962	0.0286298568507	31	456	3	0	22	0.415094339623
0.104062142113	0.0286298568507	31	457	3	0	22	0.415094339623
0.104332646936	0.0286298568507	31	458	3	0	22	0.415094339623
0.104335280037	0.0286298568507	31	459	3	0	22	0.415094339623
0.104625828213	0.0286298568507	31	460	3	0	22	0.415094339623
0.104737600523	0.0286298568507	31	461	3	0	22	0.415094339623
0.104901680676	0.0286298568507	31	462	3	0	22	0.415094339623
0.104942863906	0.0286298568507	31	463	3	0	22	0.415094339623
0.105455635791	0.0286298568507	31	464	3	0	22	0.415094339623
0.105767107007	0.0286298568507	31	465	3	0	22	0.415094339623
0.105793875652	0.0286298568507	31	466	3	0	22	0.415094339623
0.105900369639	0.0286298568507	31	467	3	0	22	0.415094339623
0.105995586448	0.0286298568507	31	468	3	0	22	0.415094339623
0.10604539953	0.0286298568507	31	469	3	0	22	0.415094339623
0.106231697227	0.0286298568507	31	470	3	0	22	0.415094339623
0.106358202777	0.0286298568507	31	471	3	0	22	0.415094339623
0.106871191306	0.0286298568507	31	472	3	0	22	0.415094339623
0.10693430757	0.0286298568507	31	473	3	0	22	0.415094339623
0.106938971095	0.0286298568507	31	474	3	0	22	0.415094339623
0.107132005322	0.0286298568507	31	475	3	0	22	0.415094339623
0.10715309946	0.0286298568507	31	476	3	0	22	0.415094339623
0.107276583798	0.0286298568507	31	477	3	0	22	0.415094339623
0.107368930807	0.0286298568507	31	478	3	0	22	0.415094339623
0.107671066937	0.0286298568507	31	479	3	0	22	0.415094339623
0.108105932335	0.0286298568507	31	480	3	0	22	0.415094339623
0.108238092269	0.0286298568507	31	481	3	0	22	0.415094339623
0.108253939369	0.0286298568507	31	482	3	0	22	0.415094339623
0.108466153478	0.0286298568507	31	483	3	0	22	0.415094339623
0.108524200225	0.0286298568507	31	484	3	0	22	0.415094339623
0.108639042609	0.0286298568507	31	485	3	0	22	0.415094339623
0.109359075051	0.0286298568507	31	486	3	0	22	0.415094339623
0.109570729979	0.0286298568507	31	487	3	0	22	0.415094339623
0.110379142556	0.0286298568507	31	488	3	0	22	0.415094339623
0.110735084506	0.0286298568507	31	489	3	0	22	0.415094339623
0.110736169503	0.0286298568507	31	490	3	0	22	0.415094339623
0.110950063625	0.0286298568507	31	491	3	0	22	0.415094339623
0.111108590213	0.0286298568507	31	492	3	0	22	0.415094339623
0.11112670375	0.0286298568507	31	493	3	0	22	0.415094339623
0.111329798408	0.0306748466258	32	493	3	0	22	0.407407407407
0.111739637161	0.0306748466258	32	494	3	0	22	0.407407407407
0.112143744817	0.0286298568507	32	495	3	0	23	0.418181818182
0.113562423621	0.0286298568507	32	496	3	0	23	0.418181818182
0.113714392257	0.0286298568507	32	497	3	0	23	0.418181818182
0.114405568237	0.0265848670757	32	498	3	0	24	0.428571428571
0.114717088555	0.0245398773006	32	499	3	0	25	0.438596491228
0.115066407386	0.0245398773006	32	500	3	0	25	0.438596491228
0.11524734614	0.0245398773006	32	501	3	0	25	0.438596491228
0.115313360549	0.0245398773006	32	502	3	0	25	0.438596491228
0.115366568603	0.0245398773006	32	503	3	0	25	0.438596491228
0.115418109116	0.0245398773006	32	504	3	0	25	0.438596491228
0.115619081257	0.0245398773006	32	505	3	0	25	0.438596491228
0.11590452602	0.0245398773006	32	506	3	0	25	0.438596491228
0.11603726655	0.0245398773006	32	507	3	0	25	0.438596491228
0.116064565289	0.0245398773006	32	508	3	0	25	0.438596491228
0.116192259047	0.0245398773006	32	509	3	0	25	0.438596491228
0.116802738539	0.0245398773006	32	510	3	0	25	0.438596491228
0.116875403037	0.0245398773006	32	511	3	0	25	0.438596491228
0.1169339769	0.0245398773006	32	512	3	0	25	0.438596491228
0.117154760074	0.0245398773006	32	513	3	0	25	0.438596491228
0.117288347698	0.0245398773006	32	514	3	0	25	0.438596491228
0.117304960521	0.0245398773006	32	515	3	0	25	0.438596491228
0.117609372789	0.0245398773006	32	516	3	0	25	0.438596491228
0.117623596383	0.0224948875256	32	517	3	0	26	0.448275862069
0.117823550714	0.0224948875256	32	518	3	0	26	0.448275862069
0.117949732933	0.0224948875256	32	519	3	0	26	0.448275862069
0.117962335694	0.0224948875256	32	520	3	0	26	0.448275862069
0.118070374467	0.0224948875256	32	521	3	0	26	0.448275862069
0.118390772651	0.0204498977505	32	522	3	0	27	0.457627118644
0.118589871421	0.0204498977505	32	523	3	0	27	0.457627118644
0.118722295274	0.0204498977505	32	524	3	0	27	0.457627118644
0.118934207823	0.0204498977505	32	525	3	0	27	0.457627118644
0.118935366021	0.0204498977505	32	526	3	0	27	0.457627118644
0.11893884229	0.0204498977505	32	527	3	0	27	0.457627118644
0.119194880004	0.0204498977505	32	528	3	0	27	0.457627118644
0.119218351564	0.0204498977505	32	529	3	0	27	0.457627118644
0.119413277865	0.0204498977505	32	530	3	0	27	0.457627118644
0.119494141436	0.0204498977505	32	531	3	0	27	0.457627118644
0.119573206401	0.0204498977505	32	532	3	0	27	0.457627118644
0.119608825706	0.0204498977505	32	533	3	0	27	0.457627118644
0.119878717632	0.0204498977505	32	534	3	0	27	0.457627118644
0.12003114552	0.0204498977505	32	535	3	0	27	0.457627118644
0.120047285571	0.0204498977505	32	536	3	0	27	0.457627118644
0.120360443413	0.0204498977505	32	537	3	0	27	0.457627118644
0.120463802351	0.0204498977505	32	538	3	0	27	0.457627118644
0.121562111968	0.0184049079755	32	539	3	0	28	0.466666666667
0.12169425173	0.0184049079755	32	540	3	0	28	0.466666666667
0.122106079089	0.0184049079755	32	541	3	0	28	0.466666666667
0.122703060723	0.0163599182004	32	542	3	0	29	0.475409836066
0.122729695014	0.0163599182004	32	543	3	0	29	0.475409836066
0.123134866458	0.0163599182004	32	544	3	0	29	0.475409836066
0.123446530517	0.0163599182004	32	545	3	0	29	0.475409836066
0.12350576116	0.0163599182004	32	546	3	0	29	0.475409836066
0.123786596729	0.0163599182004	32	547	3	0	29	0.475409836066
0.123814185321	0.0163599182004	32	548	3	0	29	0.475409836066
0.123983592022	0.0163599182004	32	549	3	0	29	0.475409836066
0.12403819575	0.0163599182004	32	550	3	0	29	0.475409836066
0.124125694592	0.0163599182004	32	551	3	0	29	0.475409836066
0.124224227206	0.0163599182004	32	552	3	0	29	0.475409836066
0.124439644616	0.0184049079755	33	552	3	0	29	0.467741935484
0.124657450993	0.0184049079755	33	553	3	0	29	0.467741935484
0.124690123968	0.0184049079755	33	554	3	0	29	0.467741935484
0.124711973839	0.0184049079755	33	555	3	0	29	0.467741935484
0.124810709764	0.0184049079755	33	556	3	0	29	0.467741935484
0.125079387705	0.0184049079755	33	557	3	0	29	0.467741935484
0.125079974474	0.0184049079755	33	558	3	0	29	0.467741935484
0.125216528925	0.0184049079755	33	559	3	0	29	0.467741935484
0.125314943124	0.0184049079755	33	560	3	0	29	0.467741935484
0.125392558709	0.0184049079755	33	561	3	0	29	0.467741935484
0.125420138526	0.0184049079755	33	562	3	0	29	0.467741935484
0.125450187984	0.0184049079755	33	563	3	0	29	0.467741935484
0.125605786753	0.0184049079755	33	564	3	0	29	0.467741935484
0.125714980878	0.0184049079755	33	565	3	0	29	0.467741935484
0.126007980668	0.0184049079755	33	566	3	0	29	0.467741935484
0.126220474696	0.0184049079755	33	567	3	0	29	0.467741935484
0.12665041238	0.0184049079755	33	568	3	0	29	0.467741935484
0.126857093916	0.0184049079755	33	569	3	0	29	0.467741935484
0.126943119547	0.0163599182004	33	570	3	0	30	0.47619047619
0.126990006981	0.0163599182004	33	571	3	0	30	0.47619047619
0.127062245188	0.0163599182004	33	572	3	0	30	0.47619047619
0.127335821727	0.0163599182004	33	573	3	0	30	0.47619047619
0.127866290018	0.0163599182004	33	574	3	0	30	0.47619047619
0.127891960327	0.0163599182004	33	575	3	0	30	0.47619047619
0.128043498715	0.0163599182004	33	576	3	0	30	0.47619047619
0.128069627234	0.0163599182004	33	577	3	0	30	0.47619047619
0.128333036689	0.0163599182004	33	578	3	0	30	0.47619047619
0.128561320001	0.0163599182004	33	579	3	0	30	0.47619047619
0.129567868077	0.0163599182004	33	580	3	0	30	0.47619047619
0.12960078856	0.0163599182004	33	581	3	0	30	0.47619047619
0.12979955701	0.0184049079755	34	581	3	0	30	0.46875
0.129860394244	0.0184049079755	34	582	3	0	30	0.46875
0.130010911886	0.0184049079755	34	583	3	0	30	0.46875
0.130259622772	0.0163599182004	34	584	3	0	31	0.476923076923
0.130478196132	0.0163599182004	34	585	3	0	31	0.476923076923
0.130539853114	0.0163599182004	34	586	3	0	31	0.476923076923
0.130549171254	0.0163599182004	34	587	3	0	31	0.476923076923
0.130617890485	0.0163599182004	34	588	3	0	31	0.476923076923
0.130672857336	0.0163599182004	34	589	3	0	31	0.476923076923
0.131081082203	0.0163599182004	34	590	3	0	31	0.476923076923
0.131152942929	0.0184049079755	35	590	3	0	31	0.469696969697
0.131275800452	0.0184049079755	35	591	3	0	31	0.469696969697
0.131345442478	0.0184049079755	35	592	3	0	31	0.469696969697
0.131347070102	0.0184049079755	35	593	3	0	31	0.469696969697
0.132071034862	0.0184049079755	35	594	3	0	31	0.469696969697
0.132193470649	0.0184049079755	35	595	3	0	31	0.469696969697
0.132432497436	0.0184049079755	35	596	3	0	31	0.469696969697
0.132627791908	0.0184049079755	35	597	3	0	31	0.469696969697
0.132850870392	0.0184049079755	35	598	3	0	31	0.469696969697
0.133187375294	0.0184049079755	35	599	3	0	31	0.469696969697
0.133371954969	0.0184049079755	35	600	3	0	31	0.469696969697
0.133980807866	0.0184049079755	35	601	3	0	31	0.469696969697
0.134254520207	0.0184049079755	35	602	3	0	31	0.469696969697
0.134479189554	0.0184049079755	35	603	3	0	31	0.469696969697
0.134585032105	0.0184049079755	35	604	3	0	31	0.469696969697
0.135256792952	0.0184049079755	35	605	3	0	31	0.469696969697
0.135657603857	0.0184049079755	35	606	3	0	31	0.469696969697
0.135936051051	0.0184049079755	35	607	3	0	31	0.469696969697
0.135964167471	0.0184049079755	35	608	3	0	31	0.469696969697
0.136132473644	0.0184049079755	35	609	3	0	31	0.469696969697
0.136257057278	0.0184049079755	35	610	3	0	31	0.469696969697
0.136365130024	0.0184049079755	35	611	3	0	31	0.469696969697
0.13637451386	0.0184049079755	35	612	3	0	31	0.469696969697
0.136499674947	0.0184049079755	35	613	3	0	31	0.469696969697
0.136514320054	0.0184049079755	35	614	3	0	31	0.469696969697
0.136530700833	0.0184049079755	35	615	3	0	31	0.469696969697
0.1365430117	0.0184049079755	35	616	3	0	31	0.469696969697
0.136726977274	0.0184049079755	35	617	3	0	31	0.469696969697
0.136902205026	0.0184049079755	35	618	3	0	31	0.469696969697
0.137234448022	0.0184049079755	35	619	3	0	31	0.469696969697
0.13723738068	0.0184049079755	35	620	3	0	31	0.469696969697
0.137539771209	0.0184049079755	35	621	3	0	31	0.469696969697
0.137588565965	0.0184049079755	35	622	3	0	31	0.469696969697
0.137681579087	0.0184049079755	35	623	3	0	31	0.469696969697
0.138037799419	0.0184049079755	35	624	3	0	31	0.469696969697
0.138961599102	0.0184049079755	35	625	3	0	31	0.469696969697
0.13899380527	0.0184049079755	35	626	3	0	31	0.469696969697
0.13908008916	0.0204498977505	36	626	3	0	31	0.462686567164
0.139193042726	0.0184049079755	36	627	3	0	32	0.470588235294
0.139379329251	0.0184049079755	36	628	3	0	32	0.470588235294
0.13940592316	0.0184049079755	36	629	3	0	32	0.470588235294
0.139642386765	0.0184049079755	36	630	3	0	32	0.470588235294
0.13969975645	0.0184049079755	36	631	3	0	32	0.470588235294
0.139965108911	0.0184049079755	36	632	3	0	32	0.470588235294
0.140382178955	0.0184049079755	36	633	3	0	32	0.470588235294
0.140391144136	0.0184049079755	36	634	3	0	32	0.470588235294
0.140435456936	0.0184049079755	36	635	3	0	32	0.470588235294
0.140457525784	0.0184049079755	36	636	3	0	32	0.470588235294
0.140569041176	0.0184049079755	36	637	3	0	32	0.470588235294
0.140785692387	0.0184049079755	36	638	3	0	32	0.470588235294
0.140904549634	0.0184049079755	36	639	3	0	32	0.470588235294
0.141229236706	0.0184049079755	36	640	3	0	32	0.470588235294
0.141808151846	0.0184049079755	36	641	3	0	32	0.470588235294
0.141970932708	0.0184049079755	36	642	3	0	32	0.470588235294
0.14216137265	0.0184049079755	36	643	3	0	32	0.470588235294
0.142197499202	0.0184049079755	36	644	3	0	32	0.470588235294
0.142227005084	0.0184049079755	36	645	3	0	32	0.470588235294
0.142422916681	0.0184049079755	36	646	3	0	32	0.470588235294
0.142428962749	0.0184049079755	36	647	3	0	32	0.470588235294
0.142796663327	0.0184049079755	36	648	3	0	32	0.470588235294
0.142904551963	0.0184049079755	36	649	3	0	32	0.470588235294
0.142981788623	0.0163599182004	36	650	3	0	33	0.478260869565
0.143280883511	0.0163599182004	36	651	3	0	33	0.478260869565
0.143532763348	0.0163599182004	36	652	3	0	33	0.478260869565
0.14394578695	0.0163599182004	36	653	3	0	33	0.478260869565
0.144429020574	0.0163599182004	36	654	3	0	33	0.478260869565
0.14446696402	0.0163599182004	36	655	3	0	33	0.478260869565
0.144542985261	0.0184049079755	37	655	3	0	33	0.471428571429
0.14455524325	0.0184049079755	37	656	3	0	33	0.471428571429
0.144930325397	0.0184049079755	37	657	3	0	33	0.471428571429
0.145140414696	0.0204498977505	38	657	3	0	33	0.464788732394
0.145511204905	0.0204498977505	38	658	3	0	33	0.464788732394
0.145731885094	0.0204498977505	38	659	3	0	33	0.464788732394
0.145874239203	0.0204498977505	38	660	3	0	33	0.464788732394
0.146139457616	0.0184049079755	38	661	3	0	34	0.472222222222
0.146483289905	0.0184049079755	38	662	3	0	34	0.472222222222
0.146873438551	0.0184049079755	38	663	3	0	34	0.472222222222
0.146898555143	0.0184049079755	38	664	3	0	34	0.472222222222
0.14698327239	0.0184049079755	38	665	3	0	34	0.472222222222
0.147082384191	0.0184049079755	38	666	3	0	34	0.472222222222
0.147156166281	0.0184049079755	38	667	3	0	34	0.472222222222
0.14730130003	0.0184049079755	38	668	3	0	34	0.472222222222
0.147594412153	0.0184049079755	38	669	3	0	34	0.472222222222
0.147644076471	0.0184049079755	38	670	3	0	34	0.472222222222
0.147921044105	0.0184049079755	38	671	3	0	34	0.472222222222
0.147923067212	0.0184049079755	38	672	3	0	34	0.472222222222
0.148114404328	0.0184049079755	38	673	3	0	34	0.472222222222
0.148468951231	0.0184049079755	38	674	3	0	34	0.472222222222
0.148877876889	0.0184049079755	38	675	3	0	34	0.472222222222
0.148881080306	0.0184049079755	38	676	3	0	34	0.472222222222
0.149455121574	0.0184049079755	38	677	3	0	34	0.472222222222
0.149709394452	0.0184049079755	38	678	3	0	34	0.472222222222
0.149773555015	0.0184049079755	38	679	3	0	34	0.472222222222
0.149879025243	0.0184049079755	38	680	3	0	34	0.472222222222
0.150107974632	0.0204498977505	39	680	3	0	34	0.465753424658
0.150220848015	0.0204498977505	39	681	3	0	34	0.465753424658
0.150337743667	0.0204498977505	39	682	3	0	34	0.465753424658
0.150815828123	0.0204498977505	39	683	3	0	34	0.465753424658
0.1508422582	0.0224948875256	40	683	3	0	34	0.459459459459
0.150915696829	0.0224948875256	40	684	3	0	34	0.459459459459
0.15094157367	0.0224948875256	40	685	3	0	34	0.459459459459
0.150968834705	0.0224948875256	40	686	3	0	34	0.459459459459
0.151093949444	0.0245398773006	41	686	3	0	34	0.453333333333
0.151155861889	0.0245398773006	41	687	3	0	34	0.453333333333
0.151303661501	0.0245398773006	41	688	3	0	34	0.453333333333
0.151409469015	0.0245398773006	41	689	3	0	34	0.453333333333
0.151550898094	0.0245398773006	41	690	3	0	34	0.453333333333
0.151682390963	0.0245398773006	41	691	3	0	34	0.453333333333
0.151835541259	0.0245398773006	41	692	3	0	34	0.453333333333
0.152167208001	0.0245398773006	41	693	3	0	34	0.453333333333
0.152413076714	0.0245398773006	41	694	3	0	34	0.453333333333
0.152423383858	0.0265848670757	42	694	3	0	34	0.447368421053
0.15278937556	0.0245398773006	42	695	3	0	35	0.454545454545
0.153028389761	0.0245398773006	42	696	3	0	35	0.454545454545
0.153049365113	0.0245398773006	42	697	3	0	35	0.454545454545
0.153619012245	0.0265848670757	43	697	3	0	35	0.448717948718
0.15367195398	0.0265848670757	43	698	3	0	35	0.448717948718
0.154123403112	0.0265848670757	43	699	3	0	35	0.448717948718
0.154570395864	0.0265848670757	43	700	3	0	35	0.448717948718
0.154681996191	0.0265848670757	43	701	3	0	35	0.448717948718
0.154790517803	0.0265848670757	43	702	3	0	35	0.448717948718
0.1547980447	0.0265848670757	43	703	3	0	35	0.448717948718
0.154905123683	0.0265848670757	43	704	3	0	35	0.448717948718
0.154946226579	0.0265848670757	43	705	3	0	35	0.448717948718
0.155661807237	0.0286298568507	44	705	3	0	35	0.443037974684
0.155976517756	0.0265848670757	44	706	3	0	36	0.45
0.156262964103	0.0265848670757	44	707	3	0	36	0.45
0.156681980381	0.0265848670757	44	708	3	0	36	0.45
0.157023199056	0.0265848670757	44	709	3	0	36	0.45
0.157079834989	0.0265848670757	44	710	3	0	36	0.45
0.157331758329	0.0265848670757	44	711	3	0	36	0.45
0.157773157903	0.0265848670757	44	712	3	0	36	0.45
0.158012154613	0.0286298568507	45	712	3	0	36	0.444444444444
0.158121065839	0.0286298568507	45	713	3	0	36	0.444444444444
0.158261658291	0.0286298568507	45	714	3	0	36	0.444444444444
0.15830296743	0.0286298568507	45	715	3	0	36	0.444444444444
0.158389301998	0.0286298568507	45	716	3	0	36	0.444444444444
0.158390898406	0.0265848670757	45	717	3	0	37	0.451219512195
0.158578030951	0.0265848670757	45	718	3	0	37	0.451219512195
0.158578287252	0.0265848670757	45	719	3	0	37	0.451219512195
0.158608477782	0.0265848670757	45	720	3	0	37	0.451219512195
0.159529195051	0.0265848670757	45	721	3	0	37	0.451219512195
0.159570729982	0.0265848670757	45	722	3	0	37	0.451219512195
0.159980286423	0.0265848670757	45	723	3	0	37	0.451219512195
0.159986559146	0.0265848670757	45	724	3	0	37	0.451219512195
0.160060751546	0.0265848670757	45	725	3	0	37	0.451219512195
0.160095252841	0.0265848670757	45	726	3	0	37	0.451219512195
0.160573052928	0.0265848670757	45	727	3	0	37	0.451219512195
0.160581464611	0.0265848670757	45	728	3	0	37	0.451219512195
0.16072563228	0.0265848670757	45	729	3	0	37	0.451219512195
0.160914433123	0.0265848670757	45	730	3	0	37	0.451219512195
0.161100943457	0.0265848670757	45	731	3	0	37	0.451219512195
0.161265179216	0.0265848670757	45	732	3	0	37	0.451219512195
0.161497356704	0.0265848670757	45	733	3	0	37	0.451219512195
0.161723277894	0.0265848670757	45	734	3	0	37	0.451219512195
0.162134619532	0.0265848670757	45	735	3	0	37	0.451219512195
0.162187389076	0.0265848670757	45	736	3	0	37	0.451219512195
0.162412211694	0.0265848670757	45	737	3	0	37	0.451219512195
0.162907164259	0.0265848670757	45	738	3	0	37	0.451219512195
0.163152976867	0.0265848670757	45	739	3	0	37	0.451219512195
0.163170889746	0.0265848670757	45	740	3	0	37	0.451219512195
0.163224873039	0.0265848670757	45	741	3	0	37	0.451219512195
0.163257466978	0.0265848670757	45	742	3	0	37	0.451219512195
0.163313834562	0.0265848670757	45	743	3	0	37	0.451219512195
0.163519095075	0.0265848670757	45	744	3	0	37	0.451219512195
0.163791253127	0.0286298568507	46	744	3	0	37	0.44578313253
0.163817084437	0.0286298568507	46	745	3	0	37	0.44578313253
0.164045435013	0.0286298568507	46	746	3	0	37	0.44578313253
0.164118869521	0.0286298568507	46	747	3	0	37	0.44578313253
0.164137261028	0.0286298568507	46	748	3	0	37	0.44578313253
0.164336419801	0.0286298568507	46	749	3	0	37	0.44578313253
0.164669254293	0.0286298568507	46	750	3	0	37	0.44578313253
0.164721352847	0.0286298568507	46	751	3	0	37	0.44578313253
0.164967403957	0.0286298568507	46	752	3	0	37	0.44578313253
0.165214156107	0.0286298568507	47	752	3	0	37	0.440476190476
0.165270962076	0.0286298568507	47	753	3	0	37	0.440476190476
0.165281870279	0.0286298568507	47	754	3	0	37	0.440476190476
0.165581840341	0.0286298568507	47	755	3	0	37	0.440476190476
0.166285370933	0.0306748466258	48	755	3	0	37	0.435294117647
0.166554690127	0.0327198364008	49	755	3	0	37	0.43023255814
0.16672974609	0.0327198364008	49	756	3	0	37	0.43023255814
0.166730319745	0.0327198364008	49	757	3	0	37	0.43023255814
0.167114093047	0.0327198364008	49	758	3	0	37	0.43023255814
0.167598672074	0.0327198364008	49	759	3	0	37	0.43023255814
0.168027081294	0.0327198364008	49	760	3	0	37	0.43023255814
0.168036102117	0.0327198364008	49	761	3	0	37	0.43023255814
0.168328931438	0.0327198364008	49	762	3	0	37	0.43023255814
0.168395492588	0.0327198364008	49	763	3	0	37	0.43023255814
0.169116527947	0.0327198364008	49	764	3	0	37	0.43023255814
0.169597899324	0.0327198364008	49	765	3	0	37	0.43023255814
0.169728436802	0.0327198364008	49	766	3	0	37	0.43023255814
0.169748128484	0.0327198364008	49	767	3	0	37	0.43023255814
0.169813645938	0.0327198364008	49	768	3	0	37	0.43023255814
0.169954561263	0.0327198364008	49	769	3	0	37	0.43023255814
0.170206214751	0.0327198364008	49	770	3	0	37	0.43023255814
0.17022890306	0.0327198364008	49	771	3	0	37	0.43023255814
0.170316770136	0.0327198364008	49	772	3	0	37	0.43023255814
0.170384693205	0.0327198364008	49	773	3	0	37	0.43023255814
0.170539442025	0.0327198364008	49	774	3	0	37	0.43023255814
0.171108568083	0.0327198364008	49	775	3	0	37	0.43023255814
0.171124784896	0.0327198364008	49	776	3	0	37	0.43023255814
0.171155428303	0.0327198364008	49	777	3	0	37	0.43023255814
0.171237229838	0.0327198364008	49	778	3	0	37	0.43023255814
0.171481512023	0.0327198364008	49	779	3	0	37	0.43023255814
0.171646309679	0.0327198364008	49	780	3	0	37	0.43023255814
