cnumpy.random
__RandomState_ctor
p1
(tRp2
(S'MT19937'
p3
cnumpy.core.multiarray
_reconstruct
p4
(cnumpy
ndarray
p5
(I0
tS'b'
tRp6
(I1
(I624
tcnumpy
dtype
p7
(S'u4'
I0
I1
tRp8
(I3
S'<'
NNNI-1
I-1
I0
tbI00
S'\xab\xcd\xfc\xe5\xd5\x91\xb5\xf7\xa8\xfa\xb8\tI\xdd\x11\xc1\xec\xcf=\x14\xdcHiC\x9e\xce\xcbk\x0f\x98 \xd3\xfa\xffbyS\xc6\xad\xedC\x18VF\x94\xd4\xa9+\x80d\xbfZ<\x0b\xe4\x81\x16\x06\xfd\xb9\xcf\x07\xbb\x1e\xb6\x02r\x07\x8cr\xd0\n\x85V?\x0c\x91N\x03\xf3\x9di \xfbV\xbdk\xb3\xd8\xe5\x07\xac\xa3e^\xd7\x89\xa6\xbb5\\>\xf5\xa4\n\xbc\xd5w\xdfA\xab\x8d\xeaj\xe8\x0c\xb1\x1a\x1ey\xad\x18@\x97A)\xc28\x12\xa4\x83\xdaM0\xac\xa7|\x16L\xed\xd5\xcf\x87B\xc7\x82Z\xce\xd7"\xfa\r\xf1\xac\xc0GtF\x0177+.&]\x03\x88__#\xa3jh\x0c\xbd\xa0\x0e\x1d6\xdc\x18\x83:\xe0\x8f\x9a\x81<\xe2!\xbd\xc1\x13q\xc6\xb4\'\x08\xa1\xcd\xc7\x85\x18\xb7i\xd2@\xf5hU\x85\xde!\xa6\xca\'\xbb\x95\xf9\x93\xeeBC\x9b<eU\x0b\x82%\xa1!\xa6\x9f8\xc7wy\xdf\xef\xf3\xc0R\xfbvS\xba\x17\\V\x8bA\x1d\xc1\x11\xbe\xbb\xe7\xf9\xfb\xdd\x08I\xf1iQ\xcdHd0\x86\x18\xf6\xddw\xbc\xfb\x9aN\x17}\x83\x93\\\xaa6.\xeb\xee)O\x94y\xe8\x93\xa8\xf3\x8b\x12M\x06\xbf\xddg\x9f\x83\xb7v)\xd8-q\xc7\x86\xf3\xd2\xd8\xd1Mu\xd8\xd6\x82o.7w4\x07d\xb9\xc2\xe6\xc8\xd8UF\xa1\x84_\xe0\xb34;\xbf\x06&\xb0z\xe1\xf4EW\xe9\n\\_@\xe4i5\x85g\x80j_my\t\xcb\x8e\x85\xbf\xe9\xb0\xd7c\x11}\xc2*\xe0\xc5\xed\xe6n\x02\xeb\x9a\xb4\x14\xc8\xef\xde\x92o\x021z\r^\xd7B\xb7W\x8c\xfe\xb0\xf6\x16\x8f\x94\x94.\x96\xbdR<\x86\xaeJ\xbe\xf5k?\x99D\r8$XH2l\xb6\xc4\x90\x87\xf6\xee\x0c\xfdx\xf6\xe1W\x84\x1c\xa8\x01\xe1\xb1> \xcd\x08\x11\x10\x1f}" \t\x97\xef\x98Uu!\xb7\x1c\x91\x13\x0eK\x84TA\xb4\xe8\xa6\x0f\x91P\xfdvT\xe0\xa4\xcf\xd6\xf8\xa6\xeb\x00\xfb!\xcc\xdf\x9d\\\xcb\x9f\xbcB\xf0I+\xea\xcc<\xe8K\xf7\x02\x90H\x03\x1f\r\xfd\xfeh{H\xf2\xca\xb3D!\xa4\x8d\xae\xfa\xcd\x9c\xe7\xab\xd5\xb5\xc1\xac\xd2)z\xe5\xdci\x00`-\xbe\x1c\xd8$\xd5h?\xeb\x1aO\x99\xf1\xdb\x7fq~\xbe]+\xb9\xa6\xe2QN:\xa7\x04\xd0J\x0cg\x91J\xeet\xac\x16\xbc\x1f\xab\x06\xf9\x1a+\xf4\xde\xa9I1 7\x9a \xddm"\xc4\xdf \x90\xc7\x0b\xcf\x9f\xf1\x8f\xe6\x85\x9f\x82\xc6\xe2}65\xd5\xc9\xfa\x9c \x91\xbe?B\xfb\x8c(\xcc\x06=y3P\xd8\xb90\x06\xab\xb6:a\xc4\xda\xba\xdf\x06\xceU\x05Ann7Lo\x9a\x13n\xc2\xdb\xac\xea\x06\n\xc5\x1d\x0b,\xed\xb4\x81\xa5\x9aq\x9c\xb6\xd2Q\xf1\xe1\xdf\x8a\xf4\x9fA4j\x91yR&t\xccw\x83\x02\x9b\x0e9\xeaB6\xd8\xcb\x12\xaa\xd4\xd4\xdc|m\xaa&\xb2\xaf\xc0\xb1\xa3\xffZ\xe6\x0f\xd8\x1a\x00\xff4\xa5sr\t\xea4\xfb\xf2\\\x8b@\x9b\xf4.\xb7\x86\xf8 \x11\xa4\x02j%\x14\xce4\x18)v\xde\x0b`\xae\xe5\xd5\x8c\xb2\xc6\xd4\xafzU(\x08\xa2\xd7@\xe9\x89 \xf5\xedh\x96\xa7.\x19\xe9 \xbd\x14t?\xbd\xc9\x0c!v$\xba\x9bO\x87djT\xc7\xc0\xfd6{\x81+\xaa\x99\x9dA\xd9t\xcfQ\xd4o\x9eS\xce\x1bVN\x0bG\xda\x95\x80\x109\x11<\x8aj\xf8\xc4k\x91\x19qth3dy\xaaTW\xb1T_\xfe\xb4\x93]\x1e\x0f2O\n!\x18\x95\xd9\xbd*\xf8\x04\xebR\xf4\xf8\xcb\x0f\x86\xfd\xe5\xd7>\xcchL\xaa\xb3\xec\xc2\x15\xf5\x1d\xc3\x87\xd9\xf3\xd3a#bm\xe9\x05Q\xbf\x10\x0c\xcc\x92\xf6^\x8fd\xe27\xb9\x0e\x90\xd9\xb9\x85\x95\x87\xb8\xbe\xb5\xac)\x0c\x05!W\x9eX\x84\x07\xdb\\\x13\xa8\x94\x03zI\xd6\x15\xc7\xd3x\x0c\xc8\xa6K=<\xaadB=*\x87R\xa0\x1d\xa4\xb1!+\xda\xdco\x10\x97\x98m\x8b\xfb\x8f\xfbo\x17.\xa3c\x015:}\x93i\x94Nz\xf1\xd7ucdE\x00\xe6\x81\x1dF\xe8\xdf\xb0\xab\xf6\x9cA\xc1\xe2\x0c1\xe8j\x9b\x9a\xdb\\\xc1os?\x1f\xe8KE\x19\x14D\xf4\xb92\x118\x13\xd3D\xc8\xfe \xf0\xc7dYz\x9c\xad\x88\xcb\x895p\xbe\x86\xdd\xd4\xaf\xe5\xb7C\xc1\xe9P\x17\x99\xde\x9dy?\xbf\xc6\x05;]\xfd\xba\xa00\xf4\x0e3\x93\xbd\x08U\xdbf\xae\x1fi\x8f\xdc\x8fY1\x96\xc7)\x8e\xd4\xf6TB\x87\xb9\xb9\xfd\x1d\x9ff\x98m~\x7f\xae\x8d\xa1\x90R,\x8e\xe4\xb4\x94\x93\xfb\x04\xe7J\xdcwx\x87\xa9d\n%\xba\xe2\x18#Y\xe6qz5*\xbe\xa0\x82\xab\x1dz\xb8\x0b\xa7-\xbd87QY0\xdf\x81\xe1"c\x99\xa7\xef\xc3\xee\xea,\xd5\x99\xf3\x08\x85\xeb\xf8\x0bVAq(\xea\x12\'C*y\x92?\x86(\x1e%\x1a[\x89\xd1\xb5\xfa\xb89\xc2\x1eF.]\x9bj=@\x80k\x97\xa8:n\xfe\xfa\x83\xae\xd6e\xc0\x8bke\x05\x8f\xfb\xef\x12\xd7\xa2\x02?\x87\xda\xde\xe2\xc93\x8e\xd0\xd7n\xd1\xf4\'\xb7%\xc2m\\\x1f\x9e\xe1\x8c\xd4\xbb9\xd3\xa6\xb2\xbf\x1c\xe7m\\\xca\r\xb5\xf1\xa49D\xa0$\x80\xb1\x83\xa7\xa9my\x1a\xc0ljz\xa6\xb6\xf9\xe7\x147N\x89\xb4=~\xa6)]\x07m\xd0\x1eK\x1eK\x05\xf0Q+\x859k\xb6\xbf\xdb\x8bp\x87\xd7\x8d;\xffJS\xa8\xd66\x84\xeb\xc8\x88c\xca\xbbt\x8d\x12a\xac\xaa\xbb\xba\x15\xa5\xf9\x14 -A\x18\xc6\x8b.l\x00\x1f\x02\xebx\xb2\x11,i\xdfN\'>rL\n\xf3\xf2\x0cd\\/D02\xf4!Iz\x87\xa5\xb9\xde\xf8\x0e\xa7\x9f$\xc8R\xd5\xcdV\x18i\xf8\xaf\xcb\xeb\xf8\xe6\x17\x00\x97~\xd2\x98D\xe9\x97\x7fuG\xfeH\x83.\x8e\xcf\xba\xc7\x7f\x8bRb\xde)>\x05\xbb\xb9B\xb4S\xc6\xd0}9\xc8\x11\xd8\x82\xdd\xce\x14~\xdf\xc5dxOi\xf2h*\xa4\xeeW\x17#z\xbf\x8c!"\x1a\xe02b\x9e\xe9D-\xb5\x07{\x18\xc6\xc1>P\xdcj\x1c\xb9\xc9\x1d\x9c"y4\xf6\xdfo\xa2\xad\xaf*H|\x8f\x11\x97\xf2\xdc\\B\xe1K\xf8-\x15/\xc7B\x82\xc8\xee\x89\xe9N\x92]\x9a=\x15\xf1A\x8d\xfa\x959\xf4\xcb\x9a\xad\x00[/\xe8*q$E\x91\x04\xbe\x01\xb8\xb1\x976D@KgJ\x9619\x1d\xfb\xda\xf6=\xb9\x1c\x82$\xbf\xb5\xfe\x02\x0e\xa1\x94\x0cl\x9e\x8d\xd7U>\x95\x96\x05\xe1K\xa4\xbf\xea\x05\x83\xaac\x98N\xc6\xc3\xf1\xf0\x83\x9e\xab\x82\x8a\xe5s\xa9D\xb0\x89n\x1dJh\x0eW\xc0[\x18Q\x14)M\x0c\xa4V\xfc\xaa\x8b\xfa<\x91\xa2 ,E\x0c\xe4\xea\\g\xb5\xeb\x0c\x9e\x959\x9aP\x1aI[T\x8d7\x0f\xfeR\xa4*y\x89\xea\xf7n\'\x95\x8f\x03\xbb\x16\xe4\xca\\Z\x12\xbb\xce\x17\xfds\x13\xee\xb5]\xfc\x86\xdb\x18\x96\xdb\xda>\xa1\x8c:\xef\xb6\xe8\xca\xa5R\xd8H\xe1\xa8G\xd8\xffCQ-\x11\xc9L\xde(\x1a^\x97\xc5\xc8\xb3\xdd]*\x8e\x02\xa9r\x98*P\x83\x16\x01kf\xa0\x85\xcd\xbf\xc0\x1dmc-\xb8m$\xe7\xbd\n \x80\x19\xb8\xa1\xa7\xe4J\xadP\xbb)\xfe+\xa9\xa9\xceX\xd6\x0b\xdems)\xd4\xac\x81\x14\xa5~\x9b/I\x01\x08\xa6\x99h4\x87Pm+\xf1F\x99\x16\xfbzC\x08t\xcbBV!4\xaaA\xd97F#\xb8S\xdb$\x0caIL\x8f\x97c.\xd8(\xae$g\xa3\xd9]t)\xac.\xce,\xf9j\x98\xf3\x026p\xb0\xdfl\x00E\xcf/\xe6\x0eD\x96\xa8]\x85w\xc5~\x94K8V\xec\x02\xe8e\x9d\xae\x83\xe8\x17\x9a\x1e\x8e\xa2\xc7\xcfi\xf6\xbb|\xec\xc4\x8ak\xa4w\\4\xf3M\xf7\xb5#`\xc9p\xc3yI\xcdt\xd7\xe2\xbf\xd8\xaa\xf9\x85f>\xa0$\x80J&\x08\xe5\xb5l!\xce\x9d.\x13J\xb5\xea\rS[\x89\x00R\xe8\x1f\x169\xe1\xc4\xeb<\x94|?\t\x0c\n0U\xffz%>^\xe6\xbc\x84\x98\x11pQ\xb3%\x1b\xb9\xac\xe0\xacb\xf6I\xbf\x1d\xdf>\xac\xeeI\xae}\xe2\x1e\xd3\xa3\x06,i\xa8\n\x80\xe4\xbf\xf5\x95\xce\x8dw\x82\xf4?O\xdbc\xf2|l(v\xb5@\xd1\xb4a\x96\xb7"cm\xa8%\xc0H\x8cDQ\xf4@\x13\x14L\x9f\xc3B\\\x91\xbc\xad?~|\x02t\x15\xc3RU"\xcf\xf4~\xb6\x1dy\xee\xcb\xce\x02\x9d%\x1d\x97ZD,\xec\xb9\xa8\x12\xd4\x1f\xd3\x1e\xf2\xef\x06n@\x003G\x7f\xea\x0c\xcex`\x1bZw\xdc^\x81*\xc9\xb3[y\xa5>\xfe\x01\xda\xe6\xda\x15\xa2\x11\xa5\xe4^P \xdf\xfe\xf1h\xc6\xd7|\xe9)\x91H\xdb\xb0+-\xe7\x15-\xbbs#\xbb\x1a\x9d\xa3\xcf\x07_\xcb\x8c\xf24\x93z\xb5K\xac6\x0b(\x94\xe2m\x85\x94\xc8\xa4!c\xf3U\xf6\xef\x18\x1cI\x86y\xc6\x88C\x0c;\x0b\x03\xde\x05\xb3\xeb\xe6\xfd\xff\x17\xaa\xd7*H\xa9\xc4\xfa\xf4\x85\r\xc8\xa6\x13\xaey\xc7J\xf0\xe4\x8e\x9b\xe4)X:\xc4\xd8K?H\xd9\xe3\xe1\x17\x8b\x0brr!Pj\xcatTw\x93v5\x07\x02\xc5\xfb\xdd\xc39\xf7\xef1\xaaV\x00e\xdc\xb8\x0b $\xbf\xc3~\xe9\x1b\xc3\x19\xce\xb1\'\x03F\xf94\xec6/\xf1\xdaI\x9e\xf1\xe6\xb6\xfa\xab\xda\xf2\x80#d\x07\xee\xee\xcd\xddb!5\'k\x1e\xa8?e\xfb\x9a\xd9\xd0\x9a\x9bu\xfaR7S\xf0u\xd1\x9cQIZ\x00\xa3\xf4\xa9\xe0\x05?tZ\'\xf3\xac\xfa\xbd\xdb\x8b4\x8d\x05G\xff\x0f\x88\x9a{O\xc0<<\xa1\xd50L\xc0\x8bC\x8e\xdc\xfdo\xf8\xd1\xc6a\xfc2v\xf08Pt\x0c\xa5\x88\x02.\x92\xfe\xa5,\x06\xce\x02\x9e\x85\xe0\x06HZ\xca\x83\xf3\xb5\xc9\xe2/\xbc\x8dd\x0cX\xa4>\x982jn\n\xf4\xa1\xfe\xab\xac`\xccO\x08\xd4\x84J\x98AF\x8c\xc7\xb7\xb9\x1a_\x1eA\xdd\xeb\xee\x93D\xe4\xdbG\xa2n\x16\x9c\r[\xefZ\xb6^P>\xda\x1e\xee+O\xb8If\x9d\xb9'
tbI624
I0
F0
tb.