# time 	 divergence 	 # of mutations 	 # IGC chances 	 IGC length 	 # IGC failures 	 Changes due to IGC  	 % change due to IGC 
0.0	0.0	0	0	0	0	0	0.0
0.000114797501038	0.0	0	1	3	0	0	0.0
0.000125112561544	0.0	0	2	3	0	0	0.0
0.000365611624569	0.0	0	3	3	0	0	0.0
0.000410657530146	0.0	0	4	3	0	0	0.0
0.000652087278668	0.0	0	5	3	0	0	0.0
0.000763803065509	0.0	0	6	3	0	0	0.0
0.00136821668404	0.0	0	7	3	0	0	0.0
0.00157059559229	0.0	0	8	3	0	0	0.0
0.00234562919102	0.0	0	9	3	0	0	0.0
0.00236145572537	0.0	0	10	3	0	0	0.0
0.00237479440399	0.00204498977505	1	10	3	0	0	0.0
0.00347576331019	0.00204498977505	1	11	3	0	0	0.0
0.00365041779398	0.00204498977505	1	12	3	0	0	0.0
0.00378025811565	0.00204498977505	1	13	3	0	0	0.0
0.00383460229849	0.00204498977505	1	14	3	0	0	0.0
0.00405835734111	0.00204498977505	1	15	3	0	0	0.0
0.0045587438699	0.00204498977505	1	16	3	0	0	0.0
0.00472877116488	0.00204498977505	1	17	3	0	0	0.0
0.00503865433433	0.00204498977505	1	18	3	0	0	0.0
0.00507019351669	0.0040899795501	2	18	3	0	0	0.0
0.00508911008578	0.0040899795501	2	19	3	0	0	0.0
0.00515767109362	0.0040899795501	2	20	3	0	0	0.0
0.00519034744773	0.0040899795501	2	21	3	0	0	0.0
0.0051955831178	0.0040899795501	2	22	3	0	0	0.0
0.00522233410938	0.0040899795501	2	23	3	0	0	0.0
0.00528856499184	0.0040899795501	2	24	3	0	0	0.0
0.00542504336166	0.0040899795501	2	25	3	0	0	0.0
0.00553647619536	0.0040899795501	2	26	3	0	0	0.0
0.00589104941447	0.0040899795501	2	27	3	0	0	0.0
0.00591000222661	0.0040899795501	2	28	3	0	0	0.0
0.00629116341892	0.0040899795501	2	29	3	0	0	0.0
0.00697387499595	0.0040899795501	2	30	3	0	0	0.0
0.00704154541951	0.0040899795501	2	31	3	0	0	0.0
0.00730678136733	0.0040899795501	2	32	3	0	0	0.0
0.00736948304817	0.0040899795501	2	33	3	0	0	0.0
0.00738287402178	0.0040899795501	2	34	3	0	0	0.0
0.00807841678906	0.0040899795501	2	35	3	0	0	0.0
0.00812487410885	0.0040899795501	2	36	3	0	0	0.0
0.00825358877871	0.0040899795501	2	37	3	0	0	0.0
0.0083046929294	0.0040899795501	2	38	3	0	0	0.0
0.00845985239548	0.0040899795501	2	39	3	0	0	0.0
0.00858746722727	0.0040899795501	2	40	3	0	0	0.0
0.00892505780789	0.0040899795501	2	41	3	0	0	0.0
0.00924695919175	0.0040899795501	2	42	3	0	0	0.0
0.00944137754121	0.0040899795501	2	43	3	0	0	0.0
0.00960179984485	0.0040899795501	2	44	3	0	0	0.0
0.00994451050792	0.0040899795501	2	45	3	0	0	0.0
0.0101623871024	0.0040899795501	2	46	3	0	0	0.0
0.010345271166	0.0040899795501	2	47	3	0	0	0.0
0.0105598188494	0.0040899795501	2	48	3	0	0	0.0
0.0105754488572	0.0040899795501	2	49	3	0	0	0.0
0.0109931675393	0.00613496932515	3	49	3	0	0	0.0
0.0110468376511	0.00613496932515	3	50	3	0	0	0.0
0.0111091604701	0.00613496932515	3	51	3	0	0	0.0
0.01114846311	0.00613496932515	3	52	3	0	0	0.0
0.0113356385427	0.00613496932515	3	53	3	0	0	0.0
0.0121017769986	0.0081799591002	4	53	3	0	0	0.0
0.0121633374771	0.0102249488753	5	53	3	0	0	0.0
0.0123908113521	0.0102249488753	5	54	3	0	0	0.0
0.0125280328332	0.0102249488753	5	55	3	0	0	0.0
0.0127959269867	0.0102249488753	5	56	3	0	0	0.0
0.0130334851597	0.0102249488753	5	57	3	0	0	0.0
0.0132297109978	0.0102249488753	5	58	3	0	0	0.0
0.0132373493191	0.0102249488753	5	59	3	0	0	0.0
0.0132405828271	0.0102249488753	5	60	3	0	0	0.0
0.0133369439788	0.0102249488753	5	61	3	0	0	0.0
0.0133405075175	0.0102249488753	5	62	3	0	0	0.0
0.0133427173134	0.0102249488753	5	63	3	0	0	0.0
0.0134771928329	0.0102249488753	5	64	3	0	0	0.0
0.0135899449345	0.0102249488753	5	65	3	0	0	0.0
0.0139939286015	0.0102249488753	5	66	3	0	0	0.0
0.0141532291959	0.0102249488753	5	67	3	0	0	0.0
0.014350116899	0.0122699386503	6	67	3	0	0	0.0
0.0152585062997	0.0122699386503	6	68	3	0	0	0.0
0.0152920389928	0.0122699386503	6	69	3	0	0	0.0
0.015302258966	0.0122699386503	6	70	3	0	0	0.0
0.0155035120946	0.0122699386503	6	71	3	0	0	0.0
0.0155062689992	0.0122699386503	6	72	3	0	0	0.0
0.0161633537151	0.0122699386503	6	73	3	0	0	0.0
0.0161835920392	0.0122699386503	6	74	3	0	0	0.0
0.0163730467472	0.0122699386503	6	75	3	0	0	0.0
0.0165290711298	0.0122699386503	6	76	3	0	0	0.0
0.0166642708016	0.0122699386503	6	77	3	0	0	0.0
0.0166694409109	0.0122699386503	6	78	3	0	0	0.0
0.017120527482	0.0122699386503	6	79	3	0	0	0.0
0.017647696242	0.0122699386503	6	80	3	0	0	0.0
0.0180531252594	0.0122699386503	6	81	3	0	0	0.0
0.0181278258031	0.0102249488753	6	82	3	0	1	0.142857142857
0.0182092988661	0.0102249488753	6	83	3	0	1	0.142857142857
0.0187093762662	0.0102249488753	6	84	3	0	1	0.142857142857
0.0190679160841	0.0102249488753	6	85	3	0	1	0.142857142857
0.0190727659845	0.0102249488753	6	86	3	0	1	0.142857142857
0.0192980671365	0.0102249488753	6	87	3	0	1	0.142857142857
0.0195237569667	0.0102249488753	6	88	3	0	1	0.142857142857
0.0195288749081	0.0102249488753	6	89	3	0	1	0.142857142857
0.0197005867446	0.0102249488753	6	90	3	0	1	0.142857142857
0.019722378293	0.0081799591002	6	91	3	0	2	0.25
