# time 	 divergence 	 # of mutations 	 # IGC chances 	 IGC length 	 # IGC failures 	 Changes due to IGC  	 % change due to IGC 
0.0	0.0204498977505	0	0	0	0	0	0.0
3.40278198547e-05	0.0204498977505	0	1	3	0	0	0.0
0.000174563730288	0.0204498977505	0	2	3	0	0	0.0
0.000372984088934	0.0204498977505	0	3	3	0	0	0.0
0.000820481048071	0.0204498977505	0	4	3	0	0	0.0
0.000892985003301	0.0204498977505	0	5	3	0	0	0.0
0.00117832456374	0.0204498977505	0	6	3	0	0	0.0
0.00139325013049	0.0204498977505	0	7	3	0	0	0.0
0.00183289402051	0.0224948875256	1	7	3	0	0	0.0
0.0018371994657	0.0224948875256	1	8	3	0	0	0.0
0.00194473866064	0.0224948875256	1	9	3	0	0	0.0
0.00280078587336	0.0224948875256	1	10	3	0	0	0.0
0.00289237991073	0.0224948875256	1	11	3	0	0	0.0
0.00303742710124	0.0224948875256	1	12	3	0	0	0.0
0.00324332457678	0.0224948875256	1	13	3	0	0	0.0
0.00324660133782	0.0224948875256	1	14	3	0	0	0.0
0.00331402118359	0.0245398773006	2	14	3	0	0	0.0
0.00337176176019	0.0245398773006	2	15	3	0	0	0.0
0.0033804974379	0.0265848670757	3	15	3	0	0	0.0
0.00338461608605	0.0265848670757	3	16	3	0	0	0.0
0.00351391370437	0.0265848670757	3	17	3	0	0	0.0
0.00376368017041	0.0265848670757	3	18	3	0	0	0.0
0.00389159431742	0.0265848670757	3	19	3	0	0	0.0
0.00447758172242	0.0265848670757	3	20	3	0	0	0.0
0.00473336103369	0.0265848670757	3	21	3	0	0	0.0
0.00500427616083	0.0286298568507	4	21	3	0	0	0.0
0.00503999670713	0.0286298568507	4	22	3	0	0	0.0
0.00528434429651	0.0265848670757	4	23	3	0	1	0.2
0.00538214076209	0.0265848670757	4	24	3	0	1	0.2
0.00571530818485	0.0265848670757	4	25	3	0	1	0.2
0.00601539367172	0.0265848670757	4	26	3	0	1	0.2
0.00603564711909	0.0265848670757	4	27	3	0	1	0.2
0.00604893740135	0.0265848670757	4	28	3	0	1	0.2
0.00605281212565	0.0265848670757	4	29	3	0	1	0.2
0.00608949189204	0.0265848670757	4	30	3	0	1	0.2
0.00621259404211	0.0265848670757	4	31	3	0	1	0.2
0.00636230428585	0.0265848670757	4	32	3	0	1	0.2
0.00645846880531	0.0265848670757	4	33	3	0	1	0.2
0.00660333331838	0.0245398773006	4	34	3	0	2	0.333333333333
0.00665506023593	0.0245398773006	4	35	3	0	2	0.333333333333
0.00712650330796	0.0245398773006	4	36	3	0	2	0.333333333333
0.00716469305056	0.0245398773006	4	37	3	0	2	0.333333333333
0.00725949038868	0.0245398773006	4	38	3	0	2	0.333333333333
0.00735344306826	0.0245398773006	4	39	3	0	2	0.333333333333
0.00776702349765	0.0224948875256	4	40	3	0	3	0.428571428571
0.00791032705958	0.0224948875256	4	41	3	0	3	0.428571428571
0.00794072070332	0.0224948875256	4	42	3	0	3	0.428571428571
0.00804094437932	0.0224948875256	4	43	3	0	3	0.428571428571
0.00813303766135	0.0224948875256	4	44	3	0	3	0.428571428571
0.00854602673428	0.0245398773006	5	44	3	0	3	0.375
0.00865495155483	0.0245398773006	5	45	3	0	3	0.375
0.008691731644	0.0245398773006	5	46	3	0	3	0.375
0.00880110544877	0.0245398773006	5	47	3	0	3	0.375
0.0088831344333	0.0245398773006	5	48	3	0	3	0.375
0.0090055144345	0.0245398773006	5	49	3	0	3	0.375
0.00927768635608	0.0245398773006	5	50	3	0	3	0.375
0.00947011668714	0.0245398773006	5	51	3	0	3	0.375
0.00962809600521	0.0245398773006	5	52	3	0	3	0.375
0.00965487772627	0.0245398773006	5	53	3	0	3	0.375
0.00974836446468	0.0245398773006	5	54	3	0	3	0.375
0.0102669398128	0.0245398773006	5	55	3	0	3	0.375
0.010406816578	0.0265848670757	6	55	3	0	3	0.333333333333
0.0109004609109	0.0265848670757	6	56	3	0	3	0.333333333333
0.0109804711637	0.0265848670757	6	57	3	0	3	0.333333333333
0.0111246795147	0.0265848670757	6	58	3	0	3	0.333333333333
0.0114045397164	0.0245398773006	6	59	3	0	4	0.4
0.0114360927618	0.0245398773006	6	60	3	0	4	0.4
0.0114728798996	0.0245398773006	6	61	3	0	4	0.4
0.0114845762054	0.0245398773006	6	62	3	0	4	0.4
0.0116025991991	0.0245398773006	6	63	3	0	4	0.4
0.011701293456	0.0245398773006	6	64	3	0	4	0.4
0.0117424349254	0.0245398773006	6	65	3	0	4	0.4
0.0118856135256	0.0245398773006	6	66	3	0	4	0.4
0.0119650980597	0.0245398773006	6	67	3	0	4	0.4
0.0120973982754	0.0245398773006	6	68	3	0	4	0.4
0.0121801648859	0.0245398773006	6	69	3	0	4	0.4
0.0122774395904	0.0245398773006	6	70	3	0	4	0.4
0.0125022937968	0.0245398773006	6	71	3	0	4	0.4
0.0125616290415	0.0245398773006	6	72	3	0	4	0.4
0.0128535089549	0.0245398773006	6	73	3	0	4	0.4
0.0132979734931	0.0245398773006	6	74	3	0	4	0.4
0.0136097388194	0.0245398773006	6	75	3	0	4	0.4
0.0136894622563	0.0224948875256	6	76	3	0	5	0.454545454545
0.0141228769234	0.0224948875256	6	77	3	0	5	0.454545454545
0.0141530795725	0.0224948875256	6	78	3	0	5	0.454545454545
0.0144202136506	0.0224948875256	6	79	3	0	5	0.454545454545
0.0146563360302	0.0224948875256	6	80	3	0	5	0.454545454545
0.0146732203008	0.0224948875256	6	81	3	0	5	0.454545454545
0.0148114635451	0.0224948875256	6	82	3	0	5	0.454545454545
0.0149302169158	0.0224948875256	6	83	3	0	5	0.454545454545
0.0150286842438	0.0224948875256	6	84	3	0	5	0.454545454545
0.0153297224784	0.0224948875256	6	85	3	0	5	0.454545454545
0.0157183518015	0.0224948875256	6	86	3	0	5	0.454545454545
0.0158893714782	0.0204498977505	6	87	3	0	6	0.5
0.0159258942747	0.0204498977505	6	88	3	0	6	0.5
0.0162034620983	0.0204498977505	6	89	3	0	6	0.5
0.0163561851918	0.0204498977505	6	90	3	0	6	0.5
0.0167161837726	0.0204498977505	6	91	3	0	6	0.5
0.0169180371145	0.0204498977505	6	92	3	0	6	0.5
0.0169294382331	0.0204498977505	6	93	3	0	6	0.5
0.016994214892	0.0204498977505	6	94	3	0	6	0.5
0.0170973491019	0.0204498977505	6	95	3	0	6	0.5
0.0171186873669	0.0204498977505	6	96	3	0	6	0.5
0.0174962946986	0.0204498977505	6	97	3	0	6	0.5
0.0175419685467	0.0204498977505	6	98	3	0	6	0.5
0.0177424442751	0.0204498977505	6	99	3	0	6	0.5
0.0177924901407	0.0204498977505	6	100	3	0	6	0.5
0.0178631147965	0.0204498977505	6	101	3	0	6	0.5
0.0179946425694	0.0204498977505	6	102	3	0	6	0.5
0.0180345641692	0.0204498977505	6	103	3	0	6	0.5
0.0181355551485	0.0204498977505	6	104	3	0	6	0.5
0.0183175333135	0.0204498977505	6	105	3	0	6	0.5
0.0186402214382	0.0204498977505	6	106	3	0	6	0.5
0.0188395498104	0.0204498977505	6	107	3	0	6	0.5
0.0189353373545	0.0204498977505	6	108	3	0	6	0.5
0.0189622519747	0.0204498977505	6	109	3	0	6	0.5
0.0195640256575	0.0204498977505	6	110	3	0	6	0.5
0.0200047119575	0.0224948875256	7	110	3	0	6	0.461538461538
0.020387544509	0.0224948875256	7	111	3	0	6	0.461538461538
0.0204288147155	0.0204498977505	7	112	3	0	7	0.5
0.0204391315069	0.0224948875256	8	112	3	0	7	0.466666666667
0.0204419371514	0.0224948875256	8	113	3	0	7	0.466666666667
0.0207515964656	0.0224948875256	8	114	3	0	7	0.466666666667
0.0209156425135	0.0224948875256	8	115	3	0	7	0.466666666667
0.0210521696198	0.0224948875256	8	116	3	0	7	0.466666666667
0.0212629669425	0.0224948875256	8	117	3	0	7	0.466666666667
0.021633629744	0.0224948875256	8	118	3	0	7	0.466666666667
0.0216382298391	0.0224948875256	8	119	3	0	7	0.466666666667
0.0217277114788	0.0224948875256	8	120	3	0	7	0.466666666667
