cnumpy.random
__RandomState_ctor
p1
(tRp2
(S'MT19937'
p3
cnumpy.core.multiarray
_reconstruct
p4
(cnumpy
ndarray
p5
(I0
tS'b'
tRp6
(I1
(I624
tcnumpy
dtype
p7
(S'u4'
I0
I1
tRp8
(I3
S'<'
NNNI-1
I-1
I0
tbI00
S']\x8d_\xad\x0e\xc9H6\x9aO{\xbe\x99;\xc71\xc2\xe5d\xad\xde:\xe8\xe6\xb8\x02q\x07?t\x87\xf6=~\x92\xcd\xe5gILg\xdco-\x85\xb2w\xb8~l\xd6\xa6\xc1:\xa4\xfc\xbe\xa7\xdc\x7f\xfc\xa0;\x83\xdeE\xef\x01U\xda\x9e&\xe0\xb4\x8f\xac\x9b\xca\x87\xfeX\x91\xcf\x17\xaf\x13Y\xa1M-H\xb9\x9dM\xb7\xe7\n\xd4"E\x0c\xaco\x04a\xb4\xe9\x86)t\x83 n\x96\x9b\x95{\x0et\xf9\x86\xef\xd9\xec\x8dk\xc7\xb4\x81\x95+\xd7\xb1\x01\xe0(\x92\x86\n\x1f\xdeF\xfc6C{\xaa\x04\xff\xd4\xd7\x03\xb10-Q\x89\x96-\xe7?\xe4\xac\xe7\x1fh\xea0\xac\x0fS\x1e\xc9\xa1&A\xf1\xd0\x8eD\x97+\xa6\x89\xb9\xfcI}O\xa8V\x9fQ\xafm1\xcf\xb4{U\xfe\xa6\xecT\xaer\xecM.e\xd6\x0b\xf0\xa5m%\xcd\x15\x13\x0e\x16s`\x0c\xfa\x86Y\x0e\\K\xf3\x93\x96?NmEKdh\x8a\x93\xd4\x92\x02\xeb\x13\x84\x93\xa5\x9f\x1d\xc8\xf8ZN\x96\xb4\xd5\xe1\xc7\'\x95q\xafrApEw\x99"\xa4\xd2c\xd1v\x08\xa0\x93\xfc\xf7#i\x14\xf1\xe9\xcaV\xcf\x1cD\x94U\x8b\xc08{T\x1d\xa6\xa3\xa9"_\xab\x00pZ\x15wXeG\xe99\xc0J*P\xd5\x15\x1b\xab\x8c\x1dM\xe3\nM\x8e\xd4\x81A\xa3\xf5\x1a\x15\xe2]\xc6 \x8c\x8d\xb4\xfe0\xcdL"W\xce\x9d\xb7OU]\xad9\xc8\x8a\xa8\xc6\xf0Ny\xc68\xfbN+\x9d\xa9\xec\xf8\xcbBK\x07IEV6\xa0\xcb/m|\x8c\xe2\x0b\x0f\xde\x7f\xb8b0\x97\xb6?u\xa8;h\xc9i\xee\x82W\x1d!\xb6\x160\x0b\'\r\x14N1\xcd\xac\xc1D\xb9\x13\xfe\xd6\x94\x9e\xa9\xcfL\xa3\xe6\xb8\xa7\x0f\xbb=\xac\xe4\xd1{\x16\xfe\xad\x8f{\x15\xc0h\x83\xf9\xd5\x1c\x807E+\x1fB\x16\xd9\x14\x16\xa1\xb4\x1e}\xfe\xa3j\xf8\xa1\xf4\xbe\xe1\xc2s\x1c\xe42ed\x8e\xa6/2L\xd1\x93\xcc\xfbiZ\xdbK\xc8\xd5&\xe7\xb4\x19V;\xdc\xde\x8c\xcf\xcd5\xccG\x03\xb3\xb2\xb8n\xed#\tu/\x02N56+\xfd\x8dI|\xa5R\xcd\xc1\x12&\xb2H8\xa3\xd4\xb2B\x9bd\xab*\xb7q\xb7\xacM\xc1\x1b63\x8b\xfcS\t\xf9\xfe\xa9\x99\xee\xd0!H\xba\xc2"\xd6U C1\xf1\xcc2v\x7fm\xc4\xde%)*\xa7E\xecT\xfap\xb6`\x00Y\xacRVxm\x9d\xe5\xa3f\x86MnL\xa4\x9a\x90\x02\xfd\xbe\x99\xe7\xe5\xb3\x84\xad\xbf\xe4\x1bgut\\8i\xb8\xb7\x01Lg\x02\xfeZ\n\xd3@\xc9@\xef\xa9/\x9b\t\xa1\x08\x0b\x80T\xec\x8f\xbe:\x83\xc4)\x8e\xc4\xa0\xa9wD^\x17\x07\xa8\xe9\xa8\xaea?\xe2~KA\x1a\xfc\xc1V\x13\x13s\xcf\xcc"\xef\x17L\x8c`@1K\x07\xb6\xbd7\xc3j\x1c0\xb5P\xecF\xfff,\xe96\xe8\x8bx\xe2.I\xd1\xe9\xa6B5p\x01\xb9\xd4~P\xc6a\x9d\x00H\xdd\x17\xe4\xf0\xaa#\x06-\x13r\xd7\xbf\xbfq\x8e\x8f\xf0\x80M\xaf\xa0E-\xb6\xf5w\x8dJM1K\xad\x8d\x00\xe5\x94\xd3\xa6( \xf9\xe9|L\xa3\xf4\xca\xd76\xa2\xd8\x8e\xcc\x937!\x85!2\xad\x0f\n\n[\xaf\x18\x84\xbc\xab\xe3X\x8b\xf4\x13\x8a\x86\xc3\xc8$G\xce\xbaq\xab#\x890\xfc\xd5Lf\xd1i\x17\x08\xc1\xbb\xb4+*\x95\x1e\xad\x83\x17K\x94\xd7\xaa\x8d\x7f6\xfb\x8b\xfev\xeaKU7@Q\xa7\x95/h\xe5\xa3u\r\xe8\xfc*QH\x01\x9a\xdc\x85\xe3\'+\x08=\x8d\xdb\xcek\xbdB\x1d\x8b\xe8>\xae\xc1\xec9\x17\r#\xa3\xa1\xf5\xa1\x16K\xab\x15\xdby\x15\x90\xd0<R\xd6\xa2\x17\xdf\r\xa2M\x89\x0fP\xb4J$zp\x8c\xce\xb60S\xd8\'\x12\xc84+"3\t\xd4\x80\xd1\'G\xb8\x0b\xb3\xab\x10L\xcb\xef\xa4\xd7}1\xa0/\xda\x88\xf2\xb7\x072\xa2\x8bc|*M{w\xaexC\xfa\x7f\x82\xc3\x1a\xbb\x00\x1c.\xef\xf4\xb7\xf6\xaa\xc2:MI\x8cH\x0f^R\x14?\x08T\xc7\xa21\xd7\xa9\xe2\x13\xb0\xcc\x883V\xa6\xfcS59~\xf6-\xc0\xf73A\xfb]\x9bc\xea\xea\xa9\x82h\xa1\xfe\x04I\xb7\x85\xb1\xe1,C\xdd\x92\\\x83\x18\xddr]\xbe\xb1\xb0\xc0\x82]\xccy\x96\x07B\x15\xb2\x9b\x07n7\x10K\xb3l\xe9p\xc1\x00o\xec\xe0\xb8\xee)\xde\t\xb0d-\x02 Q\x9c\x8e\xbb\x1a\xf3\x9f\x04l\x95\xb7\xf9\x82b\xe1=\x88\xb6\xe6\xcdo\xc3X5\x1c\xd2\x15\xcbD\xe0\x8bO3\xea\xd9\x96\xdc\x8cO\xf5\xddqM>A\xf1o\xce\xaa\xec\x02,\xcd\x94\xcf\xb7\xc1\xb3[\xc2\x9f\x91qr\x1f\x82\x9e3\x8d\xaf_\x85P=\x9e"\xd2P\x1d\x87mi\t\x04J5\xf6\x0f\x12\\\xebX\xcf\xe3\x7f\xf6\x9b\x8d\x12z\xa8@\x10\xb6\x91\x9b\t\xd7\x04(p\xc9\x89\x011\xed\xfb\xc4J\x84 \x91V;\xb3\x08\xab\xd0\x1d\x95}\r\xc1\xf8\xdf7\xdb\xb9T\xf2R1a\xaaj\x81\x08\x1a\xc6"E\x14+5\xf4j\xf7\xe52\xe5\x9fZ\x9d\xbe/\xd68\xcdH\xe6\xeb\x96\x17\x96g\x87TE&\xb7_0t\xae\xcdL\x10\x98\x94M\x99\xe0.n\\\xc7`\xdb\xc8\xee\xfc\xc94yX\xfd\xa1\xa1\xf9\xe3\x983\xef%\xe6\xdd\n\xe8\xbeN?4w\x8c\xe2<\x18p^\x12\x05\xaa%MC;m)\xeeVd\xc0\x92\xc1g\x0b\x8e\x05\x9cP\xd6\xc4\x949\xb4\xf2\xf3\x95\x1b;T&\x93\xce\x97\xbb\x03\x8a\xda\x19\xb9\xe4\xdd\xd1\x95\x92-\xef3\x11\xa1\xf4\xf8\x06\x11\xaa\xb7\x8a\x85g\xabh|A?\xb0NY_t\xb8\xb0]d\xe4q\\\x07\x06\x1a\xc4j\xd6\x7fiY\xec4\xe7\xa2\xd8(\xf0\xde@\x80\xc4\xb8\xb9\xd5\xda\xf0\xc4q\x96\xd7\xe6K\xb2\x80\xa9ln\xa7H\x1f\xc8_\x11A\xe3\x1av\x00\xe3\xec\x04\x02\xe5j\x94!\xf6\xcac)+\x01P\xa6}f\x952\xd3e\\\x90\x817\xc3\x8fp?\x01x\x87\x06y\xc4[\x97\xbe\x87%\xe6H\xc8f2\x15\xc0)\xfc{\x1b\xa0\x13S\xb4@$\xfe\xcb)\x93Ra\r\x7f\xbc\xd6\x8cV\xd9\xa2\x14\x05]\x9fz\x8b\xef\xde\xeapg{\x87\xc1\x8c\xd8\xb0\x8a\x9b_\xe0\xe16?=\x1e\xc0\x84\xb8Y}_m\xe82O\xe1L4v\x994\xf7\xbd\xad\x04GE\xbf\xeb@t\x8d\xf0)\x080;\x0b\xfc_\xe8\x05\x87\xd8\xfco10hJ\r5l\xc7O5\xf0QW\x1c\x18\xdd\x1e\x19\x8b\xcf(\xb9\x88\x90\x1aN\x01\x0bOg\xf4E]\x14\xa9t\xff0\x070\xb4\x13\xd7\xe7o$EC\xf8Y\x00]\x0c\xa1r\xdd\x9f\xcb\x93\xa4\x1e\x7f\xc2$\x00n@\xa5{\xd0\x1b\x87\xba\xd1\xe4\x0b\x96\x02\xde\x1e\xda\xf0\x89<r\x90\xa3\x13\xf18\x9eYa\xa0\xfa\x00x1\x00zN\x04\xa4\xd9~\x12\x05[\xf0\xe8\xc6C.\xe7\xb5\xc8\x04\xb7\x9c<Y\x147\xffpz\x06\tL\x8a\x82\xb0\xdec\xfb5ym\xe4fy;\x0eZx\x8e\xc6\x87<-\xcc"X1\x04\xb1\xc0\xb7\xfa\xd8$\xbc\x88\xd8\xa2}(8\xc4\x02\x91\x89\xdax!\x83\x1a\xd5H=\xd6\xce\xc8\xafvr\xdb|g\xa6\x0b\xdf\xa5%\xfa\xea\xde\xd3\xaek{\x08\xa7\nt\xa4\xe6)\xbc\xb9s-\'e\xd2\xa7F\xd3\x12\xd7j\xc6\xeaH+\xc1R`\x80\xdb\xcb\x17\x02\xfc\xf7\xb4\x0eYA$\x16^\x94\x1b\xa3Oq\xcdu\xb1\xd0 \xe7S\xb1x\xf3\x1e@h\xec\x99\xcf\xd8\xb1\xf3~\x1a@=\xb0\n\x8d\xe1P\x97\xb8\x86\xcdj\x18\xa7\x8d\x01\x87\xdf5s\xaf\xbc\x8e\x89A\xe4\xa0\xb1\x16\x83\x13\xf4\xe2\x07&_\xc2JgH\xad\xe2\xe0.\x9b\x00\xa6`\xcfe\x8di\x91\xdd\xc6\xfdq5H\xbf%xy)5k\x99g\xfcB\x8b\x0f\x08\x976f+/8>\x88\x94\xca\xbb\xc9\xc3S\xafb\xb7\x99\xcdgM\xe3\xbd}N\xe9\xac@\xd0\x03,\xd9\x0bj\xe1Ty\xed\x13\xb7\x1d\xefG\x1f\xf9\xa7\xda*\xf5\x9a\xa7\xba\xd9\xed\xd9\x91\x05\xe2\xd0\x8dV\x15\xf7!\xc6\xc1B\xe9t\xb0v!\xc2\xcc\x94&\xe7N\x12\xc6\x84\xe5\x8a\xe0\xfa2\x04\x18>aX=\x1c\x16\x9a\xea\xc3\xfcI\x8a\xc5\x9der*\xeb\x0e4\xd30\xe7\x8eL\x85\x1c\xc7\xfd\xd8\xf1\x94{\x80\xdb\xa7\xf9\xc0\x02\xff\x90\x8d^w79\xbf\x03\xc5\x84\xe5\xd4-@\xfa\x8fR\xe5b\xa2\x02\xdc\n0\xa9\x9c\xab\x1fj\x8b\x07\x19\x9a\xd5\x9b\xc7\n\x1e&\xbc\x9dWXp\xbfJ\xacB\x1e\x88\x11\x84\x9b\xc8\xef\xe5e\xf8i\xba\x06\xae\xe1\xb2W\xcf\xa2\xe6\xea\xedD\xa8\xaek\xf1\x8e9\x03\x06\x92\x0fI\x0e\x8do\x07c\xb2O\xff\xa1q9\x8f\xa1o\x9fu:qR\xd9\x94"\x84\xee\x06(\r\x96\xefo\x1b\xb7?F\xce;\x17\xfb0\xf0\xde\x01\xe9\xd2\x96\x16\x7f\x91F\xe7\x94\x08\xcf[N\xb8\x0b\x16\xc4\xa1\xbe*\xef\x10\xe5\x13\xde\x86\x18\x97\xc5 X\x18\xae\x94\x05\x0e\xb0\x93\xd0\x85\x81\xc1p\xbc\xe5\x1f\x0cP4\xe58\xf7\x1a\x89\xf4aU\xd6<\x1d\x1fq\xa7Q9\'\x03\xb7d|\x9e`\x0c\xbf{\xaa\x9c\xd1O\xeduk\x90\x97\xe0\x13y\xba\xe0&\xa1\x7fY\x113\xce\xd7\xe3\xb7\x07*\x06\xd3\x9bL\xde\t\xfc\xb3\x1a\x7f*-j\xc5\xd5\xc5\x1a\xdf\xd6\r\x8c\x8aD\xd7Iri\xdcL\x14\x8f\xdbQ\xeb\x1b\xca\x0b\xd5\xc6\xce$@v\x07o\xc6\x1d\xbd\x18\xa1\r\xd6\x0e\xfb\x83\xb7\x12\x8bJs(\xb7ip]\x81\x8eV\xc4\r,\xd8ftn\xc2\x16\x16|~\x0f\xab\x93>+\xb2\xefvD\xf9\x0e\x99\xf8|\xa2nZ_\xa8\xcf\xcf\xf6\x83\xce\xb5\xf9\xd7\x1d\x17\xa4\x91t\xc6Np\xa6\xc8\xc0\xc2\xf0\xe18\x95\xf8\t\x1e\xd1N\r\xe9>\x12c\x04\x9c\x95\x94D\x9b\x9dEk\x86c\xb6R\x97\xab\xfb\']#\x94H\xe9\xa1\xa0\xdc\xc3\x9a9\xd4#\xf4R\x11P\xc9\xe4\xc1\x89\xd7\x81\x0e\xec\x957\x11\xafW<6\x0f\x19\xd3\xe8\x80\xe6\xebR.E\xb4.c\x97 \x84{.\xfb\x9f\x14F\xa1\xfb\xef\xe4_#\xc6\xf7'
tbI624
I0
F0
tb.