cnumpy.random
__RandomState_ctor
p1
(tRp2
(S'MT19937'
p3
cnumpy.core.multiarray
_reconstruct
p4
(cnumpy
ndarray
p5
(I0
tS'b'
tRp6
(I1
(I624
tcnumpy
dtype
p7
(S'u4'
I0
I1
tRp8
(I3
S'<'
NNNI-1
I-1
I0
tbI00
S'lx\xe4\xd0\xad\xa9 H\x92\xe1\xa4\xd1P\xc9\xb7\xd0\xc3\x89F5\xda\xf8A\xec\xf9\'\xf0:\xc1\xe5\xactE\xc3$\xb6\xc0\x98\xc9g\xed\x94\xde\x89\xf2\x90\xae\x0e\xb2.>S\x7f\xa9\x93\xb61\xf81\xda\xd9\xe8\xad\x8b7x$SC\x06\x12\x8f\xcc:o\x0f\x99z\xee\xab\x96\xcc\xc6\x9e\xfbn\xa9Z\xe6\x9d\xc7\x94\x9dr\xcdC\xd2>\xfe\xfb\xec\xec4j\xbbY\x0e\xcc1\xbd0\xb2\x99\r\xb8\\\xfa\x81M;\x03P\x94\xc1\xb1\x9ap\xee2k{\x87\xf9\x904\x95\xddC+\t;\xdd#\xaf\xc9\xc5\xab\xbe|\xdc\x99^\xa6=\x95\xbc\xb0\x0c3"\xd6\xc4\xe5\xd7i\xdd\x82\xad\xbaZ\xfe\xa2\xe5 \x1e\xb4\xb8\x1e(]\xf0\x96\x1f\xfa\xe5\xcd\xc1\x88\x90U\xa1\xa4\x0b\x8c\xab\xc3}\xd2aP\xd4\xec\x90\xb7\xafvM\x87\xa5og\xac%"{\xb1\xbaFF_\xea\xbd\xb1a\xeb\x98\x14\xd5\xffnb\x9f<\xb9\xa3\x03<\x97\x1c\x9c0\n8yJV\xac\xcd\xdb=\xa8\xbcP\xd2]\xed\xc4\x0bV\xb0\xa6l\x9d\\2)\xfd\xf8\x1f\x1dg\x1b^\xbda}\x04\xe8\xf8\x1f^\xcd\xc6\xb1\x8e\xd0\xfbo\x8cj\xe3\x93\xa9t\xf6\x7f{\x15\xa5*z\t\xaf\xfc\xcf\\\x11\x19~\xd5\xf4\x95\xd4\xc6\xd5W\xa3\xca\xfc>J\xd1}\x88J\\#\x9c\xd8y\x90\xfe\x02\xe2\x9fru\x1e\xdc\xdb>\xb4\x90\x0cV\xe7\x08\xcb\xe8b3\xfc\xd0\xed\x06Yn\xee\xe3\xdaYA\n\xba\xb8\xd7\x8f\x82\x8d\xf4\x04\xbd:\x1e?/\x12\x9d\xb9\xadt\x11\x0e\xe13\x0b\x1e4{\x1dD\xb8?^\xd3\x83XC\x1e\xc9\xebQ\xbf\xc6\x8c\xaa\xb6\xe6\x89&x\xec\xd4\xa0\x98}\x8cW\xb4=QS\xa7\x11J\xa6\xef#\x9b\x1c\xea\xdf\x7f\xfeW,\xe6\xa3\xe5<\xea\xf3\x92\x9c\x16@m\xc0\x9bed\xe8(\xc3\xc4\xe4\xf5\x96\x0f\x921/\xba\xe7Q\xb5c5\xa4\\\x1f\xfd\xb2}\xf3\xe6.\xda\xeay\x7f\x1e\xae\xcd\xab\x0eV\xae\xb7\xacQH4\x98-\xb2\xdd\xf3PF\x88\r\xe7\xb4\x89\x11\xd3\x7f\xa8Ns\xe4\xd2\xa0\x98\xdf\xd5\t\xea\x7f\x05\xe9\nE\xe3\xc8}g\x12L\x19\x8b\xec\xb5\xa3\x0cC\x84\x8e\xd6Li&\xd0(\xda\xa3\xec\xd1d+\x86\x90\t\xe3\xc3\x1dl\xf4/\x92b\xc1i\xd3sn\xf40\xb3x\xef\x99\xdf\x81B-\x98eW\xfb\x02\x10\xfeo8R \x00\xc2gS\x1b\xa9G\xc6-\x9e\x16A\xc8\xfc#\xca\xa6\x19L\xee\xd9E0\x11\xea\xb3w\xb5\xef\x11\xea,\xc9\x1e!\xcdp\xe0\xa4\xde\xff"E\x85~\xe0m+\xcd\x82\x93\xf0\xd8 \x00>\xd4.9\xd6\xa340\x08\x87\x8b\x91r\xa1\xd3v\xe8\xb9>\xa1\xf0\n\xad\xde\x1aQ\x1f\xdd\x9d[_mw\xef\xaa\x9c\xbf\xda\xf0\t\xef\xda\x97\xc0gY\xe8X\xff\x08S\xe9r\xdf]\x1e\xc8 (R\x961\x12\x9e\x04\x1d\xc7\x0b\xbeC`pz\x83\x8f\xa8\xa1t=\x1c$K)g\xb5h\xe464\x1e\xa9&\xdd\x8c7\x051\xcbL\x1d8\x84uF\x81\x840\'\x89b\xc6F\xb5\x12I\xfdM\xaa\x9cRF\x03v\xa9P\x1a\x99\xeb6\x08\xd57nS\xe7\x8cbQ\x1e\x10\xd2\xe1\x0f9\x04\xd8\x81\xfa=V\x10\x01\x9c\xb1\x04\xc2\x91\xf6\x11\xcd\xfeYD\'\x81\xea|*\xee\xe9W\xb5\x10\x91N\xf4\xcf\xbc\xa3p\xed\x82op\xd5\xae\xe3i\xcbKI\xd2\xebj/\x14E,\x9a}\xd6g\x1f\\k\x06\x1b\xf4j\x87\x96%\x1a\x11ee\xf5\xbe\xf9\xdc`\xbd\x0eW\x8a\xce\x88_\xa4\x99\xe2\xe3E\xd0\xd2W\xdb\x9c\xff(Lu\xccX\xcd\xe4\xe2\x97\x94\xc5\x89e\xa0|5\xdc\x1ec\\!\x80R\x1f\xeaa\x0c\xf7\xd0\xc7\xef.\xee\xda\xf9\xf6\x92G77A\r\x15\xc6\xa9\x1c\xd08\xae\x04j*Gtg\xf3\xa5\x06\xf4\xfda\xe0=\xf6\xb3%\xd7\xee\xdc\xb4\xdb\x14\xcb\xcc\xbbu/G=i\x81\x86\xce\x16\xce|\xa4\x87\xe3\xcbA\x00qK\xe4\xb1\xa7`\xd3\xc6\x86\xfe\x0c\xf0c\xfd\x10\x83\xca\x02\xdf\xb1~-\x16\xd3\x93\\\x89\x92\xb0\x01\xd6\xf0\xc0\x8c\x1b\xf0\xdbw1)\xee\x99\x92m\x0c\x0ec\xcd;:\x8e*\xbe\xe4mw?a\rP}\x08\xc7J\xd1E\xdf\x05\xfe\xcb}\xe8\xd9\x8a\xaa\xc5\x9e\x97Y\xef}7\x12\x98\xd0I\x9f\x7fj\xaeu\xc7\xa6e\xd2\x10\xca\x14\x14<6FW1H\xcc\xf0w\x99\xf8G\xb0\xaa\xd8\x99\n$\x0ce\x98\xfa\x11L\xf3X\x12\xe4&\xdf\x02p\xbb3\x9d\x03\xb9\xad\xd4\x1bq\xed\xfd\xdb\x88.\xc4\xc3}X=h!\xf4c\xd5\xae\xc7\x9e\x81<o\xdf\x81\x8a\xc7`Y\x85\xeb.\xc0H(\xfa\x83\xa2\xa7\x07\xb76\xf4\x1bz\x08\x05D\xe6\x18~\x83\x83wC\x9c\xc3&(\xc6Q\x8b\x13p\xa3\x1b\xa7\xb5\x7fr\xc6\xf0y\x1b\xac\x83~\xbcU\xac\xb8\xc08\xc8\x05\xb9\x9b\x9a5\t\xed\xb9,\x1d\xe6\xddh\xb8=;\xbc\xcb{\x17\xff@V\xd2P\xfc}?\xc3\x1d\xec\xc6\xbe\xf3s\xb6\xa4T\x18\x97\xc7\x06Ow*\x9a\xa5\xe9\x17\xc0K\x1bX\xf5\x99\xb3\xb1~@t\xb0\x88\xc0\x10u\xb1\xf8Si\xaa\xa2\x86Y\xe7\x97=\xbe\xac\xb0~\xc0v\x06~D\x0f`\xb6\xd8V<\x03/\xf9\x95X\x1cHP\xfc\x8d^\xe6\xf6\x9a\xa3\xeb@y\xaaU\xfb#|\x90\x87\xbb\x04X:\xcf\xce\xa7\x82\xa5\xbf\xab8\x1c\xa0\x9e\x91\xf3\xe1\xcd\x87\xab<~z\xa6P_\xccb\x97\x05\x9d(\x1b`\x8c\x7f\x11\xb5\xbdZp\x99o-\x9e\x95\xbe/\xe8\x8b8\x0c\x1dh\x04\xe4wP\xb8\xdb\xffE\xb5\xe2\xa6\xba\xce\xa2o\tW\xfb\x9f\x88v<[\x0f\x89\xc4\xb2\xc1\x9e\x95\xd6S\x92\xf7\xa9\xc7\\\xe6\xe3\xdb\x91(\x1d\xe9h\xe8\x88\x17\'%\xb6C\x92\xf2 \x10\xa0\xf3\x86\xa1]\xe6\xafe\x90vx)\xca"\x9b\xc8\x84 \xeeSB\x14\x19@\x99\xa2\xb0\x9dvB\xa6\x9fc\x9a\x03:\xeaC\x18+\r\xecg\xbc\xaf\xc2z\xf16^\xbcJ\xa49I\xdb\x86\xa8\xa2\xbb~c\xe2/\x1e\x1f\x1d\x01#\x8d\xbf\xab\xd2\xa8D\xd2\xd9\x08\xc6e\\l\t\xdb\xb7\xfd;\x08\x04\x92\x1e=\xf8~\t\xdfEC}\xbc[\xe8+\xcd\x86X{;\xfb\xf8\tm.{rk\x86\xeb\xb4\xdaa\xe0Z\xa2\xc9\xf3UL\xa5\xf2\xe3\x99\xc5H\xf9\xde7\x10\x13f\xbe\xa4\x14,1(\xcd\xb5\xfb\xe3yJs\t\xdf\xb3\xd01p\xc63[\xa0Ci\xa1(\x15\x91\xa3\xfa\xb8\xef\xd3R\xac\xe4BX\xe6\xb5I\xf2\xc7tQ\xc3\xdb\x88\x8c\xcaC\xe3\xd9\x0b\xf2\xa6=\xc3\xb69\xeb!\x93a\xf1\xa8\xe7\xccu\xa4\x98\x97\xb1\x0b\x12sX\x0cqr+\x12 \x7f\xa9\x1fF\xe9\x90\x93\xba\x03\x16\xae0G\xa4{\xeb\x0f\xe5\x06\x1b\xc4\x00\xe8\xe3\x06n\xd2\xba?\xd5\xbd\xf6\xe6\x02)\xc4\x8e[\xc6\x01\x14(:^\xd8\xc6\xaa\x8a\x1d\x88[\n\xf2\'B\x813\x9a\x8fsN\x93\xb4Cqt\x1c3\xa1\x1a;\x03\xde\xde$f\x10~\xce\xe7\xca\xd6\xd3\xc0\xe3@U\xea\xee\\\r\xc6_O\xe6\x0eZj\xbd\xadY\x0ck.\x06x\x07\xcc\xec4\xd4\xa68j2\xb9\tFn\xe3(\xdf\xc1\xe9\x9cL\x1aK\x897\x0f\x1e\xfb\xe4\rI\xca\xf83\x07liv\x11\xa8\xa0m\x0cm\x88L;\xa5\xeem\xc4\xb8\xdfI\xd5\xe8o\'\xe6\xbcb~\xf0\x91\xb1\x1b%Z$\xcd\xfc\x82\x9a\xf4S\xc1\x98\xa1\xbc\x8d!\xfe\x94\xd3Dt\x1e\x96W\xeb\x9ab\xdf\xc8\x99\xa1LIxzF]\x87\x82\xb0CF&\x08\xf6\xe6Qw#U\x1co\xff\xc3M\x82"\xb90\x9b\xce\xb6\x8b`B\xab}%\xbb\xdb\xf0(\x061 \xef\xcd\xa1}}\x85\xe0\xe9\xebh \xdb\xd7@n\xbb\xbc`\xd9\xd4\xf0\xdcQ^vY\'\xab\x7f\x1aup\xb5\xa3\xa60\x14\xcbZ\xef\xf3\x97\xce\xb7Z\xfco\xb7\xbe\x8f\xba\x91\x0b\xb2\xab/{+\xfc\xa5#\xd8\xaa\xb0l\x81\x8e*\x9f\x15\\\xc8nf<w\xb04R\xd3\xb2U\xc0c+\xaf1 9\xf2jm{H\x87\xb8\xa4\xe6\x9f\xb6\x887\xa7#3\xcd\xaf\x86\x9a{\xd0G\x9a\xbeQ \xb1m>U\xedY\x8f\xc3e3\xa9q\xf1o\x9d\x01\x84\x8c\x99?xU\xbf\x0b~P\x1f\xdc\xfd\xa5\x7f\xe5\xd4\x89\x8c\xb68\xb1\xb8<\xe5\xe7\x825s\xef\xd2j\x02\x84\xda\xc3\xc7\xc2\x89*C\x01s\xdbO*\x94\xfc#\x86k\xdbI\xee\xe5;\x18\x1c\x0e\x96\xd3\x05V\xac\xe5\xa0\x05&{\xfb3Oe\x95x^\xa3\xcd\xf4\xa4\x89b\xff\xf8I\x06MX\xb9e9\xd3\xb6M_\x1e\xbe\xf3A\xdb\x06\xe8\xc2\xf9\\\x9a\xfcO1Y\x1cF\x18\xec\xcbD\x14\x0b\xf6\xe6G\xd5\x8c\xff";\x0b\x13\xb7\xb5ic\xe5c_cr\x98\x16l\xbd\xbfu\x8f\xe2\xab\xb7b\xba2\x8b(\xd4\xb6\x0eK\xfaa\xf0\xbf\xf2\xe8\x8a\xf59h\xab~\xf1b\x12\x9f\x8c\x86\x98\'s\xa5\t!0\xb1\xc9\x06\xda\xcdt\xae\xf6\xa8\xd1\xfa\xa63\xec\xaa\xb0\xba}\xf5\xb5:"}\xb1s\xdb\x89\xba\x13\x10f\x02\x1e\x14\xcc\xf7\x8fA&;]\xbe-\xf9\x1b`\xf4\xb0\xce\x18H\x01\x9cXn\xa9+5\x13\xf0\x8e/\x01e%\xdcp\x94X\x8b\xa2\x8b\x9c\x02}\xc9!z5{\x99\x85\x93\xb9\x87\x0e\x97\x92kpj\xea\xccKsD\x96e\xafIh?h\xba~\xd7ff\xbf\'\x00W\xc8\x89Ma!\xa2#\xeeG\x0e6\xd9 Q/3\n\xc6\xe6\xde-\x1a-\xa8j\xdc\x1f \\\xcc\xfc\x8f\xf7\x99\x82$^J\xbe\xc0\x977\xf6r\xa31Y\xbe\xd7M\xd4\x0e\x03j\xa1\xfd"\x01L\x96\x16j\xe7U\x9eK\xa2\xc3\xd5\xae4\xeey\x02~\xdd\xb3\xb4\xcb0(\xf1\x91\xf7\xaf\xbc\xa8\x8c\xf8;\x02\x0cy\x8d\xabro\xf4\xc4\xab\xcdE\xb9\xd0\x1f\x10d\xf3\xb1\x8b\x15\xf7\x88IW\xf1J\x96\x1a:#\x948w\xectM(W\x90\x92\x836\x11\xe5\x16Y{}\xe2\r\x81\xceh\x96\'\x8f]\xf2\x92\xdf\xc2%B\xffyi\xa2**\xe3lg\xa0\x17\xdb\xf6\x7f\x02\x15j\xadw\x8aKa\xf9X\x18'
tbI624
I0
F0
tb.