cnumpy.random
__RandomState_ctor
p1
(tRp2
(S'MT19937'
p3
cnumpy.core.multiarray
_reconstruct
p4
(cnumpy
ndarray
p5
(I0
tS'b'
tRp6
(I1
(I624
tcnumpy
dtype
p7
(S'u4'
I0
I1
tRp8
(I3
S'<'
NNNI-1
I-1
I0
tbI00
S'\x18\xa6\xb8\x86\x96X5\xe9N\x9e\xb3\xf47\x7f\xc8\x1d\xcfG\x9eOq=\xeeY\x07\xd1\xb6\xa1lc/\xea\xaa\xac\xbe\xe7\xea\xa0\x0b\xc3N\xa3\x03\t\xb6\x0c\x03\xf0d\x00\x1a\x86\xeb)\xe7\xd8K2\x9d4\xce\xd8\x83g3\x7f\xca\xbew\xf3\x8b\xd0B\xb9\xba{\x83\xacnM+\x198\x07{\xb1\xda\x12)\x81\x10\x9b\x81\rCI\x8f\x8c\xd5\xc1\x1fB\xf9"\x05\x04\x07\x9a\xe5\xb7m(\xc9\x0f\x10\xf7.\r\xae\xf82\xd9Zb\xe7x\x13\r\xe1KA\xa5Ezue2c\xa4\x1b\xef\xce\xb5\xd9w\xa78\x81\xe6:\xf8\x98eR\xe2\x8f;\x84\x1a\xb2D\xae\x05\xeeei9\x91\x01\x9b\x01\xc7/\t\xe5\x82\x8c\x94\xbc\x8c:Pf\xa3\xac\xd3v\xcf\xdc\xec\xa7I\xb34\xdd\xce\x02\xc2\xf6\xa2\x89\xed\x0b\xb8`\xfbg\x0br\x9a\xb4\xed\xf5\x8f\xe7!hn\xc4y\x94=\xbd\x1b\xad\x9a\x9b\xbf\xa0.k\xb7M\xfe\xfe\x89\x08w\xf2y4\xf9\xc3\xb4cu\xe3x\xb2BI\xc1\x11qY\xda\xba\x007oK\x95^\'N\xf3}\xdd\xdd(L\xed\xec\xce\x06\xff\x9b\x0c\x82\n\rh\xd0\xcag2\x1bDl\xaaX$\xc7\x02b-\x04FX\x93 Xt\x19\xf3\xc0K\x04>\xc6\xcf\x97\xf8\x85\xd0\x91\x83f6\x84\xd3/\xa3l~\xae\xdb\x8dC+\x90\x0c\xbc1D&\xdfj\x92\xd4o\xcb\x93\xd0[j\xd0\xb5\x95\x97\xfc\x92\xf1\xc1m\xd4\x00\x975\xfb\xa5\xdd\x0c/\x1e]\x8c\x9b)\xc23\xf2\x01\x0f\\\xc7\x1d\xd1\n\x1b\xa7\xc3\x98 rw\xc7\x85]\xdc\xfe\xf8\x08\xbf\xe3\x988\x0e\xb5\xc3q\xa9\x022\x13\xe0I\xb2\xb5nb\xc6\x06=\xc6\x0fa:C\xeb\x8e\'kW\xf8VJ\x9d\xfc{\xe5wg\x91\xab\x9e\\bmV\x89\x8e\xeb\xe1\x86\x91\xc9\x18\xfa\x96A"\xb4dq\xd3B\x936\x87\xdblOt\x08Z\xbb\xf2*P\xf1\xd1\xa4\xb6+\xe2\xff;\xfa\x8e\x1cE\x1a~\x99\xba\xd6\xf1\'XX/\xe5\xc2\xe0\x1b0\x06\x91\x87\xfc\xac\xfdM\namI\x006\xcc\xaa\xc7{\x03\x1cS\x9c\xaa\xb11\xd1\xba-\x04\x19\x9aG\xc9\xfd\x87K\xd9z\xdeJ\x8d\x94\xcccRv\x08\x1e\\`\x88\xcb_\xa4\xbb\xf0\xa1[\xbc\xc6\xa5`\xb9\xc5\xce\xc1,\xd5\xc7\xd3\x1b\xac\x9b\xb1\xe5\xb6\xca\xc2\xca\x1d\xea\xa8\xa1-\x11Z\x1dVt\xaaq\xfb\xb1k\xb3\x11\xc7\xb2O\xeft%\xb0\x95\xe6\x08-\xff\x14>d>\x8f\xc7\xf0(\t\xd5D\x97x\xb1\xb7\xad\xd6\xf2v\xa8tb\x1b\xe5\'\xab\x15s\x80@z\xd5\xbc\xf7\x9fT\xf5\xc4\x05\x11\x90q\x91}\xb3\x03\x84\x19B.\x86\xd4#8\xf1\xcb\x80\x1e\x10\x98\x84,\n\xe8\x9c\xa9*g\xde\xaac\xfaU\x15\xa4I\x81\xbc\x8e\xde\xae\xae\xfc\x9b\xa64\xd1\x11\xba\xe3\xea\x95\xa4jP\xb0\x8bKkD*\xa3\xdc\xed\x1d\x1c}\xc44\x02\xda#\xc9\xc4\x9d\x7f\xf8\xbb\xdb\x9fgg$>5\xcd\xd9\xb6t\xec\xac\xb7\x1c\xdd\xd4\x03\xa0O\xc3\xf22\xf4\x9f\xec\x13\x9d|z\xb1J\xe9\x13:\x8e\xd6\x9c\xf0\xd4\xefK\x8c\x0c/\x9a&?\xef\x8by\xabW4\xc1\xdf\xd3\x90\xb4XO\x8c,]\x80Al1p\x03\x1d\xfd\xe5\x8f\xcb\xb6hLO\xd3.\x9ct\xe0I\xc8M$I>6\\e\xd5\x82x\xaax\x8a\x923\\\x1e\x17\xec\x90Z\xcf\xaf\xc4s\xaao\x82\xc5._\x81o\xaa\xd7b\xf1\x98\x05\x17\xbc\xd6Y|i\x7f\xa9a\xc7\x05\xb4\x8e@\x07\xf6\xdfi\xdc\xaf\xed\xd0L\x07\nV\x9e\xfd\xe2\xf8\xbfF\x05!\xd9R\x07\x88C4/\x17\x96\xa8\x90\x98\xe0=\x8f\xe8\x9au\x04\xea\xc6\xe5@i\x9a^\xb0L9\x05\xec\xf9\x10\x1c\x80]8\x8e\x1d\xac\x9e\x9e\xedv\xd8\xe0K6\xe5\x15x\x9f\xf1\x90\xf6\xdc\x92)|%\x19l\x14\xee\x03&\x82\xf9SV\x85\xaf\xfe\xcel9x\xa6mR\x05\xc2\x0e\x89\xb8\xb26\xfa\t\x96\xb4S\x9dWJ\xdf%\xdd\xc3\xb4\x90\xf5jWd\x9f\x81\xc51\xf9R\xf1\xbb\xdb\xeej\xe5\xb9\x90\x94\xd9C\x02\x10d\x1f\x10\x15\xcd\xab3\x87\x08:\xdb\x10<\x03\xd5\x16>[\xd4\x9a\xee\xa8\xc2\x19@\xa1\x03r\xd6F\xee%&\xb1\xf4\x0cN\x06x\x8c\xcc\\+~\x0e\x19\xa5\xfb\x15\x04\xda\xbc\x0b8\x9a\xf0\x02\xc4*I5\xd1\xb3X\xd2\xdaA2\xfei,\xad\xb4@\xfdh\xf4\xa9S+\xfe-\x02\x7fD\ny\xfe\xc2\xdc\xb8)\x80\xb3+\x19\xc3\xa1\x0b\xe7#8y\x13\x84\x11\xb5\x98\x1dU\xde\x1c\xb1\rG\x98o\xcd\xc2\x1e\x995>\xb4}K\xcd\xa0\xf8t\xf4\x92a\n\xe8&..et\xb9\xb5A=\xe7\x18\x89n\x08\xa2\xaf\x1c\xac\xbfwQ\x02\xa2e#\xce7ka.9+\xc8\xc7k\x18Zq\x9e-\x14\xa1\xef\xb5\xcb(\x07\xb9M\x02LL\xff\xdd\xbe\x16eyl}\xc6/6(\x99\xd5\xfa\xbeG4V\x80K\xb7Kq\x88\xfa\x80\n_ua\x84\xb1BQ\xeb%\x10\x9d\xc9"\x9ch\xe3E\xcb\x02\xc1\xea\xe0\xf6\xe1\xd2=+\x90\x8a\x88tg\xe0\x9ao\xa1\x1c\x05)0R\x17\x89\xf8\xa4A\xde&a\xc6\xba\x0cv7\xd8\x93v\xefV\xabYN\x19\x94\xe3\xe6\xe9a+\xc6\xb2%\x85\x89\x96\x0fs\x8f\xfca\x89}\xeb\x9b\x94\xd8i\xe8\xfb0~\xeb\x03I\xd5Z\x114\xef\x98W\x03\x85p~VR\xc0B3f!\xf3\xbc\x92\x1bx\x0e\x9c\xa8$\xc8\xa6/\xc4\xf0\xd6\xe1\x079,\xb4.\xc5\xeb<\xa0\xb6\x07r\xb6\xf2|\x84\xa4\xc9\x8f\x08\x10Q\x8a\xa9\xce\xfb-x\xd6\xbc\x18V\xe2\x11\x9f\xc3Ps\x14\xbe\xe8\x13\'U\xb1X\x85\x8f\xb4\xdb\xa4\xf7\xc7\x1c\xd4\x97\xda\xb0n\xb3\x82#/_\xb1\xaf\xd9\x9e\xcf\xb4d\x05F\xa4\xe6\x8dVl\x16o#\x0c\x8b\x98\xdb\xd5\x16\x1c\xc0>!\xa9\xa9\x10\xf2\xa5\xc6\xda0\xbdg{\xb90,p\xdb\xdd(\x15\xc1\xa3"\xc0\xa1#\xfe\x0f\xce\xed\xaa\xc2\xfdX\x12\xbc\x0cPm\xb4\xabY\x1d\xcc]\xcf\xc0\xa7\x81\t\x9b\xd9\xc7\xc3\xb1\xa8\xfc>\xa1\x84\xa9\xb9h\xa0m\x03\xfa|X\xb2\xae\xa2a\x8e\xfc\x84\xb2\xd4\xbe\x818\x01\xc0\xf8\xc3U\x8d\x11\xbaE,1\xca\xc6\x1e{C\xd1\xc5\x0e\xfc>\x93l\x95O|\xa9\xc5\x9e\xa3\xe1\xdc~\x7f\x0e\x18\xd8\xd0\xcf\t\x14\x90/\xcdf&\xe6U\xe0&\xaf\xce\xe3\x0b\xed2\x9c\x8eE\xb1\x14]\x83]\xd6f\xbf\xc2\x10e\xee-\x11\x15\xa7\x15\x18+&\xc2\x07\xcf\xd0\x1f\xf5{\x8eL\xe1\xf2vZ7\xa7#O\x8b\xc3,{r\xa2\xcd\x951\x01\x07\xd8\xdd\xde\xfb\xa2\x07n\x0e_\xbf\xd7\xdew\xa4\xfa\xfdJ\x8e1\xa8\x83>C\xf1\xefy\xad\x11\x08\x06\xcb\x98\xdc\x04(\xd5\xd3"52Su\xec\x99\xf3\xf7\xfc\x92\x03\x9d\xcaR\xb5\xba\xf2\xec\x96\xc2\x89rL9\\|\xb3r\xaaz\xc6\xccq\x8c\xf3\x05\xbak\xff\x80y\xea\xe7,\xf0\x02b\x8c\x1b\xbc\x8e=\x9a\xf3\x03cu~\x16\xdch~b1\x8fGI\xf1\xef\xce\xe6~\x00\x18\xdfE\x88\xb0\xf8\x06\x03\xc4\xcc2\x0e\xab\xfd7\xb7b\xdb\xfc\xd9\xaa@\xd6\xe6\xb4\xed\xa23\x06_Y\xe4{V\xf1b+\xfa\x82\xd6F6\xa6\xd8\xf3\xcd\xa4\t\xb6\xd2\x08V5\x95\xbcK\x95\xca\x17?\x90\xa9\xaa\xcf\xb1\xab\xe9\x18y\xa7\x17\xab\xd20Q%(\xf5\xfdA\xb1\xef\xc2Yx\xdf\x90\xf0\x0e\x90\x86[u\xcc\xee"\xb8\x9c\xbdH0`d\x8c\xb1\x1c:nN\x03@\xad\xb5\xcc0\xc9z\xf7\x88\xfc<\x11by\x8a\xb4\\\xbe\x90*\x06p3o\x1c\xffyW\x15K\x9a\x85h\xfe\xd5-\x10\xecIyG\xf0O\x07\xd4*\xbe2L\xe31:)\xa4\x82\xc2\x1a$\xa9\xc3\x1b:*a=\xf5\xce\x92\x13\xe8\xb2X\xcb\x7fM\x81\x0f\xb1\xde\xac\xd2\xcf\x1c\x08i\xe1\xe4\xe7\xf8\x9b&\x07I\xf5\xc6q}P\xb0\x9e\x03\xeb2^e\x0b\x0f\xd6n\xae\xa0j\xd9\xf2\xbdK)\xbe\x1d\xc4\x04\x80jl\xca\xeb\xab X\xf1\xdck\xc8\x9b\x15o\tS\x8cI\xf5\xcc\x8e\xdb\xa0\x1c\xa7\x9d5\xb1\x98C\xdce\t"H\x8ayp\xe2)_8\xd2U\xe1k\xe0\xf4\xa6\xdfU\xde6\xb4W \x94Y6 F\xec\xb5\x13\x058YN\ra\xa4\xe4\xc6>\xe8Nz\xca\xf7\xe6\xb8\xee\xea\xce\xe7\x05JQ\x01/\xe1\xa5F\xa6\x8e\x0c\xc6\xa0\x0b\xdb\xe4\x9f\x83\x9d{D\xbf\xb9t01N\xe1uj\xdd\xa0\xfeA\xe0\xc3\xea\xc2mU\xf7\xabt\xdc(m\x8e\x94B\x94ob\x13\xa6\rp\x96\x9d\x16b\x9bBHv\xc409W\xe3(8\xf8A\xee\xc52\x7f\x1b3<\xf8\'\xb7\x8d\xb6\r\x15\xb1u\xf1\xdc\x940n\x92\xdaQqs\xef[\rd_\xbc\xfc\xe4\x1cD0\x11\xe1JA9s\x86\x15\x07\xff\x19x\xd0opV\xec\xc8\xad\x11\xfe\xe4\x0c\xf8\x94\xec\x81MP\xa1\xb5\x16\xae\xdf!\xf0\x81\x01\xaf\x92\xda\x8abP\xcb*\xeeXa6I\xfc\xeaa\x16 \x1d\xf3 \xf8\xce8/\xb0\x8d\x87G\xed(6\xa6l\xa2H\xbe\x82\xec\xafF/\xf9\x01$\xf5\x97\x0b\x97V8\xe8(F\xd6\xaaD\xd6\xa44\xdf\xe0\x8c\xdd\x1a\x04@\x1e\xfa\x11h=u\x90\x01\xc4\xcd\x1b\xb7\x06\xa5\x12\xab\x7f\x1e\x17\xef\x05p\xbf\xa8\x87\xa2\x18@\xc1\xc1\x8a}i\xcc@N\xb9\x0b\x14y\xf0;\xdevj0\x02\x88\x1c\xedE>\xb7G\xb3\xe3;$\x1f5\x80\x85T\xef\xaaY"\x99M\xf5@\x91W\xe4\xbe{E\x04y\x161{\x90\xfd\xfeU\xba4\xb3\xde\x19}\x07\x9b`9\x1eD@\xa9\x9b?\xf7\x82G\xfe\x84\xd4\xdf9\xbc\x1bp\x98\xa2\n$\xdf\x13\x87\xc5\xf9\x0b\x042\xe6@jBJ\xc2\xe8\x0f\xed\xa37\x99\x93!2\xa3\xe41\x96\xa0\xe6\xf4\xfb3\x81\x17Ni\xe3\x8b\x1d\xdd\xdf\xb9l\x146\xe3\xeb\xe6F\xf4\x19)\xe2fY\xd0\xf6{6\xb1\x1cV\xfe(\xd6\xfan\x17\xc0\xc5\x96t\xa3s\x7f\xfa\xa3^nD\x9d\xb0\xfdN\x8d\xb3F\xb3v\'\x96\xe5\x89\x1c\x1ewxNK\x8e\xb5\xcen\xe9\x9fa\xec\x82\xb4,'
tbI624
I0
F0
tb.