# time 	 divergence 	 # of mutations 	 # IGC chances 	 IGC length 	 # IGC failures 	 Changes due to IGC  	 % change due to IGC 
0.0	0.0081799591002	0	0	0	0	0	0.0
0.000693295575605	0.0102249488753	1	0	0	0	0	0.0
0.000739081209695	0.0081799591002	1	1	3	0	1	0.5
0.00116722006218	0.0081799591002	1	2	3	0	1	0.5
0.00121734601575	0.0081799591002	1	3	3	0	1	0.5
0.00128319524481	0.0081799591002	1	4	3	0	1	0.5
0.0013239750753	0.0081799591002	1	5	3	0	1	0.5
0.00143694861404	0.0081799591002	1	6	3	0	1	0.5
0.00165500205907	0.0081799591002	1	7	3	0	1	0.5
0.00176570747086	0.0081799591002	1	8	3	0	1	0.5
0.00195003276024	0.0081799591002	1	9	3	0	1	0.5
0.001982316358	0.0081799591002	1	10	3	0	1	0.5
0.0020963233969	0.0081799591002	1	11	3	0	1	0.5
0.00242876347516	0.0081799591002	1	12	3	0	1	0.5
0.00265014179393	0.00613496932515	2	12	3	0	1	0.333333333333
0.00290645983188	0.0081799591002	3	12	3	0	1	0.25
0.00308986448267	0.0081799591002	3	13	3	0	1	0.25
0.00327803664554	0.0081799591002	3	14	3	0	1	0.25
0.00364704298783	0.0081799591002	3	15	3	0	1	0.25
0.00390741119431	0.0081799591002	3	16	3	0	1	0.25
0.00391529600761	0.0081799591002	3	17	3	0	1	0.25
0.00398104941462	0.0102249488753	4	17	3	0	1	0.2
0.00408832204943	0.0102249488753	4	18	3	0	1	0.2
0.00430338907923	0.0102249488753	4	19	3	0	1	0.2
0.0046907505126	0.0102249488753	4	20	3	0	1	0.2
0.00485169348393	0.0102249488753	4	21	3	0	1	0.2
0.00507060998697	0.0122699386503	5	21	3	0	1	0.166666666667
0.0052493554415	0.0122699386503	5	22	3	0	1	0.166666666667
0.00542590951156	0.0122699386503	5	23	3	0	1	0.166666666667
0.00569572585256	0.0122699386503	5	24	3	0	1	0.166666666667
0.00573129385823	0.0122699386503	5	25	3	0	1	0.166666666667
0.00594578764078	0.0122699386503	5	26	3	0	1	0.166666666667
0.00611320175335	0.0122699386503	5	27	3	0	1	0.166666666667
0.00611696918934	0.0122699386503	5	28	3	0	1	0.166666666667
0.00637216720461	0.0122699386503	5	29	3	0	1	0.166666666667
0.00641673683279	0.0122699386503	5	30	3	0	1	0.166666666667
0.00654428735992	0.0122699386503	5	31	3	0	1	0.166666666667
0.00661500496039	0.0122699386503	5	32	3	0	1	0.166666666667
0.00724298295736	0.0122699386503	5	33	3	0	1	0.166666666667
0.00738937027545	0.0122699386503	5	34	3	0	1	0.166666666667
0.00842370647547	0.0122699386503	5	35	3	0	1	0.166666666667
0.00856461359757	0.0122699386503	5	36	3	0	1	0.166666666667
0.00868058890302	0.0102249488753	5	37	3	0	2	0.285714285714
0.00881762972521	0.0102249488753	5	38	3	0	2	0.285714285714
0.00914751637206	0.0102249488753	5	39	3	0	2	0.285714285714
0.00917082885209	0.0102249488753	5	40	3	0	2	0.285714285714
0.00980166155548	0.0102249488753	5	41	3	0	2	0.285714285714
0.00991095899602	0.0102249488753	5	42	3	0	2	0.285714285714
0.0101511477705	0.0102249488753	5	43	3	0	2	0.285714285714
0.0101608296906	0.0102249488753	5	44	3	0	2	0.285714285714
0.0109940451428	0.0102249488753	5	45	3	0	2	0.285714285714
0.0110780218432	0.0102249488753	5	46	3	0	2	0.285714285714
0.0113662920264	0.0102249488753	5	47	3	0	2	0.285714285714
0.0114236322853	0.0102249488753	5	48	3	0	2	0.285714285714
0.0116308532143	0.0102249488753	5	49	3	0	2	0.285714285714
0.0117364044447	0.0102249488753	5	50	3	0	2	0.285714285714
0.0118191549789	0.0102249488753	5	51	3	0	2	0.285714285714
0.0121276424069	0.0102249488753	5	52	3	0	2	0.285714285714
0.0121908751342	0.0102249488753	5	53	3	0	2	0.285714285714
0.0125723600879	0.0102249488753	5	54	3	0	2	0.285714285714
0.0127195165523	0.0102249488753	5	55	3	0	2	0.285714285714
0.0128874894877	0.0102249488753	5	56	3	0	2	0.285714285714
0.0130355958198	0.0102249488753	5	57	3	0	2	0.285714285714
0.0131563446646	0.0102249488753	5	58	3	0	2	0.285714285714
0.0132503988437	0.0102249488753	5	59	3	0	2	0.285714285714
0.01328624954	0.0102249488753	5	60	3	0	2	0.285714285714
0.01330821937	0.0102249488753	5	61	3	0	2	0.285714285714
0.0136539568727	0.0102249488753	5	62	3	0	2	0.285714285714
0.0137654537827	0.0102249488753	5	63	3	0	2	0.285714285714
0.0138061213586	0.0102249488753	5	64	3	0	2	0.285714285714
0.013856284937	0.0102249488753	5	65	3	0	2	0.285714285714
0.0139037049651	0.0102249488753	5	66	3	0	2	0.285714285714
0.0141933317789	0.0102249488753	5	67	3	0	2	0.285714285714
0.0141954124606	0.0102249488753	5	68	3	0	2	0.285714285714
0.0142713951912	0.0102249488753	5	69	3	0	2	0.285714285714
0.0142988955138	0.0102249488753	5	70	3	0	2	0.285714285714
0.0144161177232	0.0102249488753	5	71	3	0	2	0.285714285714
0.0148838234263	0.0102249488753	5	72	3	0	2	0.285714285714
0.0149655944039	0.0102249488753	5	73	3	0	2	0.285714285714
0.0152096870843	0.0102249488753	5	74	3	0	2	0.285714285714
0.0154666726063	0.0102249488753	5	75	3	0	2	0.285714285714
0.0155873208684	0.0102249488753	5	76	3	0	2	0.285714285714
0.0156344797245	0.0102249488753	5	77	3	0	2	0.285714285714
0.0157002486728	0.0102249488753	5	78	3	0	2	0.285714285714
0.0157089646368	0.0102249488753	5	79	3	0	2	0.285714285714
0.0157432028124	0.0102249488753	5	80	3	0	2	0.285714285714
0.0157652061601	0.0102249488753	5	81	3	0	2	0.285714285714
0.0161966938219	0.0102249488753	5	82	3	0	2	0.285714285714
0.0169625422337	0.0102249488753	5	83	3	0	2	0.285714285714
0.0174423253911	0.0081799591002	5	84	3	0	3	0.375
0.0175570050929	0.0081799591002	5	85	3	0	3	0.375
0.0181616826996	0.0081799591002	5	86	3	0	3	0.375
0.0181775895205	0.0081799591002	5	87	3	0	3	0.375
0.0184329680485	0.0081799591002	5	88	3	0	3	0.375
0.0186922287083	0.0081799591002	5	89	3	0	3	0.375
0.0187895545078	0.0102249488753	6	89	3	0	3	0.333333333333
0.0188181596667	0.0102249488753	6	90	3	0	3	0.333333333333
0.0188412720545	0.0102249488753	6	91	3	0	3	0.333333333333
0.0189271153473	0.0102249488753	6	92	3	0	3	0.333333333333
0.0190954615575	0.0102249488753	6	93	3	0	3	0.333333333333
0.0197033591629	0.0102249488753	6	94	3	0	3	0.333333333333
0.0197935187054	0.0102249488753	6	95	3	0	3	0.333333333333
0.0199748980661	0.0102249488753	6	96	3	0	3	0.333333333333
0.0200075852885	0.0102249488753	6	97	3	0	3	0.333333333333
0.0200249069243	0.0102249488753	6	98	3	0	3	0.333333333333
0.020166721008	0.0102249488753	6	99	3	0	3	0.333333333333
0.0203179115042	0.0102249488753	6	100	3	0	3	0.333333333333
0.0203328888232	0.0102249488753	6	101	3	0	3	0.333333333333
0.0204117752514	0.0102249488753	6	102	3	0	3	0.333333333333
0.0204483145299	0.0102249488753	6	103	3	0	3	0.333333333333
0.0210718141524	0.0102249488753	6	104	3	0	3	0.333333333333
0.0213352915153	0.0102249488753	6	105	3	0	3	0.333333333333
0.0213382548585	0.0102249488753	6	106	3	0	3	0.333333333333
0.0214586119348	0.0122699386503	7	106	3	0	3	0.3
0.0218168845841	0.0122699386503	7	107	3	0	3	0.3
0.0218779459534	0.0122699386503	7	108	3	0	3	0.3
0.0221460941905	0.0122699386503	7	109	3	0	3	0.3
0.022202898248	0.0122699386503	7	110	3	0	3	0.3
0.0222434046808	0.0122699386503	7	111	3	0	3	0.3
0.0222675332961	0.0122699386503	7	112	3	0	3	0.3
0.0223696203013	0.0122699386503	7	113	3	0	3	0.3
0.0226048755843	0.0102249488753	7	114	3	0	4	0.363636363636
0.0227206044263	0.0102249488753	7	115	3	0	4	0.363636363636
0.0229418667373	0.0102249488753	7	116	3	0	4	0.363636363636
0.0232099154962	0.0102249488753	7	117	3	0	4	0.363636363636
0.0232948780922	0.0102249488753	7	118	3	0	4	0.363636363636
0.0239264597913	0.0102249488753	7	119	3	0	4	0.363636363636
0.0240759261949	0.0102249488753	7	120	3	0	4	0.363636363636
0.0242334237628	0.0102249488753	7	121	3	0	4	0.363636363636
0.0242383525637	0.0102249488753	7	122	3	0	4	0.363636363636
0.024266017132	0.0102249488753	7	123	3	0	4	0.363636363636
0.0248005174313	0.0102249488753	7	124	3	0	4	0.363636363636
0.0248768888069	0.0102249488753	7	125	3	0	4	0.363636363636
0.0254422208001	0.0102249488753	7	126	3	0	4	0.363636363636
0.0255552844254	0.0102249488753	7	127	3	0	4	0.363636363636
0.0259297252836	0.0102249488753	7	128	3	0	4	0.363636363636
0.0261248089661	0.0102249488753	7	129	3	0	4	0.363636363636
0.0261330562629	0.0102249488753	7	130	3	0	4	0.363636363636
0.0264677722324	0.0102249488753	7	131	3	0	4	0.363636363636
0.0266269492192	0.0081799591002	7	132	3	0	5	0.416666666667
0.0276176083303	0.0081799591002	7	133	3	0	5	0.416666666667
0.0276771577278	0.0081799591002	7	134	3	0	5	0.416666666667
0.0276776345548	0.0081799591002	7	135	3	0	5	0.416666666667
0.0279992636529	0.00613496932515	7	136	3	0	6	0.461538461538
0.028181597535	0.00613496932515	7	137	3	0	6	0.461538461538
0.0286723835166	0.00613496932515	7	138	3	0	6	0.461538461538
0.028707900297	0.00613496932515	7	139	3	0	6	0.461538461538
0.0291735278739	0.0081799591002	8	139	3	0	6	0.428571428571
0.0292019419859	0.0081799591002	8	140	3	0	6	0.428571428571
0.0297753062911	0.0081799591002	8	141	3	0	6	0.428571428571
0.0302078628058	0.0081799591002	8	142	3	0	6	0.428571428571
0.0304352433315	0.0081799591002	8	143	3	0	6	0.428571428571
0.030540410065	0.0081799591002	8	144	3	0	6	0.428571428571
0.0307107704381	0.0081799591002	8	145	3	0	6	0.428571428571
0.0308475263533	0.0081799591002	8	146	3	0	6	0.428571428571
0.0310539267343	0.0081799591002	8	147	3	0	6	0.428571428571
0.0312254139564	0.0081799591002	8	148	3	0	6	0.428571428571
0.0312320965729	0.0081799591002	8	149	3	0	6	0.428571428571
0.03132013062	0.0081799591002	8	150	3	0	6	0.428571428571
0.0314728357024	0.0102249488753	9	150	3	0	6	0.4
0.0315221798727	0.0102249488753	9	151	3	0	6	0.4
0.0315433905722	0.0122699386503	10	151	3	0	6	0.375
0.0318028619834	0.0122699386503	10	152	3	0	6	0.375
0.0320296772666	0.0122699386503	10	153	3	0	6	0.375
0.0320873956303	0.0122699386503	10	154	3	0	6	0.375
0.03255361679	0.0122699386503	10	155	3	0	6	0.375
0.0330841445742	0.0122699386503	10	156	3	0	6	0.375
0.033115213366	0.0122699386503	10	157	3	0	6	0.375
0.0333483002201	0.0122699386503	10	158	3	0	6	0.375
0.0336941228276	0.0122699386503	10	159	3	0	6	0.375
0.0337569367395	0.0143149284254	11	159	3	0	6	0.352941176471
0.0340576041851	0.0143149284254	11	160	3	0	6	0.352941176471
0.0343950024739	0.0143149284254	11	161	3	0	6	0.352941176471
0.0344238084455	0.0143149284254	11	162	3	0	6	0.352941176471
0.034495569704	0.0122699386503	11	163	3	0	7	0.388888888889
0.0344964550658	0.0122699386503	11	164	3	0	7	0.388888888889
0.0345905597182	0.0122699386503	11	165	3	0	7	0.388888888889
0.0348958010844	0.0122699386503	11	166	3	0	7	0.388888888889
0.0349320427181	0.0122699386503	11	167	3	0	7	0.388888888889
0.0349703181457	0.0122699386503	11	168	3	0	7	0.388888888889
0.0353582147545	0.0122699386503	11	169	3	0	7	0.388888888889
0.0354828061253	0.0122699386503	11	170	3	0	7	0.388888888889
0.0355641289579	0.0122699386503	11	171	3	0	7	0.388888888889
0.0358514892185	0.0143149284254	12	171	3	0	7	0.368421052632
0.0358927491301	0.0143149284254	12	172	3	0	7	0.368421052632
0.0360370257585	0.0143149284254	12	173	3	0	7	0.368421052632
0.0360935215799	0.0143149284254	12	174	3	0	7	0.368421052632
0.0362553000485	0.0143149284254	12	175	3	0	7	0.368421052632
0.0367804535309	0.0143149284254	12	176	3	0	7	0.368421052632
0.0368432151226	0.0122699386503	12	177	3	0	8	0.4
0.0369697251754	0.0122699386503	12	178	3	0	8	0.4
0.0373392821327	0.0122699386503	12	179	3	0	8	0.4
0.0374903453367	0.0143149284254	13	179	3	0	8	0.380952380952
0.0378259886274	0.0143149284254	13	180	3	0	8	0.380952380952
0.0385950512538	0.0143149284254	13	181	3	0	8	0.380952380952
0.0387806566891	0.0143149284254	13	182	3	0	8	0.380952380952
0.0390397793654	0.0143149284254	13	183	3	0	8	0.380952380952
0.0392965402916	0.0143149284254	13	184	3	0	8	0.380952380952
0.0393501189177	0.0143149284254	13	185	3	0	8	0.380952380952
0.0393731180342	0.0143149284254	13	186	3	0	8	0.380952380952
0.0395085546376	0.0143149284254	13	187	3	0	8	0.380952380952
0.0396873526735	0.0143149284254	13	188	3	0	8	0.380952380952
0.0399099099727	0.0143149284254	13	189	3	0	8	0.380952380952
0.0406111028004	0.0143149284254	13	190	3	0	8	0.380952380952
0.0406367431811	0.0143149284254	13	191	3	0	8	0.380952380952
0.0407798869064	0.0143149284254	13	192	3	0	8	0.380952380952
0.0410108429196	0.0143149284254	13	193	3	0	8	0.380952380952
0.0421664972493	0.0143149284254	13	194	3	0	8	0.380952380952
0.0422499608644	0.0143149284254	13	195	3	0	8	0.380952380952
0.0422667118031	0.0143149284254	13	196	3	0	8	0.380952380952
0.0423823722819	0.0143149284254	13	197	3	0	8	0.380952380952
0.0425589610574	0.0143149284254	13	198	3	0	8	0.380952380952
0.0428339396832	0.0143149284254	13	199	3	0	8	0.380952380952
0.0428367196785	0.0143149284254	13	200	3	0	8	0.380952380952
0.0428803541165	0.0163599182004	14	200	3	0	8	0.363636363636
0.043032467038	0.0163599182004	14	201	3	0	8	0.363636363636
0.0432715124618	0.0163599182004	14	202	3	0	8	0.363636363636
0.0432969471797	0.0163599182004	14	203	3	0	8	0.363636363636
0.0439317387579	0.0163599182004	14	204	3	0	8	0.363636363636
0.0440850352838	0.0163599182004	14	205	3	0	8	0.363636363636
0.0442512859001	0.0184049079755	15	205	3	0	8	0.347826086957
0.0442516531853	0.0184049079755	15	206	3	0	8	0.347826086957
0.044439177683	0.0184049079755	15	207	3	0	8	0.347826086957
0.044563475422	0.0184049079755	15	208	3	0	8	0.347826086957
0.0446544290986	0.0184049079755	15	209	3	0	8	0.347826086957
0.044685259985	0.0204498977505	16	209	3	0	8	0.333333333333
0.0453373976623	0.0204498977505	16	210	3	0	8	0.333333333333
0.0453824154699	0.0184049079755	16	211	3	0	9	0.36
0.0455694532408	0.0184049079755	16	212	3	0	9	0.36
0.0462073071515	0.0184049079755	16	213	3	0	9	0.36
0.0462692795749	0.0184049079755	16	214	3	0	9	0.36
0.0465242669368	0.0184049079755	16	215	3	0	9	0.36
0.0466545548753	0.0184049079755	16	216	3	0	9	0.36
0.0469536538981	0.0184049079755	16	217	3	0	9	0.36
0.0469729378871	0.0184049079755	16	218	3	0	9	0.36
0.0474543436546	0.0184049079755	16	219	3	0	9	0.36
0.0475093502364	0.0184049079755	16	220	3	0	9	0.36
0.0481112894127	0.0184049079755	16	221	3	0	9	0.36
0.0483761246617	0.0184049079755	16	222	3	0	9	0.36
0.0484351717688	0.0184049079755	16	223	3	0	9	0.36
0.0484518373197	0.0184049079755	16	224	3	0	9	0.36
0.0485517983436	0.0184049079755	16	225	3	0	9	0.36
0.0491227473749	0.0184049079755	16	226	3	0	9	0.36
0.0494199477595	0.0184049079755	16	227	3	0	9	0.36
0.0495951603485	0.0184049079755	16	228	3	0	9	0.36
0.0496041980386	0.0184049079755	16	229	3	0	9	0.36
0.0501920363809	0.0184049079755	16	230	3	0	9	0.36
0.0502727909847	0.0184049079755	16	231	3	0	9	0.36
0.0507580999917	0.0184049079755	16	232	3	0	9	0.36
0.0508026591098	0.0184049079755	16	233	3	0	9	0.36
0.0510877869163	0.0204498977505	17	233	3	0	9	0.346153846154
0.0511298136391	0.0224948875256	18	233	3	0	9	0.333333333333
0.0511583243405	0.0224948875256	18	234	3	0	9	0.333333333333
0.0512962632883	0.0224948875256	18	235	3	0	9	0.333333333333
0.0513344140171	0.0224948875256	18	236	3	0	9	0.333333333333
0.0514907892441	0.0224948875256	18	237	3	0	9	0.333333333333
0.0515601439998	0.0224948875256	18	238	3	0	9	0.333333333333
0.0519743236719	0.0224948875256	18	239	3	0	9	0.333333333333
0.0523376585705	0.0224948875256	18	240	3	0	9	0.333333333333
0.0524141719922	0.0224948875256	18	241	3	0	9	0.333333333333
0.0526248048908	0.0224948875256	18	242	3	0	9	0.333333333333
0.0534582891488	0.0224948875256	18	243	3	0	9	0.333333333333
0.0537597016071	0.0224948875256	18	244	3	0	9	0.333333333333
0.0538518883009	0.0224948875256	18	245	3	0	9	0.333333333333
0.0539465754113	0.0224948875256	18	246	3	0	9	0.333333333333
0.0540622030954	0.0224948875256	18	247	3	0	9	0.333333333333
0.0543895187796	0.0224948875256	18	248	3	0	9	0.333333333333
0.0544115985613	0.0224948875256	18	249	3	0	9	0.333333333333
0.0549321564359	0.0224948875256	18	250	3	0	9	0.333333333333
0.0551181636266	0.0224948875256	18	251	3	0	9	0.333333333333
0.055205965519	0.0224948875256	18	252	3	0	9	0.333333333333
0.0565386308261	0.0224948875256	18	253	3	0	9	0.333333333333
0.0567419923183	0.0224948875256	18	254	3	0	9	0.333333333333
0.057350405386	0.0224948875256	18	255	3	0	9	0.333333333333
0.0574338454635	0.0224948875256	18	256	3	0	9	0.333333333333
0.057434932299	0.0224948875256	18	257	3	0	9	0.333333333333
0.0578971401311	0.0224948875256	18	258	3	0	9	0.333333333333
0.0579657685245	0.0224948875256	18	259	3	0	9	0.333333333333
0.0580158167671	0.0224948875256	18	260	3	0	9	0.333333333333
0.0583857458335	0.0224948875256	18	261	3	0	9	0.333333333333
0.0587275793551	0.0224948875256	18	262	3	0	9	0.333333333333
0.0588133841325	0.0224948875256	18	263	3	0	9	0.333333333333
0.0588581379756	0.0224948875256	18	264	3	0	9	0.333333333333
0.0592894448668	0.0224948875256	18	265	3	0	9	0.333333333333
0.0593018879132	0.0224948875256	18	266	3	0	9	0.333333333333
0.0593451008406	0.0224948875256	18	267	3	0	9	0.333333333333
0.0596860875173	0.0224948875256	18	268	3	0	9	0.333333333333
0.059739901386	0.0224948875256	18	269	3	0	9	0.333333333333
0.0602421357792	0.0224948875256	18	270	3	0	9	0.333333333333
0.060463872956	0.0224948875256	18	271	3	0	9	0.333333333333
0.0609645757851	0.0224948875256	18	272	3	0	9	0.333333333333
0.0614449691861	0.0224948875256	18	273	3	0	9	0.333333333333
0.0615765013235	0.0224948875256	18	274	3	0	9	0.333333333333
0.0619906545773	0.0224948875256	18	275	3	0	9	0.333333333333
0.0622981953625	0.0224948875256	18	276	3	0	9	0.333333333333
0.062452930975	0.0224948875256	18	277	3	0	9	0.333333333333
0.062690102663	0.0224948875256	18	278	3	0	9	0.333333333333
0.0630121094427	0.0224948875256	18	279	3	0	9	0.333333333333
0.0630336481059	0.0224948875256	18	280	3	0	9	0.333333333333
0.0630630153977	0.0224948875256	18	281	3	0	9	0.333333333333
0.0637046432554	0.0224948875256	18	282	3	0	9	0.333333333333
0.0639902131232	0.0224948875256	18	283	3	0	9	0.333333333333
0.0640346953194	0.0224948875256	18	284	3	0	9	0.333333333333
0.0643885713074	0.0224948875256	18	285	3	0	9	0.333333333333
0.0645378460466	0.0204498977505	18	286	3	0	10	0.357142857143
0.0649508131831	0.0204498977505	18	287	3	0	10	0.357142857143
0.0650563682028	0.0204498977505	18	288	3	0	10	0.357142857143
0.0651210386101	0.0204498977505	18	289	3	0	10	0.357142857143
0.0655161941022	0.0204498977505	18	290	3	0	10	0.357142857143
0.0660551402564	0.0204498977505	18	291	3	0	10	0.357142857143
0.0661279009703	0.0204498977505	18	292	3	0	10	0.357142857143
0.0661462899447	0.0204498977505	18	293	3	0	10	0.357142857143
0.0661948556017	0.0224948875256	19	293	3	0	10	0.344827586207
0.0662410410721	0.0224948875256	19	294	3	0	10	0.344827586207
0.0662636347772	0.0224948875256	19	295	3	0	10	0.344827586207
0.0665511082906	0.0224948875256	19	296	3	0	10	0.344827586207
0.0668023385023	0.0204498977505	19	297	3	0	11	0.366666666667
0.0670587800178	0.0204498977505	19	298	3	0	11	0.366666666667
0.0671060856176	0.0204498977505	19	299	3	0	11	0.366666666667
0.0677021947509	0.0204498977505	19	300	3	0	11	0.366666666667
0.0677803184474	0.0204498977505	19	301	3	0	11	0.366666666667
0.0681813432437	0.0204498977505	19	302	3	0	11	0.366666666667
0.0685539525052	0.0224948875256	20	302	3	0	11	0.354838709677
0.0686073292161	0.0224948875256	20	303	3	0	11	0.354838709677
0.0688570835528	0.0224948875256	20	304	3	0	11	0.354838709677
0.0700225105674	0.0224948875256	20	305	3	0	11	0.354838709677
0.0702083645023	0.0224948875256	20	306	3	0	11	0.354838709677
0.0702392254595	0.0224948875256	20	307	3	0	11	0.354838709677
0.0703319611882	0.0224948875256	20	308	3	0	11	0.354838709677
0.070523378868	0.0224948875256	20	309	3	0	11	0.354838709677
0.0709199108772	0.0224948875256	20	310	3	0	11	0.354838709677
0.0711056960939	0.0224948875256	20	311	3	0	11	0.354838709677
0.0713820233401	0.0224948875256	20	312	3	0	11	0.354838709677
0.0714299896325	0.0224948875256	20	313	3	0	11	0.354838709677
0.0719105664835	0.0224948875256	20	314	3	0	11	0.354838709677
0.0719199858941	0.0224948875256	20	315	3	0	11	0.354838709677
0.0720537076483	0.0224948875256	20	316	3	0	11	0.354838709677
0.0724255290054	0.0224948875256	20	317	3	0	11	0.354838709677
0.0725079367745	0.0224948875256	20	318	3	0	11	0.354838709677
0.072821706692	0.0224948875256	20	319	3	0	11	0.354838709677
0.0728484893347	0.0224948875256	20	320	3	0	11	0.354838709677
0.0729063936239	0.0204498977505	20	321	3	0	12	0.375
0.0731799691564	0.0204498977505	20	322	3	0	12	0.375
0.0731964635354	0.0204498977505	20	323	3	0	12	0.375
0.0733207011388	0.0204498977505	20	324	3	0	12	0.375
0.0733359419657	0.0224948875256	21	324	3	0	12	0.363636363636
0.0734375031205	0.0224948875256	21	325	3	0	12	0.363636363636
0.0735455930307	0.0224948875256	21	326	3	0	12	0.363636363636
0.0742312198404	0.0224948875256	21	327	3	0	12	0.363636363636
0.0742577550405	0.0224948875256	21	328	3	0	12	0.363636363636
0.0743347748315	0.0224948875256	21	329	3	0	12	0.363636363636
0.074525010874	0.0224948875256	21	330	3	0	12	0.363636363636
0.0748123677882	0.0245398773006	22	330	3	0	12	0.352941176471
0.0748796758126	0.0245398773006	22	331	3	0	12	0.352941176471
0.074885236233	0.0245398773006	22	332	3	0	12	0.352941176471
0.075044217056	0.0245398773006	22	333	3	0	12	0.352941176471
0.0751669085021	0.0245398773006	22	334	3	0	12	0.352941176471
0.0753220255383	0.0245398773006	22	335	3	0	12	0.352941176471
0.0756101507346	0.0245398773006	22	336	3	0	12	0.352941176471
0.0756693109874	0.0245398773006	22	337	3	0	12	0.352941176471
0.0758199047906	0.0245398773006	22	338	3	0	12	0.352941176471
0.0760099376455	0.0245398773006	22	339	3	0	12	0.352941176471
0.0760611190516	0.0245398773006	22	340	3	0	12	0.352941176471
0.0760929519151	0.0245398773006	22	341	3	0	12	0.352941176471
0.0761943525493	0.0245398773006	22	342	3	0	12	0.352941176471
0.0762261645808	0.0245398773006	22	343	3	0	12	0.352941176471
0.0766681286003	0.0245398773006	22	344	3	0	12	0.352941176471
0.0768176518012	0.0245398773006	22	345	3	0	12	0.352941176471
0.077013650462	0.0245398773006	22	346	3	0	12	0.352941176471
0.0772071357335	0.0245398773006	22	347	3	0	12	0.352941176471
0.0772889330976	0.0245398773006	22	348	3	0	12	0.352941176471
0.0774636697559	0.0245398773006	22	349	3	0	12	0.352941176471
0.0779592730787	0.0245398773006	22	350	3	0	12	0.352941176471
0.0779673531641	0.0245398773006	22	351	3	0	12	0.352941176471
0.0779780924095	0.0245398773006	22	352	3	0	12	0.352941176471
0.078005817624	0.0245398773006	22	353	3	0	12	0.352941176471
0.0780656629189	0.0245398773006	22	354	3	0	12	0.352941176471
0.0782000993387	0.0245398773006	22	355	3	0	12	0.352941176471
0.0783506931609	0.0245398773006	22	356	3	0	12	0.352941176471
0.0784195478439	0.0245398773006	22	357	3	0	12	0.352941176471
0.0787209398844	0.0245398773006	22	358	3	0	12	0.352941176471
0.0792448080986	0.0245398773006	22	359	3	0	12	0.352941176471
0.0793473456088	0.0245398773006	22	360	3	0	12	0.352941176471
0.0796245157785	0.0245398773006	22	361	3	0	12	0.352941176471
0.0796696244296	0.0245398773006	22	362	3	0	12	0.352941176471
0.0797802790741	0.0265848670757	23	362	3	0	12	0.342857142857
0.0797956429534	0.0265848670757	23	363	3	0	12	0.342857142857
0.0806434321352	0.0265848670757	23	364	3	0	12	0.342857142857
0.0808322486007	0.0265848670757	23	365	3	0	12	0.342857142857
0.0812940211899	0.0265848670757	23	366	3	0	12	0.342857142857
0.0815979143074	0.0265848670757	23	367	3	0	12	0.342857142857
0.0816858383447	0.0286298568507	24	367	3	0	12	0.333333333333
0.0817140033126	0.0286298568507	24	368	3	0	12	0.333333333333
0.0817719402225	0.0265848670757	24	369	3	0	13	0.351351351351
0.0822358038277	0.0265848670757	24	370	3	0	13	0.351351351351
0.082416286231	0.0265848670757	24	371	3	0	13	0.351351351351
0.0826678364078	0.0265848670757	24	372	3	0	13	0.351351351351
0.0828796099091	0.0265848670757	24	373	3	0	13	0.351351351351
0.0829773479609	0.0265848670757	24	374	3	0	13	0.351351351351
0.0831996916078	0.0265848670757	24	375	3	0	13	0.351351351351
0.0832567425785	0.0265848670757	24	376	3	0	13	0.351351351351
0.0834544099601	0.0265848670757	24	377	3	0	13	0.351351351351
0.0834582029547	0.0265848670757	24	378	3	0	13	0.351351351351
0.0835329526476	0.0286298568507	25	378	3	0	13	0.342105263158
0.0836249474889	0.0286298568507	25	379	3	0	13	0.342105263158
0.0836617697257	0.0286298568507	25	380	3	0	13	0.342105263158
0.0842818868726	0.0286298568507	25	381	3	0	13	0.342105263158
0.0843446720969	0.0265848670757	25	382	3	0	14	0.358974358974
0.0844067859508	0.0286298568507	26	382	3	0	14	0.35
0.0844580714562	0.0286298568507	26	383	3	0	14	0.35
0.084497384827	0.0286298568507	26	384	3	0	14	0.35
0.0845513962958	0.0286298568507	26	385	3	0	14	0.35
0.0847875406845	0.0286298568507	26	386	3	0	14	0.35
0.0848227447712	0.0286298568507	26	387	3	0	14	0.35
0.0849119193367	0.0286298568507	26	388	3	0	14	0.35
0.0849884429053	0.0265848670757	26	389	3	0	15	0.365853658537
0.0851448794944	0.0265848670757	26	390	3	0	15	0.365853658537
0.0854589901617	0.0265848670757	26	391	3	0	15	0.365853658537
0.086047071167	0.0265848670757	26	392	3	0	15	0.365853658537
0.0861235009151	0.0265848670757	26	393	3	0	15	0.365853658537
0.0861707125935	0.0224948875256	26	394	3	0	17	0.395348837209
0.08652664668	0.0224948875256	26	395	3	0	17	0.395348837209
0.0865420155466	0.0224948875256	26	396	3	0	17	0.395348837209
0.0866874442517	0.0224948875256	26	397	3	0	17	0.395348837209
0.0869019492694	0.0224948875256	26	398	3	0	17	0.395348837209
0.0872504161968	0.0224948875256	26	399	3	0	17	0.395348837209
0.0875229649159	0.0224948875256	26	400	3	0	17	0.395348837209
0.0876043813827	0.0224948875256	26	401	3	0	17	0.395348837209
0.0877096680777	0.0204498977505	26	402	3	0	18	0.409090909091
0.0877440450653	0.0204498977505	26	403	3	0	18	0.409090909091
0.0878721858113	0.0204498977505	26	404	3	0	18	0.409090909091
0.0879379415008	0.0204498977505	26	405	3	0	18	0.409090909091
0.0879819182425	0.0204498977505	26	406	3	0	18	0.409090909091
0.0882667874393	0.0204498977505	26	407	3	0	18	0.409090909091
0.0883423493207	0.0204498977505	26	408	3	0	18	0.409090909091
0.0884155947057	0.0204498977505	26	409	3	0	18	0.409090909091
0.0886016430818	0.0204498977505	26	410	3	0	18	0.409090909091
0.0886570083785	0.0204498977505	26	411	3	0	18	0.409090909091
0.0888422232713	0.0204498977505	26	412	3	0	18	0.409090909091
0.08897269846	0.0204498977505	26	413	3	0	18	0.409090909091
0.0895949301301	0.0224948875256	27	413	3	0	18	0.4
0.0897726077875	0.0224948875256	27	414	3	0	18	0.4
0.0905647644547	0.0224948875256	27	415	3	0	18	0.4
0.0911329342621	0.0224948875256	27	416	3	0	18	0.4
0.0911658943992	0.0224948875256	27	417	3	0	18	0.4
0.0912219032061	0.0224948875256	27	418	3	0	18	0.4
0.0913216214499	0.0224948875256	27	419	3	0	18	0.4
0.0913932271407	0.0204498977505	27	420	3	0	19	0.413043478261
0.0917923024003	0.0204498977505	27	421	3	0	19	0.413043478261
0.0918956239237	0.0204498977505	27	422	3	0	19	0.413043478261
0.0920725523109	0.0204498977505	27	423	3	0	19	0.413043478261
0.092273730566	0.0204498977505	27	424	3	0	19	0.413043478261
0.0924566922408	0.0204498977505	27	425	3	0	19	0.413043478261
0.0924998240125	0.0204498977505	27	426	3	0	19	0.413043478261
0.09260675563	0.0204498977505	27	427	3	0	19	0.413043478261
0.0927677453482	0.0204498977505	27	428	3	0	19	0.413043478261
0.0928748673169	0.0204498977505	27	429	3	0	19	0.413043478261
0.0929023248224	0.0204498977505	27	430	3	0	19	0.413043478261
0.0932724403235	0.0204498977505	27	431	3	0	19	0.413043478261
0.0936026288998	0.0204498977505	27	432	3	0	19	0.413043478261
0.0937452367501	0.0184049079755	27	433	3	0	20	0.425531914894
0.0937979297042	0.0184049079755	27	434	3	0	20	0.425531914894
0.09431325802	0.0184049079755	27	435	3	0	20	0.425531914894
0.0945311496245	0.0184049079755	27	436	3	0	20	0.425531914894
0.09453674993	0.0184049079755	27	437	3	0	20	0.425531914894
0.094575136701	0.0184049079755	27	438	3	0	20	0.425531914894
0.0945838598763	0.0184049079755	27	439	3	0	20	0.425531914894
0.0946536338654	0.0184049079755	27	440	3	0	20	0.425531914894
0.0947213669911	0.0184049079755	27	441	3	0	20	0.425531914894
0.0947971185323	0.0184049079755	27	442	3	0	20	0.425531914894
0.0949030453743	0.0184049079755	27	443	3	0	20	0.425531914894
0.0949314066473	0.0163599182004	27	444	3	0	21	0.4375
0.0951677245573	0.0163599182004	27	445	3	0	21	0.4375
0.0953072214284	0.0163599182004	27	446	3	0	21	0.4375
0.0956277286649	0.0163599182004	27	447	3	0	21	0.4375
0.095913106101	0.0163599182004	27	448	3	0	21	0.4375
0.0960717970423	0.0184049079755	28	448	3	0	21	0.428571428571
0.0961154325628	0.0184049079755	28	449	3	0	21	0.428571428571
0.0965492032771	0.0184049079755	28	450	3	0	21	0.428571428571
0.096972335449	0.0184049079755	28	451	3	0	21	0.428571428571
0.0970814454372	0.0184049079755	28	452	3	0	21	0.428571428571
0.0976548886798	0.0184049079755	28	453	3	0	21	0.428571428571
0.0977379102771	0.0184049079755	28	454	3	0	21	0.428571428571
0.0979546668419	0.0184049079755	28	455	3	0	21	0.428571428571
0.0979967763237	0.0184049079755	28	456	3	0	21	0.428571428571
0.0980503081765	0.0184049079755	28	457	3	0	21	0.428571428571
0.0984994745593	0.0184049079755	28	458	3	0	21	0.428571428571
0.0986541539053	0.0163599182004	28	459	3	0	22	0.44
0.0986838612422	0.0163599182004	28	460	3	0	22	0.44
0.100040647298	0.0163599182004	28	461	3	0	22	0.44
0.100189304985	0.0163599182004	28	462	3	0	22	0.44
0.100322150832	0.0163599182004	28	463	3	0	22	0.44
0.100668815455	0.0163599182004	28	464	3	0	22	0.44
0.100889972014	0.0163599182004	28	465	3	0	22	0.44
0.101264988499	0.0163599182004	28	466	3	0	22	0.44
0.101344710377	0.0163599182004	28	467	3	0	22	0.44
0.101727785916	0.0163599182004	28	468	3	0	22	0.44
0.101989965708	0.0163599182004	28	469	3	0	22	0.44
0.102434947133	0.0163599182004	28	470	3	0	22	0.44
0.102580136766	0.0163599182004	28	471	3	0	22	0.44
0.10260486002	0.0163599182004	28	472	3	0	22	0.44
0.102628715814	0.0163599182004	28	473	3	0	22	0.44
0.102707009915	0.0163599182004	28	474	3	0	22	0.44
0.10307359865	0.0163599182004	28	475	3	0	22	0.44
0.10311659071	0.0143149284254	28	476	3	0	23	0.450980392157
0.103326180723	0.0143149284254	28	477	3	0	23	0.450980392157
0.10364287803	0.0143149284254	28	478	3	0	23	0.450980392157
0.104126808652	0.0143149284254	28	479	3	0	23	0.450980392157
0.104315977836	0.0143149284254	28	480	3	0	23	0.450980392157
0.104415341314	0.0143149284254	28	481	3	0	23	0.450980392157
0.104888667868	0.0143149284254	28	482	3	0	23	0.450980392157
0.105025240691	0.0143149284254	28	483	3	0	23	0.450980392157
0.105081228527	0.0143149284254	28	484	3	0	23	0.450980392157
0.105302745121	0.0143149284254	28	485	3	0	23	0.450980392157
0.106151926028	0.0143149284254	28	486	3	0	23	0.450980392157
0.106738728998	0.0143149284254	28	487	3	0	23	0.450980392157
0.106776336474	0.0163599182004	29	487	3	0	23	0.442307692308
0.106847455514	0.0163599182004	29	488	3	0	23	0.442307692308
0.106892406636	0.0163599182004	29	489	3	0	23	0.442307692308
0.107242269787	0.0184049079755	30	489	3	0	23	0.433962264151
0.107540455138	0.0184049079755	30	490	3	0	23	0.433962264151
0.107587910854	0.0184049079755	30	491	3	0	23	0.433962264151
0.107715546867	0.0184049079755	30	492	3	0	23	0.433962264151
0.107719541779	0.0184049079755	30	493	3	0	23	0.433962264151
0.107962058069	0.0143149284254	30	494	3	0	25	0.454545454545
0.107978753695	0.0143149284254	30	495	3	0	25	0.454545454545
0.108052665976	0.0143149284254	30	496	3	0	25	0.454545454545
0.108182838382	0.0143149284254	30	497	3	0	25	0.454545454545
0.108628148428	0.0143149284254	30	498	3	0	25	0.454545454545
0.108635324918	0.0143149284254	30	499	3	0	25	0.454545454545
0.109231710589	0.0143149284254	30	500	3	0	25	0.454545454545
0.109318240587	0.0143149284254	30	501	3	0	25	0.454545454545
0.109479623048	0.0143149284254	30	502	3	0	25	0.454545454545
0.11018769878	0.0143149284254	30	503	3	0	25	0.454545454545
0.11049240561	0.0143149284254	30	504	3	0	25	0.454545454545
0.110795883867	0.0143149284254	30	505	3	0	25	0.454545454545
0.111037048963	0.0163599182004	31	505	3	0	25	0.446428571429
0.1112361994	0.0163599182004	31	506	3	0	25	0.446428571429
0.111420228848	0.0163599182004	31	507	3	0	25	0.446428571429
0.111492883312	0.0163599182004	31	508	3	0	25	0.446428571429
0.112246267242	0.0163599182004	31	509	3	0	25	0.446428571429
0.112336243683	0.0184049079755	32	509	3	0	25	0.438596491228
0.112468773291	0.0184049079755	32	510	3	0	25	0.438596491228
0.112740689224	0.0184049079755	32	511	3	0	25	0.438596491228
0.113434236016	0.0184049079755	32	512	3	0	25	0.438596491228
0.113628359344	0.0184049079755	32	513	3	0	25	0.438596491228
0.114019917915	0.0184049079755	32	514	3	0	25	0.438596491228
0.114565629928	0.0184049079755	32	515	3	0	25	0.438596491228
0.114731763759	0.0184049079755	32	516	3	0	25	0.438596491228
0.114754171792	0.0184049079755	32	517	3	0	25	0.438596491228
0.114789633801	0.0184049079755	32	518	3	0	25	0.438596491228
0.115044476936	0.0184049079755	32	519	3	0	25	0.438596491228
0.115638461733	0.0184049079755	32	520	3	0	25	0.438596491228
0.115684912079	0.0184049079755	32	521	3	0	25	0.438596491228
0.115704003027	0.0184049079755	32	522	3	0	25	0.438596491228
0.115826652601	0.0184049079755	32	523	3	0	25	0.438596491228
0.115916439655	0.0184049079755	32	524	3	0	25	0.438596491228
0.116197023205	0.0184049079755	32	525	3	0	25	0.438596491228
0.116510741102	0.0184049079755	32	526	3	0	25	0.438596491228
0.116717193418	0.0184049079755	32	527	3	0	25	0.438596491228
0.117055582892	0.0184049079755	32	528	3	0	25	0.438596491228
0.117206522187	0.0184049079755	32	529	3	0	25	0.438596491228
0.117658036922	0.0184049079755	32	530	3	0	25	0.438596491228
0.117712422751	0.0184049079755	32	531	3	0	25	0.438596491228
0.118411686179	0.0184049079755	32	532	3	0	25	0.438596491228
0.118439952506	0.0184049079755	32	533	3	0	25	0.438596491228
0.11858349043	0.0184049079755	32	534	3	0	25	0.438596491228
0.11861352882	0.0184049079755	32	535	3	0	25	0.438596491228
0.118670384221	0.0163599182004	32	536	3	0	26	0.448275862069
0.118706198812	0.0163599182004	32	537	3	0	26	0.448275862069
0.11872904607	0.0163599182004	32	538	3	0	26	0.448275862069
0.118875151034	0.0163599182004	32	539	3	0	26	0.448275862069
0.118913836238	0.0163599182004	32	540	3	0	26	0.448275862069
0.119258693906	0.0163599182004	32	541	3	0	26	0.448275862069
0.119381311945	0.0163599182004	32	542	3	0	26	0.448275862069
0.119528037886	0.0163599182004	32	543	3	0	26	0.448275862069
0.119851492634	0.0163599182004	32	544	3	0	26	0.448275862069
0.119985305516	0.0163599182004	32	545	3	0	26	0.448275862069
0.120186489533	0.0163599182004	32	546	3	0	26	0.448275862069
0.12041038586	0.0163599182004	32	547	3	0	26	0.448275862069
0.120413916071	0.0163599182004	32	548	3	0	26	0.448275862069
0.120419630052	0.0143149284254	32	549	3	0	27	0.457627118644
0.120734006648	0.0143149284254	32	550	3	0	27	0.457627118644
0.121231371195	0.0143149284254	32	551	3	0	27	0.457627118644
0.121243061503	0.0143149284254	32	552	3	0	27	0.457627118644
0.121380493616	0.0143149284254	32	553	3	0	27	0.457627118644
0.121506448679	0.0143149284254	32	554	3	0	27	0.457627118644
0.121574564732	0.0143149284254	32	555	3	0	27	0.457627118644
0.121915091703	0.0143149284254	32	556	3	0	27	0.457627118644
0.122048221341	0.0143149284254	32	557	3	0	27	0.457627118644
0.122101118739	0.0143149284254	32	558	3	0	27	0.457627118644
0.122253907592	0.0143149284254	32	559	3	0	27	0.457627118644
0.122254955085	0.0143149284254	32	560	3	0	27	0.457627118644
0.122573335806	0.0163599182004	33	560	3	0	27	0.45
0.122749238149	0.0163599182004	33	561	3	0	27	0.45
0.122811243136	0.0163599182004	33	562	3	0	27	0.45
0.124287167674	0.0163599182004	33	563	3	0	27	0.45
0.12451132338	0.0163599182004	33	564	3	0	27	0.45
0.12497195242	0.0143149284254	33	565	3	0	28	0.459016393443
0.125009338191	0.0163599182004	34	565	3	0	28	0.451612903226
0.125017097705	0.0163599182004	34	566	3	0	28	0.451612903226
0.125266106043	0.0163599182004	34	567	3	0	28	0.451612903226
0.125339159362	0.0163599182004	34	568	3	0	28	0.451612903226
0.125406050204	0.0163599182004	34	569	3	0	28	0.451612903226
0.125749036414	0.0163599182004	34	570	3	0	28	0.451612903226
0.126055122845	0.0163599182004	34	571	3	0	28	0.451612903226
0.126299376971	0.0184049079755	35	571	3	0	28	0.444444444444
0.126704000679	0.0184049079755	35	572	3	0	28	0.444444444444
0.127067119032	0.0184049079755	35	573	3	0	28	0.444444444444
0.127115853858	0.0184049079755	35	574	3	0	28	0.444444444444
0.127257574884	0.0184049079755	35	575	3	0	28	0.444444444444
0.127348875417	0.0184049079755	35	576	3	0	28	0.444444444444
0.127354707533	0.0204498977505	36	576	3	0	28	0.4375
0.127362640202	0.0204498977505	36	577	3	0	28	0.4375
0.12740364081	0.0204498977505	36	578	3	0	28	0.4375
0.127721207652	0.0204498977505	36	579	3	0	28	0.4375
0.127776228559	0.0204498977505	36	580	3	0	28	0.4375
0.128278803424	0.0204498977505	36	581	3	0	28	0.4375
0.128368745533	0.0204498977505	36	582	3	0	28	0.4375
0.128635945388	0.0204498977505	36	583	3	0	28	0.4375
0.128657292743	0.0204498977505	36	584	3	0	28	0.4375
0.128756145135	0.0204498977505	36	585	3	0	28	0.4375
0.128971917752	0.0204498977505	36	586	3	0	28	0.4375
0.128983964256	0.0204498977505	36	587	3	0	28	0.4375
0.129197805829	0.0204498977505	36	588	3	0	28	0.4375
0.129403820473	0.0204498977505	36	589	3	0	28	0.4375
0.129524605578	0.0204498977505	36	590	3	0	28	0.4375
0.129672481922	0.0204498977505	36	591	3	0	28	0.4375
0.129777017115	0.0204498977505	36	592	3	0	28	0.4375
0.129895405266	0.0204498977505	36	593	3	0	28	0.4375
0.130241700523	0.0204498977505	36	594	3	0	28	0.4375
0.130387528617	0.0204498977505	36	595	3	0	28	0.4375
0.130779524311	0.0204498977505	36	596	3	0	28	0.4375
0.130940882212	0.0204498977505	36	597	3	0	28	0.4375
0.131672243721	0.0204498977505	36	598	3	0	28	0.4375
0.131717452815	0.0204498977505	36	599	3	0	28	0.4375
0.131724800365	0.0204498977505	36	600	3	0	28	0.4375
0.131832990363	0.0204498977505	36	601	3	0	28	0.4375
0.131863840334	0.0204498977505	36	602	3	0	28	0.4375
0.131888129607	0.0204498977505	36	603	3	0	28	0.4375
0.132663005502	0.0204498977505	36	604	3	0	28	0.4375
0.132686774933	0.0204498977505	36	605	3	0	28	0.4375
0.133013797771	0.0204498977505	36	606	3	0	28	0.4375
0.133084701027	0.0204498977505	36	607	3	0	28	0.4375
0.133123324021	0.0204498977505	36	608	3	0	28	0.4375
0.133227926218	0.0204498977505	36	609	3	0	28	0.4375
0.133259535613	0.0224948875256	37	609	3	0	28	0.430769230769
0.133298271085	0.0224948875256	37	610	3	0	28	0.430769230769
0.133418479357	0.0224948875256	37	611	3	0	28	0.430769230769
0.133420312282	0.0224948875256	37	612	3	0	28	0.430769230769
0.133489544237	0.0224948875256	37	613	3	0	28	0.430769230769
0.133669187419	0.0224948875256	37	614	3	0	28	0.430769230769
0.133743722632	0.0224948875256	37	615	3	0	28	0.430769230769
0.13386005901	0.0224948875256	37	616	3	0	28	0.430769230769
0.134351150531	0.0224948875256	37	617	3	0	28	0.430769230769
0.134916935029	0.0224948875256	37	618	3	0	28	0.430769230769
0.135075433788	0.0224948875256	37	619	3	0	28	0.430769230769
0.135177321781	0.0224948875256	37	620	3	0	28	0.430769230769
0.135415635851	0.0224948875256	37	621	3	0	28	0.430769230769
0.1354823501	0.0204498977505	37	622	3	0	29	0.439393939394
0.13549882586	0.0204498977505	37	623	3	0	29	0.439393939394
0.13576031034	0.0204498977505	37	624	3	0	29	0.439393939394
0.135881758019	0.0204498977505	37	625	3	0	29	0.439393939394
0.136333710988	0.0204498977505	37	626	3	0	29	0.439393939394
0.136520634625	0.0204498977505	37	627	3	0	29	0.439393939394
0.137380936085	0.0204498977505	37	628	3	0	29	0.439393939394
0.137394865076	0.0204498977505	37	629	3	0	29	0.439393939394
0.137529329808	0.0184049079755	37	630	3	0	30	0.44776119403
0.137942305864	0.0184049079755	37	631	3	0	30	0.44776119403
0.138197589116	0.0184049079755	37	632	3	0	30	0.44776119403
0.138869836605	0.0184049079755	37	633	3	0	30	0.44776119403
0.138926674118	0.0184049079755	37	634	3	0	30	0.44776119403
0.139386379167	0.0184049079755	37	635	3	0	30	0.44776119403
0.139990201425	0.0184049079755	37	636	3	0	30	0.44776119403
0.140243802106	0.0184049079755	37	637	3	0	30	0.44776119403
0.14042620373	0.0184049079755	37	638	3	0	30	0.44776119403
0.140917663069	0.0163599182004	37	639	3	0	31	0.455882352941
0.141898172388	0.0163599182004	37	640	3	0	31	0.455882352941
0.142004605507	0.0163599182004	37	641	3	0	31	0.455882352941
0.142015717599	0.0163599182004	37	642	3	0	31	0.455882352941
0.142550564872	0.0163599182004	37	643	3	0	31	0.455882352941
0.142916311418	0.0163599182004	37	644	3	0	31	0.455882352941
0.142933240471	0.0163599182004	37	645	3	0	31	0.455882352941
0.143187696223	0.0163599182004	37	646	3	0	31	0.455882352941
0.143253308686	0.0163599182004	37	647	3	0	31	0.455882352941
0.143274959849	0.0163599182004	37	648	3	0	31	0.455882352941
0.143282165659	0.0143149284254	37	649	3	0	32	0.463768115942
0.143321344409	0.0143149284254	37	650	3	0	32	0.463768115942
0.143323254771	0.0143149284254	37	651	3	0	32	0.463768115942
0.143539463188	0.0143149284254	37	652	3	0	32	0.463768115942
0.143838652427	0.0143149284254	37	653	3	0	32	0.463768115942
0.143961495657	0.0163599182004	38	653	3	0	32	0.457142857143
0.143995604114	0.0163599182004	38	654	3	0	32	0.457142857143
0.143997922675	0.0163599182004	38	655	3	0	32	0.457142857143
0.144121338274	0.0163599182004	38	656	3	0	32	0.457142857143
0.144302498716	0.0163599182004	38	657	3	0	32	0.457142857143
0.144889598451	0.0143149284254	38	658	3	0	33	0.464788732394
0.145110355672	0.0143149284254	38	659	3	0	33	0.464788732394
0.145333853992	0.0143149284254	38	660	3	0	33	0.464788732394
0.145393747297	0.0143149284254	38	661	3	0	33	0.464788732394
0.145586162909	0.0143149284254	38	662	3	0	33	0.464788732394
0.145624933198	0.0143149284254	38	663	3	0	33	0.464788732394
0.145883468021	0.0143149284254	38	664	3	0	33	0.464788732394
0.146099450085	0.0143149284254	38	665	3	0	33	0.464788732394
0.14629065856	0.0143149284254	38	666	3	0	33	0.464788732394
0.146590695695	0.0143149284254	38	667	3	0	33	0.464788732394
0.146732797361	0.0143149284254	38	668	3	0	33	0.464788732394
0.14679951123	0.0143149284254	38	669	3	0	33	0.464788732394
0.146849361385	0.0143149284254	38	670	3	0	33	0.464788732394
0.146920248824	0.0143149284254	38	671	3	0	33	0.464788732394
0.147297676576	0.0143149284254	38	672	3	0	33	0.464788732394
0.147298897039	0.0143149284254	38	673	3	0	33	0.464788732394
0.14822422468	0.0143149284254	38	674	3	0	33	0.464788732394
0.14860981705	0.0143149284254	38	675	3	0	33	0.464788732394
0.148727921603	0.0143149284254	38	676	3	0	33	0.464788732394
0.148850472239	0.0143149284254	38	677	3	0	33	0.464788732394
0.14888546928	0.0143149284254	38	678	3	0	33	0.464788732394
0.149302639163	0.0143149284254	38	679	3	0	33	0.464788732394
0.150212232032	0.0143149284254	38	680	3	0	33	0.464788732394
0.150364477672	0.0163599182004	39	680	3	0	33	0.458333333333
0.151045943285	0.0163599182004	39	681	3	0	33	0.458333333333
0.151082077637	0.0163599182004	39	682	3	0	33	0.458333333333
0.151249192846	0.0163599182004	39	683	3	0	33	0.458333333333
0.151277643294	0.0184049079755	40	683	3	0	33	0.452054794521
0.151551424706	0.0184049079755	40	684	3	0	33	0.452054794521
0.151718094955	0.0184049079755	40	685	3	0	33	0.452054794521
0.152218849774	0.0184049079755	40	686	3	0	33	0.452054794521
0.152704978369	0.0184049079755	40	687	3	0	33	0.452054794521
0.152829427172	0.0163599182004	40	688	3	0	34	0.459459459459
0.152831578331	0.0163599182004	40	689	3	0	34	0.459459459459
0.152879014099	0.0163599182004	40	690	3	0	34	0.459459459459
0.15367137323	0.0163599182004	40	691	3	0	34	0.459459459459
0.153906509544	0.0163599182004	40	692	3	0	34	0.459459459459
0.153909498267	0.0163599182004	40	693	3	0	34	0.459459459459
0.154060147715	0.0163599182004	40	694	3	0	34	0.459459459459
0.155229213874	0.0163599182004	40	695	3	0	34	0.459459459459
0.15532034112	0.0163599182004	40	696	3	0	34	0.459459459459
0.155393732418	0.0163599182004	40	697	3	0	34	0.459459459459
0.155804136594	0.0163599182004	40	698	3	0	34	0.459459459459
0.156411370604	0.0163599182004	40	699	3	0	34	0.459459459459
0.15666830873	0.0163599182004	40	700	3	0	34	0.459459459459
0.156729319206	0.0184049079755	41	700	3	0	34	0.453333333333
0.157226951678	0.0184049079755	41	701	3	0	34	0.453333333333
0.157455739608	0.0184049079755	41	702	3	0	34	0.453333333333
0.157761286166	0.0184049079755	41	703	3	0	34	0.453333333333
0.157852900638	0.0184049079755	41	704	3	0	34	0.453333333333
0.157939891489	0.0184049079755	41	705	3	0	34	0.453333333333
0.158409631066	0.0184049079755	41	706	3	0	34	0.453333333333
0.158467349846	0.0184049079755	41	707	3	0	34	0.453333333333
0.158535524602	0.0204498977505	42	707	3	0	34	0.447368421053
0.158552654185	0.0204498977505	42	708	3	0	34	0.447368421053
0.158708274457	0.0224948875256	43	708	3	0	34	0.441558441558
0.158762956483	0.0224948875256	43	709	3	0	34	0.441558441558
0.158787178771	0.0224948875256	43	710	3	0	34	0.441558441558
0.158908979946	0.0224948875256	43	711	3	0	34	0.441558441558
0.15908590754	0.0224948875256	43	712	3	0	34	0.441558441558
0.159282929254	0.0204498977505	43	713	3	0	35	0.448717948718
0.159680767598	0.0204498977505	43	714	3	0	35	0.448717948718
0.159800256191	0.0204498977505	43	715	3	0	35	0.448717948718
0.1599147266	0.0204498977505	43	716	3	0	35	0.448717948718
0.160209842382	0.0204498977505	43	717	3	0	35	0.448717948718
0.16074582139	0.0224948875256	44	717	3	0	35	0.443037974684
0.160753750966	0.0224948875256	44	718	3	0	35	0.443037974684
0.160764030284	0.0224948875256	44	719	3	0	35	0.443037974684
0.161248657521	0.0224948875256	44	720	3	0	35	0.443037974684
0.161249744088	0.0224948875256	44	721	3	0	35	0.443037974684
0.161915996124	0.0224948875256	44	722	3	0	35	0.443037974684
0.161963781653	0.0245398773006	45	722	3	0	35	0.4375
0.16197850284	0.0224948875256	45	723	3	0	36	0.444444444444
0.162062382717	0.0224948875256	45	724	3	0	36	0.444444444444
0.162263846341	0.0224948875256	45	725	3	0	36	0.444444444444
0.162323258651	0.0224948875256	45	726	3	0	36	0.444444444444
0.162700092074	0.0224948875256	45	727	3	0	36	0.444444444444
0.162701198724	0.0224948875256	45	728	3	0	36	0.444444444444
0.163039199152	0.0224948875256	45	729	3	0	36	0.444444444444
0.163111038177	0.0224948875256	45	730	3	0	36	0.444444444444
0.163423831734	0.0224948875256	45	731	3	0	36	0.444444444444
0.163614109473	0.0224948875256	45	732	3	0	36	0.444444444444
0.163887320914	0.0224948875256	45	733	3	0	36	0.444444444444
0.163948243343	0.0224948875256	45	734	3	0	36	0.444444444444
0.164012377692	0.0224948875256	45	735	3	0	36	0.444444444444
0.164029952441	0.0224948875256	45	736	3	0	36	0.444444444444
0.164150647927	0.0224948875256	45	737	3	0	36	0.444444444444
0.164159660268	0.0224948875256	45	738	3	0	36	0.444444444444
0.164193196563	0.0224948875256	45	739	3	0	36	0.444444444444
0.164219376123	0.0204498977505	45	740	3	0	37	0.451219512195
0.164463682595	0.0184049079755	45	741	3	0	38	0.457831325301
0.164489927531	0.0184049079755	45	742	3	0	38	0.457831325301
0.164531992321	0.0184049079755	45	743	3	0	38	0.457831325301
0.164837256858	0.0184049079755	45	744	3	0	38	0.457831325301
0.164848839601	0.0184049079755	45	745	3	0	38	0.457831325301
0.164850916247	0.0184049079755	45	746	3	0	38	0.457831325301
0.164925165821	0.0184049079755	45	747	3	0	38	0.457831325301
0.165029535587	0.0184049079755	45	748	3	0	38	0.457831325301
0.165080223249	0.0184049079755	45	749	3	0	38	0.457831325301
0.165247818444	0.0184049079755	45	750	3	0	38	0.457831325301
0.165522150946	0.0184049079755	45	751	3	0	38	0.457831325301
0.165522755631	0.0184049079755	45	752	3	0	38	0.457831325301
0.16555327132	0.0163599182004	45	753	3	0	39	0.464285714286
0.165620670493	0.0163599182004	45	754	3	0	39	0.464285714286
0.165635110954	0.0163599182004	45	755	3	0	39	0.464285714286
0.165674428017	0.0163599182004	45	756	3	0	39	0.464285714286
0.165816536591	0.0163599182004	45	757	3	0	39	0.464285714286
0.165891900781	0.0163599182004	45	758	3	0	39	0.464285714286
0.166076226852	0.0163599182004	45	759	3	0	39	0.464285714286
0.166705255743	0.0163599182004	45	760	3	0	39	0.464285714286
0.166831359934	0.0163599182004	45	761	3	0	39	0.464285714286
0.166896564635	0.0163599182004	45	762	3	0	39	0.464285714286
0.167452928137	0.0163599182004	45	763	3	0	39	0.464285714286
0.167599267703	0.0163599182004	45	764	3	0	39	0.464285714286
0.167683707357	0.0163599182004	45	765	3	0	39	0.464285714286
0.167683714436	0.0163599182004	45	766	3	0	39	0.464285714286
0.167811667106	0.0184049079755	46	766	3	0	39	0.458823529412
0.16786312732	0.0184049079755	46	767	3	0	39	0.458823529412
0.168091002078	0.0184049079755	46	768	3	0	39	0.458823529412
0.168104108556	0.0184049079755	46	769	3	0	39	0.458823529412
0.168257851232	0.0184049079755	46	770	3	0	39	0.458823529412
0.168421255458	0.0184049079755	46	771	3	0	39	0.458823529412
0.168431133709	0.0184049079755	46	772	3	0	39	0.458823529412
0.169001341995	0.0184049079755	46	773	3	0	39	0.458823529412
0.169633595976	0.0184049079755	46	774	3	0	39	0.458823529412
0.169699603971	0.0184049079755	46	775	3	0	39	0.458823529412
0.169835755082	0.0184049079755	46	776	3	0	39	0.458823529412
0.169862286609	0.0184049079755	46	777	3	0	39	0.458823529412
0.170121445704	0.0184049079755	46	778	3	0	39	0.458823529412
0.170182569784	0.0184049079755	46	779	3	0	39	0.458823529412
0.170309945057	0.0184049079755	46	780	3	0	39	0.458823529412
0.170392102893	0.0184049079755	46	781	3	0	39	0.458823529412
0.170629849228	0.0184049079755	46	782	3	0	39	0.458823529412
0.170633910201	0.0184049079755	46	783	3	0	39	0.458823529412
0.17075956025	0.0184049079755	46	784	3	0	39	0.458823529412
0.171097520063	0.0184049079755	46	785	3	0	39	0.458823529412
0.17120529878	0.0184049079755	46	786	3	0	39	0.458823529412
0.171297915387	0.0184049079755	46	787	3	0	39	0.458823529412
0.171342930101	0.0143149284254	46	788	3	0	41	0.471264367816
0.171432820514	0.0143149284254	46	789	3	0	41	0.471264367816
