cnumpy.random
__RandomState_ctor
p1
(tRp2
(S'MT19937'
p3
cnumpy.core.multiarray
_reconstruct
p4
(cnumpy
ndarray
p5
(I0
tS'b'
tRp6
(I1
(I624
tcnumpy
dtype
p7
(S'u4'
I0
I1
tRp8
(I3
S'<'
NNNI-1
I-1
I0
tbI00
S'\x9e\xd0\xfd\xad\xc1\x8a\x80\x95Q,\xdf\xf6\xd5\xff\xf4K\xfc\\\xd6/\x01\x17\xc82\x17\xddN\xda\xb2\xd9\xff\x0c\xf1Kf\xd9\xbe\xe0\x96\xaf\x7f\x1cW\xf9\xa4`w\x96~DF\xfdP\xeb1\xdb\xc5P42*H*\xe3\xf0\xc2\x1b\xbf\xb5c\xdcy\xff\xdc\x86\xef\xe0q4\xfdJ\xee:\x8f4\x1b\xfa7cun\xd3\x17~\xf9\x19P\xd5\rK&\xaf\xc02Is\x97\xe7M\xc6\xc8\x82b\xe5\xb9\xf0\xdf\xb1\xfb\x91\xe6\xa6\xf5E\xec\xdfy\xcc\xc7q\xf0\x1b\xe2\xd0\x10P\xf9X\x99\'\x98\x9b\xc6\xd2\x8c\x88\xd8\x14HC\xe4\xa3D\x19\xb0\xd4\xeavN\xeaS\xdf\xa5\xdd\x16e\xb1\xbdigh\x1d\xa1\xe7iTIS\x9f\xca\x17 6h$\xd4\x8eY\x80\xf3 *3\xa7\x93i\xb7\x12c\xf1\xa8\xb3\xa7{`\x8a\xa6Rw\xdc\x8b\x17\xb9I\x90\xa9\xda\x83\xdc\xc0E\x0f[\xaa\\\x95\xc1&]g\x95\xc8\xf4\xbe)\xc2\x94w<\xa3\x99,k~+hj\xda,`Pj\x9a\xf8\tLw\x1ddl\xc3T\xae7^K\x81\x19/\x01\xd6\x16Y\xf25\xc5\x13\xf9>0G\x0f\xdcd\xd5\xa3\x0c\xc7\xbfe\xfa\xe0\xdd\xd0\xdb\xd0$!\xda\x87\x1a\x19(\xcd\t\xbfu\x86/k\x1e\xad\x1f\xd7)\xd3\xa6\xa5\xc2\xb9\x8a\xb8]\x00\xf9\xfe\xc3[\x16\xefCM\x88s\xa9\x91>pa\xb2\x0e\xc8\xe0\xe8H\xbb\xcc\xc0L\'\xf9u\xda\xce\x19\x9d\xe1\xa3\xd7\r\xe70\xf3p\xa2\x19)\n\x82\x04\x80\x056b047\xbdW\xa0\xd4j\x1a\x92\xd7\xd3\x8e\xa4\xf1]9\xdd\x80\xd6\xfc\xaf!\xbd\xce\xd8?\xed5e\xb1\xc45P:\xf8A"2,\x9a\x0c\r-%\xcbX\x0eXq\xe1\x9f\xe7\xc3\xd6~\x00\xd8\xcc?\x1a&/\xb5\x13Wki\x1d\x8bj\xee\xbe\xda)\x8eh\xbb3\r\xba\x99\xcd\x0bm\xa9\x16\x12\xce;*\xee\xc4\x9f1\xe5\x0e#\x16\x03\xeb\xe9\xbd\x01\xcd\x81eIn\x9c\xe4.\x7f\x87q\xc8\x88\xeeoJ\x1a3\xf8T?i\xef{^\x88\x16\x95\xbf\x97\xf6\x96\x9e\xc8\xee\xcf\x08\xe4q\xd7\xc7Nc\xc8\x0c\xca4M\xa9\x14\xc9z,\x89\xef\xb5\xb1}C\xf7\xee\xcf47\xf2\x04K\x1a\nB\xc8\xb9\xec\xdd+-,\x1b0\xca\xde2\xc0\xe3\x97\xaeF\x83\xde\x92Vm\x18\xa3S)\x13/\x90\x1b\xe1\x86"\xac\xf7\x07\xeb\x1d\xf6QZ\x10\xd5\x18\xe0\x1a\xe5\x9c,Aq\x00md\x1f$2\x83%\xe6\x06k\xb2\x17\x1c(\xa7\xca\x92\xd5\xcd\xbcp\x8fK\x8ay\x1by\xcb\xd2\x84p\xed\x94\xec\xe8K}A\x1d[\xe5V\xfbS\xf6\xa5\xaf3\xe0\xe5\xab|N\x1dP\x9e\xf8\xa8\x8c\xa6\xbf\xa6\xf3^\x8e\x96\x1d^\x11\x1091\xde\xfe:\xc7}\xd9\x07\xb8\xf8\xa2*s5\x8d\x81\x7f\xcah\xef\xb3\xabfh\xcbS\x04W[S\x87\x16\x98S\x81\xb4\xd4\tHn\x1dv\xcd\xe0)j;j\xe2gM\xdd\xb8\xe5L\x1aR(\x8b\x80tD\xd4\xaa1\xcb\xf9]\x12\xebK\x9fgZ\xc1\x17\xecIP\x05\xa4\xba\x8d\xe0\xd1\x12\xb9\xea\x04\x8f\xdc\x0e\x06\x82\xfe\xcfa\xbcfH\xf6K\x1d\x8c\xed\xa5\xd9\x90\xa5\xf5\xcf)\x1c]\xdb\x89t\xe8-m\xfeC\xfa\x80\xa5\x02\t\xf5M\xd7\xd4\xd8\ts/f\x18\x1e\x8a\xad\xc5\x0c\x97\x82\x90\xe7\xeb\xef\xed\xb17\xe0\xf9\xc4\x0f\xa4?\xb5\xbf\x1a\xea\x80\xec\xffp\x82b\x96)\xa14\xabF\xf8cK\xea\xd4\x8c\x0e\x8d\x93\xd3AAh\xe0G\x87\xa2\xd9\x92gk\xa3\xfd\x8aPm7`\x90S\xf0q7W?\x96\xa0\x88os"\xa9\xb4\x1b\x1f\xf8\x00\x9a\xfb\xbd\x7fz\x81\x1dK\xf8lT\xaaW\xce\x87\x1bAT\x939\xf9\xe8wC9\xf7\xfc!\xc3m\xff\x8f\x11\n\x88\xe8\xc9\xc7\x1ee\x17\t\xbd\xbe\xcf=\xaa\xa8+\x9a\x15d;\x0b\x91\xdb\x0c\xff\x8e\x9f\xe8\xf9\x98\x08\xc0P\xfb\xab\xcf\xe6a\xaf\nA\xb7\xa43I\xb1\xb2\x9dR\xda\'\xb5\xac\x1d,\x13\x8d&\xadth/\xbdv\x9e\x95\x08I+T\xe3\xb9\xd5V\x8d\x9b\xee\x85d\xb8T\xbc\xc5[\xf42\x0c\x8f\x82\xc9\x97\xf8\xaf\xb0\xbe\xc5V\xfc\xa88\x8b\xfa\x93\xcea\xc5j\xb5[\xc9Z\x9b\x1c\x99\xe8\x8d\x97}]\xc4\xbe9\x83@\xe9\xc4\xaa\x9c\xbf_\xedq\x9d\x93\xd4\xd1\xcf\xbc1U\xff\x9b\xe8]H\xa3\x9f\xf8mo\x01\xa03`\x9860\x02-\xd5\xf4\xe1JI\xb2\xc3\xfd\x02FA\xfb\x8d<\xbd\r}O\xb7\xde\x85Y\x9d\x8a\xf2X\xc3C\xce\xe5\xb9\r\x9eP\xf0\xf6\x17\x9b\xa5\xack\x84\xe53\x8f\xce\xc8\x13\x03+\x1c\xf3\x8f7\t\x8c\x1d\xad[\xd8\xf0J\xb8\xcb\xa1\x91\xaeE4\xe5\xc1[\x13\xfeE\xfa\xa4|\xa5\xc3\xab*\xbd\x97\x836i\x7fk\xe6<\xd8\xd5\x82\xba\xc2s\xcaiG\xc4a\xec\x86\x9e\xb7-\xfd\xe2\x81\xd5)\x86\x821\xfc\xf0\x80\x172\xb0\x03\x819\xe9x\xe0\x10\xc4\xf8\x877\xfe9v\xd2\x95\xe3\xc2T\xc5\x96r\x93R.\xf7pU\xeb\x80\xc2{5\xd1\xf1\xe3\xb0p\x17!\x8b\xfa\xd7z\x03 \xb4UNPVi\x96\xccu\xcaG\x0bn\x87\x92\xb6@\xc0Z{s0#$\x18\x0e \xf5\'\xea\x88]\xfc\x08w\xf8\xaa\xf1\xc3\xc3p\xb5!\xd8\xde\xdc\xf1\x95\x08=.\x03\x01\x9d\x03\xb6\x15=\xc3\xe4\xdb\xa6\xb8M\xe8b#\x01G\x8e\xd3\xcb\xa7"|\xa0\xfc\xc2Av\xabx\x81\xb7\xdc\xdf\x18\x859\xd7\x94\nW0\xa1\xde\xd2\xbaD\xe3\xd5\xe4\x9d\xc9\xaecsq\x17WA\xa7\r\x99\x82!\x02\xb9\xd4\xab\x15\x15 \x15\xb5o\xbd0z\xda\xbe<!\x08qh)\xa5\xcec\xe88\x8f\x15\x07b\x05\xb6\xab\xa8\xef\x1b\x1c\x88z\xdf\xc5B\xca{\x0b\xb4\x03\xad3\xb0<h\x81\xa3\xd8\x9a\x89\xa66\xdc?]\xee\x1f{\x0f\x86\x8c\xc9\x1d\xb3\xedSG?\x95\xd0quu\x0c(\xfa\xedq\x0f\xfc{nf\xa9\xe5\x1eP\xdd\xb0:.\x88\x04\xc9\xec\xa4L\xca\xe3:\xa9\x88\xa1\x97\x14zI\xd0\x06\x9d\xf3\t\x18\xcf\xfa\xc3\x08\x8b)vQ\xde\xc2L\xdf\xd9z\xc6\x02D\x1dvOM\xaek\xbb\xaa?\x8d/\xaa\xa1k]\xc7\x8a\xf0\xff\xc9\xb0\x9a\'\xc4\x83\x13\xa4\x0e\xc5\x89"\xb8$\xe8\xa8\x17\xb8j\xf7\xba\x01)\xbc$^\x124\x10\x82bs\xce\xd0\xa2mFJ\xe1\xc0\xb0\x97\xd2\xcey+\xf73>:\x94\xac_\x14\xa6\x86J\x11\x1f\xa5$;\xec\xe2p\x19\x0c\x1bg\x9fA9QA\x88\x1f+oE\x89[\x9e\x9d\xf0\xa3\x8ac\xa0\xaa\x8bl\xe4\x91Q"~l\x92h\xe4\xd9r\x05\xa1\xfb \xd6]\xe5}\x19*2p\x1bE\x9c~\x8d\x0b\xd6\x15p(\x1bv\x8e\xaci\x14&\xbd\xbe\\\xa5\x9c\xfbu\xa2)\xdd\x96\x17\x02c\xfdm$\x81\x06\x8c\x9e\xaaM\xfd\x8eYa{u-W\xdb\xac\xe6\x7f\x91#\xfdZ\xdeT\x84\xbd\xba5\xce\\\x18t\xfc"lwpr\xc9\x0cP\xcc\xbc\x0b\xb6\x0f\xf9\xa2\x10\x8c\xce\x1c\x8dE\x07IWO\xd8\xeb\x9e\x9c\xe2i\xbb[\x909v\x1a\x9eM\xff@}5V\x16\x93"\x83?\xe7\xd4@SO\xdc\xa2C\xc1\xc3_\x08\xfa*\xf5\x19#\xb8\xba\xdb\x16*g\xf4R\xf2\x96\xd2x\x01\x02\xfe\xc9X\xb3/\xa2\xeaLfm!\xc7\xe1\n\x7f\xa2\xf1\xbe\x18\x1ck\xa3\xf5\xa6?A\x19\xf1U\xa9m\x11l\xbb\xecC\xb18&\xac\xe10W\x18\xce\xcc\xdc|7\x15Fv\x04i>8"\x00sx~\x1b\xee\xf0\x9e\x89\xc5\x10\\\x7fGd\xff\nT+(\xff& \xe7D\x8b|p\xa0e\xe6[\xdb\xa6U,\xb8\xf2\xfc"\x80\xb7\x17\x8f\xacX\\\xe5i\xefZ\x16\xec\xfb\xc6GE\x0c\xf9\x1ao\x13\xf0\t\x836\xb8\xa7"\x92\xe3\x8amz\xa5\'\xf3\xad\xb1u c\x88AI$Y[_Q\xef&L\xda\x0b\x90:\xa3\xdauN%\x8cN\xa7#\xbe[\'\xb5/\x9a\x1a\xfe\xe2\xd5\x1a\x86T\xd1\x9a\x80+5\xd2(\x96gG\xb1\xbb\x7f\xce\xbfq\xe4\xf1\xe5\xb10\xe4\xe2En\xdc\xf6A\xee\x0b \x06eo\x86I\xf8a\x90C\x80\x81\xdc\xfcK\x06\'\x18\x0b\x1d\xa4o6\xc8Y\xf5\x8f\x84\xe2\xbe\x94\x97I\xa6\xb22\xabF\x1ec\xe0\x9f7\xf1=y\x93\xc2\xe3\xfa*\x05\xcc\x01c\xa9\xcbSR\xc7\xd4\xe1\xfb~\xd3\xd8g\xc8\xe3\xec\x88\xd2cm\x98\xc7*h\xac\x8c\x9b\x13\x104^@\x9d\xdc\xab\xdd\xd1\x1c\x18\xdc\xc9\xc4\x05\xe8\xf5y\xc4q\x0b)\x1a\xc4l#\xf7*\x118\xbf\xaf\x18Q\xe5\x1b\x85\xe87\x9ao\xbd!\x0e \xdc\xd8\x10\xa6\xee(\x87m\x81\xd9\x8bL\x12t\xee}\x9c\xe1\xc2T)\x1d\xf1R\xe5\x1b\xe2Ygz^\x0c\xfa\xb5\x82\xdc\x8et\x85J\x80\x81\x99\xd8\x02\xdf\x06\x14\x13\x1b\xb6Y\x82\xcf\x17\x85 9\xb1\x17\xcd)`K\xb8\x08\x0f\\v?\xb7tIZ@WW\xc9 \x00\x8eY\xf0\xde\xc5\x04\x0ej#\xdd\x88\x93\xd8\xeb\xfeA\xf4\xc5\xfc+@\x1e>3F\xb1Z\xa0\xa8\x02\xc5\x13\x18\x8d\xf3k;\xad\x15\xa8U\xaa\xf8jJlo\xefi\x98-\x90e\xb6\x11(("\xa9\xf0\x05\xa9c\xd1\xdb\xdbl^\x98\xf4\xae(\xfe%g\xbdr\x8b\xea8\x18\x11\x85W8\xac\x90\xe4n\x16bk\xb9\x9e\xdd\x99\xd8\xb4\xc7\x17\xe7\xf6%\xc0iGAJ(\xd9\xb1U\xf5\xda\x85^A\x87\xd8f\xd6\xc4\xe6\x12\n\xd0\x17\xd6\x1e5\xe1\xf1\xf7q3\xa3\xb5g\xb0\xb6H\xbfi?\x90\xafG\xe9\xa8\n\xab\'m\xecv\xc3\x94J\xd9\xb5\xc5;poU\x8dI\xb9\xbb\x14\xe6Z\x91b:\xc9\xc9YCR:PC\xf7\x16\x8b\xb7\x9b\xcd\x86\x7f\xc9\xf1\xc2\xc0\xed\x19;~-\x97\xf0\x8as\xf1x\x16B\xa6\x11\xafM\xe7T\x92\xf8\x97\xb4\xa4\x94&|\xdf\xb4\xc4\xcd\xcf\x14u\xd9\x07.\x96\xb5,\xe80\x1c\x1c\x82ri\xd1\xc9q!\xf2\xb1\xda\x84\xdd@\xd9p\x88\xba+l\xf2\x08\x17\xab\x87\xf5\xe5[cB\xfb\xfa\xcc\x88\xf6\xa6\x8c\'b \xb1\xea%\x80%,(\x98=\x01\xad\xd7\xa8\xa1\xb1\xe3\xb1k\xfd\xc1cO'
tbI624
I0
F0
tb.