cnumpy.random
__RandomState_ctor
p1
(tRp2
(S'MT19937'
p3
cnumpy.core.multiarray
_reconstruct
p4
(cnumpy
ndarray
p5
(I0
tS'b'
tRp6
(I1
(I624
tcnumpy
dtype
p7
(S'u4'
I0
I1
tRp8
(I3
S'<'
NNNI-1
I-1
I0
tbI00
S'\xd9\xc5\xae\xc3g\xc4\xee\x83\xe404\x11\xea2\x05P\x88\xf6\x8a\xdbvj\xf1(\xbay\xb9\x91\xd3\x1b1\xab\x14\xdf\x8d\xa4\xaf \x1f?ye"7l\xda\xc0\xb7\xf9\xd4\xd3\xc7y!\x13\x8a\xdad\x87Cr\xc4\xe8\xab\x14\x11\xb5\x7f.\x95\x0f\x06d\x9e>\xc3\x8b\xc84\xb7\x10\x95\x83\x9b\xac\xf1:\xba\x14\n@\xed\xddR\x0ee\x0c\x89k\x90L\x07]\xd7(\x8b\x7fc\x1d\xd7\xe6M5\xaa\x0c\x8b\xa0\xd8\x1b\x98.\xe0\x8dr\xafm\x97\x01\xce\xb8\xaaw\xd6\xd5\xb74\\\\\x98.L4w4\xed\xae\x86mTw\xdb\x1a\x80\xaa\xce\xf0\xd2m\x88T\x1a\xa6\x12\xdb\x1d\x08-4"B\xd0%b\x16\xce\x0e\x84e\x90Q\x9e\xd7j\x128\x16v#\x9d\x9b:\xc3?\x85\x0b^A\x86\x048\xab\x032b\xc8\x1b\x14\x84\xd7:\xc4i\xe85]B-\x85\x89\xe7c\xa2pt\xd8W \x89"\xb5\xab\xb41F-\xef\x90C@U\xc0 \x97\xc5\x99s{\xf4\xa6\xef&\xc6\xa8f\xa9\xbd\xcbklM\xec\x96\xd1\x95O\xe7\x9f\xa2\x0b\xea|\xebS=;\x1b\xe5\xc0?Pb=\xf7{*\x04s\x8d\xf5P\x05\x0b\xf1\xad\xe8r\xedU\xc0\x17\x05\xd5\xf8\x99W\xfb\x1d$\xa7\x81\x0f\xf2\x99\xecC`\x86\x12h\xfa\x96\x8cE1\xbd1\x01\xed\xed\xcf\xf6\xb6\xb0?j5\xd2\x01e}+\x19\x94a\xd9\x9a\xa9\x1f\xfd&\x07\x9d\x15\xca\x82\xd3\x9b\x00\x00\x01\xf5\xea?\x07\x82\xb2\x03\xd6-t\xae6\x0e~\xf09\x16\xe0m\xfbP\xf6\x83Ke!\x8e\xed?!\xccye\x91I\x89\xd5\x18H\xc3j]O\xc8M/x0\xad\x97\xb5\xf2\xe7\x02\xaa*\xa3\xf1\x81*\xf1\x97\xc5\xb9\xa0-Z?\xcd\x8d*?\x85\xdf\xc6Qh\xeel51\xed\xdaj\xa2\x8d\xfd[\x01r\\\x93?\xddu\x8c<Y\x16Xj7m\x11\xec\xc3v"\xff<C\x8fh\r\xce\x81\xb6\x9ft|7M\x1c}\x11\xf9\xe7\x1b\x0f\xed\xc3(9\x83|\x95k\x96\xd2\xce\xa7\xf6\xe0\xc1\xcb\'\xb9\xbc\x1a$o\x90\xcc\xa5\xa96\xb5\x93\xb9`P\x1c\xa1\xf6J\xad\xeb\xd7\xb0\x18\x10G\xba\xbc\xd8\x86V\x11\xfa\xd7\xd8\xf2\xe2\xa8\xd1\xeca\x9fx}\x8b\x0feWJ\x03\x98kBN\xc7\x9a\x0b\x1cz\xdd\xb0\x1d\x10MV\\\xafm:\xd9a\'\xab\x02~j#\xf3\xca\xfe\x0f\x1e\xc4\xe2kj\x9f\xa3\xd1\x1f\xd9\xc4\xeb\x00\xc5{\xbe\xe7\xbcv\x03:\x10S\xbbD\xfdW\xd1hO\xfdF\xa2\x0f9mBcXi\xf6/\x94\xacZ\xc4\x0e=&L\x0b#\xe3\x82g\xed*\xee5q\xab\x1d\xe0\x05\x9bX\\%\x16\x7f\xf7\x8f$\xa9\x1ff\x84 \x82\xc0bPj\x87\xf6J\x17\x9dw\x8a[3X Y\x13\xecZ\xect\xc7n\xaca\xd8\xd1\x189G]\xd8y\xe1k|\xf6\x94\x9b@\xb1\xdf,\xb3\xa1\xd4\xfb\x8cy\xd5\xe8\xba\xe0\xf8\x8b\xd4\xe10\xc4\xd6CR/\xcc\\\xc31B\x99/\x13#\xba\x84\xde$\x1fcOD\xb0lF\xe1\x18\xec`\x19\xb4\xa8\x95\x80Z\xa8\x08B\xed\xe7\x8c\xdf\xbd\x95\xf7\xd5\x9d\x8a\x86\x15%\x03\xc4\xebK\x90$\xean\xa3k2\x0e\xf7\xb2\xec\xf7\xc6\x89\xe4Ly\xde\xc47V\x8c\x02\x16q.\x8e\x95<Y\x1cd/\x1av \xcbz0{\r\xd7d\xc9\x08[\xb5\\F\xc8\x8bV\x85U\xa7YSD\x07\xd1+\x06)\xdb\xf4\x88\xc5\x17\x96\xdb\xa2\xe9b"\xdc\xceo\x01\xe3\xcbg \xdfMP\xa5\x97\xb4Y"\x86Xe\xa5\xd4;R\xf1\xb3N\x87\xfaM\x92/\xc8-\x82\xdef":\x81u\x97x\xe4\xbd\xa9\xc3%\x92\x01\xea\xeb\xfb\xda7\xab\x02\x1c\x8c!+\xacK\xa4\x0fI\x0e\x07\xc4qg\xbe\xa5:_\x9a.\x0bqy\x9f\xd4\xec\x1b\x93\xdb^\xdfR\xbc\xab\xe8\x8c\x7f\x9a\x12j\xd9J[\xd6h\t(\xef?\xac\x87D<\xce\x18\x80F\x9c\x81\x1e(\x8e\xd9\xd6\x0b\xac%\x96 7\x87\xf8\xb4\xaa\x81\xc31\x0f\xf5\x89\xf5\x80B\x8d\x19\x9fxT\xb2\x9c\xb6\xf0\x01\xc3]\xcb\xd1\x19,i\xbf]T\xe59\xf6-\xbb\x98\xd9\xf2\xc4\xe7\x86\xc7\x95!>W\x0c\xa9\x84\xc6\xfd\xb7\xd8\xdc\xf9a\x88j\xcb\x8bB\xb8c\xfd\xce&3cy\xa3\x85\xe9\xaf/P\x1f\xc9\x1e\xbfX\xaa\x98\xa2\xe1\xa4o\x87\x8ea\x84D\x1ejV5\xb2\tK[\x9eS\x8cy\x94c|\xf0W\xb6\x98_\x92\x9d\xact\xecd@\xe3\x80\x8e\x8a\x0f\x1bM\xcbg\xca\xaf\xc9<\xb3\x01\xfe2\xb1\xbc!\xcd4\xcfLM\xfc-\x85\x92\x99\xcf\xd1\x07*\x18aG:M\xbd\x84\xe6S?\xed\\\xd1\x9aVw\xb0\x86\xe2\x92p\xc4LL;\x85\xbb\x15\xc5\xe6a\xcf\xc1m\xd1\xa7B\xaf6^Q\xb0v}X\x15\xd2R\t\xa9\x1f\x86X\xe7\xe7\xdfg\x18\x19+u\xe3|\xcc\x8c\x1d&\x85r\xe5\xed\xc9\xe3\x03\xc6\x8b\x19\xf5&\x8e\xc7\x80>\xb9QF}\x977\xe5\x0c\x94I\x966\x00\xcd\x9cKxG\r\x975#\xdbe\xb0\x87w>\x81\xc3\x80\xeb\\\xe7LL\xd2\xde;\xc6\xc6\x94\xc5\xf4\xf3\xad]\x93y\x81\xc6\x16\xa8\x9e*0\xc0\xac\x8d7\xae9I\x19\xf4\xdfMr\xdaDw\xdb\x164?\x86\xee\xa3\x93O\x06Lk\xc9\x06\xa7\x1d\xf8\x1c\x03\xbc\xf0\xa4\x1d^\xa3\x16\xa7`\xbb\xdb\xa6r\xad\x0c\x8a\xe6\x90<\xdbO\xab\x9b\xd7\x8a\x80M\x1d;\xf8\xd4\x97\xe3=\xe6\xf0\xda\x7f2<\xe7+}\x91{\x94\xd3\x16_\x8bL\x18\xe5D\xd9\xffL\x81\xff\x80^\xb5\x8f\xa0\xea\x9dn%k\xf7\x06\xbd\x1f\xeeG\xa1\xa4\xe1\xaf\xd8\xaa\xb2\xaf\xf3\x9b\xb9\'1\xc0%\xa6b\xfb\xe0cn7\xd4g\xcb\xf2\x86#\x99\xcb\xdc\xa3i\xa7:\xdc\xba\x07\xc9{\xae=\xab\xba(E\x0b\x94\x88\xe4\xb1\xaeCN`:H\xa6\xd3tsF\xd7h\xf0i\xdf\x17\xa9\xd7\xa55c\xbf]\xe1\x8a\xb1\x86\'\x9f\xb4\xb9\x11\xb1M\xad\x10\x00\xbf\xf0\x07\xd6\xb7\xe4\xdf\x9f\xbc\x16X\xfb\xf2\xd8_=M\x07eK\xc0\x11w\xe5\xf6a\x8a^[\x1f\xceNo\xc1\x81\xf4f\xa72k\x8d\x84~\x83\xb7\xe1\xa1\x96\xa0\xf8\x92\x81\xcea\x8b\x15S\xd4\xa0\x91f\x81;\xbaC\xbb\x80Q \x15>(KtS\x80\xb5\x1d]_i\xf4\x7f\x15i[c\x0c\x07U\xb4\x95y\x06\x8e|\xe5\xf8Y\x8a\x93\x85\x96\xbb\xb0D\xe6k~\xfe\xec$\x83\xd9\xd6;\x08s\xf02q\xaes\x01L}\x07p0\x05RRi\x16\xb11\xa6\xffIw\xadg\xfd\x8bwq\xe7\x0f\xc9\x8d\x93@\xc8*\xbd\xc5$\xb2\x17\xb3\\\xb1JS\x80\xd9\xd4\x91$N\xf5X\xf5\xaeX\xf2\'\xec\xb6\xc5~z$\xccO\x84\xc3\xf9\x1f\xdaxfD\x17t\x14\xe1X\xc7ot$1*R\xa2\xda\xa8]\x02#\xce\x0fE\x00\xdf\xa7\xfbu\x7fK\xb3\xa6#\xe3\xd68\xb2^\x1c\xb9f-\x88D\xfc\xf6\xb35\x16\x8b\xb6\xc5\x0b\x9aZ\x96\xc1\xf7\xb5\x93t\xba\x81 \xd6{\x0f%Yy>Lg\xeb\xe7\xe6\x18\x12|\n\xa9\xda`N\xd1\xad\xf7\xa1Zysi\x87Wty:\x1f\xb9\xe7\xe1\xa8_\x03@\xc6\xb0\xa3\x87\xd9\xc1=\xa1\xf5\x15\x1es7\xc1\xde\xff\x1f\x07\xfa:\x06\x19\x07#\x9d\xf1\x93\xb7\x9d\xd4\xa2[\x07\xf2\xeeZ\x03\x18Ln\xcf\xbd\xe6\xfeQ\x05}\xcbcE\x144\xb2\x04\x07\xea\xd8\xbclR\xd4\xa0\xc1\xa9\xf1\x08Y}^2\xf1?\xb7Z>-\xb0>\xbb\xd6+"\xde"\xb3\x7f\xcf@\x06|jY\xac\x84\xfcd8?_\xfe\xeb\x8b\x83.\xc7@,\xfaL\xa2\xa3\xb6\x87\x91h\x9a&\x90\xe1\xb6\xf4!\x12F+ \x8dz \x11\xe4U\xd2\xbb\xf5\xf0\x10\xa7\xd3\xea\x80$\x08Tk\xaa2\xb4\x11\x10\x95\xba\xe2\xd3RM>\xc2\xc8S\xe0\xd9!@\x9c\x80\xc7~t\xee\xae\x85\xd6Y\x0f:\x8c\xa5\x1bJ4\x0f\xc9\xb5N)\x01\xe1\xf35\xa4S%#\xfd\xa27q\xafB_\xadc\x9d\xaa)O\x17\x80\xeeT\x1a~\xec\xee\xf3_j\xc7\xa9\x0et,*W\x86\xee\x9eBH\xc3\t\xf3L\xb94U7\xb0\xad\x0bw8v\xc4\x07\xf3m\x12\xf0\x90\xec\xae\xda\xb7\xfe\x8a\x86\xeb\x89pQ\xccL\xc7y\xa1HJ\xae\xa1.\x83\xbabt\xf5\xd4\xe7\xee\x8b`V\x97=\x95\x07\x8a\xa2\xef\xa5j\x108\xcc\xab&M\xa8\xa0%\xb7\xc0\xd7\rj%w\x9c\x04\xf6\x0b+\xc1\xd2\xee;\xed\x9a\xee\xd2\x15\xc9\x95D]\x17\xd3u/t\xc2\x1c\xac\x06\x96]!A\x81\x82\xaa|=\x8bC\xa4t\xfdA)\xe5\xb3=\xa4\rC\x11\xa9z\xe2\x9f#rr\xae."\xe4\x01\xf7\xf6\x18\xe9\x90!\xba\x8cI \x13F\\\xaf\xe87\xf4\xde\x96\x1f\xd9\t\xa5)\xd69V\xb2\xa3\xc6W\xe9yZ\xbaP\xfb\xf9Tc\x06Rf\xb9\xe3S\x95\xb4\x12\xbbl1\x0bLa\xcd\x1a\xa3\xf2U\x86\xf7\xa8\xf2\xf2\xb6\x8a\x0fI\xbf]\xf1o\xff\xfcOw\x1f\x00\xe9\xff&@\xc3a\xf2I6\xd6\x8fqHj4\xe4\x058\x06d\x94BG\x10\'\xc6\xcf\xa4>ik\xd21\xea\xf1C\xa6\x90a\x94y<\x9d@Y\xfdFBK\xff\x01\x1b`@\xb2\x14\xc5r\x03i\xffG\x1a\x91\xb5dC\xca\xa3\xf3:\x18\x0c\xa1\xc9\x11O\xe2K\x8d\x1f\x0f\x80\t\x03{xF\xf7\xb5}F\x96\ne\xd9\xbb7\x90\xc3B\xd3\xe1!U\x99uu\x01\xb3>+\x81G\x17\xc6\xd4g\xf4\td\x92\xa5Z\xd6\xaeo+\xc19\xb0\xf0\x1a\x98\xf9\x9cl\x14\xcc_\x95>\xdbbL\xddD\xb2\x88\x0eD^e\x86X<\xcb\x8e\xc4\xba\x04/\x10HM\x84`F\\\xfb\xad\x95j\x83Xe\x04\x7f#\xc4\xc0\xdc?V\x12\xe1k\xf3\xa3\x8b~M:B\xd4\x01U\xea1\xaag5\x7f\x1cA\x0f)j\xf8"L\x8c\x86\xef\'\x06\x80\xb5Vj\xe0\xb3\x80\xfd\x88v\xed\xfa\xdf\xae\x05\x16}\x97Q/\xe0\xc4\xb9\xa9\xee\x8e\xa2\x00k\xa8\x19\t\xd2\x17\xc8\x8c{r\x89\xff$\xf6\xed\xb1\xaemrL1\x1fj\xd4\xf4M\xdc\x9e\xd0l5\x19|\x94\xa7A'
tbI624
I0
F0
tb.