cnumpy.random
__RandomState_ctor
p1
(tRp2
(S'MT19937'
p3
cnumpy.core.multiarray
_reconstruct
p4
(cnumpy
ndarray
p5
(I0
tS'b'
tRp6
(I1
(I624
tcnumpy
dtype
p7
(S'u4'
I0
I1
tRp8
(I3
S'<'
NNNI-1
I-1
I0
tbI00
S'\xa2\xf5\xdf\xce\xcd\xe4\x0b\xa6\x15\x90\xc6\xde\x1b\xf2"\x1e}\xeaZ\xd8\xa6,\xbb{c4\xb3:\xee6\x83\xc5\xa1v\xaa5\x05\xd8prZ\xe3\xe3\x8dd\x8f\xe7\xc9Y\x94F\x04\xd0\xc0\xff<=\x00S\xfas\x15\x00\xbc\x88f\x9f\x99\xb8wytw\x8aO\xdd\x1b\xec\xfd\x05\x19\xd3\xde<\x01\x862\x96\x9a\x98\xfb\xa4\x0e\xbe\x9d}Z\xe5\x92\x8co\xab\xb3\xc6\x95\xd6\xeb\xa9PF}\xbd\xc8\x8b\x1cd\xec\xe4\xae=\xba\xea\xb9\xcb!P,\xbc\x9e\t\\&zV\x81\xfbRtQ@li\x1d1R\xff\xd9\x98P\xf1Ft\xba\x89\x7f\x9e\xd9o||\xb5\x9bY\xeb\x12\xeeT\xb8\xb31\x19\xff\xf1\xcc\xae\xc2U\x18\xf1\xcf\x17<X\t\x8db\x9d\xceZ\xc6\x96\xab\\4\xc8\x1e\x87j\xc4\x9a\xdeR\xdcE\xb8\xa3#pL\x02.\x80W\xcc\xdf\x07\x95\xa9\xfa\xd2\xd8\xf2\xe6\xbb\xb7|\x9a\xe7\xbc\x88\x0ef\x13\x923\x0b\xbd\x07\x92\x94I\xbd\xca\x0c@X\xdf\xc0\xe4\xcft\xad\x04\x86YA\xdchS\x17\xaa\xff&\xe5x\xd6EN\xe9\x8f\xe1@\xa8}\xaa\x1f\xd1\x16\xb4\xcesD\x1c\xa29G:\xa2\x93\xdf\xcev\xd2\xd5\xbf)\xba\x8c\xd8\xe0\xf8\xc6\xf3\\:\xf4|\xca\xbcq\x83\x8c\x14}DV\xc7\x9c\xde\xd4C\x12\x1eh+c\x1b\xf4?JR\xde\xc41u\x01LA@\x83\xb9X\x92 \rr[7\xa4:\x82\xb8\x17\xe9\xab]\x1bD\x9aon#V/\xc7\xfb\xde\xdeum\x06\x80\xebG\xb4\x06\xcc\xab\x00\x01\xfbhM\x0fxn\xa0\x87#\x97\xdf<,4\xf9\xcb\xd9\x8f}\xb6\xaa\xe6\x8e`\x8d\xe9\x11\xb0_y-\xa5q\xfa\xe0\xd6\xc5K9\xf8\x8a\xda\xec\x03\xef\t\xd83\xd0D\x81\xb7\xba\xb1\x03\x1dS\xb5\x8cv\xf6eJ\xbb\x8b\xaa+\xa6M\xf77\xdc/\x9e\xfa\x06\xff\x15^Z]E.\xear\xe3vy\x80d\x0e,\xb6\xb5\x98\x8c\x92\xbe\xc9\xd2V\xf7\x95\xc4,W\x18\xfd\x87M\x0bIo\x1f\x16\x188\x88;"<\x11\xca\x8e\x11\x1eF\xd1\xf6\xad\xd3\x0ei\x9a\x87\x80\xff\x96\x99%\xef\xd40JaM\x94\x17/\x1f\x99\xc9\x8b\xefv\xc1\x14Q\x00\x98\xc5^z\x8b\x8e#\xe0z\x89a\xd4r\x1b\xda\xde}k\xcb\x07\xa0v\r~b\xd4\xa4FH\xcf\xe2t2\xa8\x16\xbc\xa0\x19e+\xe2\x92\xb9\xbf>\x973\xd6\xd388n\xa9\xf2/\xd5<\xb7;I\xc18\xdc\xe0\x03\x1a\xe4T\xee\x17\xb8\x83\x88\xbe\x9c\xd6\x93\xdc\xeae\xdf\x82#\xb2%n\xe4H\x17\xe3\xae\xf35\x81M\xda4H\x02\x0b8{\xbae5\xf1\x1a\x9b\x87z\\1\xdd\xce\x11\x9f\x1dT\xe9\xcd\xc0\r\x0e\x0f\x05\xcb\x98$\xe8j\x1d\x8bis\xed\x15\xaa;S\xf7;\x8f\xea\xc9\xa4x\x0c_\x90Z\rA#\xf0\x14\x1d\xdc\xdfQ\xca\x92\xbc\xc1\x92X\x7f\x96\xacX]4/g\x1e?6\x1e/\x94K\x9b|\x193\x03_@C\xdf\x1bbt\xa4\x1dj\x81\xc2O^\x14N\xa9\xbd\x1e`\xba[Q\x96l"T5\xddZ\xb5\r\x14\x17\x8b\xeaU\x99\xfd\x02gZ\x14\xbd\xcd#\xd3\xeaB\xa7\x97\xf3\xb4\r\xcd\xf9\x080{%\xf2\xcd\xad:\xear\xbe\x19\xb0\x85\xe2\xc55u"4D\xad\xebI\x88H\x0b|\xb0\xf5\xe9\xb4\xcf\xe2\x16As)\xa6\x8d\xc7\xf7\xdb`\xa9\x16\x7fISZ\x9a\x06F\xd0\xf1\xcf\n\x01\x11,\xa6)\xa8\x7f\x9eu\x0cr\x1b\xa5\x17\xcf\x85\xe9\xe0\xb8\xac@b~\x00\xbd@\x13\x81\x82\xf17\x91\xe3\x93\xc2\x0c\xaf\xdd\xe6\nkX\xaf\x90\t\xedb\xfdq\x13\x9bG@[\xc3\xf6\xf9a\xefe+W7W[t\xb3u\x8aD\xde\xde\x003\xec\xe6:\xf6\x81\xacS\x13?\xa0\xeb\x98a\xd1\x85\xbdk:\xe9\x1d\xf6\xf5\xd7\xb7\x15\x13\xcb-\xb5MWN\xc2>\xff5\xe7u;E\x9cQ\xee\t\xcb,22\x8aO/\xd8Sp\xc6\xac\xcd\xefG\x17:\xf87)\x9c\xa8Op\xf4]8t\x8f\xff21\xcbW\x84\x07\x9d\r\xd4\xeb\xa5\x1f\xe4\x90D\x1bvf\xb8\xcb\x7f\xe1\x9ej\x8b\xec\x84\rCT\x94\x94\xb2\x1a\xb0\x8e\xd0w\xd1\xd0#\n\xc0\x03\xcfs\xc0\xdcgz\x04\xc4\xd5\xe7\xf7\xc4\xc0\x10)-\xcb\x13\n\x0c\x9csF:\x02<B\xbc\x96\x9e\x180G\x84x@\xe2oW\xd8l\x8b\xf5k\xa2"\x9f\x9c\x17\xfb\x119\xbd\xfd\xc8JBp\xead\xb9\x1b\xa2\x89\xeeAk\x8a\x9e\x03\x15\xffH\xef\xf0\xb9\x9f\xfc\x8d\xfe{C\x1e\x9f0\xed\xf28(:\x9da\x9d\xd2g3\xfeJ\xe54\xce\x97\xe1\xdeq\xc1\xda\x0f\x82\x90c\xdc\xb1\x81\xa4\xedd\xf3\x1d\x04\x81>\xd4\xdb|\x90\xf1\x93\xc94\x89\xeb\x9d2\xb9\x10f\'\xa9\xda\'\x90\x9e\xf7\xbf\xa4u*\xcdD\x1a\xf5Br\xfd\x11\t\xb1\x0e\xdd\xabh\xec\xa3\xa3\xdexpF\t\xcc\xac\x02\xe9\xc9iXh\x88\xb01\x82\xfb\x00\'\xfdR\xdc\xe7\xb4=\x8f\\\xb5\xe7\x13\xe2\xaa\x1aa\\\xca\xb8\x8e\xf4\xf7\x7f\xf5\xd0\xd3\xb544 \xfa\xe1\x1a\x06\xa0c\x8e\xc35\xdb\xdd!o\xff\xe5\xdb\x98{\x19\xf3.\x80\xc5e\x04\xa7=\x10\xbf\x00R.\xfe\x15\x9d\x97{e\x0f\xad\x19,\x1b9\xce\x8cHC\xe8\x0b\x15\xd5\x8d\xac\xd5\xdd\xdf\r\x1a\xc3l\xa4er\x7f\x8fWnF\xd1\xa1\xdb\x92\xc9f\x92m\x93\xec\r\xdfv\xef#a\x91\xef\x1f~o\x9c\xbd\x90\x08\x02\x96\xce\xf0)u\x8b\x16p\x15p@A\xd4`#\xa4\xf9TY\xd3\x9ap\xd6\xbd\x85\xc5\xd3\x1a\xea\x0e\x03\xa7/\x00\x17\xdcD*\x9c4\x82\x80\x981\xd6j&\xbdE\xa6\xe2\xe6[\x8f_\x93\xb9\xc4\x9b\x0e\x99S\x0e&f\xc5\x93\x0c\x98\'he\xbf}~\x08\xe9\xb1\xbd+\'z\x1b\x87^\xbf\x13;\x99:\xebl=\xe6V\x0f\xc0u\xe0\x8c\x7f\xc4f\xb6\x13q\xcb\x8b\x10\x06\x17\xc3Lq\x97\xbe\xc7h\x8cgu\xd0\xafq\xbd\xa2\xdc\xc6\xc0\xf2\xb8\xed\xc0\x8a\x0c0_|\x95\xbf\xb1\xb4\x02f\xd7\xcd\x90\xf4\x89\x1e\x9f\xdc\x84k\xce`\xac\xf6\x93\x91\xdd1\xa9\xde|c|dM0\xda\x14\xf6\x95@\x8a\xbc\xdaH\x91\xeem\xe1\xa1\x97\x06\xb1\n\xeb\'\x81K\xfde\xf6HM\\Gz\xa9\xc63\xbe\x88 \xe5\x11\r\x9f\xd1\x01,\x85\x0e\xc3\xed\xf8\xabHy}+\x06\xael\x96k%\x85\xf4\xc8\xbdl\xc7[p\xe4f\x828k\x1fk\xb7\x159\xc1\x17\xe2\xc8\xc3TS\xbfy\xc0:\xb9\xc8\xc0\x99]\xf5\xcc\xd8\x15\x97\xcb\xb00Uqy\xa2\xa1\xbd\xe9t\xbfA\xa7\xbe\xd4\x07d\xcf\xb4K\xf2|\xae\x9a\x04\x12\x0cG/\x8a_\xe2:\xb8@B4r\xc6\xe0\xdb\xad\xbc\x0e\xb0&\xc6w\x06j\x11p/\xad\xab\xcc\xe1\x82\xeb\xe2\xbc\xaf\x19r26\x96\x18\x9d\xe1\xdc{[\xcaES\x82\xc1b\xc9\xb0\xe4\xeb\x81\x8b\xb6\x85\x8a\x07l\xc4\xe9zE\xfeUrv\x12U\x14\x19\xc0\xfaM\xaa\xd5:\xe7\xabk".|\xe7Y\xaa\xdaq\x06>\xccB\xd59m\xcd\xc6~\x93\xd3\xd9\xd9\n\xc4\xa7*\xcf\xa83\xd9\xf7\xebYN,\xf0<\xc6+\x02\xefi>c\xe7\xdb;\xdf\xfa\x9bK` g\x01\xc8\xe2;\xad\xb8/\x86\x01B7\xdd\xafnZ\xd2\x0e_\xeb\x19\x83aW\x9d*(\x841\x9c\x05%\x0f\x84\x04\x1d\xaerg\x16\x0f\xd0\xfar"\xd2&P\xefR\xd6\xe2\x0en\x89@\xc8i\x86e\xf6P\xa4uF\xf2"\xfeQ\x8aZ\x7f\xef\xc8\xaa\x81*/\xca\xbc\xf0\xaee\x11\xdf\x8d\x07\xce\xd94\x1b\x12\xf3\xee!\x11\xb6v^\x12F\x16r\x8e\xf0\x8e\xcb@1\xd4GU\xf1\xf1`|\x96\x8c\xc6CTK#\x05/\x15\xa1\x023\xd3Z\x84\xca\xf6\xcf^?\x07&3_\xc9+\xfe\xd3\x94\x87`3\x1b\xfa\xd4q5\rt\xe3]\xf7\x84\x15\xc7\xf9\xbe\x00d\nEW7}\xd72\xb4\x16\x96\xe4C\xcb\t?\xc6\x9b\xa0\xc7xqgK\xe78%\x10l|e\x11\xa8\x05\xa5\'IU4\xc8\x92\xdc\x17\t\xc8\xbd\x05\xbd\xe3\x9d\t\xdd\xcf1\x9f\xf6h\xf4\xcb\x9b\xf4\xcd\x0f\xe13\xfe\x8da\x1agJ\xe19\x19\x0b\xd4J$\xa9\xbd\xb5\xf8\xf4\x81)\xc5\xf5\x05\xf7;E\nS\x04\x0f\x02K\x1evr\xdc\xfc\xf9mu\xbb\xea\xc0^\x9e\xfb\xed\xf3\xcd\xb4\x1e\xa0\xb4V\x1e\xdbUrU\x8a\x94FZ`\x9d\xa8\xe5&{\xc5`\xc7\xf2\xd1O\xf07\x7f\xfc\xf8\t\x8e\xd6\x96\x16\x083R?\xbb\x7f\xd75\xe2\x02\xe6w\xf4\xb5\xa1\x87\x0c\x88\xd7\xe7\x86\x1f\xa1h\xd14\xc1\xdd5\x9eb\xda\xc4\x83\xb29}\xadF;\x9d\x94\xf4\xf3\xca\xf9\xbd\xe0\xc7\x1f\xe5\xf4\x0e:Q\x84\x0cY\xcc\x19\xee_)\xd8\xc5\x03\xa5\xf4\x02\x18\xa6W8\x83\xfd\xf4\x98Rmt\x8d\xde\xf5J[\x11\xd8:a%\xbc<&o\xff\xc2\xaf\x1dt\xb9}jU\xa0P\x89\xace\x97\xc9\xa6\xc0\xf7X\xf9\xd6[\xfe\xc55\xac9wG\xed9\xd0)\xd4uG\xf5\x06\xca\x9b^\x9f:\x08\x84n\xdelb\xefZwN\xa7U\xa4SO\x8bd|t\xf5#C\xc1\t\x19\xcb\xcf\xe2%\xed\xe71It\x82l\xa2\xff\xa1y\x1f\x8e\x87\xb3\x1b\x82\x83\xcf\x08\x9b^\x80\xf9\xd3\xbe\xc7\xef\x9e4z\xc3\x87\xd3i\xbc]\xcfR\x85\xa7|\xf4\xb6\xe4\xf5$\xdaPi\xe2\x9d\xbb\x06w\xca\x03\x95\x81e\xd5*\xdf\xe8t\\\xfd\x80f\xaf&\xc4\x8d\x859&\xcc\x9fct\xa2\x9f\xe9\xcc\x19\x95\xcb"\xd2\'\xb8\xd5j\xab\xeb\xee\x98\xd0\x14f\xf6\xe6c\x9e\xc6R\x19\x81\xb6TN`\xee\xa8)U\xbe[\xa7p\xc1\xe5X\x1e\x8dV\x15g\x13\x8b3\x08\xf2p\xd9\x08^}\xed\xa8\x14\xdfC\x9d\xda\xb8\xdeO~V=\x1dr\x86\rY7\xbf\x15\xc4\xbe\x13\xad\xc7\x82\xb1\x1a\xc7\xe4\xda\xe8\x1c\xd1\xe4) \xc6\xa6v\xd1,\x9e,X.\x16>0v3\x1d\xc6\xd0s\xc2:U2\xb5e_\xda\xdaf\xd0\xe3\xf2\x15\xc9G\x85y\xb0\xe9\xa42\x07\xffab\xf5Q\xbd2e\xcd.\n8\xc90Y\xf44-\xa3\xfb\xebc21+\xe5'
tbI624
I0
F0
tb.