cnumpy.random
__RandomState_ctor
p1
(tRp2
(S'MT19937'
p3
cnumpy.core.multiarray
_reconstruct
p4
(cnumpy
ndarray
p5
(I0
tS'b'
tRp6
(I1
(I624
tcnumpy
dtype
p7
(S'u4'
I0
I1
tRp8
(I3
S'<'
NNNI-1
I-1
I0
tbI00
S'\xeb\xc6z\xb8\xd7\xda\xbc\x87\x1aT\x0f\x9e\x03\xc7:0`n\xe2\xa5\t_\x8c\\T\xd4$\xe9\x84e\xc0\xba\xdfp\xeb\xf0\x05\x9c\xa3\x85\t\xb8z5\x84\xe4:\x8f0[&^M\x92\xc8\xcf\xde\xa9\x9a\xc2}\xa9\x9f\xb5\xe4\xf7f`\xc3\xf6\xc8F\xc9\x13\xe4\x0b{\xd5F\xc5\xfd\xbePq\x17\x19\xf6\xe7S\xe4I\x1cB\x17\x1eP1=\xd8LD\x98o[\x9e\xd5\x1e\xca\xbex!\xbe\xee\x84\x06\x83\x1b\xb7WV ;\x86C\xbeAvl]\xf0\x08\xe9\xfa\x98~G\x11\xd4\x0e\xab2\xdck\xc7\xc7\x98o\x82G\xa9\xccAn\xf3\xadA\x16g\xf8G3\xc8%\x8f\xe1\x02\xc8brm>\x1b\x0e\xe5\x1f\x9d\xacW\x1e\x9aE\x1dd\x84\xcfM\x8a\x85\xe0\xab\xaf"R\xa2\x82\xdd\x96\xe2\xa2C\x13\xe3T\xd5P\xf3\x90\xb87z_\xe4\x16\xfd\xae\xeb\xcf\xc9\xfaY-6\xa0\xf2U~S\x03*e\xf4p\x80r\xf5d\xbe\xa6\xf7\xf8\x0e\x80\x12v\xfai\xefYf\xb4\n\x1c\x102\xb3]+uxJ\xbaT\x0c\x8cz\xed[\x87\xf9\xcc\xe6]\xda\xf8\x05\xd8\x9f\xbeks\xdbG\xff\xc4<\x8f\xad|\x14O\xd6_v\xbb1 \xba\x83&N\xeb?\xb5\x1d\xfac\xb3s\x92\x0c\xe4\xdd\x82\xf4 \x86g\x9af\x1bf\rq\xf5\x1bB\x9b\x0f`\xe3\x9e5;\xfd\xf6" iZ\x9d\xdcZ\xcev\x8d\x877X\xdd\xc7\nC1\xf7\x95M\xce\t\xed\xf1\xda|=\x1e]\xe6Y\xc9\xd5G\xf0)\x9d\xf1\xf3\xe4\xdb\x1e!\xb9\\dl\xe0\x19\x0b<\xa5\xd0\x87\x1e8\xa5\x13\xb1\xe7\xd8\x0f\xc0\xc7\xd7e\tK\x86\xb5\x0c\xd1\xe9\xd2\x803\xf6\xd3\xcf^\xf0\x9c\xb9\xe7I\x9d\xe8 Lk\xady\xda\x1f~h\xa2c$\x81Mf\x0f3\\\x8an\x03\xa0\x8a\xde#\xc1oUu{\xc0Yvm\x12\xafT\x92\x03\x8ak[n\xbc\xf9?\x17\x12t>"\xd7s\xf3\xa1\x0c\x18\xbe-\x9c\xcc\x9c\xd9w:Sj\x1e\xa1wdF\xe2\\y\x99\xcf\x9e\xfc\xed\xc1\xb3\x88\xbd2\xa6\xda\xed`\xc4\xa5\xbb\xbd\xf6}\x9f!\x99\xea\xfb\x80\xab3\xbf\xf5`V\x80\xf2\xf2\x07\xdb%\x9e9NP_\x1eWRV\xb4\xe3\xd0\xb85)b\xe1\x1e\xd0\xd2\xa9\x14\xaf\x81\xc2\xf4_\xdb\xb2!b1}\xbe\x1a\xf7\xcd~\xbaY\xdf\xac\xff\xe53\xf1m\x17\xec,\x93\xa67\x0e\x04-\x16\xb8\x07G\x8c*i[\xbd\x88\x9eOy^:\xe8\x0e\xa9\x14\xa2\xb8\xbbT\xc3\xc8\x17,\xfa\tG$p{E\x9eR2\xf7\x11\x15\xdf\xf2\xa3\xd2\x89\xce6\xaf)\x91\x8c\x92&\xd7\x1ed\x02\x7f\xda\t\xf5HWwC\x1d\x95\xfc\nf\x91B\xd7\xdf\x1a\xdbbw\xdb\xbf8\xce\xa7\xee\xe1\x1a\xd4\xd2\\\xa6\xf8\x7f\xab\xe5\x13\xc3\t\xf6\xc1\xe9\xb5\x84}\xec\xc0\x0c\x08%\x0278\xec\xba\xc5\x8fM\xfc*\xa9Y<2\xfc\xe6\xfe\xa3\x80$qg6\xe8\xc91\xc1`g\xee2\xf8\xa8\x909\x97\x16\x11\x93F\x98B\xf4\xd2X6K\xc1\x8bd\xac\x17\xbb!\xb6\x87f\x0e\xc7\xca\x99\x1f\x87)\xa5\xa7\x0b\xbe\x8b\xf8Q\xa6\xe6\x98\xb8\xe8R\xf1\x9c;(6\x1c\xbd"\xe5\xc8\xf8\xb4y\xb8@\xa0[3A\x83\xf7\xb4\x96\x80/\xc9\xff\xc5\xabF\x1a\xd3\xb7M\xe3\xf3\xb4gsG\x05\x02\'\xcb\x19\x84Hq//\xeclc|\xc0\xd5}\x9b-\xb3\xf2\x08\xb7pLN\xfd\x00\xe9\x17\xa0\x90^\xd4Eww\x99;\xb2\x19f~\x81\xb7\x17%>\x08\x8a\xaa\x06\xbc\xbdU\x85H\n>\xda\x02~\xa3\xe5\xdf\xf0*\xb9\xea\x0cE\xa5\x1a*\x8a\x13B\xfb\x80Z\xb7\xb1\xc4\xcbKVw\x9d\x17\xda\xf8v\xf5\xdd\xed+\x0b\xb9ta7\nI\x8f\xdd\x1a\xd5,\x8b\xf8\xba\xc3\x02\xe1\xc3q4\xba\xbc\xc9%\x91n\x1a\xa8\xb7\x93\x82\xc0t\xc8v\xae\x07\x97\xdf@\xd5c\xf6\xb3\xbbd\xb8\xe7\xdb\x95\xa3\x8f\xdcg\x94\xe2\x9bg\x7fj\xe93;v\x80\xfdX\x82\x1dzw\xe6\x19\xce\x9b\x07\xf6\x18\x00\x92L\xf9m\xdfK\x1c\x9e\xe8A\x98\xb6\x17h\xe0`\xec\x07\xe4J\xca\xe0Eq\x06\xc7\x93\xf4\xdd\x88\x1fN\x17\xe4n\xeb\xe8p.\xf4\x88W\x0b\x87Z\x8dc\xddt\xaf\xe3\x98]\xa5\x12\xae P\xecg\x96\xcd\x1bwl\xc2\xf5\xd7i\x88\xb1\xcd\x16<x!\xa5\xce~\xea\x10\xd3pLc\xc8\xfa\xa6W\x007\x9aA17\x17\xe2\x9f\xfe\xe9\x12\xef\xa22h\xd1\x04r\x9c^\xcc\x92\xb7\x114\xd4"\xf3<\xc0\x9a<\xe2\x86\x02\x1e\xef\xa3t$\xda\x13\xac\xe9\xc2\xa3\x8bN=\tVVs\xc9\xda|w_,\x83}\xcd\xc3\x8c:\xa8s\xedv:\xffw"\xf2K\xee\xd9\x86\xe8\xcc\x92\xf1{H"\xce\x13\xe8d\xd9\x85\x0b\x15X\x9e\xd0d:\xb3\x8d.\x9b\xf0\xfc\xa7\xa8\x86\x99C0\xc3%\xdf\x98\x1d\x99\xeb\xeda:\xdbs2\x8bF\xa4\x9f8Ad\x9dB-\xe3>\x14\x85\x89\xfbL\xae\xba+M\xfa\x1dZ\x12y{\x80\xfe\xa1\xb52\xab\x88\xaa\xc8\xd6\xfd\xe4\xbe|$\x03&w\xac\xd1[3\\K9\xc5\x94\xadC&\xdb*-\x87\xaf+U\xe1?\xb8H\x96EVh\x12\xff\xa1\xea\xaf\xa3\xf2\xfb\x7fj@\x89O\\\x1d\x14\xf8C\x13\xbcT\xd9\xf7\x92\xa9\xd2D\xfdh$/^\x9ad\xaa\xdd\xbc\xa5\x12]1?*\xb5\x8c\xccl\xb37\xb9\x0c\x0c\xaeb\xd3\xfb?%\x9d\xc2\x93\x02\xcc^\xdd\xc1E,\xae\xa3\x998XZ\xa4u\xe66i)\xba\x01\x13"\xf8G\xd96U`a\xf0\xd9\xa1\xe7 \xe7Rh\x08\x9dc6\xe3x*\xe5\x07\x85\xc2n\x82\x1e\xbfFX\xe1\xdd\x1e\xf8\x87\xcd1\xcb\xd3\xbe\xbf\xa7\x0e\x93\xfd\x08\x15-\x08\xed\xeb^\xf3}J\x1b1\xbc\x95M\x87\n\xb6\xe0\x06N\xe3tX\xe1\xe3\x1e$%\xe4\xaa\xbdz\x1c\x96F\xc2\x8c\xc8\x9d\xcc\xa6:W\x8f\xb7v`\xe0\xdcu\xed((9\xf0\x88^\xe9\'\x978/\t5\x84\x04\x8a\t5\xe0\x05\xbf\xe5\xe5NGW\xbc\xde\'ec\x0b\xce\xd7Z\xcf\xde\x0e\x02y\xf8\x05\xb3\x98?d\x10\xe5\xe7b\xedV\xa9,\r\x85\xd7\xbbv\xfc~\x91\xd9\xce&\xa7~JlN>\xab\xae\xa8Oh\xe1\x0b\xca\xc8*V&\x14\xa876h-\xaf\xd4\x8c\'\xda\xde\xa7\x02`\x01\xacdoK>\x95)\xc4\x1d$\xa7\xb4w\x18+\x92O<=\x0eJ\xd04B\xbb\xdd;%\xc4\xe9T\x12\x88\x9bm/z\x13\xda\xed\xf3*\xae\xe5\xe8\xafye\x82\xaf\xc5\x12\x12J\xab\xbc\x97\xd6\xcc\x13J^\xdb\'\xdc\xdc\xa9\xe7\xbb\xa4\xe8\xf4a\xd7\xc8\x14\xb8\x03\x02\x1a\xec\t}x\x97\x89\x80\x02I\x9d\xfd\x18\x94\xca\xdf\xe3\x9f\xe7\xec\xec\x89G\xac\xbd\x19\x9d\'\\UK\x000\xab>>Ch*\xeb\xa5\xab\xa5\xcb\x9b\x1e\xf3\n\x97\xb0\xcd,\xb7\x92\xd0~RF\xef\xe9t\x8fQ%\xa0"\x1b\x97.lGmt$\'\xb6\xfb\x04\x07"\xdaJ\x01)\xad^\xad\xfb&\x14\xa0\xdd!\xe7+\x7f\x99\x01\xfe\x9cLy\x87a\xa4\xac\x18p\xc6\xe5-\x84\xe1\xbd\xf1\xb4\xf7\xad\xad^\xf0,\xb9\xac3\xe9\x1e\x8b\xcb\x15[N\xdf\xd4\xa1\xa2p\xd8)\x0eTx_\xd6\xf8l\x8a/\xba\x03m5I\xcbw\xd5\x0b_v\xc2\xec\x1fk\xfb#\xd8\xeag{\x81\xf4\xf5\xa9\xc3OR\xd0\x18\x01\xd7\x08KO\xab\xfbJ\xfdi\xc7\x06$\xd9>\xf2\xe5\xf5\xe3\x94u\xae\x1a\x0f\xae_\xfeG\x95\x96WI:E\xb0~NWZ\xde\xde"y\x14\xc7\xfe^\x14\x94\xbehp\xfd\x1b\xec\xee+E\xd6\xb4\xbfO\xc9O\xa4\xc9\x8f&\xf4\x99H\xbe\x8fN\xec}N\xc5\x8a\xb4qa\xe3_MU\xe9G\xd5O\x90\xb8O\x9b\x97\xb7\x02\xcf@\x9e\xad\x10\xdf@#\\\xaaO=\xea[\x07\x91\xfaF~\xd1\xb7\xd2\xdb\xf5\x8c\xf7%$\x80\xa3X\xff\xc0\xb1\x0c\x16\xc4\xaa#\x1b\xd6\x0c\xb2\x96\xbb\xbb\xa4\x8cH0\xa5\x13\xa7}w\xda\x83t\xf2\x0f\'\xce\xc4\x02\xc6$\x93\xbf\xca\x85\xbf6\xc0x\x9d\xa0\xa4nb\xc5:B\x1c*C\xdb\x87J\x1e\xc4\xf1\xc7\xe9YM\xdd\xc6i\x85\x16\x9d"~\xd2X*\xbb\xf0y\xb2\x9a\xd5J\xe2.\xd0\xe7\xdf\xac\x95\x87?\xf6eGx\\\x01\xc3\xa9\xa8\n\n\xa1\xcd\xb5}Tq\x93S\x95\xc3I\xa7\x8c\xa7b\xc5\xc3\xbb\x88\xba9U\x91\xf4\xfb\x8e\xd7\r\xc1w\x17\xdb\xbb\x81\x86\xac+\xb8_\xfd\xed:\xca\xf3N\x1a\x0c\xd5g9\x92\x87\xd4]\xd0\xc3\xfc\x9d\x1a\x06\xc2\xa8\xd0D\xf3k\x8fW\x06\x04\x83\xfe\xc0\xb3T\xef\xd9\xbau/!\xc3Em\x82\xef>\xcfe\x08\x88\x8c J\xf2o\x0f\xf8\x15!f\x1eg\x8a\xd8\xbd[\xbayM(\x06\x85D\xff\xe9\x98\x8ccp\xca\xc2\xf0\xbfG\xfc~o\\Hx\xf0\xbd\xe2g\xc5\xbd0\xb7\x1e\xa8>\xe8^\xb0\x0b^\x7f\xe7\xca\xd5k\xba\x17\xe8\x12\xa2\x16\x91\x15\xa7t,\xf3\xaeLr?\x8d\xfe\x90Y\xc7uG\x11\xc8\xba\x1b\xa3Zv\xae\x9af\xc3\xf5\x87\x11\x0f\xd2\xa4~m-b\xdb\xb9l7\xf5aK\x1b2\x1d\x18p\xe8\xe3EZ\xdc\\\x1a\x87\x9a)Z\xc17\xeb\xd0\xf9\xc7\x1ds@\x83\xb2ym\x98t\xfb\xb4\xdf\xceB\xc8\x8f\n1\xa2\xa0\rb\t!\xb28\xe1\xf9w81\xf9K\xe3\xe3\xa9\xa3\xfc\x07G:\xa4s\xd6\'\'{\x13\xe1\x0e\xd1WZ\xeb\xf6\xf5\x11|u\x19\x1f\x1aj\x05@\x05\xfc\x99Y\xb8\x06v\x16\x161=\xc3\xed\xfd\x15A%\x86\xb5pF\x8d\xc9#\xad:\x8f\x85{IK\x89\xf6\xd7\xf9\x18[Mj\x1c\xda\x915\x92kwg\xa2.\xf3\xf8\x1c\xff\xb8%S\xf5\xf0%\xad\xe5<\x88;O3\x9ck\xa0\r\x873\xc6\x92\x18\x86\x16\x8dy\xf1\x86\xa6\x8fUm\x13\xbe\x16\xdf\x16\x80\x93\x9a\xd0(\xa5B-*\xae"H@\xc3\xdc\x00\x10v\xa4\xa0Q\x89<\xb8\xda\'$%,\xa7\r$\x02\x7f\xaa\x1aPl\xbd\xe2&\xe4-\x04\xc0m&\xa7;\xa1\xe0\x1d\x88\xf7\x12I\xb1C7\xf3\x038\xa68*\xdb\xeb\xd5\x9e'
tbI624
I0
F0
tb.