# time 	 divergence 	 # of mutations 	 # IGC chances 	 IGC length 	 # IGC failures 	 Changes due to IGC  	 % change due to IGC 
0.0	0.0184049079755	0	0	0	0	0	0.0
0.000518195877092	0.0184049079755	0	1	3	0	0	0.0
0.00148088765255	0.0184049079755	0	2	3	0	0	0.0
0.00160417193287	0.0204498977505	1	2	3	0	0	0.0
0.00217121773939	0.0204498977505	1	3	3	0	0	0.0
0.00254818760158	0.0204498977505	1	4	3	0	0	0.0
0.003222717103	0.0204498977505	1	5	3	0	0	0.0
0.00349196173139	0.0204498977505	1	6	3	0	0	0.0
0.00355567308705	0.0204498977505	1	7	3	0	0	0.0
0.00367823735814	0.0204498977505	1	8	3	0	0	0.0
0.00383725658925	0.0204498977505	1	9	3	0	0	0.0
0.00422285094313	0.0184049079755	1	10	3	0	1	0.5
0.0042728822475	0.0184049079755	1	11	3	0	1	0.5
0.00434893816505	0.0184049079755	1	12	3	0	1	0.5
0.00442089817917	0.0184049079755	1	13	3	0	1	0.5
0.00448108513867	0.0184049079755	1	14	3	0	1	0.5
0.00456050899038	0.0204498977505	2	14	3	0	1	0.333333333333
0.00460563946003	0.0204498977505	2	15	3	0	1	0.333333333333
0.00485084451611	0.0204498977505	2	16	3	0	1	0.333333333333
0.00529637328812	0.0204498977505	2	17	3	0	1	0.333333333333
0.00568557316562	0.0204498977505	2	18	3	0	1	0.333333333333
0.00570727394744	0.0204498977505	2	19	3	0	1	0.333333333333
0.00577248763257	0.0204498977505	2	20	3	0	1	0.333333333333
0.00579910535645	0.0204498977505	2	21	3	0	1	0.333333333333
0.00586294861918	0.0204498977505	2	22	3	0	1	0.333333333333
0.00593484105513	0.0204498977505	2	23	3	0	1	0.333333333333
0.00635535206152	0.0184049079755	2	24	3	0	2	0.5
0.00636755093661	0.0184049079755	2	25	3	0	2	0.5
0.00645366692823	0.0184049079755	2	26	3	0	2	0.5
0.0064717674936	0.0184049079755	2	27	3	0	2	0.5
0.00658645130293	0.0184049079755	2	28	3	0	2	0.5
0.00706374799243	0.0184049079755	2	29	3	0	2	0.5
0.00707036724775	0.0184049079755	2	30	3	0	2	0.5
0.00709231634669	0.0184049079755	2	31	3	0	2	0.5
0.00736871726937	0.0184049079755	2	32	3	0	2	0.5
0.00755363817761	0.0184049079755	2	33	3	0	2	0.5
0.00800586516742	0.0184049079755	2	34	3	0	2	0.5
0.00832695070469	0.0184049079755	2	35	3	0	2	0.5
0.00832732219005	0.0184049079755	2	36	3	0	2	0.5
0.00881727702868	0.0204498977505	3	36	3	0	2	0.4
0.00909790189348	0.0204498977505	3	37	3	0	2	0.4
0.00943792086003	0.0204498977505	3	38	3	0	2	0.4
0.00970529385037	0.0224948875256	4	38	3	0	2	0.333333333333
0.00998966594555	0.0224948875256	4	39	3	0	2	0.333333333333
0.0100553001877	0.0224948875256	4	40	3	0	2	0.333333333333
0.0100868357503	0.0224948875256	4	41	3	0	2	0.333333333333
0.0101999155446	0.0224948875256	4	42	3	0	2	0.333333333333
0.0102282215879	0.0224948875256	4	43	3	0	2	0.333333333333
0.0102601140559	0.0224948875256	4	44	3	0	2	0.333333333333
0.0104817405663	0.0224948875256	4	45	3	0	2	0.333333333333
0.0107150341444	0.0224948875256	4	46	3	0	2	0.333333333333
0.0109886555578	0.0224948875256	4	47	3	0	2	0.333333333333
0.0110363994954	0.0224948875256	4	48	3	0	2	0.333333333333
0.0110891757167	0.0224948875256	4	49	3	0	2	0.333333333333
0.011149191067	0.0224948875256	4	50	3	0	2	0.333333333333
0.011623747419	0.0224948875256	4	51	3	0	2	0.333333333333
0.0116385610347	0.0224948875256	4	52	3	0	2	0.333333333333
0.0117416221588	0.0224948875256	4	53	3	0	2	0.333333333333
0.0118189675797	0.0224948875256	4	54	3	0	2	0.333333333333
0.0123020389717	0.0245398773006	5	54	3	0	2	0.285714285714
0.0123489307735	0.0245398773006	5	55	3	0	2	0.285714285714
0.0127779420343	0.0245398773006	5	56	3	0	2	0.285714285714
0.0129684859313	0.0245398773006	5	57	3	0	2	0.285714285714
0.0129711325537	0.0245398773006	5	58	3	0	2	0.285714285714
0.0132800405585	0.0224948875256	5	59	3	0	3	0.375
0.0134643587651	0.0224948875256	5	60	3	0	3	0.375
0.0135053497078	0.0224948875256	5	61	3	0	3	0.375
0.0141727377342	0.0224948875256	5	62	3	0	3	0.375
0.0142827376435	0.0224948875256	5	63	3	0	3	0.375
0.0145136422324	0.0224948875256	5	64	3	0	3	0.375
0.0146575061596	0.0224948875256	5	65	3	0	3	0.375
0.0148776878308	0.0224948875256	5	66	3	0	3	0.375
0.015007289405	0.0224948875256	5	67	3	0	3	0.375
0.0150395995625	0.0245398773006	6	67	3	0	3	0.333333333333
0.0156699061637	0.0245398773006	6	68	3	0	3	0.333333333333
0.0157576649467	0.0245398773006	6	69	3	0	3	0.333333333333
0.01627822266	0.0245398773006	6	70	3	0	3	0.333333333333
0.0164657120981	0.0245398773006	6	71	3	0	3	0.333333333333
0.0170030615881	0.0245398773006	6	72	3	0	3	0.333333333333
0.0170136872987	0.0265848670757	7	72	3	0	3	0.3
0.0171886484467	0.0265848670757	7	73	3	0	3	0.3
0.0172293860727	0.0265848670757	7	74	3	0	3	0.3
0.0176558519495	0.0265848670757	7	75	3	0	3	0.3
0.017836296269	0.0265848670757	7	76	3	0	3	0.3
0.0179015374554	0.0265848670757	7	77	3	0	3	0.3
0.0180639056818	0.0265848670757	7	78	3	0	3	0.3
0.0185273825108	0.0265848670757	7	79	3	0	3	0.3
0.0191679676808	0.0265848670757	7	80	3	0	3	0.3
0.0193100617852	0.0265848670757	7	81	3	0	3	0.3
0.0196524741881	0.0245398773006	7	82	3	0	4	0.363636363636
0.0201461886519	0.0245398773006	7	83	3	0	4	0.363636363636
0.0202495626237	0.0245398773006	7	84	3	0	4	0.363636363636
0.0204778626268	0.0245398773006	7	85	3	0	4	0.363636363636
0.0210003384148	0.0245398773006	7	86	3	0	4	0.363636363636
0.0211298905432	0.0245398773006	7	87	3	0	4	0.363636363636
0.0214790667359	0.0245398773006	7	88	3	0	4	0.363636363636
0.021573096024	0.0224948875256	7	89	3	0	5	0.416666666667
0.0217451425138	0.0224948875256	7	90	3	0	5	0.416666666667
0.0218335199002	0.0224948875256	7	91	3	0	5	0.416666666667
0.0218457064876	0.0224948875256	7	92	3	0	5	0.416666666667
0.0219529358305	0.0224948875256	7	93	3	0	5	0.416666666667
0.0219697310491	0.0224948875256	7	94	3	0	5	0.416666666667
0.0221601432191	0.0224948875256	7	95	3	0	5	0.416666666667
0.022252681405	0.0224948875256	7	96	3	0	5	0.416666666667
0.0223686944831	0.0224948875256	7	97	3	0	5	0.416666666667
0.0227066628172	0.0224948875256	7	98	3	0	5	0.416666666667
0.0228906172648	0.0224948875256	7	99	3	0	5	0.416666666667
0.0229433583152	0.0224948875256	7	100	3	0	5	0.416666666667
0.0234581328218	0.0245398773006	8	100	3	0	5	0.384615384615
0.0236498612891	0.0245398773006	8	101	3	0	5	0.384615384615
0.0248351889193	0.0245398773006	8	102	3	0	5	0.384615384615
0.0249487631381	0.0245398773006	8	103	3	0	5	0.384615384615
0.0251702037344	0.0245398773006	8	104	3	0	5	0.384615384615
0.0255906111867	0.0245398773006	8	105	3	0	5	0.384615384615
