cnumpy.random
__RandomState_ctor
p1
(tRp2
(S'MT19937'
p3
cnumpy.core.multiarray
_reconstruct
p4
(cnumpy
ndarray
p5
(I0
tS'b'
tRp6
(I1
(I624
tcnumpy
dtype
p7
(S'u4'
I0
I1
tRp8
(I3
S'<'
NNNI-1
I-1
I0
tbI00
S'A&\x8e\x93\xf6F\x92M\xc7\x80\xcd\x15Zg\xc3`{\xeb\xe6\x8fD\xfcg~\ro\x7f\xe3:\xa2k\x04\xf9FeAb\x8f\xc6\x89\xef\xfe\xffp\xe0\x94\x88\xcdu@\x12\xfak6\xb9\xdb\xba\xc2\xe6f\xa3\x9a\xcb\x8a3h\x93\x18\xffL( Ow\x13j\x9e\xc3\xbc\x97\\YK\x06\xc0\x89\x1c\xc7\xf6\xbf\x9b\x1f|\xcf!\x8a\x91\x8au\x9e+`^\xf5A)\xce+J\xbe\x07Y\xcb\xe8\x91f\x15\x9b\x92\x95\xff\x0ed\xc7\xa6X\x0en\xcd\xa5\x96Y\t\xd7\xf1H\xec\t[ \x95\xa6\x1c\xde\x10\x06\x98\xb4,\xdf\xc4V\xe9\xdf9\x80[S\xaafvH@Y\xf7\xcf\xe8(M\x15F\x86\xec\xe2{\x9d\xea\x9b\xaa\x12m\xd4\x8fN3\xce\xb1\xb7\x9c+\x04R\xd2\x83\x9d\x04C\x1e\x9c\xd9\xaaC~\xc2^{\xabN&\xff\xb9\x98`\x96\xd6o\x109\x07\xc3\x86\xb0D\xa9\xcaU\x1b\x8a\xb5\xc1G\x13m\x8d7\xa6s\xcb\xfa\xff\xa5\x07<\xea\x18|\xdf\xa5\xf8]\xf8\x157@\x92\x89\rp\xd9K\xf0\x10\xf9\x0e\xb2y\r;\x00LA\x1b\xa8E8\x9d\xf4V\\\xa9\xf8\xa9F\xed\xa2\x13\x8e\x8e\xf7\xb9\xa2\x88\x12\xec\xa1\xa3\x07\xe9\xb0{\xaf]\x87\x81\xb1G\xd0\xfd\xd3|3%\xd28-\x13\xa8\x0c\xd4Lp\xe5\\\xeaD\x81=\xf7\xf6\xb4#MfT)A\xd4\t\xf1k\xc3<~\xabo\xeb\xf4\xd6\x9ez\xd00\xf7\x93\xcb\xc3\x90\x13\xd1\x12\x18{\xdc\xe9\n\xa6&\x19\xfbq(G\x16\xf7\xf9\xe6\xd9\x10\xe2\xb8B$\x06R\xe3\xaea\xc0\xed\xd6\x99X{:\xc5\xee\xd8\xdb0b\xf6\x99\xc4\xbc\xbb\xa3\xc9\xc7\x1d$\x1fr\xc6\xfc-\x06_z2N)oX2B\x12\xf8Bn\x02\xd0\x05\xba\x06\x8f\x8c\xd6]\x0b]\x00\xc5u&M\xf1o\x7fh\\7Z\xf4\x82\xc6\x86\xbf\xc3\np\xa0\x08\xde\x94\xe5\x99\xe8C\xff\xaaW\xe1n@\xfd\\\x1f\x00\x91=\xcc\xd6\xf2\xef\xeb\x07\x98\xe2\xddC\xdc\xb3=CJ\x8f\x90[(B\xa8\xc8e7` ?0`1Ma\x0e2\xb4\xdf\'}9\'\x98\x82z\xb5Y\x8a\xb5[\x9d1\x97z\xb0\xb2e\xf1\xc1\x0c\xf1^\xc8\xa0\xefk\xa2\x1d\xb43\xa5\x92\x85O\x8e|8\xa2\x00Z\xd0O\xf8\xe9j\x14\xf3\xfam\xa9\x14>$\xfaR\xc9\x8b2\xbbk*G\x001\xca\xbe`\x10v\xf6#\x88\xfd\x1f\x85\xb6\x88\xe6\x92\x88`\xfbi\xb7\xbb\x9d\x94\x86\x1f\xfa\xf9\xcc\xb3\x82\xe3:\x19\xe1^)\x8dN\tPcfyA]\x01\xb4)t\x1f\xb0\xe3\xa8\x03S\x0c\xae\'\xb2"\x18o\xaa\xe0vx-\xe7\xcf\x02\x9ah\xcb~\x98\t\xb2\xbb\x96-\xdc\x1b\xab\xec\xe8\x1b\x80a\xac\xa5\xbe\x0c\x96\xb5\xacU\x1e\x9d\xe9q\x1c\xe3\xf4\x83\xb8\xcd!JF\x92\xb4\x11\x180Y\x8e\xa6\xef=\xc6oj\x0c|\xd8\xbds\xf1\x02\xab.\xaa\xf2\xad\xfag\xc3\x91\x11\x19,Fw\xcf\xa5\xec\xb8\xcd\xc9\xcf=nR\x860\x89\xa9\xa4\x986\xediUP\x85\x10m\xf2\x069\xbe\x8d\xb2?\xee\x9a\xfc\xc9\xafcT\x05\xdb\xde\xf1q\xd9([\xf5\x93$M?\xec\xdc\xa1y0\x0e\xb1Gi\xff\xb8\xc1\x18\xe3[*\xe2\xa7\x14\xfd\x1dD\xa5.LP\xb9lC\xd8\r7\x04\x10\xdb\x97q\xa3\xb3\xd4\x9e\x91N\xa9\r\x189\x1a\xda\xb2l\x02\x11\xbc\x8a\x9aVDd\xb8\xb1\xd2\xcayr\x8f\xa6\x98\x10\xed\xbcd\xcc\xe0\xe6u\x1b])\x83\x9c\xfce\x82\x97\xe6O\x05fz\x08\xb1\xe6\xb9\xb3\xadE\x81\x827\xe2\x19\xa1\xee\xd5\xbe\xceU\xb6\xb6\xf4/\x81\xe7\xe1u\x87o\xfc\xb8\xd4\xa5\xc1FP\x0e\xc9&\xad\xfd\x9f\x07\xa9\xa0\xcaW3nj\xfed\xb4\xcda\x85\xef\xe4\xd9\x7f\x89H\xd7\x0c,\x03\xe5\xefG5 is\xde\xe6#\x83\x8b\x18\xb2\x0bNz/\x90\x94\x04\x83\xbc=\x93\xe1B]\xfa\xa8\xec\xe6#@:B\xcfR\xaf[8\xb3\x8f\xf7>`\xfd\x004m\xf9hd,\xe4t\x12\xf6\x03\x0b\x91\xafh]\x86Opp>\xc2\xfem\x81\x01\x04v?g\xa8\x10;\xf7\x11\xec\xbf\x02d\xd8Kd\xc3\xceo\x17\x08EER\xd86\xb4[\x1aI\xac\xb4\xce\xcd\xb8{\x8cPX\xc4\xc7\xe6"\x981\x99T\xdeh\xff\xfd\x14\x12H\xa8\xe4\xa5\xfa\xbb\xb5|j\xdc\x01#\x8ch\xcb \x86\xc9\x19jyJrr@\xbc\xec\xdd\xc7\xf4\xc1\x97+\x80\xc1\xdf\xd3\xe9\x0c\xf1\x19\xbb\xd1k\x0b\x8a\xc6\xb8\x1b\xba\x1e\x1e\x01\xb5z\xb9\xe6\x81\x07X\x96n\xd5]\xe4&g\x12\x9f\x07\xe9\xf1n#\x15q-\x89\x9b(\x92~\xf3\xa3\xbca\x89#\x97h\xa1h:\xdc\x8f\x84\xca\x81F\xd0\xdf&\xd5g\x88\xa3\xb6\x08\x08\xbd\xa4;\x8c\xc7u!\xb7\xae\xce3\x0epG\xadX\x01\xec\xae\xcfyO\xc0\x9fQ\x821\xa2\x80|\x89\x0e\xd6\xe2\xb7\x08\xf8\x87\xf8}\xfc\x10\x06\x9cCJ\xcdL\x00\xbd\xa0\xb01\xa5\x83Y\x00\xea\x12\x80P\r\xfa;\x030{j(\xcfbe\xc3\xbe\xfd|\xf1Q\t\xaf\x83\xfc\xde\xd9\xe6\x07\xed\x82j[\x07`\xdd@\xf2Uc\xcb?k\x81|\x96\xbaaRP\x7f\xa7\xbe\xea\xfc\x1a>\x9d\x8a\xe87\xdf\xc7\xc8\x95i\x02R:TO\xf2\x9c\x92pF\x9a\xa2\xee\x8f\x98\xaa=\xc9|\xff\xaa\x18\x8c\xb0\xfbi$\xe4\xa0V\x81\xdb\xd8\xc4\xc2\xf1\xd6\xc2\x9fk\xb6\x15\xfbY\x01F6W\x00\xe3k\xfa\xb8/\xd0\x18\xae="6\x18\xeb1\x9cl\xd9\xce 2j\xc9\xd8\x1e\'\xf5\x80\x17\x15\xfd\xc0N\x16\xbf\xbe\x1cB \xfb\xd1`]4\xd1\xaf\xa3\x86\x0c\xad_\xd4}\x16\xe0\x82\xae\x0f\xfdq\xf6\x9c\x9e\xbe\x10d\xb4:\xf6\x9e\xac\xd1Z\x9a\xc8T\xdf\xb4\x1cHpm\xafF\xdd4_a\x86\xf0\xbe\xd8\xaa\x80\xd3\xf06*-\xfdl\xca\x9c\xe2\xd6\xc2\x8aN\xae\xb1r\xe7J\xcc.!\xafz\xd1\xb9\x95\xe5\xa4S+\xffY#\xfcr\xeb\x9co"\x9e\x12{ENax\x82\x8f\xfb\xb4K\xe4,0\xaa~\x94\x19?\xd5\xb6\xf2\x0c\x0eX\xc6\x07\xa3\xd3\x8e[\xc4\x85;\xe80\x1c\x00\x92\xa3^\x9a \xdf\n\x1b;\x9e\xa2w\x9eR[\x0b\x17|\x89\x98\xa2\xab\xf1!&\xab5\xb3\xff\xf7\x1e_\x97\xc0`1\x04v\xd9\xca:;9\xd7\r\xb9`PP\xd4e\xd0!\xa5I\xd7\xc7\xb9\xe3\x8108\x07X3\x88~\xcdOA\xdd\xfa}&\xc1\xe7\x8c\xf6/`\x12\x98\xd7\x8b\x91x\x1c`P\xff\xe6\x99\x93\xb4\xac{z3\xd8\xa8v\xc13_\x85\xfa<W\xb4{\xec\x10\x95\xd3\xe6\x84\x90E\x93h\xe2\xf4\x90Z\xa6\xb2\xdc\x1c\x86\xe9\xd3p\x8f\xd1f\x81w?\x84#\xc3\xcd\xc5\xbf\x90\xa1F\xc9\xc1\xbe\x8b\xf3m\xdf\x89\xc9[d\xff\xad\xdb\xd6\x17\x80\x16p\x9f\xdc\xb8\x84\xd3\xe5f\xe1\x93\x0f\x8bK\xa6$\xb8\xe1z\xfe\\\x05\x13q\x9b\x85u\xc9\xae@TGl9:\xa3\xa4\xb8\x89i\t\xe0we4\xe5\xcc?JN\x04\xf0\x15\xf8\x9cV\x97\xd0\xff\x18^\x89=v\x80\x13\x1a\x1ee\xf4\xf6\x95\xe1\xce;7\xecT\x93\x92Tx^_\xa7\xf5\xe3\xfeB\x80@n\xe0\x19\x0b\x17(\x98\xbeU\xcd\x16\x06\x05G\x06gy\xdfe\x19;H\xa4\xfe\x949\xba\xf4aH\x82\x18sC%L\x9cQ\x1e\x19u\xf3 Zf~W\xa8\x93\xdd1$\x85\xc9\xbf\x9e\xa6;&q~\xd1\rl\x81\xe73?\xec\x86\x1aH\xa7`\xc4\xf0\xdb\x87|p\xe98\xe89\'\x9dO\xf8o\xc2\xefZ\x9e(\x91^\x98\xb7\x82\xe4]\x97`\x81`;\xc1)c\x9d\xb7\x0c\xba\xd9\x0cW\xe07\xaf<FxG\xc4\x08Y\xe6\x1c\xb8>2\xe1\xd2\xef2>\xab\xdf=c\xa9\x10\xd4\x94qct\x87\x88\x8d\xa8\xbb,3Lvr\x90t\x07\xe8\x98\xcd\xa5\x9b\x84f]\\\'\xc0\x07\xbb/\xe2\x05/\x92\x8c\xf9\xee\t\xffx\xb5Cv\xae?fZ\x19\xa7G\xcc\xad\xf3\xda\xa8i\x0e\xa6\xb4\xca(\x91\x920\xc4\x9d\x0b\xa8E\xda\x1d\xe5\xe3Ra9g\xa0\nl\x9bh\xb8\xf0\x05m\xfdY\xb1`&GJ\xf7\xc7T\xf6\xfd\xcdT\x8aW\x80\xd9\x84!n\xac`%\xc6\x8b\xbb\x80y}$(\xbd\x1b\xb7\x08\xa2\xf0~)\xd7\x02\xe4(\xb0\x8a_v$9\xa3\xbe\xc8\xbb\xcad\xf5>\xd8=+7o\x01\x9c\t\x8c\xe3`Yoq\xd4\x97Xk\xadeM\xb7d2i\x08\xb3U\xf7\x0ck\x17\x00ET\xcb\x96D\x1eZS\x95\xa9W\xb2\\3\xbef\x92fK\xd7\xa24\xb4N\xdf\xca\xdf\xf9!\xeb\x04M\x16`\xcf\xc9q+\xe4Y\x8a\x87IN\xc7\xe2_\xd7\x90\xe9\xb5G`Oz\x96\x99*\xcaCA\xc4\xdd\\\xd0\x1c\x13\xfd\xe7\x19\xbb[\xc8I\xc9#\x1ds\'\xf4Y\x89\x0e\x8c]\x1f\x1a\x86c\xb3\xec\x84\x8a\x88\xd8\x1d\xba\xe0\xce\x15\xaazX\xa3\x80S\xdd\xc4\x7f8\xc6\xe2\xbd(\xc0\xfa\x9d\x02\xceL\x04\xb60\rk\xa9>\xf2\xae\xa0%;\x8f?\x94\x90\xfer\xd7\xa9\x14\x9d\x86Q\x8d\xbe-y\x15\xda\xbb\xf3\x9e\xca\xa3,\x9f\x1aI\xe3\xd5x\x00T\xb5\x07\xab"\x13\x01\xbe\xcf\x84\x88\xe5\x9eK\x05)\x1c\xe8\x1e\xdc\xc8\x0b\x89\xc6\xd7\x1fP\x9f\x12l\xb7~\xdf\xd0)(c\x06\xb9\xfc\xc8\x83\x03\xc0u\xea\x05\x99\n\xb1\x89\xab8\xda\xe3\t\x05V\x82\xb6\x1e! \x1ay0\x91o\xe3\\\xb8-)\x1a\xeaa\x86#\xb5\x03\x91\xbc\x1a\x12P\x91N\x81\x15;f`\x8d\x9c\'\xf7\xc7\xe9\xbf\n5\xc6\xe9\x92\x08+\xb2,\xf7H\x9d\xbdJ8\xfe<\x96\xf2\xdb\x12\r\x90\xa0\x85&\x0bw6\xe2\x0cO\x1e~V\x10o7\x9b\x89\xfd)\'\xe0\xc3\x9d$%\xc4/\x1b7\x0b\x17\xc7F\x05\xb7\x00vu[}\x8c\xb1\xce\xe5\x9b\xf5\xc0N\x048U\xc6\xcf\x06\xdd\x90Q\xd5n\x82\xdb\xed\xa6 \xd8UX\xa9`\x8b\xde\xeaO\xcc\xb6\x1c\xdbf\xb4L\x94\xf1\xd3\x07F\xaa\xce=C\xc8\xe2Be,\xfb\xcb\xc4%\xdc\xb8\x8d\xa0ua\xcb%\x89\xae\xe4y\xabY\xd5\x91\x8b\x9fe\xb9\x06r\x1f\x82\xbd\xb9'
tbI624
I0
F0
tb.