cnumpy.random
__RandomState_ctor
p1
(tRp2
(S'MT19937'
p3
cnumpy.core.multiarray
_reconstruct
p4
(cnumpy
ndarray
p5
(I0
tS'b'
tRp6
(I1
(I624
tcnumpy
dtype
p7
(S'u4'
I0
I1
tRp8
(I3
S'<'
NNNI-1
I-1
I0
tbI00
S')5D\xb9\x8cFG\xc7\xca\x05#\xc1\xea\xa2R\x17^^4\xa1\x8f\x97\x1d\xf1\xb2\x10\x1brL\x0c6\xbdj\x14\x08\x97\x13\x87\xe9\xbe\xaf\x82\xc6O\x04\xbaNts_>\x06\xce\xdaBE,\xac\xeb\xcaM)!\xeb\x04\x99Bk\x99\x1c\xbcB\n\xc3\x1f\xaa^|6vY\xda\xa3\xaf\xf5\xc1W*\x96!\xf2\x0b\r\x802\x88\xf9nx\x06\x97\x83f\xca\x81\xf4?\x8d\x80\x99?{\xae\xda\x06C\r\xdf\xfb\x84\x16\xe3RP\x16;9\xd3\xde\x1c\xf2\xees\x1e\xd4\x90\xa1\xfd\xfa&\x10\xaa9\xee\xe5J4\xaa4\x0fz\x02\xa5\xc32\x93\xb32\xa2MC\xfd\xc0\n\xadV\xee\xa8\xe4\xf0nW\xc3\xd5\xaa\xad0\x11\xe4V\xf5\x7fb[\xdcV\xaa\x9b\x1c\xf6t\xac\x88\x1b/\x9a\xf3\xa26Ch\x06\x16B\xee\x08\xcc\xeb\xbcg\xe8\xd6\x9c7\x84\x8a\xf7\xefs\xe4\xe7\xd3\xef\xbb*v\xfe<\x14\xb9\xf9w=\xcca\xa2e\xbd!M5=\x95H\xcd\x87%\xb0\n\xfb\xa3\xefn\x1c2*\xc2v\x1dp<\xb8\xea\x81\xe9X\xc1x\x1c\xfe\xf9\x1fm\x93\xccT\xf1Ss\xeb\xfdBo\x92\x93\xc7\xcdy#\x0cq{%\xae?\xb0\xdaI\xff\x9b\xbf\xf1\xd9\xb0\xbb\xa1)6\xc1\x82\r\x13!O\r+\xa2l\xe6\x0b\x8el\xc5v\x03\t\xdf\x89\xde%`(\xf8#\xa5\x1b\xab\x87/1e\xe8o\xacE\xa3_S\xf4\xe0\x87\x9b*\x07\x85\x15(\xc6[@\xcf\xf1\xce\xc7\xbd*\x13,\x1e\xa4\xad\x1f\xce\x8e-\xc3\x95z\xb6\x15OF\xdfUE/}1S\xdd\x1aj\xa5Y\xd1e\xde\xe9\xe6\xc1m\x16\x06*\xc6m\xd2B\xdaU\x17_v\xbb\xdc\xb2\x08\x8dT\xd5\xea\x06\x16\xac\xe0\xfd\x91\xc0N\xc11\x17\x1f\xcd\x1e:\x84\x14r\x01\xf3R\x80\xac\xdb\xba\xed\xd4=\xa7*\x1aiRe\x8c\x84"\x1a]\xdd\xc2@\x93\xc9\xb0\x96_\xa8\x0f\xee\xb7\xa4nH\x83\xef|\xe9\n\xd2,\xae\x030\xd0\x88|B\xd6\x08@B\x81[\x93\xfd\xff\xcd\xa0\x83P\x0c\xb0\xf3\xee\xb78a\xbc\x86\x9d\x14.o\xa7Q*\xa3S\xa7\xa3\x0b2\x94\x1ai:\xa7\x01B\x9bB>\x94\xd5_\xaa\xaa\x08\x90[\x1a\x11x\xba\x9f\x05\xa7\xc2^\xd1S\xa6T\x88\x13\xfa~\x0620\x90\x92\x8c\x81\xbd\x1f.\x9b\xba\x8a~\xf66\xd1\xc9\xcb\x86\x7fiq-\xb2v\xaf\x82\xe7\xab\xe1\xd1\xba\x17xz4\xe9O\x8e\x93\xcf\xab\xc4\x1a\x8c\x90\xe1b\x7f\xb5\x9bC\t\x8d\x10\x84<|f:\x0c:\x87a\x9et\xe8\x94\x15(D\xccl>\xe8\x0c\xc6\x9d\x16J=k\x98k\xe9\xc2\\\xf2\xc4\xa9\x86QHa]\xbf\x7f\x99\xd4\xb8\xa4H\xfe\xf6\xba\xbd\xd4,\x16D\x9e\x86\x18"$\xa4\x01\xa0E\xe5\xf6\x90p\xae\xdf\xe4\xfd\xb9\xf5\xad\xda"\xc6\x10DJ\xb5\x10\xc5\xb5X\x85\xbeY\xc0u\xee\x00C\xa7\xb8\xb7F\xe7\xb7\xdfM\x13\xd2"Urrr\x17A\xd2>\xfd\xe2x\x8b\xe5ti\xcd\x87]k2\x04V\x18:^\x1ch\x86\x0e\x96 \xd6\xebv\xb4\xe1l\xcd\xe6\x99t\xe3\xba\x19\n~o\x00<\x15>\xf1g\xcb\xc7\x0e\x01\xf0\x16\x1a\xfc\x13wl\x9e[f#\xce\xb9\xa7hXD\x8d\x0f\xca\x0fq\xb5\xa1\xb4\xac\xd3Q\x1e\x8e\x8c*"\xdf\xfe\xf7\xb3T\x19\xab\xcabt\x99\x8f\xd7\xed]*\x8f\x95\x1ba8\xf2\xe3N\x0e\xd1\xb0\x01{ \x9f\xca<\x99\xc4\x9cl\xc63\xf5Z\xd5(\x07\xb1\xdd\x94\xb7\xc6\'\x0c~\x171X\x94\x1b\x7f\x81\xba\xf5g\xb3K_f\xa1\xe1\xa6\xb0c\x18\x89/\x97\r-\xb1\xc6\x81\xd3\xf4W\xe5\xd4\xd0\xfem\xa3\x18v\xdf:8\x84\x18\x8f\xad\xe5\x8e\xf4ho\xee2\xb1\x80AS\xa5>{K\xca\xcb2\xdf\xbc\xd5d\xc2\xa8E\x95\xb8\x04&A\xf1\x1f&\xec>5\xa5\x1e\xad\xbd\xb9\xf3\xad\t\xbbr\xdf\x05\x1d\xa6\x01\xd2\xf1\x14\x9b\xf8\x9c/>\x0cJ\x85\xcafl\xe4l\n\xbb\xd6\xd8\xfd\xf74]\xe6\xd2\x80\xdaa\xed[v\xdfWL%\xd6\x94\xe8\n\x0elH"\x11\xfaY!\xa7\xfc\xf6\xcf\xb8{GI\xee(2\xf8\xf4\xd7\x89\xb1\x03\x81\xe4\xc3\xa0\x07O_\x86\xf1\x00\x8e\xe8l\xbd\x1eq\xb0r+\x85\xcdE\xbd\x1a\x93\xc0;(H\xc9\xb4\xa9]\xf87\xd9\x17a\x96\x1a\xd1\xb89Q~\x12\x02G\xd2&\xd7\xe1\x88Eb\xf5\xb1\x15\xfb\x1c\x1er\xde\xd0\xe9\x97\xfa\xa7\xc6\x88\xe7U-8Q\x97\x10\xb0J8\r\n3\x0c\x98\x7f\xd0^\x80\xc7\x96\\b\xb8\xcft\xe7\xf6\x9d\x02\x11x\xb4Z\x9c\x939 \x85\x83\x9em\xd5{\xb0>\xfe\x99\xb0,\x9e\x8d j\x1c@%>\x8f\xc8\x1d\xf9\x81\xda\xc0\xda\xf1\x1a\x18\xa2}O\x83P\xeb\x17\x14\'^\x11hW\xe6fF\x1a\x8d\xd2\x02/\xe6*\xcb\x82\x8f\x13`n\xce\x99\x90[\xf0\xfbSj\xee\xb4\x92y1a\xf2\xbe\xa6\xf8!:\x83\xcd\xbb\xb6\t\x90\x08\xbb\x05Nn\x0e\nW\x9a\x8fL>\x05\xe3#\x90\xcf\x98\x94\xbap\xe6\xbbC\xfd\xb9\x8d\xd7U\xfbD)r\x17\xf1\x86t\xaf\x99}\x95O\x96\xf7\xed\x91\x0cl\x18z}\x9a\xfe7n$\x9b\xc8}\x94\t\xb9\x07\x9f\x18>\xab\x92I\xb9\xca\x1f`P\x88?c\xf0\xb2*\xec\x93\xbe\xd9U\x19I\x86\xce\x94m\xb7D\xc7\x14\xe8\xf7\xec\x84\xbb\xc1v\xc9\xe2\x90J\xb0E\xb2T\xb0\xbb\xb7xI\x87\xf9\x8d\xfc\x08\xe5\xd3\x926\x82@\x8f\xe0\r]\x1b6\x0c\x99\xab\xa4\x86\x1e\xb4\x90\xd4W0)F\xfa\xaa>d\xdba\x08g\x1e\xbd|\xdbI\xd5\xef\x02\x03(\x94\x1a\xde\x8bB\xd9\x90\xffd\x07\xe6\x1a8\x87\x87\xda\x87\xc2M\x07\xf7V\r|#\x12\x0c\\\x0f\x13\xc5\x93\xcc\n\xc7~[peLX\xa1\xa4p\x06\x81\x04[F\x05j\x96\x91\t\xd1\xaf\xd3\x7f\xa4\x04X\xd55\xdf\x16o\x0c\xf0\xe3\x9a\x1c\xb8,\x16\x12\xc2m(5\n\xf9\xdfLN\xa1\x89\x02\xefC\xa5\xa0\x89\x9bG~\x9c\x8cj{2\x9bo\xea\xbe\xaf\xc1\xf6Vt\x0e\'\x18\xf8z?c\xbe\xbbr\xdb\xad\xd0\x96\xa3mXJ\x96l\xc5\xb2a\x0f\x92\xb5_u\xa4g\xa7\xfcw\xc2\x91\xf6\x80\xe5\x15(\x16\xa3\xd6dE\xb5\x8a\xeaT\x07:\xba\xb3k\xe0\xc3\xc6\x12\xa91\xb2\x1cU\xcf\xc9\xe6\xbb\xa2o\xa6j-Qd!\xe9W\xbc\xee\xe8\xbd\x01\xec\x93h1\xd7\x9f\xd9\xad$t\x8f2\x87y~Ve\x15j{\x16\xb6^\xac):\x00g\x949\xe7$\xb7\x96\xf0 \xc2\xf2\x8f[!\xad:~)\xe2u\xe2\x98\xbe\xe17\xcfP)\xdb\xac\xa0j\xa3q{n[5\xfdj\xa7\xfbt(\xc2\xecO\x9e\x0b\xb9b\x7f2\x93\xbc\x98\xa3A\xe5\x0e\'u:\xfe\x12\x15\xd1\x10\xba\x16\x0e\x02\xcd\xa0\xe0\x9b)\xf3\xbbK\xe4i\x16#\xe8\xbd\xe1\x92FA2\xfcCL\xdd\x18M\xb7u\xeeQ\x90\xd9\xc2\xca\x14W6\xe4$\xb4\xa2\xce\x9d\x15F\xad\xaf\xc2\xd5\xc3\x16*\xdcV_V]#~\xde\xfet\x1d?\xd0\xb4B\xee\x88g\xd5\x15\xda\xf2\xea\xfe+\xc2\x07\x9ca\xd72\xb0\xb5\x89O\xa2\xa0r97\xa9\xfdaX\x1d\xc7X\x0c\xefZ\xaaXs\xfac\x95\x16\x0b\x85\x8f\x93|p]\xee\xc1\x8f\xbc^\xa8\xf5\x97}\xab\xf0\xc4qP\xb8\xa4\xd5\x80\x10\x80\xa7\xa8Z\x01\n\xe6\xbc\xd8W\xa6\x85e\xbd\xd0\x9a\xa0\xda\xbb\xb6;\x8a\x1e\xa1\xbfA\xdc\xf44\xf3\x14\x8cr\xd9\x9f\xeaAhur\xf0\xc1\x84\x9ai\xadp#1\x14\x9e\x88\xbc\xe4\x9c*)\x8d\x7f\x84\xf0\xf1\xa8<\xb8a\xeeV&0X\xb6\xd5\xdc\xbe\xb7\xd6\x81<\x90\xae.R\x11\xb9\x1a\xef\xc6\xc9lc\t\xc1\x86\xdc\xe7e\xdd\xc9\xfeV\xba)\xd9e\xf6N\xe0\xf6\x89\xf4\xaaR\xb1\xe2\xd7\xd7\x0c@\xa6\xd2\x18\xa6\xf8\xd8\xa6M\xd1\xa6\xdd\xd3\xf0\xbb\xe7\xfd:\xa4\x1c\xe5\xd3q\x81U\xe6Ru\xa3\xbc\x7f\x84\x98\xb80z1?\xcb\xd8V\xaf\x0b\xf2\xda!\x95\x93Jg\x84\xfeR\xb7\x14\xcee\x02EC2I\x98swl\xc1\xcd\xd1\x19\x98\xb3\xfc\x9c\x08\x02\xc7(\xd9\xbaK\xdd#\xaaO\xae\xcap0\x1f\xe5i\x92\x1d\xd3\x9052g\xa5\x96\xe2\x8c\x90\xbd\x8dk\xbe&T\xd2=\xf6\x16\xf8}\xbbD\xd9$\x08u0_K\xed>\x89#LZ\xbdxc:\xd5 \xdb\xf8\xd6\xad\xf9\xe60\x0c\xfd\xb7.|\xf1\xed\x14\x92f\xf7\xa6\x7f\xeb 7\xb9\xe6\x8c\x94(\xea\xc7\xc4Ge\xdd\xb4\xb9\xebu\xd0\r\xc3\xa9\xe8t\x1bV\xb1\x8c$Bv\xfb\x94l\x01v\x8dM\xf1^~\xc8\x8d\x16\x7f\xa9#W\xc1\xb45r\t\'\xcb\xff\x16\xe7\xc9\xcb\x10P\xdd\xa3\xbc^\xcc]\xd7\x9bZa\x91\x85^/y\xe3CX~\xdeGh\xd1\xd6\x8a\xe2E\x1f\x87O\xad\xcf\x15\x83\xd8P\xdd\xb8\xa9\xc7\x1a6\x1b\xd9\xa1\n\x11|\xd8\x14!\xf0\x0b/\xd5\xc7\xe6\xf2q_bH\xbc@\xff:\xe8=\x8e\x11\xbd\x9d\x9e\x8f\xfbyI\x8a\xa9.\tJa\xcav\x18\xa5\x08\x1c\xbe\x89\x14[\x92\xf6\xf9G\x95\xa6\x91\xe8$\xb8\xfd*Sm@\xb7\xccS\x9c\x8e\xaa\xfa\xe9\xb4\x13C`\xb6\x8f2\xf7xPC#\xd6\xf7W\x94\xcf\xd5\x11\x12\x98\x80\xf7\x10\xad\x1adFLZ[mP\x91\xceh\x8ak\xf7?\xd4\x7f\xe9\x1d\x07YX\xe6*x\xd5\xc6\xab\xafA\x8dNX8\x89\xe9\xa5\x04;>G\xbc\x16\xce]\xf9\x02C\x1d\xef\xfc\xdc\xc1*{\x01\xbdd\xcb\xb5tg\x0f\xa0V\x90\xa9C\xd3[\xad\x91\xd4:u0\x9cj\xdea\x90\x05\x08P\xb4r2\x93\x80\xf0/\x1b\x191#\x1erE\x86\xf5C\x87aMK\xc8/\xda\'\xfc\xb8\x83\xf8x\xec\xa0,\xc6\xaf\x1etr*Gc2WN#\xb0\x81tl?t\x850\x06cF\xf1\xe4\xc4\xd7\xd3\xfcmtG\x14n\xe1\x85\x99\xb1o\n\xf20G<\xf9\xddK9^\x19,M\x0c\x1f\xb7\xfe\xa5\x91i(\xc5\xe73\x8a\xac\x97\xc9;\xf5\xbb[\xb8\x88|\xe9\x07\xb7\xd5\x91\x1f\xd15\xcf=If.Uv\x19l,d\xf11\x8b'
tbI624
I0
F0
tb.