# time 	 divergence 	 # of mutations 	 # IGC chances 	 IGC length 	 # IGC failures 	 Changes due to IGC  	 % change due to IGC 
0.0	0.040899795501	0	0	0	0	0	0.0
0.000138791883247	0.038854805726	0	1	3	0	1	1.0
0.000245240812165	0.038854805726	0	2	3	0	1	1.0
0.00043971581641	0.038854805726	0	3	3	0	1	1.0
0.000693285976203	0.038854805726	0	4	3	0	1	1.0
0.000786221634921	0.038854805726	0	5	3	0	1	1.0
0.000799404601971	0.038854805726	0	6	3	0	1	1.0
0.000815093898851	0.0368098159509	0	7	3	0	2	1.0
0.00155150405235	0.0368098159509	0	8	3	0	2	1.0
0.00162020793433	0.0368098159509	0	9	3	0	2	1.0
0.00168586316765	0.0368098159509	0	10	3	0	2	1.0
0.00171444535622	0.0368098159509	0	11	3	0	2	1.0
0.00178112526862	0.0368098159509	0	12	3	0	2	1.0
0.00181364121009	0.0368098159509	0	13	3	0	2	1.0
0.00181423590665	0.0368098159509	0	14	3	0	2	1.0
0.00241184442812	0.0368098159509	0	15	3	0	2	1.0
0.00267901971498	0.0368098159509	0	16	3	0	2	1.0
0.00268674947044	0.0368098159509	0	17	3	0	2	1.0
0.00285807513885	0.0368098159509	0	18	3	0	2	1.0
0.00304810413631	0.0368098159509	0	19	3	0	2	1.0
0.00332468488872	0.0368098159509	0	20	3	0	2	1.0
0.00339936148408	0.0368098159509	0	21	3	0	2	1.0
0.00360905944168	0.038854805726	1	21	3	0	2	0.666666666667
0.00369342175045	0.038854805726	1	22	3	0	2	0.666666666667
0.00390093757731	0.038854805726	1	23	3	0	2	0.666666666667
0.00438277004764	0.038854805726	1	24	3	0	2	0.666666666667
0.00444830198988	0.0368098159509	1	25	3	0	3	0.75
0.00464544011363	0.0368098159509	1	26	3	0	3	0.75
0.00472121737702	0.0368098159509	1	27	3	0	3	0.75
0.0052017279944	0.0368098159509	1	28	3	0	3	0.75
0.00558188974212	0.0368098159509	1	29	3	0	3	0.75
0.00562580885101	0.0368098159509	1	30	3	0	3	0.75
0.00564694548068	0.0368098159509	1	31	3	0	3	0.75
0.00568701226857	0.0368098159509	1	32	3	0	3	0.75
0.0060762254026	0.0368098159509	1	33	3	0	3	0.75
0.00643959449824	0.0368098159509	1	34	3	0	3	0.75
0.00660870084123	0.0368098159509	1	35	3	0	3	0.75
0.00690288216009	0.0368098159509	1	36	3	0	3	0.75
0.00692223305861	0.0368098159509	1	37	3	0	3	0.75
0.00713555842227	0.0368098159509	1	38	3	0	3	0.75
0.00721472972992	0.0368098159509	1	39	3	0	3	0.75
0.00723054518027	0.0347648261759	1	40	3	0	4	0.8
0.00769938396023	0.0347648261759	1	41	3	0	4	0.8
0.00804295024606	0.0347648261759	1	42	3	0	4	0.8
0.00817742687098	0.0347648261759	1	43	3	0	4	0.8
0.00861550823961	0.0347648261759	1	44	3	0	4	0.8
0.0086234003347	0.0347648261759	1	45	3	0	4	0.8
0.00864846207197	0.0347648261759	1	46	3	0	4	0.8
0.0088732680271	0.0347648261759	1	47	3	0	4	0.8
0.00891852422084	0.0347648261759	1	48	3	0	4	0.8
0.00913195228473	0.0347648261759	1	49	3	0	4	0.8
0.00916283890741	0.0347648261759	1	50	3	0	4	0.8
0.00957822468482	0.0327198364008	1	51	3	0	5	0.833333333333
0.00980840321339	0.0286298568507	1	52	3	0	7	0.875
0.0101239482796	0.0286298568507	1	53	3	0	7	0.875
0.0104011549217	0.0286298568507	1	54	3	0	7	0.875
0.0107468989834	0.0286298568507	1	55	3	0	7	0.875
0.0109002013052	0.0286298568507	1	56	3	0	7	0.875
0.0109493720322	0.0286298568507	1	57	3	0	7	0.875
0.0111342883287	0.0286298568507	1	58	3	0	7	0.875
0.0112230052776	0.0286298568507	1	59	3	0	7	0.875
0.0114380201473	0.0286298568507	1	60	3	0	7	0.875
0.0116856602881	0.0286298568507	1	61	3	0	7	0.875
0.0117252345128	0.0286298568507	1	62	3	0	7	0.875
0.0117955944162	0.0286298568507	1	63	3	0	7	0.875
0.0128126110432	0.0286298568507	1	64	3	0	7	0.875
0.0129068719142	0.0286298568507	1	65	3	0	7	0.875
0.0129285182682	0.0265848670757	1	66	3	0	8	0.888888888889
0.0130520854558	0.0265848670757	1	67	3	0	8	0.888888888889
0.0136859515764	0.0265848670757	1	68	3	0	8	0.888888888889
0.0137606247159	0.0265848670757	1	69	3	0	8	0.888888888889
0.0141483400148	0.0265848670757	1	70	3	0	8	0.888888888889
0.0142812244707	0.0265848670757	1	71	3	0	8	0.888888888889
0.0147113179491	0.0265848670757	1	72	3	0	8	0.888888888889
0.0149012755662	0.0245398773006	1	73	3	0	9	0.9
0.0151060533773	0.0245398773006	1	74	3	0	9	0.9
0.0151069908009	0.0245398773006	1	75	3	0	9	0.9
0.0155161088209	0.0245398773006	1	76	3	0	9	0.9
0.0155949948913	0.0245398773006	1	77	3	0	9	0.9
0.0161256293582	0.0245398773006	1	78	3	0	9	0.9
0.0163062539451	0.0245398773006	1	79	3	0	9	0.9
0.0163663248308	0.0245398773006	1	80	3	0	9	0.9
0.0169196513124	0.0245398773006	1	81	3	0	9	0.9
0.0170578766161	0.0245398773006	1	82	3	0	9	0.9
0.017200565863	0.0245398773006	1	83	3	0	9	0.9
0.0172133455002	0.0224948875256	1	84	3	0	10	0.909090909091
0.0175337973917	0.0224948875256	1	85	3	0	10	0.909090909091
0.0179613637695	0.0224948875256	1	86	3	0	10	0.909090909091
0.0183459734903	0.0224948875256	1	87	3	0	10	0.909090909091
0.0186619931299	0.0224948875256	1	88	3	0	10	0.909090909091
0.0186664691269	0.0224948875256	1	89	3	0	10	0.909090909091
0.0187138788313	0.0224948875256	1	90	3	0	10	0.909090909091
0.0190306081014	0.0224948875256	1	91	3	0	10	0.909090909091
0.0193002531608	0.0224948875256	1	92	3	0	10	0.909090909091
0.0194217104846	0.0224948875256	1	93	3	0	10	0.909090909091
0.0194817498911	0.0224948875256	1	94	3	0	10	0.909090909091
0.0195534650015	0.0224948875256	1	95	3	0	10	0.909090909091
0.0198470653229	0.0224948875256	1	96	3	0	10	0.909090909091
0.0200898662335	0.0224948875256	1	97	3	0	10	0.909090909091
0.020220287258	0.0224948875256	1	98	3	0	10	0.909090909091
0.0214051769406	0.0224948875256	1	99	3	0	10	0.909090909091
0.0214776837374	0.0224948875256	1	100	3	0	10	0.909090909091
0.0217196397846	0.0224948875256	1	101	3	0	10	0.909090909091
0.0217379067427	0.0224948875256	1	102	3	0	10	0.909090909091
0.0218728543882	0.0224948875256	1	103	3	0	10	0.909090909091
0.0220572960302	0.0224948875256	1	104	3	0	10	0.909090909091
0.0221636904082	0.0224948875256	1	105	3	0	10	0.909090909091
0.0223218240361	0.0224948875256	1	106	3	0	10	0.909090909091
0.0223371655166	0.0224948875256	1	107	3	0	10	0.909090909091
0.0224211915599	0.0224948875256	1	108	3	0	10	0.909090909091
0.0225576384346	0.0224948875256	1	109	3	0	10	0.909090909091
0.0226846749927	0.0224948875256	1	110	3	0	10	0.909090909091
0.0227089353372	0.0224948875256	1	111	3	0	10	0.909090909091
0.0227789231702	0.0224948875256	1	112	3	0	10	0.909090909091
0.0231053301126	0.0224948875256	1	113	3	0	10	0.909090909091
0.0231401546973	0.0224948875256	1	114	3	0	10	0.909090909091
0.0234670219025	0.0224948875256	1	115	3	0	10	0.909090909091
0.0237748530593	0.0224948875256	1	116	3	0	10	0.909090909091
0.0241775350548	0.0224948875256	1	117	3	0	10	0.909090909091
0.0244782981747	0.0224948875256	1	118	3	0	10	0.909090909091
0.0249242473429	0.0224948875256	1	119	3	0	10	0.909090909091
0.0250246294555	0.0224948875256	1	120	3	0	10	0.909090909091
0.0253928938675	0.0224948875256	1	121	3	0	10	0.909090909091
0.0254247370281	0.0224948875256	1	122	3	0	10	0.909090909091
0.0255477622536	0.0224948875256	1	123	3	0	10	0.909090909091
0.0255918755875	0.0224948875256	1	124	3	0	10	0.909090909091
0.0261070224062	0.0224948875256	1	125	3	0	10	0.909090909091
0.0261745735074	0.0224948875256	1	126	3	0	10	0.909090909091
0.0262701467362	0.0224948875256	1	127	3	0	10	0.909090909091
0.0263440564015	0.0224948875256	1	128	3	0	10	0.909090909091
0.0265250378549	0.0224948875256	1	129	3	0	10	0.909090909091
0.0267062338177	0.0224948875256	1	130	3	0	10	0.909090909091
0.0267431542299	0.0224948875256	1	131	3	0	10	0.909090909091
0.0271290551297	0.0224948875256	1	132	3	0	10	0.909090909091
0.0274343161665	0.0245398773006	2	132	3	0	10	0.833333333333
0.0275649384107	0.0245398773006	2	133	3	0	10	0.833333333333
0.0276015392972	0.0245398773006	2	134	3	0	10	0.833333333333
0.0279137655448	0.0245398773006	2	135	3	0	10	0.833333333333
0.0279906971633	0.0245398773006	2	136	3	0	10	0.833333333333
0.028603481461	0.0245398773006	2	137	3	0	10	0.833333333333
0.0287264055298	0.0224948875256	2	138	3	0	11	0.846153846154
0.0288499258243	0.0224948875256	2	139	3	0	11	0.846153846154
0.0288609145793	0.0224948875256	2	140	3	0	11	0.846153846154
0.0291516978498	0.0224948875256	2	141	3	0	11	0.846153846154
0.0293939208916	0.0224948875256	2	142	3	0	11	0.846153846154
0.029525809287	0.0224948875256	2	143	3	0	11	0.846153846154
0.0296718022615	0.0224948875256	2	144	3	0	11	0.846153846154
0.0298122799097	0.0224948875256	2	145	3	0	11	0.846153846154
0.0301227163592	0.0224948875256	2	146	3	0	11	0.846153846154
0.0303161863785	0.0224948875256	2	147	3	0	11	0.846153846154
0.030372588048	0.0224948875256	2	148	3	0	11	0.846153846154
0.0307364434214	0.0224948875256	2	149	3	0	11	0.846153846154
0.0309990427337	0.0224948875256	2	150	3	0	11	0.846153846154
0.0311197139112	0.0224948875256	2	151	3	0	11	0.846153846154
0.0312728836785	0.0204498977505	2	152	3	0	12	0.857142857143
0.0316591339948	0.0204498977505	2	153	3	0	12	0.857142857143
0.0316803155739	0.0224948875256	3	153	3	0	12	0.8
0.0320560952042	0.0224948875256	3	154	3	0	12	0.8
