cnumpy.random
__RandomState_ctor
p1
(tRp2
(S'MT19937'
p3
cnumpy.core.multiarray
_reconstruct
p4
(cnumpy
ndarray
p5
(I0
tS'b'
tRp6
(I1
(I624
tcnumpy
dtype
p7
(S'u4'
I0
I1
tRp8
(I3
S'<'
NNNI-1
I-1
I0
tbI00
S'x\xb9K\xdd*\x01\x94\xaav]IuK\xc4qJ:\x8c\xa6\x00\x83\x9a\xecAI`&H\xbd\x9a\xc5\xce\\(\xc1\xe5\xf1\x85\xcf\xb6\x0b\xc2\x92N\x92\n\\\x96\xf3Q:\xbd\xd5\xc6]\xad\xc7\n\xa9\xb5i=*\x01\xff\xd2$5\xdc\x94\x86\x1f\xdf^\x8eNsB\x95Z\x95X\xf4*[/#\x82~\x03\x93g6\xc5\xe9t\'G;Ye:Y\x84q\n$\xda\xd5\xd8o6*\xd3\xa0\x16\xde%\xbaq_.\xb1\x9a\xfb\xb3\xbc\xc2Y\xc4\xa5\x1eA\x1cT\x07\x8fH\'\xf5\x90F\xa1\xc5\xd9\xc6U\x0c\xfa\xd3\x98\x14\x07\x81}j\xcb\x83Fan\xe1\xf9\x8e\x05\xa2\x7ftk\x88\xc1\x14]\x1e\x1e0~tq\xff\x14\xbf\xf1\xf9G\x8b&\xa3\xeb\xd8\x9d\xba\xee\x01\xa7X\xaa\xbai\x81\x11@\x9c\xa4z_\xe9RBm\xf3(X\xf8F\xad.\x83\x95L\x10\xc8\xf8|~\x12\t\x04\x1f\xa2\x96\x82\x9f\xee\x9c\x7f@\x1f\r\x10{\x81\xbdb\x91\xe5J=i\x81oN\xf8\xf8x\x87\x8b\xfa*\n/\xef\xaal\xae_k\x07\xdc\x8e\xc6O\x05w\x8b\xd7\x03\xc8|\x05\xc5H\xb3\'WW\x05\x7fD\x18\x8a\x12vV[\x0eU\x03~\xc3\x88\xa2\xd2QX\xf6\x00\xc8\xd1\x12\xb8\x91k\t\xf9\x9d\xb2\x1d\xb0\x89\xd79\x1a\x8d\xc7\x97V3\x7fr\x8f\x8d\xe46\xbc\xf5\xb5d\xf8c\xc7+\x81$u;n\x90\x16\xc7H\x15\\,\xd5\x8a\xa6Cs4)\x06\xabE\xc13\xbd8\x18\xbd\x01RB\xc6\x0fo\x92\x94\xdc\xdd\xfc$\xa6:M\x8cA\x90\x7f6\x8en\xd8@\x13\xeb\xd6\x06\x8c\xbf\x80\xb0i\xea\x82\xd2\xbf\x11\xf4`\x90\xa6C\x08\xb9\xe43y\xf9\xd6\xa6\xc1\x8el\xe3\x88/\xbf\xcdu?d\xc70\xea6\x00\x1d\x8c\x00\xf4\xce\xdf\xd3\x94(\x92\x06\x19\x97\x88\xba\xed\xc7vH\x04n<\xacEJ\x10_\xae8\xa3\xf8\x8b\x1a\xa7\xdeQ\xce\xeb\xbd]\x9a:~\xd1|)\xbfsUb\x04R\xa0ph\xdb\x0c\xd2\tM$\xf4\xb1\x87\xf4\x90`c\x83\x08C\x9c\x851\xbcO1\x15\x9fA\xc0Q\xecm\xd0\x0e\xaf)\xff\x05\x1cK\xa3\xd9\x82\xbb^\xb7\xd10\x9b\xcbF\xa8\x86\xbdh-\x8c\xdd\xdal\xd6e\x827\x105\xcc\xa1\xb3\xaaI;\x9f\xbc\xe94\xc7\x19L\xe0\x0b\xf30XtU\x8fH.N\xf6\x17\xb2\xb2\xf6X\xef]|1\xf6+X\xd3Y\x88O-\xa7\xf0"\x8eu \xcc\xed)\x97y\x12\xcf\xaal\xce:\xd6uq\x05\x12\x14\x15\xd6v\xcd\x92PJ\xaf3\xddb\xaa\xa3vsJl\xe0\x17\xf1(\x7f]"q\xad\xe6yI\x17\x8f\x84iO(qI\x11\xa4X)\xc4H|wW\xef\xfc\xb4\xe4\x9f\xc50\xc1\xd6\xf1\xd6}\x84\xcd\xb5\x8f\xedp\xf4\x1b\x7fh\xa5DC{X1\x81\x99\xffC;\x8c\xe5F\xcet\xde\xe5\xde\x91O\x0cA\xd7\x82g)\xb1t\xb5S6\'\x99\xe3?\xc6J\xf0\xc2\ru|\x7f\xc8\xaa\xc0S\xbfs\xeaC\x1e\xedO\x10\xf0\xbf\t\xb1\xf5\xe5\x84\x15\xb5\xca=}\xba\xcaXv^\xe8a\xad\x80i\xae\xd5\x1c{\x8f\xb7p=\xd3\x83sM\x12#q\xad\'\\\r\xe3"\xc5\xdc\xf1\xc4\x0e\x93\xb8m\xf5b\x8a\xf9m\xbc\xb5\t\xdc\x84\xe9\x1e\x1f\x13x]\x0c\x1b\xf3\tC\xef\xaa\xaadF\xffc:\x183{\xf7\xf3^\x0fJ\n \xc7\xfe\xa3B\x83}j6G\xed\xc2\xbdX\xb2\x1b\xb6g>L\xfa\xc35\xe0\xbe\xab\xd4\xbf\xe1\xc9:\xb7(s\x8e\x95g\xb1~\x95_+C\xbe 1\xdf,\xa3V\xab\xaa\xa4\t\xc5\x02\xe1skY\xd2\xd0\xd9\xe6t\xe8\xaeox\x02\xbd\x83v\x97X@\x15\x01\x8f\xd2\xcb\x18\x84\x11\xc0\xcc8EU\x19\xc1\xb6K\xe6\xae\x00\x96\xd7+#\xf4\xde\xf2\xcd\xdb\xc0K\xc1\x1aL\x97\xdb\xa4\xc1\xac\x02\xc8E\xb2\x83\x04\xd4\x16vv\xf9\x94\x8e\xb1\x80J\x1a\x9f\x0c\xa2V\x84\\6ma\xb63K\xb1\xb3\r\xfd/\xcb\xc9\xf1>\xaeE\xd8\xf2\x97\x1c\x82\x88\xdfM\x8f\xfc\xce\xa2\xe5MQ\xa8f\xd6\x82G$|v\x84#m\xf2\xf3%\xd0U\x9f#b7\xae\xe5\xd3y\x0c\x86\x197\r\xf2\x15o\x8c#\x12\xfb\x89\x93\xa9\xdb\x9e\xebU\x90\x0b\xda\xc3\xa4\xf9\xcc!\xc34dG$u\xb2r\x86\xe9\xb9\xf1\x97\x1f_~\xa5\x151\xde\xbc\x06 eR\x07N\x00\xc8\x1a\x1a\x1d\x8fL\xd6>\xbfHx}>Rvb\xb77\xfb2\x07@Z\x87\xf1\x98{\x7f!\xfa\x0f\xdd<\xf2\x13\x1f(\x84(\x05\xf0\xb2\x98\xa7\xf3\x81\xc6 \xca89P\xce\xbd\x8d\x17\x1a\xdfe2\x90({\x8bC\xdaUr\x18\xf2>\xd454\x95W\xba5\xc8\x1d\t\xfeA\x1bP\x95,)\xe0\x87\x97E\xb1\x98\xe45\xa7\x15\x80\xef\x92\x17r\xbb]\xb5[C\xfdkfe\xbdH%\x93\x89\xa4Yj8\x0c\xac/\xb4\xc8\xa1.\xec\xfb\xa0\xfc\xdc\xa0\x99\xe5\x8bf\xce\xa4\x1a\xd5\xe9Z\xea\x1d\xa9_,NxJ\x97X\x10y\xf6\xfc\xf7\x8d\xa6\'4:\xfd\xf7\xf3?/\x94-T\xe8\xe8\x1fi|f\x1df\xd1\xf7~J\xd1}\x83V\xed\\Z\xc3+\x8a\x1bJ\x17\x12i\xa9\xd1Sd\xa1\xc9i\xf9\xdcH%&\x00V\xf4\x00l\xae@3\x91\xf2\x0eKt\xb1lI(\x87\xd8UV\x9a\xd6\x8a\xe4\xd5\xa4\xbd\xcfD\x11\x98\xdf\xfb\xd5\xa9\xb7\xba\x10\xf9\x9f\x0b\xb2\x08a\xba&\xc9Z<\x9f\xfcs~\xf3\xe7\x1f\rG\xe5\xc381>\xe2\xab\xe5\x9fP\xd6N$\xe2\x16\x1a\x93.\xe3\x83\xd8`\xb1]\xde\xa5{MP\x1a\xd9\xad\x96\xbb\xf8\xd6c\xba\x8bV\x85\xebz\xbc\xb3"ZB\x12G\xb8\xec\xf2\x10\x1d\xaa\xc5\xd1[>l\xa7b\xde\xe4wC*=\x97\xe1/\xc9K\xb2\xea\xa7rS\xf2M\x99Z\x05\xd0*\x9cHNwp\xf99@U\xc5]\xbe\x93\x14\x0e\x17+6\xf2\x8d\xec`wy\xfc\xdcW\x13\xd9$\xedb\xa0\xb33!3\xd3Z\x11\x95"B\x8f\x04@[T\xdc|h\xd8\x8a\xe8]\x89\x13\x82\xc4\xf1\x1e\xde\xed\xa3\x1c\xac\xac\xed@\x13j\x07\xcbG\xd0\xe7\xca\x1c\x06C\xde\'K\xd0=\xd4\x00D\x19\xe2\xe0\x01\x95\xa3\xa7\x94}\xc6\x96ns\x13(up\xa0\x8fK<YB)\x03\x0c\xfd\x13\xe8Rt\xb5\xdb\xc0\x1c\x81\xd5\x1aT\x92\xf9\x03S*\x96r!\x8e \xad9b<S\xac1\xe0\xa5\xa5\xd7\xcb"w_\xab[\xef\xfa\x1e\x84\xc7\xdd\xbe=\x9c_\xad\xee\xa6\xaf\xb07\x975t\x0e\x92\xa3\x8c~+\x13\x10\xe9\xf3;\xb4\xa4\xd2{a/\xe9\xe1\xa1G,\x0e&\xb5\xce\x83-s%\x84XL\x1eUB\x84\x86\x9d\xc0\x0c\x04Q1?\x01\x993\x07i\xdf\xc9z\xa5\x80t\x17<\xe3O\x98\x97\xf2\x14w\xa4:{\xb7\x88\x9a\xec;\xae\xb9\x89\xa9,\xc4Ds>\x15x\xce6\tr\xb0g9,F\xa2>\x12\x89\x1b9\x8c\x84\xac\xd9\x8a\xa9\xe7}\x8cV\xc8C\xfdg[\xa6\xdc\x94\x06\xec$R\x84\x86\x9ee\x06/\x18\x83\x06I\rA\xcc\xf2\x16b~o5\xb9o$X,/\xba\xf2\xff\xfaJM\xf5I\xde\x88\xf7\x91\xb3\x85\xb1\xf6\xd8F`\xb7!\x98n\xb9\x14\xb4\xef\x1d<\xbc\xe4N/\x12y\x94\x97s\x8b\xa5\xc6\x17\xa2F\xb2\xf5\x00="qL\xb4SL\xf3\x16}\x93\x0e\xaa{\xee\xabF\xf7\xb1\xc4\xbb\xd5\xa2,\\\xca\xe9\x0eP\x83\xab\xf2\x93\x9f\xd4{\xde\x1d\xc16\xdf]U\xfdK\xfd;\xf7L\x87\xe1\x14\xf2+Mx4\xda\xb3\xeb:\xef\x10\x06\xb3\xd5\xf2Mn\xc8II\x8d\xf9\x12\xef\xc4\xdf\xd0I\x8b\x96{`\xdd\xda\xb7`\x12\xe6f\x8f\x0e\xde\x05B>\xd4\x8b\xf7\xf7\xf0M[M\xfd\x9eE<pC\xaa2CZ\xca\xe1\xd5nZ\xe2\xd9\xca:\xee\xf7\r:\x1c\x0b\xc5\x97\xbf\xd7\xd7\x80\xb4\xbf\x8e\xc8\xdb\x97\xdb\x9e\x0f\x93`,_\xc3\xb2\xf1\r}\x9e\xe3\x9c\x91\xf6\x94\x02\xad\x94O\xd6\x1f1\xf3FG\xd52\xc6+\xab\x0b\xf2h\xcd\x96D\x8d\xd6\xa8\xf5\xf0O\x84\xae w\xe0\xa1\xbc\x82\x8b\xaa\xab\x8c3\xa0,\x8b }\xb2\x8e+\x17\xd3[\x10\xe6\xfb\xe6\x81E\x8a9\xa9H)\xd0\xa7Ecl\x17\xe3\xba\xd8\x0e\xe5Y\xf8\x8e\x0c\xd5e\xa8\x16\x90\x037R\x96\xf9\x80>\x07\xc1\xdc\xdb\x93\n\xa9\xebKj|AJL\x1b\x11Q\x9b\x8b\'\xc7m\x1f\xa4\x10\xd9\x07\xc2\xcb\x1cb\x10\xffx\xc8\xae4Rc@\xcc\xc2g\xa6\x83_\x81\xfd\x0c\x8e\xac\x89\xf1M\x1b>\x02\xa6@\x13=L\xc8@\xf5\xbai{\xd1\x95\xa0^\x13\x8dP&9\xfbAd2\x13\xa8\x99\x95\x1ae\xf8\xcb\x94W\x96\x1c9\x08F\xbb\xd4\xa9\xe1\xaa\xe1\xc5]!\xb4\x9c\x0f\xc9\xda\x7f\xa3\x08\xd64\xf1\xf1\xa5\xc07Q]\xb0+\x8b\t\x1c]\x08u2\x97\xb76Du\xb7\x85\xa3\x94\xcbp/P\xb5\xfcBx\xc7\xf2\x05\xf3\xa9<i\x99\x93\x9d\x8c/\x8e\'\x12\xce\n_u@\x1a\x16\xb8&\x99\xb0\xfb\x0b\xff\xe8\xb3C\x9dD\t\xd1\xd0\xdc\x1b\xa0\xaek\x04&\xe3\xc9\xe2\xa8\x9c\x92\xc9\xce\xe7\xe0\xb2\xdc\x1b\xe02\x96m\x1d\x90Fo\xe8\xd6\xfa\xde\x01\x0b>\xc2\x06\xc8\xc1\x87\xb5\xa2D\xd5#n\x7f\xbetw\xfaX\xf1\xc3c:\xf9\xdc\xff\xc2X\\\xc7\x00\x08\xe5\xb5\xd8Y\xbdp\xd7z1G\xd1\x18\xe0d\xd2\xc0\x1b\x86w\xa9\xa0\xf1\x97\x00\x12\x1e\x94\xe6Ua\x8d\xf5\xa1\x9al\x0c\xa6\xa1\xc1\x91V\xcd\x86\x06Vk\x8b\xa3O\x00K\xb6\\\xfeX\x89\xcc\xc6\x99.\xb6\x86\x14\x11\xd5\x90\x9fE\xd9\xbb\xc0\xbfqF^4\xbe\xb4\xdb\xb9\xab\xcc/z\xd4<V\x9a\xebX\x9e\xebl\n\xbcP\x0c*\x0f\xdeC\xed\x08\xe3y/\xc3\xd18\x9a\xaaX\xde\xa8\xd1\xe4\xe6\xc6@L~\x83\x11\xe9%Z\xf5\xeb\xdd\x9e\x0b\xf1\xc2\x8e\x06\x85\xb51]\x02\xd2\x16\xe0\xd2#\xe6i0\x907nUk0\r\xdb4\x9c\xf7\xcb\xda\xd2\xd9\x13\xa6\xa4\x08\x7f\xe7\xd3\x1c01\x93\xa5\xe1\x89\xc1\xf8\xd6\x12\xa0\xc5$\xc7\xbd#n\xb5\xacMw\xcb'
tbI624
I0
F0
tb.