# time 	 divergence 	 # of mutations 	 # IGC chances 	 IGC length 	 # IGC failures 	 Changes due to IGC  	 % change due to IGC 
0.0	0.0163599182004	0	0	0	0	0	0.0
0.000132679691736	0.0163599182004	0	1	3	0	0	0.0
0.000222330400134	0.0163599182004	0	2	3	0	0	0.0
0.000622973011761	0.0163599182004	0	3	3	0	0	0.0
0.000780380584882	0.0163599182004	0	4	3	0	0	0.0
0.000792504166143	0.0184049079755	1	4	3	0	0	0.0
0.000837087737027	0.0184049079755	1	5	3	0	0	0.0
0.00127165016188	0.0184049079755	1	6	3	0	0	0.0
0.00129816224246	0.0184049079755	1	7	3	0	0	0.0
0.00151856229487	0.0184049079755	1	8	3	0	0	0.0
0.0015902778842	0.0163599182004	1	9	3	0	1	0.5
0.00160709340501	0.0163599182004	1	10	3	0	1	0.5
0.00174914607551	0.0163599182004	1	11	3	0	1	0.5
0.00175874101613	0.0163599182004	1	12	3	0	1	0.5
0.0018327594709	0.0163599182004	1	13	3	0	1	0.5
0.00223989780441	0.0163599182004	1	14	3	0	1	0.5
0.00227470368389	0.0163599182004	1	15	3	0	1	0.5
0.00274722353098	0.0184049079755	2	15	3	0	1	0.333333333333
0.00291680591414	0.0184049079755	2	16	3	0	1	0.333333333333
0.0030239653371	0.0184049079755	2	17	3	0	1	0.333333333333
0.00321908959896	0.0184049079755	2	18	3	0	1	0.333333333333
0.00429181335316	0.0184049079755	2	19	3	0	1	0.333333333333
0.00465543510463	0.0184049079755	2	20	3	0	1	0.333333333333
0.0046587940074	0.0184049079755	2	21	3	0	1	0.333333333333
0.0051774899083	0.0184049079755	2	22	3	0	1	0.333333333333
0.00550862080239	0.0184049079755	2	23	3	0	1	0.333333333333
0.00565902933072	0.0184049079755	2	24	3	0	1	0.333333333333
0.00570708028946	0.0184049079755	2	25	3	0	1	0.333333333333
0.00585619260329	0.0184049079755	2	26	3	0	1	0.333333333333
0.00618460700017	0.0184049079755	2	27	3	0	1	0.333333333333
0.00729092185643	0.0184049079755	2	28	3	0	1	0.333333333333
0.00763231560427	0.0163599182004	2	29	3	0	2	0.5
0.00891289873237	0.0163599182004	2	30	3	0	2	0.5
0.00921569447473	0.0163599182004	2	31	3	0	2	0.5
0.00922124751311	0.0163599182004	2	32	3	0	2	0.5
0.009917915524	0.0163599182004	2	33	3	0	2	0.5
0.00995507661306	0.0163599182004	2	34	3	0	2	0.5
0.010048399438	0.0163599182004	2	35	3	0	2	0.5
0.0100588397667	0.0163599182004	2	36	3	0	2	0.5
0.0101350950977	0.0163599182004	2	37	3	0	2	0.5
0.0103334307412	0.0163599182004	2	38	3	0	2	0.5
0.0107465298667	0.0163599182004	2	39	3	0	2	0.5
0.0108650747247	0.0163599182004	2	40	3	0	2	0.5
0.0109081280528	0.0163599182004	2	41	3	0	2	0.5
0.0113634799485	0.0163599182004	2	42	3	0	2	0.5
0.0114049311572	0.0163599182004	2	43	3	0	2	0.5
0.011548183249	0.0163599182004	2	44	3	0	2	0.5
0.0117090680989	0.0163599182004	2	45	3	0	2	0.5
0.0117723774386	0.0163599182004	2	46	3	0	2	0.5
0.0121305463244	0.0163599182004	2	47	3	0	2	0.5
0.0123629634119	0.0163599182004	2	48	3	0	2	0.5
0.0124593638425	0.0163599182004	2	49	3	0	2	0.5
0.012521235323	0.0163599182004	2	50	3	0	2	0.5
0.0126470782633	0.0163599182004	2	51	3	0	2	0.5
0.0127432286438	0.0143149284254	2	52	3	0	3	0.6
0.0129695224079	0.0143149284254	2	53	3	0	3	0.6
0.0130128663526	0.0143149284254	2	54	3	0	3	0.6
0.0130766639115	0.0143149284254	2	55	3	0	3	0.6
0.0134309125311	0.0143149284254	2	56	3	0	3	0.6
0.0135250371416	0.0143149284254	2	57	3	0	3	0.6
0.0136653338918	0.0143149284254	2	58	3	0	3	0.6
0.01421397308	0.0143149284254	2	59	3	0	3	0.6
0.0143636027624	0.0143149284254	2	60	3	0	3	0.6
0.0148671661558	0.0143149284254	2	61	3	0	3	0.6
0.0149022035221	0.0143149284254	2	62	3	0	3	0.6
0.0150458955496	0.0143149284254	2	63	3	0	3	0.6
0.0153182132402	0.0143149284254	2	64	3	0	3	0.6
0.0154247477882	0.0143149284254	2	65	3	0	3	0.6
0.0154982167151	0.0143149284254	2	66	3	0	3	0.6
0.0155653454461	0.0122699386503	2	67	3	0	4	0.666666666667
0.0156364979431	0.0122699386503	2	68	3	0	4	0.666666666667
0.0159158298861	0.0122699386503	2	69	3	0	4	0.666666666667
0.0159408718036	0.0122699386503	2	70	3	0	4	0.666666666667
0.0160764869511	0.0143149284254	3	70	3	0	4	0.571428571429
0.016277598789	0.0143149284254	3	71	3	0	4	0.571428571429
0.0166645680058	0.0143149284254	3	72	3	0	4	0.571428571429
0.0167708527575	0.0143149284254	3	73	3	0	4	0.571428571429
0.0169162840303	0.0143149284254	3	74	3	0	4	0.571428571429
0.0171244308901	0.0143149284254	3	75	3	0	4	0.571428571429
0.0173138840578	0.0143149284254	3	76	3	0	4	0.571428571429
0.0174840934316	0.0143149284254	3	77	3	0	4	0.571428571429
0.0175098126023	0.0143149284254	3	78	3	0	4	0.571428571429
0.0177205182089	0.0143149284254	3	79	3	0	4	0.571428571429
0.0180253340762	0.0143149284254	3	80	3	0	4	0.571428571429
0.0181888923362	0.0143149284254	3	81	3	0	4	0.571428571429
0.0182215577057	0.0143149284254	3	82	3	0	4	0.571428571429
0.0183355881827	0.0143149284254	3	83	3	0	4	0.571428571429
0.0185744244362	0.0143149284254	3	84	3	0	4	0.571428571429
0.0187152461932	0.0143149284254	3	85	3	0	4	0.571428571429
0.018784864936	0.0143149284254	3	86	3	0	4	0.571428571429
0.0188750854486	0.0143149284254	3	87	3	0	4	0.571428571429
0.0193896111405	0.0143149284254	3	88	3	0	4	0.571428571429
0.0193935106965	0.0143149284254	3	89	3	0	4	0.571428571429
0.0195387396768	0.0143149284254	3	90	3	0	4	0.571428571429
0.0195726932361	0.0143149284254	3	91	3	0	4	0.571428571429
0.019879298892	0.0143149284254	3	92	3	0	4	0.571428571429
0.0200202284093	0.0143149284254	3	93	3	0	4	0.571428571429
0.0205020576604	0.0143149284254	3	94	3	0	4	0.571428571429
0.020773355193	0.0143149284254	3	95	3	0	4	0.571428571429
0.0209144704805	0.0143149284254	3	96	3	0	4	0.571428571429
0.0211367070415	0.0143149284254	3	97	3	0	4	0.571428571429
0.0212686783727	0.0163599182004	4	97	3	0	4	0.5
0.0214259523435	0.0163599182004	4	98	3	0	4	0.5
0.0216402555757	0.0163599182004	4	99	3	0	4	0.5
0.021733155295	0.0163599182004	4	100	3	0	4	0.5
0.0220462055746	0.0143149284254	4	101	3	0	5	0.555555555556
0.0221312738318	0.0143149284254	4	102	3	0	5	0.555555555556
0.022432285943	0.0163599182004	5	102	3	0	5	0.5
0.0224807008272	0.0184049079755	6	102	3	0	5	0.454545454545
0.0226165589057	0.0184049079755	6	103	3	0	5	0.454545454545
0.022699764874	0.0184049079755	6	104	3	0	5	0.454545454545
0.0228427905318	0.0204498977505	7	104	3	0	5	0.416666666667
0.023185779382	0.0204498977505	7	105	3	0	5	0.416666666667
0.0235551683651	0.0184049079755	7	106	3	0	6	0.461538461538
0.0236116049813	0.0184049079755	7	107	3	0	6	0.461538461538
0.0238907126865	0.0184049079755	7	108	3	0	6	0.461538461538
0.0239222638932	0.0184049079755	7	109	3	0	6	0.461538461538
0.0240614472958	0.0184049079755	7	110	3	0	6	0.461538461538
0.0241578092112	0.0184049079755	7	111	3	0	6	0.461538461538
0.0244098770428	0.0163599182004	7	112	3	0	7	0.5
0.0244578949317	0.0163599182004	7	113	3	0	7	0.5
0.024478147146	0.0163599182004	7	114	3	0	7	0.5
0.0247025947209	0.0163599182004	7	115	3	0	7	0.5
0.0247391337232	0.0163599182004	7	116	3	0	7	0.5
0.0248582250598	0.0163599182004	7	117	3	0	7	0.5
0.0249153330594	0.0163599182004	7	118	3	0	7	0.5
0.0251437329592	0.0163599182004	7	119	3	0	7	0.5
0.0252521242132	0.0163599182004	7	120	3	0	7	0.5
0.025388800144	0.0163599182004	7	121	3	0	7	0.5
0.0255417881823	0.0163599182004	7	122	3	0	7	0.5
0.0255861299389	0.0163599182004	7	123	3	0	7	0.5
0.0256225518483	0.0163599182004	7	124	3	0	7	0.5
0.0256463137069	0.0163599182004	7	125	3	0	7	0.5
0.0259165798867	0.0163599182004	7	126	3	0	7	0.5
0.0259379654183	0.0163599182004	7	127	3	0	7	0.5
0.025992005735	0.0163599182004	7	128	3	0	7	0.5
0.026063878891	0.0163599182004	7	129	3	0	7	0.5
0.0262851104013	0.0163599182004	7	130	3	0	7	0.5
0.0263796684425	0.0163599182004	7	131	3	0	7	0.5
0.0265307063768	0.0163599182004	7	132	3	0	7	0.5
0.0267573827339	0.0163599182004	7	133	3	0	7	0.5
0.0269112804843	0.0163599182004	7	134	3	0	7	0.5
0.0269530009293	0.0184049079755	8	134	3	0	7	0.466666666667
0.0269563481584	0.0184049079755	8	135	3	0	7	0.466666666667
0.0270724812777	0.0204498977505	9	135	3	0	7	0.4375
0.0275240835458	0.0204498977505	9	136	3	0	7	0.4375
0.0276727818649	0.0204498977505	9	137	3	0	7	0.4375
0.027864326263	0.0204498977505	9	138	3	0	7	0.4375
0.0278771337738	0.0204498977505	9	139	3	0	7	0.4375
0.0281784547475	0.0204498977505	9	140	3	0	7	0.4375
0.0284383215704	0.0204498977505	9	141	3	0	7	0.4375
0.0288197432364	0.0204498977505	9	142	3	0	7	0.4375
0.0288654747573	0.0224948875256	10	142	3	0	7	0.411764705882
0.0289449806043	0.0224948875256	10	143	3	0	7	0.411764705882
0.0290559133983	0.0224948875256	10	144	3	0	7	0.411764705882
0.0291535114867	0.0224948875256	10	145	3	0	7	0.411764705882
0.0291949351788	0.0224948875256	10	146	3	0	7	0.411764705882
0.0293029387477	0.0224948875256	10	147	3	0	7	0.411764705882
0.0294598442262	0.0224948875256	10	148	3	0	7	0.411764705882
0.0296028897252	0.0204498977505	10	149	3	0	8	0.444444444444
0.0300482235676	0.0204498977505	10	150	3	0	8	0.444444444444
0.0301448774126	0.0224948875256	11	150	3	0	8	0.421052631579
0.0306301787843	0.0224948875256	11	151	3	0	8	0.421052631579
0.0308053115365	0.0224948875256	11	152	3	0	8	0.421052631579
0.0315862048776	0.0224948875256	11	153	3	0	8	0.421052631579
0.0319813856557	0.0224948875256	11	154	3	0	8	0.421052631579
