# time 	 divergence 	 # of mutations 	 # IGC chances 	 IGC length 	 # IGC failures 	 Changes due to IGC  	 % change due to IGC 
0.0	0.0	0	0	0	0	0	0.0
1.83068810714e-05	0.0	0	1	3	0	0	0.0
5.24212202679e-05	0.00204498977505	1	1	3	0	0	0.0
0.000653915877416	0.00204498977505	1	2	3	0	0	0.0
0.00141697333177	0.00204498977505	1	3	3	0	0	0.0
0.00217200480733	0.00204498977505	1	4	3	0	0	0.0
0.00255683379911	0.00204498977505	1	5	3	0	0	0.0
0.00257344634935	0.00204498977505	1	6	3	0	0	0.0
0.00264110166176	0.00204498977505	1	7	3	0	0	0.0
0.00267292985529	0.00204498977505	1	8	3	0	0	0.0
0.00274441712949	0.00204498977505	1	9	3	0	0	0.0
0.00285497369184	0.00204498977505	1	10	3	0	0	0.0
0.00299556910765	0.00204498977505	1	11	3	0	0	0.0
0.00315807294249	0.00204498977505	1	12	3	0	0	0.0
0.00332954479865	0.00204498977505	1	13	3	0	0	0.0
0.00337329878151	0.0	1	14	3	0	1	0.5
0.00363355119627	0.0	1	15	3	0	1	0.5
0.00383552388342	0.0	1	16	3	0	1	0.5
0.00388562570113	0.0	1	17	3	0	1	0.5
0.00393366830226	0.0	1	18	3	0	1	0.5
0.00444663854759	0.0	1	19	3	0	1	0.5
0.00444737829915	0.0	1	20	3	0	1	0.5
0.00485748906542	0.0	1	21	3	0	1	0.5
0.00485983564674	0.0	1	22	3	0	1	0.5
0.00503023616502	0.0	1	23	3	0	1	0.5
0.00509389136716	0.0	1	24	3	0	1	0.5
0.00523324316681	0.0	1	25	3	0	1	0.5
0.00569132242078	0.0	1	26	3	0	1	0.5
0.0059791383508	0.0	1	27	3	0	1	0.5
0.00614297047288	0.0	1	28	3	0	1	0.5
0.00634207800075	0.0	1	29	3	0	1	0.5
0.00638152799329	0.0	1	30	3	0	1	0.5
0.00640743612881	0.0	1	31	3	0	1	0.5
0.00650111234847	0.0	1	32	3	0	1	0.5
0.00651190734797	0.0	1	33	3	0	1	0.5
0.00737885282657	0.0	1	34	3	0	1	0.5
0.00745222116939	0.0	1	35	3	0	1	0.5
0.00751955903112	0.0	1	36	3	0	1	0.5
0.00758863464793	0.0	1	37	3	0	1	0.5
0.00759675658604	0.0	1	38	3	0	1	0.5
0.00760444725198	0.0	1	39	3	0	1	0.5
0.00761548257285	0.0	1	40	3	0	1	0.5
0.00773080812424	0.0	1	41	3	0	1	0.5
0.00810578565363	0.0	1	42	3	0	1	0.5
0.00839522084795	0.0	1	43	3	0	1	0.5
0.00870571933111	0.0	1	44	3	0	1	0.5
0.00973008081834	0.0	1	45	3	0	1	0.5
0.00984069359292	0.0	1	46	3	0	1	0.5
0.00990921094377	0.0	1	47	3	0	1	0.5
0.010083084496	0.0	1	48	3	0	1	0.5
0.0101294088443	0.0	1	49	3	0	1	0.5
0.0101347401274	0.0	1	50	3	0	1	0.5
0.01016590433	0.0	1	51	3	0	1	0.5
0.0103868216302	0.0	1	52	3	0	1	0.5
0.0106635869013	0.0	1	53	3	0	1	0.5
0.0108252360606	0.0	1	54	3	0	1	0.5
0.0109550878936	0.0	1	55	3	0	1	0.5
0.0111348611878	0.0	1	56	3	0	1	0.5
0.0111370017049	0.0	1	57	3	0	1	0.5
0.0112898765425	0.0	1	58	3	0	1	0.5
0.0113795395911	0.0	1	59	3	0	1	0.5
0.0114110788888	0.0	1	60	3	0	1	0.5
0.0114361251181	0.0	1	61	3	0	1	0.5
0.0115418386969	0.0	1	62	3	0	1	0.5
0.0116506041421	0.0	1	63	3	0	1	0.5
0.0130416044456	0.0	1	64	3	0	1	0.5
0.0130562663582	0.0	1	65	3	0	1	0.5
0.0130732438775	0.00204498977505	2	65	3	0	1	0.333333333333
0.0134948743555	0.00204498977505	2	66	3	0	1	0.333333333333
0.0136765685623	0.00204498977505	2	67	3	0	1	0.333333333333
0.0137180940296	0.00204498977505	2	68	3	0	1	0.333333333333
0.0137751669093	0.00204498977505	2	69	3	0	1	0.333333333333
0.0139878603107	0.00204498977505	2	70	3	0	1	0.333333333333
0.0141778145012	0.00204498977505	2	71	3	0	1	0.333333333333
0.0143068364225	0.00204498977505	2	72	3	0	1	0.333333333333
0.014399525901	0.00204498977505	2	73	3	0	1	0.333333333333
0.0146607774903	0.00204498977505	2	74	3	0	1	0.333333333333
0.0150226427222	0.00204498977505	2	75	3	0	1	0.333333333333
0.0151489347222	0.00204498977505	2	76	3	0	1	0.333333333333
0.0152883165696	0.00204498977505	2	77	3	0	1	0.333333333333
0.0155586175369	0.00204498977505	2	78	3	0	1	0.333333333333
0.0158874260495	0.00204498977505	2	79	3	0	1	0.333333333333
0.0162705984812	0.00204498977505	2	80	3	0	1	0.333333333333
0.0163661491154	0.00204498977505	2	81	3	0	1	0.333333333333
0.016577575423	0.00204498977505	2	82	3	0	1	0.333333333333
0.0166073498179	0.00204498977505	2	83	3	0	1	0.333333333333
0.0169871774222	0.00204498977505	2	84	3	0	1	0.333333333333
0.0176778718848	0.00204498977505	2	85	3	0	1	0.333333333333
0.0177232650458	0.00204498977505	2	86	3	0	1	0.333333333333
0.0179853610067	0.0040899795501	3	86	3	0	1	0.25
0.018136397091	0.00613496932515	4	86	3	0	1	0.2
0.018391780361	0.00613496932515	4	87	3	0	1	0.2
0.0184799846822	0.00613496932515	4	88	3	0	1	0.2
0.0190532258995	0.00613496932515	4	89	3	0	1	0.2
0.0191860452446	0.00613496932515	4	90	3	0	1	0.2
0.0193141363604	0.00613496932515	4	91	3	0	1	0.2
0.0193819662	0.00613496932515	4	92	3	0	1	0.2
0.019394799353	0.00613496932515	4	93	3	0	1	0.2
