cnumpy.random
__RandomState_ctor
p1
(tRp2
(S'MT19937'
p3
cnumpy.core.multiarray
_reconstruct
p4
(cnumpy
ndarray
p5
(I0
tS'b'
tRp6
(I1
(I624
tcnumpy
dtype
p7
(S'u4'
I0
I1
tRp8
(I3
S'<'
NNNI-1
I-1
I0
tbI00
S'Q\xde\xf8\x83\x84\x10\x9c\x9fp!\xea\xe1\xeb\xb0\x88\x7f\x10\'\xf4\xf0\x95"\x8c\x97\xc0V\x94\xa9Y\nV\x94!\x17\xd5\x91\xf3Tp]a\xdf^\x95\x8an\x19\xee$6\xc0\xdc{\x05\x88\xde\x92\xd0QQ\xfd\x982\xe8\xfeA\\\xda\nI\x15\\_U .\xc7\xae.iL\xa8=t\x9b\xa2\xa7c\x08\xde*?\xc1\xbf\x89\xfa\xbf\xfe\r\xdcv\xac\'\xbdF\x99\x92\xe5\xc8C\x08\xf4Y\xa8\x95\xcf2,\xabK\xdcs\x95\xd8\x9c\xa1\x84a\xe7\xafv\xb1\x9a\x04}.\x0b\xd2\x97S\xe1\xce\xc1\xb0\xa6\xca\xa2\xbd\x16\x03\x05\xb8\xfa@\xff\xd5\x1f\x9aE\x19\x19\xfb\xc8AZ\x85\x82pk5[\xa0c\xfb\x1d\xae\x13\x19w\xdb\x9a\xe1u\x95\x8es\xfb\xe7TBm\xcb\xb2\xd1\xfb\xf2Dr\x98\xa8j\x84w\x02\r>\xedhh8\xe0+K\xf9\xa4:\x9f\xe8j\xbc\xad[c\xd3\xbb]\xef\x11$<\xce\xe4\x89\x0e\x9b\xee3\xf2\xb24R\xbf\x8cm^\xbe\xcbU\xd6s\xb0=\xc2M\xee\'g\xc7_b6\x11<#\xcb\xb4!5\xd9\xde\x01I\xedm\x04$c2\x8c\xce\x1aN\xbc\xb2\xff\x7f\xd1b\xe0c\xa5\n\xcf2\x01-\xe3\x12\x14\xbc\x92x\xc2\xea\xe6\x9b\xcf~\n\xbem\x06\x12\xbc\xce\xcc\xb8\xb3\x85\xa2\xaf\x81*;:\xb8\x1d\x82\t\x83\x08\xeb\xc5H\xeeH<\xe8\r\x1e\xf2\xea\xd7[\x99\x8eT-\xf6\x1c\x8e*\xd7\xb2\x0e\\\xd1!\x92e\xba\x16\xa4\xed\xa9\x8e\x8b\xa1j\x97\xbfn\xf7\r 6\x1c\xd1Ss\x14 \xcf\xc9\x8b\x19s\x03\xa2\\\x0fT\x16\xb1c\xb4\xab\x10y\xe9\xc5\x99w(\x85X\xbc\x86\xf3\xbb>\x14WsN\xed\xc2!&w\x9c\xdd\xc4\xc6\xa2\xd4\xc6!<\xfcC#&N\x00\x80[\x18H\x1b\x82Z\x01\xbfW\x02\xf9\x06\xe6\'\xc6\xa4s\x88\x0b\xcd\xf7\x9a\x8d\x07\x17X/}}8v\xcd\xd6\x1e\xa4\xbb\x97\xe5\x92j\x02\xddAr\xaap/J\xa9\x10\xa9w\xeb\xcd\x05\xa3\xda\x01\xedH[}l\x87\x0e\xe9\xc6Z\x91\x84Ht\xb2b\xb34\xf0\xdfi\xad\xe2!\x18dY\xf0\n\xa6\xbe\xb4\xd9\xba\x14 hn\xf3&\x93W\xca\x9c\x08\x08\xcf[\xbc\xfe\\F\x89Hb\x80\xe7\xd4%\xab\x1b&A X\xe1e\x96\x9e\xf8\xe4\x086\xef\xa2\x8e*\\\xc52h\x9a\xc8R\x89\xbaS7\xcdwJe\x14\x032\x05\x970v\xc8\xbd\x97S\xa2j\xfbB\x99>\xa8\xe0\xea\x86\x0fg\xc8\xe8$H\xab\x16B\xb1\x0ch\xfcf\x12*(&\x92\xa8\x18\x12+\x00\x7f\x1ba\xe2\xa8L\xaa\xe6\xa0\rT\x85\x90T\xf1w\'\xd1\x03\xb5m\xba{\x99\xe7<\xee]\xafhv\xdd\x00N\xc8Zb\xc5\xe4\x14\x1c\x1e\xef\x81Fh1\xde{\x99\xd9\n\x92\x95\x0b\xeb\'\xedQg\x91\xa1\xba\xe8\x1b"\x92\xce\x91YM\xdeU3\xd0;e\xebg_R\xf4\x17\xc3?\xefr}\xd5;\xc6\xa9w\xf21`{\\\x81\xb5{\xb6O\xf7H\xaf\xdbtKJL\xe6Q\xad\xfc\xa5\xde9\xad!-\xc7\x8f\x8fv\x87S\xe0\xaf\xc7[\x04\x87fk\x7f\xa5\x9c:3\x81\x99\xd18\r\xf2\x9d\xcc\x81:\xf0h\x0f\xe9\xfbF\x7f\xb8\x1eM\x10~c\xd0\xbb\x16\x1e"4\x89~\xd7\x19AR\th \x15\xd3R\xd1\x81\xc3!I\xd4\xf8\xd3\xf3\x16)\xb2u|\x1c\x98g\x1e<[\xb5z\xa7\x0f\x89\x80\xf2\x01\x11\xc1\xc0-\xa3\xce\xc5oP\xf5\x94,\'\xd10\xdfe\xaa,\x0b&:0\xdcYa\x81\xbf\xe1\x81niu#S\xeem\xe5\x01\xcb{\x8e\x1b\xd3hE\xc3\xcc\x80\x8be74&\xbe\x83\xa8S\x10;:\xfc\x80\\L\xf2\n\xd4[\x14\xa4pB\xd4\xed\xf8\x8e\xe7\x9c\xcco{e?\xdb\x9c_=E\xad\x8eF\x12\xd2\xab\xd2\xfa\xf4\x9e\x8b\x9d9\x9d\x93{\x96\xcc\xd6\xabd\xc9%D{h-|\xb3\xbcz\x98\xa4\x9e \xeb\xb0d\xc5\x1dJW\x11\x8b\xf3\xcfD\xf6V\xf2j\x0b\x8a\x1c%\x92\x1f9K\x13\xc9D\xd6\xf9\xa3\xf4\x05]\xe5\xcb\x0fPE\xc7\x82\'\xcd`\r\x96@\xcfCgL\x9d\xf0\xcf\xb4\xce\x14\x95\x11\x16\xc5\xc0\xf0`$D\xefjL@\xb3\x9e3\xab\xb3V\xf9\xab\xf5xX\xd9\xa7\x15\xa5*y\x82\xc6\x93\x0e>\x8e\xa4\xdc6\x0b\\\x1b| \xfb2\xf7\xd7\xe0\xa6\xc9S\xbaH\xd9\xd9rsA?\xc3I\xd2\x85\x8d^\x9e\xa0\xc1\xd7V\x9d\xe4\x03B\t7\x9e\xdc\xbe\x19]FlY\x96\xf5\xef\xb1\x9a\xe6F\xbe(\x90s\xad\xb0l\x04)\xf2f\x8fNb|L]\xfbc\xb3\tk\xab;F\xad\xfd\xfe,\x1c\xe9\x88\xed\xd70\x90P\xeb\x84\x15B\xae\x0c\x17\xb7G\xb3v\xb1\x19UJ\xbe\x0fc\x8eg\xcf\xf8\xc9\xfa\xd9w\xca\xb7\xd2\x0c\xac\xba\xb3\xee\xb2\xa96\xf3\xa5\x1e\xe86\xd8\x06{OwN\xf6\x01\xd7\xb0\xfe\xde\x1c\x1c9\x8b\x96\x9f=V|\x04\x88\xcf\x1c\x1b\xcb\xb6\x88\x9d\xa2\x1a[Y\xd3\x95|%K\xe7\xf2B\xeb\x98\'\x01\r#yD\x81\xb6C\x074PDyb\xdb\xd3\xeeJ\xc8e\xc3J \xe7m\x84\xd8\x96\xfbQ\xc3\x0bc\x0cx\xd5vG\xc4\xbdm\xe6\x1a/\xb4Bf\x1dx\xf8h\xdbq\xe6\xf9\x8e\xa7C\xaf\xa5!\xfd\xefZ\xdd\xf1B\xa3c\x94\x9aO\xc1\xdan\x88n- \x0bz\x1d%\x823\xecrd\xbc>t\x14\x8a\xd3\xb9`a\x06\x8f1\x90D\x97\xa2\x0b\xb8(\xebE\x7f\x88\xc4\x1fI\xbd\xf6\xfc\xf0\x17l\x87\xc2\xf3D"t\xbb\x1a\'\x93\xbf/\x87\xda2\xf0$*\xa6Q\x07\xc8\xa2_\xbbV@\xecq\xf4\x8e\x96\xe4\xecn(\xf0%\x07\xd7\xdbu\x93O\x93\xec\xfe\x94\xbb\xef\x8a)\xf1%\xf9m\xbd\x1cf_k\x1b\x83;<\xfd\n\x9e\x81e\xdceG\x13\xe9[\x914L;\xb6R\xecO>\x11\xc3<m2\xc2\xd6\xd1\xfe\xbbu\n\x9b\x80\xd8\x03\x07\x8b\x0c\\\x94\xbd\x9cK\xd17a\xd3R\xdc\xca<\x03\x92bA\x16S\xe2\xf4\xfa(\x0fd\xc1\x1c\xe0\xf18\xc1[\x1fM\x8a/k\xf2H\xff\x19}=\xa0\xc9LGVN\xb6\xc4Y\xf9\xa4{\x9a\x84\x80\xba\xa2Ie\x95\xf6\x11m\xaa|)\x1cHk$/g~\xb3U\x9b\x90\x84\x9d]\xd6L\xc0\xf5\xd9\x1a\xb5\xd0\xb8\xdd\x10<C\x97G\x15O\xb8u\xbbs\x8bI$8=\x19L\xdc\x86\x16\xf1\xe0\xf5\x86\xad\xbd&;m\xd4\xab\x9c\xe1\xf3o_T9,\x10\xf8%\xce\xbadhCq7(\x94\x0f\xf4\xb9\x83\xf0\xaa\xc1\xed\x9en\xf9G\xf26J\xc8\xcc\x93\xec\xe0\r\xb4\x97\xca\x81\xf5\xae\xc3\x92*m\xf4F\x82*\xa6\x86\xe0s\xe9\x87\x07R\xbc.p\xf4\xf0\x00A\xda\x97\xde\xadh\xb1I-\xc7\xd9\x89\xd2\x18\xa9\xd1C&\x06\xb9\xc9z\x9b\x9fG?\xe6\x95\xf2\xe9\xb63\xfa\xb8\xbd\xa6\xa8\xf3\xc1nf\x08\xa4\x80\xe5}/\x93\xc1J\x0fp" \xf0\xe03\x14\xc5`\xc6[\x1c\x98\x8a\x8aqyj7\x8c\x89u\x08\xe2\xac\xc9i\xefoH>Zi\xf2t\xba\xf0\x04\x976#\x7f\xc7\xb3\xb3\xfc\xaf\x80\x81\xbcw\x94)!\x84tArK!\x8e\x0b,\xfb\x82E\xcc\n\xc5\x1e\x97\xc3\rK\xfec\xd6\xcc\xd9\x82\xf4a\xa8\xcd\x97\xc0\x08\x06\xd0\xd8\t>Y\xcd\xfc*\xdb\xc6\xddP\xcd\x18m\x10&\xc7\xb1\xae<\x0e2\x13\x00x\x08\x17\x82\x87\t\x9f}\x07\xbdrmG\x9f\x04F\x19Yv\x89\xbc\xbfI\x89X\x98\xea\x0f\r\x82\xbc\x16*\x91\xd2\xfa\xfcv?\xa1w<=\x9af\xbcy\x80\x14\xd6\x8e\x8a\x9c\xe2\xba\xfd19\x86,G\xfc\xf8\xd8\tb-\'\xe9,#8k \'\xff\xa24\x8a\xd9X\x82n\x1d\xc7}\x05\x15\x1d\x9eR\xe84m\xfe\xc9w\x95\xc1\xa7\xa011\x06\xc9\xf4\xf4\xf1\xd4\x01\xc6+\xbb\xcc\x8b`!\'\x94"H\xfe>\xbdCz\xca\x86\xb4\x882.\x06\x9b"6\xb8\x91\xa3*\x8c0\xbf\xfb\xa5\xc4\x06)Q\xab\xef\xd5\xf0\x1a\x85q\xc6\xeeU7\xb4Yf<\x87{\xd70  t\xc3\x1f\xaa\x94\xbd{\xe3\xb5\xac\xc6\xc9\xb9\xf8\xb3\x1c\xad\x101\xc6%\xaer\xc8;\xda\x7f00\xc6}!\x94\x19\x04\x86\xaa\xfd\x17r,\xc1\xe7\x88\xf3y \x80(XBDjH\xd5\xc0\xa0A\xcd\xf5\xb0\x9e\xd00\xe9;(+\x97q\xb2z\xa3\x8b\r\x02T\xd7,0\x06d"\x9f\xa0y\x07P\x9bI6d\xd5\xc94\x0b\xf9\xcfV\xe0\x92]\xe3\xdd;?\x1e&\x91\xd9\x87\xed1;\x12\xea\xf5\xa2\x1bX \xe1f\xe2\x08\xbeSa\x0c\x94}\x13\xa0\x90\xe3(\xdf\x81\xcc\xa7\xd1\x84\x86\xeaZ\x1c\xe9\xce\xd7jG\xf3C\x04\x9c\x91\xf8\xb76GM\xf6IR2\xce\x83\xa2\xc8"8\xfbu\x83\xa3\x17\x1e\xa8P\xf6\xa5\xfa\xd1\xd0\xad!\xd42n\xae\xd2\x96}\xf5\x96{R\x93\xd7\xe1%\x0c\x87\xfe#\x8b\x93\xcd&\xa7L\xdb,\x9a\xf0\xe6w\xaf\xc2>e\x01\xf9\xd3\xf4\'I\xce\xb3\xe8\xfaW17_O\x8e\x8e\xc1\x1c~\xd9@\xf1\x10%\xec\xd4C\xd7u\xd1t\xb9\xa5<\xff\xbf\x81\xb2\xf9\x1a\n\x14qF\xb7\x8b\x9a\x96,!1$!\xb5\xb39\x8b\x18|sa\xa7o\xea\xda\x8f\x14\xd5\x0c*\xfdR\xf5\xbc7M\x9fB\xf1\xb4 V\x95\xe8\t\xfc\xa6\xe8#\xd9\x86&\x14\xe4\x07\xc1i\xa8(\xc9yS\xed\x12H\xccU_\x8f\x92\x80\x82\xa4\x1c\x06aD./\xfe\x0fV\xfe\x92\x7f=\xd3^n\x12\xfa\xb4\x89\xc9_\x9a\xb4\xaf!\xbb?\x8f\xb8\xc2\x00\x0bi\ni\xdfn\x12\xaed\x04\x10\x00\x87\x97O\xefK\xea\xfd%\xbc\xe3\xb5\xda\x9c\x84\x80I\xcf\xfc\x94\xa1\xb8\xe9Cuiy\xa8A2y\x1d\xefr\x95\xa1\xe4\xfa\xa9j\x84\x00uS\x9a\x1b\r\xdb1I]\x85\xe9\x7f6\xbfO\xf9a\xe9\x13\x8e\x89\xc8\xca\xec$3J\xd3\x18\xdb.\xcc\xe2*J\xa8\x18\x86=\xf3\x85B\xee\xb8\x15\xe9J\x15\xa4\x9f\x9c)\x99wd\x80\xcf\\Q\x8aJ\xdbG\x0cX\x94\x13\x85>xT\xc9P`\x05\x99o\x1f\xcc\xa4`\xae\x07v\xad\x03\xf2='
tbI624
I0
F0
tb.