cnumpy.random
__RandomState_ctor
p1
(tRp2
(S'MT19937'
p3
cnumpy.core.multiarray
_reconstruct
p4
(cnumpy
ndarray
p5
(I0
tS'b'
tRp6
(I1
(I624
tcnumpy
dtype
p7
(S'u4'
I0
I1
tRp8
(I3
S'<'
NNNI-1
I-1
I0
tbI00
S':\xca}\xbf\xd2\xc2\x05\x13*K\xbd\x0c1=\n\xc3Q\x1a \'\xaf s/D*\xb8\x027\x8e\xa3R\r{\xb2\x02\x0c\x04\x82Qo}\x9bx\xeee\xb0\x849[\xee\xd7\xf4\xc7\x04\xbeq\x99a\xdb\x1d\xe3\xd6\xaf\xd7\xf4x\xf4\x1a6/\xb2Q\xf4!\xa1\x01H\xba\xfah\xf1\xbb\xc8\xfcm(!f\xc8>\x1d\xca\xdf\xd8\xde\x8fu\xee%\x1d#\xa70\xbf\xb3K9\xae\xde\x12\x1f\xd6\xfda6\x08/\xe3\x86\xb8\x06z\xeb>)\xa5\xf3\xda\x1e)H\x8b\xe4#\x04\xe1v\xb8\x96\xba\x90\x14\x9c%\xe7\xa0\xfc\x8aj\xdc\xcaP\xfb\x0b\x02<\x9b\xf2\x1f\xda\xf5\xe3\xff1\xb4\x94 \xfbqY\x1e%\x9cC\x1b\xb2\x02\xac\x7f\x13\x07\t\x85\xd1rf\xf19b[\xe2V\x8b\x9a\x1c\x80OJ\x984JC\xa8\xca\xb5\x0b\xf7T\x87Y\xdbLf)\x9d\xbc_\xbb4\xaa\xde\xc0z\xc4Y\x9al\xe9\x93\x07\x96W\x1b\xc1\x08&\xb9\xae\xdd{F\xb8\x1b\xe1\xcf2\x86\x99K\x1bi\x12s\x9dNmio\xbdE\n\x83\xc0\xffQ\xba!`\xf2\x8c\x17L7\xa1\xe9j\xd8\xf7c&\x93*e\xa7\x08\x9aWKO\xdcL0\xb0B\x90\x06c=\xf2\xee\xbf\xa7@{\x91\xec\xd8\xc2\xe6\xc8\xe8?4$\x8c\x82tJ\x1f\xfc\xaca\xc0\xe8c\x9b+\x1c5\x95\x1fQ\xca`pv\xba\x15P\xb1K\xf4\nQ\xe2\xaa\x91\xb4\x81\xa1}\x01\x96\xecn\x03-Y\xadj\xc9f\x9d\x18\x95\xc2\xae\xef2\x06(K\xeaC[B\xecp\x08\x80\xda\xc4\xd4qBZ{\xa1\n0\x05\x84\xe3-H\x84\x03\xd8cO\tU\x9e\x0f\xde!\xe4y\xf08\x07\xa6a\xee\x9c\xa0a\xba\xf3\xa2h\xc8\xd5\xb1\x90#\x90\n\x84\x17S\xcdX\xd4y\xa5\xbf\x91V\xc9\x1d\xd6\xe2\xc1\xec\xd8\xecU\xda\x98\x08\xb2og\xc2\xd6F@(\xba\xd1=\xad\xf6\x8f;e\x90B\x94,\x81\xac\n<\x8b\x14g\xaew\x17\xdem\xf7\x1e[\xf9\xa4\xc6;\x87}\x0f\xd1\xb3\xe8\x94\x8dZ\xdb\x1c\x15^\xf9\x8c/T\xc0\xe8&H\xc4\x9cO\x0b\xb2\x0c\xff\rl\x89\xa1\xa0K_\xee\xe8l_\x12\xce\'\x05}C\xf6U\x8a\xa1\xfb\xc2\x11&)J\xff\xb9\xae\xf1\xcfZ\x14\xcbf&8\x84\x06\x04\\\x7f\x01\xf3t\x8e\x94\xfcF\xf4\xa9\xa9\xe7\xcd\xfe\x04lU\xac\xde\xef\xbdF2\xc8\x04B\\\xda\x10\x91J\xba\xe2\xca\x1c\x95J\xbc\xd22r1;\t\xb2\xe5Cd\xc5\xe0Q}\xfc\x1d\x92\x81\xfe\xc4\xac\xea\x1c\xe5\xfct\xb5Ce\x0c\x16\x08\x14\x8f\xa3h\xbc\xb7\x02\xf9\x03\x04\xa9\x84\x02\xf1\xdf\x1a\xea\xe8\xe7\x1d\x98\xf9\xb74\xbb\xc5{V\xcc\xf2\xd4.N\xe3\x7f)\x05(\x08\xb4\xbb\x14\x0b>\x19\x19<\xb8\xd2\x18Ns=\xc8pi-kP|\xab\xd9\x05\xd8\x91\xa6\xbd e\xe6\x8f\x0e\x8c\x0b&\xb1\xaf\x12n\xb49W\xd7\xbcg\xc0,BgI\x8c8\x88_\xd2\xde)\x16\x1a\x17\xde\xe5[\x07\xb2\xa1\xe2\r\xf4\xfc\xd3\xc1\xd9_7\x1f\x9a4Y=\xdeQ\xcd\x05/\x83\xf3m\xb8\r\xe2\x9f\r\x8b\x95DKF\xb7P(^\xe3\xd8E\xf6\x8f\x0e\xf4\x17\r\x9en\xf8\x91\x98\x96\x91Q\x9b\'\xed}\xe9;\xb1\xeb\xeb\xfd\xe1\xb7\xa0\xd7@\xfd\'\xe7q\x1e\xe3$\xc3\x8e\xb9\x1d;\x17\xdc\xca\xbc\x02\x98\xc2\x991\xa0\x0eh\x84\x94\xf69\x17_\xfd\n^\x15t,\xff\xdf\xe3\xaa4\x193\x7f\xaf!L\xbb\xff\x14\xee]l\xef>\n\xe2\xa2\xbe\xdcf\x05+O;\xe9\x02*\x9e\xaf\x87\xe2\xee\x89H\'\xe7\xe3N\xbb/\r\xf84B\xdd\xe3\xca%LN\x8f\xa2W\\\x97\x93\xaf\xbfn\xfdE\x8eBf\xe5\xd9\x19q@\x1cHT9\x9b\xd1\xc3i}\xfer\xf9\x13i\x0emBq\x88\xd33\x95\x86a\xb0}\xd0\x94\xea-\x18"\xcbK\xcf\xa5E\x8b\x08\x96\x7f\x03fh\xc7\x842\xab\xca\xe5\xd5\xa2\x88\xc1\x1du\xd5\xfc\xf4\xaeGE\x84\x84\xb4?\xf5D\xae\x85.k\xe7\xc5\x86\xf77\xfe\xc8\xdf\xdd\xd2\x98*\x9fRDU_\x1bd\xd4\x7fU\x04+\xfdpE\xa6\xa6\x14\x12\'\t\xcf\xf87)\x08BH\xb6\xb4\xef,6xH\xf6k\x82\x7f,`\xb1\xeba\xa8\xb0-Q\x1c\xe8Pj\xee\x1bF&\x87\'=\xae\xa8\xfd>\x87\xd7&\xd5\x95e,\x9f\xfa\xabjv\xed\xae\xe8\xd8\x0bl[\x82XT\x0cY\xe2\x99\xafF\x0f\xc0\xdc\x8eB\xf1B\xdd}o+\x7f\x92\xa0\xbe\xdet\x1eHq\xf1\x97\xd1\x16\xd9\xd2\x81J\xf0u@q\x1a\xae<\xf7\xf7$,xx8\xe7\xed\x1a\xf4\x88!R\xbf\xf0i9\xb8h\xa1n/tA\x8c\xea2\xce\xaa\x872\xc7\xbd\xdd\x12\xf5\x03V\x8ct4\x06h\\\xb8\xb2\x12R\xdd\x8f]\xb9v\x06+\xbf\xa8DEX\xdd\xc3\x98s\x8fy:\xa4\x02\x1a\xc7\x83\xe3\xb3\xd8!\xd13\x04\x91"{R\x97\x14\xe4w.\xd2\x85w\x10\xb4\x03\x95u\xcdk/\xed\x82p\xab9\x88u\x96O\x04\xb2\xe6\x95(#\xa5\xbc\x14fH#\x19\x9fZ\x97\xb6\xa1^\xb0\x1f"k\xeb\xc7\x1a\x84r^)p\x15\x9a\xc5\xe2\xa0\xcdX\x153\x81\x1b\xa0\xf8ZA\x05\x1d\x8a\xbb!\xfe7\xee|D\xc3\x01\x0f\xca\xe1\x9a\xa6h=\xda\xab"\x0fh\x05d\xb3/X\xcc7\x1b,}\xae\x07s/\xc8\x00\x07R\x9boc\x86\x96\x8fD\x03\xaf \xdc\x0f\x0f\xa3\xb8?U1j\xde\xe2\x16\xe9T#\x07\xba\xb3cCf\xf1[\xe6\xb1\x97\xe2_\x1a\x1d\xdc\xc0\xff\xaaJ\xb67.\xc2\xc7\x81\xf6\x7f\xea\xa2\xb5\xb8\x84\xb9\xeb1\x0f1m\xd7\xed\x1e\xbb^\xb3\xffN\xb2\xb7\x95v\x9e\x0fT\xce\xce\xc8V\xbc\x96\xa5\x06x\x99\xd7?#\xcev\xad\x97\xa8f\x0b\x05\xd3\x84\x1aY\x1fSN\x93E\xec\x1eh5EJ\xcc\x9a\x01\xd8\x1ew#\xc7\r\xd4\xf9\xc9\xcf\x85\xbb\x15\xccL\xc7\xcd\x98\x84\x0cv\x17\x01\xef\xddo\xacZ\xa9\xb3\xc0\xe2u1\xf2G\\\x07\x87o\xe8O\xed\xbd\x91\xf4\x93/\xe1\xd3\xbbHDV\xb5\x11?\xac\x8dV\xed7\xb4\x02G\xfa\x8c\xa2? \xc6e\x88\xd5\xe7j\x17c\x07\xe2\xb0\x85\xa6\x95|\xa6\xb9xe\x0b\xc3\xee{@=v\xb4\xa6\x0e\xa9\x1d`+g\x98\xe3\xc8\xab\xd7\x04\xcf\xb6Y\xc1\xbc\x1bV\xb5\xf7\xea\xd4\xe0\'K\xa2\xf0\xe5\x82c\x9a\xd1\xd1\xc7\xdaJn\nKx\xc0\xcd\x82\x7fw\x81\xc4\x99S\xcb\xf8R>\xb3\x9b\xb9o{\x9f\xe6s\xa8\x16Wc7G$\xecm\xb9\xf3\xf3+{I\x84\x0c\x8b0O\xe83S\x8d\xb8\x13L5\xaa\x98\xad\xf1\xe6da\xd95\xe7\x99ud\xdaW\xc3\xacl\xe0\rE\xf0\x1b\xc9\xd6\x0e\xd5\xe9\xc2\xf1\x8e\x02\xd3IT\xb0\xe9\xf5\x8e\xc6\xd9P\xa6\xacC\x06\xde\xe7\xb5\x12\xb8Y[\x0c\x94%Zu\xc0\x8b6\xcd\xa5a\xbc\xfa\xd1\x949\xf7\x94w\xf9\xba\x002\x9b\x12\xcf@n\xeb\xe4S\xbfD\xb5{b\x12`\x91\x11w\x92\x86\xf9\x04?\xbe\xaew\x94\x9a\x11\xc9\xe3\xcd\xe0\x98\xf0\xdb\x00_\xa9M\xbb\xf1b\xa3\x9e\xc3\x96\\\xe5\x86+\x8914rR\xa3-K\x8f\\\xdd{\xbb\x13b\x91\x12f\xec\xdb\x95\x1aF\x9bM\x8cZ\xe5\x9f\x9f{\x1bx\x14@\xdc#\xdd\xb5\xc3hL=\xf1*\xdd\\R\xf9\xaey\x11N\xe5(B\xdd\x1fG\xa2\x8b\t\x83\xb9\xc4\xf9\x95\xd0<*\x0e7=Y\xb2n\xd7\x11EX\x95\x90\xd3\xdd\x93\xfb\x97\xaeY_\'y\xa1S\r\x9e\xa2%\xe2\xc3\r\xdf\xd8\x80\x17\xde\xc9\xcfw-\x11\xf1\xc7c\xf1\xfa\xe3`\xfb\xcdG\x9a\xdf\xc9\x83r\x0ebJ\xcd\x05\x03\xec\xc2\xbbHF\x97\xa6\xc9x\xb7c\xacE\xd1\xff\xa5\xdcZK\x07-\xef\xf9\xe7\xe7\x87\xccD\xaa\xd4\x8bA.\x9d\x00wg\\y:\xab\xdfp,e*t\xca`\x87\xd7<\xbdh}\xa7\x16\x9dThHH\x94\xaaV\xc8\x19X\x12\x9bz\xea\xd5\x1cZ\x84s+\x15L~\xa9\xe9^E\xda?\'\xbe\xad\xf6\x82\xfa`\xc7\xde\xaf\xf5 ht\xce\xb2\x8a#e\xca\xf0\xf1&A\xbdv\x97\xfb\xe0\xb7\x8d\xed\x1b\x88\x86\xc1\xa0\xec\xd7VH\xd5]\xdc\x80\xfc\xd7\xd4i\x16\r0\xbb\x87)b\xdd\x1d,\t\xb3<\x1aFQ\x84\xdd\x84\xf6\x95\xa0i\x97/\xa3U\x0f\xa2\x864}\x03\xcc\xa8o\xc5\xe6\xd7\xc3\x9b\x0e]\xe9XH\xc3\xe3\xa8\x8dv\x1d\x03\xb1\xd4H\x89\xbe\xf9p\x98\xec\x9d:\x92\x94\x9e\x04\t\xb5C\x184i5\x17\xcf@@Y\x0cNB\x0c\x9b\xf4\xc9\x98\xc8\x83d\x88b\x96\t\xe6\xca\x87YO_\x89#\x94\xfdx\xbd\xff\x1c\xc3"\xa0d#\x82"A\xee/>\xfb|\x192\x92\xdc\\k3\x1e\x8b#\x8a\xe9\x1dht\xe2N\xd4V\xf0|\xe2\xbc\x9e\x90\xac\x15\x0b\x05\xdb\x97\xafo\xb7\xeb$\x12d\x87\xff6\xbf?*H\x00\x82\xd2\xf2\x9fog\x8a\xacy\xfe\xa5\xa38p\x886\xf0\xdd;A\xa5\xee\xcf\x84@\xdb\x8c\x1d\x0f\xacI\xd2\x82XunE\x87\x9eTB\x95\x9f\xf2\xe3\x13\xd1\xc0\xcf\x8aXah_\n\xe0\xcey\xbe\'\xad\xc4\xd8\xee\x96\x0f\\\xa3Q\x1b\xfcH\xfd\xa7r\x01\x16\xc5\xfb\xf90\xef#\xe3\xbeo-;\xad\x8b\x13a\x8e6h\xa9\xdd\x06\x81\xd7\x07\xf1\x01\xe7\x98\xc7a\xab&\x19\x01&\x82\xd8/\xe7\xb9o\xb9\x86e\xdf\x08T\x01C]>\xa0\r\x9e_Z!#\x95\x11\x15\xfc\x0f\xad!\xf8@\xd9\r\xdbY\xaf\xce/\xf1,\xd2\xf66\x9b|\xff\xc8\x7f4mi\x8a\x0fi\xec\xbb\xb3)\x86\xe1\xedmd\xa2[\xd7oG(bU\x9c.\xfa\x12\x17\x8e\xbc\xa6u\xc3\xb3\xfd\xaf\xfa\x06h\x02 \xab{-\x1b\xd5\x8b\xcc\xdej\xa7\xf1\xbe7\xe9\x1a\x19r\xcdHg\x99\x85\xcd\xe3R\xb98@\xec\r\xc4\xb9\x93\xee\x8a\x17Gj\x85\xb8d\xc1\xc7\xd7\x96vs\xf0\xe94u\xeb\xcf\xff\xe0\xb4\xcaS2\tQ\xfa8\x0f\x9c\xa4e=Q\x96\xa2\x9e\xd0\xb4\x0c;\x85D\xd8\x08k\xcb\xd7s\xa0P\xb6\x0e\x1e\x0c\xdaj\xae\x94\xc4pcK\xbf;q\x9c\x13'
tbI624
I0
F0
tb.