# time 	 divergence 	 # of mutations 	 # IGC chances 	 IGC length 	 # IGC failures 	 Changes due to IGC  	 % change due to IGC 
0.0	0.0286298568507	0	0	0	0	0	0.0
0.000196708779886	0.0286298568507	0	1	3	0	0	0.0
0.000345285092034	0.0265848670757	0	2	3	0	1	1.0
0.00075662800618	0.0245398773006	0	3	3	0	2	1.0
0.00080489597649	0.0224948875256	0	4	3	0	3	1.0
0.000906201507329	0.0224948875256	0	5	3	0	3	1.0
0.00122360613365	0.0224948875256	0	6	3	0	3	1.0
0.00127039983169	0.0224948875256	0	7	3	0	3	1.0
0.00131780168692	0.0224948875256	0	8	3	0	3	1.0
0.00167259799472	0.0224948875256	0	9	3	0	3	1.0
0.00176610713279	0.0224948875256	0	10	3	0	3	1.0
0.00199314370669	0.0224948875256	0	11	3	0	3	1.0
0.00217963257126	0.0224948875256	0	12	3	0	3	1.0
0.00227719950814	0.0224948875256	0	13	3	0	3	1.0
0.00266994659077	0.0224948875256	0	14	3	0	3	1.0
0.00321510294535	0.0224948875256	0	15	3	0	3	1.0
0.00357207676803	0.0224948875256	0	16	3	0	3	1.0
0.00371786986009	0.0224948875256	0	17	3	0	3	1.0
0.00414942850419	0.0204498977505	0	18	3	0	4	1.0
0.00417060596845	0.0204498977505	0	19	3	0	4	1.0
0.00418020126925	0.0204498977505	0	20	3	0	4	1.0
0.00437604752878	0.0204498977505	0	21	3	0	4	1.0
0.0044390994928	0.0204498977505	0	22	3	0	4	1.0
0.00445388603528	0.0204498977505	0	23	3	0	4	1.0
0.00493740637301	0.0204498977505	0	24	3	0	4	1.0
0.00520804138203	0.0204498977505	0	25	3	0	4	1.0
0.0053976408559	0.0204498977505	0	26	3	0	4	1.0
0.00548976297223	0.0204498977505	0	27	3	0	4	1.0
0.0055462578667	0.0204498977505	0	28	3	0	4	1.0
0.00617682566779	0.0204498977505	0	29	3	0	4	1.0
0.00639135294971	0.0204498977505	0	30	3	0	4	1.0
0.00709627862404	0.0204498977505	0	31	3	0	4	1.0
0.00710143184234	0.0204498977505	0	32	3	0	4	1.0
0.00759613500772	0.0204498977505	0	33	3	0	4	1.0
0.0077328916813	0.0204498977505	0	34	3	0	4	1.0
0.00781663917268	0.0204498977505	0	35	3	0	4	1.0
0.00803071450272	0.0204498977505	0	36	3	0	4	1.0
0.0087124186864	0.0204498977505	0	37	3	0	4	1.0
0.00902335764323	0.0204498977505	0	38	3	0	4	1.0
0.0090345163757	0.0204498977505	0	39	3	0	4	1.0
0.00906161395442	0.0204498977505	0	40	3	0	4	1.0
0.00909813260141	0.0204498977505	0	41	3	0	4	1.0
0.00920167677375	0.0204498977505	0	42	3	0	4	1.0
0.00935694168621	0.0204498977505	0	43	3	0	4	1.0
0.00947983602142	0.0204498977505	0	44	3	0	4	1.0
0.00962848529705	0.0204498977505	0	45	3	0	4	1.0
0.00968136185556	0.0204498977505	0	46	3	0	4	1.0
0.00979201640115	0.0204498977505	0	47	3	0	4	1.0
0.010142593616	0.0204498977505	0	48	3	0	4	1.0
0.0103138548854	0.0204498977505	0	49	3	0	4	1.0
0.0107543370212	0.0204498977505	0	50	3	0	4	1.0
0.0111645832038	0.0204498977505	0	51	3	0	4	1.0
0.0111671368294	0.0204498977505	0	52	3	0	4	1.0
0.0112483726773	0.0204498977505	0	53	3	0	4	1.0
0.0117882591831	0.0184049079755	0	54	3	0	5	1.0
0.0119718912668	0.0184049079755	0	55	3	0	5	1.0
0.0121136957457	0.0184049079755	0	56	3	0	5	1.0
0.0124286131157	0.0184049079755	0	57	3	0	5	1.0
0.013037151214	0.0184049079755	0	58	3	0	5	1.0
0.0132128931549	0.0184049079755	0	59	3	0	5	1.0
0.013516560483	0.0204498977505	1	59	3	0	5	0.833333333333
0.0136072031645	0.0204498977505	1	60	3	0	5	0.833333333333
0.013629983378	0.0204498977505	1	61	3	0	5	0.833333333333
0.0136913849157	0.0204498977505	1	62	3	0	5	0.833333333333
0.0137031271388	0.0224948875256	2	62	3	0	5	0.714285714286
0.0139774805783	0.0224948875256	2	63	3	0	5	0.714285714286
0.0140621817351	0.0224948875256	2	64	3	0	5	0.714285714286
0.0153978717356	0.0224948875256	2	65	3	0	5	0.714285714286
0.0155391189783	0.0224948875256	2	66	3	0	5	0.714285714286
0.0162326693163	0.0224948875256	2	67	3	0	5	0.714285714286
0.0167248384355	0.0224948875256	2	68	3	0	5	0.714285714286
0.017367541064	0.0224948875256	2	69	3	0	5	0.714285714286
0.0175988128658	0.0204498977505	2	70	3	0	6	0.75
0.0176305848433	0.0204498977505	2	71	3	0	6	0.75
0.0176482989523	0.0204498977505	2	72	3	0	6	0.75
0.017938683	0.0204498977505	2	73	3	0	6	0.75
0.0179445271271	0.0204498977505	2	74	3	0	6	0.75
0.0180688829044	0.0204498977505	2	75	3	0	6	0.75
0.0181187292773	0.0204498977505	2	76	3	0	6	0.75
0.01842479918	0.0204498977505	2	77	3	0	6	0.75
0.0184750829457	0.0204498977505	2	78	3	0	6	0.75
0.018816501328	0.0204498977505	2	79	3	0	6	0.75
0.019120061069	0.0204498977505	2	80	3	0	6	0.75
0.0192658395168	0.0204498977505	2	81	3	0	6	0.75
0.0195036556983	0.0204498977505	2	82	3	0	6	0.75
0.0195790223613	0.0204498977505	2	83	3	0	6	0.75
0.0199384024742	0.0204498977505	2	84	3	0	6	0.75
0.0200349296717	0.0204498977505	2	85	3	0	6	0.75
0.0201474567614	0.0204498977505	2	86	3	0	6	0.75
0.0205676191621	0.0204498977505	2	87	3	0	6	0.75
0.0206398302239	0.0204498977505	2	88	3	0	6	0.75
0.0209991814512	0.0204498977505	2	89	3	0	6	0.75
0.0210135790151	0.0204498977505	2	90	3	0	6	0.75
0.0212780311155	0.0204498977505	2	91	3	0	6	0.75
0.021354779393	0.0204498977505	2	92	3	0	6	0.75
0.0217056889091	0.0204498977505	2	93	3	0	6	0.75
0.0217933501884	0.0204498977505	2	94	3	0	6	0.75
0.0226391919252	0.0204498977505	2	95	3	0	6	0.75
0.022640259704	0.0204498977505	2	96	3	0	6	0.75
0.0226684494516	0.0204498977505	2	97	3	0	6	0.75
0.0227926903967	0.0204498977505	2	98	3	0	6	0.75
0.0228808777812	0.0204498977505	2	99	3	0	6	0.75
0.0229523851566	0.0204498977505	2	100	3	0	6	0.75
0.0236502982953	0.0184049079755	2	101	3	0	7	0.777777777778
0.0243178643775	0.0184049079755	2	102	3	0	7	0.777777777778
0.0245371782325	0.0184049079755	2	103	3	0	7	0.777777777778
0.0245395265548	0.0184049079755	2	104	3	0	7	0.777777777778
0.0245624956645	0.0184049079755	2	105	3	0	7	0.777777777778
0.02484108107	0.0184049079755	2	106	3	0	7	0.777777777778
0.02542913022	0.0184049079755	2	107	3	0	7	0.777777777778
0.0256109696979	0.0184049079755	2	108	3	0	7	0.777777777778
0.0256419526543	0.0184049079755	2	109	3	0	7	0.777777777778
0.0256751434568	0.0184049079755	2	110	3	0	7	0.777777777778
0.025758173172	0.0184049079755	2	111	3	0	7	0.777777777778
0.0258296702295	0.0184049079755	2	112	3	0	7	0.777777777778
0.0261850941874	0.0184049079755	2	113	3	0	7	0.777777777778
0.0264749905603	0.0184049079755	2	114	3	0	7	0.777777777778
0.0268726747987	0.0184049079755	2	115	3	0	7	0.777777777778
0.0269378907341	0.0163599182004	2	116	3	0	8	0.8
0.0269946701332	0.0163599182004	2	117	3	0	8	0.8
0.027054916828	0.0184049079755	3	117	3	0	8	0.727272727273
0.0270622745948	0.0184049079755	3	118	3	0	8	0.727272727273
0.027109496688	0.0184049079755	3	119	3	0	8	0.727272727273
0.0272807055963	0.0184049079755	3	120	3	0	8	0.727272727273
0.0275416556362	0.0184049079755	3	121	3	0	8	0.727272727273
0.0277515050295	0.0163599182004	3	122	3	0	9	0.75
0.0280033187391	0.0163599182004	3	123	3	0	9	0.75
0.0281039426692	0.0163599182004	3	124	3	0	9	0.75
0.0281269115716	0.0163599182004	3	125	3	0	9	0.75
0.0281623477256	0.0163599182004	3	126	3	0	9	0.75
0.0282689625361	0.0184049079755	4	126	3	0	9	0.692307692308
0.0286874361214	0.0184049079755	4	127	3	0	9	0.692307692308
0.0291945389528	0.0184049079755	4	128	3	0	9	0.692307692308
0.0293614171317	0.0184049079755	4	129	3	0	9	0.692307692308
0.02941714454	0.0184049079755	4	130	3	0	9	0.692307692308
0.0297251917526	0.0184049079755	4	131	3	0	9	0.692307692308
0.0299418671864	0.0184049079755	4	132	3	0	9	0.692307692308
0.0299667527266	0.0184049079755	4	133	3	0	9	0.692307692308
0.0300027723519	0.0184049079755	4	134	3	0	9	0.692307692308
0.0306189281248	0.0184049079755	4	135	3	0	9	0.692307692308
0.0309051449022	0.0204498977505	5	135	3	0	9	0.642857142857
0.0309255827534	0.0204498977505	5	136	3	0	9	0.642857142857
0.0318564828146	0.0204498977505	5	137	3	0	9	0.642857142857
0.0319450187087	0.0204498977505	5	138	3	0	9	0.642857142857
0.032159783606	0.0204498977505	5	139	3	0	9	0.642857142857
0.0321764015824	0.0204498977505	5	140	3	0	9	0.642857142857
0.0322087480258	0.0204498977505	5	141	3	0	9	0.642857142857
0.0322652100222	0.0204498977505	5	142	3	0	9	0.642857142857
0.0322792758726	0.0204498977505	5	143	3	0	9	0.642857142857
0.0323802516501	0.0204498977505	5	144	3	0	9	0.642857142857
0.0325930404785	0.0204498977505	5	145	3	0	9	0.642857142857
0.032628728061	0.0204498977505	5	146	3	0	9	0.642857142857
0.032654363547	0.0184049079755	5	147	3	0	10	0.666666666667
0.0336007350299	0.0184049079755	5	148	3	0	10	0.666666666667
0.0337208470126	0.0184049079755	5	149	3	0	10	0.666666666667
0.0337276576412	0.0184049079755	5	150	3	0	10	0.666666666667
0.0338173773509	0.0184049079755	5	151	3	0	10	0.666666666667
0.0338508419513	0.0184049079755	5	152	3	0	10	0.666666666667
0.033945894263	0.0204498977505	6	152	3	0	10	0.625
0.0340800551226	0.0204498977505	6	153	3	0	10	0.625
0.0348013165593	0.0204498977505	6	154	3	0	10	0.625
0.0348842824645	0.0204498977505	6	155	3	0	10	0.625
0.035022609348	0.0204498977505	6	156	3	0	10	0.625
0.0354187683325	0.0204498977505	6	157	3	0	10	0.625
0.0356786000176	0.0204498977505	6	158	3	0	10	0.625
0.0358407744155	0.0204498977505	6	159	3	0	10	0.625
0.0361226100196	0.0224948875256	7	159	3	0	10	0.588235294118
0.0361682095366	0.0224948875256	7	160	3	0	10	0.588235294118
0.0362724963943	0.0224948875256	7	161	3	0	10	0.588235294118
0.0363818694586	0.0224948875256	7	162	3	0	10	0.588235294118
0.0366132457228	0.0224948875256	7	163	3	0	10	0.588235294118
0.036620583509	0.0224948875256	7	164	3	0	10	0.588235294118
0.0371678758604	0.0224948875256	7	165	3	0	10	0.588235294118
0.0377728880187	0.0204498977505	7	166	3	0	11	0.611111111111
0.0386520110005	0.0204498977505	7	167	3	0	11	0.611111111111
0.0390053401742	0.0204498977505	7	168	3	0	11	0.611111111111
0.0396379768669	0.0204498977505	7	169	3	0	11	0.611111111111
0.0397758644165	0.0204498977505	7	170	3	0	11	0.611111111111
0.039808114677	0.0224948875256	8	170	3	0	11	0.578947368421
0.0398090205499	0.0224948875256	8	171	3	0	11	0.578947368421
0.0398280642212	0.0224948875256	8	172	3	0	11	0.578947368421
0.0400146184242	0.0224948875256	8	173	3	0	11	0.578947368421
0.0401352873365	0.0224948875256	8	174	3	0	11	0.578947368421
0.0403711445012	0.0224948875256	8	175	3	0	11	0.578947368421
0.040670297426	0.0224948875256	8	176	3	0	11	0.578947368421
0.0408090725197	0.0224948875256	8	177	3	0	11	0.578947368421
0.0412371292134	0.0224948875256	8	178	3	0	11	0.578947368421
0.0412965362061	0.0224948875256	8	179	3	0	11	0.578947368421
0.0414513907645	0.0224948875256	8	180	3	0	11	0.578947368421
0.0415968855408	0.0224948875256	8	181	3	0	11	0.578947368421
0.0420477582502	0.0224948875256	8	182	3	0	11	0.578947368421
0.0425221837173	0.0224948875256	8	183	3	0	11	0.578947368421
0.0426087918975	0.0224948875256	8	184	3	0	11	0.578947368421
0.0426459522777	0.0224948875256	8	185	3	0	11	0.578947368421
0.0427060726162	0.0224948875256	8	186	3	0	11	0.578947368421
0.0427512464113	0.0224948875256	8	187	3	0	11	0.578947368421
0.0430281109296	0.0224948875256	8	188	3	0	11	0.578947368421
0.0434006234331	0.0224948875256	8	189	3	0	11	0.578947368421
0.0435311946128	0.0224948875256	8	190	3	0	11	0.578947368421
0.0437601263461	0.0224948875256	8	191	3	0	11	0.578947368421
0.0438553352079	0.0224948875256	8	192	3	0	11	0.578947368421
0.0438797727217	0.0224948875256	8	193	3	0	11	0.578947368421
0.0439151209876	0.0224948875256	8	194	3	0	11	0.578947368421
0.0440017503164	0.0224948875256	8	195	3	0	11	0.578947368421
0.0443898998233	0.0224948875256	8	196	3	0	11	0.578947368421
0.0448581408721	0.0224948875256	8	197	3	0	11	0.578947368421
0.0449408785694	0.0224948875256	8	198	3	0	11	0.578947368421
0.045253535815	0.0224948875256	8	199	3	0	11	0.578947368421
0.0453149315522	0.0204498977505	8	200	3	0	12	0.6
0.0453707825154	0.0204498977505	8	201	3	0	12	0.6
0.0454160841034	0.0224948875256	9	201	3	0	12	0.571428571429
0.0465393768808	0.0224948875256	9	202	3	0	12	0.571428571429
0.0469790917859	0.0224948875256	9	203	3	0	12	0.571428571429
0.0470097323223	0.0224948875256	9	204	3	0	12	0.571428571429
0.047232956875	0.0224948875256	9	205	3	0	12	0.571428571429
0.047357226887	0.0224948875256	9	206	3	0	12	0.571428571429
0.0474345371633	0.0224948875256	9	207	3	0	12	0.571428571429
0.0478282708114	0.0224948875256	9	208	3	0	12	0.571428571429
0.048026123747	0.0224948875256	9	209	3	0	12	0.571428571429
0.0482101645468	0.0224948875256	9	210	3	0	12	0.571428571429
0.0482359415626	0.0224948875256	9	211	3	0	12	0.571428571429
0.048380043323	0.0224948875256	9	212	3	0	12	0.571428571429
0.0491279959478	0.0224948875256	9	213	3	0	12	0.571428571429
0.0493038383122	0.0224948875256	9	214	3	0	12	0.571428571429
0.0494467569407	0.0224948875256	9	215	3	0	12	0.571428571429
0.0499439314518	0.0224948875256	9	216	3	0	12	0.571428571429
0.050470468011	0.0224948875256	9	217	3	0	12	0.571428571429
0.0505824382197	0.0224948875256	9	218	3	0	12	0.571428571429
0.0507650189667	0.0224948875256	9	219	3	0	12	0.571428571429
0.0510148497574	0.0224948875256	9	220	3	0	12	0.571428571429
0.0511170973287	0.0224948875256	9	221	3	0	12	0.571428571429
0.0511490150766	0.0224948875256	9	222	3	0	12	0.571428571429
0.0512510072397	0.0224948875256	9	223	3	0	12	0.571428571429
0.0514222446789	0.0224948875256	9	224	3	0	12	0.571428571429
0.0515182431894	0.0245398773006	10	224	3	0	12	0.545454545455
0.0516207973251	0.0245398773006	10	225	3	0	12	0.545454545455
0.0519030365557	0.0245398773006	10	226	3	0	12	0.545454545455
0.0521212850259	0.0245398773006	10	227	3	0	12	0.545454545455
0.0526219760786	0.0245398773006	10	228	3	0	12	0.545454545455
0.0530358455046	0.0245398773006	10	229	3	0	12	0.545454545455
0.0537569413888	0.0245398773006	10	230	3	0	12	0.545454545455
0.053801055618	0.0245398773006	10	231	3	0	12	0.545454545455
0.0538765670329	0.0245398773006	10	232	3	0	12	0.545454545455
0.0546331346225	0.0245398773006	10	233	3	0	12	0.545454545455
0.0546470014467	0.0245398773006	10	234	3	0	12	0.545454545455
0.054777446461	0.0245398773006	10	235	3	0	12	0.545454545455
0.0551801337208	0.0245398773006	10	236	3	0	12	0.545454545455
0.0553343604594	0.0245398773006	10	237	3	0	12	0.545454545455
0.0555834069594	0.0245398773006	10	238	3	0	12	0.545454545455
0.0556551658469	0.0245398773006	10	239	3	0	12	0.545454545455
0.0556739175594	0.0245398773006	10	240	3	0	12	0.545454545455
0.0557927648242	0.0245398773006	10	241	3	0	12	0.545454545455
0.0561283325774	0.0245398773006	10	242	3	0	12	0.545454545455
0.0561689849648	0.0245398773006	10	243	3	0	12	0.545454545455
0.0563532995441	0.0245398773006	10	244	3	0	12	0.545454545455
0.0565281905189	0.0245398773006	10	245	3	0	12	0.545454545455
