cnumpy.random
__RandomState_ctor
p1
(tRp2
(S'MT19937'
p3
cnumpy.core.multiarray
_reconstruct
p4
(cnumpy
ndarray
p5
(I0
tS'b'
tRp6
(I1
(I624
tcnumpy
dtype
p7
(S'u4'
I0
I1
tRp8
(I3
S'<'
NNNI-1
I-1
I0
tbI00
S'0\xcdR\x94!>\x82\xc4\rB\xe2]\x0f\x90\xdf\x143\xce\xfb\xc6$@\x0c\xbb\x9c|\xe9z\xf8\xb9\rD\x18\xec\x0c\xe5S\xc2Gm\x94\xbd?\x8c\x94\xe3M\xb5\x0e->\xcd\x06\xed7\x8e\x93\x8ash\x06\x89\xa3j\xb34&\x0e\x83\xb9\xc7\x03\xed\xb1\xf8\x1ca\x1c]\x8d\xcaY\x1a\xc9\xc06X\xa4\x1e\xae\xf6"\xa1!\x1c\x00\xa5\xdd\xd8c\xed>\xf9\x07\xbfy\xca\xf0\xa2\xbe\xfeN6\x9b\x1c\x92M*\t}D\x0c\xc8\x04\x1bI\x93\x9c\xc4\xfd\x06r\xd0\xa2\xca"\xaa)=f\x98j\xe0\x15\xd6\x87OF!pd]K\x80!\x18\x1d;\xd2\x95\x84_\xfc\x12\xe0\x9a\xbf\'\xb6vPg\xbe\x97\xa1\x94=\xd5\xe6u\xea\x1aaUiE\xf8A\x83T\x85\xec\xf2\x16s\x92\xd0Uge\xc4\x9f\x8cq\x8f1\x87\xcb\xb9PAf\x94\xaf\x1e(\xca\xa8/\xca\x83\xb0\xf1N)A\xea\xd09Z\xf8l\xc8L?\xee\xda\xd8\xa5gHb(D\x0f\xd1\xcf\x8a&\x91g\x87\xce\x02w|\xdc\x08\x1f\\\xf2\xd3\xc6\xc8\xeb?Y\xfe\xf7\x16\xef#\x88\xe3\xd2\x0f\xf6\x9ct\xbe\x95[%\xa4z\x99\x11:\xb7Zl\x068\xe4NJ\xc6V,{K\x19}\xe8\xe9i2\x93$\xaa/\x86L\\q\xe5\x06\xea\xa5@\xf3\xcfJ\xe9\x87\xf2\xc07\x00\x0e$rW\xeb\xb6[\xe9e\x98\xcc7\x85p\x95K\x1c\xa9A\xd1\x0e\xbbJy?\xb0\xf5\t\xf6Y3r\xdf\x02\xf4\xbc\x8br\xba\xe6A\xaa\xf3v!\xc2\x1f$\xf6~\x1f\xca1\x01\x82\xb8\x89E$\x87\x1ct\xc3|y^f\xecM\x13a\xc3\x060\xd6I=\xcc\xca*\x9d\xc0\x88Z\x9a_\xe5\xdcX\xdbL\x93Zu\x8a\xb4\xf4G\xa7,\x1844k\xe5\xc9\xc7\x87\xed>1[\x89\\\x86\xef\x9f\x01\rM\xd7\xfdo\xbc\xf6\xe7\x8d\x9c\xa6\xeal\x00\xdcDZj\xf8\xf5\xf3K\x1b\xcaE\xd3\x91hs\xcf,\xf9\xec\xbe~\xdf\xd4X\x81\x14\xb3M\xd8\x95.h\xc1\x04\xfd\x8bY4\x8a0\xd4\xa1\xf6\xc9\x82d@\xca\x1cV\xc6\xb9\xf8\x95\xb2\xc5$|\xd9#\x13\x9e\xdb\xd6H\xb3\x94\xd8\x7f\x9e\x04\\8\x83\xa9\x1a\xc7%DoX\x0f\xec"\xc7\xd0<^\x01f\xd9\xab\xce\xef\x99\x8aeSmJ\x8a\x82\xbc\xbc\xc2:\x7f\xe7\xbf\xef\x1147\x9a*\xe7CZ\xa1;Y\x0c\xea\xf1\x8b\xff\x84\xbe\xbe\xd5!\xf6L\xedS\xaa\x9a\x94\xaa\xb7\xf7[\xf2\x04|\xeb\xaa\xfa\xc6\xcc\x11DO\xc0\xaf\x90\xc9pC/X\xf9\xa6C\xa8\x04&d\xfeo\x91\xfb\xbd\tl\x1cY\xe7\xb8\x9ch,\x89 \xa9&\xc4\xdamh\x96u\x08\xfc\xbd%,V\xd8p\x0e\xa7\\\xf7\xb3\nR\xfb\xf6a#3\'s\x99\xc9^\xf9\xd8\xc7\xfeF\xf8n\xe0n[\x07!\xb8\xa2q<\xf1\xf0\xf34\xfdAp\xe1(\x94M\xbf{\x19\'\xfd\xff/\xb1\x81\xc2f\x81|O\xaf\x14\xcdb\xfb\xcd\xee9\xb2_7\x04(\x1f\xed\xcb\xb6\x86\xbe\xc0\xe4PH\xce\x05O8rK\xe6\xbb\x00\n\xb5R\x9e#\x14G\xefm\xf2\xf1\x08\\\x15_7\x14\x8c\x0e\x9a\xf7i\xd38\xe5_I7\x1b\xe2kW\xa4\xd9n\x8b\x0bV\xc5Bs\x91\x88B6v\x88G\xd3\xeet\x91\xf9\xcec\x9c\x03gS=&\xc5\xb1Zp\x05\x89B\x83\x8f\x1d\xc4\x83[\xc0\xbe8\xe6izk\x12\xe5\xe9\xd9\xb5\xd3w\x89cR\xfc\n\xcc\xe1\x87e\x88\x86\x11\xe6xO\xbc\x15\xe2\xd4\xc1NL\xe5\xd2I\x97\x95\xad\xd4\xfe?Qdk\xfbQ>\x9b\x88\x10c6j>\xc6\xd9\x93\n\x0bG\x92\xc5\xbb[h\x9a\xa7\x90\xda\xcf\xf4y\xefM=\xb6\x1a\x96\xd4\xc2\xab\x8d\x94\xfb`\xfa,\xfe\x80\x8d\xab\x03`\x94[aD\xba\x18\xb4\xdb\xf5\xdc\xc8\xcf~\xbd\x87\t\xbf\x93\x88\xd8.gu\xb0\xc2\xc4\x9a\x10\x1bO;\x83(A\xa4 \x94~j\xe4Az\xb12\x1e`e\xee\xfe\xad6\xdd\x00!\xd0c\x96\xdc\x1aR\xdb\x0b\xdf\xc88f0y\x00\'\xe3\x8d\xf0\x93h\x19\x14I\x8eo\x9c_\xd79\xb0\xbb\xe4\x1b`\x96\x88\xcapb\xdc\xdb\xc6T1\x19\xf2\xfdN$D\x10Ye\xad\x93\xed]\x03\x92)8\xaf\xfab\xd5wql;\x95\x9f\xb8\xd8\n.\xae\xc3^[\xa7\xb9\xb6C-\x06\xb2\xa8Cb\xe3\xb4\x97w\x15\xbd\x13\xdf\x96>z\xe1Z\xa0\x0b\x95\xe2Ch\xd1\x15s\x97\x9a\x94\xa4S\xcbe!\x98\x89\n\x81\rX\xf6\xb8\xd0R\x9d\xf9,\x1a\xde\xacST^\x05e\xc5\x01\ne\xd0K\xe4\\\xea\x1d\x94x\xb2F4\xf9\xf1\xb8\xbb\x91\xf3\xe1\x10E\x94\xf8b\x0b\x01\xe6\n>s\xd1\x94\xfb\x8aO[\xe0fl\x1f\xf5Z\xd7\xeb\x9b\xd4\xd8\xab\x8d\x84\xa1.\xfdo\x05\xe6\xc5S\xa0\xd6Pn\xb8E\x08\xe4\x1eR\xf3s\xe2\xde\xb5$7$\xe0\xfa^\xec\x14\x84\xc7$h\x9e\xe0v\r\xf2\xe5t:\x0c,%d\x19aY\x81\x18\x0eD\xf8\t\xe7M\xa5^\x12\xc5\xb0\x13\xae\x95t\xed\xd4\xd4\xe4#\x1bT\xa01\x137\x89\x8a/\xda\x1d\x97\xf3\xd3\x1f\xd9\x956\xc7[d\x87/\xb9\x86\rR\xd0Z\x13LK\xbd\xd4\x18*\xb7\xed\xa4\xfcf\xd2\x95D\xe0\xc9{^\x0f\xcc\x81\xe3o(\x8f-\xb8$\x95\r"\xe2:\x9e\x9cf\xa5^\x91\xd7zh\xbf\tf\xb2%\x1bJ\xfa{_\xa3?+\x10=\x90\xd1\x19\x14\x1c"\xe0\x91\xef<(\xb3\xa8\xe9I\xcd\xe6\x14\x14].\xd8\xc4\x00,[\x13Om\xe7\xbc=\x90\x86\xd5\x80\xb7r\xc9\x03\x9f\x88\x9e\x0cK\xe7\x98\x11\x0e\x1e:\xbe\xaa:\x9d\xdb=\xdc\xfb\x94\x08\x912\x90\xff5"\xb0\xf4\x1b+\xfc\xe1\x15\x95\x05)\xbc-\xb8]\x1a2OF\x99\xff\xa9]\xc7\x08\xf6\xcb\x93T\xdaU\x95\x82k\x08\x11\x08\xb7@\xc7\x80\x06n\xc1\x95}r\xd5\xb4,\x8c#\x90qi[\xf2n\xd6N\xf6c\x96\x8fxw_}|\xd2\x82\xb3TS\x86\x8a]\xf8:\'xE\x8c\xae\xea<\x90s\x01\xbd\xe3\x19\r\xc5\x1f\xb3\x0b\xa1R\xcb\x08\xb7:M\x9b[2\x82\x88\x94&F\xee\xc9\xaa\xd8\xa8\x15\x96s\x93\x9f\xf6\xb6\xe8:\xf6\x1c\xcb\xb6\xf1\xe6\xa85\x8b?\x13\x9fY\x91\xdf,\xd2\xce\xe4\x9c\xd4\x05u\xf3\xca\xa8V\x16\xc6\xc0\xa1\x80Cv\xdf\x93P\xfd\xb2\xde\x05\xb4\x96\x86\x81\xeb\xce\xb3\x88\x19\xbfJ\xbbE\xa9U\x80\xe9n\x93\xed4\xc3r\xbd\xde\xe6u\xb8\x18\xa8\xc7\xf8\x97\xe4\x90Ft\xe0\xd9\x8b\xeaCXg\xabj\xcd\x87\x1a*\xe1\xe9\x9b\x8ft\x8cL\x17\x9eH8\x00/U\x07\xac\xc6\xc9\x10\x8a\x83T\x99\x06\xed\xd8 \x8a\xd7\xd5\x8f$V\xe5\re\xe3v\x95d\x0e\xa8\xfb\xe9!-\x19C\xfc\xfdx\xcc$\xf7\xa8\x00c\r\x0b\xc3x1\x04\n\x8d\xa2X\xbb\xd5\xd9\xc4%gXjvy\xb2L\xfbI\x85|\x0e&-\x08\xc5*4J\xb7J\x01\x05\xdcr\x0f.;\x8c\x95\x85\r\x00U\x05\xc6\xc8\xefb)\xc99\x16#\xf3\xe7\xae\xb7\x08\xa0\xd2y\xb5\x87N\x80\xd3#}{\x16X\xadB\xa9\xc9\xe8\x9a\xfc\xb2\xdb\x86\x1eg\xd3\xe8\xb6rT\x19\xbd\x14?`\x18\xcd\xe8m\xc0\x9f\xcc\x8bX\xd6\xd3\xf7z\xe0{\xa5\x92\x01\xea\xd1\xbb\xed\xfc1\x97\xf3\xa8\x95"HX\xb9\xc9\x11+\xce\xae\x87\xaa\x97\xb6\xcc\xc9p7Y\x8e\x11\xb7C\x8d\x82\xe0\n\x07N\xe4b\x07\xcek\xe1\x18\x8b\x0c\xa2\xf9]>\x1a\xe4\xafR\xa4\xb0\xb1\x7fy\xea\xe2\xba{PZ\xfe{\x19bI\x83\xb5\x8c\xb6\x84\xdeY\xa8\xdbk,:\xb6c\xa2<k\xf0\x06!\xd0\xf0\xda\x8d\xbf)\xc1za\x1e\xaa\xc4\x1d\xb1\xae\xbc\xb9D\xa4\x00\x13\xfa\xa9"\xeduS\xd5N\xcd"g\x02\x88A\x88g\x84\xa6\x9d\x92\x9e\x90\x10i\x0bL\xb0\xc0\x1bV\xc1\x05\xca]\nT=\xb39\xd8\xdb\xa1\xb0\xc9,]\x11\xb3\xe4\x899I\xaf\xe7\xc6A\x1bh\x1as\xa8\xac\xd7A\xb3\x85\xb1:+t\x81|"$\xbc\xc9\x06\t\xbb\xc1\x80\x87\xe8\xff\xa7T\x996\x87u\xd0\x04\x18\xea&]\x01Q\xf8\x81\x9cf\xe2\xf7\xd4X\xe1\tO3\xcc\x88\x06\x93\x05\x06\xeb\x1d\x92\x9fZ~\xf6(\x03h\xdffI\xb8\xaeC\xb5\xd0k\xad}\xfc\xbf\r\xd9\xbf\x9b\x18F\x8f8m\n\xb7\xfa\x96\x15\x8a\x1a\xe2\xe3\xcb\xbdg$\xe3nJ\x84{vw\'\xf6m\xdcLt\xfe\x84\xa7>\x04\xe3\x86N\x04\xbc\xcd\x19\xeem\xab\x81\xa4_\xd7\xb6\x11\xf7\x8c@&\x7f\x14Y7n\xe7C\xab\xcedA\x1c\x96\xf6l\x7fnZK\xab\x02\x84A\xcf\xb4v\xe1\xb1\x11\x03\xaa\xdc=\xb2\x8e\x95S\xad\xe76\x9c\x0f?\xfa\\\xdf\x87\xd5S\xa4(\x9d\x01\xa8dy\xb6l\x8a_\xc2\x95\xe2)\x89\xe1\xf9\x19p\xc8b6\x88\xc5os\xeb\x96\xe7\x8c\x03*\xafl\x82M\xd59\xf1\x89f#\xb3]\xdac\xce/&\xb6SZ\xd6\x1f4%\x1d\xd8\xf5\xd0\xe8q\xf0]\xad\x12Y\xbf\xcd\x1bC\x1a\xdb\x82\xde\x05\xaf\xd7SH4\xf4\x9e\x1f\x9bf\r\xec\xddP\x8b\x0f\xde\x9e*O\xf0\xc1\xb7\x85D\xff\x96\xcb\x84\x9e)\x11\x06H\xc2\x1e\x95\xbb\xefz\x8c\x9b!\x11\t\x06,\n\xd1\x10\xd5\xa9\xe6}\xd6\tU4\xf5\x06aI\xb5\xe5\\1\x13Y\xfc\x04\x83\x07\xde\x90g\xde\x1b\xcd\\\xc3\t^E2t\xcb\xb1\xf8\xb9u\xae\xa3z\xa4@\xe3J7\'!\xbd\x12Urt\xec\xe1\x12L]\xb2\xdb\xf1\xb0\xfb\x1a\xa6,\xe0lA\x06Q\xcb\x84\xefV\xee(h s\xb0&\x15:\x05\xd1\xd8l\x04\x0c\xa0\xb3<\xad\x8a\xd5N\xed|C?\xa1_\xdb\xd3<\xd2\xea\xa8@]bS\xe8\xf5V\xda\x1bd\xa0\xa6\xb4\r\xc4\x92\x087\xb04\x00R\x82\x06 \xa6\xbd\x91BIY&\x87\xba\x86\xaa\xfbUi&\xba:,sX^#\xfa=\xc0\xa1K\xa4\xd7\xbb\xbb\xac\x02\\T\xcd\x94\xb2\x82\xf1\x81\xba\x91\xdc\xde\xd0\xb0o\x918\xebh \x83\x89\xfef\x13\xa1Z\x8a&d\xcc\x0b\xe6\x8b\x8f|\xcbY\xe5\xd1\xb8\xa6.\xee\x81\x8b{N\xa4\x0c\xd9\x80\x94\x9c'
tbI624
I0
F0
tb.