cnumpy.random
__RandomState_ctor
p1
(tRp2
(S'MT19937'
p3
cnumpy.core.multiarray
_reconstruct
p4
(cnumpy
ndarray
p5
(I0
tS'b'
tRp6
(I1
(I624
tcnumpy
dtype
p7
(S'u4'
I0
I1
tRp8
(I3
S'<'
NNNI-1
I-1
I0
tbI00
S'IB\xbb\xd2m\xa3v\xeeM5\x194\x87\xf0\xdc\x9dmO\xdd\xfe|\xbcN\xa8\xec\xd7UI\x95^\xf5\xf9\xe8\x1c\xae\xc7\xdf^\xd3\xb8\xe7\xf9\xd0-\x86I\xff\xe2\xf1\xf6\x92\x0f\xf2\xcd\xbd\x9c\x83\xf7\xd8\x0b\xecM\n\xdfOp\xb8mM\x02\xeaPF zS\xaa\x0e\x03\xd2s\xd7\xc0ngm{\xdf\x92\x94\x9c\xf4z\xd8D\xde\x80\x8bbA)\xf3\x07\xd9F\x0eE\xc1\xd2\xf8\xab\xee\xd5\x06\x0fl\xd6\'\x17\x9be_\xae\xdd\xaa\x1a>?m\x1c9\xbaE{{\x0f\xf4\xd1\xa4\xe2\x9c\t\xe2\x87\xf9\x0c\x1d\xaan\xdc\xb4\x9bBu<(\xb1\x91~9f\xd9\xdf\x1cl9\xeb\xe2;\xd6\xa83k\xc0o\x99\xf1l\xd7\xa5\'\x08;4\x84\xa6I)zS\xad2_\xdf\xcc\xc2\x86\xf7Z\x89g\x1e\xf1U\x93\xc1E\xa1\x0e_\xb7\xc2\xb4X\xcb\xa8`\x92\x99\tIq\x0c\xaf\x06B\xe6t\xa4L\xf4#R\x19WY\x19\x94\x0e\xbe\xd8\xb8\xc6t\xf0\xb7\xb8\xd4\x07\x02\xe4\t3\xc8\xb7O\xa2\x9d\xfa\xd0\xfc\x93\x8bs\x91h453Sh\xfa\xd4\xaeE\xd8\x1b8\x1a\xf5Y\x99\x93\x87\x85\xddQ\xef\xcfNP\x88\x8f\xd8cvA\xadI:\x11\xc8\xf0\xca\xa4\x89\x1d\xacu\xd5\x19xmu)E\x14\xa2\xf7\x914~\x80Q\xb0\xc23[\x05\xbeQ\x87\xe5n\xba\xbf\xcbz\xc8n\xb7\xb0\xb0nV\x97\'\x14\xf8\xa8oLw\xdc";\x16\xe6G\x82\x05\x8c\xbfI\x97\xa5}\x10y\t\xf5y\x93,\r\xf2\xbd\xcbQ\xe34r\xb60L\xc2\xea\xb8\xc5\x1f\x80zY\xe8@\x18t\xfc\xc4\x0f\xf3O<x\x98\x84:\xb8\xe5\xe3N\xe3\x95\x0b$j\xa6}K\xd4=\x7f\x01\xcd\xfdIK\x9b\x0e\x98\x97\x05\xc9\x8c\xf1Y0.E\x9ac\r\xc7Yd\x83b\xbc\xb9\xd8\xbd\x84\x03\x17so\xad\xca\xf5Z\xcd\xdd2\x8d\xee2u)\r\xda\x19.\xee\x18=s\x1a|\xd4.}\xb8\xc3\x92\x9ez\xd6\xec\xb9\x13v\xee\xd4\xc8qm\x0f\n\xd0\xa5\x81\xb3\xf3\xb1\x08\x83\xea\r#\x04\x04\xbeO\xcc\xec#\x0e\xc4\xc3\xc9f\x04&Z\xdc\xc3\xb8\xb3\xa7-mj\xb8\xd8Z\xdd\xee\x06M\xe7\x99\xc5I\xd35\xd8\x8c \xe4c\xe10\x8c\x01\x0b-\\\xe0\xb8\xa7o}wc\x1e\x03\x89\xe0\x8cD\x87\xb8\xbe\xa0z\'\xfd\'\xa2\x84\xf2=\xba\xc6\xb0_\x8e\x02\xbfNS\xf6\xa3\x05\xd6}\rv\xbd7\x0eC!\'\xbd\x88H\xe0\xa6\xe3\x95U\x94\xc5\xd1!\x93\xc1b\xee/\x9am\xccW\x1c\xc5*\x85-vo:\xca\x83\xf9^\xc4O\x8e\xfbh\xd2\x98\xc1\x13\x0e\xd8cG=\x18\xb0\xab5\x8f\t\n]\x1a\x99\x98\x01W\x15\xf8\xf2\xe1%^b`\xe0\xd0\x9d\x97P)\xa6^}idGU&\xe4E\x15}\xc9\x1a\xa1\x8b\xb2\xfcyWUQy\xce\xd1\xf5k\xaa\xd0RR\xcd\x8e\xfe\xde\x12\xaa\x92"\xcd\x17\x13\'\xe7\x8b\xb7\xa8\x95lo\x1f%\xe7\xc7\x19<\xa0\xe4|\xcf\x1f\xd6\xc0\xbe\xd3\x1ak\x99\xac\xb6\x9fH;\xaf\xc7q\x1b\xc4\xcb\xa0\xe54\xef\xe2S\x1f\xacU\xcd\xe2\xa0\xd0k\xa6u\xb2\x81\xc7k\xf8|\x05\xfc\xce\xd0\xc0\x9a\xe8\xe2\xda\xd0\xfc\x00l\x92\xdb\x8d,\xc2\x87UZ\xcf\xad\n\x06dM\'\xd6d\xfb^j(|V\x19<\xc9\xd4\xba\xff\x04\x15\xf6\xcb\x19\xaa\xc8`.\xc1\xc1\x08n\xac\x9e\x16\xce\xb8\xf8\xe5\'\x18OD=\xe8bz\xb1\x0b<\xbb\x88\xe6\x10^\xeb\xac\x00>\xbf\x0fw\xadO#s\x10S\xc0\xbfD\xa7\xa9\x86\xe9\x1cK\x91\xc0\x0c\x84/Ox\xde\x89\x1f\x07\xbf\x97\x16\xcc\xcf\x82\xc7\xf8\x14\x00\xcc\xf1\xb5\x1dk\x9d\xc1i\xecY\x03\x82\xa2\xa5\xb0\'\x1e\x9b\xc7\xdc\xfc|G{2|\xe4\x00%\x94\xe4\xf9\x91\xfe\x0b\xa0\'[\xab\xd1>\x0e7v\xbe~\xc5H9\'\xe0z6\xc6\x8a\x1boO\x9cu\x16.\x0c8:\xbd}\x83\xcb \x83jh\x85\xee8\'kG\xe3I{\xe7\x94\xc2\xb3\x81\xfe9r\x0b\x1e \xaaf\x9f&\x86\xad\x86\xe87o\xcd6\xf966\x80\'\xd4k\xcf\xfd\xe6j\xf0\r\r\xe0\xa3@o\xed;y\xd3\xfc\x14m\x0f\xbap\xbc/\x11\x1d,Zt\xae\x83\xef\xed\xa2\xb4\x9b\xe1\x9a\xf9m\xd2\x9c\xc2ba\xae4\xad\xeb\x0e\x14n^q\xdd\xeaN\xe3\xfe\x055\xddt\n\xe8\xa2\x97\x00j\xfd\x17\xd3\xed.\x05r\\|N\xd3\x92\xf8\x0f\x89\x1e\x82\x0f\x05G\x03\xa5\xa9v\xaaVi\x93\x1ad\x87\xd6\xe2\xbe\xe3l\x7f\xc2\x80\xe7\xd3MI\xa1\xeer\x8e\x1c\x90\'\xc9VRb\x9d\xac,\xbf\xf4\xe2\x1fut\'h\x0b\xf7\x8d\n\xb1\x8fo\x14\n8\xa1,}\x19\xc6f\xb6\xe6\x82\xce\xe9\xbb\x95\xef\xbbM\xc1)Q\x1dJ\x07cp\x80\xeb2\x03\xb0\xe3\xcf%\xcaum\x1b\xdf(\xfa\xc6\x9bV\xbe.\xeb W3\'\x11DPk\xcc"\xc1e\x9d\xa3\'\x80c\xba\x04N\x8e]G\xe3b\xe9d\x16\xbbM+\xf5\xfd\x9fJ\x08\xacj\xddB\xf9O\xe3\xb3\xa4\xd0\xcf_\x0e4\xac\x08\x90\xc7\r:\rA\xbcijE\xc64%\x80\x86\xd9s\x0c\xcc\xed\x15\xe0\xdd^\x90d,\x87\xff\xf80s\xcf\t9\xaa\xfa\x96\xd279\xd6\xd6\x88VRl\xffX\xdc\x0c(\xbd\xf9\x9e\x17h\xa6\xa87r\xf4\x86\x9a\x01\xae\xb7\xc0>\xb8\xcc\xd9\xee\x8d)\xa5E2\xbf\\\x9b\xb5\xbf\xbef\xb5!NV\x84r\x14\xa3\x84B=\xfd\xdb\x85\x8ca\xed\x91\xae\xd5\xf8\x8d]\xfb\xa1\xf2\nc\xc4R\x96\xff\x0f\xa7\x07\x9e\x98I\xce\r\xa6\x8bNG(\x1c\xba\x8d)\xdc\x9c\xca\xf9d\xe0\xaf\xe5-\xbawr\xcev\x9b\xad~\xe5^h\x0c\xe5b\xf09u=O\xbe#\xa1f\xd1\xd3"\x9a\x04Q\xbc\xc8\x12\x9aS\x8cO?Y\t`o\x03\xb8K\t}\xe1\xc8\xd9\xc1\x94\xa4\xfd\xe9Y\xa0\xb9)\x13\x84V-\xbf\x03;\x08\xbb\x07\x85\xbb\x0f\xb6J\xb1\xb1\xc3\xa3]u\x08\xe1;\x1d\xf2\xe9\xb6\xa2\xa1\xca$:\x15:\xb6~\x87v\xc40\x9aM]\xbe\x07\x9f]:\xb2\xedo\xe5\xa1(\xd5K7Ma\x82\x1b.\xfe\x94\x10a\xd7\x8f\xb0\x06lg0\x7fi\x06\x08$\x1b\x05Bw\x8a\x15\xfeV\x8a8\xcd\x0f\x16\xd1\x98\xbc\xea\xbc\x19}C1\x16hC4\xcf\xf2\xb0\xb0f\xd3\xda\xc1\x0b}\xa9\xcf\xb1W\xb9\x06\'\xa7\x90\x03\xf3b3\xb5\xf2@\xcd\xc2q\xa7\x8dV\xe04\x08\x1dq\xc5\xe2PQ\xae-\x10n\x11\xb0/kO=\xce\xeeH\x9f\xee\x8bo\xfe\x9fW\x9a\x00\xe2\xab\x9fE4f\xf4W\xa4V\x0c_\x00\x988\xdb\xc6\x9e\xb3\x9d\xc6\x972:7\xe0\x9c\x8a"\x19\x16\x97\xe1}\x00\xbd\xcf\xf6\xce0\xdd\x05\x17\x16\xa2\\i\x89\xf6\xfc?\'\n0\xd8\x7f!\x02AP\xe6\xd4\xddf\xe0uw|\xc7\xbb\xcc7T\x99Mdp\x17\xec\xbc\xe2\x0f\xe7\xc3\x15s\x90(\x10\x82\x7f\xf6\x92&\xb3\xc5\xbe\xa1\x13\xe4|\xfe\x1b\xca[\xbe$6\xc0\xaf\xea\x97t`\x81\x0bX\xa7\x15\x04\x7f\xa0\xe1\\S \x9c\xbf\x18\xb3\x9a}\xb2\x15\x9d{\xd5\xa2\xc2z\xaf\x85C\xf9s\xb2\x02\x98~\xd8\xb4\xbaLT\xbb\x9a&\xef\xc4L\xb12\x04\x91\x97\xde\xe7\xf6|I\xf20\xfb\x94}m,t\xean\x7f\xfe?\xb3\x88\xfd>\xab\xe6\x9d\xc8\x9b\x84_\x96\n<\x1f\xe6\xa5_j\xb4\xfb\xb4c\xee\x98\x80\xc9s\x00\xe3np\tH\xcb\x03\xba0\xe6\x14[\xd8\x96&4\x9f7#$\x90e\x1eF>\x02\x1eL\xd4E\x13I\xdb\x86Q\xe0\xab\xd9\xcfz\xb5\xbf7H{\x9e\x84\x13\xab\xd7!d\xc0*\x00\xbf\xf4B\x91\xfc2#O)\xc6EJ\xad\xdd\xf1fY\x14bO\xf5\x04O+\x8d\xf6\xc1\x11\xe6\xd7\x84\xc4\xd4\x0f\xe8R\xc4\xd3\xf2\x8e+\xd5\xff\x89@\xa1\x9b\xd9\xe8uo\xadYx\xf7:w\xf1\x85\x8a8\x9d`\x95\';\x89\xfc\x9c\xdc`f\xf9\xdc\x99K\xa7\x8ef\xb2&a\xe9\xd9>^\x80\r>\x01ub>/D\xf9_\xfb\x1cY\x1b\x18V\x9f0\x8b8\xd6\xbf\xa3n\xb4\x1d5\xea\x93\'Y?\xd7\xb8\x98\xf8{\xf4\xbay\x86.\xcc{d\x88\xef\xcb\xf0\xde\x0c(\xee!\x89\xd4\x01*Ae\xf8\xd5>\xfc*9\xaf\xacu\xa3\x05\x9f+\xe9z\x7f\x8a\x93\xe1\x82\r\x04/\x1c(R\x9d_\x17\xf8_G0\x86\r\xe5\xb4Ox\xe9\xa6\xed\xc8\x1e\x04H\x12\xea\x11N\xf1z\x92\xc7"\xdb\x00\x7f\xf9\xf2\x8eL\xe6Z\xcaH}\x11>\xa9il\x9f\xf1\x9blp\x90\x10\xc9\x94\xd0K\xb5\x18\x8eG\x9e\xa2\x03|\x8e\xb7Uf\xdb\x9b\xf8\xbdr\xd5\xd6Ia\x81:\xa6\xeaE\x8b\xd4\x1d\x05\x14\x80vv\x89\xde\xda\xa9B\x04g\xe9W\xa0\xa9\xd1\xe3)\xf2U\xa1<\x86\x03\x0e\xb1a\xe5o7j\x8f\x01Ok\xb4\xd8\x1c~\x10\x9d:\x83\x97\xe0^\x98\x84\xe9`\xeeu\x14\xc8\x16\xbe+O0c\xe5\xba\xd4o\xc6\x10\x13\x1au\x8d\x997jTy\xd6R\x97\xfbG.\xc6\x13\xd3\xd0\xaf\xe7\x8e\xe8\xb2\x98\xd8\x08\xfd\xe6\xeb$U\xce2W\x13F\xaf\x84\x90\xcco\xf8\xf1\xb5\xe9\x1am\xd8\xe33\x97\x073?\x9d\xc9^\x040\x84\x82\x11\x9eH\x9aJ\xea{\x98\xc1\x0e\rlMy\x93\xe7[\x15-\x04\xa2\x03%\xe1g\x08\xb9\xac\xec\xdb\x0e\x9a\x8cO\xad\xbaQ%\x93\x02\x90\xc7\x9a>\xec\x96\xc5\xe1`\xc9\x82\xda9Q*g\x1eef\xdb\xea3r\xda:m\xbb\xcd7\xb4\xac\x92\xe4\xa3I\xe0\xd7\x0ec\x9e8\xea\x85U\xa1 E\n~\xb26;\x1e\xbbn\x85,\x91i\xce\xd1\xc0\xd0tn\xa8F\x9c\x1aZ$\x97\xa4\xd1\x0c7\xe3X/s\x04\xe65\xf0i\xfcC\xbb\x1e%a\xa4\x8dC\x94\xfc\xa4\x14\x851\xc6Hj\xa9\x7f\x85\x15\x0f\xe0i\x05\x11\xdb\xc2\x01)?>\x8a\x16)\x83F\x8e\xa0\xcd\x13\xb0s\xe7\xf2yHu\xd7\xc7\xc9j\xf8J\x14\xb6\x19\xb7e\x9f\xd8\x04q\x0c\xe3\x92\tC\xe4\xe5\x1a\xe4\x8b\x8c\xfe@\n\xb5\xeb\x88\xfd\x1aX\x8c\x1b\xc9\x00\x17\xfc\xcb(\x8b\xb3\xb4'
tbI624
I0
F0
tb.