cnumpy.random
__RandomState_ctor
p1
(tRp2
(S'MT19937'
p3
cnumpy.core.multiarray
_reconstruct
p4
(cnumpy
ndarray
p5
(I0
tS'b'
tRp6
(I1
(I624
tcnumpy
dtype
p7
(S'u4'
I0
I1
tRp8
(I3
S'<'
NNNI-1
I-1
I0
tbI00
S'\x1d\xbb\n\x83\'\xbf\xe0&\xe9\x11\xe2Y+_\xfc\xdd\xad\xb5\xa4` \xa4\xf3\xe2\xfd\xc4\xf2\xdf\xff\xbd\xd9]g\x13Pju\xf7X\xdf+9.\n\xc6\xaf\'\x14\xb2B\xad+\x8b\xc5y\xbd|q\xb8=g\n\xc1\x1e\xe5\xad\xaf\xfca\x0bx]\x0c\x92\'U\x83\'\xe1\xfa#\xf1{U\xd1\x0f[>p\xf9\x89?gx\x08\xa1W\xb9\x96\x15\xdf\xcf\x0bb\xdb\xb1\x0f\x11\x06\x08\x17\xf4;\xf9\xb4\x01\xd9\x9bS\xbd\xdb\x90\x05\x98\xfb0_\xab\xf4\xb0R\nX\xb5/5H\xa6@\x8fU\xa3\xd8\xb9\xc0O\x85f:\x83gy\xeb\x86\xd2\x9eK\xd8?\xe2\x8c\xf6-I\xacS\x81\x86U\x12a\xad\xd7d\x92eHz\xd9\xca\xf2\xae\xd3\xb9Q\xba\x87\xf4\xfc`\x06\r\x93\x89\x8b\xa9\xf2\x88\x15\x1cH\x1e\xafe\x8e\x89\xd3\x96\x1f\x1dR2\xb8zor%7)(m\x0e\xbcp\xcd\xe3\xfa9G\xf8\xa2P\x1c\x9b\x8a?\x12=s\x84\xa6V\x90|\xc9\xe9\x92\x8d\xab*\x16\xcb\xa9\xb6\xaa\x03\x93\xa8\x1809\xce_\xe3W\xf2Iz\x1e<Y"\xe9\xeaQ\xd3\xde\x87\xb7\x01\x8e\xa0\xa8\x15_\xcef5\x91\xec\x9c\x88\xad\x0b\x10\x9f\x99\xea\x07\xb9k\x80\x9b\xffT\xaeL\xdbU\xd3e\xc0\xc2\xd8\x7f{\xd7=\x88\xa2_\xc7Cwu\xc5]V\xe4R\xdc\x93S\x93\xa9\x8c\x81\xed\x88\xb5\xb2\x7f\x89*\x9f\xc7J{W}S\x07V\x16\xa1\xe1\x19\xe6\x17\xa2\n\xc4E\xa0\xb4\xff\xb1\xe8\xd4\\\xb2\'\x18\x1c>\xdcy.\xc5\xad\xd92\x17\xaef\x91\x19\x02\x8d\xe6\xe4\xfcr\xb0\xdfS5\x99\x127\xcb\x8d\x88cI\x08y\xfd=\x0f\x9d\\Wiw\xbcvB\xe0\x7f\\\x83\r\x93\x85:S;m\x89\xd5EF\xc3U\xad\xe6\xa9\xbc\xd5x*\xee\xe9\x15\xef\xf5}A\xe8\xedD\x9e\xbdX\n\xee\x19g\xf7\x0f\x82\xed\xd7\x8aV$M\xda\xcc\xa5\xb8\xf1\xb3yJ\xb4\xec[\xf9~\'3\x87\xc1\xca\xe4\xa3\x07+h%\xc9t\xfa\xc56\xa9Ts%\xab\xe4\x8a.\xaa2G{\xd6+PO\xf6\xa6\x17i\xb67\xee\xdc\x01\xc3em\xe2/\xc8\xe7\x00^|\xc3\x9a\x14w\x97W\x02dk\xe1\xa60\xecu}\x1f-\xf2\x14lan\x00\xfc\xb1Q\xee]+(\x1a\xd1\x15\x81\xe4IH\x14,\xc3\x18O,\xc9\xab\x84\xe4 \x1d\x90u^\xe0\x88\xb9\xd5\xc1\r\x9b7\xa0\x97\xfd.]\x12\x85\xcac\xca\xc6{j\xa0r\xc0\x8e\xf6\x98"\r\x80\xcd\xe4\x99\x16\xc7=\xdf\xc1\x86\xd7\xd4J.1\x11\x95Pe\x1e\xe46)\xf5K\x02d-\'\xa0\x06\x98\xc0T2\x07\x1a\x8cL\x97wj\x1d\xcf\x0e\x98\x92\x1c"m\x83z\xc4y%\xb3\x89\xb3\xa3\x90x\xe3u\x1b[\xb8@\x96\x85\xf1+J\x00\x02\xec0H\xa4\x95GB\xe9\xb6\xef\x8dHY\xc2\xf3f1H\xc9\xb0,\xd7(\xed\xac\x99\xe8\xf0\xe6\xa1\x184\xa2Fh\xd0\x85w\xfb\x1e\xba\xa1G\x93/\xe1.\xfcJ\x90uk]"Fn\x07vw\xc4\x8a\x8cQ\xbb\x9f\xdb_ :@\xe8x\xe7p\xf3\xed\x8f\xdf\xe7\xb9\x8bHd\x91]T\xabL/\x1e\xdb2\xd7p\xc6\x14\xe5\x8e\xf1n_\x01\x1b<r\xdau.;\x84\xbd\x86\x9f\xdd\x85t\xae5\xec:\x97\xfbM\xb6\xca{>\x1a\xbf\xd1\xa9\xa96:)k\xca\xe9\xde\xc7`W!\xc8\x0f\xd1@\xef\x80\x89\xabY\xf5\x1ag\xfb\xd6\x03M\xef\xfc\x12\x96|\xebb\xfdu.\xf7\x19\x14\xf95\xecC\x00\x8cf \xbe\x17%\xccyd\xae\x12\x18\xa7\xa7\xad)\xb6\xd8,\xd4\xc1\\1^-\x98\x0b\xf78\xc8d\xb7f\xdf\xef\xd4\xd7(\xcd\x96\x1f\x8e\x83\xb5\xccN\x9d6O7S\xc0H\xec\x03={i\xcb\x02\xf3\x8a\x0c\x0e\xe2\xa9\xd5\x9f\xd7\xa8\xbe(\xce6\xcb\xf6\xbdN+\xbb\x14\x14\xe2\x120\xf5\xca\xed\xccn\xa5\xb1\x0f3\xef\xe7ta\x8c\x004\x9d\xbd\xec\xa4^;C\x12\x82\xce\xd4J\x1b[@\xdb\x89\x1d\xa4\xe8\xebN\x9fJ\xc1\x9a\x96\xb9g\xae\xda2\x00\xb8t\xda\xdf\xbbQ\xc4\xe4\xc4x\xd4\xd15:>\xc7c\xcf\xbe\x9e\'\xfd\x95!\x1f\x15a\t\xd2\xf1.\x05^\xf1h\x98\x9c^\x19\xcd\xa2\xe6\xac\x9c\xa8\x0f&}\xb1\x80\xf1\xa5\xd6\xf2K\xfe{\xa7[\xd5\xee.!\xd8\xf8\xe2\xf1\x9eP\x1e\xb2\x83\x9d\xdd\x8dho\xfcu;/\xae\x0f\x80\xcf\xe4ty\xc2hi\\\xa4xjr,z\xcae\xe2%\xb3\xfbF\xf5\x88V\n8Y;\xb4\xd6\xb1\xcb\x92\xa4\'U\x93xF}Y\x9f\x17\x9e\xc0{\x9e\'\x89[4\x08\xf9\xa7\xf1$\x83\\?\x88t?\xbf\x8a\xb66\xd2\x862Lb\xde\x93\x81$\xfb\x1aqy\xd3\xf5s\xcbn\x14|E=\xe7\xa9\xf7\x94\xa0\xf8Z\x1cN\x10N\xe1\xfbKt>5\xe7\xcd\x8a\x1e\x850n\x00\x81\xba\x90\xa5\xe7\xf1\x12#\xc22\t=\xec\x00X\xaf\x82\x10\xe56\xfd\x81;x\xbc?!\x1b\xb8\x92~.=\x1a&\x92(\xb1\x117A\xe4,\x83\x14\x7f\xa0\x08\xa4\xeb9>\xfd@\xaa\x93\xb1\xce\xde\xed\xb1\x11\x04\x86\xb84\xd3j\x85\xfa;5v.M\x1c{t\xfd\xe4];\xa9\xbe\x19g\x179\xd4\\\x0fYh\xde\xbe8\x1f\t\xba\x1f\xc4\xe6l\x86\x1e\x02\xff\xbb\xbe\xceJ*4w\x9a\\0\xb8\xb3\x8d\xf8\'\xe3\xa2$(\x93\xe0!}-\xf4\xddo\x8c@\xff\xa7\x1c\xe7\x8b\'?zR\x96\xef\xbbC\xcb@#\x9b\xdb~\x98\xefg\x83\xc9]Z\xefcQx\xb0Z\xed\xd7\xa9M\xbb!\xe7\xf623}l\xf2\xd0P]\x98F{\xd2z/P\xb2\xab\x81\xb0|\xa6a\x8a\xf23$u\x11\xa8w\xf19\x7f\xea~^\x0cFt\x94Z-h\xd6C\xcb\x1aw\xc5\xf2{Q\xf7p\x8a\x1e\r\xb3\xcd\xad\xcb\xa5\xd9\xf6,\\;7\x1b\x0b\xbbTC\x02{\x88\xebm\xfdN\xdd\xe9no\x99\x91\x06\x00w\x0b!TC\x7f\xe0~O\x1fd\x00\xe6\x91P\x8e\x0c\xb3K\x92}H\xf4!\x14\x1ez\xa1\x14\xa4$\x97TM\xc4vHZ+\xae\xa2\xac`\x84\xe6\xbf+\xd7\x9a\xbb\x08\x00J=\xc8\x15\x16|:\xae\xb2\x8f\x88\xd1\x15\xb4$\xf7\xe1\xe1\xd3zJ\x90\x8f\x9d\xcb\xfbPk4t\xbf\x93t\xfa[\xceH\x8a\xd2\x8em\xa7\xc5\xad\xf5\xb8\xce\xbd4\xf0\x92:\xfb\xfbh\x18\xf1&\xe1{\xb55.l6Q\xfd\xa8\x986rU~\x0b\x0c\xba\x80ucl\xc6"\xd8\xd5\r\xd1\x93\x02\x97\x95O;0\x1e\x82\x0e85\x0e\x8c\x03\x90\xc7\x8ep\x10x8p\x85\t\xb6\xc1\x04\xc6e\\o\xe6\x99\x9f%\x15\xd5\x93\xefu\xce\xcf"\x84\xce\xab\xceS\x84\x81\x0f\x80pSF\xf9\xc6!\xcc\x0b\xd2\xed\xd327v\xb5b\xc7%\x1dE\xf9\x91\xb2\xe6{\x02~\x1c8\x1f\xf2w\xf0\xed*m\x89\xd2\xd6\xa8\xae\xf7~\xdf\xf1}\xa0\xc1\xc8w\xab\xc7F\xf9xh\r\x9f\x13\xee\xb0\x11\x93U\x1c\x9cxL\x9az6a44\xce\x9c4\xa6\xe0\x14\xff\xed$\n&\x9b\x18\xf0\xc6\x1d\xc4A\xe4\xa3Q\xe2?\xb0\x0f\x1f\x9aN\x8enM\x0f\x04=\tv\xd05L\xc1(\x9a\x9b\x06$d_\xde\xafP\xf0"\x16\x88*9\x9dw\x1eX\x00sT\xed\x93\xde\x1b\xfb9\xcb\xde!\xa02Ag_H\xc1^A\xd7\x0f\xd8\x04\xa9\xe7\x83\xc0\xff\xa3?c\x04%\xd7A$\xd2\xe5\x8d\x8f\xf2z#\xbb\x13\xc6\xc0\x85\xfc<\x86<\x0ce?\x7f\r*\xb7\x04\x93\xffamTC-\xe9\x87Q\x88\xff\xe5uh\xc9\xdc\xedV2L\x15K\xa63\xd8\xbbL\xfd\xb8\xcc\xc9\x93\xd6r\x0c\xe6U\xb5I\x90<O\x11\xcc\xac\t\x8a\xc7\x89^\xf6\xc9\x1d7\\\x00\xc4\xfd\xcfU\x84qg\xc90!\x07\xca\xf1\x968$\x91\xf2\xe6N;\xa6\xdbLhW\x0b\x14\xf4\xbd\xa8\x0b\xc7"C\xb8\xe9\x15A\x9d^\x87\x9bU\xff\x83^>R\xceN\xe3\x8e\x02ou\x1dkp\x8ap\xbb}\xa6/^\'981q\xaf\xb0\xf3\xf6d/\x1a\x17j\xfb\xab\x94\xa2*q%\xf7\tR\xec\x9eNH$Kf\xcf\x04[3\xa7}\x0b\xcf(\xcdR\xa2\x17R\x0b\x9bFh\x1e\x9b%\\[w\x16R$\'{!\xf1\xa6\x17\x86\x08\x00d\x95\xf0#\xb1\xbf\xd8<\xfa\x86\xd1\x19\xecw\xe3C\xc6\x8d\xc0\xfe\xc1\x19\xc9\xf5j!\x99\xf5\xfc\xcd\xd6\x97$\x80PN\xee2\xdf\x08@s\x8d%;\xd5\x12\x0fjt\xd1d\xc0eR4\x02"\xc0\xb6QY\xfbY9AdK\xa4-\\\xa4K7\x84\xd7\xa8\xe9\xfdH\xc3_A\xd4\x17?ra\xca-P\x07\xfa\x12.p]\x7fs\xb0%b&A\x02`\x8d\x01L\x18\xcbG;\\\xbe\xd3\xcfV\xa9c\\\xa0\xe1\x94R\xc9V\xf2\xbd\xddg\xba\xa59\x92\x99D\xdb\xdbXg\xe0\xee\x1f^\xec\xcf\nS\xdfxC|\xfb\x9b\x03\x14\xac\xf1B\\K?5g\xc1m\x84\x9e\xa1\xb5\xbc\xa0\x97\xb8\xc0\xf3\xb5i\x1d\x1ap\x07\xc7\x90I\xe1\xa1j.<\x9b{\x82\xc22yB\x16\x97n`\x13\xc6\xbcfE?\xb7\x0c77\xe8\x90\xb7\xe9G\x87\xf81\xd3ay\xd8(\xa9\xc0\xf1\xe4\xbb\xeb=\xbc\xaeH\xa1\xc1\xcc\x0f<aU\xc1\xda1\x04\xb3\xb6 \xadp\xdel\x99<&q\xc0\x98\xd3\xbf,\xc9\xce4\xc0\xff\xd9\x90\xef~F i\x13$\x1b\xb7\xba\xa5\xce\xd0j\x1d\xc51\x8f\x1c=\x03ip\x93\xbc\xbe\x1d\x97\x15\xca\x8aOK;\xf7*`j\x9d$Y\xa4\xc9/\x0eq\x97\xb5.\xff\t\xb1\xeb\xc9\xaf.\x92\xd3\x93f\xf9\t\xe9\x9f\xe5s\xeb\xd2\x01RD\x18"\xa1L\x8cc\xfc{\xceh`B\xb7\xcfW\x1f\x95\xa0\xd3b\xd5y\x83\xa8-\xd1\x84\x1d\x02\xbf\xc2\xd4t\x96\x0bG\xaf\xb6za\xddy\x14\x13\xb2Z\xfb\x9d\x84KP%\x1fV5N\x08L\x137\xa6qOeG\x80\xf7n\xae{\xd4\x02\x0e\xee\x16Y~\x00\'\xae\xb9mCm\xfd\x8f\xe5\xd9\xde\x19\xd4\xa5VjG\xf9tj\x7fU\xfa\xcf\xa1\xe2\xd3\xfeb\x0f8nq\x011\xff\x1e\x82\xf9\x000\x7f'
tbI624
I0
F0
tb.