cnumpy.random
__RandomState_ctor
p1
(tRp2
(S'MT19937'
p3
cnumpy.core.multiarray
_reconstruct
p4
(cnumpy
ndarray
p5
(I0
tS'b'
tRp6
(I1
(I624
tcnumpy
dtype
p7
(S'u4'
I0
I1
tRp8
(I3
S'<'
NNNI-1
I-1
I0
tbI00
S'\x80AV\xf7fe\x983\xa6S\x15\x85\x0c\xcf\xd10\x8a\x95\x0b\xfb\xab"\xdc\x88\xec\xd7Ju7\xd4\xa5@]\xb5\xbc\x9f\xa2\xbe?\xaf\xbe\x88{\xdaE?f\xdd\xa8D\xf5[\xe7{\xcd\xafj\xeeT\xf8\x1f\xba\x9e\x85\x8aV\x02\x15B\x86l\xe3I\xaa\x84\x12O\x9a\xe2\xf0q\x93\xefk\xbc\xa3\xc7\x8b\xcbt\x81\x1a\x81\x94\r\x83\xc5\x81\x19\x11E\x1c}\x92^ \xa7!\x80\x1as\xe1\x8d\xcar\x8c\x8d\xf5\xd4\xf8\xfb\x96\\\xa2\xbc\xa7\x19Bd\x98]{\x85\xd0\xb5]B\xbeA\xc7>\x83\xb6\xe3F\xcc;\xadf\xa3\xfe\xe6\'\x15"\xe0\x98RN\xcd#\x1aO\x13p^(QzNP\x10\xd6\x95a~\xfe\xbezX;\xa1\xd2k\xf0\xdd\xb9\x93.m\tm\x9e\x89\xa0\xaf\xac\xc2\x98\x07}\xe3+\x1a\xc7T\xdf\r\xede\x16\x94\xb8\xbcm\xcb\x80\xd3\x9b8\xdc\x84\x98\xdd\x98\xab\x9dg\xfd\x93<8\x11\x84E\xc1\xb5\xe5\xffc\xeb\xe9\xcc\xaa\x8b \xf7]z\xe6\xe1&0\x83B\x88@\xc2\x18\xff\x16\xe7\xa8\xe5`\x8e;\xd7\x87\t|B;{\xe6,\xbe\x0b\x98\xc7\\\xe9\xdd\x86\xb8|\xddDU\xac\xab\xf9\\\x1c?a\x1b\xc4\x82\x1e\xc0L$E<&e(\x9d\x00r\xc5\n2\xd9\xcc^9\x1b]t\xa5\xcb<\xaf\x08\xa7\xd4e[p\xf3\xebyxV\xf4\xbc\xe7\x08\x04\xd7\xb3\xd0@;#\x8e\xecs\xd6\x88{\xc835m\x8eU\x95\x99q\xe6\x86\x83\xb4\xaau\x8d\x97.5\x8fQ\xe9\xd6B\xacX1A\xb8H\xb7\x02$\xdb\xb5\x7f\x9d\xc4\xbfM\xac\x89\x10:\xd9`\xfe0\x05tZnE\xfb\x02\xeeJ\xcbj\xfa\x80\xf2s\xec/\x0c\x90=\x8e\xeaJ\xc4\xd1\x0f\xec\x7fF&\x17[\xf79\x92\x11\x85\x1f:\xee%3\x13\xd7y\xda/\x8b\xb2R\xc7\x05\x9a\xdc\x958$\xc0\xe1\xef\xdb\x7f/\x84\x1f5\x04]\x8c\x06\xd3~XX{\x066B\xd2\xe90\x06\x96\xe0/\xd1L6yw\xe8\x9c\xba\x06\xb0T,\xba\xd8\xa1\xdc\xf6\xeb)\xf80\xbfFJ\xbb>\x99G\x07\xf6\x08\xa1\x16\x00C\x0f\xb2\x02\xc9\xd9\xc7\x96\xa9\x12\xe5k}\xb8\x10\x01\xa1\xb3T\x8eF\xc1"\'\xb5\x87!>Qc85(\xd0Or\x1c\x83c\xecepN\xbfi\xf8V\x83\xd4\x00\xbd\x17\x1f-;.\xdb~y\x81,z=\xfa3L\xf4\x02\x8a2R\xc6<:\xb7\xc7h\xd15\xfd?+\\\xbf\x97\xd6\x8dioz\x05:)\xa5S\xc9\xa6N1\x95}!]\x97J\x95\xbc\xa9;\xaa\xbcm\x1e\x08\x8c\xe6\xfe\x91\'\xf8\x84N\x91\xd6e\xe4\xa6\xd6\xba4k`i\xf3\xa9>\xd4\x86\x1d\x10\x94h7\xf3\xa0\x90Z\xd3\xe1\x8d\x10d\xfcW\x05\x82\xf7:\xe3s\x16i\x88\x8d\x1f\x82K\x98\x11\xb9\xe2\xca\xb0\xa4\xce\xbcx\x9ac\x18\xed\xd0\xc6D\xe0\xd4\xcc\x19ll\xa8\xfc\xcbb \xa8\xe2\xd9\xbb\xf7\x03Ht\x88(\xa8\xe8G85z\x057\x83_\xc6\xbc\xaeM\x08\x0b/\xfd\x1b{\xb6\xfd\xd8\xf2:\xe1\x91\xba\xe2\x9d\x07>=\xbf\xfd\x920\xbb\x14C\xd9\xfe\xe9\xcf.(\xca\xc9$?z\xb5I\xf8X\xc4dtt\x81\xc3\xeaV\xbayN\x98\x82\xc5P\xe8\x80\xaf\x85\xf0M\x84\x91\xd4\xda\xef\xd68\xc0E\x83\x84I\xcf\xe7\x90\x15Y\xea\x12fU\xa3\xdb"\n*\xfa\x9dD\xfc\xef\xf90\xc1\x9c\x9fK\x12\xc7L\xba\xff\x9a\x04\xffG\xf9\xf1b\xa1\xe5*p\xfb,8v\xb0&\xee\xcc\xea\xee\xb3\xce\xcb[G\xa3<~\xef\xe1Ob\x90\xdc\x80M\xcbtl\xe6\x83V\xf0\x8bfr\x11\xa7E\xfc\x06\x826\x12e\xa2 \x8e\x12\xfc\x81\xfaZ\xb5jG\xce$ZF]N\x15c\x8c~\xd2\xf7\xd2\xa6\x8bN\xae\x1a\xef\xb2\xa7\xaf%\'k\x1fm\xdb\x1a\x93\xd2,\x9bu\xf5"\xabP\x97\xdc\xc9\xea\x05\x19\xbfmg\xd9Q\xa5\xa4<4\'\x8c1\x82.\x0f_[\xe0\xae\x904\xa6X{\xb2\x08\xd8\x01OJ\xb53\xc5Z\xcfq@\xda\x1a\x85G\xf8\x96\xc4\xdd\xda|\x1e\xe5\xe7\x08(\xb8\xbb\xed\xe9n\x19\x0c&\xdb\x99}\xf2\xc5uh\xd6W\x94\x14S\xc9\xe9\xa2~a\x92\xe1Q\x94`K\xff_\x8ch\xb11,Yw\xd3g\xc3>\xe3\xddt\xd3\x0e\xc6\x86\xc1\xb7\x80\xf7\xfftt\x88\x8e\xb8\xb2V1\x80:\x11\xed\xdd\xe2\xc9\xfb\x12LGC\x1b\xd5\xa64i$\x98+\xdc\xbd\xa6\xf6w\x05\xc8\x86\xe5]\xe2/\x9e\n\x8fF\x11\x8c\xffH\x15Y5\xdd\xe1\x08\xf0\x00\x81Q\x9b_lk\xbc\xe6fc2\x94h\x82\xd0\xf2\xb0\xd2\x7f\x00\x1e\xa5\xa0\xaf\x97zl\x05\xe5-i\xa1N\x9e\xbb\xf4\x91\x1ek\xc6\xc9\xe7sa\xac,\x88.U\x8d\xfb$5\xa7\xb1=\xec\xde\xa7\xf9\xac\x1dL\xa0\x91\x1c\xf8X\xe0r\xdbP\'\r\xaa\xc5\x8a*,o\x8b/\xc1\xb0\xbd\xa5\xad\x9c\x99\x81)\n>\xc0T\x90\x84r0\x16\xd75\x11\x1e\xe0<\xf87*\xbe?\xabI)\t\xcdD\xa1\x01UQ3yu\xf0\xc8\xd5D\xdc\xce\xdeZ\x1dJ4z!\x81\xe7\x10\x1b\xe4\x0b\x07\xae\xe3\r\xb3+\xf1\xe3s@\x87\xbb7\x95\xb7\xee\xb4\x17y\xdeH\xa8\x9e\xa5\xa5\x1bX\'k\x8d\xb4\xea\xb8\x0b\xab\x7f\xc62\xe1\x8a\xfa&93\xec\xc7m\x81\xd2\xea\xe4D\x93U\xac\x0e\x82E]\x9d\xbf\xf1<\xe3\xf4Gho\xe3\xb2\x89\xbbH\x17\x80\x1b\x0ed\x11\tu\xcf\xe7\xee\xac\xca"\x16W<\xb3\x99\x06\xaf\xday!\x0f\'L\xfb\x05\xa9\x91\xc5\xfei(\xb5!\xbesd{i*T\xe9a?_\x19]S(\xf2q\xe0\n\xe2ae\xb9\xb8\xc0\xef:\xb4\x15K\x1f\xef)\xf1]\\\x8b2<s\xf5\xfc]cB\x1e\xe4\x10\x86\x08Z\xd4\xc7\xe7\t\'\x9c\x10\x92:\x86\x17\x9c.\xdb\x89\rh\xd6\xff\xe5I\xc9\x8c\'\xe4\x80\xba\x13\xc5Lk\xe1\x84\x85\xf5T2\\\x7f\xa6\xbaV0\xe4i\x052\xd7\xadL\x8a\x94n3\t\xb0\xaa@+\xf7\\\xa1\x85.\xb9\x96\xa0\xa0\x07J\xc2\xb1zcr_n\xf1\x82 W\x86\xd4\xf3[\xf5\xf0]\xb2\x07\xe1C\xa4\xe8\x0flnu\xa0\xe1\xd1\x8c\xf7\x1b\x9fQb\xb2\x17\xa7\xd0\x90\xa7-\x11\xfc"\x81\x01\x07\\\xdfN\x15y\xec\xafn3)a\xbcr\xd8m\xfa\xf1-\xf0\x18_\xb2mC\xd8\xb96\x12\xb7\xd3\xfa\'{lN\xef\xe3\xa9xs\x95\x98[\xed\x14\x1fv)\xb7:Y\xfd\xd2\xc1C\xda>W\xb4\xd3\x95\x91\xc2\xb9\x8f\xc9Y\x91 \x0e\xc3I\x80u2\xbe{\x9b\xceG\xfe\xdc6\xd5XFP\x9a\x02\x85\xf6\xa2X\x80S\x7foU\xee\x18\xe8\xd4\x81f&\xff\x03\x8d5\xd4,\xea\x81p9\x01g\x00\t\xe27\x1a\xb3\x17S\xc3\n\x890^\xe6|8\xb9\xa13\x14\x86`;\x83\x02\xecc\xa1\x04E A\xbc\xaf\xfb\x90z\xa8t"\xff\xec\xe0\x1epd\xdd\xf2*S\t\x88\xcb\xd9\x88\x1e%\x96\xf5\xaf\xe1,\xbd)\xe5\x9f\x1dv\x92of\x08\x01;]\x03\xb6\xe0\t\nw\x8fp\x18\x8b\x17\xbb\xa2r8s\xde\x8b\xd9\xf6\xd1a)\xd9\x04\x0c\'\x9fu]!\x04.>\\\xda\x1b\xdc\x0c\xf2\xba\xc6:<\xf0\xbfXS\xd0\xa027\xa6\xb4Z$\'\x04\x1f\x91h\xa6\xc6\x1b\xeeq\x81\x08C\xf0\xe1\xfcc\xf5B\xe3O\xf6Q\x91C\x9d\xde\x15\x02\xac\x08\xd1\xa4\x95\xde\xd1@Ii!\xdbQ\x00\xfa\xd6\xf0\xf0\x02\xcf\xd4~\x00{\x98E\xce\x1c\xc6\xd4\xb6\x11\xe9.\x0e\xec\xb6\x7f\xceq\xdd\xabUfCN\x8e\xbd,e\xb2v\x16\xa2-\xd8*\xcf\xd7&wv/\xf6\xa6\xd9W\n[xDO\x8d\xef\xbe\x07\nT\x14\x8a\xfd\xde)s\xfd\xfc\xcb"\x90\xaa\xc3\xf0\xe7\x05b\xfa\x00pS&\xc6k1>q\x93-\x7f)\\Y\x98\xa7\xd4\x0c\xd2\xa4Q\xc8\xed|\xdc@\x9cd+\xb2\xea\xfcd\x11\r3\xa0\xb2\x11\xe4\xb2V\xb0\xd5i\xeaNZ~X[=%\xeb\x14\x9b\xa9\x8f\xd6q\xd3\xb9\xaaN\xc3X\xfe\x933\x08\xcc\x87\xc30\xd6\xa0\x12\xe1d:\xc2\x86C2\x86B\xbf\xe5JB\x99F\xcb\xae\tp\x81\xd1T\x18\x87\x12\x003*N\xf9\xc8X\xccg\x81\xdd\x1ax\xbb\x83\x99\x1e\xa4/\xdf\xd6\xdc\xe60\xa0~\x12Rh?/\xb5\xf7`\x15q\x03K\xc1\xf4\xb8\xbe}#\xf0\xdd\x8c\xe1\xb8\xdaV\x0f\xaf\\B)\x15\xaa\xf6\xfd\x111>W\xfb\xd0\xea\x92\xd1\xd1\xd1;\xe9\x8b\x94\xb5\x8b {2y\x8e\xe9\xe1\xb7m\xb9\xad\x06\x8d\xd1\xbf^:0r\xff\xfb\x80L\x06C\x07\x18\xb5\x80\xb1\xf7S\xe3>z\xa2\xb2\x94/\x13#\xc1Nq\xbe~;\xf5b\xe8H\xf2\x1eW\xe4\x9b.\r\x17\xd7\xdb\xce.\x98\x19*$}fp\x07s\xb1s8\xb8\xbe\xe9\xcc\x15\x8b\x9a\x07\x90Vm\xd1\x16b\x8e\xf75\xf3\xff\xf1\xd4\x81\x84~+K\nv\x95\xc3\xac>w\x92\x81f\xa1\xb1\xdf\x05\xae\xbc\xa3\xba\x10\xe8\xaf8a\x8d\xa1\x95UZ\xfb_%\xb4\x11N>\xbc(\x89v{\xa6CO<j\xaaOo\xfb\xee\x0c&\x96\xbf\x7f\x82k)\xacT\x7f%\x95\x87\x87\x13\x8c)\x8f\xc0\x8d\x13\xa9\xd0\xd1\n,\xe2\xc7#\xbf\xe8\x06\x9c\xdb\x87\r\x12o\xa2:\x01\x951\xf8D\xe6\x17\xcd\xb6v\xdc\x90+\x0ep\xd5~@\xb7[\xcd\xd8O\nf-\xdc\x04\x04\x82e\xa5\xbd\xc6\x924\x04\x82\xa2\xcc\x0bj`\xaf\xf2j{v,A\x97\xbc\x12\x82\xae\x9c\xeb\xdd\xe4\xd9\x9cG\x96T\x83\x95\xcb\xb8\xb8^JQ(Y\xf8\xd8\xb7L\xfb4\x1b\x9a\n~\xc0\x9f\x0b\xee\x10\xa2\xe4\x8f\xdf\x80\xf4\x10OY\xc5\x94\xc3\x90\xb2\x7flMd2bk\xb2\x9d\x8d\x95\xcf6\xecI\x0b\x9c\xb2\xa7\n1Q\x08\x86"~p\n\x0e\x17\xec2\x06\xc3yS\xc6\x95\xa0j\x06H\x1fQ\xa7\x98\x80#\x87o\xd6*\xd1\xfb\xf4\x10\x15H\xc0\xeah\xa6\xd2\x8b\x9ba\xda\xe4\x0e\xa6.\x8eJ\xe3\xe2\x02_\x98\x90%F.\xbe\xd0>\x90n\xc2\x18\xad>hS\xe3\x92g\x08\x083\xd3v\x94\xa9\xdaF\xab'
tbI624
I0
F0
tb.