cnumpy.random
__RandomState_ctor
p1
(tRp2
(S'MT19937'
p3
cnumpy.core.multiarray
_reconstruct
p4
(cnumpy
ndarray
p5
(I0
tS'b'
tRp6
(I1
(I624
tcnumpy
dtype
p7
(S'u4'
I0
I1
tRp8
(I3
S'<'
NNNI-1
I-1
I0
tbI00
S'\xb7{?\xce\xd6\xb9\x14\xb0\xe5\x8f\xbd\xb4{9\rL\x85\xf2:4\x80\xdctjr\x13\xbc\xea\x94\x81\xff\x0e\xe0V\x83\x8d\xd7\xee\xfbW;\x9a\xa0>\xaa\x80$.*\xcb\x16\xea\xa4)\x85\x15\xe8\xba\x9d+\x01\x04\x99\x9ay\x8b\x04\x8c\\\x12d\xb4i:\x87s\\\xd2B?\xc1 N\x18\xdf\xff\x8d\xb3Nt\xad\x8a\x13}\xd3m\x9d4\xca\x81\xeeII\xfb"\xd7\x02\xed\x1f\x93wu\x90\xee\xa9\x846\x01\x8e0*\xde`\x0b#L4\xaf\xe1\xaa\xaa\xb2\xf3\xa5\xb6\xb5u[\xd9$U=\x86\xd6\xcf\xb5+\x97\x92\xc2\x1f\xdf\x99\xe9O\x0ey\xc2\x88\x91X\xd6i\xa2\x1a\xcexx\x12\x13\xe4R;\x82\xa3\xbe\x06X\xb1-\x08\xe5u>\xcc&"\xde\x8e?\xc3\xd8\xa6\xcf5\xa5\xd81\xfe\xab\xca\xa5I\x02\xb0\x1e\xbc65z\x18\xben\xad\xc6%\xa8\xb7\xbb~\x8fS\x8b.)\xfd\x0f\x08Bm2\xd2\xf9\xbd\x87p\x9a\x99:/\xb5\x88\xe9\xcd\xf8s~N\x96\xea9,\xf9^\xcf\\\xcbco\xd2\x8b\x1bO\x0c\xc3b\xb3\xb0\xdb\x86?F\x14ob\xfb\xcc\xb9\x8c\x15y[i\xc6i \xa0\xee\xe5\x8f@\xde\x88\x0fm\xeds\x03\x19\xae\xf9\x15\xb7\xbde\xa7\x1c\xf5\xa6\xd0Y\xb6U\xdf\xefP\x1c\x8b\x08\xf9\xee\x1fZ\nw6\xc0M\xfb\xe8J\xee\xc8b\xfah\x14\xc1\xad\xac\\[\x0b\x8e\xfc{y}\xae%\x16\xb4\xf6\x9e\xbf\xdd\xd4\xa7\xd3\x89\x05Jp\xff,RFw\xd5#\x01!C\x80b\x89\x15\x13\xe8\x0f=\xca\xd5\xbfJ<e\xbb,\xe8\x9a\x9f\xad\xa4\x0b\x95\xee\xf2\xaan\xe08\x11\'\r<}\x93[N\x8e\x92\xae\x80\xee\x17_vC\xb0\xb1\x99\x08\x04\xe4x<)\xf2\xe9\xa8\xc7\xfb\xf0\\\xc7\xe704\x07\xfaq\xb0B\x1f\xc8\x87\x80uXQ\xe9\xcbJ\x15\xd4\x0bU\xdf;\xf3\x8f\xb4\x1e\xff\x8e\x15\xcc\x99U@\xd0\xffz\x86\x1bv\xbd2\xa4+%\xb6l\xb9=\xe1\x04"\xf4\x0f\xf5!\x89\xd6\x89\xf4\xf6\xe0\xf8\xf1\xd0\xd4\xf5]\x9a\x1f\x0cG\x0c\x02\x87;F\xc0U\xd6\x9d=\x05\xab\x83\xe1\xf5+\x8e\xcdv}\xd6\x15\'\x89\xfb\xf9b\x8e\x0f\xff\xd9\xdfX\x0e\x04\xf5\xdb\xbb\xbd\x1e\xaf\x83A\xe2:\x01\xb1\r;\'\xde\x9c\xab\xda\xb7\x03\xb1\xfb\t]\x18i\x14\x92%\xe5\xad\xd1\xef\x1ag>\xc9\x98\xc2\xf8\x81%:9\x0bb\xc9\xd0\xa4f\xbf\x92\'\xc5F\xa8\x0f\xd8o"\xfb1f\n\x17G\x87\xa5P\xe3U\xb2\xdc\x90\xad\xf0k\xceH\xd6\xb8\xdd\xbd\xbb~\xdc\xd7\x1cQ\xa6\xc8\x024\xa06\x9f\xbb\'\x05\x1b\x14\n\xac|\xf2T\x87\xc7\xf9\x8211f\x19A{\xe7;\xdfwS\xac\x13\xcb\xd1\xf8\x01Yq\r\x1f\xa3Q\xb9\xb8\x82\x9c\x0f-KE\x04Q\x8d*7\'{\x16\xde\xd2\xc8\xd5Q\xd5\xf5\xef\x81\xb8\xbd\xf0\xd2\xc8\x13\xa5\x1b\xb5\x96\x8e\xfe\x95Sd\xee\xd8\xaeL\xad\x98\xaeP \x80\xeb\x88\xf4YZ\xa0\x9e\xa3\xa4\xad\x8df\xc0\x19\x9a\x98|b\x874\xf3Y$l;\x12\xfcU\xe8\xbf\xa3\xa6M\x9a\xd2;\xae\x12\xb6\x13\x1b\xfd\x04"ON\x9fd\x1c\xa0\x86u7I\xe6\x19\x18\x9a\x03\x7f\x8c\x9c\xc9q\xd1M\x07\xfdY\xffY\xbe\xbaq\xb7J\xd7>\x87=\xc72\xd9\xaa\xf3\xed#c\xe3\xebV\xb5\x1a7;\tHs\xf9\x13\x80k\x89\x9fX\xa1\x04\x82\x98\xca\x0e\xe3\x02\xd9\xcd\x1d9\x16\x1c\x14\xdeV\xf2\x13\x01\xa1V\x14\x01[:\xc5A\x9e\xc6~DH\xe3\xc9\x10\x11+\rT\x1cS\xdc)Kb\xd5\xfe\x89\x7f\x152Q:\xc2C\xfc@\\\xa9\xf7X\xd4\xe3\xe8\xdd\xd6_\xc3\x18jUj\xf4\x0f\x9e\xcf\xd7\xb8\x10\x1a\xf0\xf0\xc9M\xef\xc87\x15a\x0es\xfd\xfb\x1e\xfb\xe3\xdc\xca\xf2d`\xae\x9a\xd5\x9c\x87\xca\xf8\xb2\xa9\x1c\xda\xc8\rZ\xef\xa2\x7f\xe8vz\xf2\x0ce\x01\xe8\x0b\x87\xddOL\xf0-\x88\xd3f\x9c\r\xdf\xd6\xa70?zR[~I\x00]l]V.\'5_Nk\x87$\xc3\x9e\x8f.\xb7\xdc\xc0x[\xf3\xc4\x1a\xb3t\xf1\xbb\xcc\x8a*\xbf\xb3\xd9[\x11nM~|\xca\xe3`\x00\xa7\x9f\xde\x14\x16\x0ba\xef\x04\xff\xd8M\x82\x87\xe7\x19\xa6k\xb4\xf6Q\xf0\x0e\xe7\x93\x962#\x01\x83\xe7]\xfbu\xbf\xf7 \xday\'\xe4H\xa9\x14P\xce8\xbc\xe4\xfdg\x16\xe7\xa0\xdf;Y!\xfbRM\xa0@/a\xa2\x02\x0f\\#\x9b\x1c\xdbo\xcc\xef v\xfa\xc8\xbb\xdb\xd2u\x9b{\x9a-+\xd4;\x81 \xca\x1d\xf2\xc1\x99\x01\xc0so;tp\xc6\xb4n\xa1\x96\xe1F\xaeb\x9aC\xeb\xb14\x0cP\x1et\xf8\x7f\xfa\x08\xd0i\xaa\xa4\xe6c\x08\x10!\x8b\xc3\xe5\xa2\xfb\x9a\xcb\x80z\xa7hnTs\xe2\x08\xa2\xeele\x1b\x11\xba\xe3\xe7_#\xe3\xa4H\x13\x04V\n\t+\x17cH\x9a\x04\xdd-u\x8c\xebf`3.\x1e:\xf7\x1f\xe83F%\x07\x94)\xa9\xa73\x84\xb3\xb3r\xda\xfe(r\x81\x10\xe6w\xf82\xb6\xb5\x04)[2P\x8cNF\x1c:\x87Z\xd9\xe2>\x8a0:\xc5\x13\xf1\xc3\x8d?\xff\x1fR\xa2\xe8o/\x04\x99\xd4\x85Y\t\x81;ME\x9dc\xee\xf7Z\xf9\xf7\xf6\xcd\xfe7\xd9Y\xed\xca\xb1b&\x13\xd2\x9a~\xdc\x1bH\xa7\xcd(S:\xe4\xdb\xe7h\x13E\xe5Gr\xbe\xaf3^>Nk\xe6\t\xb3\x02W\x9e\xd6\x9ct\xf6\x9a\t\xca-\nyV%\xddzm?z\x7f\xf9\xf5:g\x0b\x86\xd1\xe4R\x1f\xf1\x0f\x1d\xe8\xfc\xba\\B\x01[\x95\x82\xac\xdf\x0c\xc7q\xc2\xf2\x11\xfc\xe5\x9dg\x92\xb3\xbd\xdf\x0e(\\A/?\x9c\xa8Q\xf2Eu\xf51+\xad\x18\xfb\x15wy\xd8\x86,\xdd&\xa0\xa1l\xa6\xa4 \xb3\xda\x1d\x08)\xb2\xcf#U\x0f\x9f\xe5\xd5\xfe\xda\x9a\xcf\xe3\xd5\xcf\xb4\x1aD\xd99\x93\xf9q\xa5\x1duAz\x18\x9f\xcd\x96\xd2p\x92Ml@\x03\xcdL0&#;\x08\xcf]\x01\xe0\x1cm;x\x80\xfcE7\x13\x98\xde\xdb\xf2y\xf6\xbbg\x1d\xfa\xfe\xc1\x87:0a\xd9\xf3\xd18)\x19\x13\x97}\x1aI\x11\xbf\xce\x91Yk\x99v\x8aFM\x95A!\xe7Q\x04\xeb\xc1\xc3qR\xdf\xc9\x05"\xe8\xf8\x86\x84\xda\x1b\xf9ni\xa6\xc4\xdb\x0c\x90\xb46\x91\xa2\x03\x90\xcb\xfa\x812"\xfb{\xbc\xbb\xaf\x9c\xc8\x86a\xa10\xb1\xad\xd7r\r\xa88\x14UH\x05u\x84\xe6\xddn3\xf0\xbe4\x13\xd2\xae\x8e\x16\xe0PT\xccN\x1a\xfe\x8b&W>\xf4\xb2\xfa\x1f\xfdZ}x\x9e\x95\xe7\xc49\xdc\x051\xc3\xdb\x9a>\xe3=\x0b\xfd~\x04\x95\x01$\xfa751\x8bT\xd4\xc5\xd1}VZ{\r4J&Z\xde\x08cD\x86\xaa\x0e\xc5\x12\xfd\xe0\xacq\xda\x8c^C\x93\xc6\xb8\xc5\xa4\xff\xe7=<\x16F\x9c\x159\xc8\xd3"TX%\x91\xb0<\xfc\xc67\xce\xe9\xe2\xdc\xd2\xb9\x99Q\xbd\xc5[\xf8\x9f\x0ek\xcb_vc\x9e\xb4\n!\x94j\xda.DRZ\xe2\xec\xf0IR{\xdfd\xae\xa0v\xc5\xb2\x04\xda\xba^\x17"\xd9\x0b\xd6\xc67D\xa16\x7f\x98f\xdbm\xc8\xe0j\xa2\x93\xbc*`\x907a4\xe7\xc2\x18\xe4\x10J\xb6\xe5\\Xi\xba`xOrMZ;\x03\x0cN\nT{u\xf7\x89/\xbe\xaa}\x817\x061\x04\xc8\x0c\x81\xc7\xb4RY\xce\xff4\x80\x0e\xa5\x9f\xb1\xb6\x1e4\xadz\xcc\xa9\xb2=\'\x140\xbf\xf0\xf5}\x8a\x14\xfa(\xde\xa0\x8e\xe3\t\xa0t\x9e>\x91\xf8m\x81\'\xccZQ=$I\x7ftlD^V:\xab\xdax\xbd\xa3\xd3\xe8\xd2G\x85\x07\xc6=x;xH{/\x11$\xea\xc2\xa8\xd89!\xc4\xaf*S\xa8\xcd\x01\xa7\x06\xeb\xe1\x89\xe5\xccc\xe3#=\x02\xcd@\xba\xca\xa40\x01d#\x88K\xb3tk\xc1\xd6x.c\xa6\x90\xb2\xe2\x89\xdf\x1bA\x89\x8f\xe4d\xd5w\xc9\x1f\x8aWd\xd1\x9f\x81@Uwp\xe5{OZ\x80\xdf\xccc\xa1x\xc6\xa9\x9bEi;\xe1\xe8P\xc1o\x1dLmq\x8dy\xb1\xc8\xae\'\x19\x9az\x0eV\xeaqs\xd4\x7f\x06f\xbfs\xbccO^\xc5\x82\xe9\xb4\x17\xb0\x0b\xe3)\xf6=\xae\xb9\x8aL\xb6VY\t\x06?\xf6\x89f\xe3\x93\xa5\xd7G\x00\x9c\x8e\xed\x16\xbf\x97P\xf9\xff\xfd\xd5\xf6>\x19[\xae\xa6\xed-\x8bT1aw\xb9t\x17\xc2\xb6\xea\xcf\xce\x82c\r\xa3\x052\x04e\xa4t\xd3JLH<\xf4\x87\xda\xb2\xfc\x0f\xd6\xe7k\x8fR\x0b4.\xa3\xe5\x98\xd2P\x0e\x08\x1btu\'\xc4\xce\xfe\x01\xfdQ\xa6yWL\xb1\x02g#\xb6=\xf7\x1d%E\xc7\x91\x8bMPrUj\xff0r7P\x83_I]Z?LB\xbdq\xcb\xe7\x0c\x9a\xf3\x0c\xf5\x8c\x86\xca\xa0O}g\x8bb\xb6\x95\xef\xd9%\x94[\xd5D\x9a\xbd\xb0\x03\xb8\x8bz\x89\x149\x03~\xa0\x7f8\xdd\xef\xdc^\xd6\x1bJM \xd6|\x98)\x91\x0bJ\xf3xG\xe0\x19\xc1!\x08\xfa_\xab*\xa5AaX\xb4\xe8\x9e\xfa\xa1\xc0\xbd\x08\x95\xe8*\xd2\xbd\x04\xc0V)\xce\xa04?^\x13\xadR\xe1\xd1Wi\x08\xcd\xc3\x88\xd6\xbaY\xd52\x184\xe0\x87\xd174\x012Q\x14j\xe2\x01\x14\xce\xcf\x11\xbb\x9f\x0e\x8e\'\xde\x15\x150\x0b;^\xa6\x8cg\xdd8\xe1z\'=\x9a\x9bAW\xbexzv\x0c\x9b\x08v\x9f\xbb\xac/\xc3\xe4\xd4\xdf\xcf\xdca6R\xa6\xba\xf0[\x85\xbc\xd4,\xf2\xd9\x04\xff\xc9\x04\xa9\x9c\x06!\x8a\x90J\xc1o\xd5Q\xe8\x8b1@\xfcI\xf0bp\xc1\xa3\xfe\xd3\xdam\x11v\x81/\x01\xdd\xda\xab\xf1\x83nP\x8a2&\xa1\xdbOA\x9d\x93r\xca\xb2\xdd\x14\x0f2\xe9M\x0e\xfd\xdd]\xfe\xach\x83\x9c\x91w}\xa8\xa7\xe0\x8e2B\xbc*\xa3\xd0\x10\x88\x8cqv][[{\x974\xb3\x83\xe98\xfeo\xf5\xc8h\x94s\xa0\xcaj5\xacz\x18\xaf.\xfb\xb0\xd6\xaf\xb6\xf4\xd0\xe4\xf1\xb7?@\xb8ai;{\xeb9\xa4\x16\xfeA\x9a\xca[(\xe8\xe1\x8f\x01\xa1\x8b\xb2\xae=\xe3|'
tbI624
I0
F0
tb.